[2023-06-21T01:01:11.055+0100] {processor.py:157} INFO - Started process (PID=20561) to work on /home/opeyemi/.local/lib/python3.10/site-packages/airflow/example_dags/plugins/event_listener.py
[2023-06-21T01:01:11.058+0100] {processor.py:826} INFO - Processing file /home/opeyemi/.local/lib/python3.10/site-packages/airflow/example_dags/plugins/event_listener.py for tasks to queue
[2023-06-21T01:01:11.059+0100] {logging_mixin.py:149} INFO - [2023-06-21T01:01:11.059+0100] {dagbag.py:541} INFO - Filling up the DagBag from /home/opeyemi/.local/lib/python3.10/site-packages/airflow/example_dags/plugins/event_listener.py
[2023-06-21T01:01:11.064+0100] {processor.py:838} WARNING - No viable dags retrieved from /home/opeyemi/.local/lib/python3.10/site-packages/airflow/example_dags/plugins/event_listener.py
[2023-06-21T01:01:11.091+0100] {processor.py:179} INFO - Processing /home/opeyemi/.local/lib/python3.10/site-packages/airflow/example_dags/plugins/event_listener.py took 0.044 seconds
[2023-06-21T01:03:40.348+0100] {processor.py:157} INFO - Started process (PID=20642) to work on /home/opeyemi/.local/lib/python3.10/site-packages/airflow/example_dags/plugins/event_listener.py
[2023-06-21T01:03:40.462+0100] {processor.py:826} INFO - Processing file /home/opeyemi/.local/lib/python3.10/site-packages/airflow/example_dags/plugins/event_listener.py for tasks to queue
[2023-06-21T01:03:40.463+0100] {logging_mixin.py:149} INFO - [2023-06-21T01:03:40.463+0100] {dagbag.py:541} INFO - Filling up the DagBag from /home/opeyemi/.local/lib/python3.10/site-packages/airflow/example_dags/plugins/event_listener.py
[2023-06-21T01:03:40.465+0100] {processor.py:838} WARNING - No viable dags retrieved from /home/opeyemi/.local/lib/python3.10/site-packages/airflow/example_dags/plugins/event_listener.py
[2023-06-21T01:03:40.500+0100] {processor.py:179} INFO - Processing /home/opeyemi/.local/lib/python3.10/site-packages/airflow/example_dags/plugins/event_listener.py took 0.156 seconds
[2023-06-21T01:06:09.065+0100] {processor.py:157} INFO - Started process (PID=20713) to work on /home/opeyemi/.local/lib/python3.10/site-packages/airflow/example_dags/plugins/event_listener.py
[2023-06-21T01:06:09.128+0100] {processor.py:826} INFO - Processing file /home/opeyemi/.local/lib/python3.10/site-packages/airflow/example_dags/plugins/event_listener.py for tasks to queue
[2023-06-21T01:06:09.130+0100] {logging_mixin.py:149} INFO - [2023-06-21T01:06:09.130+0100] {dagbag.py:541} INFO - Filling up the DagBag from /home/opeyemi/.local/lib/python3.10/site-packages/airflow/example_dags/plugins/event_listener.py
[2023-06-21T01:06:09.137+0100] {processor.py:838} WARNING - No viable dags retrieved from /home/opeyemi/.local/lib/python3.10/site-packages/airflow/example_dags/plugins/event_listener.py
[2023-06-21T01:06:09.182+0100] {processor.py:179} INFO - Processing /home/opeyemi/.local/lib/python3.10/site-packages/airflow/example_dags/plugins/event_listener.py took 0.149 seconds
[2023-06-21T01:08:25.507+0100] {processor.py:157} INFO - Started process (PID=20798) to work on /home/opeyemi/.local/lib/python3.10/site-packages/airflow/example_dags/plugins/event_listener.py
[2023-06-21T01:08:25.517+0100] {processor.py:826} INFO - Processing file /home/opeyemi/.local/lib/python3.10/site-packages/airflow/example_dags/plugins/event_listener.py for tasks to queue
[2023-06-21T01:08:25.518+0100] {logging_mixin.py:149} INFO - [2023-06-21T01:08:25.518+0100] {dagbag.py:541} INFO - Filling up the DagBag from /home/opeyemi/.local/lib/python3.10/site-packages/airflow/example_dags/plugins/event_listener.py
[2023-06-21T01:08:25.522+0100] {processor.py:838} WARNING - No viable dags retrieved from /home/opeyemi/.local/lib/python3.10/site-packages/airflow/example_dags/plugins/event_listener.py
[2023-06-21T01:08:25.551+0100] {processor.py:179} INFO - Processing /home/opeyemi/.local/lib/python3.10/site-packages/airflow/example_dags/plugins/event_listener.py took 0.051 seconds
[2023-06-21T01:10:16.853+0100] {processor.py:157} INFO - Started process (PID=20865) to work on /home/opeyemi/.local/lib/python3.10/site-packages/airflow/example_dags/plugins/event_listener.py
[2023-06-21T01:10:16.857+0100] {processor.py:826} INFO - Processing file /home/opeyemi/.local/lib/python3.10/site-packages/airflow/example_dags/plugins/event_listener.py for tasks to queue
[2023-06-21T01:10:16.859+0100] {logging_mixin.py:149} INFO - [2023-06-21T01:10:16.858+0100] {dagbag.py:541} INFO - Filling up the DagBag from /home/opeyemi/.local/lib/python3.10/site-packages/airflow/example_dags/plugins/event_listener.py
[2023-06-21T01:10:16.861+0100] {processor.py:838} WARNING - No viable dags retrieved from /home/opeyemi/.local/lib/python3.10/site-packages/airflow/example_dags/plugins/event_listener.py
[2023-06-21T01:10:16.883+0100] {processor.py:179} INFO - Processing /home/opeyemi/.local/lib/python3.10/site-packages/airflow/example_dags/plugins/event_listener.py took 0.035 seconds
[2023-06-21T01:12:40.612+0100] {processor.py:157} INFO - Started process (PID=20952) to work on /home/opeyemi/.local/lib/python3.10/site-packages/airflow/example_dags/plugins/event_listener.py
[2023-06-21T01:12:40.663+0100] {processor.py:826} INFO - Processing file /home/opeyemi/.local/lib/python3.10/site-packages/airflow/example_dags/plugins/event_listener.py for tasks to queue
[2023-06-21T01:12:40.664+0100] {logging_mixin.py:149} INFO - [2023-06-21T01:12:40.663+0100] {dagbag.py:541} INFO - Filling up the DagBag from /home/opeyemi/.local/lib/python3.10/site-packages/airflow/example_dags/plugins/event_listener.py
[2023-06-21T01:12:40.668+0100] {processor.py:838} WARNING - No viable dags retrieved from /home/opeyemi/.local/lib/python3.10/site-packages/airflow/example_dags/plugins/event_listener.py
[2023-06-21T01:12:40.703+0100] {processor.py:179} INFO - Processing /home/opeyemi/.local/lib/python3.10/site-packages/airflow/example_dags/plugins/event_listener.py took 0.107 seconds
[2023-06-21T01:14:40.933+0100] {processor.py:157} INFO - Started process (PID=21020) to work on /home/opeyemi/.local/lib/python3.10/site-packages/airflow/example_dags/plugins/event_listener.py
[2023-06-21T01:14:41.006+0100] {processor.py:826} INFO - Processing file /home/opeyemi/.local/lib/python3.10/site-packages/airflow/example_dags/plugins/event_listener.py for tasks to queue
[2023-06-21T01:14:41.010+0100] {logging_mixin.py:149} INFO - [2023-06-21T01:14:41.010+0100] {dagbag.py:541} INFO - Filling up the DagBag from /home/opeyemi/.local/lib/python3.10/site-packages/airflow/example_dags/plugins/event_listener.py
[2023-06-21T01:14:41.019+0100] {processor.py:838} WARNING - No viable dags retrieved from /home/opeyemi/.local/lib/python3.10/site-packages/airflow/example_dags/plugins/event_listener.py
[2023-06-21T01:14:41.074+0100] {processor.py:179} INFO - Processing /home/opeyemi/.local/lib/python3.10/site-packages/airflow/example_dags/plugins/event_listener.py took 0.154 seconds
[2023-06-21T01:16:36.861+0100] {processor.py:157} INFO - Started process (PID=21065) to work on /home/opeyemi/.local/lib/python3.10/site-packages/airflow/example_dags/plugins/event_listener.py
[2023-06-21T01:16:36.901+0100] {processor.py:826} INFO - Processing file /home/opeyemi/.local/lib/python3.10/site-packages/airflow/example_dags/plugins/event_listener.py for tasks to queue
[2023-06-21T01:16:36.903+0100] {logging_mixin.py:149} INFO - [2023-06-21T01:16:36.903+0100] {dagbag.py:541} INFO - Filling up the DagBag from /home/opeyemi/.local/lib/python3.10/site-packages/airflow/example_dags/plugins/event_listener.py
[2023-06-21T01:16:36.918+0100] {processor.py:838} WARNING - No viable dags retrieved from /home/opeyemi/.local/lib/python3.10/site-packages/airflow/example_dags/plugins/event_listener.py
[2023-06-21T01:16:37.006+0100] {processor.py:179} INFO - Processing /home/opeyemi/.local/lib/python3.10/site-packages/airflow/example_dags/plugins/event_listener.py took 0.160 seconds
[2023-06-21T01:17:52.733+0100] {processor.py:157} INFO - Started process (PID=21124) to work on /home/opeyemi/.local/lib/python3.10/site-packages/airflow/example_dags/plugins/event_listener.py
[2023-06-21T01:17:52.801+0100] {processor.py:826} INFO - Processing file /home/opeyemi/.local/lib/python3.10/site-packages/airflow/example_dags/plugins/event_listener.py for tasks to queue
[2023-06-21T01:17:52.802+0100] {logging_mixin.py:149} INFO - [2023-06-21T01:17:52.802+0100] {dagbag.py:541} INFO - Filling up the DagBag from /home/opeyemi/.local/lib/python3.10/site-packages/airflow/example_dags/plugins/event_listener.py
[2023-06-21T01:17:52.808+0100] {processor.py:838} WARNING - No viable dags retrieved from /home/opeyemi/.local/lib/python3.10/site-packages/airflow/example_dags/plugins/event_listener.py
[2023-06-21T01:17:52.841+0100] {processor.py:179} INFO - Processing /home/opeyemi/.local/lib/python3.10/site-packages/airflow/example_dags/plugins/event_listener.py took 0.115 seconds
[2023-06-21T01:19:10.396+0100] {processor.py:157} INFO - Started process (PID=21183) to work on /home/opeyemi/.local/lib/python3.10/site-packages/airflow/example_dags/plugins/event_listener.py
[2023-06-21T01:19:10.498+0100] {processor.py:826} INFO - Processing file /home/opeyemi/.local/lib/python3.10/site-packages/airflow/example_dags/plugins/event_listener.py for tasks to queue
[2023-06-21T01:19:10.501+0100] {logging_mixin.py:149} INFO - [2023-06-21T01:19:10.501+0100] {dagbag.py:541} INFO - Filling up the DagBag from /home/opeyemi/.local/lib/python3.10/site-packages/airflow/example_dags/plugins/event_listener.py
[2023-06-21T01:19:10.509+0100] {processor.py:838} WARNING - No viable dags retrieved from /home/opeyemi/.local/lib/python3.10/site-packages/airflow/example_dags/plugins/event_listener.py
[2023-06-21T01:19:10.540+0100] {processor.py:179} INFO - Processing /home/opeyemi/.local/lib/python3.10/site-packages/airflow/example_dags/plugins/event_listener.py took 0.161 seconds
[2023-06-21T01:20:38.636+0100] {processor.py:157} INFO - Started process (PID=21241) to work on /home/opeyemi/.local/lib/python3.10/site-packages/airflow/example_dags/plugins/event_listener.py
[2023-06-21T01:20:38.647+0100] {processor.py:826} INFO - Processing file /home/opeyemi/.local/lib/python3.10/site-packages/airflow/example_dags/plugins/event_listener.py for tasks to queue
[2023-06-21T01:20:38.648+0100] {logging_mixin.py:149} INFO - [2023-06-21T01:20:38.648+0100] {dagbag.py:541} INFO - Filling up the DagBag from /home/opeyemi/.local/lib/python3.10/site-packages/airflow/example_dags/plugins/event_listener.py
[2023-06-21T01:20:38.651+0100] {processor.py:838} WARNING - No viable dags retrieved from /home/opeyemi/.local/lib/python3.10/site-packages/airflow/example_dags/plugins/event_listener.py
[2023-06-21T01:20:38.696+0100] {processor.py:179} INFO - Processing /home/opeyemi/.local/lib/python3.10/site-packages/airflow/example_dags/plugins/event_listener.py took 0.064 seconds
[2023-06-21T01:22:17.221+0100] {processor.py:157} INFO - Started process (PID=21284) to work on /home/opeyemi/.local/lib/python3.10/site-packages/airflow/example_dags/plugins/event_listener.py
[2023-06-21T01:22:17.309+0100] {processor.py:826} INFO - Processing file /home/opeyemi/.local/lib/python3.10/site-packages/airflow/example_dags/plugins/event_listener.py for tasks to queue
[2023-06-21T01:22:17.312+0100] {logging_mixin.py:149} INFO - [2023-06-21T01:22:17.311+0100] {dagbag.py:541} INFO - Filling up the DagBag from /home/opeyemi/.local/lib/python3.10/site-packages/airflow/example_dags/plugins/event_listener.py
[2023-06-21T01:22:17.319+0100] {processor.py:838} WARNING - No viable dags retrieved from /home/opeyemi/.local/lib/python3.10/site-packages/airflow/example_dags/plugins/event_listener.py
[2023-06-21T01:22:17.432+0100] {processor.py:179} INFO - Processing /home/opeyemi/.local/lib/python3.10/site-packages/airflow/example_dags/plugins/event_listener.py took 0.225 seconds
[2023-06-21T01:23:53.209+0100] {processor.py:157} INFO - Started process (PID=21347) to work on /home/opeyemi/.local/lib/python3.10/site-packages/airflow/example_dags/plugins/event_listener.py
[2023-06-21T01:23:53.246+0100] {processor.py:826} INFO - Processing file /home/opeyemi/.local/lib/python3.10/site-packages/airflow/example_dags/plugins/event_listener.py for tasks to queue
[2023-06-21T01:23:53.247+0100] {logging_mixin.py:149} INFO - [2023-06-21T01:23:53.247+0100] {dagbag.py:541} INFO - Filling up the DagBag from /home/opeyemi/.local/lib/python3.10/site-packages/airflow/example_dags/plugins/event_listener.py
[2023-06-21T01:23:53.250+0100] {processor.py:838} WARNING - No viable dags retrieved from /home/opeyemi/.local/lib/python3.10/site-packages/airflow/example_dags/plugins/event_listener.py
[2023-06-21T01:23:53.284+0100] {processor.py:179} INFO - Processing /home/opeyemi/.local/lib/python3.10/site-packages/airflow/example_dags/plugins/event_listener.py took 0.079 seconds
[2023-06-21T01:25:04.780+0100] {processor.py:157} INFO - Started process (PID=21583) to work on /home/opeyemi/.local/lib/python3.10/site-packages/airflow/example_dags/plugins/event_listener.py
[2023-06-21T01:25:04.784+0100] {processor.py:826} INFO - Processing file /home/opeyemi/.local/lib/python3.10/site-packages/airflow/example_dags/plugins/event_listener.py for tasks to queue
[2023-06-21T01:25:04.787+0100] {logging_mixin.py:149} INFO - [2023-06-21T01:25:04.786+0100] {dagbag.py:541} INFO - Filling up the DagBag from /home/opeyemi/.local/lib/python3.10/site-packages/airflow/example_dags/plugins/event_listener.py
[2023-06-21T01:25:04.794+0100] {processor.py:838} WARNING - No viable dags retrieved from /home/opeyemi/.local/lib/python3.10/site-packages/airflow/example_dags/plugins/event_listener.py
[2023-06-21T01:25:04.836+0100] {processor.py:179} INFO - Processing /home/opeyemi/.local/lib/python3.10/site-packages/airflow/example_dags/plugins/event_listener.py took 0.073 seconds
[2023-06-21T01:26:17.940+0100] {processor.py:157} INFO - Started process (PID=21681) to work on /home/opeyemi/.local/lib/python3.10/site-packages/airflow/example_dags/plugins/event_listener.py
[2023-06-21T01:26:18.576+0100] {processor.py:826} INFO - Processing file /home/opeyemi/.local/lib/python3.10/site-packages/airflow/example_dags/plugins/event_listener.py for tasks to queue
[2023-06-21T01:26:18.581+0100] {logging_mixin.py:149} INFO - [2023-06-21T01:26:18.580+0100] {dagbag.py:541} INFO - Filling up the DagBag from /home/opeyemi/.local/lib/python3.10/site-packages/airflow/example_dags/plugins/event_listener.py
[2023-06-21T01:26:18.595+0100] {processor.py:838} WARNING - No viable dags retrieved from /home/opeyemi/.local/lib/python3.10/site-packages/airflow/example_dags/plugins/event_listener.py
[2023-06-21T01:26:18.658+0100] {processor.py:179} INFO - Processing /home/opeyemi/.local/lib/python3.10/site-packages/airflow/example_dags/plugins/event_listener.py took 0.725 seconds
[2023-06-21T01:28:15.370+0100] {processor.py:157} INFO - Started process (PID=21795) to work on /home/opeyemi/.local/lib/python3.10/site-packages/airflow/example_dags/plugins/event_listener.py
[2023-06-21T01:28:16.434+0100] {processor.py:826} INFO - Processing file /home/opeyemi/.local/lib/python3.10/site-packages/airflow/example_dags/plugins/event_listener.py for tasks to queue
[2023-06-21T01:28:16.437+0100] {logging_mixin.py:149} INFO - [2023-06-21T01:28:16.436+0100] {dagbag.py:541} INFO - Filling up the DagBag from /home/opeyemi/.local/lib/python3.10/site-packages/airflow/example_dags/plugins/event_listener.py
[2023-06-21T01:28:16.443+0100] {processor.py:838} WARNING - No viable dags retrieved from /home/opeyemi/.local/lib/python3.10/site-packages/airflow/example_dags/plugins/event_listener.py
[2023-06-21T01:28:16.491+0100] {processor.py:179} INFO - Processing /home/opeyemi/.local/lib/python3.10/site-packages/airflow/example_dags/plugins/event_listener.py took 1.134 seconds
[2023-06-21T01:29:25.013+0100] {processor.py:157} INFO - Started process (PID=21853) to work on /home/opeyemi/.local/lib/python3.10/site-packages/airflow/example_dags/plugins/event_listener.py
[2023-06-21T01:29:25.016+0100] {processor.py:826} INFO - Processing file /home/opeyemi/.local/lib/python3.10/site-packages/airflow/example_dags/plugins/event_listener.py for tasks to queue
[2023-06-21T01:29:25.018+0100] {logging_mixin.py:149} INFO - [2023-06-21T01:29:25.018+0100] {dagbag.py:541} INFO - Filling up the DagBag from /home/opeyemi/.local/lib/python3.10/site-packages/airflow/example_dags/plugins/event_listener.py
[2023-06-21T01:29:25.023+0100] {processor.py:838} WARNING - No viable dags retrieved from /home/opeyemi/.local/lib/python3.10/site-packages/airflow/example_dags/plugins/event_listener.py
[2023-06-21T01:29:25.058+0100] {processor.py:179} INFO - Processing /home/opeyemi/.local/lib/python3.10/site-packages/airflow/example_dags/plugins/event_listener.py took 0.054 seconds
[2023-06-21T01:30:20.576+0100] {processor.py:157} INFO - Started process (PID=21904) to work on /home/opeyemi/.local/lib/python3.10/site-packages/airflow/example_dags/plugins/event_listener.py
[2023-06-21T01:30:20.583+0100] {processor.py:826} INFO - Processing file /home/opeyemi/.local/lib/python3.10/site-packages/airflow/example_dags/plugins/event_listener.py for tasks to queue
[2023-06-21T01:30:20.584+0100] {logging_mixin.py:149} INFO - [2023-06-21T01:30:20.584+0100] {dagbag.py:541} INFO - Filling up the DagBag from /home/opeyemi/.local/lib/python3.10/site-packages/airflow/example_dags/plugins/event_listener.py
[2023-06-21T01:30:20.588+0100] {processor.py:838} WARNING - No viable dags retrieved from /home/opeyemi/.local/lib/python3.10/site-packages/airflow/example_dags/plugins/event_listener.py
[2023-06-21T01:30:20.609+0100] {processor.py:179} INFO - Processing /home/opeyemi/.local/lib/python3.10/site-packages/airflow/example_dags/plugins/event_listener.py took 0.039 seconds
[2023-06-21T01:31:21.492+0100] {processor.py:157} INFO - Started process (PID=21951) to work on /home/opeyemi/.local/lib/python3.10/site-packages/airflow/example_dags/plugins/event_listener.py
[2023-06-21T01:31:21.502+0100] {processor.py:826} INFO - Processing file /home/opeyemi/.local/lib/python3.10/site-packages/airflow/example_dags/plugins/event_listener.py for tasks to queue
[2023-06-21T01:31:21.506+0100] {logging_mixin.py:149} INFO - [2023-06-21T01:31:21.505+0100] {dagbag.py:541} INFO - Filling up the DagBag from /home/opeyemi/.local/lib/python3.10/site-packages/airflow/example_dags/plugins/event_listener.py
[2023-06-21T01:31:21.512+0100] {processor.py:838} WARNING - No viable dags retrieved from /home/opeyemi/.local/lib/python3.10/site-packages/airflow/example_dags/plugins/event_listener.py
[2023-06-21T01:31:21.551+0100] {processor.py:179} INFO - Processing /home/opeyemi/.local/lib/python3.10/site-packages/airflow/example_dags/plugins/event_listener.py took 0.071 seconds
[2023-06-21T01:32:22.502+0100] {processor.py:157} INFO - Started process (PID=22005) to work on /home/opeyemi/.local/lib/python3.10/site-packages/airflow/example_dags/plugins/event_listener.py
[2023-06-21T01:32:22.515+0100] {processor.py:826} INFO - Processing file /home/opeyemi/.local/lib/python3.10/site-packages/airflow/example_dags/plugins/event_listener.py for tasks to queue
[2023-06-21T01:32:22.517+0100] {logging_mixin.py:149} INFO - [2023-06-21T01:32:22.517+0100] {dagbag.py:541} INFO - Filling up the DagBag from /home/opeyemi/.local/lib/python3.10/site-packages/airflow/example_dags/plugins/event_listener.py
[2023-06-21T01:32:22.522+0100] {processor.py:838} WARNING - No viable dags retrieved from /home/opeyemi/.local/lib/python3.10/site-packages/airflow/example_dags/plugins/event_listener.py
[2023-06-21T01:32:22.548+0100] {processor.py:179} INFO - Processing /home/opeyemi/.local/lib/python3.10/site-packages/airflow/example_dags/plugins/event_listener.py took 0.056 seconds
[2023-06-21T01:33:19.432+0100] {processor.py:157} INFO - Started process (PID=22064) to work on /home/opeyemi/.local/lib/python3.10/site-packages/airflow/example_dags/plugins/event_listener.py
[2023-06-21T01:33:19.473+0100] {processor.py:826} INFO - Processing file /home/opeyemi/.local/lib/python3.10/site-packages/airflow/example_dags/plugins/event_listener.py for tasks to queue
[2023-06-21T01:33:19.475+0100] {logging_mixin.py:149} INFO - [2023-06-21T01:33:19.475+0100] {dagbag.py:541} INFO - Filling up the DagBag from /home/opeyemi/.local/lib/python3.10/site-packages/airflow/example_dags/plugins/event_listener.py
[2023-06-21T01:33:19.481+0100] {processor.py:838} WARNING - No viable dags retrieved from /home/opeyemi/.local/lib/python3.10/site-packages/airflow/example_dags/plugins/event_listener.py
[2023-06-21T01:33:19.514+0100] {processor.py:179} INFO - Processing /home/opeyemi/.local/lib/python3.10/site-packages/airflow/example_dags/plugins/event_listener.py took 0.088 seconds
[2023-06-21T01:34:12.938+0100] {processor.py:157} INFO - Started process (PID=22260) to work on /home/opeyemi/.local/lib/python3.10/site-packages/airflow/example_dags/plugins/event_listener.py
[2023-06-21T01:34:12.953+0100] {processor.py:826} INFO - Processing file /home/opeyemi/.local/lib/python3.10/site-packages/airflow/example_dags/plugins/event_listener.py for tasks to queue
[2023-06-21T01:34:12.956+0100] {logging_mixin.py:149} INFO - [2023-06-21T01:34:12.955+0100] {dagbag.py:541} INFO - Filling up the DagBag from /home/opeyemi/.local/lib/python3.10/site-packages/airflow/example_dags/plugins/event_listener.py
[2023-06-21T01:34:12.960+0100] {processor.py:838} WARNING - No viable dags retrieved from /home/opeyemi/.local/lib/python3.10/site-packages/airflow/example_dags/plugins/event_listener.py
[2023-06-21T01:34:12.988+0100] {processor.py:179} INFO - Processing /home/opeyemi/.local/lib/python3.10/site-packages/airflow/example_dags/plugins/event_listener.py took 0.060 seconds
[2023-06-21T01:35:06.122+0100] {processor.py:157} INFO - Started process (PID=22450) to work on /home/opeyemi/.local/lib/python3.10/site-packages/airflow/example_dags/plugins/event_listener.py
[2023-06-21T01:35:06.129+0100] {processor.py:826} INFO - Processing file /home/opeyemi/.local/lib/python3.10/site-packages/airflow/example_dags/plugins/event_listener.py for tasks to queue
[2023-06-21T01:35:06.135+0100] {logging_mixin.py:149} INFO - [2023-06-21T01:35:06.134+0100] {dagbag.py:541} INFO - Filling up the DagBag from /home/opeyemi/.local/lib/python3.10/site-packages/airflow/example_dags/plugins/event_listener.py
[2023-06-21T01:35:06.145+0100] {processor.py:838} WARNING - No viable dags retrieved from /home/opeyemi/.local/lib/python3.10/site-packages/airflow/example_dags/plugins/event_listener.py
[2023-06-21T01:35:06.206+0100] {processor.py:179} INFO - Processing /home/opeyemi/.local/lib/python3.10/site-packages/airflow/example_dags/plugins/event_listener.py took 0.097 seconds
[2023-06-21T01:36:00.345+0100] {processor.py:157} INFO - Started process (PID=22677) to work on /home/opeyemi/.local/lib/python3.10/site-packages/airflow/example_dags/plugins/event_listener.py
[2023-06-21T01:36:00.349+0100] {processor.py:826} INFO - Processing file /home/opeyemi/.local/lib/python3.10/site-packages/airflow/example_dags/plugins/event_listener.py for tasks to queue
[2023-06-21T01:36:00.351+0100] {logging_mixin.py:149} INFO - [2023-06-21T01:36:00.351+0100] {dagbag.py:541} INFO - Filling up the DagBag from /home/opeyemi/.local/lib/python3.10/site-packages/airflow/example_dags/plugins/event_listener.py
[2023-06-21T01:36:00.357+0100] {processor.py:838} WARNING - No viable dags retrieved from /home/opeyemi/.local/lib/python3.10/site-packages/airflow/example_dags/plugins/event_listener.py
[2023-06-21T01:36:00.391+0100] {processor.py:179} INFO - Processing /home/opeyemi/.local/lib/python3.10/site-packages/airflow/example_dags/plugins/event_listener.py took 0.057 seconds
[2023-06-21T01:36:54.759+0100] {processor.py:157} INFO - Started process (PID=22771) to work on /home/opeyemi/.local/lib/python3.10/site-packages/airflow/example_dags/plugins/event_listener.py
[2023-06-21T01:36:54.762+0100] {processor.py:826} INFO - Processing file /home/opeyemi/.local/lib/python3.10/site-packages/airflow/example_dags/plugins/event_listener.py for tasks to queue
[2023-06-21T01:36:54.764+0100] {logging_mixin.py:149} INFO - [2023-06-21T01:36:54.764+0100] {dagbag.py:541} INFO - Filling up the DagBag from /home/opeyemi/.local/lib/python3.10/site-packages/airflow/example_dags/plugins/event_listener.py
[2023-06-21T01:36:54.770+0100] {processor.py:838} WARNING - No viable dags retrieved from /home/opeyemi/.local/lib/python3.10/site-packages/airflow/example_dags/plugins/event_listener.py
[2023-06-21T01:36:54.805+0100] {processor.py:179} INFO - Processing /home/opeyemi/.local/lib/python3.10/site-packages/airflow/example_dags/plugins/event_listener.py took 0.057 seconds
[2023-06-21T01:37:52.279+0100] {processor.py:157} INFO - Started process (PID=23082) to work on /home/opeyemi/.local/lib/python3.10/site-packages/airflow/example_dags/plugins/event_listener.py
[2023-06-21T01:37:52.285+0100] {processor.py:826} INFO - Processing file /home/opeyemi/.local/lib/python3.10/site-packages/airflow/example_dags/plugins/event_listener.py for tasks to queue
[2023-06-21T01:37:52.287+0100] {logging_mixin.py:149} INFO - [2023-06-21T01:37:52.286+0100] {dagbag.py:541} INFO - Filling up the DagBag from /home/opeyemi/.local/lib/python3.10/site-packages/airflow/example_dags/plugins/event_listener.py
[2023-06-21T01:37:52.301+0100] {processor.py:838} WARNING - No viable dags retrieved from /home/opeyemi/.local/lib/python3.10/site-packages/airflow/example_dags/plugins/event_listener.py
[2023-06-21T01:37:52.339+0100] {processor.py:179} INFO - Processing /home/opeyemi/.local/lib/python3.10/site-packages/airflow/example_dags/plugins/event_listener.py took 0.074 seconds
[2023-06-21T01:38:48.495+0100] {processor.py:157} INFO - Started process (PID=23278) to work on /home/opeyemi/.local/lib/python3.10/site-packages/airflow/example_dags/plugins/event_listener.py
[2023-06-21T01:38:48.500+0100] {processor.py:826} INFO - Processing file /home/opeyemi/.local/lib/python3.10/site-packages/airflow/example_dags/plugins/event_listener.py for tasks to queue
[2023-06-21T01:38:48.503+0100] {logging_mixin.py:149} INFO - [2023-06-21T01:38:48.502+0100] {dagbag.py:541} INFO - Filling up the DagBag from /home/opeyemi/.local/lib/python3.10/site-packages/airflow/example_dags/plugins/event_listener.py
[2023-06-21T01:38:48.510+0100] {processor.py:838} WARNING - No viable dags retrieved from /home/opeyemi/.local/lib/python3.10/site-packages/airflow/example_dags/plugins/event_listener.py
[2023-06-21T01:38:48.551+0100] {processor.py:179} INFO - Processing /home/opeyemi/.local/lib/python3.10/site-packages/airflow/example_dags/plugins/event_listener.py took 0.071 seconds
[2023-06-21T01:39:42.995+0100] {processor.py:157} INFO - Started process (PID=23325) to work on /home/opeyemi/.local/lib/python3.10/site-packages/airflow/example_dags/plugins/event_listener.py
[2023-06-21T01:39:42.998+0100] {processor.py:826} INFO - Processing file /home/opeyemi/.local/lib/python3.10/site-packages/airflow/example_dags/plugins/event_listener.py for tasks to queue
[2023-06-21T01:39:43.000+0100] {logging_mixin.py:149} INFO - [2023-06-21T01:39:43.000+0100] {dagbag.py:541} INFO - Filling up the DagBag from /home/opeyemi/.local/lib/python3.10/site-packages/airflow/example_dags/plugins/event_listener.py
[2023-06-21T01:39:43.004+0100] {processor.py:838} WARNING - No viable dags retrieved from /home/opeyemi/.local/lib/python3.10/site-packages/airflow/example_dags/plugins/event_listener.py
[2023-06-21T01:39:43.030+0100] {processor.py:179} INFO - Processing /home/opeyemi/.local/lib/python3.10/site-packages/airflow/example_dags/plugins/event_listener.py took 0.045 seconds
[2023-06-21T01:40:36.465+0100] {processor.py:157} INFO - Started process (PID=23386) to work on /home/opeyemi/.local/lib/python3.10/site-packages/airflow/example_dags/plugins/event_listener.py
[2023-06-21T01:40:36.469+0100] {processor.py:826} INFO - Processing file /home/opeyemi/.local/lib/python3.10/site-packages/airflow/example_dags/plugins/event_listener.py for tasks to queue
[2023-06-21T01:40:36.470+0100] {logging_mixin.py:149} INFO - [2023-06-21T01:40:36.470+0100] {dagbag.py:541} INFO - Filling up the DagBag from /home/opeyemi/.local/lib/python3.10/site-packages/airflow/example_dags/plugins/event_listener.py
[2023-06-21T01:40:36.475+0100] {processor.py:838} WARNING - No viable dags retrieved from /home/opeyemi/.local/lib/python3.10/site-packages/airflow/example_dags/plugins/event_listener.py
[2023-06-21T01:40:36.500+0100] {processor.py:179} INFO - Processing /home/opeyemi/.local/lib/python3.10/site-packages/airflow/example_dags/plugins/event_listener.py took 0.041 seconds
