[2023-06-21T01:00:24.538+0100] {processor.py:157} INFO - Started process (PID=20535) to work on /home/opeyemi/.local/lib/python3.10/site-packages/airflow/example_dags/plugins/listener_plugin.py
[2023-06-21T01:00:24.539+0100] {processor.py:826} INFO - Processing file /home/opeyemi/.local/lib/python3.10/site-packages/airflow/example_dags/plugins/listener_plugin.py for tasks to queue
[2023-06-21T01:00:24.541+0100] {logging_mixin.py:149} INFO - [2023-06-21T01:00:24.540+0100] {dagbag.py:541} INFO - Filling up the DagBag from /home/opeyemi/.local/lib/python3.10/site-packages/airflow/example_dags/plugins/listener_plugin.py
[2023-06-21T01:00:24.549+0100] {processor.py:838} WARNING - No viable dags retrieved from /home/opeyemi/.local/lib/python3.10/site-packages/airflow/example_dags/plugins/listener_plugin.py
[2023-06-21T01:00:24.569+0100] {processor.py:179} INFO - Processing /home/opeyemi/.local/lib/python3.10/site-packages/airflow/example_dags/plugins/listener_plugin.py took 0.035 seconds
[2023-06-21T01:01:32.166+0100] {processor.py:157} INFO - Started process (PID=20574) to work on /home/opeyemi/.local/lib/python3.10/site-packages/airflow/example_dags/plugins/listener_plugin.py
[2023-06-21T01:01:32.216+0100] {processor.py:826} INFO - Processing file /home/opeyemi/.local/lib/python3.10/site-packages/airflow/example_dags/plugins/listener_plugin.py for tasks to queue
[2023-06-21T01:01:32.218+0100] {logging_mixin.py:149} INFO - [2023-06-21T01:01:32.217+0100] {dagbag.py:541} INFO - Filling up the DagBag from /home/opeyemi/.local/lib/python3.10/site-packages/airflow/example_dags/plugins/listener_plugin.py
[2023-06-21T01:01:32.224+0100] {processor.py:838} WARNING - No viable dags retrieved from /home/opeyemi/.local/lib/python3.10/site-packages/airflow/example_dags/plugins/listener_plugin.py
[2023-06-21T01:01:32.262+0100] {processor.py:179} INFO - Processing /home/opeyemi/.local/lib/python3.10/site-packages/airflow/example_dags/plugins/listener_plugin.py took 0.107 seconds
[2023-06-21T01:02:41.602+0100] {processor.py:157} INFO - Started process (PID=20613) to work on /home/opeyemi/.local/lib/python3.10/site-packages/airflow/example_dags/plugins/listener_plugin.py
[2023-06-21T01:02:41.710+0100] {processor.py:826} INFO - Processing file /home/opeyemi/.local/lib/python3.10/site-packages/airflow/example_dags/plugins/listener_plugin.py for tasks to queue
[2023-06-21T01:02:41.713+0100] {logging_mixin.py:149} INFO - [2023-06-21T01:02:41.712+0100] {dagbag.py:541} INFO - Filling up the DagBag from /home/opeyemi/.local/lib/python3.10/site-packages/airflow/example_dags/plugins/listener_plugin.py
[2023-06-21T01:02:41.725+0100] {processor.py:838} WARNING - No viable dags retrieved from /home/opeyemi/.local/lib/python3.10/site-packages/airflow/example_dags/plugins/listener_plugin.py
[2023-06-21T01:02:41.790+0100] {processor.py:179} INFO - Processing /home/opeyemi/.local/lib/python3.10/site-packages/airflow/example_dags/plugins/listener_plugin.py took 0.222 seconds
[2023-06-21T01:03:56.928+0100] {processor.py:157} INFO - Started process (PID=20655) to work on /home/opeyemi/.local/lib/python3.10/site-packages/airflow/example_dags/plugins/listener_plugin.py
[2023-06-21T01:03:56.998+0100] {processor.py:826} INFO - Processing file /home/opeyemi/.local/lib/python3.10/site-packages/airflow/example_dags/plugins/listener_plugin.py for tasks to queue
[2023-06-21T01:03:57.000+0100] {logging_mixin.py:149} INFO - [2023-06-21T01:03:56.999+0100] {dagbag.py:541} INFO - Filling up the DagBag from /home/opeyemi/.local/lib/python3.10/site-packages/airflow/example_dags/plugins/listener_plugin.py
[2023-06-21T01:03:57.003+0100] {processor.py:838} WARNING - No viable dags retrieved from /home/opeyemi/.local/lib/python3.10/site-packages/airflow/example_dags/plugins/listener_plugin.py
[2023-06-21T01:03:57.037+0100] {processor.py:179} INFO - Processing /home/opeyemi/.local/lib/python3.10/site-packages/airflow/example_dags/plugins/listener_plugin.py took 0.114 seconds
[2023-06-21T01:05:24.828+0100] {processor.py:157} INFO - Started process (PID=20691) to work on /home/opeyemi/.local/lib/python3.10/site-packages/airflow/example_dags/plugins/listener_plugin.py
[2023-06-21T01:05:24.833+0100] {processor.py:826} INFO - Processing file /home/opeyemi/.local/lib/python3.10/site-packages/airflow/example_dags/plugins/listener_plugin.py for tasks to queue
[2023-06-21T01:05:24.836+0100] {logging_mixin.py:149} INFO - [2023-06-21T01:05:24.835+0100] {dagbag.py:541} INFO - Filling up the DagBag from /home/opeyemi/.local/lib/python3.10/site-packages/airflow/example_dags/plugins/listener_plugin.py
[2023-06-21T01:05:24.844+0100] {processor.py:838} WARNING - No viable dags retrieved from /home/opeyemi/.local/lib/python3.10/site-packages/airflow/example_dags/plugins/listener_plugin.py
[2023-06-21T01:05:24.889+0100] {processor.py:179} INFO - Processing /home/opeyemi/.local/lib/python3.10/site-packages/airflow/example_dags/plugins/listener_plugin.py took 0.070 seconds
[2023-06-21T01:06:26.018+0100] {processor.py:157} INFO - Started process (PID=20726) to work on /home/opeyemi/.local/lib/python3.10/site-packages/airflow/example_dags/plugins/listener_plugin.py
[2023-06-21T01:06:26.091+0100] {processor.py:826} INFO - Processing file /home/opeyemi/.local/lib/python3.10/site-packages/airflow/example_dags/plugins/listener_plugin.py for tasks to queue
[2023-06-21T01:06:26.094+0100] {logging_mixin.py:149} INFO - [2023-06-21T01:06:26.094+0100] {dagbag.py:541} INFO - Filling up the DagBag from /home/opeyemi/.local/lib/python3.10/site-packages/airflow/example_dags/plugins/listener_plugin.py
[2023-06-21T01:06:26.117+0100] {processor.py:838} WARNING - No viable dags retrieved from /home/opeyemi/.local/lib/python3.10/site-packages/airflow/example_dags/plugins/listener_plugin.py
[2023-06-21T01:06:26.186+0100] {processor.py:179} INFO - Processing /home/opeyemi/.local/lib/python3.10/site-packages/airflow/example_dags/plugins/listener_plugin.py took 0.197 seconds
[2023-06-21T01:07:40.872+0100] {processor.py:157} INFO - Started process (PID=20759) to work on /home/opeyemi/.local/lib/python3.10/site-packages/airflow/example_dags/plugins/listener_plugin.py
[2023-06-21T01:07:41.774+0100] {processor.py:826} INFO - Processing file /home/opeyemi/.local/lib/python3.10/site-packages/airflow/example_dags/plugins/listener_plugin.py for tasks to queue
[2023-06-21T01:07:41.777+0100] {logging_mixin.py:149} INFO - [2023-06-21T01:07:41.776+0100] {dagbag.py:541} INFO - Filling up the DagBag from /home/opeyemi/.local/lib/python3.10/site-packages/airflow/example_dags/plugins/listener_plugin.py
[2023-06-21T01:07:41.785+0100] {processor.py:838} WARNING - No viable dags retrieved from /home/opeyemi/.local/lib/python3.10/site-packages/airflow/example_dags/plugins/listener_plugin.py
[2023-06-21T01:07:41.821+0100] {processor.py:179} INFO - Processing /home/opeyemi/.local/lib/python3.10/site-packages/airflow/example_dags/plugins/listener_plugin.py took 0.956 seconds
[2023-06-21T01:08:39.427+0100] {processor.py:157} INFO - Started process (PID=20811) to work on /home/opeyemi/.local/lib/python3.10/site-packages/airflow/example_dags/plugins/listener_plugin.py
[2023-06-21T01:08:39.529+0100] {processor.py:826} INFO - Processing file /home/opeyemi/.local/lib/python3.10/site-packages/airflow/example_dags/plugins/listener_plugin.py for tasks to queue
[2023-06-21T01:08:39.531+0100] {logging_mixin.py:149} INFO - [2023-06-21T01:08:39.530+0100] {dagbag.py:541} INFO - Filling up the DagBag from /home/opeyemi/.local/lib/python3.10/site-packages/airflow/example_dags/plugins/listener_plugin.py
[2023-06-21T01:08:39.536+0100] {processor.py:838} WARNING - No viable dags retrieved from /home/opeyemi/.local/lib/python3.10/site-packages/airflow/example_dags/plugins/listener_plugin.py
[2023-06-21T01:08:39.571+0100] {processor.py:179} INFO - Processing /home/opeyemi/.local/lib/python3.10/site-packages/airflow/example_dags/plugins/listener_plugin.py took 0.154 seconds
[2023-06-21T01:09:37.300+0100] {processor.py:157} INFO - Started process (PID=20838) to work on /home/opeyemi/.local/lib/python3.10/site-packages/airflow/example_dags/plugins/listener_plugin.py
[2023-06-21T01:09:37.309+0100] {processor.py:826} INFO - Processing file /home/opeyemi/.local/lib/python3.10/site-packages/airflow/example_dags/plugins/listener_plugin.py for tasks to queue
[2023-06-21T01:09:37.310+0100] {logging_mixin.py:149} INFO - [2023-06-21T01:09:37.310+0100] {dagbag.py:541} INFO - Filling up the DagBag from /home/opeyemi/.local/lib/python3.10/site-packages/airflow/example_dags/plugins/listener_plugin.py
[2023-06-21T01:09:37.313+0100] {processor.py:838} WARNING - No viable dags retrieved from /home/opeyemi/.local/lib/python3.10/site-packages/airflow/example_dags/plugins/listener_plugin.py
[2023-06-21T01:09:37.338+0100] {processor.py:179} INFO - Processing /home/opeyemi/.local/lib/python3.10/site-packages/airflow/example_dags/plugins/listener_plugin.py took 0.042 seconds
[2023-06-21T01:10:29.646+0100] {processor.py:157} INFO - Started process (PID=20878) to work on /home/opeyemi/.local/lib/python3.10/site-packages/airflow/example_dags/plugins/listener_plugin.py
[2023-06-21T01:10:29.734+0100] {processor.py:826} INFO - Processing file /home/opeyemi/.local/lib/python3.10/site-packages/airflow/example_dags/plugins/listener_plugin.py for tasks to queue
[2023-06-21T01:10:29.735+0100] {logging_mixin.py:149} INFO - [2023-06-21T01:10:29.735+0100] {dagbag.py:541} INFO - Filling up the DagBag from /home/opeyemi/.local/lib/python3.10/site-packages/airflow/example_dags/plugins/listener_plugin.py
[2023-06-21T01:10:29.739+0100] {processor.py:838} WARNING - No viable dags retrieved from /home/opeyemi/.local/lib/python3.10/site-packages/airflow/example_dags/plugins/listener_plugin.py
[2023-06-21T01:10:29.761+0100] {processor.py:179} INFO - Processing /home/opeyemi/.local/lib/python3.10/site-packages/airflow/example_dags/plugins/listener_plugin.py took 0.130 seconds
[2023-06-21T01:11:32.924+0100] {processor.py:157} INFO - Started process (PID=20905) to work on /home/opeyemi/.local/lib/python3.10/site-packages/airflow/example_dags/plugins/listener_plugin.py
[2023-06-21T01:11:33.018+0100] {processor.py:826} INFO - Processing file /home/opeyemi/.local/lib/python3.10/site-packages/airflow/example_dags/plugins/listener_plugin.py for tasks to queue
[2023-06-21T01:11:33.020+0100] {logging_mixin.py:149} INFO - [2023-06-21T01:11:33.020+0100] {dagbag.py:541} INFO - Filling up the DagBag from /home/opeyemi/.local/lib/python3.10/site-packages/airflow/example_dags/plugins/listener_plugin.py
[2023-06-21T01:11:33.027+0100] {processor.py:838} WARNING - No viable dags retrieved from /home/opeyemi/.local/lib/python3.10/site-packages/airflow/example_dags/plugins/listener_plugin.py
[2023-06-21T01:11:33.059+0100] {processor.py:179} INFO - Processing /home/opeyemi/.local/lib/python3.10/site-packages/airflow/example_dags/plugins/listener_plugin.py took 0.139 seconds
[2023-06-21T01:12:56.667+0100] {processor.py:157} INFO - Started process (PID=20965) to work on /home/opeyemi/.local/lib/python3.10/site-packages/airflow/example_dags/plugins/listener_plugin.py
[2023-06-21T01:12:56.741+0100] {processor.py:826} INFO - Processing file /home/opeyemi/.local/lib/python3.10/site-packages/airflow/example_dags/plugins/listener_plugin.py for tasks to queue
[2023-06-21T01:12:56.745+0100] {logging_mixin.py:149} INFO - [2023-06-21T01:12:56.744+0100] {dagbag.py:541} INFO - Filling up the DagBag from /home/opeyemi/.local/lib/python3.10/site-packages/airflow/example_dags/plugins/listener_plugin.py
[2023-06-21T01:12:56.757+0100] {processor.py:838} WARNING - No viable dags retrieved from /home/opeyemi/.local/lib/python3.10/site-packages/airflow/example_dags/plugins/listener_plugin.py
[2023-06-21T01:12:56.809+0100] {processor.py:179} INFO - Processing /home/opeyemi/.local/lib/python3.10/site-packages/airflow/example_dags/plugins/listener_plugin.py took 0.164 seconds
[2023-06-21T01:14:17.209+0100] {processor.py:157} INFO - Started process (PID=21002) to work on /home/opeyemi/.local/lib/python3.10/site-packages/airflow/example_dags/plugins/listener_plugin.py
[2023-06-21T01:14:17.289+0100] {processor.py:826} INFO - Processing file /home/opeyemi/.local/lib/python3.10/site-packages/airflow/example_dags/plugins/listener_plugin.py for tasks to queue
[2023-06-21T01:14:17.290+0100] {logging_mixin.py:149} INFO - [2023-06-21T01:14:17.290+0100] {dagbag.py:541} INFO - Filling up the DagBag from /home/opeyemi/.local/lib/python3.10/site-packages/airflow/example_dags/plugins/listener_plugin.py
[2023-06-21T01:14:17.294+0100] {processor.py:838} WARNING - No viable dags retrieved from /home/opeyemi/.local/lib/python3.10/site-packages/airflow/example_dags/plugins/listener_plugin.py
[2023-06-21T01:14:17.337+0100] {processor.py:179} INFO - Processing /home/opeyemi/.local/lib/python3.10/site-packages/airflow/example_dags/plugins/listener_plugin.py took 0.133 seconds
[2023-06-21T01:15:16.806+0100] {processor.py:157} INFO - Started process (PID=21033) to work on /home/opeyemi/.local/lib/python3.10/site-packages/airflow/example_dags/plugins/listener_plugin.py
[2023-06-21T01:15:16.808+0100] {processor.py:826} INFO - Processing file /home/opeyemi/.local/lib/python3.10/site-packages/airflow/example_dags/plugins/listener_plugin.py for tasks to queue
[2023-06-21T01:15:16.810+0100] {logging_mixin.py:149} INFO - [2023-06-21T01:15:16.809+0100] {dagbag.py:541} INFO - Filling up the DagBag from /home/opeyemi/.local/lib/python3.10/site-packages/airflow/example_dags/plugins/listener_plugin.py
[2023-06-21T01:15:16.814+0100] {processor.py:838} WARNING - No viable dags retrieved from /home/opeyemi/.local/lib/python3.10/site-packages/airflow/example_dags/plugins/listener_plugin.py
[2023-06-21T01:15:16.830+0100] {processor.py:179} INFO - Processing /home/opeyemi/.local/lib/python3.10/site-packages/airflow/example_dags/plugins/listener_plugin.py took 0.032 seconds
[2023-06-21T01:16:49.474+0100] {processor.py:157} INFO - Started process (PID=21076) to work on /home/opeyemi/.local/lib/python3.10/site-packages/airflow/example_dags/plugins/listener_plugin.py
[2023-06-21T01:16:49.552+0100] {processor.py:826} INFO - Processing file /home/opeyemi/.local/lib/python3.10/site-packages/airflow/example_dags/plugins/listener_plugin.py for tasks to queue
[2023-06-21T01:16:49.554+0100] {logging_mixin.py:149} INFO - [2023-06-21T01:16:49.554+0100] {dagbag.py:541} INFO - Filling up the DagBag from /home/opeyemi/.local/lib/python3.10/site-packages/airflow/example_dags/plugins/listener_plugin.py
[2023-06-21T01:16:49.561+0100] {processor.py:838} WARNING - No viable dags retrieved from /home/opeyemi/.local/lib/python3.10/site-packages/airflow/example_dags/plugins/listener_plugin.py
[2023-06-21T01:16:49.601+0100] {processor.py:179} INFO - Processing /home/opeyemi/.local/lib/python3.10/site-packages/airflow/example_dags/plugins/listener_plugin.py took 0.144 seconds
[2023-06-21T01:17:28.918+0100] {processor.py:157} INFO - Started process (PID=21107) to work on /home/opeyemi/.local/lib/python3.10/site-packages/airflow/example_dags/plugins/listener_plugin.py
[2023-06-21T01:17:28.931+0100] {processor.py:826} INFO - Processing file /home/opeyemi/.local/lib/python3.10/site-packages/airflow/example_dags/plugins/listener_plugin.py for tasks to queue
[2023-06-21T01:17:28.933+0100] {logging_mixin.py:149} INFO - [2023-06-21T01:17:28.933+0100] {dagbag.py:541} INFO - Filling up the DagBag from /home/opeyemi/.local/lib/python3.10/site-packages/airflow/example_dags/plugins/listener_plugin.py
[2023-06-21T01:17:28.942+0100] {processor.py:838} WARNING - No viable dags retrieved from /home/opeyemi/.local/lib/python3.10/site-packages/airflow/example_dags/plugins/listener_plugin.py
[2023-06-21T01:17:28.979+0100] {processor.py:179} INFO - Processing /home/opeyemi/.local/lib/python3.10/site-packages/airflow/example_dags/plugins/listener_plugin.py took 0.070 seconds
[2023-06-21T01:18:05.387+0100] {processor.py:157} INFO - Started process (PID=21135) to work on /home/opeyemi/.local/lib/python3.10/site-packages/airflow/example_dags/plugins/listener_plugin.py
[2023-06-21T01:18:05.476+0100] {processor.py:826} INFO - Processing file /home/opeyemi/.local/lib/python3.10/site-packages/airflow/example_dags/plugins/listener_plugin.py for tasks to queue
[2023-06-21T01:18:05.477+0100] {logging_mixin.py:149} INFO - [2023-06-21T01:18:05.477+0100] {dagbag.py:541} INFO - Filling up the DagBag from /home/opeyemi/.local/lib/python3.10/site-packages/airflow/example_dags/plugins/listener_plugin.py
[2023-06-21T01:18:05.487+0100] {processor.py:838} WARNING - No viable dags retrieved from /home/opeyemi/.local/lib/python3.10/site-packages/airflow/example_dags/plugins/listener_plugin.py
[2023-06-21T01:18:05.511+0100] {processor.py:179} INFO - Processing /home/opeyemi/.local/lib/python3.10/site-packages/airflow/example_dags/plugins/listener_plugin.py took 0.129 seconds
[2023-06-21T01:18:44.232+0100] {processor.py:157} INFO - Started process (PID=21164) to work on /home/opeyemi/.local/lib/python3.10/site-packages/airflow/example_dags/plugins/listener_plugin.py
[2023-06-21T01:18:44.251+0100] {processor.py:826} INFO - Processing file /home/opeyemi/.local/lib/python3.10/site-packages/airflow/example_dags/plugins/listener_plugin.py for tasks to queue
[2023-06-21T01:18:44.252+0100] {logging_mixin.py:149} INFO - [2023-06-21T01:18:44.252+0100] {dagbag.py:541} INFO - Filling up the DagBag from /home/opeyemi/.local/lib/python3.10/site-packages/airflow/example_dags/plugins/listener_plugin.py
[2023-06-21T01:18:44.256+0100] {processor.py:838} WARNING - No viable dags retrieved from /home/opeyemi/.local/lib/python3.10/site-packages/airflow/example_dags/plugins/listener_plugin.py
[2023-06-21T01:18:44.308+0100] {processor.py:179} INFO - Processing /home/opeyemi/.local/lib/python3.10/site-packages/airflow/example_dags/plugins/listener_plugin.py took 0.088 seconds
[2023-06-21T01:19:23.024+0100] {processor.py:157} INFO - Started process (PID=21194) to work on /home/opeyemi/.local/lib/python3.10/site-packages/airflow/example_dags/plugins/listener_plugin.py
[2023-06-21T01:19:23.034+0100] {processor.py:826} INFO - Processing file /home/opeyemi/.local/lib/python3.10/site-packages/airflow/example_dags/plugins/listener_plugin.py for tasks to queue
[2023-06-21T01:19:23.036+0100] {logging_mixin.py:149} INFO - [2023-06-21T01:19:23.036+0100] {dagbag.py:541} INFO - Filling up the DagBag from /home/opeyemi/.local/lib/python3.10/site-packages/airflow/example_dags/plugins/listener_plugin.py
[2023-06-21T01:19:23.039+0100] {processor.py:838} WARNING - No viable dags retrieved from /home/opeyemi/.local/lib/python3.10/site-packages/airflow/example_dags/plugins/listener_plugin.py
[2023-06-21T01:19:23.056+0100] {processor.py:179} INFO - Processing /home/opeyemi/.local/lib/python3.10/site-packages/airflow/example_dags/plugins/listener_plugin.py took 0.041 seconds
[2023-06-21T01:19:59.574+0100] {processor.py:157} INFO - Started process (PID=21223) to work on /home/opeyemi/.local/lib/python3.10/site-packages/airflow/example_dags/plugins/listener_plugin.py
[2023-06-21T01:19:59.623+0100] {processor.py:826} INFO - Processing file /home/opeyemi/.local/lib/python3.10/site-packages/airflow/example_dags/plugins/listener_plugin.py for tasks to queue
[2023-06-21T01:19:59.625+0100] {logging_mixin.py:149} INFO - [2023-06-21T01:19:59.624+0100] {dagbag.py:541} INFO - Filling up the DagBag from /home/opeyemi/.local/lib/python3.10/site-packages/airflow/example_dags/plugins/listener_plugin.py
[2023-06-21T01:19:59.630+0100] {processor.py:838} WARNING - No viable dags retrieved from /home/opeyemi/.local/lib/python3.10/site-packages/airflow/example_dags/plugins/listener_plugin.py
[2023-06-21T01:19:59.653+0100] {processor.py:179} INFO - Processing /home/opeyemi/.local/lib/python3.10/site-packages/airflow/example_dags/plugins/listener_plugin.py took 0.097 seconds
[2023-06-21T01:21:14.184+0100] {processor.py:157} INFO - Started process (PID=21252) to work on /home/opeyemi/.local/lib/python3.10/site-packages/airflow/example_dags/plugins/listener_plugin.py
[2023-06-21T01:21:14.286+0100] {processor.py:826} INFO - Processing file /home/opeyemi/.local/lib/python3.10/site-packages/airflow/example_dags/plugins/listener_plugin.py for tasks to queue
[2023-06-21T01:21:14.289+0100] {logging_mixin.py:149} INFO - [2023-06-21T01:21:14.288+0100] {dagbag.py:541} INFO - Filling up the DagBag from /home/opeyemi/.local/lib/python3.10/site-packages/airflow/example_dags/plugins/listener_plugin.py
[2023-06-21T01:21:14.310+0100] {processor.py:838} WARNING - No viable dags retrieved from /home/opeyemi/.local/lib/python3.10/site-packages/airflow/example_dags/plugins/listener_plugin.py
[2023-06-21T01:21:14.410+0100] {processor.py:179} INFO - Processing /home/opeyemi/.local/lib/python3.10/site-packages/airflow/example_dags/plugins/listener_plugin.py took 0.234 seconds
[2023-06-21T01:22:32.663+0100] {processor.py:157} INFO - Started process (PID=21297) to work on /home/opeyemi/.local/lib/python3.10/site-packages/airflow/example_dags/plugins/listener_plugin.py
[2023-06-21T01:22:32.698+0100] {processor.py:826} INFO - Processing file /home/opeyemi/.local/lib/python3.10/site-packages/airflow/example_dags/plugins/listener_plugin.py for tasks to queue
[2023-06-21T01:22:32.698+0100] {logging_mixin.py:149} INFO - [2023-06-21T01:22:32.698+0100] {dagbag.py:541} INFO - Filling up the DagBag from /home/opeyemi/.local/lib/python3.10/site-packages/airflow/example_dags/plugins/listener_plugin.py
[2023-06-21T01:22:32.701+0100] {processor.py:838} WARNING - No viable dags retrieved from /home/opeyemi/.local/lib/python3.10/site-packages/airflow/example_dags/plugins/listener_plugin.py
[2023-06-21T01:22:32.715+0100] {processor.py:179} INFO - Processing /home/opeyemi/.local/lib/python3.10/site-packages/airflow/example_dags/plugins/listener_plugin.py took 0.058 seconds
[2023-06-21T01:23:16.278+0100] {processor.py:157} INFO - Started process (PID=21331) to work on /home/opeyemi/.local/lib/python3.10/site-packages/airflow/example_dags/plugins/listener_plugin.py
[2023-06-21T01:23:16.283+0100] {processor.py:826} INFO - Processing file /home/opeyemi/.local/lib/python3.10/site-packages/airflow/example_dags/plugins/listener_plugin.py for tasks to queue
[2023-06-21T01:23:16.287+0100] {logging_mixin.py:149} INFO - [2023-06-21T01:23:16.286+0100] {dagbag.py:541} INFO - Filling up the DagBag from /home/opeyemi/.local/lib/python3.10/site-packages/airflow/example_dags/plugins/listener_plugin.py
[2023-06-21T01:23:16.300+0100] {processor.py:838} WARNING - No viable dags retrieved from /home/opeyemi/.local/lib/python3.10/site-packages/airflow/example_dags/plugins/listener_plugin.py
[2023-06-21T01:23:16.379+0100] {processor.py:179} INFO - Processing /home/opeyemi/.local/lib/python3.10/site-packages/airflow/example_dags/plugins/listener_plugin.py took 0.116 seconds
[2023-06-21T01:24:08.651+0100] {processor.py:157} INFO - Started process (PID=21368) to work on /home/opeyemi/.local/lib/python3.10/site-packages/airflow/example_dags/plugins/listener_plugin.py
[2023-06-21T01:24:08.749+0100] {processor.py:826} INFO - Processing file /home/opeyemi/.local/lib/python3.10/site-packages/airflow/example_dags/plugins/listener_plugin.py for tasks to queue
[2023-06-21T01:24:08.751+0100] {logging_mixin.py:149} INFO - [2023-06-21T01:24:08.750+0100] {dagbag.py:541} INFO - Filling up the DagBag from /home/opeyemi/.local/lib/python3.10/site-packages/airflow/example_dags/plugins/listener_plugin.py
[2023-06-21T01:24:08.767+0100] {processor.py:838} WARNING - No viable dags retrieved from /home/opeyemi/.local/lib/python3.10/site-packages/airflow/example_dags/plugins/listener_plugin.py
[2023-06-21T01:24:08.824+0100] {processor.py:179} INFO - Processing /home/opeyemi/.local/lib/python3.10/site-packages/airflow/example_dags/plugins/listener_plugin.py took 0.178 seconds
[2023-06-21T01:24:49.135+0100] {processor.py:157} INFO - Started process (PID=21516) to work on /home/opeyemi/.local/lib/python3.10/site-packages/airflow/example_dags/plugins/listener_plugin.py
[2023-06-21T01:24:49.138+0100] {processor.py:826} INFO - Processing file /home/opeyemi/.local/lib/python3.10/site-packages/airflow/example_dags/plugins/listener_plugin.py for tasks to queue
[2023-06-21T01:24:49.140+0100] {logging_mixin.py:149} INFO - [2023-06-21T01:24:49.140+0100] {dagbag.py:541} INFO - Filling up the DagBag from /home/opeyemi/.local/lib/python3.10/site-packages/airflow/example_dags/plugins/listener_plugin.py
[2023-06-21T01:24:49.146+0100] {processor.py:838} WARNING - No viable dags retrieved from /home/opeyemi/.local/lib/python3.10/site-packages/airflow/example_dags/plugins/listener_plugin.py
[2023-06-21T01:24:49.182+0100] {processor.py:179} INFO - Processing /home/opeyemi/.local/lib/python3.10/site-packages/airflow/example_dags/plugins/listener_plugin.py took 0.056 seconds
[2023-06-21T01:25:54.547+0100] {processor.py:157} INFO - Started process (PID=21663) to work on /home/opeyemi/.local/lib/python3.10/site-packages/airflow/example_dags/plugins/listener_plugin.py
[2023-06-21T01:25:54.563+0100] {processor.py:826} INFO - Processing file /home/opeyemi/.local/lib/python3.10/site-packages/airflow/example_dags/plugins/listener_plugin.py for tasks to queue
[2023-06-21T01:25:54.566+0100] {logging_mixin.py:149} INFO - [2023-06-21T01:25:54.565+0100] {dagbag.py:541} INFO - Filling up the DagBag from /home/opeyemi/.local/lib/python3.10/site-packages/airflow/example_dags/plugins/listener_plugin.py
[2023-06-21T01:25:54.574+0100] {processor.py:838} WARNING - No viable dags retrieved from /home/opeyemi/.local/lib/python3.10/site-packages/airflow/example_dags/plugins/listener_plugin.py
[2023-06-21T01:25:54.611+0100] {processor.py:179} INFO - Processing /home/opeyemi/.local/lib/python3.10/site-packages/airflow/example_dags/plugins/listener_plugin.py took 0.077 seconds
[2023-06-21T01:26:39.667+0100] {processor.py:157} INFO - Started process (PID=21694) to work on /home/opeyemi/.local/lib/python3.10/site-packages/airflow/example_dags/plugins/listener_plugin.py
[2023-06-21T01:26:40.424+0100] {processor.py:826} INFO - Processing file /home/opeyemi/.local/lib/python3.10/site-packages/airflow/example_dags/plugins/listener_plugin.py for tasks to queue
[2023-06-21T01:26:40.430+0100] {logging_mixin.py:149} INFO - [2023-06-21T01:26:40.429+0100] {dagbag.py:541} INFO - Filling up the DagBag from /home/opeyemi/.local/lib/python3.10/site-packages/airflow/example_dags/plugins/listener_plugin.py
[2023-06-21T01:26:40.445+0100] {processor.py:838} WARNING - No viable dags retrieved from /home/opeyemi/.local/lib/python3.10/site-packages/airflow/example_dags/plugins/listener_plugin.py
[2023-06-21T01:26:40.490+0100] {processor.py:179} INFO - Processing /home/opeyemi/.local/lib/python3.10/site-packages/airflow/example_dags/plugins/listener_plugin.py took 0.828 seconds
[2023-06-21T01:27:35.449+0100] {processor.py:157} INFO - Started process (PID=21727) to work on /home/opeyemi/.local/lib/python3.10/site-packages/airflow/example_dags/plugins/listener_plugin.py
[2023-06-21T01:27:35.561+0100] {processor.py:826} INFO - Processing file /home/opeyemi/.local/lib/python3.10/site-packages/airflow/example_dags/plugins/listener_plugin.py for tasks to queue
[2023-06-21T01:27:35.563+0100] {logging_mixin.py:149} INFO - [2023-06-21T01:27:35.563+0100] {dagbag.py:541} INFO - Filling up the DagBag from /home/opeyemi/.local/lib/python3.10/site-packages/airflow/example_dags/plugins/listener_plugin.py
[2023-06-21T01:27:35.570+0100] {processor.py:838} WARNING - No viable dags retrieved from /home/opeyemi/.local/lib/python3.10/site-packages/airflow/example_dags/plugins/listener_plugin.py
[2023-06-21T01:27:35.605+0100] {processor.py:179} INFO - Processing /home/opeyemi/.local/lib/python3.10/site-packages/airflow/example_dags/plugins/listener_plugin.py took 0.165 seconds
[2023-06-21T01:28:30.512+0100] {processor.py:157} INFO - Started process (PID=21808) to work on /home/opeyemi/.local/lib/python3.10/site-packages/airflow/example_dags/plugins/listener_plugin.py
[2023-06-21T01:28:30.537+0100] {processor.py:826} INFO - Processing file /home/opeyemi/.local/lib/python3.10/site-packages/airflow/example_dags/plugins/listener_plugin.py for tasks to queue
[2023-06-21T01:28:30.539+0100] {logging_mixin.py:149} INFO - [2023-06-21T01:28:30.539+0100] {dagbag.py:541} INFO - Filling up the DagBag from /home/opeyemi/.local/lib/python3.10/site-packages/airflow/example_dags/plugins/listener_plugin.py
[2023-06-21T01:28:30.548+0100] {processor.py:838} WARNING - No viable dags retrieved from /home/opeyemi/.local/lib/python3.10/site-packages/airflow/example_dags/plugins/listener_plugin.py
[2023-06-21T01:28:30.582+0100] {processor.py:179} INFO - Processing /home/opeyemi/.local/lib/python3.10/site-packages/airflow/example_dags/plugins/listener_plugin.py took 0.081 seconds
[2023-06-21T01:29:08.158+0100] {processor.py:157} INFO - Started process (PID=21840) to work on /home/opeyemi/.local/lib/python3.10/site-packages/airflow/example_dags/plugins/listener_plugin.py
[2023-06-21T01:29:08.166+0100] {processor.py:826} INFO - Processing file /home/opeyemi/.local/lib/python3.10/site-packages/airflow/example_dags/plugins/listener_plugin.py for tasks to queue
[2023-06-21T01:29:08.168+0100] {logging_mixin.py:149} INFO - [2023-06-21T01:29:08.168+0100] {dagbag.py:541} INFO - Filling up the DagBag from /home/opeyemi/.local/lib/python3.10/site-packages/airflow/example_dags/plugins/listener_plugin.py
[2023-06-21T01:29:08.176+0100] {processor.py:838} WARNING - No viable dags retrieved from /home/opeyemi/.local/lib/python3.10/site-packages/airflow/example_dags/plugins/listener_plugin.py
[2023-06-21T01:29:08.201+0100] {processor.py:179} INFO - Processing /home/opeyemi/.local/lib/python3.10/site-packages/airflow/example_dags/plugins/listener_plugin.py took 0.051 seconds
[2023-06-21T01:30:05.702+0100] {processor.py:157} INFO - Started process (PID=21891) to work on /home/opeyemi/.local/lib/python3.10/site-packages/airflow/example_dags/plugins/listener_plugin.py
[2023-06-21T01:30:05.715+0100] {processor.py:826} INFO - Processing file /home/opeyemi/.local/lib/python3.10/site-packages/airflow/example_dags/plugins/listener_plugin.py for tasks to queue
[2023-06-21T01:30:05.717+0100] {logging_mixin.py:149} INFO - [2023-06-21T01:30:05.717+0100] {dagbag.py:541} INFO - Filling up the DagBag from /home/opeyemi/.local/lib/python3.10/site-packages/airflow/example_dags/plugins/listener_plugin.py
[2023-06-21T01:30:05.725+0100] {processor.py:838} WARNING - No viable dags retrieved from /home/opeyemi/.local/lib/python3.10/site-packages/airflow/example_dags/plugins/listener_plugin.py
[2023-06-21T01:30:05.760+0100] {processor.py:179} INFO - Processing /home/opeyemi/.local/lib/python3.10/site-packages/airflow/example_dags/plugins/listener_plugin.py took 0.068 seconds
[2023-06-21T01:31:01.221+0100] {processor.py:157} INFO - Started process (PID=21938) to work on /home/opeyemi/.local/lib/python3.10/site-packages/airflow/example_dags/plugins/listener_plugin.py
[2023-06-21T01:31:01.536+0100] {processor.py:826} INFO - Processing file /home/opeyemi/.local/lib/python3.10/site-packages/airflow/example_dags/plugins/listener_plugin.py for tasks to queue
[2023-06-21T01:31:01.538+0100] {logging_mixin.py:149} INFO - [2023-06-21T01:31:01.537+0100] {dagbag.py:541} INFO - Filling up the DagBag from /home/opeyemi/.local/lib/python3.10/site-packages/airflow/example_dags/plugins/listener_plugin.py
[2023-06-21T01:31:01.545+0100] {processor.py:838} WARNING - No viable dags retrieved from /home/opeyemi/.local/lib/python3.10/site-packages/airflow/example_dags/plugins/listener_plugin.py
[2023-06-21T01:31:01.573+0100] {processor.py:179} INFO - Processing /home/opeyemi/.local/lib/python3.10/site-packages/airflow/example_dags/plugins/listener_plugin.py took 0.360 seconds
[2023-06-21T01:31:33.651+0100] {processor.py:157} INFO - Started process (PID=21964) to work on /home/opeyemi/.local/lib/python3.10/site-packages/airflow/example_dags/plugins/listener_plugin.py
[2023-06-21T01:31:33.677+0100] {processor.py:826} INFO - Processing file /home/opeyemi/.local/lib/python3.10/site-packages/airflow/example_dags/plugins/listener_plugin.py for tasks to queue
[2023-06-21T01:31:33.680+0100] {logging_mixin.py:149} INFO - [2023-06-21T01:31:33.679+0100] {dagbag.py:541} INFO - Filling up the DagBag from /home/opeyemi/.local/lib/python3.10/site-packages/airflow/example_dags/plugins/listener_plugin.py
[2023-06-21T01:31:33.692+0100] {processor.py:838} WARNING - No viable dags retrieved from /home/opeyemi/.local/lib/python3.10/site-packages/airflow/example_dags/plugins/listener_plugin.py
[2023-06-21T01:31:33.748+0100] {processor.py:179} INFO - Processing /home/opeyemi/.local/lib/python3.10/site-packages/airflow/example_dags/plugins/listener_plugin.py took 0.120 seconds
[2023-06-21T01:32:05.509+0100] {processor.py:157} INFO - Started process (PID=21992) to work on /home/opeyemi/.local/lib/python3.10/site-packages/airflow/example_dags/plugins/listener_plugin.py
[2023-06-21T01:32:05.515+0100] {processor.py:826} INFO - Processing file /home/opeyemi/.local/lib/python3.10/site-packages/airflow/example_dags/plugins/listener_plugin.py for tasks to queue
[2023-06-21T01:32:05.516+0100] {logging_mixin.py:149} INFO - [2023-06-21T01:32:05.516+0100] {dagbag.py:541} INFO - Filling up the DagBag from /home/opeyemi/.local/lib/python3.10/site-packages/airflow/example_dags/plugins/listener_plugin.py
[2023-06-21T01:32:05.524+0100] {processor.py:838} WARNING - No viable dags retrieved from /home/opeyemi/.local/lib/python3.10/site-packages/airflow/example_dags/plugins/listener_plugin.py
[2023-06-21T01:32:05.555+0100] {processor.py:179} INFO - Processing /home/opeyemi/.local/lib/python3.10/site-packages/airflow/example_dags/plugins/listener_plugin.py took 0.055 seconds
[2023-06-21T01:33:03.459+0100] {processor.py:157} INFO - Started process (PID=22051) to work on /home/opeyemi/.local/lib/python3.10/site-packages/airflow/example_dags/plugins/listener_plugin.py
[2023-06-21T01:33:03.470+0100] {processor.py:826} INFO - Processing file /home/opeyemi/.local/lib/python3.10/site-packages/airflow/example_dags/plugins/listener_plugin.py for tasks to queue
[2023-06-21T01:33:03.472+0100] {logging_mixin.py:149} INFO - [2023-06-21T01:33:03.472+0100] {dagbag.py:541} INFO - Filling up the DagBag from /home/opeyemi/.local/lib/python3.10/site-packages/airflow/example_dags/plugins/listener_plugin.py
[2023-06-21T01:33:03.483+0100] {processor.py:838} WARNING - No viable dags retrieved from /home/opeyemi/.local/lib/python3.10/site-packages/airflow/example_dags/plugins/listener_plugin.py
[2023-06-21T01:33:03.522+0100] {processor.py:179} INFO - Processing /home/opeyemi/.local/lib/python3.10/site-packages/airflow/example_dags/plugins/listener_plugin.py took 0.072 seconds
[2023-06-21T01:33:57.956+0100] {processor.py:157} INFO - Started process (PID=22196) to work on /home/opeyemi/.local/lib/python3.10/site-packages/airflow/example_dags/plugins/listener_plugin.py
[2023-06-21T01:33:57.961+0100] {processor.py:826} INFO - Processing file /home/opeyemi/.local/lib/python3.10/site-packages/airflow/example_dags/plugins/listener_plugin.py for tasks to queue
[2023-06-21T01:33:57.964+0100] {logging_mixin.py:149} INFO - [2023-06-21T01:33:57.963+0100] {dagbag.py:541} INFO - Filling up the DagBag from /home/opeyemi/.local/lib/python3.10/site-packages/airflow/example_dags/plugins/listener_plugin.py
[2023-06-21T01:33:57.971+0100] {processor.py:838} WARNING - No viable dags retrieved from /home/opeyemi/.local/lib/python3.10/site-packages/airflow/example_dags/plugins/listener_plugin.py
[2023-06-21T01:33:58.000+0100] {processor.py:179} INFO - Processing /home/opeyemi/.local/lib/python3.10/site-packages/airflow/example_dags/plugins/listener_plugin.py took 0.054 seconds
[2023-06-21T01:34:49.835+0100] {processor.py:157} INFO - Started process (PID=22401) to work on /home/opeyemi/.local/lib/python3.10/site-packages/airflow/example_dags/plugins/listener_plugin.py
[2023-06-21T01:34:49.838+0100] {processor.py:826} INFO - Processing file /home/opeyemi/.local/lib/python3.10/site-packages/airflow/example_dags/plugins/listener_plugin.py for tasks to queue
[2023-06-21T01:34:49.840+0100] {logging_mixin.py:149} INFO - [2023-06-21T01:34:49.840+0100] {dagbag.py:541} INFO - Filling up the DagBag from /home/opeyemi/.local/lib/python3.10/site-packages/airflow/example_dags/plugins/listener_plugin.py
[2023-06-21T01:34:49.846+0100] {processor.py:838} WARNING - No viable dags retrieved from /home/opeyemi/.local/lib/python3.10/site-packages/airflow/example_dags/plugins/listener_plugin.py
[2023-06-21T01:34:49.874+0100] {processor.py:179} INFO - Processing /home/opeyemi/.local/lib/python3.10/site-packages/airflow/example_dags/plugins/listener_plugin.py took 0.048 seconds
[2023-06-21T01:35:46.012+0100] {processor.py:157} INFO - Started process (PID=22585) to work on /home/opeyemi/.local/lib/python3.10/site-packages/airflow/example_dags/plugins/listener_plugin.py
[2023-06-21T01:35:46.015+0100] {processor.py:826} INFO - Processing file /home/opeyemi/.local/lib/python3.10/site-packages/airflow/example_dags/plugins/listener_plugin.py for tasks to queue
[2023-06-21T01:35:46.017+0100] {logging_mixin.py:149} INFO - [2023-06-21T01:35:46.016+0100] {dagbag.py:541} INFO - Filling up the DagBag from /home/opeyemi/.local/lib/python3.10/site-packages/airflow/example_dags/plugins/listener_plugin.py
[2023-06-21T01:35:46.022+0100] {processor.py:838} WARNING - No viable dags retrieved from /home/opeyemi/.local/lib/python3.10/site-packages/airflow/example_dags/plugins/listener_plugin.py
[2023-06-21T01:35:46.050+0100] {processor.py:179} INFO - Processing /home/opeyemi/.local/lib/python3.10/site-packages/airflow/example_dags/plugins/listener_plugin.py took 0.046 seconds
[2023-06-21T01:36:39.295+0100] {processor.py:157} INFO - Started process (PID=22748) to work on /home/opeyemi/.local/lib/python3.10/site-packages/airflow/example_dags/plugins/listener_plugin.py
[2023-06-21T01:36:39.298+0100] {processor.py:826} INFO - Processing file /home/opeyemi/.local/lib/python3.10/site-packages/airflow/example_dags/plugins/listener_plugin.py for tasks to queue
[2023-06-21T01:36:39.300+0100] {logging_mixin.py:149} INFO - [2023-06-21T01:36:39.299+0100] {dagbag.py:541} INFO - Filling up the DagBag from /home/opeyemi/.local/lib/python3.10/site-packages/airflow/example_dags/plugins/listener_plugin.py
[2023-06-21T01:36:39.304+0100] {processor.py:838} WARNING - No viable dags retrieved from /home/opeyemi/.local/lib/python3.10/site-packages/airflow/example_dags/plugins/listener_plugin.py
[2023-06-21T01:36:39.328+0100] {processor.py:179} INFO - Processing /home/opeyemi/.local/lib/python3.10/site-packages/airflow/example_dags/plugins/listener_plugin.py took 0.039 seconds
[2023-06-21T01:37:37.397+0100] {processor.py:157} INFO - Started process (PID=23043) to work on /home/opeyemi/.local/lib/python3.10/site-packages/airflow/example_dags/plugins/listener_plugin.py
[2023-06-21T01:37:37.399+0100] {processor.py:826} INFO - Processing file /home/opeyemi/.local/lib/python3.10/site-packages/airflow/example_dags/plugins/listener_plugin.py for tasks to queue
[2023-06-21T01:37:37.400+0100] {logging_mixin.py:149} INFO - [2023-06-21T01:37:37.400+0100] {dagbag.py:541} INFO - Filling up the DagBag from /home/opeyemi/.local/lib/python3.10/site-packages/airflow/example_dags/plugins/listener_plugin.py
[2023-06-21T01:37:37.405+0100] {processor.py:838} WARNING - No viable dags retrieved from /home/opeyemi/.local/lib/python3.10/site-packages/airflow/example_dags/plugins/listener_plugin.py
[2023-06-21T01:37:37.429+0100] {processor.py:179} INFO - Processing /home/opeyemi/.local/lib/python3.10/site-packages/airflow/example_dags/plugins/listener_plugin.py took 0.036 seconds
[2023-06-21T01:38:35.597+0100] {processor.py:157} INFO - Started process (PID=23265) to work on /home/opeyemi/.local/lib/python3.10/site-packages/airflow/example_dags/plugins/listener_plugin.py
[2023-06-21T01:38:35.608+0100] {processor.py:826} INFO - Processing file /home/opeyemi/.local/lib/python3.10/site-packages/airflow/example_dags/plugins/listener_plugin.py for tasks to queue
[2023-06-21T01:38:35.611+0100] {logging_mixin.py:149} INFO - [2023-06-21T01:38:35.610+0100] {dagbag.py:541} INFO - Filling up the DagBag from /home/opeyemi/.local/lib/python3.10/site-packages/airflow/example_dags/plugins/listener_plugin.py
[2023-06-21T01:38:35.617+0100] {processor.py:838} WARNING - No viable dags retrieved from /home/opeyemi/.local/lib/python3.10/site-packages/airflow/example_dags/plugins/listener_plugin.py
[2023-06-21T01:38:35.635+0100] {processor.py:179} INFO - Processing /home/opeyemi/.local/lib/python3.10/site-packages/airflow/example_dags/plugins/listener_plugin.py took 0.053 seconds
[2023-06-21T01:39:28.233+0100] {processor.py:157} INFO - Started process (PID=23312) to work on /home/opeyemi/.local/lib/python3.10/site-packages/airflow/example_dags/plugins/listener_plugin.py
[2023-06-21T01:39:28.236+0100] {processor.py:826} INFO - Processing file /home/opeyemi/.local/lib/python3.10/site-packages/airflow/example_dags/plugins/listener_plugin.py for tasks to queue
[2023-06-21T01:39:28.238+0100] {logging_mixin.py:149} INFO - [2023-06-21T01:39:28.238+0100] {dagbag.py:541} INFO - Filling up the DagBag from /home/opeyemi/.local/lib/python3.10/site-packages/airflow/example_dags/plugins/listener_plugin.py
[2023-06-21T01:39:28.243+0100] {processor.py:838} WARNING - No viable dags retrieved from /home/opeyemi/.local/lib/python3.10/site-packages/airflow/example_dags/plugins/listener_plugin.py
[2023-06-21T01:39:28.281+0100] {processor.py:179} INFO - Processing /home/opeyemi/.local/lib/python3.10/site-packages/airflow/example_dags/plugins/listener_plugin.py took 0.056 seconds
[2023-06-21T01:40:19.319+0100] {processor.py:157} INFO - Started process (PID=23367) to work on /home/opeyemi/.local/lib/python3.10/site-packages/airflow/example_dags/plugins/listener_plugin.py
[2023-06-21T01:40:19.323+0100] {processor.py:826} INFO - Processing file /home/opeyemi/.local/lib/python3.10/site-packages/airflow/example_dags/plugins/listener_plugin.py for tasks to queue
[2023-06-21T01:40:19.326+0100] {logging_mixin.py:149} INFO - [2023-06-21T01:40:19.325+0100] {dagbag.py:541} INFO - Filling up the DagBag from /home/opeyemi/.local/lib/python3.10/site-packages/airflow/example_dags/plugins/listener_plugin.py
[2023-06-21T01:40:19.334+0100] {processor.py:838} WARNING - No viable dags retrieved from /home/opeyemi/.local/lib/python3.10/site-packages/airflow/example_dags/plugins/listener_plugin.py
[2023-06-21T01:40:19.381+0100] {processor.py:179} INFO - Processing /home/opeyemi/.local/lib/python3.10/site-packages/airflow/example_dags/plugins/listener_plugin.py took 0.074 seconds
[2023-06-21T01:41:16.101+0100] {processor.py:157} INFO - Started process (PID=23420) to work on /home/opeyemi/.local/lib/python3.10/site-packages/airflow/example_dags/plugins/listener_plugin.py
[2023-06-21T01:41:16.111+0100] {processor.py:826} INFO - Processing file /home/opeyemi/.local/lib/python3.10/site-packages/airflow/example_dags/plugins/listener_plugin.py for tasks to queue
[2023-06-21T01:41:16.112+0100] {logging_mixin.py:149} INFO - [2023-06-21T01:41:16.112+0100] {dagbag.py:541} INFO - Filling up the DagBag from /home/opeyemi/.local/lib/python3.10/site-packages/airflow/example_dags/plugins/listener_plugin.py
[2023-06-21T01:41:16.132+0100] {processor.py:838} WARNING - No viable dags retrieved from /home/opeyemi/.local/lib/python3.10/site-packages/airflow/example_dags/plugins/listener_plugin.py
[2023-06-21T01:41:16.174+0100] {processor.py:179} INFO - Processing /home/opeyemi/.local/lib/python3.10/site-packages/airflow/example_dags/plugins/listener_plugin.py took 0.090 seconds
