[2023-06-21T01:00:22.540+0100] {processor.py:157} INFO - Started process (PID=20531) to work on /home/opeyemi/.local/lib/python3.10/site-packages/airflow/example_dags/plugins/workday.py
[2023-06-21T01:00:22.542+0100] {processor.py:826} INFO - Processing file /home/opeyemi/.local/lib/python3.10/site-packages/airflow/example_dags/plugins/workday.py for tasks to queue
[2023-06-21T01:00:22.544+0100] {logging_mixin.py:149} INFO - [2023-06-21T01:00:22.544+0100] {dagbag.py:541} INFO - Filling up the DagBag from /home/opeyemi/.local/lib/python3.10/site-packages/airflow/example_dags/plugins/workday.py
[2023-06-21T01:00:23.369+0100] {processor.py:838} WARNING - No viable dags retrieved from /home/opeyemi/.local/lib/python3.10/site-packages/airflow/example_dags/plugins/workday.py
[2023-06-21T01:00:23.384+0100] {processor.py:179} INFO - Processing /home/opeyemi/.local/lib/python3.10/site-packages/airflow/example_dags/plugins/workday.py took 0.850 seconds
[2023-06-21T01:01:30.268+0100] {processor.py:157} INFO - Started process (PID=20570) to work on /home/opeyemi/.local/lib/python3.10/site-packages/airflow/example_dags/plugins/workday.py
[2023-06-21T01:01:30.372+0100] {processor.py:826} INFO - Processing file /home/opeyemi/.local/lib/python3.10/site-packages/airflow/example_dags/plugins/workday.py for tasks to queue
[2023-06-21T01:01:30.375+0100] {logging_mixin.py:149} INFO - [2023-06-21T01:01:30.375+0100] {dagbag.py:541} INFO - Filling up the DagBag from /home/opeyemi/.local/lib/python3.10/site-packages/airflow/example_dags/plugins/workday.py
[2023-06-21T01:01:30.911+0100] {processor.py:838} WARNING - No viable dags retrieved from /home/opeyemi/.local/lib/python3.10/site-packages/airflow/example_dags/plugins/workday.py
[2023-06-21T01:01:30.924+0100] {processor.py:179} INFO - Processing /home/opeyemi/.local/lib/python3.10/site-packages/airflow/example_dags/plugins/workday.py took 0.677 seconds
[2023-06-21T01:02:40.074+0100] {processor.py:157} INFO - Started process (PID=20609) to work on /home/opeyemi/.local/lib/python3.10/site-packages/airflow/example_dags/plugins/workday.py
[2023-06-21T01:02:40.152+0100] {processor.py:826} INFO - Processing file /home/opeyemi/.local/lib/python3.10/site-packages/airflow/example_dags/plugins/workday.py for tasks to queue
[2023-06-21T01:02:40.154+0100] {logging_mixin.py:149} INFO - [2023-06-21T01:02:40.154+0100] {dagbag.py:541} INFO - Filling up the DagBag from /home/opeyemi/.local/lib/python3.10/site-packages/airflow/example_dags/plugins/workday.py
[2023-06-21T01:02:40.839+0100] {processor.py:838} WARNING - No viable dags retrieved from /home/opeyemi/.local/lib/python3.10/site-packages/airflow/example_dags/plugins/workday.py
[2023-06-21T01:02:40.851+0100] {processor.py:179} INFO - Processing /home/opeyemi/.local/lib/python3.10/site-packages/airflow/example_dags/plugins/workday.py took 0.789 seconds
[2023-06-21T01:03:54.454+0100] {processor.py:157} INFO - Started process (PID=20651) to work on /home/opeyemi/.local/lib/python3.10/site-packages/airflow/example_dags/plugins/workday.py
[2023-06-21T01:03:54.460+0100] {processor.py:826} INFO - Processing file /home/opeyemi/.local/lib/python3.10/site-packages/airflow/example_dags/plugins/workday.py for tasks to queue
[2023-06-21T01:03:54.470+0100] {logging_mixin.py:149} INFO - [2023-06-21T01:03:54.469+0100] {dagbag.py:541} INFO - Filling up the DagBag from /home/opeyemi/.local/lib/python3.10/site-packages/airflow/example_dags/plugins/workday.py
[2023-06-21T01:03:55.695+0100] {processor.py:838} WARNING - No viable dags retrieved from /home/opeyemi/.local/lib/python3.10/site-packages/airflow/example_dags/plugins/workday.py
[2023-06-21T01:03:55.728+0100] {processor.py:179} INFO - Processing /home/opeyemi/.local/lib/python3.10/site-packages/airflow/example_dags/plugins/workday.py took 1.317 seconds
[2023-06-21T01:05:22.787+0100] {processor.py:157} INFO - Started process (PID=20687) to work on /home/opeyemi/.local/lib/python3.10/site-packages/airflow/example_dags/plugins/workday.py
[2023-06-21T01:05:22.805+0100] {processor.py:826} INFO - Processing file /home/opeyemi/.local/lib/python3.10/site-packages/airflow/example_dags/plugins/workday.py for tasks to queue
[2023-06-21T01:05:22.806+0100] {logging_mixin.py:149} INFO - [2023-06-21T01:05:22.806+0100] {dagbag.py:541} INFO - Filling up the DagBag from /home/opeyemi/.local/lib/python3.10/site-packages/airflow/example_dags/plugins/workday.py
[2023-06-21T01:05:23.657+0100] {processor.py:838} WARNING - No viable dags retrieved from /home/opeyemi/.local/lib/python3.10/site-packages/airflow/example_dags/plugins/workday.py
[2023-06-21T01:05:23.664+0100] {processor.py:179} INFO - Processing /home/opeyemi/.local/lib/python3.10/site-packages/airflow/example_dags/plugins/workday.py took 0.884 seconds
[2023-06-21T01:06:23.750+0100] {processor.py:157} INFO - Started process (PID=20722) to work on /home/opeyemi/.local/lib/python3.10/site-packages/airflow/example_dags/plugins/workday.py
[2023-06-21T01:06:23.888+0100] {processor.py:826} INFO - Processing file /home/opeyemi/.local/lib/python3.10/site-packages/airflow/example_dags/plugins/workday.py for tasks to queue
[2023-06-21T01:06:23.891+0100] {logging_mixin.py:149} INFO - [2023-06-21T01:06:23.890+0100] {dagbag.py:541} INFO - Filling up the DagBag from /home/opeyemi/.local/lib/python3.10/site-packages/airflow/example_dags/plugins/workday.py
[2023-06-21T01:06:24.811+0100] {processor.py:838} WARNING - No viable dags retrieved from /home/opeyemi/.local/lib/python3.10/site-packages/airflow/example_dags/plugins/workday.py
[2023-06-21T01:06:24.831+0100] {processor.py:179} INFO - Processing /home/opeyemi/.local/lib/python3.10/site-packages/airflow/example_dags/plugins/workday.py took 1.094 seconds
[2023-06-21T01:07:39.304+0100] {processor.py:157} INFO - Started process (PID=20755) to work on /home/opeyemi/.local/lib/python3.10/site-packages/airflow/example_dags/plugins/workday.py
[2023-06-21T01:07:39.357+0100] {processor.py:826} INFO - Processing file /home/opeyemi/.local/lib/python3.10/site-packages/airflow/example_dags/plugins/workday.py for tasks to queue
[2023-06-21T01:07:39.360+0100] {logging_mixin.py:149} INFO - [2023-06-21T01:07:39.359+0100] {dagbag.py:541} INFO - Filling up the DagBag from /home/opeyemi/.local/lib/python3.10/site-packages/airflow/example_dags/plugins/workday.py
[2023-06-21T01:07:40.139+0100] {processor.py:838} WARNING - No viable dags retrieved from /home/opeyemi/.local/lib/python3.10/site-packages/airflow/example_dags/plugins/workday.py
[2023-06-21T01:07:40.147+0100] {processor.py:179} INFO - Processing /home/opeyemi/.local/lib/python3.10/site-packages/airflow/example_dags/plugins/workday.py took 0.851 seconds
[2023-06-21T01:08:37.445+0100] {processor.py:157} INFO - Started process (PID=20807) to work on /home/opeyemi/.local/lib/python3.10/site-packages/airflow/example_dags/plugins/workday.py
[2023-06-21T01:08:37.485+0100] {processor.py:826} INFO - Processing file /home/opeyemi/.local/lib/python3.10/site-packages/airflow/example_dags/plugins/workday.py for tasks to queue
[2023-06-21T01:08:37.486+0100] {logging_mixin.py:149} INFO - [2023-06-21T01:08:37.486+0100] {dagbag.py:541} INFO - Filling up the DagBag from /home/opeyemi/.local/lib/python3.10/site-packages/airflow/example_dags/plugins/workday.py
[2023-06-21T01:08:38.283+0100] {processor.py:838} WARNING - No viable dags retrieved from /home/opeyemi/.local/lib/python3.10/site-packages/airflow/example_dags/plugins/workday.py
[2023-06-21T01:08:38.296+0100] {processor.py:179} INFO - Processing /home/opeyemi/.local/lib/python3.10/site-packages/airflow/example_dags/plugins/workday.py took 0.862 seconds
[2023-06-21T01:09:35.560+0100] {processor.py:157} INFO - Started process (PID=20834) to work on /home/opeyemi/.local/lib/python3.10/site-packages/airflow/example_dags/plugins/workday.py
[2023-06-21T01:09:35.626+0100] {processor.py:826} INFO - Processing file /home/opeyemi/.local/lib/python3.10/site-packages/airflow/example_dags/plugins/workday.py for tasks to queue
[2023-06-21T01:09:35.628+0100] {logging_mixin.py:149} INFO - [2023-06-21T01:09:35.628+0100] {dagbag.py:541} INFO - Filling up the DagBag from /home/opeyemi/.local/lib/python3.10/site-packages/airflow/example_dags/plugins/workday.py
[2023-06-21T01:09:36.220+0100] {processor.py:838} WARNING - No viable dags retrieved from /home/opeyemi/.local/lib/python3.10/site-packages/airflow/example_dags/plugins/workday.py
[2023-06-21T01:09:36.230+0100] {processor.py:179} INFO - Processing /home/opeyemi/.local/lib/python3.10/site-packages/airflow/example_dags/plugins/workday.py took 0.679 seconds
[2023-06-21T01:10:27.713+0100] {processor.py:157} INFO - Started process (PID=20874) to work on /home/opeyemi/.local/lib/python3.10/site-packages/airflow/example_dags/plugins/workday.py
[2023-06-21T01:10:27.777+0100] {processor.py:826} INFO - Processing file /home/opeyemi/.local/lib/python3.10/site-packages/airflow/example_dags/plugins/workday.py for tasks to queue
[2023-06-21T01:10:27.780+0100] {logging_mixin.py:149} INFO - [2023-06-21T01:10:27.779+0100] {dagbag.py:541} INFO - Filling up the DagBag from /home/opeyemi/.local/lib/python3.10/site-packages/airflow/example_dags/plugins/workday.py
[2023-06-21T01:10:28.751+0100] {processor.py:838} WARNING - No viable dags retrieved from /home/opeyemi/.local/lib/python3.10/site-packages/airflow/example_dags/plugins/workday.py
[2023-06-21T01:10:28.763+0100] {processor.py:179} INFO - Processing /home/opeyemi/.local/lib/python3.10/site-packages/airflow/example_dags/plugins/workday.py took 1.055 seconds
[2023-06-21T01:11:31.997+0100] {processor.py:157} INFO - Started process (PID=20901) to work on /home/opeyemi/.local/lib/python3.10/site-packages/airflow/example_dags/plugins/workday.py
[2023-06-21T01:11:32.042+0100] {processor.py:826} INFO - Processing file /home/opeyemi/.local/lib/python3.10/site-packages/airflow/example_dags/plugins/workday.py for tasks to queue
[2023-06-21T01:11:32.044+0100] {logging_mixin.py:149} INFO - [2023-06-21T01:11:32.043+0100] {dagbag.py:541} INFO - Filling up the DagBag from /home/opeyemi/.local/lib/python3.10/site-packages/airflow/example_dags/plugins/workday.py
[2023-06-21T01:11:32.740+0100] {processor.py:838} WARNING - No viable dags retrieved from /home/opeyemi/.local/lib/python3.10/site-packages/airflow/example_dags/plugins/workday.py
[2023-06-21T01:11:32.748+0100] {processor.py:179} INFO - Processing /home/opeyemi/.local/lib/python3.10/site-packages/airflow/example_dags/plugins/workday.py took 0.768 seconds
[2023-06-21T01:12:55.294+0100] {processor.py:157} INFO - Started process (PID=20961) to work on /home/opeyemi/.local/lib/python3.10/site-packages/airflow/example_dags/plugins/workday.py
[2023-06-21T01:12:55.365+0100] {processor.py:826} INFO - Processing file /home/opeyemi/.local/lib/python3.10/site-packages/airflow/example_dags/plugins/workday.py for tasks to queue
[2023-06-21T01:12:55.367+0100] {logging_mixin.py:149} INFO - [2023-06-21T01:12:55.366+0100] {dagbag.py:541} INFO - Filling up the DagBag from /home/opeyemi/.local/lib/python3.10/site-packages/airflow/example_dags/plugins/workday.py
[2023-06-21T01:12:56.038+0100] {processor.py:838} WARNING - No viable dags retrieved from /home/opeyemi/.local/lib/python3.10/site-packages/airflow/example_dags/plugins/workday.py
[2023-06-21T01:12:56.047+0100] {processor.py:179} INFO - Processing /home/opeyemi/.local/lib/python3.10/site-packages/airflow/example_dags/plugins/workday.py took 0.780 seconds
[2023-06-21T01:13:46.618+0100] {processor.py:157} INFO - Started process (PID=20997) to work on /home/opeyemi/.local/lib/python3.10/site-packages/airflow/example_dags/plugins/workday.py
[2023-06-21T01:13:47.144+0100] {processor.py:826} INFO - Processing file /home/opeyemi/.local/lib/python3.10/site-packages/airflow/example_dags/plugins/workday.py for tasks to queue
[2023-06-21T01:13:47.146+0100] {logging_mixin.py:149} INFO - [2023-06-21T01:13:47.146+0100] {dagbag.py:541} INFO - Filling up the DagBag from /home/opeyemi/.local/lib/python3.10/site-packages/airflow/example_dags/plugins/workday.py
[2023-06-21T01:13:47.929+0100] {processor.py:838} WARNING - No viable dags retrieved from /home/opeyemi/.local/lib/python3.10/site-packages/airflow/example_dags/plugins/workday.py
[2023-06-21T01:13:47.939+0100] {processor.py:179} INFO - Processing /home/opeyemi/.local/lib/python3.10/site-packages/airflow/example_dags/plugins/workday.py took 1.332 seconds
[2023-06-21T01:15:14.834+0100] {processor.py:157} INFO - Started process (PID=21029) to work on /home/opeyemi/.local/lib/python3.10/site-packages/airflow/example_dags/plugins/workday.py
[2023-06-21T01:15:14.847+0100] {processor.py:826} INFO - Processing file /home/opeyemi/.local/lib/python3.10/site-packages/airflow/example_dags/plugins/workday.py for tasks to queue
[2023-06-21T01:15:14.849+0100] {logging_mixin.py:149} INFO - [2023-06-21T01:15:14.849+0100] {dagbag.py:541} INFO - Filling up the DagBag from /home/opeyemi/.local/lib/python3.10/site-packages/airflow/example_dags/plugins/workday.py
[2023-06-21T01:15:15.694+0100] {processor.py:838} WARNING - No viable dags retrieved from /home/opeyemi/.local/lib/python3.10/site-packages/airflow/example_dags/plugins/workday.py
[2023-06-21T01:15:15.709+0100] {processor.py:179} INFO - Processing /home/opeyemi/.local/lib/python3.10/site-packages/airflow/example_dags/plugins/workday.py took 0.884 seconds
[2023-06-21T01:16:47.428+0100] {processor.py:157} INFO - Started process (PID=21072) to work on /home/opeyemi/.local/lib/python3.10/site-packages/airflow/example_dags/plugins/workday.py
[2023-06-21T01:16:47.430+0100] {processor.py:826} INFO - Processing file /home/opeyemi/.local/lib/python3.10/site-packages/airflow/example_dags/plugins/workday.py for tasks to queue
[2023-06-21T01:16:47.431+0100] {logging_mixin.py:149} INFO - [2023-06-21T01:16:47.431+0100] {dagbag.py:541} INFO - Filling up the DagBag from /home/opeyemi/.local/lib/python3.10/site-packages/airflow/example_dags/plugins/workday.py
[2023-06-21T01:16:48.225+0100] {processor.py:838} WARNING - No viable dags retrieved from /home/opeyemi/.local/lib/python3.10/site-packages/airflow/example_dags/plugins/workday.py
[2023-06-21T01:16:48.246+0100] {processor.py:179} INFO - Processing /home/opeyemi/.local/lib/python3.10/site-packages/airflow/example_dags/plugins/workday.py took 0.823 seconds
[2023-06-21T01:17:26.924+0100] {processor.py:157} INFO - Started process (PID=21103) to work on /home/opeyemi/.local/lib/python3.10/site-packages/airflow/example_dags/plugins/workday.py
[2023-06-21T01:17:26.943+0100] {processor.py:826} INFO - Processing file /home/opeyemi/.local/lib/python3.10/site-packages/airflow/example_dags/plugins/workday.py for tasks to queue
[2023-06-21T01:17:26.944+0100] {logging_mixin.py:149} INFO - [2023-06-21T01:17:26.944+0100] {dagbag.py:541} INFO - Filling up the DagBag from /home/opeyemi/.local/lib/python3.10/site-packages/airflow/example_dags/plugins/workday.py
[2023-06-21T01:17:27.655+0100] {processor.py:838} WARNING - No viable dags retrieved from /home/opeyemi/.local/lib/python3.10/site-packages/airflow/example_dags/plugins/workday.py
[2023-06-21T01:17:27.664+0100] {processor.py:179} INFO - Processing /home/opeyemi/.local/lib/python3.10/site-packages/airflow/example_dags/plugins/workday.py took 0.746 seconds
[2023-06-21T01:18:03.515+0100] {processor.py:157} INFO - Started process (PID=21131) to work on /home/opeyemi/.local/lib/python3.10/site-packages/airflow/example_dags/plugins/workday.py
[2023-06-21T01:18:03.582+0100] {processor.py:826} INFO - Processing file /home/opeyemi/.local/lib/python3.10/site-packages/airflow/example_dags/plugins/workday.py for tasks to queue
[2023-06-21T01:18:03.584+0100] {logging_mixin.py:149} INFO - [2023-06-21T01:18:03.584+0100] {dagbag.py:541} INFO - Filling up the DagBag from /home/opeyemi/.local/lib/python3.10/site-packages/airflow/example_dags/plugins/workday.py
[2023-06-21T01:18:04.249+0100] {processor.py:838} WARNING - No viable dags retrieved from /home/opeyemi/.local/lib/python3.10/site-packages/airflow/example_dags/plugins/workday.py
[2023-06-21T01:18:04.257+0100] {processor.py:179} INFO - Processing /home/opeyemi/.local/lib/python3.10/site-packages/airflow/example_dags/plugins/workday.py took 0.752 seconds
[2023-06-21T01:18:42.053+0100] {processor.py:157} INFO - Started process (PID=21160) to work on /home/opeyemi/.local/lib/python3.10/site-packages/airflow/example_dags/plugins/workday.py
[2023-06-21T01:18:42.056+0100] {processor.py:826} INFO - Processing file /home/opeyemi/.local/lib/python3.10/site-packages/airflow/example_dags/plugins/workday.py for tasks to queue
[2023-06-21T01:18:42.057+0100] {logging_mixin.py:149} INFO - [2023-06-21T01:18:42.057+0100] {dagbag.py:541} INFO - Filling up the DagBag from /home/opeyemi/.local/lib/python3.10/site-packages/airflow/example_dags/plugins/workday.py
[2023-06-21T01:18:43.042+0100] {processor.py:838} WARNING - No viable dags retrieved from /home/opeyemi/.local/lib/python3.10/site-packages/airflow/example_dags/plugins/workday.py
[2023-06-21T01:18:43.056+0100] {processor.py:179} INFO - Processing /home/opeyemi/.local/lib/python3.10/site-packages/airflow/example_dags/plugins/workday.py took 1.018 seconds
[2023-06-21T01:19:20.934+0100] {processor.py:157} INFO - Started process (PID=21190) to work on /home/opeyemi/.local/lib/python3.10/site-packages/airflow/example_dags/plugins/workday.py
[2023-06-21T01:19:20.985+0100] {processor.py:826} INFO - Processing file /home/opeyemi/.local/lib/python3.10/site-packages/airflow/example_dags/plugins/workday.py for tasks to queue
[2023-06-21T01:19:20.989+0100] {logging_mixin.py:149} INFO - [2023-06-21T01:19:20.988+0100] {dagbag.py:541} INFO - Filling up the DagBag from /home/opeyemi/.local/lib/python3.10/site-packages/airflow/example_dags/plugins/workday.py
[2023-06-21T01:19:21.698+0100] {processor.py:838} WARNING - No viable dags retrieved from /home/opeyemi/.local/lib/python3.10/site-packages/airflow/example_dags/plugins/workday.py
[2023-06-21T01:19:21.707+0100] {processor.py:179} INFO - Processing /home/opeyemi/.local/lib/python3.10/site-packages/airflow/example_dags/plugins/workday.py took 0.790 seconds
[2023-06-21T01:19:57.677+0100] {processor.py:157} INFO - Started process (PID=21219) to work on /home/opeyemi/.local/lib/python3.10/site-packages/airflow/example_dags/plugins/workday.py
[2023-06-21T01:19:57.689+0100] {processor.py:826} INFO - Processing file /home/opeyemi/.local/lib/python3.10/site-packages/airflow/example_dags/plugins/workday.py for tasks to queue
[2023-06-21T01:19:57.690+0100] {logging_mixin.py:149} INFO - [2023-06-21T01:19:57.690+0100] {dagbag.py:541} INFO - Filling up the DagBag from /home/opeyemi/.local/lib/python3.10/site-packages/airflow/example_dags/plugins/workday.py
[2023-06-21T01:19:58.385+0100] {processor.py:838} WARNING - No viable dags retrieved from /home/opeyemi/.local/lib/python3.10/site-packages/airflow/example_dags/plugins/workday.py
[2023-06-21T01:19:58.397+0100] {processor.py:179} INFO - Processing /home/opeyemi/.local/lib/python3.10/site-packages/airflow/example_dags/plugins/workday.py took 0.733 seconds
[2023-06-21T01:21:12.059+0100] {processor.py:157} INFO - Started process (PID=21248) to work on /home/opeyemi/.local/lib/python3.10/site-packages/airflow/example_dags/plugins/workday.py
[2023-06-21T01:21:12.073+0100] {processor.py:826} INFO - Processing file /home/opeyemi/.local/lib/python3.10/site-packages/airflow/example_dags/plugins/workday.py for tasks to queue
[2023-06-21T01:21:12.076+0100] {logging_mixin.py:149} INFO - [2023-06-21T01:21:12.076+0100] {dagbag.py:541} INFO - Filling up the DagBag from /home/opeyemi/.local/lib/python3.10/site-packages/airflow/example_dags/plugins/workday.py
[2023-06-21T01:21:12.889+0100] {processor.py:838} WARNING - No viable dags retrieved from /home/opeyemi/.local/lib/python3.10/site-packages/airflow/example_dags/plugins/workday.py
[2023-06-21T01:21:12.896+0100] {processor.py:179} INFO - Processing /home/opeyemi/.local/lib/python3.10/site-packages/airflow/example_dags/plugins/workday.py took 0.849 seconds
[2023-06-21T01:22:31.196+0100] {processor.py:157} INFO - Started process (PID=21293) to work on /home/opeyemi/.local/lib/python3.10/site-packages/airflow/example_dags/plugins/workday.py
[2023-06-21T01:22:31.296+0100] {processor.py:826} INFO - Processing file /home/opeyemi/.local/lib/python3.10/site-packages/airflow/example_dags/plugins/workday.py for tasks to queue
[2023-06-21T01:22:31.299+0100] {logging_mixin.py:149} INFO - [2023-06-21T01:22:31.298+0100] {dagbag.py:541} INFO - Filling up the DagBag from /home/opeyemi/.local/lib/python3.10/site-packages/airflow/example_dags/plugins/workday.py
[2023-06-21T01:22:31.908+0100] {processor.py:838} WARNING - No viable dags retrieved from /home/opeyemi/.local/lib/python3.10/site-packages/airflow/example_dags/plugins/workday.py
[2023-06-21T01:22:31.919+0100] {processor.py:179} INFO - Processing /home/opeyemi/.local/lib/python3.10/site-packages/airflow/example_dags/plugins/workday.py took 0.734 seconds
[2023-06-21T01:23:14.279+0100] {processor.py:157} INFO - Started process (PID=21327) to work on /home/opeyemi/.local/lib/python3.10/site-packages/airflow/example_dags/plugins/workday.py
[2023-06-21T01:23:14.281+0100] {processor.py:826} INFO - Processing file /home/opeyemi/.local/lib/python3.10/site-packages/airflow/example_dags/plugins/workday.py for tasks to queue
[2023-06-21T01:23:14.283+0100] {logging_mixin.py:149} INFO - [2023-06-21T01:23:14.282+0100] {dagbag.py:541} INFO - Filling up the DagBag from /home/opeyemi/.local/lib/python3.10/site-packages/airflow/example_dags/plugins/workday.py
[2023-06-21T01:23:15.114+0100] {processor.py:838} WARNING - No viable dags retrieved from /home/opeyemi/.local/lib/python3.10/site-packages/airflow/example_dags/plugins/workday.py
[2023-06-21T01:23:15.126+0100] {processor.py:179} INFO - Processing /home/opeyemi/.local/lib/python3.10/site-packages/airflow/example_dags/plugins/workday.py took 0.852 seconds
[2023-06-21T01:24:05.538+0100] {processor.py:157} INFO - Started process (PID=21356) to work on /home/opeyemi/.local/lib/python3.10/site-packages/airflow/example_dags/plugins/workday.py
[2023-06-21T01:24:05.595+0100] {processor.py:826} INFO - Processing file /home/opeyemi/.local/lib/python3.10/site-packages/airflow/example_dags/plugins/workday.py for tasks to queue
[2023-06-21T01:24:05.596+0100] {logging_mixin.py:149} INFO - [2023-06-21T01:24:05.596+0100] {dagbag.py:541} INFO - Filling up the DagBag from /home/opeyemi/.local/lib/python3.10/site-packages/airflow/example_dags/plugins/workday.py
[2023-06-21T01:24:07.453+0100] {processor.py:838} WARNING - No viable dags retrieved from /home/opeyemi/.local/lib/python3.10/site-packages/airflow/example_dags/plugins/workday.py
[2023-06-21T01:24:07.483+0100] {processor.py:179} INFO - Processing /home/opeyemi/.local/lib/python3.10/site-packages/airflow/example_dags/plugins/workday.py took 1.949 seconds
[2023-06-21T01:24:47.342+0100] {processor.py:157} INFO - Started process (PID=21509) to work on /home/opeyemi/.local/lib/python3.10/site-packages/airflow/example_dags/plugins/workday.py
[2023-06-21T01:24:47.361+0100] {processor.py:826} INFO - Processing file /home/opeyemi/.local/lib/python3.10/site-packages/airflow/example_dags/plugins/workday.py for tasks to queue
[2023-06-21T01:24:47.362+0100] {logging_mixin.py:149} INFO - [2023-06-21T01:24:47.362+0100] {dagbag.py:541} INFO - Filling up the DagBag from /home/opeyemi/.local/lib/python3.10/site-packages/airflow/example_dags/plugins/workday.py
[2023-06-21T01:24:47.964+0100] {processor.py:838} WARNING - No viable dags retrieved from /home/opeyemi/.local/lib/python3.10/site-packages/airflow/example_dags/plugins/workday.py
[2023-06-21T01:24:47.977+0100] {processor.py:179} INFO - Processing /home/opeyemi/.local/lib/python3.10/site-packages/airflow/example_dags/plugins/workday.py took 0.640 seconds
[2023-06-21T01:25:52.426+0100] {processor.py:157} INFO - Started process (PID=21659) to work on /home/opeyemi/.local/lib/python3.10/site-packages/airflow/example_dags/plugins/workday.py
[2023-06-21T01:25:52.445+0100] {processor.py:826} INFO - Processing file /home/opeyemi/.local/lib/python3.10/site-packages/airflow/example_dags/plugins/workday.py for tasks to queue
[2023-06-21T01:25:52.446+0100] {logging_mixin.py:149} INFO - [2023-06-21T01:25:52.446+0100] {dagbag.py:541} INFO - Filling up the DagBag from /home/opeyemi/.local/lib/python3.10/site-packages/airflow/example_dags/plugins/workday.py
[2023-06-21T01:25:53.315+0100] {processor.py:838} WARNING - No viable dags retrieved from /home/opeyemi/.local/lib/python3.10/site-packages/airflow/example_dags/plugins/workday.py
[2023-06-21T01:25:53.326+0100] {processor.py:179} INFO - Processing /home/opeyemi/.local/lib/python3.10/site-packages/airflow/example_dags/plugins/workday.py took 0.912 seconds
[2023-06-21T01:26:36.805+0100] {processor.py:157} INFO - Started process (PID=21690) to work on /home/opeyemi/.local/lib/python3.10/site-packages/airflow/example_dags/plugins/workday.py
[2023-06-21T01:26:37.675+0100] {processor.py:826} INFO - Processing file /home/opeyemi/.local/lib/python3.10/site-packages/airflow/example_dags/plugins/workday.py for tasks to queue
[2023-06-21T01:26:37.681+0100] {logging_mixin.py:149} INFO - [2023-06-21T01:26:37.681+0100] {dagbag.py:541} INFO - Filling up the DagBag from /home/opeyemi/.local/lib/python3.10/site-packages/airflow/example_dags/plugins/workday.py
[2023-06-21T01:26:38.537+0100] {processor.py:838} WARNING - No viable dags retrieved from /home/opeyemi/.local/lib/python3.10/site-packages/airflow/example_dags/plugins/workday.py
[2023-06-21T01:26:38.548+0100] {processor.py:179} INFO - Processing /home/opeyemi/.local/lib/python3.10/site-packages/airflow/example_dags/plugins/workday.py took 1.751 seconds
[2023-06-21T01:27:33.568+0100] {processor.py:157} INFO - Started process (PID=21723) to work on /home/opeyemi/.local/lib/python3.10/site-packages/airflow/example_dags/plugins/workday.py
[2023-06-21T01:27:33.690+0100] {processor.py:826} INFO - Processing file /home/opeyemi/.local/lib/python3.10/site-packages/airflow/example_dags/plugins/workday.py for tasks to queue
[2023-06-21T01:27:33.692+0100] {logging_mixin.py:149} INFO - [2023-06-21T01:27:33.691+0100] {dagbag.py:541} INFO - Filling up the DagBag from /home/opeyemi/.local/lib/python3.10/site-packages/airflow/example_dags/plugins/workday.py
[2023-06-21T01:27:34.312+0100] {processor.py:838} WARNING - No viable dags retrieved from /home/opeyemi/.local/lib/python3.10/site-packages/airflow/example_dags/plugins/workday.py
[2023-06-21T01:27:34.324+0100] {processor.py:179} INFO - Processing /home/opeyemi/.local/lib/python3.10/site-packages/airflow/example_dags/plugins/workday.py took 0.766 seconds
[2023-06-21T01:28:29.440+0100] {processor.py:157} INFO - Started process (PID=21804) to work on /home/opeyemi/.local/lib/python3.10/site-packages/airflow/example_dags/plugins/workday.py
[2023-06-21T01:28:29.469+0100] {processor.py:826} INFO - Processing file /home/opeyemi/.local/lib/python3.10/site-packages/airflow/example_dags/plugins/workday.py for tasks to queue
[2023-06-21T01:28:29.472+0100] {logging_mixin.py:149} INFO - [2023-06-21T01:28:29.471+0100] {dagbag.py:541} INFO - Filling up the DagBag from /home/opeyemi/.local/lib/python3.10/site-packages/airflow/example_dags/plugins/workday.py
[2023-06-21T01:28:30.255+0100] {processor.py:838} WARNING - No viable dags retrieved from /home/opeyemi/.local/lib/python3.10/site-packages/airflow/example_dags/plugins/workday.py
[2023-06-21T01:28:30.264+0100] {processor.py:179} INFO - Processing /home/opeyemi/.local/lib/python3.10/site-packages/airflow/example_dags/plugins/workday.py took 0.844 seconds
[2023-06-21T01:29:07.030+0100] {processor.py:157} INFO - Started process (PID=21836) to work on /home/opeyemi/.local/lib/python3.10/site-packages/airflow/example_dags/plugins/workday.py
[2023-06-21T01:29:07.035+0100] {processor.py:826} INFO - Processing file /home/opeyemi/.local/lib/python3.10/site-packages/airflow/example_dags/plugins/workday.py for tasks to queue
[2023-06-21T01:29:07.038+0100] {logging_mixin.py:149} INFO - [2023-06-21T01:29:07.037+0100] {dagbag.py:541} INFO - Filling up the DagBag from /home/opeyemi/.local/lib/python3.10/site-packages/airflow/example_dags/plugins/workday.py
[2023-06-21T01:29:07.709+0100] {processor.py:838} WARNING - No viable dags retrieved from /home/opeyemi/.local/lib/python3.10/site-packages/airflow/example_dags/plugins/workday.py
[2023-06-21T01:29:07.718+0100] {processor.py:179} INFO - Processing /home/opeyemi/.local/lib/python3.10/site-packages/airflow/example_dags/plugins/workday.py took 0.701 seconds
[2023-06-21T01:30:03.813+0100] {processor.py:157} INFO - Started process (PID=21887) to work on /home/opeyemi/.local/lib/python3.10/site-packages/airflow/example_dags/plugins/workday.py
[2023-06-21T01:30:03.817+0100] {processor.py:826} INFO - Processing file /home/opeyemi/.local/lib/python3.10/site-packages/airflow/example_dags/plugins/workday.py for tasks to queue
[2023-06-21T01:30:03.819+0100] {logging_mixin.py:149} INFO - [2023-06-21T01:30:03.819+0100] {dagbag.py:541} INFO - Filling up the DagBag from /home/opeyemi/.local/lib/python3.10/site-packages/airflow/example_dags/plugins/workday.py
[2023-06-21T01:30:04.532+0100] {processor.py:838} WARNING - No viable dags retrieved from /home/opeyemi/.local/lib/python3.10/site-packages/airflow/example_dags/plugins/workday.py
[2023-06-21T01:30:04.539+0100] {processor.py:179} INFO - Processing /home/opeyemi/.local/lib/python3.10/site-packages/airflow/example_dags/plugins/workday.py took 0.735 seconds
[2023-06-21T01:30:59.491+0100] {processor.py:157} INFO - Started process (PID=21934) to work on /home/opeyemi/.local/lib/python3.10/site-packages/airflow/example_dags/plugins/workday.py
[2023-06-21T01:31:00.069+0100] {processor.py:826} INFO - Processing file /home/opeyemi/.local/lib/python3.10/site-packages/airflow/example_dags/plugins/workday.py for tasks to queue
[2023-06-21T01:31:00.071+0100] {logging_mixin.py:149} INFO - [2023-06-21T01:31:00.071+0100] {dagbag.py:541} INFO - Filling up the DagBag from /home/opeyemi/.local/lib/python3.10/site-packages/airflow/example_dags/plugins/workday.py
[2023-06-21T01:31:00.803+0100] {processor.py:838} WARNING - No viable dags retrieved from /home/opeyemi/.local/lib/python3.10/site-packages/airflow/example_dags/plugins/workday.py
[2023-06-21T01:31:00.815+0100] {processor.py:179} INFO - Processing /home/opeyemi/.local/lib/python3.10/site-packages/airflow/example_dags/plugins/workday.py took 1.333 seconds
[2023-06-21T01:31:31.925+0100] {processor.py:157} INFO - Started process (PID=21960) to work on /home/opeyemi/.local/lib/python3.10/site-packages/airflow/example_dags/plugins/workday.py
[2023-06-21T01:31:31.928+0100] {processor.py:826} INFO - Processing file /home/opeyemi/.local/lib/python3.10/site-packages/airflow/example_dags/plugins/workday.py for tasks to queue
[2023-06-21T01:31:31.930+0100] {logging_mixin.py:149} INFO - [2023-06-21T01:31:31.930+0100] {dagbag.py:541} INFO - Filling up the DagBag from /home/opeyemi/.local/lib/python3.10/site-packages/airflow/example_dags/plugins/workday.py
[2023-06-21T01:31:32.625+0100] {processor.py:838} WARNING - No viable dags retrieved from /home/opeyemi/.local/lib/python3.10/site-packages/airflow/example_dags/plugins/workday.py
[2023-06-21T01:31:32.632+0100] {processor.py:179} INFO - Processing /home/opeyemi/.local/lib/python3.10/site-packages/airflow/example_dags/plugins/workday.py took 0.717 seconds
[2023-06-21T01:32:03.877+0100] {processor.py:157} INFO - Started process (PID=21988) to work on /home/opeyemi/.local/lib/python3.10/site-packages/airflow/example_dags/plugins/workday.py
[2023-06-21T01:32:03.884+0100] {processor.py:826} INFO - Processing file /home/opeyemi/.local/lib/python3.10/site-packages/airflow/example_dags/plugins/workday.py for tasks to queue
[2023-06-21T01:32:03.886+0100] {logging_mixin.py:149} INFO - [2023-06-21T01:32:03.885+0100] {dagbag.py:541} INFO - Filling up the DagBag from /home/opeyemi/.local/lib/python3.10/site-packages/airflow/example_dags/plugins/workday.py
[2023-06-21T01:32:04.482+0100] {processor.py:838} WARNING - No viable dags retrieved from /home/opeyemi/.local/lib/python3.10/site-packages/airflow/example_dags/plugins/workday.py
[2023-06-21T01:32:04.489+0100] {processor.py:179} INFO - Processing /home/opeyemi/.local/lib/python3.10/site-packages/airflow/example_dags/plugins/workday.py took 0.620 seconds
[2023-06-21T01:33:01.603+0100] {processor.py:157} INFO - Started process (PID=22047) to work on /home/opeyemi/.local/lib/python3.10/site-packages/airflow/example_dags/plugins/workday.py
[2023-06-21T01:33:01.608+0100] {processor.py:826} INFO - Processing file /home/opeyemi/.local/lib/python3.10/site-packages/airflow/example_dags/plugins/workday.py for tasks to queue
[2023-06-21T01:33:01.610+0100] {logging_mixin.py:149} INFO - [2023-06-21T01:33:01.610+0100] {dagbag.py:541} INFO - Filling up the DagBag from /home/opeyemi/.local/lib/python3.10/site-packages/airflow/example_dags/plugins/workday.py
[2023-06-21T01:33:02.349+0100] {processor.py:838} WARNING - No viable dags retrieved from /home/opeyemi/.local/lib/python3.10/site-packages/airflow/example_dags/plugins/workday.py
[2023-06-21T01:33:02.358+0100] {processor.py:179} INFO - Processing /home/opeyemi/.local/lib/python3.10/site-packages/airflow/example_dags/plugins/workday.py took 0.765 seconds
[2023-06-21T01:33:56.731+0100] {processor.py:157} INFO - Started process (PID=22192) to work on /home/opeyemi/.local/lib/python3.10/site-packages/airflow/example_dags/plugins/workday.py
[2023-06-21T01:33:56.739+0100] {processor.py:826} INFO - Processing file /home/opeyemi/.local/lib/python3.10/site-packages/airflow/example_dags/plugins/workday.py for tasks to queue
[2023-06-21T01:33:56.740+0100] {logging_mixin.py:149} INFO - [2023-06-21T01:33:56.740+0100] {dagbag.py:541} INFO - Filling up the DagBag from /home/opeyemi/.local/lib/python3.10/site-packages/airflow/example_dags/plugins/workday.py
[2023-06-21T01:33:57.315+0100] {processor.py:838} WARNING - No viable dags retrieved from /home/opeyemi/.local/lib/python3.10/site-packages/airflow/example_dags/plugins/workday.py
[2023-06-21T01:33:57.326+0100] {processor.py:179} INFO - Processing /home/opeyemi/.local/lib/python3.10/site-packages/airflow/example_dags/plugins/workday.py took 0.600 seconds
[2023-06-21T01:34:48.059+0100] {processor.py:157} INFO - Started process (PID=22379) to work on /home/opeyemi/.local/lib/python3.10/site-packages/airflow/example_dags/plugins/workday.py
[2023-06-21T01:34:48.072+0100] {processor.py:826} INFO - Processing file /home/opeyemi/.local/lib/python3.10/site-packages/airflow/example_dags/plugins/workday.py for tasks to queue
[2023-06-21T01:34:48.074+0100] {logging_mixin.py:149} INFO - [2023-06-21T01:34:48.074+0100] {dagbag.py:541} INFO - Filling up the DagBag from /home/opeyemi/.local/lib/python3.10/site-packages/airflow/example_dags/plugins/workday.py
[2023-06-21T01:34:48.680+0100] {processor.py:838} WARNING - No viable dags retrieved from /home/opeyemi/.local/lib/python3.10/site-packages/airflow/example_dags/plugins/workday.py
[2023-06-21T01:34:48.687+0100] {processor.py:179} INFO - Processing /home/opeyemi/.local/lib/python3.10/site-packages/airflow/example_dags/plugins/workday.py took 0.638 seconds
[2023-06-21T01:35:44.277+0100] {processor.py:157} INFO - Started process (PID=22552) to work on /home/opeyemi/.local/lib/python3.10/site-packages/airflow/example_dags/plugins/workday.py
[2023-06-21T01:35:44.280+0100] {processor.py:826} INFO - Processing file /home/opeyemi/.local/lib/python3.10/site-packages/airflow/example_dags/plugins/workday.py for tasks to queue
[2023-06-21T01:35:44.282+0100] {logging_mixin.py:149} INFO - [2023-06-21T01:35:44.281+0100] {dagbag.py:541} INFO - Filling up the DagBag from /home/opeyemi/.local/lib/python3.10/site-packages/airflow/example_dags/plugins/workday.py
[2023-06-21T01:35:44.939+0100] {processor.py:838} WARNING - No viable dags retrieved from /home/opeyemi/.local/lib/python3.10/site-packages/airflow/example_dags/plugins/workday.py
[2023-06-21T01:35:44.951+0100] {processor.py:179} INFO - Processing /home/opeyemi/.local/lib/python3.10/site-packages/airflow/example_dags/plugins/workday.py took 0.684 seconds
[2023-06-21T01:36:38.142+0100] {processor.py:157} INFO - Started process (PID=22744) to work on /home/opeyemi/.local/lib/python3.10/site-packages/airflow/example_dags/plugins/workday.py
[2023-06-21T01:36:38.148+0100] {processor.py:826} INFO - Processing file /home/opeyemi/.local/lib/python3.10/site-packages/airflow/example_dags/plugins/workday.py for tasks to queue
[2023-06-21T01:36:38.150+0100] {logging_mixin.py:149} INFO - [2023-06-21T01:36:38.149+0100] {dagbag.py:541} INFO - Filling up the DagBag from /home/opeyemi/.local/lib/python3.10/site-packages/airflow/example_dags/plugins/workday.py
[2023-06-21T01:36:39.038+0100] {processor.py:838} WARNING - No viable dags retrieved from /home/opeyemi/.local/lib/python3.10/site-packages/airflow/example_dags/plugins/workday.py
[2023-06-21T01:36:39.047+0100] {processor.py:179} INFO - Processing /home/opeyemi/.local/lib/python3.10/site-packages/airflow/example_dags/plugins/workday.py took 0.916 seconds
[2023-06-21T01:37:36.204+0100] {processor.py:157} INFO - Started process (PID=23039) to work on /home/opeyemi/.local/lib/python3.10/site-packages/airflow/example_dags/plugins/workday.py
[2023-06-21T01:37:36.217+0100] {processor.py:826} INFO - Processing file /home/opeyemi/.local/lib/python3.10/site-packages/airflow/example_dags/plugins/workday.py for tasks to queue
[2023-06-21T01:37:36.218+0100] {logging_mixin.py:149} INFO - [2023-06-21T01:37:36.218+0100] {dagbag.py:541} INFO - Filling up the DagBag from /home/opeyemi/.local/lib/python3.10/site-packages/airflow/example_dags/plugins/workday.py
[2023-06-21T01:37:36.790+0100] {processor.py:838} WARNING - No viable dags retrieved from /home/opeyemi/.local/lib/python3.10/site-packages/airflow/example_dags/plugins/workday.py
[2023-06-21T01:37:36.797+0100] {processor.py:179} INFO - Processing /home/opeyemi/.local/lib/python3.10/site-packages/airflow/example_dags/plugins/workday.py took 0.599 seconds
[2023-06-21T01:38:33.464+0100] {processor.py:157} INFO - Started process (PID=23261) to work on /home/opeyemi/.local/lib/python3.10/site-packages/airflow/example_dags/plugins/workday.py
[2023-06-21T01:38:33.468+0100] {processor.py:826} INFO - Processing file /home/opeyemi/.local/lib/python3.10/site-packages/airflow/example_dags/plugins/workday.py for tasks to queue
[2023-06-21T01:38:33.470+0100] {logging_mixin.py:149} INFO - [2023-06-21T01:38:33.469+0100] {dagbag.py:541} INFO - Filling up the DagBag from /home/opeyemi/.local/lib/python3.10/site-packages/airflow/example_dags/plugins/workday.py
[2023-06-21T01:38:34.270+0100] {processor.py:838} WARNING - No viable dags retrieved from /home/opeyemi/.local/lib/python3.10/site-packages/airflow/example_dags/plugins/workday.py
[2023-06-21T01:38:34.283+0100] {processor.py:179} INFO - Processing /home/opeyemi/.local/lib/python3.10/site-packages/airflow/example_dags/plugins/workday.py took 0.829 seconds
[2023-06-21T01:39:27.232+0100] {processor.py:157} INFO - Started process (PID=23308) to work on /home/opeyemi/.local/lib/python3.10/site-packages/airflow/example_dags/plugins/workday.py
[2023-06-21T01:39:27.241+0100] {processor.py:826} INFO - Processing file /home/opeyemi/.local/lib/python3.10/site-packages/airflow/example_dags/plugins/workday.py for tasks to queue
[2023-06-21T01:39:27.243+0100] {logging_mixin.py:149} INFO - [2023-06-21T01:39:27.242+0100] {dagbag.py:541} INFO - Filling up the DagBag from /home/opeyemi/.local/lib/python3.10/site-packages/airflow/example_dags/plugins/workday.py
[2023-06-21T01:39:27.836+0100] {processor.py:838} WARNING - No viable dags retrieved from /home/opeyemi/.local/lib/python3.10/site-packages/airflow/example_dags/plugins/workday.py
[2023-06-21T01:39:27.848+0100] {processor.py:179} INFO - Processing /home/opeyemi/.local/lib/python3.10/site-packages/airflow/example_dags/plugins/workday.py took 0.638 seconds
[2023-06-21T01:40:17.187+0100] {processor.py:157} INFO - Started process (PID=23363) to work on /home/opeyemi/.local/lib/python3.10/site-packages/airflow/example_dags/plugins/workday.py
[2023-06-21T01:40:17.194+0100] {processor.py:826} INFO - Processing file /home/opeyemi/.local/lib/python3.10/site-packages/airflow/example_dags/plugins/workday.py for tasks to queue
[2023-06-21T01:40:17.197+0100] {logging_mixin.py:149} INFO - [2023-06-21T01:40:17.196+0100] {dagbag.py:541} INFO - Filling up the DagBag from /home/opeyemi/.local/lib/python3.10/site-packages/airflow/example_dags/plugins/workday.py
[2023-06-21T01:40:18.021+0100] {processor.py:838} WARNING - No viable dags retrieved from /home/opeyemi/.local/lib/python3.10/site-packages/airflow/example_dags/plugins/workday.py
[2023-06-21T01:40:18.036+0100] {processor.py:179} INFO - Processing /home/opeyemi/.local/lib/python3.10/site-packages/airflow/example_dags/plugins/workday.py took 0.859 seconds
[2023-06-21T01:41:14.092+0100] {processor.py:157} INFO - Started process (PID=23416) to work on /home/opeyemi/.local/lib/python3.10/site-packages/airflow/example_dags/plugins/workday.py
[2023-06-21T01:41:14.098+0100] {processor.py:826} INFO - Processing file /home/opeyemi/.local/lib/python3.10/site-packages/airflow/example_dags/plugins/workday.py for tasks to queue
[2023-06-21T01:41:14.100+0100] {logging_mixin.py:149} INFO - [2023-06-21T01:41:14.099+0100] {dagbag.py:541} INFO - Filling up the DagBag from /home/opeyemi/.local/lib/python3.10/site-packages/airflow/example_dags/plugins/workday.py
[2023-06-21T01:41:14.893+0100] {processor.py:838} WARNING - No viable dags retrieved from /home/opeyemi/.local/lib/python3.10/site-packages/airflow/example_dags/plugins/workday.py
[2023-06-21T01:41:14.906+0100] {processor.py:179} INFO - Processing /home/opeyemi/.local/lib/python3.10/site-packages/airflow/example_dags/plugins/workday.py took 0.827 seconds
