[2023-07-12T04:27:10.081+0100] {processor.py:157} INFO - Started process (PID=798) to work on /home/opeyemi/.local/lib/python3.10/site-packages/airflow/example_dags/example_branch_operator.py
[2023-07-12T04:27:10.083+0100] {processor.py:826} INFO - Processing file /home/opeyemi/.local/lib/python3.10/site-packages/airflow/example_dags/example_branch_operator.py for tasks to queue
[2023-07-12T04:27:10.086+0100] {logging_mixin.py:150} INFO - [2023-07-12T04:27:10.085+0100] {dagbag.py:541} INFO - Filling up the DagBag from /home/opeyemi/.local/lib/python3.10/site-packages/airflow/example_dags/example_branch_operator.py
[2023-07-12T04:27:10.120+0100] {processor.py:836} INFO - DAG(s) dict_keys(['example_branch_operator']) retrieved from /home/opeyemi/.local/lib/python3.10/site-packages/airflow/example_dags/example_branch_operator.py
[2023-07-12T04:27:10.174+0100] {logging_mixin.py:150} INFO - [2023-07-12T04:27:10.173+0100] {dag.py:2742} INFO - Sync 1 DAGs
[2023-07-12T04:27:10.214+0100] {logging_mixin.py:150} INFO - [2023-07-12T04:27:10.213+0100] {dag.py:3504} INFO - Setting next_dagrun for example_branch_operator to 2023-07-11T00:00:00+00:00, run_after=2023-07-12T00:00:00+00:00
[2023-07-12T04:27:10.258+0100] {processor.py:179} INFO - Processing /home/opeyemi/.local/lib/python3.10/site-packages/airflow/example_dags/example_branch_operator.py took 0.188 seconds
[2023-07-12T04:28:08.684+0100] {processor.py:157} INFO - Started process (PID=852) to work on /home/opeyemi/.local/lib/python3.10/site-packages/airflow/example_dags/example_branch_operator.py
[2023-07-12T04:28:08.688+0100] {processor.py:826} INFO - Processing file /home/opeyemi/.local/lib/python3.10/site-packages/airflow/example_dags/example_branch_operator.py for tasks to queue
[2023-07-12T04:28:08.691+0100] {logging_mixin.py:150} INFO - [2023-07-12T04:28:08.689+0100] {dagbag.py:541} INFO - Filling up the DagBag from /home/opeyemi/.local/lib/python3.10/site-packages/airflow/example_dags/example_branch_operator.py
[2023-07-12T04:28:08.734+0100] {processor.py:836} INFO - DAG(s) dict_keys(['example_branch_operator']) retrieved from /home/opeyemi/.local/lib/python3.10/site-packages/airflow/example_dags/example_branch_operator.py
[2023-07-12T04:28:08.796+0100] {logging_mixin.py:150} INFO - [2023-07-12T04:28:08.795+0100] {dag.py:2742} INFO - Sync 1 DAGs
[2023-07-12T04:28:08.882+0100] {logging_mixin.py:150} INFO - [2023-07-12T04:28:08.882+0100] {dag.py:3504} INFO - Setting next_dagrun for example_branch_operator to 2023-07-11T00:00:00+00:00, run_after=2023-07-12T00:00:00+00:00
[2023-07-12T04:28:08.973+0100] {processor.py:179} INFO - Processing /home/opeyemi/.local/lib/python3.10/site-packages/airflow/example_dags/example_branch_operator.py took 0.301 seconds
[2023-07-12T04:31:15.299+0100] {processor.py:157} INFO - Started process (PID=987) to work on /home/opeyemi/.local/lib/python3.10/site-packages/airflow/example_dags/example_branch_operator.py
[2023-07-12T04:31:15.304+0100] {processor.py:826} INFO - Processing file /home/opeyemi/.local/lib/python3.10/site-packages/airflow/example_dags/example_branch_operator.py for tasks to queue
[2023-07-12T04:31:15.305+0100] {logging_mixin.py:150} INFO - [2023-07-12T04:31:15.305+0100] {dagbag.py:541} INFO - Filling up the DagBag from /home/opeyemi/.local/lib/python3.10/site-packages/airflow/example_dags/example_branch_operator.py
[2023-07-12T04:31:15.329+0100] {processor.py:836} INFO - DAG(s) dict_keys(['example_branch_operator']) retrieved from /home/opeyemi/.local/lib/python3.10/site-packages/airflow/example_dags/example_branch_operator.py
[2023-07-12T04:31:15.361+0100] {logging_mixin.py:150} INFO - [2023-07-12T04:31:15.361+0100] {dag.py:2742} INFO - Sync 1 DAGs
[2023-07-12T04:31:15.408+0100] {logging_mixin.py:150} INFO - [2023-07-12T04:31:15.407+0100] {dag.py:3504} INFO - Setting next_dagrun for example_branch_operator to 2023-07-11T00:00:00+00:00, run_after=2023-07-12T00:00:00+00:00
[2023-07-12T04:31:15.463+0100] {processor.py:179} INFO - Processing /home/opeyemi/.local/lib/python3.10/site-packages/airflow/example_dags/example_branch_operator.py took 0.170 seconds
[2023-07-12T04:32:27.529+0100] {processor.py:157} INFO - Started process (PID=1051) to work on /home/opeyemi/.local/lib/python3.10/site-packages/airflow/example_dags/example_branch_operator.py
[2023-07-12T04:32:27.531+0100] {processor.py:826} INFO - Processing file /home/opeyemi/.local/lib/python3.10/site-packages/airflow/example_dags/example_branch_operator.py for tasks to queue
[2023-07-12T04:32:27.533+0100] {logging_mixin.py:150} INFO - [2023-07-12T04:32:27.532+0100] {dagbag.py:541} INFO - Filling up the DagBag from /home/opeyemi/.local/lib/python3.10/site-packages/airflow/example_dags/example_branch_operator.py
[2023-07-12T04:32:27.551+0100] {processor.py:836} INFO - DAG(s) dict_keys(['example_branch_operator']) retrieved from /home/opeyemi/.local/lib/python3.10/site-packages/airflow/example_dags/example_branch_operator.py
[2023-07-12T04:32:27.593+0100] {logging_mixin.py:150} INFO - [2023-07-12T04:32:27.593+0100] {dag.py:2742} INFO - Sync 1 DAGs
[2023-07-12T04:32:27.618+0100] {logging_mixin.py:150} INFO - [2023-07-12T04:32:27.618+0100] {dag.py:3504} INFO - Setting next_dagrun for example_branch_operator to 2023-07-11T00:00:00+00:00, run_after=2023-07-12T00:00:00+00:00
[2023-07-12T04:32:27.676+0100] {processor.py:179} INFO - Processing /home/opeyemi/.local/lib/python3.10/site-packages/airflow/example_dags/example_branch_operator.py took 0.151 seconds
[2023-07-12T04:33:35.203+0100] {processor.py:157} INFO - Started process (PID=1132) to work on /home/opeyemi/.local/lib/python3.10/site-packages/airflow/example_dags/example_branch_operator.py
[2023-07-12T04:33:35.205+0100] {processor.py:826} INFO - Processing file /home/opeyemi/.local/lib/python3.10/site-packages/airflow/example_dags/example_branch_operator.py for tasks to queue
[2023-07-12T04:33:35.206+0100] {logging_mixin.py:150} INFO - [2023-07-12T04:33:35.205+0100] {dagbag.py:541} INFO - Filling up the DagBag from /home/opeyemi/.local/lib/python3.10/site-packages/airflow/example_dags/example_branch_operator.py
[2023-07-12T04:33:35.222+0100] {processor.py:836} INFO - DAG(s) dict_keys(['example_branch_operator']) retrieved from /home/opeyemi/.local/lib/python3.10/site-packages/airflow/example_dags/example_branch_operator.py
[2023-07-12T04:33:35.262+0100] {logging_mixin.py:150} INFO - [2023-07-12T04:33:35.262+0100] {dag.py:2742} INFO - Sync 1 DAGs
[2023-07-12T04:33:35.303+0100] {logging_mixin.py:150} INFO - [2023-07-12T04:33:35.302+0100] {dag.py:3504} INFO - Setting next_dagrun for example_branch_operator to 2023-07-11T00:00:00+00:00, run_after=2023-07-12T00:00:00+00:00
[2023-07-12T04:33:35.366+0100] {processor.py:179} INFO - Processing /home/opeyemi/.local/lib/python3.10/site-packages/airflow/example_dags/example_branch_operator.py took 0.169 seconds
[2023-07-12T04:34:53.635+0100] {processor.py:157} INFO - Started process (PID=1267) to work on /home/opeyemi/.local/lib/python3.10/site-packages/airflow/example_dags/example_branch_operator.py
[2023-07-12T04:34:53.640+0100] {processor.py:826} INFO - Processing file /home/opeyemi/.local/lib/python3.10/site-packages/airflow/example_dags/example_branch_operator.py for tasks to queue
[2023-07-12T04:34:53.642+0100] {logging_mixin.py:150} INFO - [2023-07-12T04:34:53.641+0100] {dagbag.py:541} INFO - Filling up the DagBag from /home/opeyemi/.local/lib/python3.10/site-packages/airflow/example_dags/example_branch_operator.py
[2023-07-12T04:34:53.674+0100] {processor.py:836} INFO - DAG(s) dict_keys(['example_branch_operator']) retrieved from /home/opeyemi/.local/lib/python3.10/site-packages/airflow/example_dags/example_branch_operator.py
[2023-07-12T04:34:53.727+0100] {logging_mixin.py:150} INFO - [2023-07-12T04:34:53.726+0100] {dag.py:2742} INFO - Sync 1 DAGs
[2023-07-12T04:34:53.778+0100] {logging_mixin.py:150} INFO - [2023-07-12T04:34:53.778+0100] {dag.py:3504} INFO - Setting next_dagrun for example_branch_operator to 2023-07-11T00:00:00+00:00, run_after=2023-07-12T00:00:00+00:00
[2023-07-12T04:34:53.818+0100] {processor.py:179} INFO - Processing /home/opeyemi/.local/lib/python3.10/site-packages/airflow/example_dags/example_branch_operator.py took 0.194 seconds
[2023-07-12T04:36:15.968+0100] {processor.py:157} INFO - Started process (PID=1341) to work on /home/opeyemi/.local/lib/python3.10/site-packages/airflow/example_dags/example_branch_operator.py
[2023-07-12T04:36:15.972+0100] {processor.py:826} INFO - Processing file /home/opeyemi/.local/lib/python3.10/site-packages/airflow/example_dags/example_branch_operator.py for tasks to queue
[2023-07-12T04:36:15.976+0100] {logging_mixin.py:150} INFO - [2023-07-12T04:36:15.975+0100] {dagbag.py:541} INFO - Filling up the DagBag from /home/opeyemi/.local/lib/python3.10/site-packages/airflow/example_dags/example_branch_operator.py
[2023-07-12T04:36:16.004+0100] {processor.py:836} INFO - DAG(s) dict_keys(['example_branch_operator']) retrieved from /home/opeyemi/.local/lib/python3.10/site-packages/airflow/example_dags/example_branch_operator.py
[2023-07-12T04:36:16.063+0100] {logging_mixin.py:150} INFO - [2023-07-12T04:36:16.062+0100] {dag.py:2742} INFO - Sync 1 DAGs
[2023-07-12T04:36:16.107+0100] {logging_mixin.py:150} INFO - [2023-07-12T04:36:16.106+0100] {dag.py:3504} INFO - Setting next_dagrun for example_branch_operator to 2023-07-11T00:00:00+00:00, run_after=2023-07-12T00:00:00+00:00
[2023-07-12T04:36:16.149+0100] {processor.py:179} INFO - Processing /home/opeyemi/.local/lib/python3.10/site-packages/airflow/example_dags/example_branch_operator.py took 0.189 seconds
[2023-07-12T04:37:52.904+0100] {processor.py:157} INFO - Started process (PID=1415) to work on /home/opeyemi/.local/lib/python3.10/site-packages/airflow/example_dags/example_branch_operator.py
[2023-07-12T04:37:52.957+0100] {processor.py:826} INFO - Processing file /home/opeyemi/.local/lib/python3.10/site-packages/airflow/example_dags/example_branch_operator.py for tasks to queue
[2023-07-12T04:37:52.959+0100] {logging_mixin.py:150} INFO - [2023-07-12T04:37:52.958+0100] {dagbag.py:541} INFO - Filling up the DagBag from /home/opeyemi/.local/lib/python3.10/site-packages/airflow/example_dags/example_branch_operator.py
[2023-07-12T04:37:52.993+0100] {processor.py:836} INFO - DAG(s) dict_keys(['example_branch_operator']) retrieved from /home/opeyemi/.local/lib/python3.10/site-packages/airflow/example_dags/example_branch_operator.py
[2023-07-12T04:37:53.074+0100] {logging_mixin.py:150} INFO - [2023-07-12T04:37:53.074+0100] {dag.py:2742} INFO - Sync 1 DAGs
[2023-07-12T04:37:53.185+0100] {logging_mixin.py:150} INFO - [2023-07-12T04:37:53.184+0100] {dag.py:3504} INFO - Setting next_dagrun for example_branch_operator to 2023-07-11T00:00:00+00:00, run_after=2023-07-12T00:00:00+00:00
[2023-07-12T04:37:53.669+0100] {processor.py:179} INFO - Processing /home/opeyemi/.local/lib/python3.10/site-packages/airflow/example_dags/example_branch_operator.py took 0.778 seconds
[2023-07-12T04:39:04.841+0100] {processor.py:157} INFO - Started process (PID=1472) to work on /home/opeyemi/.local/lib/python3.10/site-packages/airflow/example_dags/example_branch_operator.py
[2023-07-12T04:39:05.084+0100] {processor.py:826} INFO - Processing file /home/opeyemi/.local/lib/python3.10/site-packages/airflow/example_dags/example_branch_operator.py for tasks to queue
[2023-07-12T04:39:05.089+0100] {logging_mixin.py:150} INFO - [2023-07-12T04:39:05.086+0100] {dagbag.py:541} INFO - Filling up the DagBag from /home/opeyemi/.local/lib/python3.10/site-packages/airflow/example_dags/example_branch_operator.py
[2023-07-12T04:39:05.142+0100] {processor.py:836} INFO - DAG(s) dict_keys(['example_branch_operator']) retrieved from /home/opeyemi/.local/lib/python3.10/site-packages/airflow/example_dags/example_branch_operator.py
[2023-07-12T04:39:05.222+0100] {logging_mixin.py:150} INFO - [2023-07-12T04:39:05.221+0100] {dag.py:2742} INFO - Sync 1 DAGs
[2023-07-12T04:39:05.273+0100] {logging_mixin.py:150} INFO - [2023-07-12T04:39:05.273+0100] {dag.py:3504} INFO - Setting next_dagrun for example_branch_operator to 2023-07-11T00:00:00+00:00, run_after=2023-07-12T00:00:00+00:00
[2023-07-12T04:39:07.843+0100] {processor.py:179} INFO - Processing /home/opeyemi/.local/lib/python3.10/site-packages/airflow/example_dags/example_branch_operator.py took 3.011 seconds
[2023-07-12T04:41:05.734+0100] {processor.py:157} INFO - Started process (PID=1577) to work on /home/opeyemi/.local/lib/python3.10/site-packages/airflow/example_dags/example_branch_operator.py
[2023-07-12T04:41:05.740+0100] {processor.py:826} INFO - Processing file /home/opeyemi/.local/lib/python3.10/site-packages/airflow/example_dags/example_branch_operator.py for tasks to queue
[2023-07-12T04:41:05.742+0100] {logging_mixin.py:150} INFO - [2023-07-12T04:41:05.741+0100] {dagbag.py:541} INFO - Filling up the DagBag from /home/opeyemi/.local/lib/python3.10/site-packages/airflow/example_dags/example_branch_operator.py
[2023-07-12T04:41:05.781+0100] {processor.py:836} INFO - DAG(s) dict_keys(['example_branch_operator']) retrieved from /home/opeyemi/.local/lib/python3.10/site-packages/airflow/example_dags/example_branch_operator.py
[2023-07-12T04:41:05.820+0100] {logging_mixin.py:150} INFO - [2023-07-12T04:41:05.819+0100] {dag.py:2742} INFO - Sync 1 DAGs
[2023-07-12T04:41:05.861+0100] {logging_mixin.py:150} INFO - [2023-07-12T04:41:05.861+0100] {dag.py:3504} INFO - Setting next_dagrun for example_branch_operator to 2023-07-11T00:00:00+00:00, run_after=2023-07-12T00:00:00+00:00
[2023-07-12T04:41:05.942+0100] {processor.py:179} INFO - Processing /home/opeyemi/.local/lib/python3.10/site-packages/airflow/example_dags/example_branch_operator.py took 0.224 seconds
[2023-07-12T04:46:18.051+0100] {processor.py:157} INFO - Started process (PID=2063) to work on /home/opeyemi/.local/lib/python3.10/site-packages/airflow/example_dags/example_branch_operator.py
[2023-07-12T04:46:18.195+0100] {processor.py:826} INFO - Processing file /home/opeyemi/.local/lib/python3.10/site-packages/airflow/example_dags/example_branch_operator.py for tasks to queue
[2023-07-12T04:46:18.199+0100] {logging_mixin.py:150} INFO - [2023-07-12T04:46:18.197+0100] {dagbag.py:541} INFO - Filling up the DagBag from /home/opeyemi/.local/lib/python3.10/site-packages/airflow/example_dags/example_branch_operator.py
[2023-07-12T04:46:18.244+0100] {processor.py:836} INFO - DAG(s) dict_keys(['example_branch_operator']) retrieved from /home/opeyemi/.local/lib/python3.10/site-packages/airflow/example_dags/example_branch_operator.py
[2023-07-12T04:46:18.277+0100] {logging_mixin.py:150} INFO - [2023-07-12T04:46:18.276+0100] {dag.py:2742} INFO - Sync 1 DAGs
[2023-07-12T04:46:18.395+0100] {logging_mixin.py:150} INFO - [2023-07-12T04:46:18.394+0100] {dag.py:3504} INFO - Setting next_dagrun for example_branch_operator to 2023-07-11T00:00:00+00:00, run_after=2023-07-12T00:00:00+00:00
[2023-07-12T04:46:19.325+0100] {processor.py:179} INFO - Processing /home/opeyemi/.local/lib/python3.10/site-packages/airflow/example_dags/example_branch_operator.py took 1.290 seconds
[2023-07-12T04:50:28.755+0100] {processor.py:157} INFO - Started process (PID=2542) to work on /home/opeyemi/.local/lib/python3.10/site-packages/airflow/example_dags/example_branch_operator.py
[2023-07-12T04:50:28.757+0100] {processor.py:826} INFO - Processing file /home/opeyemi/.local/lib/python3.10/site-packages/airflow/example_dags/example_branch_operator.py for tasks to queue
[2023-07-12T04:50:28.759+0100] {logging_mixin.py:150} INFO - [2023-07-12T04:50:28.758+0100] {dagbag.py:541} INFO - Filling up the DagBag from /home/opeyemi/.local/lib/python3.10/site-packages/airflow/example_dags/example_branch_operator.py
[2023-07-12T04:50:28.771+0100] {processor.py:836} INFO - DAG(s) dict_keys(['example_branch_operator']) retrieved from /home/opeyemi/.local/lib/python3.10/site-packages/airflow/example_dags/example_branch_operator.py
[2023-07-12T04:50:28.801+0100] {logging_mixin.py:150} INFO - [2023-07-12T04:50:28.801+0100] {dag.py:2742} INFO - Sync 1 DAGs
[2023-07-12T04:50:28.833+0100] {logging_mixin.py:150} INFO - [2023-07-12T04:50:28.833+0100] {dag.py:3504} INFO - Setting next_dagrun for example_branch_operator to 2023-07-11T00:00:00+00:00, run_after=2023-07-12T00:00:00+00:00
[2023-07-12T04:50:28.881+0100] {processor.py:179} INFO - Processing /home/opeyemi/.local/lib/python3.10/site-packages/airflow/example_dags/example_branch_operator.py took 0.131 seconds
[2023-07-12T04:53:05.666+0100] {processor.py:157} INFO - Started process (PID=2674) to work on /home/opeyemi/.local/lib/python3.10/site-packages/airflow/example_dags/example_branch_operator.py
[2023-07-12T04:53:05.675+0100] {processor.py:826} INFO - Processing file /home/opeyemi/.local/lib/python3.10/site-packages/airflow/example_dags/example_branch_operator.py for tasks to queue
[2023-07-12T04:53:05.676+0100] {logging_mixin.py:150} INFO - [2023-07-12T04:53:05.676+0100] {dagbag.py:541} INFO - Filling up the DagBag from /home/opeyemi/.local/lib/python3.10/site-packages/airflow/example_dags/example_branch_operator.py
[2023-07-12T04:53:05.695+0100] {processor.py:836} INFO - DAG(s) dict_keys(['example_branch_operator']) retrieved from /home/opeyemi/.local/lib/python3.10/site-packages/airflow/example_dags/example_branch_operator.py
[2023-07-12T04:53:05.734+0100] {logging_mixin.py:150} INFO - [2023-07-12T04:53:05.734+0100] {dag.py:2742} INFO - Sync 1 DAGs
[2023-07-12T04:53:05.766+0100] {logging_mixin.py:150} INFO - [2023-07-12T04:53:05.765+0100] {dag.py:3504} INFO - Setting next_dagrun for example_branch_operator to 2023-07-11T00:00:00+00:00, run_after=2023-07-12T00:00:00+00:00
[2023-07-12T04:53:06.076+0100] {processor.py:179} INFO - Processing /home/opeyemi/.local/lib/python3.10/site-packages/airflow/example_dags/example_branch_operator.py took 0.420 seconds
[2023-07-12T04:55:01.760+0100] {processor.py:157} INFO - Started process (PID=2801) to work on /home/opeyemi/.local/lib/python3.10/site-packages/airflow/example_dags/example_branch_operator.py
[2023-07-12T04:55:01.854+0100] {processor.py:826} INFO - Processing file /home/opeyemi/.local/lib/python3.10/site-packages/airflow/example_dags/example_branch_operator.py for tasks to queue
[2023-07-12T04:55:01.859+0100] {logging_mixin.py:150} INFO - [2023-07-12T04:55:01.857+0100] {dagbag.py:541} INFO - Filling up the DagBag from /home/opeyemi/.local/lib/python3.10/site-packages/airflow/example_dags/example_branch_operator.py
[2023-07-12T04:55:01.904+0100] {processor.py:836} INFO - DAG(s) dict_keys(['example_branch_operator']) retrieved from /home/opeyemi/.local/lib/python3.10/site-packages/airflow/example_dags/example_branch_operator.py
[2023-07-12T04:55:01.977+0100] {logging_mixin.py:150} INFO - [2023-07-12T04:55:01.977+0100] {dag.py:2742} INFO - Sync 1 DAGs
[2023-07-12T04:55:02.098+0100] {logging_mixin.py:150} INFO - [2023-07-12T04:55:02.094+0100] {dag.py:3504} INFO - Setting next_dagrun for example_branch_operator to 2023-07-11T00:00:00+00:00, run_after=2023-07-12T00:00:00+00:00
[2023-07-12T04:55:02.174+0100] {processor.py:179} INFO - Processing /home/opeyemi/.local/lib/python3.10/site-packages/airflow/example_dags/example_branch_operator.py took 0.435 seconds
[2023-07-12T04:56:31.966+0100] {processor.py:157} INFO - Started process (PID=2857) to work on /home/opeyemi/.local/lib/python3.10/site-packages/airflow/example_dags/example_branch_operator.py
[2023-07-12T04:56:32.140+0100] {processor.py:826} INFO - Processing file /home/opeyemi/.local/lib/python3.10/site-packages/airflow/example_dags/example_branch_operator.py for tasks to queue
[2023-07-12T04:56:32.143+0100] {logging_mixin.py:150} INFO - [2023-07-12T04:56:32.142+0100] {dagbag.py:541} INFO - Filling up the DagBag from /home/opeyemi/.local/lib/python3.10/site-packages/airflow/example_dags/example_branch_operator.py
[2023-07-12T04:56:32.212+0100] {processor.py:836} INFO - DAG(s) dict_keys(['example_branch_operator']) retrieved from /home/opeyemi/.local/lib/python3.10/site-packages/airflow/example_dags/example_branch_operator.py
[2023-07-12T04:56:32.346+0100] {logging_mixin.py:150} INFO - [2023-07-12T04:56:32.346+0100] {dag.py:2742} INFO - Sync 1 DAGs
[2023-07-12T04:56:32.372+0100] {logging_mixin.py:150} INFO - [2023-07-12T04:56:32.371+0100] {dag.py:3504} INFO - Setting next_dagrun for example_branch_operator to 2023-07-11T00:00:00+00:00, run_after=2023-07-12T00:00:00+00:00
[2023-07-12T04:56:32.473+0100] {processor.py:179} INFO - Processing /home/opeyemi/.local/lib/python3.10/site-packages/airflow/example_dags/example_branch_operator.py took 0.522 seconds
[2023-07-12T04:58:06.595+0100] {processor.py:157} INFO - Started process (PID=2926) to work on /home/opeyemi/.local/lib/python3.10/site-packages/airflow/example_dags/example_branch_operator.py
[2023-07-12T04:58:06.607+0100] {processor.py:826} INFO - Processing file /home/opeyemi/.local/lib/python3.10/site-packages/airflow/example_dags/example_branch_operator.py for tasks to queue
[2023-07-12T04:58:06.609+0100] {logging_mixin.py:150} INFO - [2023-07-12T04:58:06.608+0100] {dagbag.py:541} INFO - Filling up the DagBag from /home/opeyemi/.local/lib/python3.10/site-packages/airflow/example_dags/example_branch_operator.py
[2023-07-12T04:58:06.631+0100] {processor.py:836} INFO - DAG(s) dict_keys(['example_branch_operator']) retrieved from /home/opeyemi/.local/lib/python3.10/site-packages/airflow/example_dags/example_branch_operator.py
[2023-07-12T04:58:06.678+0100] {logging_mixin.py:150} INFO - [2023-07-12T04:58:06.678+0100] {dag.py:2742} INFO - Sync 1 DAGs
[2023-07-12T04:58:06.713+0100] {logging_mixin.py:150} INFO - [2023-07-12T04:58:06.713+0100] {dag.py:3504} INFO - Setting next_dagrun for example_branch_operator to 2023-07-11T00:00:00+00:00, run_after=2023-07-12T00:00:00+00:00
[2023-07-12T04:58:06.817+0100] {processor.py:179} INFO - Processing /home/opeyemi/.local/lib/python3.10/site-packages/airflow/example_dags/example_branch_operator.py took 0.231 seconds
[2023-07-12T05:00:30.025+0100] {processor.py:157} INFO - Started process (PID=2996) to work on /home/opeyemi/.local/lib/python3.10/site-packages/airflow/example_dags/example_branch_operator.py
[2023-07-12T05:00:31.147+0100] {processor.py:826} INFO - Processing file /home/opeyemi/.local/lib/python3.10/site-packages/airflow/example_dags/example_branch_operator.py for tasks to queue
[2023-07-12T05:00:31.150+0100] {logging_mixin.py:150} INFO - [2023-07-12T05:00:31.149+0100] {dagbag.py:541} INFO - Filling up the DagBag from /home/opeyemi/.local/lib/python3.10/site-packages/airflow/example_dags/example_branch_operator.py
[2023-07-12T05:00:31.228+0100] {processor.py:836} INFO - DAG(s) dict_keys(['example_branch_operator']) retrieved from /home/opeyemi/.local/lib/python3.10/site-packages/airflow/example_dags/example_branch_operator.py
[2023-07-12T05:00:31.314+0100] {logging_mixin.py:150} INFO - [2023-07-12T05:00:31.312+0100] {dag.py:2742} INFO - Sync 1 DAGs
[2023-07-12T05:00:31.438+0100] {logging_mixin.py:150} INFO - [2023-07-12T05:00:31.425+0100] {dag.py:3504} INFO - Setting next_dagrun for example_branch_operator to 2023-07-11T00:00:00+00:00, run_after=2023-07-12T00:00:00+00:00
[2023-07-12T05:00:34.041+0100] {processor.py:179} INFO - Processing /home/opeyemi/.local/lib/python3.10/site-packages/airflow/example_dags/example_branch_operator.py took 4.038 seconds
[2023-07-12T05:03:39.891+0100] {processor.py:157} INFO - Started process (PID=3107) to work on /home/opeyemi/.local/lib/python3.10/site-packages/airflow/example_dags/example_branch_operator.py
[2023-07-12T05:03:39.931+0100] {processor.py:826} INFO - Processing file /home/opeyemi/.local/lib/python3.10/site-packages/airflow/example_dags/example_branch_operator.py for tasks to queue
[2023-07-12T05:03:39.934+0100] {logging_mixin.py:150} INFO - [2023-07-12T05:03:39.932+0100] {dagbag.py:541} INFO - Filling up the DagBag from /home/opeyemi/.local/lib/python3.10/site-packages/airflow/example_dags/example_branch_operator.py
[2023-07-12T05:03:39.962+0100] {processor.py:836} INFO - DAG(s) dict_keys(['example_branch_operator']) retrieved from /home/opeyemi/.local/lib/python3.10/site-packages/airflow/example_dags/example_branch_operator.py
[2023-07-12T05:03:40.027+0100] {logging_mixin.py:150} INFO - [2023-07-12T05:03:40.026+0100] {dag.py:2742} INFO - Sync 1 DAGs
[2023-07-12T05:03:40.083+0100] {logging_mixin.py:150} INFO - [2023-07-12T05:03:40.083+0100] {dag.py:3504} INFO - Setting next_dagrun for example_branch_operator to 2023-07-11T00:00:00+00:00, run_after=2023-07-12T00:00:00+00:00
[2023-07-12T05:03:40.282+0100] {processor.py:179} INFO - Processing /home/opeyemi/.local/lib/python3.10/site-packages/airflow/example_dags/example_branch_operator.py took 0.409 seconds
[2023-07-12T05:05:20.238+0100] {processor.py:157} INFO - Started process (PID=3174) to work on /home/opeyemi/.local/lib/python3.10/site-packages/airflow/example_dags/example_branch_operator.py
[2023-07-12T05:05:20.283+0100] {processor.py:826} INFO - Processing file /home/opeyemi/.local/lib/python3.10/site-packages/airflow/example_dags/example_branch_operator.py for tasks to queue
[2023-07-12T05:05:20.285+0100] {logging_mixin.py:150} INFO - [2023-07-12T05:05:20.284+0100] {dagbag.py:541} INFO - Filling up the DagBag from /home/opeyemi/.local/lib/python3.10/site-packages/airflow/example_dags/example_branch_operator.py
[2023-07-12T05:05:20.309+0100] {processor.py:836} INFO - DAG(s) dict_keys(['example_branch_operator']) retrieved from /home/opeyemi/.local/lib/python3.10/site-packages/airflow/example_dags/example_branch_operator.py
[2023-07-12T05:05:20.346+0100] {logging_mixin.py:150} INFO - [2023-07-12T05:05:20.345+0100] {dag.py:2742} INFO - Sync 1 DAGs
[2023-07-12T05:05:20.394+0100] {logging_mixin.py:150} INFO - [2023-07-12T05:05:20.394+0100] {dag.py:3504} INFO - Setting next_dagrun for example_branch_operator to 2023-07-11T00:00:00+00:00, run_after=2023-07-12T00:00:00+00:00
[2023-07-12T05:05:20.912+0100] {processor.py:179} INFO - Processing /home/opeyemi/.local/lib/python3.10/site-packages/airflow/example_dags/example_branch_operator.py took 0.699 seconds
[2023-07-12T05:06:56.476+0100] {processor.py:157} INFO - Started process (PID=3274) to work on /home/opeyemi/.local/lib/python3.10/site-packages/airflow/example_dags/example_branch_operator.py
[2023-07-12T05:06:56.485+0100] {processor.py:826} INFO - Processing file /home/opeyemi/.local/lib/python3.10/site-packages/airflow/example_dags/example_branch_operator.py for tasks to queue
[2023-07-12T05:06:56.487+0100] {logging_mixin.py:150} INFO - [2023-07-12T05:06:56.486+0100] {dagbag.py:541} INFO - Filling up the DagBag from /home/opeyemi/.local/lib/python3.10/site-packages/airflow/example_dags/example_branch_operator.py
[2023-07-12T05:06:56.512+0100] {processor.py:836} INFO - DAG(s) dict_keys(['example_branch_operator']) retrieved from /home/opeyemi/.local/lib/python3.10/site-packages/airflow/example_dags/example_branch_operator.py
[2023-07-12T05:06:56.565+0100] {logging_mixin.py:150} INFO - [2023-07-12T05:06:56.564+0100] {dag.py:2742} INFO - Sync 1 DAGs
[2023-07-12T05:06:56.621+0100] {logging_mixin.py:150} INFO - [2023-07-12T05:06:56.621+0100] {dag.py:3504} INFO - Setting next_dagrun for example_branch_operator to 2023-07-11T00:00:00+00:00, run_after=2023-07-12T00:00:00+00:00
[2023-07-12T05:06:56.966+0100] {processor.py:179} INFO - Processing /home/opeyemi/.local/lib/python3.10/site-packages/airflow/example_dags/example_branch_operator.py took 0.500 seconds
[2023-07-12T05:09:40.041+0100] {processor.py:157} INFO - Started process (PID=3466) to work on /home/opeyemi/.local/lib/python3.10/site-packages/airflow/example_dags/example_branch_operator.py
[2023-07-12T05:09:42.056+0100] {processor.py:826} INFO - Processing file /home/opeyemi/.local/lib/python3.10/site-packages/airflow/example_dags/example_branch_operator.py for tasks to queue
[2023-07-12T05:09:42.061+0100] {logging_mixin.py:150} INFO - [2023-07-12T05:09:42.059+0100] {dagbag.py:541} INFO - Filling up the DagBag from /home/opeyemi/.local/lib/python3.10/site-packages/airflow/example_dags/example_branch_operator.py
[2023-07-12T05:09:42.125+0100] {processor.py:836} INFO - DAG(s) dict_keys(['example_branch_operator']) retrieved from /home/opeyemi/.local/lib/python3.10/site-packages/airflow/example_dags/example_branch_operator.py
[2023-07-12T05:09:42.204+0100] {logging_mixin.py:150} INFO - [2023-07-12T05:09:42.203+0100] {dag.py:2742} INFO - Sync 1 DAGs
[2023-07-12T05:09:42.269+0100] {logging_mixin.py:150} INFO - [2023-07-12T05:09:42.269+0100] {dag.py:3504} INFO - Setting next_dagrun for example_branch_operator to 2023-07-11T00:00:00+00:00, run_after=2023-07-12T00:00:00+00:00
[2023-07-12T05:09:46.284+0100] {processor.py:179} INFO - Processing /home/opeyemi/.local/lib/python3.10/site-packages/airflow/example_dags/example_branch_operator.py took 6.254 seconds
[2023-07-12T05:11:41.954+0100] {processor.py:157} INFO - Started process (PID=3531) to work on /home/opeyemi/.local/lib/python3.10/site-packages/airflow/example_dags/example_branch_operator.py
[2023-07-12T05:11:42.041+0100] {processor.py:826} INFO - Processing file /home/opeyemi/.local/lib/python3.10/site-packages/airflow/example_dags/example_branch_operator.py for tasks to queue
[2023-07-12T05:11:42.043+0100] {logging_mixin.py:150} INFO - [2023-07-12T05:11:42.042+0100] {dagbag.py:541} INFO - Filling up the DagBag from /home/opeyemi/.local/lib/python3.10/site-packages/airflow/example_dags/example_branch_operator.py
[2023-07-12T05:11:42.110+0100] {processor.py:836} INFO - DAG(s) dict_keys(['example_branch_operator']) retrieved from /home/opeyemi/.local/lib/python3.10/site-packages/airflow/example_dags/example_branch_operator.py
[2023-07-12T05:11:42.223+0100] {logging_mixin.py:150} INFO - [2023-07-12T05:11:42.222+0100] {dag.py:2742} INFO - Sync 1 DAGs
[2023-07-12T05:11:42.286+0100] {logging_mixin.py:150} INFO - [2023-07-12T05:11:42.286+0100] {dag.py:3504} INFO - Setting next_dagrun for example_branch_operator to 2023-07-11T00:00:00+00:00, run_after=2023-07-12T00:00:00+00:00
[2023-07-12T05:11:42.451+0100] {processor.py:179} INFO - Processing /home/opeyemi/.local/lib/python3.10/site-packages/airflow/example_dags/example_branch_operator.py took 0.507 seconds
[2023-07-12T05:13:06.576+0100] {processor.py:157} INFO - Started process (PID=3591) to work on /home/opeyemi/.local/lib/python3.10/site-packages/airflow/example_dags/example_branch_operator.py
[2023-07-12T05:13:06.629+0100] {processor.py:826} INFO - Processing file /home/opeyemi/.local/lib/python3.10/site-packages/airflow/example_dags/example_branch_operator.py for tasks to queue
[2023-07-12T05:13:06.631+0100] {logging_mixin.py:150} INFO - [2023-07-12T05:13:06.631+0100] {dagbag.py:541} INFO - Filling up the DagBag from /home/opeyemi/.local/lib/python3.10/site-packages/airflow/example_dags/example_branch_operator.py
[2023-07-12T05:13:06.652+0100] {processor.py:836} INFO - DAG(s) dict_keys(['example_branch_operator']) retrieved from /home/opeyemi/.local/lib/python3.10/site-packages/airflow/example_dags/example_branch_operator.py
[2023-07-12T05:13:06.704+0100] {logging_mixin.py:150} INFO - [2023-07-12T05:13:06.703+0100] {dag.py:2742} INFO - Sync 1 DAGs
[2023-07-12T05:13:06.753+0100] {logging_mixin.py:150} INFO - [2023-07-12T05:13:06.753+0100] {dag.py:3504} INFO - Setting next_dagrun for example_branch_operator to 2023-07-11T00:00:00+00:00, run_after=2023-07-12T00:00:00+00:00
[2023-07-12T05:13:06.884+0100] {processor.py:179} INFO - Processing /home/opeyemi/.local/lib/python3.10/site-packages/airflow/example_dags/example_branch_operator.py took 0.318 seconds
[2023-07-12T05:14:16.553+0100] {processor.py:157} INFO - Started process (PID=3648) to work on /home/opeyemi/.local/lib/python3.10/site-packages/airflow/example_dags/example_branch_operator.py
[2023-07-12T05:14:16.562+0100] {processor.py:826} INFO - Processing file /home/opeyemi/.local/lib/python3.10/site-packages/airflow/example_dags/example_branch_operator.py for tasks to queue
[2023-07-12T05:14:16.564+0100] {logging_mixin.py:150} INFO - [2023-07-12T05:14:16.563+0100] {dagbag.py:541} INFO - Filling up the DagBag from /home/opeyemi/.local/lib/python3.10/site-packages/airflow/example_dags/example_branch_operator.py
[2023-07-12T05:14:16.584+0100] {processor.py:836} INFO - DAG(s) dict_keys(['example_branch_operator']) retrieved from /home/opeyemi/.local/lib/python3.10/site-packages/airflow/example_dags/example_branch_operator.py
[2023-07-12T05:14:16.640+0100] {logging_mixin.py:150} INFO - [2023-07-12T05:14:16.639+0100] {dag.py:2742} INFO - Sync 1 DAGs
[2023-07-12T05:14:16.682+0100] {logging_mixin.py:150} INFO - [2023-07-12T05:14:16.682+0100] {dag.py:3504} INFO - Setting next_dagrun for example_branch_operator to 2023-07-11T00:00:00+00:00, run_after=2023-07-12T00:00:00+00:00
[2023-07-12T05:14:17.133+0100] {processor.py:179} INFO - Processing /home/opeyemi/.local/lib/python3.10/site-packages/airflow/example_dags/example_branch_operator.py took 0.588 seconds
[2023-07-12T05:15:42.242+0100] {processor.py:157} INFO - Started process (PID=3701) to work on /home/opeyemi/.local/lib/python3.10/site-packages/airflow/example_dags/example_branch_operator.py
[2023-07-12T05:15:42.348+0100] {processor.py:826} INFO - Processing file /home/opeyemi/.local/lib/python3.10/site-packages/airflow/example_dags/example_branch_operator.py for tasks to queue
[2023-07-12T05:15:42.352+0100] {logging_mixin.py:150} INFO - [2023-07-12T05:15:42.351+0100] {dagbag.py:541} INFO - Filling up the DagBag from /home/opeyemi/.local/lib/python3.10/site-packages/airflow/example_dags/example_branch_operator.py
[2023-07-12T05:15:42.387+0100] {processor.py:836} INFO - DAG(s) dict_keys(['example_branch_operator']) retrieved from /home/opeyemi/.local/lib/python3.10/site-packages/airflow/example_dags/example_branch_operator.py
[2023-07-12T05:15:42.478+0100] {logging_mixin.py:150} INFO - [2023-07-12T05:15:42.478+0100] {dag.py:2742} INFO - Sync 1 DAGs
[2023-07-12T05:15:42.576+0100] {logging_mixin.py:150} INFO - [2023-07-12T05:15:42.575+0100] {dag.py:3504} INFO - Setting next_dagrun for example_branch_operator to 2023-07-11T00:00:00+00:00, run_after=2023-07-12T00:00:00+00:00
[2023-07-12T05:15:42.782+0100] {processor.py:179} INFO - Processing /home/opeyemi/.local/lib/python3.10/site-packages/airflow/example_dags/example_branch_operator.py took 0.561 seconds
[2023-07-12T05:17:39.095+0100] {processor.py:157} INFO - Started process (PID=3791) to work on /home/opeyemi/.local/lib/python3.10/site-packages/airflow/example_dags/example_branch_operator.py
[2023-07-12T05:17:39.198+0100] {processor.py:826} INFO - Processing file /home/opeyemi/.local/lib/python3.10/site-packages/airflow/example_dags/example_branch_operator.py for tasks to queue
[2023-07-12T05:17:39.200+0100] {logging_mixin.py:150} INFO - [2023-07-12T05:17:39.199+0100] {dagbag.py:541} INFO - Filling up the DagBag from /home/opeyemi/.local/lib/python3.10/site-packages/airflow/example_dags/example_branch_operator.py
[2023-07-12T05:17:39.222+0100] {processor.py:836} INFO - DAG(s) dict_keys(['example_branch_operator']) retrieved from /home/opeyemi/.local/lib/python3.10/site-packages/airflow/example_dags/example_branch_operator.py
[2023-07-12T05:17:39.277+0100] {logging_mixin.py:150} INFO - [2023-07-12T05:17:39.277+0100] {dag.py:2742} INFO - Sync 1 DAGs
[2023-07-12T05:17:39.330+0100] {logging_mixin.py:150} INFO - [2023-07-12T05:17:39.329+0100] {dag.py:3504} INFO - Setting next_dagrun for example_branch_operator to 2023-07-11T00:00:00+00:00, run_after=2023-07-12T00:00:00+00:00
[2023-07-12T05:17:39.479+0100] {processor.py:179} INFO - Processing /home/opeyemi/.local/lib/python3.10/site-packages/airflow/example_dags/example_branch_operator.py took 0.393 seconds
[2023-07-12T05:20:10.910+0100] {processor.py:157} INFO - Started process (PID=3878) to work on /home/opeyemi/.local/lib/python3.10/site-packages/airflow/example_dags/example_branch_operator.py
[2023-07-12T05:20:10.983+0100] {processor.py:826} INFO - Processing file /home/opeyemi/.local/lib/python3.10/site-packages/airflow/example_dags/example_branch_operator.py for tasks to queue
[2023-07-12T05:20:10.985+0100] {logging_mixin.py:150} INFO - [2023-07-12T05:20:10.984+0100] {dagbag.py:541} INFO - Filling up the DagBag from /home/opeyemi/.local/lib/python3.10/site-packages/airflow/example_dags/example_branch_operator.py
[2023-07-12T05:20:11.003+0100] {processor.py:836} INFO - DAG(s) dict_keys(['example_branch_operator']) retrieved from /home/opeyemi/.local/lib/python3.10/site-packages/airflow/example_dags/example_branch_operator.py
[2023-07-12T05:20:11.042+0100] {logging_mixin.py:150} INFO - [2023-07-12T05:20:11.042+0100] {dag.py:2742} INFO - Sync 1 DAGs
[2023-07-12T05:20:11.083+0100] {logging_mixin.py:150} INFO - [2023-07-12T05:20:11.083+0100] {dag.py:3504} INFO - Setting next_dagrun for example_branch_operator to 2023-07-11T00:00:00+00:00, run_after=2023-07-12T00:00:00+00:00
[2023-07-12T05:20:11.160+0100] {processor.py:179} INFO - Processing /home/opeyemi/.local/lib/python3.10/site-packages/airflow/example_dags/example_branch_operator.py took 0.258 seconds
[2023-07-12T05:22:05.097+0100] {processor.py:157} INFO - Started process (PID=4222) to work on /home/opeyemi/.local/lib/python3.10/site-packages/airflow/example_dags/example_branch_operator.py
[2023-07-12T05:22:05.104+0100] {processor.py:826} INFO - Processing file /home/opeyemi/.local/lib/python3.10/site-packages/airflow/example_dags/example_branch_operator.py for tasks to queue
[2023-07-12T05:22:05.106+0100] {logging_mixin.py:150} INFO - [2023-07-12T05:22:05.105+0100] {dagbag.py:541} INFO - Filling up the DagBag from /home/opeyemi/.local/lib/python3.10/site-packages/airflow/example_dags/example_branch_operator.py
[2023-07-12T05:22:05.132+0100] {processor.py:836} INFO - DAG(s) dict_keys(['example_branch_operator']) retrieved from /home/opeyemi/.local/lib/python3.10/site-packages/airflow/example_dags/example_branch_operator.py
[2023-07-12T05:22:05.217+0100] {logging_mixin.py:150} INFO - [2023-07-12T05:22:05.213+0100] {dag.py:2742} INFO - Sync 1 DAGs
[2023-07-12T05:22:05.290+0100] {logging_mixin.py:150} INFO - [2023-07-12T05:22:05.289+0100] {dag.py:3504} INFO - Setting next_dagrun for example_branch_operator to 2023-07-11T00:00:00+00:00, run_after=2023-07-12T00:00:00+00:00
[2023-07-12T05:22:05.624+0100] {processor.py:179} INFO - Processing /home/opeyemi/.local/lib/python3.10/site-packages/airflow/example_dags/example_branch_operator.py took 0.534 seconds
[2023-07-12T05:24:30.645+0100] {processor.py:157} INFO - Started process (PID=4633) to work on /home/opeyemi/.local/lib/python3.10/site-packages/airflow/example_dags/example_branch_operator.py
[2023-07-12T05:24:30.719+0100] {processor.py:826} INFO - Processing file /home/opeyemi/.local/lib/python3.10/site-packages/airflow/example_dags/example_branch_operator.py for tasks to queue
[2023-07-12T05:24:30.721+0100] {logging_mixin.py:150} INFO - [2023-07-12T05:24:30.720+0100] {dagbag.py:541} INFO - Filling up the DagBag from /home/opeyemi/.local/lib/python3.10/site-packages/airflow/example_dags/example_branch_operator.py
[2023-07-12T05:24:30.758+0100] {processor.py:836} INFO - DAG(s) dict_keys(['example_branch_operator']) retrieved from /home/opeyemi/.local/lib/python3.10/site-packages/airflow/example_dags/example_branch_operator.py
[2023-07-12T05:24:30.852+0100] {logging_mixin.py:150} INFO - [2023-07-12T05:24:30.851+0100] {dag.py:2742} INFO - Sync 1 DAGs
[2023-07-12T05:24:30.934+0100] {logging_mixin.py:150} INFO - [2023-07-12T05:24:30.934+0100] {dag.py:3504} INFO - Setting next_dagrun for example_branch_operator to 2023-07-11T00:00:00+00:00, run_after=2023-07-12T00:00:00+00:00
[2023-07-12T05:24:31.044+0100] {processor.py:179} INFO - Processing /home/opeyemi/.local/lib/python3.10/site-packages/airflow/example_dags/example_branch_operator.py took 0.409 seconds
[2023-07-12T05:26:32.092+0100] {processor.py:157} INFO - Started process (PID=4769) to work on /home/opeyemi/.local/lib/python3.10/site-packages/airflow/example_dags/example_branch_operator.py
[2023-07-12T05:26:32.146+0100] {processor.py:826} INFO - Processing file /home/opeyemi/.local/lib/python3.10/site-packages/airflow/example_dags/example_branch_operator.py for tasks to queue
[2023-07-12T05:26:32.150+0100] {logging_mixin.py:150} INFO - [2023-07-12T05:26:32.148+0100] {dagbag.py:541} INFO - Filling up the DagBag from /home/opeyemi/.local/lib/python3.10/site-packages/airflow/example_dags/example_branch_operator.py
[2023-07-12T05:26:32.195+0100] {processor.py:836} INFO - DAG(s) dict_keys(['example_branch_operator']) retrieved from /home/opeyemi/.local/lib/python3.10/site-packages/airflow/example_dags/example_branch_operator.py
[2023-07-12T05:26:33.012+0100] {logging_mixin.py:150} INFO - [2023-07-12T05:26:33.011+0100] {dag.py:2742} INFO - Sync 1 DAGs
[2023-07-12T05:26:33.576+0100] {logging_mixin.py:150} INFO - [2023-07-12T05:26:33.575+0100] {dag.py:3504} INFO - Setting next_dagrun for example_branch_operator to 2023-07-11T00:00:00+00:00, run_after=2023-07-12T00:00:00+00:00
[2023-07-12T05:26:34.232+0100] {processor.py:179} INFO - Processing /home/opeyemi/.local/lib/python3.10/site-packages/airflow/example_dags/example_branch_operator.py took 2.164 seconds
[2023-07-12T05:29:15.429+0100] {processor.py:157} INFO - Started process (PID=4906) to work on /home/opeyemi/.local/lib/python3.10/site-packages/airflow/example_dags/example_branch_operator.py
[2023-07-12T05:29:15.504+0100] {processor.py:826} INFO - Processing file /home/opeyemi/.local/lib/python3.10/site-packages/airflow/example_dags/example_branch_operator.py for tasks to queue
[2023-07-12T05:29:15.509+0100] {logging_mixin.py:150} INFO - [2023-07-12T05:29:15.507+0100] {dagbag.py:541} INFO - Filling up the DagBag from /home/opeyemi/.local/lib/python3.10/site-packages/airflow/example_dags/example_branch_operator.py
[2023-07-12T05:29:15.584+0100] {processor.py:836} INFO - DAG(s) dict_keys(['example_branch_operator']) retrieved from /home/opeyemi/.local/lib/python3.10/site-packages/airflow/example_dags/example_branch_operator.py
[2023-07-12T05:29:15.694+0100] {logging_mixin.py:150} INFO - [2023-07-12T05:29:15.694+0100] {dag.py:2742} INFO - Sync 1 DAGs
[2023-07-12T05:29:15.740+0100] {logging_mixin.py:150} INFO - [2023-07-12T05:29:15.740+0100] {dag.py:3504} INFO - Setting next_dagrun for example_branch_operator to 2023-07-11T00:00:00+00:00, run_after=2023-07-12T00:00:00+00:00
[2023-07-12T05:29:15.978+0100] {processor.py:179} INFO - Processing /home/opeyemi/.local/lib/python3.10/site-packages/airflow/example_dags/example_branch_operator.py took 0.555 seconds
[2023-07-12T05:30:51.847+0100] {processor.py:157} INFO - Started process (PID=5064) to work on /home/opeyemi/.local/lib/python3.10/site-packages/airflow/example_dags/example_branch_operator.py
[2023-07-12T05:30:51.871+0100] {processor.py:826} INFO - Processing file /home/opeyemi/.local/lib/python3.10/site-packages/airflow/example_dags/example_branch_operator.py for tasks to queue
[2023-07-12T05:30:51.873+0100] {logging_mixin.py:150} INFO - [2023-07-12T05:30:51.872+0100] {dagbag.py:541} INFO - Filling up the DagBag from /home/opeyemi/.local/lib/python3.10/site-packages/airflow/example_dags/example_branch_operator.py
[2023-07-12T05:30:51.902+0100] {processor.py:836} INFO - DAG(s) dict_keys(['example_branch_operator']) retrieved from /home/opeyemi/.local/lib/python3.10/site-packages/airflow/example_dags/example_branch_operator.py
[2023-07-12T05:30:51.971+0100] {logging_mixin.py:150} INFO - [2023-07-12T05:30:51.970+0100] {dag.py:2742} INFO - Sync 1 DAGs
[2023-07-12T05:30:52.024+0100] {logging_mixin.py:150} INFO - [2023-07-12T05:30:52.024+0100] {dag.py:3504} INFO - Setting next_dagrun for example_branch_operator to 2023-07-11T00:00:00+00:00, run_after=2023-07-12T00:00:00+00:00
[2023-07-12T05:30:52.217+0100] {processor.py:179} INFO - Processing /home/opeyemi/.local/lib/python3.10/site-packages/airflow/example_dags/example_branch_operator.py took 0.381 seconds
[2023-07-12T05:32:09.366+0100] {processor.py:157} INFO - Started process (PID=5279) to work on /home/opeyemi/.local/lib/python3.10/site-packages/airflow/example_dags/example_branch_operator.py
[2023-07-12T05:32:09.472+0100] {processor.py:826} INFO - Processing file /home/opeyemi/.local/lib/python3.10/site-packages/airflow/example_dags/example_branch_operator.py for tasks to queue
[2023-07-12T05:32:09.474+0100] {logging_mixin.py:150} INFO - [2023-07-12T05:32:09.474+0100] {dagbag.py:541} INFO - Filling up the DagBag from /home/opeyemi/.local/lib/python3.10/site-packages/airflow/example_dags/example_branch_operator.py
[2023-07-12T05:32:09.502+0100] {processor.py:836} INFO - DAG(s) dict_keys(['example_branch_operator']) retrieved from /home/opeyemi/.local/lib/python3.10/site-packages/airflow/example_dags/example_branch_operator.py
[2023-07-12T05:32:09.571+0100] {logging_mixin.py:150} INFO - [2023-07-12T05:32:09.570+0100] {dag.py:2742} INFO - Sync 1 DAGs
[2023-07-12T05:32:09.650+0100] {logging_mixin.py:150} INFO - [2023-07-12T05:32:09.649+0100] {dag.py:3504} INFO - Setting next_dagrun for example_branch_operator to 2023-07-11T00:00:00+00:00, run_after=2023-07-12T00:00:00+00:00
[2023-07-12T05:32:09.767+0100] {processor.py:179} INFO - Processing /home/opeyemi/.local/lib/python3.10/site-packages/airflow/example_dags/example_branch_operator.py took 0.414 seconds
[2023-07-12T05:34:10.563+0100] {processor.py:157} INFO - Started process (PID=5450) to work on /home/opeyemi/.local/lib/python3.10/site-packages/airflow/example_dags/example_branch_operator.py
[2023-07-12T05:34:11.726+0100] {processor.py:826} INFO - Processing file /home/opeyemi/.local/lib/python3.10/site-packages/airflow/example_dags/example_branch_operator.py for tasks to queue
[2023-07-12T05:34:11.730+0100] {logging_mixin.py:150} INFO - [2023-07-12T05:34:11.728+0100] {dagbag.py:541} INFO - Filling up the DagBag from /home/opeyemi/.local/lib/python3.10/site-packages/airflow/example_dags/example_branch_operator.py
[2023-07-12T05:34:11.779+0100] {processor.py:836} INFO - DAG(s) dict_keys(['example_branch_operator']) retrieved from /home/opeyemi/.local/lib/python3.10/site-packages/airflow/example_dags/example_branch_operator.py
[2023-07-12T05:34:11.862+0100] {logging_mixin.py:150} INFO - [2023-07-12T05:34:11.862+0100] {dag.py:2742} INFO - Sync 1 DAGs
[2023-07-12T05:34:11.948+0100] {logging_mixin.py:150} INFO - [2023-07-12T05:34:11.948+0100] {dag.py:3504} INFO - Setting next_dagrun for example_branch_operator to 2023-07-11T00:00:00+00:00, run_after=2023-07-12T00:00:00+00:00
[2023-07-12T05:34:13.366+0100] {processor.py:179} INFO - Processing /home/opeyemi/.local/lib/python3.10/site-packages/airflow/example_dags/example_branch_operator.py took 2.809 seconds
[2023-07-12T05:36:20.421+0100] {processor.py:157} INFO - Started process (PID=5660) to work on /home/opeyemi/.local/lib/python3.10/site-packages/airflow/example_dags/example_branch_operator.py
[2023-07-12T05:36:20.436+0100] {processor.py:826} INFO - Processing file /home/opeyemi/.local/lib/python3.10/site-packages/airflow/example_dags/example_branch_operator.py for tasks to queue
[2023-07-12T05:36:20.438+0100] {logging_mixin.py:150} INFO - [2023-07-12T05:36:20.437+0100] {dagbag.py:541} INFO - Filling up the DagBag from /home/opeyemi/.local/lib/python3.10/site-packages/airflow/example_dags/example_branch_operator.py
[2023-07-12T05:36:20.451+0100] {processor.py:836} INFO - DAG(s) dict_keys(['example_branch_operator']) retrieved from /home/opeyemi/.local/lib/python3.10/site-packages/airflow/example_dags/example_branch_operator.py
[2023-07-12T05:36:20.489+0100] {logging_mixin.py:150} INFO - [2023-07-12T05:36:20.489+0100] {dag.py:2742} INFO - Sync 1 DAGs
[2023-07-12T05:36:20.523+0100] {logging_mixin.py:150} INFO - [2023-07-12T05:36:20.522+0100] {dag.py:3504} INFO - Setting next_dagrun for example_branch_operator to 2023-07-11T00:00:00+00:00, run_after=2023-07-12T00:00:00+00:00
[2023-07-12T05:36:20.647+0100] {processor.py:179} INFO - Processing /home/opeyemi/.local/lib/python3.10/site-packages/airflow/example_dags/example_branch_operator.py took 0.238 seconds
[2023-07-12T05:37:48.429+0100] {processor.py:157} INFO - Started process (PID=5760) to work on /home/opeyemi/.local/lib/python3.10/site-packages/airflow/example_dags/example_branch_operator.py
[2023-07-12T05:37:48.445+0100] {processor.py:826} INFO - Processing file /home/opeyemi/.local/lib/python3.10/site-packages/airflow/example_dags/example_branch_operator.py for tasks to queue
[2023-07-12T05:37:48.448+0100] {logging_mixin.py:150} INFO - [2023-07-12T05:37:48.446+0100] {dagbag.py:541} INFO - Filling up the DagBag from /home/opeyemi/.local/lib/python3.10/site-packages/airflow/example_dags/example_branch_operator.py
[2023-07-12T05:37:48.473+0100] {processor.py:836} INFO - DAG(s) dict_keys(['example_branch_operator']) retrieved from /home/opeyemi/.local/lib/python3.10/site-packages/airflow/example_dags/example_branch_operator.py
[2023-07-12T05:37:48.526+0100] {logging_mixin.py:150} INFO - [2023-07-12T05:37:48.526+0100] {dag.py:2742} INFO - Sync 1 DAGs
[2023-07-12T05:37:48.576+0100] {logging_mixin.py:150} INFO - [2023-07-12T05:37:48.575+0100] {dag.py:3504} INFO - Setting next_dagrun for example_branch_operator to 2023-07-11T00:00:00+00:00, run_after=2023-07-12T00:00:00+00:00
[2023-07-12T05:37:48.648+0100] {processor.py:179} INFO - Processing /home/opeyemi/.local/lib/python3.10/site-packages/airflow/example_dags/example_branch_operator.py took 0.228 seconds
[2023-07-12T05:38:47.556+0100] {processor.py:157} INFO - Started process (PID=5917) to work on /home/opeyemi/.local/lib/python3.10/site-packages/airflow/example_dags/example_branch_operator.py
[2023-07-12T05:38:47.560+0100] {processor.py:826} INFO - Processing file /home/opeyemi/.local/lib/python3.10/site-packages/airflow/example_dags/example_branch_operator.py for tasks to queue
[2023-07-12T05:38:47.561+0100] {logging_mixin.py:150} INFO - [2023-07-12T05:38:47.561+0100] {dagbag.py:541} INFO - Filling up the DagBag from /home/opeyemi/.local/lib/python3.10/site-packages/airflow/example_dags/example_branch_operator.py
[2023-07-12T05:38:47.578+0100] {processor.py:836} INFO - DAG(s) dict_keys(['example_branch_operator']) retrieved from /home/opeyemi/.local/lib/python3.10/site-packages/airflow/example_dags/example_branch_operator.py
[2023-07-12T05:38:47.617+0100] {logging_mixin.py:150} INFO - [2023-07-12T05:38:47.617+0100] {dag.py:2742} INFO - Sync 1 DAGs
[2023-07-12T05:38:47.655+0100] {logging_mixin.py:150} INFO - [2023-07-12T05:38:47.655+0100] {dag.py:3504} INFO - Setting next_dagrun for example_branch_operator to 2023-07-11T00:00:00+00:00, run_after=2023-07-12T00:00:00+00:00
[2023-07-12T05:38:47.753+0100] {processor.py:179} INFO - Processing /home/opeyemi/.local/lib/python3.10/site-packages/airflow/example_dags/example_branch_operator.py took 0.204 seconds
[2023-07-12T05:39:49.452+0100] {processor.py:157} INFO - Started process (PID=6034) to work on /home/opeyemi/.local/lib/python3.10/site-packages/airflow/example_dags/example_branch_operator.py
[2023-07-12T05:39:49.460+0100] {processor.py:826} INFO - Processing file /home/opeyemi/.local/lib/python3.10/site-packages/airflow/example_dags/example_branch_operator.py for tasks to queue
[2023-07-12T05:39:49.464+0100] {logging_mixin.py:150} INFO - [2023-07-12T05:39:49.463+0100] {dagbag.py:541} INFO - Filling up the DagBag from /home/opeyemi/.local/lib/python3.10/site-packages/airflow/example_dags/example_branch_operator.py
[2023-07-12T05:39:49.499+0100] {processor.py:836} INFO - DAG(s) dict_keys(['example_branch_operator']) retrieved from /home/opeyemi/.local/lib/python3.10/site-packages/airflow/example_dags/example_branch_operator.py
[2023-07-12T05:39:49.572+0100] {logging_mixin.py:150} INFO - [2023-07-12T05:39:49.572+0100] {dag.py:2742} INFO - Sync 1 DAGs
[2023-07-12T05:39:49.638+0100] {logging_mixin.py:150} INFO - [2023-07-12T05:39:49.637+0100] {dag.py:3504} INFO - Setting next_dagrun for example_branch_operator to 2023-07-11T00:00:00+00:00, run_after=2023-07-12T00:00:00+00:00
[2023-07-12T05:39:49.747+0100] {processor.py:179} INFO - Processing /home/opeyemi/.local/lib/python3.10/site-packages/airflow/example_dags/example_branch_operator.py took 0.308 seconds
[2023-07-12T05:40:54.595+0100] {processor.py:157} INFO - Started process (PID=6130) to work on /home/opeyemi/.local/lib/python3.10/site-packages/airflow/example_dags/example_branch_operator.py
[2023-07-12T05:40:54.608+0100] {processor.py:826} INFO - Processing file /home/opeyemi/.local/lib/python3.10/site-packages/airflow/example_dags/example_branch_operator.py for tasks to queue
[2023-07-12T05:40:54.611+0100] {logging_mixin.py:150} INFO - [2023-07-12T05:40:54.610+0100] {dagbag.py:541} INFO - Filling up the DagBag from /home/opeyemi/.local/lib/python3.10/site-packages/airflow/example_dags/example_branch_operator.py
[2023-07-12T05:40:54.638+0100] {processor.py:836} INFO - DAG(s) dict_keys(['example_branch_operator']) retrieved from /home/opeyemi/.local/lib/python3.10/site-packages/airflow/example_dags/example_branch_operator.py
[2023-07-12T05:40:54.697+0100] {logging_mixin.py:150} INFO - [2023-07-12T05:40:54.697+0100] {dag.py:2742} INFO - Sync 1 DAGs
[2023-07-12T05:40:54.765+0100] {logging_mixin.py:150} INFO - [2023-07-12T05:40:54.765+0100] {dag.py:3504} INFO - Setting next_dagrun for example_branch_operator to 2023-07-11T00:00:00+00:00, run_after=2023-07-12T00:00:00+00:00
[2023-07-12T05:40:55.107+0100] {processor.py:179} INFO - Processing /home/opeyemi/.local/lib/python3.10/site-packages/airflow/example_dags/example_branch_operator.py took 0.523 seconds
[2023-07-12T05:41:58.186+0100] {processor.py:157} INFO - Started process (PID=6187) to work on /home/opeyemi/.local/lib/python3.10/site-packages/airflow/example_dags/example_branch_operator.py
[2023-07-12T05:41:58.192+0100] {processor.py:826} INFO - Processing file /home/opeyemi/.local/lib/python3.10/site-packages/airflow/example_dags/example_branch_operator.py for tasks to queue
[2023-07-12T05:41:58.194+0100] {logging_mixin.py:150} INFO - [2023-07-12T05:41:58.193+0100] {dagbag.py:541} INFO - Filling up the DagBag from /home/opeyemi/.local/lib/python3.10/site-packages/airflow/example_dags/example_branch_operator.py
[2023-07-12T05:41:58.219+0100] {processor.py:836} INFO - DAG(s) dict_keys(['example_branch_operator']) retrieved from /home/opeyemi/.local/lib/python3.10/site-packages/airflow/example_dags/example_branch_operator.py
[2023-07-12T05:41:58.271+0100] {logging_mixin.py:150} INFO - [2023-07-12T05:41:58.271+0100] {dag.py:2742} INFO - Sync 1 DAGs
[2023-07-12T05:41:58.319+0100] {logging_mixin.py:150} INFO - [2023-07-12T05:41:58.318+0100] {dag.py:3504} INFO - Setting next_dagrun for example_branch_operator to 2023-07-11T00:00:00+00:00, run_after=2023-07-12T00:00:00+00:00
[2023-07-12T05:41:58.380+0100] {processor.py:179} INFO - Processing /home/opeyemi/.local/lib/python3.10/site-packages/airflow/example_dags/example_branch_operator.py took 0.205 seconds
[2023-07-12T05:43:39.918+0100] {processor.py:157} INFO - Started process (PID=6274) to work on /home/opeyemi/.local/lib/python3.10/site-packages/airflow/example_dags/example_branch_operator.py
[2023-07-12T05:43:39.922+0100] {processor.py:826} INFO - Processing file /home/opeyemi/.local/lib/python3.10/site-packages/airflow/example_dags/example_branch_operator.py for tasks to queue
[2023-07-12T05:43:39.925+0100] {logging_mixin.py:150} INFO - [2023-07-12T05:43:39.924+0100] {dagbag.py:541} INFO - Filling up the DagBag from /home/opeyemi/.local/lib/python3.10/site-packages/airflow/example_dags/example_branch_operator.py
[2023-07-12T05:43:39.960+0100] {processor.py:836} INFO - DAG(s) dict_keys(['example_branch_operator']) retrieved from /home/opeyemi/.local/lib/python3.10/site-packages/airflow/example_dags/example_branch_operator.py
[2023-07-12T05:43:40.019+0100] {logging_mixin.py:150} INFO - [2023-07-12T05:43:40.019+0100] {dag.py:2742} INFO - Sync 1 DAGs
[2023-07-12T05:43:40.045+0100] {logging_mixin.py:150} INFO - [2023-07-12T05:43:40.045+0100] {dag.py:3504} INFO - Setting next_dagrun for example_branch_operator to 2023-07-11T00:00:00+00:00, run_after=2023-07-12T00:00:00+00:00
[2023-07-12T05:43:40.090+0100] {processor.py:179} INFO - Processing /home/opeyemi/.local/lib/python3.10/site-packages/airflow/example_dags/example_branch_operator.py took 0.184 seconds
[2023-07-12T05:44:56.618+0100] {processor.py:157} INFO - Started process (PID=6480) to work on /home/opeyemi/.local/lib/python3.10/site-packages/airflow/example_dags/example_branch_operator.py
[2023-07-12T05:44:56.622+0100] {processor.py:826} INFO - Processing file /home/opeyemi/.local/lib/python3.10/site-packages/airflow/example_dags/example_branch_operator.py for tasks to queue
[2023-07-12T05:44:56.625+0100] {logging_mixin.py:150} INFO - [2023-07-12T05:44:56.624+0100] {dagbag.py:541} INFO - Filling up the DagBag from /home/opeyemi/.local/lib/python3.10/site-packages/airflow/example_dags/example_branch_operator.py
[2023-07-12T05:44:56.656+0100] {processor.py:836} INFO - DAG(s) dict_keys(['example_branch_operator']) retrieved from /home/opeyemi/.local/lib/python3.10/site-packages/airflow/example_dags/example_branch_operator.py
[2023-07-12T05:44:56.719+0100] {logging_mixin.py:150} INFO - [2023-07-12T05:44:56.718+0100] {dag.py:2742} INFO - Sync 1 DAGs
[2023-07-12T05:44:56.774+0100] {logging_mixin.py:150} INFO - [2023-07-12T05:44:56.773+0100] {dag.py:3504} INFO - Setting next_dagrun for example_branch_operator to 2023-07-11T00:00:00+00:00, run_after=2023-07-12T00:00:00+00:00
[2023-07-12T05:44:56.849+0100] {processor.py:179} INFO - Processing /home/opeyemi/.local/lib/python3.10/site-packages/airflow/example_dags/example_branch_operator.py took 0.241 seconds
[2023-07-12T05:46:04.129+0100] {processor.py:157} INFO - Started process (PID=6538) to work on /home/opeyemi/.local/lib/python3.10/site-packages/airflow/example_dags/example_branch_operator.py
[2023-07-12T05:46:04.134+0100] {processor.py:826} INFO - Processing file /home/opeyemi/.local/lib/python3.10/site-packages/airflow/example_dags/example_branch_operator.py for tasks to queue
[2023-07-12T05:46:04.137+0100] {logging_mixin.py:150} INFO - [2023-07-12T05:46:04.136+0100] {dagbag.py:541} INFO - Filling up the DagBag from /home/opeyemi/.local/lib/python3.10/site-packages/airflow/example_dags/example_branch_operator.py
[2023-07-12T05:46:04.170+0100] {processor.py:836} INFO - DAG(s) dict_keys(['example_branch_operator']) retrieved from /home/opeyemi/.local/lib/python3.10/site-packages/airflow/example_dags/example_branch_operator.py
[2023-07-12T05:46:04.255+0100] {logging_mixin.py:150} INFO - [2023-07-12T05:46:04.254+0100] {dag.py:2742} INFO - Sync 1 DAGs
[2023-07-12T05:46:04.321+0100] {logging_mixin.py:150} INFO - [2023-07-12T05:46:04.320+0100] {dag.py:3504} INFO - Setting next_dagrun for example_branch_operator to 2023-07-11T00:00:00+00:00, run_after=2023-07-12T00:00:00+00:00
[2023-07-12T05:46:04.375+0100] {processor.py:179} INFO - Processing /home/opeyemi/.local/lib/python3.10/site-packages/airflow/example_dags/example_branch_operator.py took 0.259 seconds
[2023-07-12T05:47:06.249+0100] {processor.py:157} INFO - Started process (PID=6693) to work on /home/opeyemi/.local/lib/python3.10/site-packages/airflow/example_dags/example_branch_operator.py
[2023-07-12T05:47:06.253+0100] {processor.py:826} INFO - Processing file /home/opeyemi/.local/lib/python3.10/site-packages/airflow/example_dags/example_branch_operator.py for tasks to queue
[2023-07-12T05:47:06.256+0100] {logging_mixin.py:150} INFO - [2023-07-12T05:47:06.254+0100] {dagbag.py:541} INFO - Filling up the DagBag from /home/opeyemi/.local/lib/python3.10/site-packages/airflow/example_dags/example_branch_operator.py
[2023-07-12T05:47:06.281+0100] {processor.py:836} INFO - DAG(s) dict_keys(['example_branch_operator']) retrieved from /home/opeyemi/.local/lib/python3.10/site-packages/airflow/example_dags/example_branch_operator.py
[2023-07-12T05:47:06.327+0100] {logging_mixin.py:150} INFO - [2023-07-12T05:47:06.326+0100] {dag.py:2742} INFO - Sync 1 DAGs
[2023-07-12T05:47:06.376+0100] {logging_mixin.py:150} INFO - [2023-07-12T05:47:06.376+0100] {dag.py:3504} INFO - Setting next_dagrun for example_branch_operator to 2023-07-11T00:00:00+00:00, run_after=2023-07-12T00:00:00+00:00
[2023-07-12T05:47:06.443+0100] {processor.py:179} INFO - Processing /home/opeyemi/.local/lib/python3.10/site-packages/airflow/example_dags/example_branch_operator.py took 0.206 seconds
[2023-07-12T05:48:31.817+0100] {processor.py:157} INFO - Started process (PID=6884) to work on /home/opeyemi/.local/lib/python3.10/site-packages/airflow/example_dags/example_branch_operator.py
[2023-07-12T05:48:31.821+0100] {processor.py:826} INFO - Processing file /home/opeyemi/.local/lib/python3.10/site-packages/airflow/example_dags/example_branch_operator.py for tasks to queue
[2023-07-12T05:48:31.825+0100] {logging_mixin.py:150} INFO - [2023-07-12T05:48:31.823+0100] {dagbag.py:541} INFO - Filling up the DagBag from /home/opeyemi/.local/lib/python3.10/site-packages/airflow/example_dags/example_branch_operator.py
[2023-07-12T05:48:31.853+0100] {processor.py:836} INFO - DAG(s) dict_keys(['example_branch_operator']) retrieved from /home/opeyemi/.local/lib/python3.10/site-packages/airflow/example_dags/example_branch_operator.py
[2023-07-12T05:48:31.930+0100] {logging_mixin.py:150} INFO - [2023-07-12T05:48:31.929+0100] {dag.py:2742} INFO - Sync 1 DAGs
[2023-07-12T05:48:32.009+0100] {logging_mixin.py:150} INFO - [2023-07-12T05:48:32.008+0100] {dag.py:3504} INFO - Setting next_dagrun for example_branch_operator to 2023-07-11T00:00:00+00:00, run_after=2023-07-12T00:00:00+00:00
[2023-07-12T05:48:32.152+0100] {processor.py:179} INFO - Processing /home/opeyemi/.local/lib/python3.10/site-packages/airflow/example_dags/example_branch_operator.py took 0.347 seconds
[2023-07-12T05:49:35.482+0100] {processor.py:157} INFO - Started process (PID=6938) to work on /home/opeyemi/.local/lib/python3.10/site-packages/airflow/example_dags/example_branch_operator.py
[2023-07-12T05:49:35.490+0100] {processor.py:826} INFO - Processing file /home/opeyemi/.local/lib/python3.10/site-packages/airflow/example_dags/example_branch_operator.py for tasks to queue
[2023-07-12T05:49:35.492+0100] {logging_mixin.py:150} INFO - [2023-07-12T05:49:35.492+0100] {dagbag.py:541} INFO - Filling up the DagBag from /home/opeyemi/.local/lib/python3.10/site-packages/airflow/example_dags/example_branch_operator.py
[2023-07-12T05:49:35.511+0100] {processor.py:836} INFO - DAG(s) dict_keys(['example_branch_operator']) retrieved from /home/opeyemi/.local/lib/python3.10/site-packages/airflow/example_dags/example_branch_operator.py
[2023-07-12T05:49:35.556+0100] {logging_mixin.py:150} INFO - [2023-07-12T05:49:35.556+0100] {dag.py:2742} INFO - Sync 1 DAGs
[2023-07-12T05:49:35.618+0100] {logging_mixin.py:150} INFO - [2023-07-12T05:49:35.618+0100] {dag.py:3504} INFO - Setting next_dagrun for example_branch_operator to 2023-07-11T00:00:00+00:00, run_after=2023-07-12T00:00:00+00:00
[2023-07-12T05:49:35.683+0100] {processor.py:179} INFO - Processing /home/opeyemi/.local/lib/python3.10/site-packages/airflow/example_dags/example_branch_operator.py took 0.208 seconds
[2023-07-12T05:50:38.891+0100] {processor.py:157} INFO - Started process (PID=6994) to work on /home/opeyemi/.local/lib/python3.10/site-packages/airflow/example_dags/example_branch_operator.py
[2023-07-12T05:50:38.895+0100] {processor.py:826} INFO - Processing file /home/opeyemi/.local/lib/python3.10/site-packages/airflow/example_dags/example_branch_operator.py for tasks to queue
[2023-07-12T05:50:38.898+0100] {logging_mixin.py:150} INFO - [2023-07-12T05:50:38.897+0100] {dagbag.py:541} INFO - Filling up the DagBag from /home/opeyemi/.local/lib/python3.10/site-packages/airflow/example_dags/example_branch_operator.py
[2023-07-12T05:50:38.928+0100] {processor.py:836} INFO - DAG(s) dict_keys(['example_branch_operator']) retrieved from /home/opeyemi/.local/lib/python3.10/site-packages/airflow/example_dags/example_branch_operator.py
[2023-07-12T05:50:39.005+0100] {logging_mixin.py:150} INFO - [2023-07-12T05:50:39.004+0100] {dag.py:2742} INFO - Sync 1 DAGs
[2023-07-12T05:50:39.081+0100] {logging_mixin.py:150} INFO - [2023-07-12T05:50:39.080+0100] {dag.py:3504} INFO - Setting next_dagrun for example_branch_operator to 2023-07-11T00:00:00+00:00, run_after=2023-07-12T00:00:00+00:00
[2023-07-12T05:50:39.187+0100] {processor.py:179} INFO - Processing /home/opeyemi/.local/lib/python3.10/site-packages/airflow/example_dags/example_branch_operator.py took 0.311 seconds
[2023-07-12T05:51:40.174+0100] {processor.py:157} INFO - Started process (PID=7147) to work on /home/opeyemi/.local/lib/python3.10/site-packages/airflow/example_dags/example_branch_operator.py
[2023-07-12T05:51:40.180+0100] {processor.py:826} INFO - Processing file /home/opeyemi/.local/lib/python3.10/site-packages/airflow/example_dags/example_branch_operator.py for tasks to queue
[2023-07-12T05:51:40.186+0100] {logging_mixin.py:150} INFO - [2023-07-12T05:51:40.183+0100] {dagbag.py:541} INFO - Filling up the DagBag from /home/opeyemi/.local/lib/python3.10/site-packages/airflow/example_dags/example_branch_operator.py
[2023-07-12T05:51:40.248+0100] {processor.py:836} INFO - DAG(s) dict_keys(['example_branch_operator']) retrieved from /home/opeyemi/.local/lib/python3.10/site-packages/airflow/example_dags/example_branch_operator.py
[2023-07-12T05:51:40.336+0100] {logging_mixin.py:150} INFO - [2023-07-12T05:51:40.336+0100] {dag.py:2742} INFO - Sync 1 DAGs
[2023-07-12T05:51:40.385+0100] {logging_mixin.py:150} INFO - [2023-07-12T05:51:40.385+0100] {dag.py:3504} INFO - Setting next_dagrun for example_branch_operator to 2023-07-11T00:00:00+00:00, run_after=2023-07-12T00:00:00+00:00
[2023-07-12T05:51:40.445+0100] {processor.py:179} INFO - Processing /home/opeyemi/.local/lib/python3.10/site-packages/airflow/example_dags/example_branch_operator.py took 0.284 seconds
[2023-07-12T05:52:41.279+0100] {processor.py:157} INFO - Started process (PID=7197) to work on /home/opeyemi/.local/lib/python3.10/site-packages/airflow/example_dags/example_branch_operator.py
[2023-07-12T05:52:41.284+0100] {processor.py:826} INFO - Processing file /home/opeyemi/.local/lib/python3.10/site-packages/airflow/example_dags/example_branch_operator.py for tasks to queue
[2023-07-12T05:52:41.287+0100] {logging_mixin.py:150} INFO - [2023-07-12T05:52:41.286+0100] {dagbag.py:541} INFO - Filling up the DagBag from /home/opeyemi/.local/lib/python3.10/site-packages/airflow/example_dags/example_branch_operator.py
[2023-07-12T05:52:41.315+0100] {processor.py:836} INFO - DAG(s) dict_keys(['example_branch_operator']) retrieved from /home/opeyemi/.local/lib/python3.10/site-packages/airflow/example_dags/example_branch_operator.py
[2023-07-12T05:52:41.386+0100] {logging_mixin.py:150} INFO - [2023-07-12T05:52:41.385+0100] {dag.py:2742} INFO - Sync 1 DAGs
[2023-07-12T05:52:41.451+0100] {logging_mixin.py:150} INFO - [2023-07-12T05:52:41.450+0100] {dag.py:3504} INFO - Setting next_dagrun for example_branch_operator to 2023-07-11T00:00:00+00:00, run_after=2023-07-12T00:00:00+00:00
[2023-07-12T05:52:41.513+0100] {processor.py:179} INFO - Processing /home/opeyemi/.local/lib/python3.10/site-packages/airflow/example_dags/example_branch_operator.py took 0.245 seconds
[2023-07-12T05:53:46.231+0100] {processor.py:157} INFO - Started process (PID=7250) to work on /home/opeyemi/.local/lib/python3.10/site-packages/airflow/example_dags/example_branch_operator.py
[2023-07-12T05:53:46.241+0100] {processor.py:826} INFO - Processing file /home/opeyemi/.local/lib/python3.10/site-packages/airflow/example_dags/example_branch_operator.py for tasks to queue
[2023-07-12T05:53:46.244+0100] {logging_mixin.py:150} INFO - [2023-07-12T05:53:46.243+0100] {dagbag.py:541} INFO - Filling up the DagBag from /home/opeyemi/.local/lib/python3.10/site-packages/airflow/example_dags/example_branch_operator.py
[2023-07-12T05:53:46.281+0100] {processor.py:836} INFO - DAG(s) dict_keys(['example_branch_operator']) retrieved from /home/opeyemi/.local/lib/python3.10/site-packages/airflow/example_dags/example_branch_operator.py
[2023-07-12T05:53:46.349+0100] {logging_mixin.py:150} INFO - [2023-07-12T05:53:46.348+0100] {dag.py:2742} INFO - Sync 1 DAGs
[2023-07-12T05:53:46.414+0100] {logging_mixin.py:150} INFO - [2023-07-12T05:53:46.413+0100] {dag.py:3504} INFO - Setting next_dagrun for example_branch_operator to 2023-07-11T00:00:00+00:00, run_after=2023-07-12T00:00:00+00:00
[2023-07-12T05:53:46.458+0100] {processor.py:179} INFO - Processing /home/opeyemi/.local/lib/python3.10/site-packages/airflow/example_dags/example_branch_operator.py took 0.239 seconds
[2023-07-12T05:54:51.139+0100] {processor.py:157} INFO - Started process (PID=7301) to work on /home/opeyemi/.local/lib/python3.10/site-packages/airflow/example_dags/example_branch_operator.py
[2023-07-12T05:54:51.142+0100] {processor.py:826} INFO - Processing file /home/opeyemi/.local/lib/python3.10/site-packages/airflow/example_dags/example_branch_operator.py for tasks to queue
[2023-07-12T05:54:51.144+0100] {logging_mixin.py:150} INFO - [2023-07-12T05:54:51.144+0100] {dagbag.py:541} INFO - Filling up the DagBag from /home/opeyemi/.local/lib/python3.10/site-packages/airflow/example_dags/example_branch_operator.py
[2023-07-12T05:54:51.165+0100] {processor.py:836} INFO - DAG(s) dict_keys(['example_branch_operator']) retrieved from /home/opeyemi/.local/lib/python3.10/site-packages/airflow/example_dags/example_branch_operator.py
[2023-07-12T05:54:51.212+0100] {logging_mixin.py:150} INFO - [2023-07-12T05:54:51.211+0100] {dag.py:2742} INFO - Sync 1 DAGs
[2023-07-12T05:54:51.260+0100] {logging_mixin.py:150} INFO - [2023-07-12T05:54:51.259+0100] {dag.py:3504} INFO - Setting next_dagrun for example_branch_operator to 2023-07-11T00:00:00+00:00, run_after=2023-07-12T00:00:00+00:00
[2023-07-12T05:54:51.314+0100] {processor.py:179} INFO - Processing /home/opeyemi/.local/lib/python3.10/site-packages/airflow/example_dags/example_branch_operator.py took 0.184 seconds
[2023-07-12T05:55:55.964+0100] {processor.py:157} INFO - Started process (PID=7353) to work on /home/opeyemi/.local/lib/python3.10/site-packages/airflow/example_dags/example_branch_operator.py
[2023-07-12T05:55:55.976+0100] {processor.py:826} INFO - Processing file /home/opeyemi/.local/lib/python3.10/site-packages/airflow/example_dags/example_branch_operator.py for tasks to queue
[2023-07-12T05:55:55.979+0100] {logging_mixin.py:150} INFO - [2023-07-12T05:55:55.978+0100] {dagbag.py:541} INFO - Filling up the DagBag from /home/opeyemi/.local/lib/python3.10/site-packages/airflow/example_dags/example_branch_operator.py
[2023-07-12T05:55:56.005+0100] {processor.py:836} INFO - DAG(s) dict_keys(['example_branch_operator']) retrieved from /home/opeyemi/.local/lib/python3.10/site-packages/airflow/example_dags/example_branch_operator.py
[2023-07-12T05:55:56.062+0100] {logging_mixin.py:150} INFO - [2023-07-12T05:55:56.062+0100] {dag.py:2742} INFO - Sync 1 DAGs
[2023-07-12T05:55:56.112+0100] {logging_mixin.py:150} INFO - [2023-07-12T05:55:56.112+0100] {dag.py:3504} INFO - Setting next_dagrun for example_branch_operator to 2023-07-11T00:00:00+00:00, run_after=2023-07-12T00:00:00+00:00
[2023-07-12T05:55:56.167+0100] {processor.py:179} INFO - Processing /home/opeyemi/.local/lib/python3.10/site-packages/airflow/example_dags/example_branch_operator.py took 0.212 seconds
[2023-07-12T05:57:02.202+0100] {processor.py:157} INFO - Started process (PID=7410) to work on /home/opeyemi/.local/lib/python3.10/site-packages/airflow/example_dags/example_branch_operator.py
[2023-07-12T05:57:02.204+0100] {processor.py:826} INFO - Processing file /home/opeyemi/.local/lib/python3.10/site-packages/airflow/example_dags/example_branch_operator.py for tasks to queue
[2023-07-12T05:57:02.207+0100] {logging_mixin.py:150} INFO - [2023-07-12T05:57:02.206+0100] {dagbag.py:541} INFO - Filling up the DagBag from /home/opeyemi/.local/lib/python3.10/site-packages/airflow/example_dags/example_branch_operator.py
[2023-07-12T05:57:02.226+0100] {processor.py:836} INFO - DAG(s) dict_keys(['example_branch_operator']) retrieved from /home/opeyemi/.local/lib/python3.10/site-packages/airflow/example_dags/example_branch_operator.py
[2023-07-12T05:57:02.269+0100] {logging_mixin.py:150} INFO - [2023-07-12T05:57:02.269+0100] {dag.py:2742} INFO - Sync 1 DAGs
[2023-07-12T05:57:02.318+0100] {logging_mixin.py:150} INFO - [2023-07-12T05:57:02.317+0100] {dag.py:3504} INFO - Setting next_dagrun for example_branch_operator to 2023-07-11T00:00:00+00:00, run_after=2023-07-12T00:00:00+00:00
[2023-07-12T05:57:02.387+0100] {processor.py:179} INFO - Processing /home/opeyemi/.local/lib/python3.10/site-packages/airflow/example_dags/example_branch_operator.py took 0.194 seconds
[2023-07-12T05:58:01.207+0100] {processor.py:157} INFO - Started process (PID=7460) to work on /home/opeyemi/.local/lib/python3.10/site-packages/airflow/example_dags/example_branch_operator.py
[2023-07-12T05:58:01.212+0100] {processor.py:826} INFO - Processing file /home/opeyemi/.local/lib/python3.10/site-packages/airflow/example_dags/example_branch_operator.py for tasks to queue
[2023-07-12T05:58:01.215+0100] {logging_mixin.py:150} INFO - [2023-07-12T05:58:01.214+0100] {dagbag.py:541} INFO - Filling up the DagBag from /home/opeyemi/.local/lib/python3.10/site-packages/airflow/example_dags/example_branch_operator.py
[2023-07-12T05:58:01.243+0100] {processor.py:836} INFO - DAG(s) dict_keys(['example_branch_operator']) retrieved from /home/opeyemi/.local/lib/python3.10/site-packages/airflow/example_dags/example_branch_operator.py
[2023-07-12T05:58:01.313+0100] {logging_mixin.py:150} INFO - [2023-07-12T05:58:01.313+0100] {dag.py:2742} INFO - Sync 1 DAGs
[2023-07-12T05:58:01.368+0100] {logging_mixin.py:150} INFO - [2023-07-12T05:58:01.368+0100] {dag.py:3504} INFO - Setting next_dagrun for example_branch_operator to 2023-07-11T00:00:00+00:00, run_after=2023-07-12T00:00:00+00:00
[2023-07-12T05:58:01.417+0100] {processor.py:179} INFO - Processing /home/opeyemi/.local/lib/python3.10/site-packages/airflow/example_dags/example_branch_operator.py took 0.222 seconds
[2023-07-12T05:59:27.636+0100] {processor.py:157} INFO - Started process (PID=7533) to work on /home/opeyemi/.local/lib/python3.10/site-packages/airflow/example_dags/example_branch_operator.py
[2023-07-12T05:59:27.641+0100] {processor.py:826} INFO - Processing file /home/opeyemi/.local/lib/python3.10/site-packages/airflow/example_dags/example_branch_operator.py for tasks to queue
[2023-07-12T05:59:27.644+0100] {logging_mixin.py:150} INFO - [2023-07-12T05:59:27.643+0100] {dagbag.py:541} INFO - Filling up the DagBag from /home/opeyemi/.local/lib/python3.10/site-packages/airflow/example_dags/example_branch_operator.py
[2023-07-12T05:59:27.680+0100] {processor.py:836} INFO - DAG(s) dict_keys(['example_branch_operator']) retrieved from /home/opeyemi/.local/lib/python3.10/site-packages/airflow/example_dags/example_branch_operator.py
[2023-07-12T05:59:27.752+0100] {logging_mixin.py:150} INFO - [2023-07-12T05:59:27.752+0100] {dag.py:2742} INFO - Sync 1 DAGs
[2023-07-12T05:59:27.802+0100] {logging_mixin.py:150} INFO - [2023-07-12T05:59:27.802+0100] {dag.py:3504} INFO - Setting next_dagrun for example_branch_operator to 2023-07-11T00:00:00+00:00, run_after=2023-07-12T00:00:00+00:00
[2023-07-12T05:59:27.854+0100] {processor.py:179} INFO - Processing /home/opeyemi/.local/lib/python3.10/site-packages/airflow/example_dags/example_branch_operator.py took 0.228 seconds
[2023-07-12T06:00:29.305+0100] {processor.py:157} INFO - Started process (PID=7672) to work on /home/opeyemi/.local/lib/python3.10/site-packages/airflow/example_dags/example_branch_operator.py
[2023-07-12T06:00:29.311+0100] {processor.py:826} INFO - Processing file /home/opeyemi/.local/lib/python3.10/site-packages/airflow/example_dags/example_branch_operator.py for tasks to queue
[2023-07-12T06:00:29.315+0100] {logging_mixin.py:150} INFO - [2023-07-12T06:00:29.314+0100] {dagbag.py:541} INFO - Filling up the DagBag from /home/opeyemi/.local/lib/python3.10/site-packages/airflow/example_dags/example_branch_operator.py
[2023-07-12T06:00:29.349+0100] {processor.py:836} INFO - DAG(s) dict_keys(['example_branch_operator']) retrieved from /home/opeyemi/.local/lib/python3.10/site-packages/airflow/example_dags/example_branch_operator.py
[2023-07-12T06:00:29.423+0100] {logging_mixin.py:150} INFO - [2023-07-12T06:00:29.423+0100] {dag.py:2742} INFO - Sync 1 DAGs
[2023-07-12T06:00:29.504+0100] {logging_mixin.py:150} INFO - [2023-07-12T06:00:29.503+0100] {dag.py:3504} INFO - Setting next_dagrun for example_branch_operator to 2023-07-11T00:00:00+00:00, run_after=2023-07-12T00:00:00+00:00
[2023-07-12T06:00:29.595+0100] {processor.py:179} INFO - Processing /home/opeyemi/.local/lib/python3.10/site-packages/airflow/example_dags/example_branch_operator.py took 0.304 seconds
[2023-07-12T15:16:12.239+0100] {processor.py:157} INFO - Started process (PID=7975) to work on /home/opeyemi/.local/lib/python3.10/site-packages/airflow/example_dags/example_branch_operator.py
[2023-07-12T15:16:12.377+0100] {processor.py:826} INFO - Processing file /home/opeyemi/.local/lib/python3.10/site-packages/airflow/example_dags/example_branch_operator.py for tasks to queue
[2023-07-12T15:16:12.379+0100] {logging_mixin.py:150} INFO - [2023-07-12T15:16:12.378+0100] {dagbag.py:541} INFO - Filling up the DagBag from /home/opeyemi/.local/lib/python3.10/site-packages/airflow/example_dags/example_branch_operator.py
[2023-07-12T15:16:12.404+0100] {processor.py:836} INFO - DAG(s) dict_keys(['example_branch_operator']) retrieved from /home/opeyemi/.local/lib/python3.10/site-packages/airflow/example_dags/example_branch_operator.py
[2023-07-12T15:16:12.464+0100] {logging_mixin.py:150} INFO - [2023-07-12T15:16:12.464+0100] {dag.py:2742} INFO - Sync 1 DAGs
[2023-07-12T15:16:12.533+0100] {logging_mixin.py:150} INFO - [2023-07-12T15:16:12.532+0100] {dag.py:3504} INFO - Setting next_dagrun for example_branch_operator to 2023-07-11T00:00:00+00:00, run_after=2023-07-12T00:00:00+00:00
[2023-07-12T15:16:15.051+0100] {processor.py:179} INFO - Processing /home/opeyemi/.local/lib/python3.10/site-packages/airflow/example_dags/example_branch_operator.py took 2.796 seconds
[2023-07-12T15:18:47.321+0100] {processor.py:157} INFO - Started process (PID=8260) to work on /home/opeyemi/.local/lib/python3.10/site-packages/airflow/example_dags/example_branch_operator.py
[2023-07-12T15:18:47.328+0100] {processor.py:826} INFO - Processing file /home/opeyemi/.local/lib/python3.10/site-packages/airflow/example_dags/example_branch_operator.py for tasks to queue
[2023-07-12T15:18:47.330+0100] {logging_mixin.py:150} INFO - [2023-07-12T15:18:47.329+0100] {dagbag.py:541} INFO - Filling up the DagBag from /home/opeyemi/.local/lib/python3.10/site-packages/airflow/example_dags/example_branch_operator.py
[2023-07-12T15:18:47.340+0100] {processor.py:836} INFO - DAG(s) dict_keys(['example_branch_operator']) retrieved from /home/opeyemi/.local/lib/python3.10/site-packages/airflow/example_dags/example_branch_operator.py
[2023-07-12T15:18:47.364+0100] {logging_mixin.py:150} INFO - [2023-07-12T15:18:47.363+0100] {dag.py:2742} INFO - Sync 1 DAGs
[2023-07-12T15:18:47.389+0100] {logging_mixin.py:150} INFO - [2023-07-12T15:18:47.389+0100] {dag.py:3504} INFO - Setting next_dagrun for example_branch_operator to 2023-07-11T00:00:00+00:00, run_after=2023-07-12T00:00:00+00:00
[2023-07-12T15:18:47.540+0100] {processor.py:179} INFO - Processing /home/opeyemi/.local/lib/python3.10/site-packages/airflow/example_dags/example_branch_operator.py took 0.224 seconds
[2023-07-12T15:20:18.403+0100] {processor.py:157} INFO - Started process (PID=8468) to work on /home/opeyemi/.local/lib/python3.10/site-packages/airflow/example_dags/example_branch_operator.py
[2023-07-12T15:20:18.423+0100] {processor.py:826} INFO - Processing file /home/opeyemi/.local/lib/python3.10/site-packages/airflow/example_dags/example_branch_operator.py for tasks to queue
[2023-07-12T15:20:18.426+0100] {logging_mixin.py:150} INFO - [2023-07-12T15:20:18.425+0100] {dagbag.py:541} INFO - Filling up the DagBag from /home/opeyemi/.local/lib/python3.10/site-packages/airflow/example_dags/example_branch_operator.py
[2023-07-12T15:20:18.495+0100] {processor.py:836} INFO - DAG(s) dict_keys(['example_branch_operator']) retrieved from /home/opeyemi/.local/lib/python3.10/site-packages/airflow/example_dags/example_branch_operator.py
[2023-07-12T15:20:18.575+0100] {logging_mixin.py:150} INFO - [2023-07-12T15:20:18.574+0100] {dag.py:2742} INFO - Sync 1 DAGs
[2023-07-12T15:20:18.614+0100] {logging_mixin.py:150} INFO - [2023-07-12T15:20:18.614+0100] {dag.py:3504} INFO - Setting next_dagrun for example_branch_operator to 2023-07-11T00:00:00+00:00, run_after=2023-07-12T00:00:00+00:00
[2023-07-12T15:20:18.754+0100] {processor.py:179} INFO - Processing /home/opeyemi/.local/lib/python3.10/site-packages/airflow/example_dags/example_branch_operator.py took 0.359 seconds
[2023-07-12T15:21:51.485+0100] {processor.py:157} INFO - Started process (PID=8669) to work on /home/opeyemi/.local/lib/python3.10/site-packages/airflow/example_dags/example_branch_operator.py
[2023-07-12T15:21:51.564+0100] {processor.py:826} INFO - Processing file /home/opeyemi/.local/lib/python3.10/site-packages/airflow/example_dags/example_branch_operator.py for tasks to queue
[2023-07-12T15:21:51.565+0100] {logging_mixin.py:150} INFO - [2023-07-12T15:21:51.565+0100] {dagbag.py:541} INFO - Filling up the DagBag from /home/opeyemi/.local/lib/python3.10/site-packages/airflow/example_dags/example_branch_operator.py
[2023-07-12T15:21:51.583+0100] {processor.py:836} INFO - DAG(s) dict_keys(['example_branch_operator']) retrieved from /home/opeyemi/.local/lib/python3.10/site-packages/airflow/example_dags/example_branch_operator.py
[2023-07-12T15:21:51.612+0100] {logging_mixin.py:150} INFO - [2023-07-12T15:21:51.612+0100] {dag.py:2742} INFO - Sync 1 DAGs
[2023-07-12T15:21:51.636+0100] {logging_mixin.py:150} INFO - [2023-07-12T15:21:51.636+0100] {dag.py:3504} INFO - Setting next_dagrun for example_branch_operator to 2023-07-11T00:00:00+00:00, run_after=2023-07-12T00:00:00+00:00
[2023-07-12T15:21:52.258+0100] {processor.py:179} INFO - Processing /home/opeyemi/.local/lib/python3.10/site-packages/airflow/example_dags/example_branch_operator.py took 0.782 seconds
[2023-07-12T15:23:36.419+0100] {processor.py:157} INFO - Started process (PID=8898) to work on /home/opeyemi/.local/lib/python3.10/site-packages/airflow/example_dags/example_branch_operator.py
[2023-07-12T15:23:36.506+0100] {processor.py:826} INFO - Processing file /home/opeyemi/.local/lib/python3.10/site-packages/airflow/example_dags/example_branch_operator.py for tasks to queue
[2023-07-12T15:23:36.508+0100] {logging_mixin.py:150} INFO - [2023-07-12T15:23:36.508+0100] {dagbag.py:541} INFO - Filling up the DagBag from /home/opeyemi/.local/lib/python3.10/site-packages/airflow/example_dags/example_branch_operator.py
[2023-07-12T15:23:36.527+0100] {processor.py:836} INFO - DAG(s) dict_keys(['example_branch_operator']) retrieved from /home/opeyemi/.local/lib/python3.10/site-packages/airflow/example_dags/example_branch_operator.py
[2023-07-12T15:23:36.555+0100] {logging_mixin.py:150} INFO - [2023-07-12T15:23:36.555+0100] {dag.py:2742} INFO - Sync 1 DAGs
[2023-07-12T15:23:36.581+0100] {logging_mixin.py:150} INFO - [2023-07-12T15:23:36.581+0100] {dag.py:3504} INFO - Setting next_dagrun for example_branch_operator to 2023-07-11T00:00:00+00:00, run_after=2023-07-12T00:00:00+00:00
[2023-07-12T15:23:36.722+0100] {processor.py:179} INFO - Processing /home/opeyemi/.local/lib/python3.10/site-packages/airflow/example_dags/example_branch_operator.py took 0.314 seconds
[2023-07-12T15:24:50.245+0100] {processor.py:157} INFO - Started process (PID=9077) to work on /home/opeyemi/.local/lib/python3.10/site-packages/airflow/example_dags/example_branch_operator.py
[2023-07-12T15:24:50.384+0100] {processor.py:826} INFO - Processing file /home/opeyemi/.local/lib/python3.10/site-packages/airflow/example_dags/example_branch_operator.py for tasks to queue
[2023-07-12T15:24:50.385+0100] {logging_mixin.py:150} INFO - [2023-07-12T15:24:50.385+0100] {dagbag.py:541} INFO - Filling up the DagBag from /home/opeyemi/.local/lib/python3.10/site-packages/airflow/example_dags/example_branch_operator.py
[2023-07-12T15:24:50.408+0100] {processor.py:836} INFO - DAG(s) dict_keys(['example_branch_operator']) retrieved from /home/opeyemi/.local/lib/python3.10/site-packages/airflow/example_dags/example_branch_operator.py
[2023-07-12T15:24:50.476+0100] {logging_mixin.py:150} INFO - [2023-07-12T15:24:50.475+0100] {dag.py:2742} INFO - Sync 1 DAGs
[2023-07-12T15:24:50.522+0100] {logging_mixin.py:150} INFO - [2023-07-12T15:24:50.522+0100] {dag.py:3504} INFO - Setting next_dagrun for example_branch_operator to 2023-07-11T00:00:00+00:00, run_after=2023-07-12T00:00:00+00:00
[2023-07-12T15:24:50.599+0100] {processor.py:179} INFO - Processing /home/opeyemi/.local/lib/python3.10/site-packages/airflow/example_dags/example_branch_operator.py took 0.363 seconds
[2023-07-12T15:26:22.619+0100] {processor.py:157} INFO - Started process (PID=9291) to work on /home/opeyemi/.local/lib/python3.10/site-packages/airflow/example_dags/example_branch_operator.py
[2023-07-12T15:26:22.683+0100] {processor.py:826} INFO - Processing file /home/opeyemi/.local/lib/python3.10/site-packages/airflow/example_dags/example_branch_operator.py for tasks to queue
[2023-07-12T15:26:22.688+0100] {logging_mixin.py:150} INFO - [2023-07-12T15:26:22.686+0100] {dagbag.py:541} INFO - Filling up the DagBag from /home/opeyemi/.local/lib/python3.10/site-packages/airflow/example_dags/example_branch_operator.py
[2023-07-12T15:26:22.734+0100] {processor.py:836} INFO - DAG(s) dict_keys(['example_branch_operator']) retrieved from /home/opeyemi/.local/lib/python3.10/site-packages/airflow/example_dags/example_branch_operator.py
[2023-07-12T15:26:22.820+0100] {logging_mixin.py:150} INFO - [2023-07-12T15:26:22.819+0100] {dag.py:2742} INFO - Sync 1 DAGs
[2023-07-12T15:26:22.902+0100] {logging_mixin.py:150} INFO - [2023-07-12T15:26:22.901+0100] {dag.py:3504} INFO - Setting next_dagrun for example_branch_operator to 2023-07-11T00:00:00+00:00, run_after=2023-07-12T00:00:00+00:00
[2023-07-12T15:26:23.271+0100] {processor.py:179} INFO - Processing /home/opeyemi/.local/lib/python3.10/site-packages/airflow/example_dags/example_branch_operator.py took 0.666 seconds
[2023-07-12T15:29:04.580+0100] {processor.py:157} INFO - Started process (PID=9649) to work on /home/opeyemi/.local/lib/python3.10/site-packages/airflow/example_dags/example_branch_operator.py
[2023-07-12T15:29:04.703+0100] {processor.py:826} INFO - Processing file /home/opeyemi/.local/lib/python3.10/site-packages/airflow/example_dags/example_branch_operator.py for tasks to queue
[2023-07-12T15:29:04.707+0100] {logging_mixin.py:150} INFO - [2023-07-12T15:29:04.706+0100] {dagbag.py:541} INFO - Filling up the DagBag from /home/opeyemi/.local/lib/python3.10/site-packages/airflow/example_dags/example_branch_operator.py
[2023-07-12T15:29:04.742+0100] {processor.py:836} INFO - DAG(s) dict_keys(['example_branch_operator']) retrieved from /home/opeyemi/.local/lib/python3.10/site-packages/airflow/example_dags/example_branch_operator.py
[2023-07-12T15:29:04.824+0100] {logging_mixin.py:150} INFO - [2023-07-12T15:29:04.823+0100] {dag.py:2742} INFO - Sync 1 DAGs
[2023-07-12T15:29:04.922+0100] {logging_mixin.py:150} INFO - [2023-07-12T15:29:04.921+0100] {dag.py:3504} INFO - Setting next_dagrun for example_branch_operator to 2023-07-11T00:00:00+00:00, run_after=2023-07-12T00:00:00+00:00
[2023-07-12T15:29:05.399+0100] {processor.py:179} INFO - Processing /home/opeyemi/.local/lib/python3.10/site-packages/airflow/example_dags/example_branch_operator.py took 0.837 seconds
[2023-07-12T15:30:12.900+0100] {processor.py:157} INFO - Started process (PID=9825) to work on /home/opeyemi/.local/lib/python3.10/site-packages/airflow/example_dags/example_branch_operator.py
[2023-07-12T15:30:12.987+0100] {processor.py:826} INFO - Processing file /home/opeyemi/.local/lib/python3.10/site-packages/airflow/example_dags/example_branch_operator.py for tasks to queue
[2023-07-12T15:30:12.992+0100] {logging_mixin.py:150} INFO - [2023-07-12T15:30:12.990+0100] {dagbag.py:541} INFO - Filling up the DagBag from /home/opeyemi/.local/lib/python3.10/site-packages/airflow/example_dags/example_branch_operator.py
[2023-07-12T15:30:13.033+0100] {processor.py:836} INFO - DAG(s) dict_keys(['example_branch_operator']) retrieved from /home/opeyemi/.local/lib/python3.10/site-packages/airflow/example_dags/example_branch_operator.py
[2023-07-12T15:30:13.124+0100] {logging_mixin.py:150} INFO - [2023-07-12T15:30:13.123+0100] {dag.py:2742} INFO - Sync 1 DAGs
[2023-07-12T15:30:13.195+0100] {logging_mixin.py:150} INFO - [2023-07-12T15:30:13.195+0100] {dag.py:3504} INFO - Setting next_dagrun for example_branch_operator to 2023-07-11T00:00:00+00:00, run_after=2023-07-12T00:00:00+00:00
[2023-07-12T15:30:13.282+0100] {processor.py:179} INFO - Processing /home/opeyemi/.local/lib/python3.10/site-packages/airflow/example_dags/example_branch_operator.py took 0.399 seconds
[2023-07-12T15:31:19.262+0100] {processor.py:157} INFO - Started process (PID=10050) to work on /home/opeyemi/.local/lib/python3.10/site-packages/airflow/example_dags/example_branch_operator.py
[2023-07-12T15:31:19.317+0100] {processor.py:826} INFO - Processing file /home/opeyemi/.local/lib/python3.10/site-packages/airflow/example_dags/example_branch_operator.py for tasks to queue
[2023-07-12T15:31:19.320+0100] {logging_mixin.py:150} INFO - [2023-07-12T15:31:19.319+0100] {dagbag.py:541} INFO - Filling up the DagBag from /home/opeyemi/.local/lib/python3.10/site-packages/airflow/example_dags/example_branch_operator.py
[2023-07-12T15:31:19.351+0100] {processor.py:836} INFO - DAG(s) dict_keys(['example_branch_operator']) retrieved from /home/opeyemi/.local/lib/python3.10/site-packages/airflow/example_dags/example_branch_operator.py
[2023-07-12T15:31:19.438+0100] {logging_mixin.py:150} INFO - [2023-07-12T15:31:19.437+0100] {dag.py:2742} INFO - Sync 1 DAGs
[2023-07-12T15:31:19.536+0100] {logging_mixin.py:150} INFO - [2023-07-12T15:31:19.535+0100] {dag.py:3504} INFO - Setting next_dagrun for example_branch_operator to 2023-07-11T00:00:00+00:00, run_after=2023-07-12T00:00:00+00:00
[2023-07-12T15:31:19.793+0100] {processor.py:179} INFO - Processing /home/opeyemi/.local/lib/python3.10/site-packages/airflow/example_dags/example_branch_operator.py took 0.542 seconds
[2023-07-12T15:32:42.070+0100] {processor.py:157} INFO - Started process (PID=10420) to work on /home/opeyemi/.local/lib/python3.10/site-packages/airflow/example_dags/example_branch_operator.py
[2023-07-12T15:32:42.105+0100] {processor.py:826} INFO - Processing file /home/opeyemi/.local/lib/python3.10/site-packages/airflow/example_dags/example_branch_operator.py for tasks to queue
[2023-07-12T15:32:42.107+0100] {logging_mixin.py:150} INFO - [2023-07-12T15:32:42.106+0100] {dagbag.py:541} INFO - Filling up the DagBag from /home/opeyemi/.local/lib/python3.10/site-packages/airflow/example_dags/example_branch_operator.py
[2023-07-12T15:32:42.140+0100] {processor.py:836} INFO - DAG(s) dict_keys(['example_branch_operator']) retrieved from /home/opeyemi/.local/lib/python3.10/site-packages/airflow/example_dags/example_branch_operator.py
[2023-07-12T15:32:42.193+0100] {logging_mixin.py:150} INFO - [2023-07-12T15:32:42.193+0100] {dag.py:2742} INFO - Sync 1 DAGs
[2023-07-12T15:32:42.239+0100] {logging_mixin.py:150} INFO - [2023-07-12T15:32:42.239+0100] {dag.py:3504} INFO - Setting next_dagrun for example_branch_operator to 2023-07-11T00:00:00+00:00, run_after=2023-07-12T00:00:00+00:00
[2023-07-12T15:32:42.283+0100] {processor.py:179} INFO - Processing /home/opeyemi/.local/lib/python3.10/site-packages/airflow/example_dags/example_branch_operator.py took 0.224 seconds
[2023-07-12T15:34:45.955+0100] {processor.py:157} INFO - Started process (PID=10912) to work on /home/opeyemi/.local/lib/python3.10/site-packages/airflow/example_dags/example_branch_operator.py
[2023-07-12T15:34:45.968+0100] {processor.py:826} INFO - Processing file /home/opeyemi/.local/lib/python3.10/site-packages/airflow/example_dags/example_branch_operator.py for tasks to queue
[2023-07-12T15:34:45.976+0100] {logging_mixin.py:150} INFO - [2023-07-12T15:34:45.971+0100] {dagbag.py:541} INFO - Filling up the DagBag from /home/opeyemi/.local/lib/python3.10/site-packages/airflow/example_dags/example_branch_operator.py
[2023-07-12T15:34:46.145+0100] {processor.py:836} INFO - DAG(s) dict_keys(['example_branch_operator']) retrieved from /home/opeyemi/.local/lib/python3.10/site-packages/airflow/example_dags/example_branch_operator.py
[2023-07-12T15:34:47.237+0100] {logging_mixin.py:150} INFO - [2023-07-12T15:34:47.237+0100] {dag.py:2742} INFO - Sync 1 DAGs
[2023-07-12T15:34:47.485+0100] {logging_mixin.py:150} INFO - [2023-07-12T15:34:47.485+0100] {dag.py:3504} INFO - Setting next_dagrun for example_branch_operator to 2023-07-11T00:00:00+00:00, run_after=2023-07-12T00:00:00+00:00
[2023-07-12T15:34:47.986+0100] {processor.py:179} INFO - Processing /home/opeyemi/.local/lib/python3.10/site-packages/airflow/example_dags/example_branch_operator.py took 2.165 seconds
[2023-07-12T15:37:32.637+0100] {processor.py:157} INFO - Started process (PID=11380) to work on /home/opeyemi/.local/lib/python3.10/site-packages/airflow/example_dags/example_branch_operator.py
[2023-07-12T15:37:32.683+0100] {processor.py:826} INFO - Processing file /home/opeyemi/.local/lib/python3.10/site-packages/airflow/example_dags/example_branch_operator.py for tasks to queue
[2023-07-12T15:37:32.687+0100] {logging_mixin.py:150} INFO - [2023-07-12T15:37:32.686+0100] {dagbag.py:541} INFO - Filling up the DagBag from /home/opeyemi/.local/lib/python3.10/site-packages/airflow/example_dags/example_branch_operator.py
[2023-07-12T15:37:32.725+0100] {processor.py:836} INFO - DAG(s) dict_keys(['example_branch_operator']) retrieved from /home/opeyemi/.local/lib/python3.10/site-packages/airflow/example_dags/example_branch_operator.py
[2023-07-12T15:37:32.813+0100] {logging_mixin.py:150} INFO - [2023-07-12T15:37:32.812+0100] {dag.py:2742} INFO - Sync 1 DAGs
[2023-07-12T15:37:32.887+0100] {logging_mixin.py:150} INFO - [2023-07-12T15:37:32.886+0100] {dag.py:3504} INFO - Setting next_dagrun for example_branch_operator to 2023-07-11T00:00:00+00:00, run_after=2023-07-12T00:00:00+00:00
[2023-07-12T15:37:33.005+0100] {processor.py:179} INFO - Processing /home/opeyemi/.local/lib/python3.10/site-packages/airflow/example_dags/example_branch_operator.py took 0.379 seconds
[2023-07-12T15:39:23.543+0100] {processor.py:157} INFO - Started process (PID=11835) to work on /home/opeyemi/.local/lib/python3.10/site-packages/airflow/example_dags/example_branch_operator.py
[2023-07-12T15:39:23.617+0100] {processor.py:826} INFO - Processing file /home/opeyemi/.local/lib/python3.10/site-packages/airflow/example_dags/example_branch_operator.py for tasks to queue
[2023-07-12T15:39:23.623+0100] {logging_mixin.py:150} INFO - [2023-07-12T15:39:23.620+0100] {dagbag.py:541} INFO - Filling up the DagBag from /home/opeyemi/.local/lib/python3.10/site-packages/airflow/example_dags/example_branch_operator.py
[2023-07-12T15:39:23.692+0100] {processor.py:836} INFO - DAG(s) dict_keys(['example_branch_operator']) retrieved from /home/opeyemi/.local/lib/python3.10/site-packages/airflow/example_dags/example_branch_operator.py
[2023-07-12T15:39:23.811+0100] {logging_mixin.py:150} INFO - [2023-07-12T15:39:23.810+0100] {dag.py:2742} INFO - Sync 1 DAGs
[2023-07-12T15:39:23.908+0100] {logging_mixin.py:150} INFO - [2023-07-12T15:39:23.908+0100] {dag.py:3504} INFO - Setting next_dagrun for example_branch_operator to 2023-07-11T00:00:00+00:00, run_after=2023-07-12T00:00:00+00:00
[2023-07-12T15:39:24.324+0100] {processor.py:179} INFO - Processing /home/opeyemi/.local/lib/python3.10/site-packages/airflow/example_dags/example_branch_operator.py took 0.788 seconds
[2023-07-12T15:42:33.092+0100] {processor.py:157} INFO - Started process (PID=12429) to work on /home/opeyemi/.local/lib/python3.10/site-packages/airflow/example_dags/example_branch_operator.py
[2023-07-12T15:42:33.216+0100] {processor.py:826} INFO - Processing file /home/opeyemi/.local/lib/python3.10/site-packages/airflow/example_dags/example_branch_operator.py for tasks to queue
[2023-07-12T15:42:33.218+0100] {logging_mixin.py:150} INFO - [2023-07-12T15:42:33.217+0100] {dagbag.py:541} INFO - Filling up the DagBag from /home/opeyemi/.local/lib/python3.10/site-packages/airflow/example_dags/example_branch_operator.py
[2023-07-12T15:42:33.240+0100] {processor.py:836} INFO - DAG(s) dict_keys(['example_branch_operator']) retrieved from /home/opeyemi/.local/lib/python3.10/site-packages/airflow/example_dags/example_branch_operator.py
[2023-07-12T15:42:33.292+0100] {logging_mixin.py:150} INFO - [2023-07-12T15:42:33.291+0100] {dag.py:2742} INFO - Sync 1 DAGs
[2023-07-12T15:42:33.358+0100] {logging_mixin.py:150} INFO - [2023-07-12T15:42:33.357+0100] {dag.py:3504} INFO - Setting next_dagrun for example_branch_operator to 2023-07-11T00:00:00+00:00, run_after=2023-07-12T00:00:00+00:00
[2023-07-12T15:42:33.562+0100] {processor.py:179} INFO - Processing /home/opeyemi/.local/lib/python3.10/site-packages/airflow/example_dags/example_branch_operator.py took 0.480 seconds
