[2023-06-21T01:00:25.710+0100] {processor.py:157} INFO - Started process (PID=20536) to work on /home/opeyemi/.local/lib/python3.10/site-packages/airflow/example_dags/subdags/subdag.py
[2023-06-21T01:00:25.712+0100] {processor.py:826} INFO - Processing file /home/opeyemi/.local/lib/python3.10/site-packages/airflow/example_dags/subdags/subdag.py for tasks to queue
[2023-06-21T01:00:25.714+0100] {logging_mixin.py:149} INFO - [2023-06-21T01:00:25.714+0100] {dagbag.py:541} INFO - Filling up the DagBag from /home/opeyemi/.local/lib/python3.10/site-packages/airflow/example_dags/subdags/subdag.py
[2023-06-21T01:00:25.723+0100] {processor.py:838} WARNING - No viable dags retrieved from /home/opeyemi/.local/lib/python3.10/site-packages/airflow/example_dags/subdags/subdag.py
[2023-06-21T01:00:25.762+0100] {processor.py:179} INFO - Processing /home/opeyemi/.local/lib/python3.10/site-packages/airflow/example_dags/subdags/subdag.py took 0.063 seconds
[2023-06-21T01:01:33.455+0100] {processor.py:157} INFO - Started process (PID=20575) to work on /home/opeyemi/.local/lib/python3.10/site-packages/airflow/example_dags/subdags/subdag.py
[2023-06-21T01:01:33.468+0100] {processor.py:826} INFO - Processing file /home/opeyemi/.local/lib/python3.10/site-packages/airflow/example_dags/subdags/subdag.py for tasks to queue
[2023-06-21T01:01:33.469+0100] {logging_mixin.py:149} INFO - [2023-06-21T01:01:33.469+0100] {dagbag.py:541} INFO - Filling up the DagBag from /home/opeyemi/.local/lib/python3.10/site-packages/airflow/example_dags/subdags/subdag.py
[2023-06-21T01:01:33.475+0100] {processor.py:838} WARNING - No viable dags retrieved from /home/opeyemi/.local/lib/python3.10/site-packages/airflow/example_dags/subdags/subdag.py
[2023-06-21T01:01:33.507+0100] {processor.py:179} INFO - Processing /home/opeyemi/.local/lib/python3.10/site-packages/airflow/example_dags/subdags/subdag.py took 0.060 seconds
[2023-06-21T01:02:42.951+0100] {processor.py:157} INFO - Started process (PID=20614) to work on /home/opeyemi/.local/lib/python3.10/site-packages/airflow/example_dags/subdags/subdag.py
[2023-06-21T01:02:43.067+0100] {processor.py:826} INFO - Processing file /home/opeyemi/.local/lib/python3.10/site-packages/airflow/example_dags/subdags/subdag.py for tasks to queue
[2023-06-21T01:02:43.070+0100] {logging_mixin.py:149} INFO - [2023-06-21T01:02:43.070+0100] {dagbag.py:541} INFO - Filling up the DagBag from /home/opeyemi/.local/lib/python3.10/site-packages/airflow/example_dags/subdags/subdag.py
[2023-06-21T01:02:43.078+0100] {processor.py:838} WARNING - No viable dags retrieved from /home/opeyemi/.local/lib/python3.10/site-packages/airflow/example_dags/subdags/subdag.py
[2023-06-21T01:02:43.146+0100] {processor.py:179} INFO - Processing /home/opeyemi/.local/lib/python3.10/site-packages/airflow/example_dags/subdags/subdag.py took 0.207 seconds
[2023-06-21T01:03:58.272+0100] {processor.py:157} INFO - Started process (PID=20656) to work on /home/opeyemi/.local/lib/python3.10/site-packages/airflow/example_dags/subdags/subdag.py
[2023-06-21T01:03:58.334+0100] {processor.py:826} INFO - Processing file /home/opeyemi/.local/lib/python3.10/site-packages/airflow/example_dags/subdags/subdag.py for tasks to queue
[2023-06-21T01:03:58.336+0100] {logging_mixin.py:149} INFO - [2023-06-21T01:03:58.336+0100] {dagbag.py:541} INFO - Filling up the DagBag from /home/opeyemi/.local/lib/python3.10/site-packages/airflow/example_dags/subdags/subdag.py
[2023-06-21T01:03:58.339+0100] {processor.py:838} WARNING - No viable dags retrieved from /home/opeyemi/.local/lib/python3.10/site-packages/airflow/example_dags/subdags/subdag.py
[2023-06-21T01:03:58.366+0100] {processor.py:179} INFO - Processing /home/opeyemi/.local/lib/python3.10/site-packages/airflow/example_dags/subdags/subdag.py took 0.112 seconds
[2023-06-21T01:05:26.056+0100] {processor.py:157} INFO - Started process (PID=20692) to work on /home/opeyemi/.local/lib/python3.10/site-packages/airflow/example_dags/subdags/subdag.py
[2023-06-21T01:05:26.199+0100] {processor.py:826} INFO - Processing file /home/opeyemi/.local/lib/python3.10/site-packages/airflow/example_dags/subdags/subdag.py for tasks to queue
[2023-06-21T01:05:26.204+0100] {logging_mixin.py:149} INFO - [2023-06-21T01:05:26.203+0100] {dagbag.py:541} INFO - Filling up the DagBag from /home/opeyemi/.local/lib/python3.10/site-packages/airflow/example_dags/subdags/subdag.py
[2023-06-21T01:05:26.223+0100] {processor.py:838} WARNING - No viable dags retrieved from /home/opeyemi/.local/lib/python3.10/site-packages/airflow/example_dags/subdags/subdag.py
[2023-06-21T01:05:26.313+0100] {processor.py:179} INFO - Processing /home/opeyemi/.local/lib/python3.10/site-packages/airflow/example_dags/subdags/subdag.py took 0.274 seconds
[2023-06-21T01:06:27.426+0100] {processor.py:157} INFO - Started process (PID=20727) to work on /home/opeyemi/.local/lib/python3.10/site-packages/airflow/example_dags/subdags/subdag.py
[2023-06-21T01:06:27.452+0100] {processor.py:826} INFO - Processing file /home/opeyemi/.local/lib/python3.10/site-packages/airflow/example_dags/subdags/subdag.py for tasks to queue
[2023-06-21T01:06:27.453+0100] {logging_mixin.py:149} INFO - [2023-06-21T01:06:27.453+0100] {dagbag.py:541} INFO - Filling up the DagBag from /home/opeyemi/.local/lib/python3.10/site-packages/airflow/example_dags/subdags/subdag.py
[2023-06-21T01:06:27.456+0100] {processor.py:838} WARNING - No viable dags retrieved from /home/opeyemi/.local/lib/python3.10/site-packages/airflow/example_dags/subdags/subdag.py
[2023-06-21T01:06:27.492+0100] {processor.py:179} INFO - Processing /home/opeyemi/.local/lib/python3.10/site-packages/airflow/example_dags/subdags/subdag.py took 0.073 seconds
[2023-06-21T01:07:42.993+0100] {processor.py:157} INFO - Started process (PID=20760) to work on /home/opeyemi/.local/lib/python3.10/site-packages/airflow/example_dags/subdags/subdag.py
[2023-06-21T01:07:43.049+0100] {processor.py:826} INFO - Processing file /home/opeyemi/.local/lib/python3.10/site-packages/airflow/example_dags/subdags/subdag.py for tasks to queue
[2023-06-21T01:07:43.052+0100] {logging_mixin.py:149} INFO - [2023-06-21T01:07:43.051+0100] {dagbag.py:541} INFO - Filling up the DagBag from /home/opeyemi/.local/lib/python3.10/site-packages/airflow/example_dags/subdags/subdag.py
[2023-06-21T01:07:43.059+0100] {processor.py:838} WARNING - No viable dags retrieved from /home/opeyemi/.local/lib/python3.10/site-packages/airflow/example_dags/subdags/subdag.py
[2023-06-21T01:07:43.105+0100] {processor.py:179} INFO - Processing /home/opeyemi/.local/lib/python3.10/site-packages/airflow/example_dags/subdags/subdag.py took 0.136 seconds
[2023-06-21T01:08:39.846+0100] {processor.py:157} INFO - Started process (PID=20812) to work on /home/opeyemi/.local/lib/python3.10/site-packages/airflow/example_dags/subdags/subdag.py
[2023-06-21T01:08:39.913+0100] {processor.py:826} INFO - Processing file /home/opeyemi/.local/lib/python3.10/site-packages/airflow/example_dags/subdags/subdag.py for tasks to queue
[2023-06-21T01:08:39.915+0100] {logging_mixin.py:149} INFO - [2023-06-21T01:08:39.915+0100] {dagbag.py:541} INFO - Filling up the DagBag from /home/opeyemi/.local/lib/python3.10/site-packages/airflow/example_dags/subdags/subdag.py
[2023-06-21T01:08:39.920+0100] {processor.py:838} WARNING - No viable dags retrieved from /home/opeyemi/.local/lib/python3.10/site-packages/airflow/example_dags/subdags/subdag.py
[2023-06-21T01:08:39.951+0100] {processor.py:179} INFO - Processing /home/opeyemi/.local/lib/python3.10/site-packages/airflow/example_dags/subdags/subdag.py took 0.113 seconds
[2023-06-21T01:09:38.457+0100] {processor.py:157} INFO - Started process (PID=20839) to work on /home/opeyemi/.local/lib/python3.10/site-packages/airflow/example_dags/subdags/subdag.py
[2023-06-21T01:09:38.466+0100] {processor.py:826} INFO - Processing file /home/opeyemi/.local/lib/python3.10/site-packages/airflow/example_dags/subdags/subdag.py for tasks to queue
[2023-06-21T01:09:38.467+0100] {logging_mixin.py:149} INFO - [2023-06-21T01:09:38.467+0100] {dagbag.py:541} INFO - Filling up the DagBag from /home/opeyemi/.local/lib/python3.10/site-packages/airflow/example_dags/subdags/subdag.py
[2023-06-21T01:09:38.469+0100] {processor.py:838} WARNING - No viable dags retrieved from /home/opeyemi/.local/lib/python3.10/site-packages/airflow/example_dags/subdags/subdag.py
[2023-06-21T01:09:38.484+0100] {processor.py:179} INFO - Processing /home/opeyemi/.local/lib/python3.10/site-packages/airflow/example_dags/subdags/subdag.py took 0.031 seconds
[2023-06-21T01:10:31.277+0100] {processor.py:157} INFO - Started process (PID=20879) to work on /home/opeyemi/.local/lib/python3.10/site-packages/airflow/example_dags/subdags/subdag.py
[2023-06-21T01:10:31.281+0100] {processor.py:826} INFO - Processing file /home/opeyemi/.local/lib/python3.10/site-packages/airflow/example_dags/subdags/subdag.py for tasks to queue
[2023-06-21T01:10:31.283+0100] {logging_mixin.py:149} INFO - [2023-06-21T01:10:31.282+0100] {dagbag.py:541} INFO - Filling up the DagBag from /home/opeyemi/.local/lib/python3.10/site-packages/airflow/example_dags/subdags/subdag.py
[2023-06-21T01:10:31.295+0100] {processor.py:838} WARNING - No viable dags retrieved from /home/opeyemi/.local/lib/python3.10/site-packages/airflow/example_dags/subdags/subdag.py
[2023-06-21T01:10:31.323+0100] {processor.py:179} INFO - Processing /home/opeyemi/.local/lib/python3.10/site-packages/airflow/example_dags/subdags/subdag.py took 0.053 seconds
[2023-06-21T01:11:34.323+0100] {processor.py:157} INFO - Started process (PID=20907) to work on /home/opeyemi/.local/lib/python3.10/site-packages/airflow/example_dags/subdags/subdag.py
[2023-06-21T01:11:34.424+0100] {processor.py:826} INFO - Processing file /home/opeyemi/.local/lib/python3.10/site-packages/airflow/example_dags/subdags/subdag.py for tasks to queue
[2023-06-21T01:11:34.427+0100] {logging_mixin.py:149} INFO - [2023-06-21T01:11:34.427+0100] {dagbag.py:541} INFO - Filling up the DagBag from /home/opeyemi/.local/lib/python3.10/site-packages/airflow/example_dags/subdags/subdag.py
[2023-06-21T01:11:34.436+0100] {processor.py:838} WARNING - No viable dags retrieved from /home/opeyemi/.local/lib/python3.10/site-packages/airflow/example_dags/subdags/subdag.py
[2023-06-21T01:11:34.491+0100] {processor.py:179} INFO - Processing /home/opeyemi/.local/lib/python3.10/site-packages/airflow/example_dags/subdags/subdag.py took 0.189 seconds
[2023-06-21T01:12:57.516+0100] {processor.py:157} INFO - Started process (PID=20966) to work on /home/opeyemi/.local/lib/python3.10/site-packages/airflow/example_dags/subdags/subdag.py
[2023-06-21T01:12:57.532+0100] {processor.py:826} INFO - Processing file /home/opeyemi/.local/lib/python3.10/site-packages/airflow/example_dags/subdags/subdag.py for tasks to queue
[2023-06-21T01:12:57.534+0100] {logging_mixin.py:149} INFO - [2023-06-21T01:12:57.534+0100] {dagbag.py:541} INFO - Filling up the DagBag from /home/opeyemi/.local/lib/python3.10/site-packages/airflow/example_dags/subdags/subdag.py
[2023-06-21T01:12:57.538+0100] {processor.py:838} WARNING - No viable dags retrieved from /home/opeyemi/.local/lib/python3.10/site-packages/airflow/example_dags/subdags/subdag.py
[2023-06-21T01:12:57.585+0100] {processor.py:179} INFO - Processing /home/opeyemi/.local/lib/python3.10/site-packages/airflow/example_dags/subdags/subdag.py took 0.078 seconds
[2023-06-21T01:14:18.804+0100] {processor.py:157} INFO - Started process (PID=21003) to work on /home/opeyemi/.local/lib/python3.10/site-packages/airflow/example_dags/subdags/subdag.py
[2023-06-21T01:14:18.909+0100] {processor.py:826} INFO - Processing file /home/opeyemi/.local/lib/python3.10/site-packages/airflow/example_dags/subdags/subdag.py for tasks to queue
[2023-06-21T01:14:18.911+0100] {logging_mixin.py:149} INFO - [2023-06-21T01:14:18.910+0100] {dagbag.py:541} INFO - Filling up the DagBag from /home/opeyemi/.local/lib/python3.10/site-packages/airflow/example_dags/subdags/subdag.py
[2023-06-21T01:14:18.913+0100] {processor.py:838} WARNING - No viable dags retrieved from /home/opeyemi/.local/lib/python3.10/site-packages/airflow/example_dags/subdags/subdag.py
[2023-06-21T01:14:18.947+0100] {processor.py:179} INFO - Processing /home/opeyemi/.local/lib/python3.10/site-packages/airflow/example_dags/subdags/subdag.py took 0.163 seconds
[2023-06-21T01:15:17.460+0100] {processor.py:157} INFO - Started process (PID=21034) to work on /home/opeyemi/.local/lib/python3.10/site-packages/airflow/example_dags/subdags/subdag.py
[2023-06-21T01:15:17.480+0100] {processor.py:826} INFO - Processing file /home/opeyemi/.local/lib/python3.10/site-packages/airflow/example_dags/subdags/subdag.py for tasks to queue
[2023-06-21T01:15:17.482+0100] {logging_mixin.py:149} INFO - [2023-06-21T01:15:17.481+0100] {dagbag.py:541} INFO - Filling up the DagBag from /home/opeyemi/.local/lib/python3.10/site-packages/airflow/example_dags/subdags/subdag.py
[2023-06-21T01:15:17.498+0100] {processor.py:838} WARNING - No viable dags retrieved from /home/opeyemi/.local/lib/python3.10/site-packages/airflow/example_dags/subdags/subdag.py
[2023-06-21T01:15:17.559+0100] {processor.py:179} INFO - Processing /home/opeyemi/.local/lib/python3.10/site-packages/airflow/example_dags/subdags/subdag.py took 0.104 seconds
[2023-06-21T01:16:50.784+0100] {processor.py:157} INFO - Started process (PID=21077) to work on /home/opeyemi/.local/lib/python3.10/site-packages/airflow/example_dags/subdags/subdag.py
[2023-06-21T01:16:50.791+0100] {processor.py:826} INFO - Processing file /home/opeyemi/.local/lib/python3.10/site-packages/airflow/example_dags/subdags/subdag.py for tasks to queue
[2023-06-21T01:16:50.795+0100] {logging_mixin.py:149} INFO - [2023-06-21T01:16:50.794+0100] {dagbag.py:541} INFO - Filling up the DagBag from /home/opeyemi/.local/lib/python3.10/site-packages/airflow/example_dags/subdags/subdag.py
[2023-06-21T01:16:50.811+0100] {processor.py:838} WARNING - No viable dags retrieved from /home/opeyemi/.local/lib/python3.10/site-packages/airflow/example_dags/subdags/subdag.py
[2023-06-21T01:16:50.854+0100] {processor.py:179} INFO - Processing /home/opeyemi/.local/lib/python3.10/site-packages/airflow/example_dags/subdags/subdag.py took 0.089 seconds
[2023-06-21T01:17:30.091+0100] {processor.py:157} INFO - Started process (PID=21108) to work on /home/opeyemi/.local/lib/python3.10/site-packages/airflow/example_dags/subdags/subdag.py
[2023-06-21T01:17:30.095+0100] {processor.py:826} INFO - Processing file /home/opeyemi/.local/lib/python3.10/site-packages/airflow/example_dags/subdags/subdag.py for tasks to queue
[2023-06-21T01:17:30.097+0100] {logging_mixin.py:149} INFO - [2023-06-21T01:17:30.096+0100] {dagbag.py:541} INFO - Filling up the DagBag from /home/opeyemi/.local/lib/python3.10/site-packages/airflow/example_dags/subdags/subdag.py
[2023-06-21T01:17:30.102+0100] {processor.py:838} WARNING - No viable dags retrieved from /home/opeyemi/.local/lib/python3.10/site-packages/airflow/example_dags/subdags/subdag.py
[2023-06-21T01:17:30.134+0100] {processor.py:179} INFO - Processing /home/opeyemi/.local/lib/python3.10/site-packages/airflow/example_dags/subdags/subdag.py took 0.052 seconds
[2023-06-21T01:18:06.030+0100] {processor.py:157} INFO - Started process (PID=21136) to work on /home/opeyemi/.local/lib/python3.10/site-packages/airflow/example_dags/subdags/subdag.py
[2023-06-21T01:18:06.042+0100] {processor.py:826} INFO - Processing file /home/opeyemi/.local/lib/python3.10/site-packages/airflow/example_dags/subdags/subdag.py for tasks to queue
[2023-06-21T01:18:06.047+0100] {logging_mixin.py:149} INFO - [2023-06-21T01:18:06.046+0100] {dagbag.py:541} INFO - Filling up the DagBag from /home/opeyemi/.local/lib/python3.10/site-packages/airflow/example_dags/subdags/subdag.py
[2023-06-21T01:18:06.057+0100] {processor.py:838} WARNING - No viable dags retrieved from /home/opeyemi/.local/lib/python3.10/site-packages/airflow/example_dags/subdags/subdag.py
[2023-06-21T01:18:06.108+0100] {processor.py:179} INFO - Processing /home/opeyemi/.local/lib/python3.10/site-packages/airflow/example_dags/subdags/subdag.py took 0.092 seconds
[2023-06-21T01:18:44.592+0100] {processor.py:157} INFO - Started process (PID=21165) to work on /home/opeyemi/.local/lib/python3.10/site-packages/airflow/example_dags/subdags/subdag.py
[2023-06-21T01:18:44.654+0100] {processor.py:826} INFO - Processing file /home/opeyemi/.local/lib/python3.10/site-packages/airflow/example_dags/subdags/subdag.py for tasks to queue
[2023-06-21T01:18:44.656+0100] {logging_mixin.py:149} INFO - [2023-06-21T01:18:44.656+0100] {dagbag.py:541} INFO - Filling up the DagBag from /home/opeyemi/.local/lib/python3.10/site-packages/airflow/example_dags/subdags/subdag.py
[2023-06-21T01:18:44.661+0100] {processor.py:838} WARNING - No viable dags retrieved from /home/opeyemi/.local/lib/python3.10/site-packages/airflow/example_dags/subdags/subdag.py
[2023-06-21T01:18:44.696+0100] {processor.py:179} INFO - Processing /home/opeyemi/.local/lib/python3.10/site-packages/airflow/example_dags/subdags/subdag.py took 0.107 seconds
[2023-06-21T01:19:24.350+0100] {processor.py:157} INFO - Started process (PID=21195) to work on /home/opeyemi/.local/lib/python3.10/site-packages/airflow/example_dags/subdags/subdag.py
[2023-06-21T01:19:24.394+0100] {processor.py:826} INFO - Processing file /home/opeyemi/.local/lib/python3.10/site-packages/airflow/example_dags/subdags/subdag.py for tasks to queue
[2023-06-21T01:19:24.397+0100] {logging_mixin.py:149} INFO - [2023-06-21T01:19:24.396+0100] {dagbag.py:541} INFO - Filling up the DagBag from /home/opeyemi/.local/lib/python3.10/site-packages/airflow/example_dags/subdags/subdag.py
[2023-06-21T01:19:24.402+0100] {processor.py:838} WARNING - No viable dags retrieved from /home/opeyemi/.local/lib/python3.10/site-packages/airflow/example_dags/subdags/subdag.py
[2023-06-21T01:19:24.441+0100] {processor.py:179} INFO - Processing /home/opeyemi/.local/lib/python3.10/site-packages/airflow/example_dags/subdags/subdag.py took 0.108 seconds
[2023-06-21T01:20:00.860+0100] {processor.py:157} INFO - Started process (PID=21224) to work on /home/opeyemi/.local/lib/python3.10/site-packages/airflow/example_dags/subdags/subdag.py
[2023-06-21T01:20:00.938+0100] {processor.py:826} INFO - Processing file /home/opeyemi/.local/lib/python3.10/site-packages/airflow/example_dags/subdags/subdag.py for tasks to queue
[2023-06-21T01:20:00.939+0100] {logging_mixin.py:149} INFO - [2023-06-21T01:20:00.939+0100] {dagbag.py:541} INFO - Filling up the DagBag from /home/opeyemi/.local/lib/python3.10/site-packages/airflow/example_dags/subdags/subdag.py
[2023-06-21T01:20:00.943+0100] {processor.py:838} WARNING - No viable dags retrieved from /home/opeyemi/.local/lib/python3.10/site-packages/airflow/example_dags/subdags/subdag.py
[2023-06-21T01:20:00.980+0100] {processor.py:179} INFO - Processing /home/opeyemi/.local/lib/python3.10/site-packages/airflow/example_dags/subdags/subdag.py took 0.127 seconds
[2023-06-21T01:21:15.529+0100] {processor.py:157} INFO - Started process (PID=21253) to work on /home/opeyemi/.local/lib/python3.10/site-packages/airflow/example_dags/subdags/subdag.py
[2023-06-21T01:21:15.532+0100] {processor.py:826} INFO - Processing file /home/opeyemi/.local/lib/python3.10/site-packages/airflow/example_dags/subdags/subdag.py for tasks to queue
[2023-06-21T01:21:15.534+0100] {logging_mixin.py:149} INFO - [2023-06-21T01:21:15.533+0100] {dagbag.py:541} INFO - Filling up the DagBag from /home/opeyemi/.local/lib/python3.10/site-packages/airflow/example_dags/subdags/subdag.py
[2023-06-21T01:21:15.535+0100] {processor.py:838} WARNING - No viable dags retrieved from /home/opeyemi/.local/lib/python3.10/site-packages/airflow/example_dags/subdags/subdag.py
[2023-06-21T01:21:15.550+0100] {processor.py:179} INFO - Processing /home/opeyemi/.local/lib/python3.10/site-packages/airflow/example_dags/subdags/subdag.py took 0.026 seconds
[2023-06-21T01:22:33.688+0100] {processor.py:157} INFO - Started process (PID=21298) to work on /home/opeyemi/.local/lib/python3.10/site-packages/airflow/example_dags/subdags/subdag.py
[2023-06-21T01:22:33.781+0100] {processor.py:826} INFO - Processing file /home/opeyemi/.local/lib/python3.10/site-packages/airflow/example_dags/subdags/subdag.py for tasks to queue
[2023-06-21T01:22:33.784+0100] {logging_mixin.py:149} INFO - [2023-06-21T01:22:33.783+0100] {dagbag.py:541} INFO - Filling up the DagBag from /home/opeyemi/.local/lib/python3.10/site-packages/airflow/example_dags/subdags/subdag.py
[2023-06-21T01:22:33.789+0100] {processor.py:838} WARNING - No viable dags retrieved from /home/opeyemi/.local/lib/python3.10/site-packages/airflow/example_dags/subdags/subdag.py
[2023-06-21T01:22:33.830+0100] {processor.py:179} INFO - Processing /home/opeyemi/.local/lib/python3.10/site-packages/airflow/example_dags/subdags/subdag.py took 0.151 seconds
[2023-06-21T01:23:17.558+0100] {processor.py:157} INFO - Started process (PID=21332) to work on /home/opeyemi/.local/lib/python3.10/site-packages/airflow/example_dags/subdags/subdag.py
[2023-06-21T01:23:17.742+0100] {processor.py:826} INFO - Processing file /home/opeyemi/.local/lib/python3.10/site-packages/airflow/example_dags/subdags/subdag.py for tasks to queue
[2023-06-21T01:23:17.745+0100] {logging_mixin.py:149} INFO - [2023-06-21T01:23:17.744+0100] {dagbag.py:541} INFO - Filling up the DagBag from /home/opeyemi/.local/lib/python3.10/site-packages/airflow/example_dags/subdags/subdag.py
[2023-06-21T01:23:17.764+0100] {processor.py:838} WARNING - No viable dags retrieved from /home/opeyemi/.local/lib/python3.10/site-packages/airflow/example_dags/subdags/subdag.py
[2023-06-21T01:23:17.873+0100] {processor.py:179} INFO - Processing /home/opeyemi/.local/lib/python3.10/site-packages/airflow/example_dags/subdags/subdag.py took 0.330 seconds
[2023-06-21T01:24:09.951+0100] {processor.py:157} INFO - Started process (PID=21369) to work on /home/opeyemi/.local/lib/python3.10/site-packages/airflow/example_dags/subdags/subdag.py
[2023-06-21T01:24:10.017+0100] {processor.py:826} INFO - Processing file /home/opeyemi/.local/lib/python3.10/site-packages/airflow/example_dags/subdags/subdag.py for tasks to queue
[2023-06-21T01:24:10.018+0100] {logging_mixin.py:149} INFO - [2023-06-21T01:24:10.018+0100] {dagbag.py:541} INFO - Filling up the DagBag from /home/opeyemi/.local/lib/python3.10/site-packages/airflow/example_dags/subdags/subdag.py
[2023-06-21T01:24:10.023+0100] {processor.py:838} WARNING - No viable dags retrieved from /home/opeyemi/.local/lib/python3.10/site-packages/airflow/example_dags/subdags/subdag.py
[2023-06-21T01:24:10.050+0100] {processor.py:179} INFO - Processing /home/opeyemi/.local/lib/python3.10/site-packages/airflow/example_dags/subdags/subdag.py took 0.106 seconds
[2023-06-21T01:24:50.419+0100] {processor.py:157} INFO - Started process (PID=21526) to work on /home/opeyemi/.local/lib/python3.10/site-packages/airflow/example_dags/subdags/subdag.py
[2023-06-21T01:24:50.426+0100] {processor.py:826} INFO - Processing file /home/opeyemi/.local/lib/python3.10/site-packages/airflow/example_dags/subdags/subdag.py for tasks to queue
[2023-06-21T01:24:50.428+0100] {logging_mixin.py:149} INFO - [2023-06-21T01:24:50.427+0100] {dagbag.py:541} INFO - Filling up the DagBag from /home/opeyemi/.local/lib/python3.10/site-packages/airflow/example_dags/subdags/subdag.py
[2023-06-21T01:24:50.434+0100] {processor.py:838} WARNING - No viable dags retrieved from /home/opeyemi/.local/lib/python3.10/site-packages/airflow/example_dags/subdags/subdag.py
[2023-06-21T01:24:50.462+0100] {processor.py:179} INFO - Processing /home/opeyemi/.local/lib/python3.10/site-packages/airflow/example_dags/subdags/subdag.py took 0.055 seconds
[2023-06-21T01:25:55.788+0100] {processor.py:157} INFO - Started process (PID=21664) to work on /home/opeyemi/.local/lib/python3.10/site-packages/airflow/example_dags/subdags/subdag.py
[2023-06-21T01:25:55.873+0100] {processor.py:826} INFO - Processing file /home/opeyemi/.local/lib/python3.10/site-packages/airflow/example_dags/subdags/subdag.py for tasks to queue
[2023-06-21T01:25:55.876+0100] {logging_mixin.py:149} INFO - [2023-06-21T01:25:55.875+0100] {dagbag.py:541} INFO - Filling up the DagBag from /home/opeyemi/.local/lib/python3.10/site-packages/airflow/example_dags/subdags/subdag.py
[2023-06-21T01:25:55.884+0100] {processor.py:838} WARNING - No viable dags retrieved from /home/opeyemi/.local/lib/python3.10/site-packages/airflow/example_dags/subdags/subdag.py
[2023-06-21T01:25:55.975+0100] {processor.py:179} INFO - Processing /home/opeyemi/.local/lib/python3.10/site-packages/airflow/example_dags/subdags/subdag.py took 0.206 seconds
[2023-06-21T01:26:41.888+0100] {processor.py:157} INFO - Started process (PID=21695) to work on /home/opeyemi/.local/lib/python3.10/site-packages/airflow/example_dags/subdags/subdag.py
[2023-06-21T01:26:42.095+0100] {processor.py:826} INFO - Processing file /home/opeyemi/.local/lib/python3.10/site-packages/airflow/example_dags/subdags/subdag.py for tasks to queue
[2023-06-21T01:26:42.096+0100] {logging_mixin.py:149} INFO - [2023-06-21T01:26:42.096+0100] {dagbag.py:541} INFO - Filling up the DagBag from /home/opeyemi/.local/lib/python3.10/site-packages/airflow/example_dags/subdags/subdag.py
[2023-06-21T01:26:42.100+0100] {processor.py:838} WARNING - No viable dags retrieved from /home/opeyemi/.local/lib/python3.10/site-packages/airflow/example_dags/subdags/subdag.py
[2023-06-21T01:26:42.145+0100] {processor.py:179} INFO - Processing /home/opeyemi/.local/lib/python3.10/site-packages/airflow/example_dags/subdags/subdag.py took 0.255 seconds
[2023-06-21T01:27:36.736+0100] {processor.py:157} INFO - Started process (PID=21728) to work on /home/opeyemi/.local/lib/python3.10/site-packages/airflow/example_dags/subdags/subdag.py
[2023-06-21T01:27:37.425+0100] {processor.py:826} INFO - Processing file /home/opeyemi/.local/lib/python3.10/site-packages/airflow/example_dags/subdags/subdag.py for tasks to queue
[2023-06-21T01:27:37.428+0100] {logging_mixin.py:149} INFO - [2023-06-21T01:27:37.427+0100] {dagbag.py:541} INFO - Filling up the DagBag from /home/opeyemi/.local/lib/python3.10/site-packages/airflow/example_dags/subdags/subdag.py
[2023-06-21T01:27:37.434+0100] {processor.py:838} WARNING - No viable dags retrieved from /home/opeyemi/.local/lib/python3.10/site-packages/airflow/example_dags/subdags/subdag.py
[2023-06-21T01:27:37.493+0100] {processor.py:179} INFO - Processing /home/opeyemi/.local/lib/python3.10/site-packages/airflow/example_dags/subdags/subdag.py took 0.769 seconds
[2023-06-21T01:28:31.766+0100] {processor.py:157} INFO - Started process (PID=21809) to work on /home/opeyemi/.local/lib/python3.10/site-packages/airflow/example_dags/subdags/subdag.py
[2023-06-21T01:28:31.772+0100] {processor.py:826} INFO - Processing file /home/opeyemi/.local/lib/python3.10/site-packages/airflow/example_dags/subdags/subdag.py for tasks to queue
[2023-06-21T01:28:31.774+0100] {logging_mixin.py:149} INFO - [2023-06-21T01:28:31.774+0100] {dagbag.py:541} INFO - Filling up the DagBag from /home/opeyemi/.local/lib/python3.10/site-packages/airflow/example_dags/subdags/subdag.py
[2023-06-21T01:28:31.778+0100] {processor.py:838} WARNING - No viable dags retrieved from /home/opeyemi/.local/lib/python3.10/site-packages/airflow/example_dags/subdags/subdag.py
[2023-06-21T01:28:31.807+0100] {processor.py:179} INFO - Processing /home/opeyemi/.local/lib/python3.10/site-packages/airflow/example_dags/subdags/subdag.py took 0.048 seconds
[2023-06-21T01:29:09.372+0100] {processor.py:157} INFO - Started process (PID=21841) to work on /home/opeyemi/.local/lib/python3.10/site-packages/airflow/example_dags/subdags/subdag.py
[2023-06-21T01:29:09.385+0100] {processor.py:826} INFO - Processing file /home/opeyemi/.local/lib/python3.10/site-packages/airflow/example_dags/subdags/subdag.py for tasks to queue
[2023-06-21T01:29:09.387+0100] {logging_mixin.py:149} INFO - [2023-06-21T01:29:09.386+0100] {dagbag.py:541} INFO - Filling up the DagBag from /home/opeyemi/.local/lib/python3.10/site-packages/airflow/example_dags/subdags/subdag.py
[2023-06-21T01:29:09.391+0100] {processor.py:838} WARNING - No viable dags retrieved from /home/opeyemi/.local/lib/python3.10/site-packages/airflow/example_dags/subdags/subdag.py
[2023-06-21T01:29:09.419+0100] {processor.py:179} INFO - Processing /home/opeyemi/.local/lib/python3.10/site-packages/airflow/example_dags/subdags/subdag.py took 0.057 seconds
[2023-06-21T01:30:06.429+0100] {processor.py:157} INFO - Started process (PID=21892) to work on /home/opeyemi/.local/lib/python3.10/site-packages/airflow/example_dags/subdags/subdag.py
[2023-06-21T01:30:06.436+0100] {processor.py:826} INFO - Processing file /home/opeyemi/.local/lib/python3.10/site-packages/airflow/example_dags/subdags/subdag.py for tasks to queue
[2023-06-21T01:30:06.438+0100] {logging_mixin.py:149} INFO - [2023-06-21T01:30:06.438+0100] {dagbag.py:541} INFO - Filling up the DagBag from /home/opeyemi/.local/lib/python3.10/site-packages/airflow/example_dags/subdags/subdag.py
[2023-06-21T01:30:06.444+0100] {processor.py:838} WARNING - No viable dags retrieved from /home/opeyemi/.local/lib/python3.10/site-packages/airflow/example_dags/subdags/subdag.py
[2023-06-21T01:30:06.479+0100] {processor.py:179} INFO - Processing /home/opeyemi/.local/lib/python3.10/site-packages/airflow/example_dags/subdags/subdag.py took 0.060 seconds
[2023-06-21T01:31:02.709+0100] {processor.py:157} INFO - Started process (PID=21939) to work on /home/opeyemi/.local/lib/python3.10/site-packages/airflow/example_dags/subdags/subdag.py
[2023-06-21T01:31:02.759+0100] {processor.py:826} INFO - Processing file /home/opeyemi/.local/lib/python3.10/site-packages/airflow/example_dags/subdags/subdag.py for tasks to queue
[2023-06-21T01:31:02.760+0100] {logging_mixin.py:149} INFO - [2023-06-21T01:31:02.760+0100] {dagbag.py:541} INFO - Filling up the DagBag from /home/opeyemi/.local/lib/python3.10/site-packages/airflow/example_dags/subdags/subdag.py
[2023-06-21T01:31:02.762+0100] {processor.py:838} WARNING - No viable dags retrieved from /home/opeyemi/.local/lib/python3.10/site-packages/airflow/example_dags/subdags/subdag.py
[2023-06-21T01:31:02.782+0100] {processor.py:179} INFO - Processing /home/opeyemi/.local/lib/python3.10/site-packages/airflow/example_dags/subdags/subdag.py took 0.085 seconds
[2023-06-21T01:32:06.701+0100] {processor.py:157} INFO - Started process (PID=21993) to work on /home/opeyemi/.local/lib/python3.10/site-packages/airflow/example_dags/subdags/subdag.py
[2023-06-21T01:32:06.705+0100] {processor.py:826} INFO - Processing file /home/opeyemi/.local/lib/python3.10/site-packages/airflow/example_dags/subdags/subdag.py for tasks to queue
[2023-06-21T01:32:06.707+0100] {logging_mixin.py:149} INFO - [2023-06-21T01:32:06.706+0100] {dagbag.py:541} INFO - Filling up the DagBag from /home/opeyemi/.local/lib/python3.10/site-packages/airflow/example_dags/subdags/subdag.py
[2023-06-21T01:32:06.712+0100] {processor.py:838} WARNING - No viable dags retrieved from /home/opeyemi/.local/lib/python3.10/site-packages/airflow/example_dags/subdags/subdag.py
[2023-06-21T01:32:06.750+0100] {processor.py:179} INFO - Processing /home/opeyemi/.local/lib/python3.10/site-packages/airflow/example_dags/subdags/subdag.py took 0.060 seconds
[2023-06-21T01:33:04.211+0100] {processor.py:157} INFO - Started process (PID=22052) to work on /home/opeyemi/.local/lib/python3.10/site-packages/airflow/example_dags/subdags/subdag.py
[2023-06-21T01:33:04.221+0100] {processor.py:826} INFO - Processing file /home/opeyemi/.local/lib/python3.10/site-packages/airflow/example_dags/subdags/subdag.py for tasks to queue
[2023-06-21T01:33:04.224+0100] {logging_mixin.py:149} INFO - [2023-06-21T01:33:04.223+0100] {dagbag.py:541} INFO - Filling up the DagBag from /home/opeyemi/.local/lib/python3.10/site-packages/airflow/example_dags/subdags/subdag.py
[2023-06-21T01:33:04.228+0100] {processor.py:838} WARNING - No viable dags retrieved from /home/opeyemi/.local/lib/python3.10/site-packages/airflow/example_dags/subdags/subdag.py
[2023-06-21T01:33:04.259+0100] {processor.py:179} INFO - Processing /home/opeyemi/.local/lib/python3.10/site-packages/airflow/example_dags/subdags/subdag.py took 0.058 seconds
[2023-06-21T01:33:58.518+0100] {processor.py:157} INFO - Started process (PID=22197) to work on /home/opeyemi/.local/lib/python3.10/site-packages/airflow/example_dags/subdags/subdag.py
[2023-06-21T01:33:58.528+0100] {processor.py:826} INFO - Processing file /home/opeyemi/.local/lib/python3.10/site-packages/airflow/example_dags/subdags/subdag.py for tasks to queue
[2023-06-21T01:33:58.530+0100] {logging_mixin.py:149} INFO - [2023-06-21T01:33:58.530+0100] {dagbag.py:541} INFO - Filling up the DagBag from /home/opeyemi/.local/lib/python3.10/site-packages/airflow/example_dags/subdags/subdag.py
[2023-06-21T01:33:58.534+0100] {processor.py:838} WARNING - No viable dags retrieved from /home/opeyemi/.local/lib/python3.10/site-packages/airflow/example_dags/subdags/subdag.py
[2023-06-21T01:33:58.576+0100] {processor.py:179} INFO - Processing /home/opeyemi/.local/lib/python3.10/site-packages/airflow/example_dags/subdags/subdag.py took 0.068 seconds
[2023-06-21T01:34:50.538+0100] {processor.py:157} INFO - Started process (PID=22413) to work on /home/opeyemi/.local/lib/python3.10/site-packages/airflow/example_dags/subdags/subdag.py
[2023-06-21T01:34:50.541+0100] {processor.py:826} INFO - Processing file /home/opeyemi/.local/lib/python3.10/site-packages/airflow/example_dags/subdags/subdag.py for tasks to queue
[2023-06-21T01:34:50.543+0100] {logging_mixin.py:149} INFO - [2023-06-21T01:34:50.542+0100] {dagbag.py:541} INFO - Filling up the DagBag from /home/opeyemi/.local/lib/python3.10/site-packages/airflow/example_dags/subdags/subdag.py
[2023-06-21T01:34:50.546+0100] {processor.py:838} WARNING - No viable dags retrieved from /home/opeyemi/.local/lib/python3.10/site-packages/airflow/example_dags/subdags/subdag.py
[2023-06-21T01:34:50.575+0100] {processor.py:179} INFO - Processing /home/opeyemi/.local/lib/python3.10/site-packages/airflow/example_dags/subdags/subdag.py took 0.046 seconds
[2023-06-21T01:35:47.197+0100] {processor.py:157} INFO - Started process (PID=22593) to work on /home/opeyemi/.local/lib/python3.10/site-packages/airflow/example_dags/subdags/subdag.py
[2023-06-21T01:35:47.200+0100] {processor.py:826} INFO - Processing file /home/opeyemi/.local/lib/python3.10/site-packages/airflow/example_dags/subdags/subdag.py for tasks to queue
[2023-06-21T01:35:47.203+0100] {logging_mixin.py:149} INFO - [2023-06-21T01:35:47.202+0100] {dagbag.py:541} INFO - Filling up the DagBag from /home/opeyemi/.local/lib/python3.10/site-packages/airflow/example_dags/subdags/subdag.py
[2023-06-21T01:35:47.209+0100] {processor.py:838} WARNING - No viable dags retrieved from /home/opeyemi/.local/lib/python3.10/site-packages/airflow/example_dags/subdags/subdag.py
[2023-06-21T01:35:47.251+0100] {processor.py:179} INFO - Processing /home/opeyemi/.local/lib/python3.10/site-packages/airflow/example_dags/subdags/subdag.py took 0.064 seconds
[2023-06-21T01:36:40.481+0100] {processor.py:157} INFO - Started process (PID=22749) to work on /home/opeyemi/.local/lib/python3.10/site-packages/airflow/example_dags/subdags/subdag.py
[2023-06-21T01:36:40.493+0100] {processor.py:826} INFO - Processing file /home/opeyemi/.local/lib/python3.10/site-packages/airflow/example_dags/subdags/subdag.py for tasks to queue
[2023-06-21T01:36:40.496+0100] {logging_mixin.py:149} INFO - [2023-06-21T01:36:40.495+0100] {dagbag.py:541} INFO - Filling up the DagBag from /home/opeyemi/.local/lib/python3.10/site-packages/airflow/example_dags/subdags/subdag.py
[2023-06-21T01:36:40.502+0100] {processor.py:838} WARNING - No viable dags retrieved from /home/opeyemi/.local/lib/python3.10/site-packages/airflow/example_dags/subdags/subdag.py
[2023-06-21T01:36:40.538+0100] {processor.py:179} INFO - Processing /home/opeyemi/.local/lib/python3.10/site-packages/airflow/example_dags/subdags/subdag.py took 0.068 seconds
[2023-06-21T01:37:38.605+0100] {processor.py:157} INFO - Started process (PID=23044) to work on /home/opeyemi/.local/lib/python3.10/site-packages/airflow/example_dags/subdags/subdag.py
[2023-06-21T01:37:38.612+0100] {processor.py:826} INFO - Processing file /home/opeyemi/.local/lib/python3.10/site-packages/airflow/example_dags/subdags/subdag.py for tasks to queue
[2023-06-21T01:37:38.616+0100] {logging_mixin.py:149} INFO - [2023-06-21T01:37:38.615+0100] {dagbag.py:541} INFO - Filling up the DagBag from /home/opeyemi/.local/lib/python3.10/site-packages/airflow/example_dags/subdags/subdag.py
[2023-06-21T01:37:38.632+0100] {processor.py:838} WARNING - No viable dags retrieved from /home/opeyemi/.local/lib/python3.10/site-packages/airflow/example_dags/subdags/subdag.py
[2023-06-21T01:37:38.773+0100] {processor.py:179} INFO - Processing /home/opeyemi/.local/lib/python3.10/site-packages/airflow/example_dags/subdags/subdag.py took 0.181 seconds
[2023-06-21T01:38:36.147+0100] {processor.py:157} INFO - Started process (PID=23266) to work on /home/opeyemi/.local/lib/python3.10/site-packages/airflow/example_dags/subdags/subdag.py
[2023-06-21T01:38:36.152+0100] {processor.py:826} INFO - Processing file /home/opeyemi/.local/lib/python3.10/site-packages/airflow/example_dags/subdags/subdag.py for tasks to queue
[2023-06-21T01:38:36.154+0100] {logging_mixin.py:149} INFO - [2023-06-21T01:38:36.153+0100] {dagbag.py:541} INFO - Filling up the DagBag from /home/opeyemi/.local/lib/python3.10/site-packages/airflow/example_dags/subdags/subdag.py
[2023-06-21T01:38:36.158+0100] {processor.py:838} WARNING - No viable dags retrieved from /home/opeyemi/.local/lib/python3.10/site-packages/airflow/example_dags/subdags/subdag.py
[2023-06-21T01:38:36.184+0100] {processor.py:179} INFO - Processing /home/opeyemi/.local/lib/python3.10/site-packages/airflow/example_dags/subdags/subdag.py took 0.053 seconds
[2023-06-21T01:39:28.559+0100] {processor.py:157} INFO - Started process (PID=23313) to work on /home/opeyemi/.local/lib/python3.10/site-packages/airflow/example_dags/subdags/subdag.py
[2023-06-21T01:39:28.563+0100] {processor.py:826} INFO - Processing file /home/opeyemi/.local/lib/python3.10/site-packages/airflow/example_dags/subdags/subdag.py for tasks to queue
[2023-06-21T01:39:28.567+0100] {logging_mixin.py:149} INFO - [2023-06-21T01:39:28.565+0100] {dagbag.py:541} INFO - Filling up the DagBag from /home/opeyemi/.local/lib/python3.10/site-packages/airflow/example_dags/subdags/subdag.py
[2023-06-21T01:39:28.574+0100] {processor.py:838} WARNING - No viable dags retrieved from /home/opeyemi/.local/lib/python3.10/site-packages/airflow/example_dags/subdags/subdag.py
[2023-06-21T01:39:28.630+0100] {processor.py:179} INFO - Processing /home/opeyemi/.local/lib/python3.10/site-packages/airflow/example_dags/subdags/subdag.py took 0.081 seconds
[2023-06-21T01:40:19.504+0100] {processor.py:157} INFO - Started process (PID=23368) to work on /home/opeyemi/.local/lib/python3.10/site-packages/airflow/example_dags/subdags/subdag.py
[2023-06-21T01:40:19.507+0100] {processor.py:826} INFO - Processing file /home/opeyemi/.local/lib/python3.10/site-packages/airflow/example_dags/subdags/subdag.py for tasks to queue
[2023-06-21T01:40:19.510+0100] {logging_mixin.py:149} INFO - [2023-06-21T01:40:19.510+0100] {dagbag.py:541} INFO - Filling up the DagBag from /home/opeyemi/.local/lib/python3.10/site-packages/airflow/example_dags/subdags/subdag.py
[2023-06-21T01:40:19.520+0100] {processor.py:838} WARNING - No viable dags retrieved from /home/opeyemi/.local/lib/python3.10/site-packages/airflow/example_dags/subdags/subdag.py
[2023-06-21T01:40:19.550+0100] {processor.py:179} INFO - Processing /home/opeyemi/.local/lib/python3.10/site-packages/airflow/example_dags/subdags/subdag.py took 0.054 seconds
[2023-06-21T01:41:16.853+0100] {processor.py:157} INFO - Started process (PID=23421) to work on /home/opeyemi/.local/lib/python3.10/site-packages/airflow/example_dags/subdags/subdag.py
[2023-06-21T01:41:16.855+0100] {processor.py:826} INFO - Processing file /home/opeyemi/.local/lib/python3.10/site-packages/airflow/example_dags/subdags/subdag.py for tasks to queue
[2023-06-21T01:41:16.857+0100] {logging_mixin.py:149} INFO - [2023-06-21T01:41:16.857+0100] {dagbag.py:541} INFO - Filling up the DagBag from /home/opeyemi/.local/lib/python3.10/site-packages/airflow/example_dags/subdags/subdag.py
[2023-06-21T01:41:16.860+0100] {processor.py:838} WARNING - No viable dags retrieved from /home/opeyemi/.local/lib/python3.10/site-packages/airflow/example_dags/subdags/subdag.py
[2023-06-21T01:41:16.898+0100] {processor.py:179} INFO - Processing /home/opeyemi/.local/lib/python3.10/site-packages/airflow/example_dags/subdags/subdag.py took 0.059 seconds
