[2023-07-12T05:49:19.418+0100] {processor.py:157} INFO - Started process (PID=6926) to work on /home/opeyemi/airflow/dags/podcast_summary.py
[2023-07-12T05:49:19.422+0100] {processor.py:826} INFO - Processing file /home/opeyemi/airflow/dags/podcast_summary.py for tasks to queue
[2023-07-12T05:49:19.428+0100] {logging_mixin.py:150} INFO - [2023-07-12T05:49:19.426+0100] {dagbag.py:541} INFO - Filling up the DagBag from /home/opeyemi/airflow/dags/podcast_summary.py
[2023-07-12T05:49:19.486+0100] {processor.py:836} INFO - DAG(s) dict_keys(['podcast_summary']) retrieved from /home/opeyemi/airflow/dags/podcast_summary.py
[2023-07-12T05:49:20.035+0100] {logging_mixin.py:150} INFO - [2023-07-12T05:49:20.034+0100] {manager.py:504} INFO - Created Permission View: can delete on DAG:podcast_summary
[2023-07-12T05:49:20.091+0100] {logging_mixin.py:150} INFO - [2023-07-12T05:49:20.090+0100] {manager.py:504} INFO - Created Permission View: can edit on DAG:podcast_summary
[2023-07-12T05:49:20.165+0100] {logging_mixin.py:150} INFO - [2023-07-12T05:49:20.164+0100] {manager.py:504} INFO - Created Permission View: can read on DAG:podcast_summary
[2023-07-12T05:49:20.207+0100] {logging_mixin.py:150} INFO - [2023-07-12T05:49:20.206+0100] {dag.py:2742} INFO - Sync 1 DAGs
[2023-07-12T05:49:20.237+0100] {logging_mixin.py:150} INFO - [2023-07-12T05:49:20.237+0100] {dag.py:2763} INFO - Creating ORM DAG for podcast_summary
[2023-07-12T05:49:20.262+0100] {logging_mixin.py:150} INFO - [2023-07-12T05:49:20.261+0100] {dag.py:3504} INFO - Setting next_dagrun for podcast_summary to 2023-07-11T00:00:00+00:00, run_after=2023-07-12T00:00:00+00:00
[2023-07-12T05:49:20.333+0100] {processor.py:179} INFO - Processing /home/opeyemi/airflow/dags/podcast_summary.py took 0.929 seconds
[2023-07-12T05:50:08.699+0100] {processor.py:157} INFO - Started process (PID=6967) to work on /home/opeyemi/airflow/dags/podcast_summary.py
[2023-07-12T05:50:08.704+0100] {processor.py:826} INFO - Processing file /home/opeyemi/airflow/dags/podcast_summary.py for tasks to queue
[2023-07-12T05:50:08.709+0100] {logging_mixin.py:150} INFO - [2023-07-12T05:50:08.707+0100] {dagbag.py:541} INFO - Filling up the DagBag from /home/opeyemi/airflow/dags/podcast_summary.py
[2023-07-12T05:50:08.757+0100] {processor.py:836} INFO - DAG(s) dict_keys(['podcast_summary']) retrieved from /home/opeyemi/airflow/dags/podcast_summary.py
[2023-07-12T05:50:08.820+0100] {logging_mixin.py:150} INFO - [2023-07-12T05:50:08.819+0100] {dag.py:2742} INFO - Sync 1 DAGs
[2023-07-12T05:50:08.917+0100] {logging_mixin.py:150} INFO - [2023-07-12T05:50:08.916+0100] {dag.py:3504} INFO - Setting next_dagrun for podcast_summary to 2023-07-11T00:00:00+00:00, run_after=2023-07-12T00:00:00+00:00
[2023-07-12T05:50:09.038+0100] {processor.py:179} INFO - Processing /home/opeyemi/airflow/dags/podcast_summary.py took 0.356 seconds
[2023-07-12T05:50:40.461+0100] {processor.py:157} INFO - Started process (PID=6995) to work on /home/opeyemi/airflow/dags/podcast_summary.py
[2023-07-12T05:50:40.467+0100] {processor.py:826} INFO - Processing file /home/opeyemi/airflow/dags/podcast_summary.py for tasks to queue
[2023-07-12T05:50:40.475+0100] {logging_mixin.py:150} INFO - [2023-07-12T05:50:40.470+0100] {dagbag.py:541} INFO - Filling up the DagBag from /home/opeyemi/airflow/dags/podcast_summary.py
[2023-07-12T05:50:40.526+0100] {processor.py:836} INFO - DAG(s) dict_keys(['podcast_summary']) retrieved from /home/opeyemi/airflow/dags/podcast_summary.py
[2023-07-12T05:50:40.559+0100] {logging_mixin.py:150} INFO - [2023-07-12T05:50:40.558+0100] {dag.py:2742} INFO - Sync 1 DAGs
[2023-07-12T05:50:40.604+0100] {logging_mixin.py:150} INFO - [2023-07-12T05:50:40.603+0100] {dag.py:3504} INFO - Setting next_dagrun for podcast_summary to 2023-07-11T00:00:00+00:00, run_after=2023-07-12T00:00:00+00:00
[2023-07-12T05:50:40.648+0100] {processor.py:179} INFO - Processing /home/opeyemi/airflow/dags/podcast_summary.py took 0.202 seconds
[2023-07-12T05:51:12.089+0100] {processor.py:157} INFO - Started process (PID=7068) to work on /home/opeyemi/airflow/dags/podcast_summary.py
[2023-07-12T05:51:12.094+0100] {processor.py:826} INFO - Processing file /home/opeyemi/airflow/dags/podcast_summary.py for tasks to queue
[2023-07-12T05:51:12.099+0100] {logging_mixin.py:150} INFO - [2023-07-12T05:51:12.097+0100] {dagbag.py:541} INFO - Filling up the DagBag from /home/opeyemi/airflow/dags/podcast_summary.py
[2023-07-12T05:51:12.140+0100] {processor.py:836} INFO - DAG(s) dict_keys(['podcast_summary']) retrieved from /home/opeyemi/airflow/dags/podcast_summary.py
[2023-07-12T05:51:12.194+0100] {logging_mixin.py:150} INFO - [2023-07-12T05:51:12.194+0100] {dag.py:2742} INFO - Sync 1 DAGs
[2023-07-12T05:51:12.244+0100] {logging_mixin.py:150} INFO - [2023-07-12T05:51:12.244+0100] {dag.py:3504} INFO - Setting next_dagrun for podcast_summary to 2023-07-11T00:00:00+00:00, run_after=2023-07-12T00:00:00+00:00
[2023-07-12T05:51:12.307+0100] {processor.py:179} INFO - Processing /home/opeyemi/airflow/dags/podcast_summary.py took 0.239 seconds
[2023-07-12T05:52:11.370+0100] {processor.py:157} INFO - Started process (PID=7171) to work on /home/opeyemi/airflow/dags/podcast_summary.py
[2023-07-12T05:52:11.373+0100] {processor.py:826} INFO - Processing file /home/opeyemi/airflow/dags/podcast_summary.py for tasks to queue
[2023-07-12T05:52:11.376+0100] {logging_mixin.py:150} INFO - [2023-07-12T05:52:11.375+0100] {dagbag.py:541} INFO - Filling up the DagBag from /home/opeyemi/airflow/dags/podcast_summary.py
[2023-07-12T05:52:11.406+0100] {processor.py:836} INFO - DAG(s) dict_keys(['podcast_summary']) retrieved from /home/opeyemi/airflow/dags/podcast_summary.py
[2023-07-12T05:52:11.454+0100] {logging_mixin.py:150} INFO - [2023-07-12T05:52:11.451+0100] {dag.py:2742} INFO - Sync 1 DAGs
[2023-07-12T05:52:11.498+0100] {logging_mixin.py:150} INFO - [2023-07-12T05:52:11.497+0100] {dag.py:3504} INFO - Setting next_dagrun for podcast_summary to 2023-07-11T00:00:00+00:00, run_after=2023-07-12T00:00:00+00:00
[2023-07-12T05:52:11.545+0100] {processor.py:179} INFO - Processing /home/opeyemi/airflow/dags/podcast_summary.py took 0.185 seconds
[2023-07-12T05:52:42.749+0100] {processor.py:157} INFO - Started process (PID=7198) to work on /home/opeyemi/airflow/dags/podcast_summary.py
[2023-07-12T05:52:42.755+0100] {processor.py:826} INFO - Processing file /home/opeyemi/airflow/dags/podcast_summary.py for tasks to queue
[2023-07-12T05:52:42.760+0100] {logging_mixin.py:150} INFO - [2023-07-12T05:52:42.758+0100] {dagbag.py:541} INFO - Filling up the DagBag from /home/opeyemi/airflow/dags/podcast_summary.py
[2023-07-12T05:52:42.809+0100] {processor.py:836} INFO - DAG(s) dict_keys(['podcast_summary']) retrieved from /home/opeyemi/airflow/dags/podcast_summary.py
[2023-07-12T05:52:42.863+0100] {logging_mixin.py:150} INFO - [2023-07-12T05:52:42.862+0100] {dag.py:2742} INFO - Sync 1 DAGs
[2023-07-12T05:52:42.909+0100] {logging_mixin.py:150} INFO - [2023-07-12T05:52:42.909+0100] {dag.py:3504} INFO - Setting next_dagrun for podcast_summary to 2023-07-11T00:00:00+00:00, run_after=2023-07-12T00:00:00+00:00
[2023-07-12T05:52:42.962+0100] {processor.py:179} INFO - Processing /home/opeyemi/airflow/dags/podcast_summary.py took 0.227 seconds
[2023-07-12T05:53:15.323+0100] {processor.py:157} INFO - Started process (PID=7223) to work on /home/opeyemi/airflow/dags/podcast_summary.py
[2023-07-12T05:53:15.325+0100] {processor.py:826} INFO - Processing file /home/opeyemi/airflow/dags/podcast_summary.py for tasks to queue
[2023-07-12T05:53:15.326+0100] {logging_mixin.py:150} INFO - [2023-07-12T05:53:15.326+0100] {dagbag.py:541} INFO - Filling up the DagBag from /home/opeyemi/airflow/dags/podcast_summary.py
[2023-07-12T05:53:15.344+0100] {processor.py:836} INFO - DAG(s) dict_keys(['podcast_summary']) retrieved from /home/opeyemi/airflow/dags/podcast_summary.py
[2023-07-12T05:53:15.377+0100] {logging_mixin.py:150} INFO - [2023-07-12T05:53:15.376+0100] {dag.py:2742} INFO - Sync 1 DAGs
[2023-07-12T05:53:15.420+0100] {logging_mixin.py:150} INFO - [2023-07-12T05:53:15.419+0100] {dag.py:3504} INFO - Setting next_dagrun for podcast_summary to 2023-07-11T00:00:00+00:00, run_after=2023-07-12T00:00:00+00:00
[2023-07-12T05:53:15.472+0100] {processor.py:179} INFO - Processing /home/opeyemi/airflow/dags/podcast_summary.py took 0.177 seconds
[2023-07-12T05:53:47.687+0100] {processor.py:157} INFO - Started process (PID=7251) to work on /home/opeyemi/airflow/dags/podcast_summary.py
[2023-07-12T05:53:47.694+0100] {processor.py:826} INFO - Processing file /home/opeyemi/airflow/dags/podcast_summary.py for tasks to queue
[2023-07-12T05:53:47.698+0100] {logging_mixin.py:150} INFO - [2023-07-12T05:53:47.697+0100] {dagbag.py:541} INFO - Filling up the DagBag from /home/opeyemi/airflow/dags/podcast_summary.py
[2023-07-12T05:53:47.742+0100] {processor.py:836} INFO - DAG(s) dict_keys(['podcast_summary']) retrieved from /home/opeyemi/airflow/dags/podcast_summary.py
[2023-07-12T05:53:47.792+0100] {logging_mixin.py:150} INFO - [2023-07-12T05:53:47.791+0100] {dag.py:2742} INFO - Sync 1 DAGs
[2023-07-12T05:53:47.857+0100] {logging_mixin.py:150} INFO - [2023-07-12T05:53:47.857+0100] {dag.py:3504} INFO - Setting next_dagrun for podcast_summary to 2023-07-11T00:00:00+00:00, run_after=2023-07-12T00:00:00+00:00
[2023-07-12T05:53:47.928+0100] {processor.py:179} INFO - Processing /home/opeyemi/airflow/dags/podcast_summary.py took 0.254 seconds
[2023-07-12T05:54:18.617+0100] {processor.py:157} INFO - Started process (PID=7275) to work on /home/opeyemi/airflow/dags/podcast_summary.py
[2023-07-12T05:54:18.620+0100] {processor.py:826} INFO - Processing file /home/opeyemi/airflow/dags/podcast_summary.py for tasks to queue
[2023-07-12T05:54:18.622+0100] {logging_mixin.py:150} INFO - [2023-07-12T05:54:18.621+0100] {dagbag.py:541} INFO - Filling up the DagBag from /home/opeyemi/airflow/dags/podcast_summary.py
[2023-07-12T05:54:18.654+0100] {processor.py:836} INFO - DAG(s) dict_keys(['podcast_summary']) retrieved from /home/opeyemi/airflow/dags/podcast_summary.py
[2023-07-12T05:54:18.695+0100] {logging_mixin.py:150} INFO - [2023-07-12T05:54:18.695+0100] {dag.py:2742} INFO - Sync 1 DAGs
[2023-07-12T05:54:18.744+0100] {logging_mixin.py:150} INFO - [2023-07-12T05:54:18.743+0100] {dag.py:3504} INFO - Setting next_dagrun for podcast_summary to 2023-07-11T00:00:00+00:00, run_after=2023-07-12T00:00:00+00:00
[2023-07-12T05:54:18.804+0100] {processor.py:179} INFO - Processing /home/opeyemi/airflow/dags/podcast_summary.py took 0.196 seconds
[2023-07-12T05:54:52.479+0100] {processor.py:157} INFO - Started process (PID=7302) to work on /home/opeyemi/airflow/dags/podcast_summary.py
[2023-07-12T05:54:52.483+0100] {processor.py:826} INFO - Processing file /home/opeyemi/airflow/dags/podcast_summary.py for tasks to queue
[2023-07-12T05:54:52.489+0100] {logging_mixin.py:150} INFO - [2023-07-12T05:54:52.488+0100] {dagbag.py:541} INFO - Filling up the DagBag from /home/opeyemi/airflow/dags/podcast_summary.py
[2023-07-12T05:54:52.532+0100] {processor.py:836} INFO - DAG(s) dict_keys(['podcast_summary']) retrieved from /home/opeyemi/airflow/dags/podcast_summary.py
[2023-07-12T05:54:52.573+0100] {logging_mixin.py:150} INFO - [2023-07-12T05:54:52.573+0100] {dag.py:2742} INFO - Sync 1 DAGs
[2023-07-12T05:54:52.612+0100] {logging_mixin.py:150} INFO - [2023-07-12T05:54:52.612+0100] {dag.py:3504} INFO - Setting next_dagrun for podcast_summary to 2023-07-11T00:00:00+00:00, run_after=2023-07-12T00:00:00+00:00
[2023-07-12T05:54:52.653+0100] {processor.py:179} INFO - Processing /home/opeyemi/airflow/dags/podcast_summary.py took 0.186 seconds
[2023-07-12T05:55:24.675+0100] {processor.py:157} INFO - Started process (PID=7331) to work on /home/opeyemi/airflow/dags/podcast_summary.py
[2023-07-12T05:55:24.678+0100] {processor.py:826} INFO - Processing file /home/opeyemi/airflow/dags/podcast_summary.py for tasks to queue
[2023-07-12T05:55:24.682+0100] {logging_mixin.py:150} INFO - [2023-07-12T05:55:24.681+0100] {dagbag.py:541} INFO - Filling up the DagBag from /home/opeyemi/airflow/dags/podcast_summary.py
[2023-07-12T05:55:24.715+0100] {processor.py:836} INFO - DAG(s) dict_keys(['podcast_summary']) retrieved from /home/opeyemi/airflow/dags/podcast_summary.py
[2023-07-12T05:55:24.760+0100] {logging_mixin.py:150} INFO - [2023-07-12T05:55:24.759+0100] {dag.py:2742} INFO - Sync 1 DAGs
[2023-07-12T05:55:24.818+0100] {logging_mixin.py:150} INFO - [2023-07-12T05:55:24.817+0100] {dag.py:3504} INFO - Setting next_dagrun for podcast_summary to 2023-07-11T00:00:00+00:00, run_after=2023-07-12T00:00:00+00:00
[2023-07-12T05:55:24.884+0100] {processor.py:179} INFO - Processing /home/opeyemi/airflow/dags/podcast_summary.py took 0.219 seconds
[2023-07-12T05:55:56.934+0100] {processor.py:157} INFO - Started process (PID=7354) to work on /home/opeyemi/airflow/dags/podcast_summary.py
[2023-07-12T05:55:56.937+0100] {processor.py:826} INFO - Processing file /home/opeyemi/airflow/dags/podcast_summary.py for tasks to queue
[2023-07-12T05:55:56.940+0100] {logging_mixin.py:150} INFO - [2023-07-12T05:55:56.939+0100] {dagbag.py:541} INFO - Filling up the DagBag from /home/opeyemi/airflow/dags/podcast_summary.py
[2023-07-12T05:55:56.980+0100] {processor.py:836} INFO - DAG(s) dict_keys(['podcast_summary']) retrieved from /home/opeyemi/airflow/dags/podcast_summary.py
[2023-07-12T05:55:57.042+0100] {logging_mixin.py:150} INFO - [2023-07-12T05:55:57.041+0100] {dag.py:2742} INFO - Sync 1 DAGs
[2023-07-12T05:55:57.087+0100] {logging_mixin.py:150} INFO - [2023-07-12T05:55:57.087+0100] {dag.py:3504} INFO - Setting next_dagrun for podcast_summary to 2023-07-11T00:00:00+00:00, run_after=2023-07-12T00:00:00+00:00
[2023-07-12T05:55:57.131+0100] {processor.py:179} INFO - Processing /home/opeyemi/airflow/dags/podcast_summary.py took 0.209 seconds
[2023-07-12T05:56:32.396+0100] {processor.py:157} INFO - Started process (PID=7383) to work on /home/opeyemi/airflow/dags/podcast_summary.py
[2023-07-12T05:56:32.411+0100] {processor.py:826} INFO - Processing file /home/opeyemi/airflow/dags/podcast_summary.py for tasks to queue
[2023-07-12T05:56:32.415+0100] {logging_mixin.py:150} INFO - [2023-07-12T05:56:32.413+0100] {dagbag.py:541} INFO - Filling up the DagBag from /home/opeyemi/airflow/dags/podcast_summary.py
[2023-07-12T05:56:32.472+0100] {processor.py:836} INFO - DAG(s) dict_keys(['podcast_summary']) retrieved from /home/opeyemi/airflow/dags/podcast_summary.py
[2023-07-12T05:56:32.556+0100] {logging_mixin.py:150} INFO - [2023-07-12T05:56:32.555+0100] {dag.py:2742} INFO - Sync 1 DAGs
[2023-07-12T05:56:32.607+0100] {logging_mixin.py:150} INFO - [2023-07-12T05:56:32.606+0100] {dag.py:3504} INFO - Setting next_dagrun for podcast_summary to 2023-07-11T00:00:00+00:00, run_after=2023-07-12T00:00:00+00:00
[2023-07-12T05:56:32.656+0100] {processor.py:179} INFO - Processing /home/opeyemi/airflow/dags/podcast_summary.py took 0.276 seconds
[2023-07-12T05:57:03.580+0100] {processor.py:157} INFO - Started process (PID=7411) to work on /home/opeyemi/airflow/dags/podcast_summary.py
[2023-07-12T05:57:03.584+0100] {processor.py:826} INFO - Processing file /home/opeyemi/airflow/dags/podcast_summary.py for tasks to queue
[2023-07-12T05:57:03.587+0100] {logging_mixin.py:150} INFO - [2023-07-12T05:57:03.586+0100] {dagbag.py:541} INFO - Filling up the DagBag from /home/opeyemi/airflow/dags/podcast_summary.py
[2023-07-12T05:57:03.622+0100] {processor.py:836} INFO - DAG(s) dict_keys(['podcast_summary']) retrieved from /home/opeyemi/airflow/dags/podcast_summary.py
[2023-07-12T05:57:03.677+0100] {logging_mixin.py:150} INFO - [2023-07-12T05:57:03.677+0100] {dag.py:2742} INFO - Sync 1 DAGs
[2023-07-12T05:57:03.733+0100] {logging_mixin.py:150} INFO - [2023-07-12T05:57:03.732+0100] {dag.py:3504} INFO - Setting next_dagrun for podcast_summary to 2023-07-11T00:00:00+00:00, run_after=2023-07-12T00:00:00+00:00
[2023-07-12T05:57:03.803+0100] {processor.py:179} INFO - Processing /home/opeyemi/airflow/dags/podcast_summary.py took 0.232 seconds
[2023-07-12T05:58:02.634+0100] {processor.py:157} INFO - Started process (PID=7461) to work on /home/opeyemi/airflow/dags/podcast_summary.py
[2023-07-12T05:58:02.637+0100] {processor.py:826} INFO - Processing file /home/opeyemi/airflow/dags/podcast_summary.py for tasks to queue
[2023-07-12T05:58:02.639+0100] {logging_mixin.py:150} INFO - [2023-07-12T05:58:02.638+0100] {dagbag.py:541} INFO - Filling up the DagBag from /home/opeyemi/airflow/dags/podcast_summary.py
[2023-07-12T05:58:02.661+0100] {processor.py:836} INFO - DAG(s) dict_keys(['podcast_summary']) retrieved from /home/opeyemi/airflow/dags/podcast_summary.py
[2023-07-12T05:58:02.685+0100] {logging_mixin.py:150} INFO - [2023-07-12T05:58:02.684+0100] {dag.py:2742} INFO - Sync 1 DAGs
[2023-07-12T05:58:02.705+0100] {logging_mixin.py:150} INFO - [2023-07-12T05:58:02.705+0100] {dag.py:3504} INFO - Setting next_dagrun for podcast_summary to 2023-07-11T00:00:00+00:00, run_after=2023-07-12T00:00:00+00:00
[2023-07-12T05:58:02.737+0100] {processor.py:179} INFO - Processing /home/opeyemi/airflow/dags/podcast_summary.py took 0.112 seconds
[2023-07-12T05:58:59.661+0100] {processor.py:157} INFO - Started process (PID=7510) to work on /home/opeyemi/airflow/dags/podcast_summary.py
[2023-07-12T05:58:59.664+0100] {processor.py:826} INFO - Processing file /home/opeyemi/airflow/dags/podcast_summary.py for tasks to queue
[2023-07-12T05:58:59.668+0100] {logging_mixin.py:150} INFO - [2023-07-12T05:58:59.666+0100] {dagbag.py:541} INFO - Filling up the DagBag from /home/opeyemi/airflow/dags/podcast_summary.py
[2023-07-12T05:58:59.706+0100] {processor.py:836} INFO - DAG(s) dict_keys(['podcast_summary']) retrieved from /home/opeyemi/airflow/dags/podcast_summary.py
[2023-07-12T05:58:59.765+0100] {logging_mixin.py:150} INFO - [2023-07-12T05:58:59.764+0100] {dag.py:2742} INFO - Sync 1 DAGs
[2023-07-12T05:58:59.827+0100] {logging_mixin.py:150} INFO - [2023-07-12T05:58:59.826+0100] {dag.py:3504} INFO - Setting next_dagrun for podcast_summary to 2023-07-11T00:00:00+00:00, run_after=2023-07-12T00:00:00+00:00
[2023-07-12T05:58:59.907+0100] {processor.py:179} INFO - Processing /home/opeyemi/airflow/dags/podcast_summary.py took 0.259 seconds
[2023-07-12T05:59:58.638+0100] {processor.py:157} INFO - Started process (PID=7584) to work on /home/opeyemi/airflow/dags/podcast_summary.py
[2023-07-12T05:59:58.640+0100] {processor.py:826} INFO - Processing file /home/opeyemi/airflow/dags/podcast_summary.py for tasks to queue
[2023-07-12T05:59:58.641+0100] {logging_mixin.py:150} INFO - [2023-07-12T05:59:58.640+0100] {dagbag.py:541} INFO - Filling up the DagBag from /home/opeyemi/airflow/dags/podcast_summary.py
[2023-07-12T05:59:58.653+0100] {processor.py:836} INFO - DAG(s) dict_keys(['podcast_summary']) retrieved from /home/opeyemi/airflow/dags/podcast_summary.py
[2023-07-12T05:59:58.684+0100] {logging_mixin.py:150} INFO - [2023-07-12T05:59:58.684+0100] {dag.py:2742} INFO - Sync 1 DAGs
[2023-07-12T05:59:58.751+0100] {logging_mixin.py:150} INFO - [2023-07-12T05:59:58.751+0100] {dag.py:3504} INFO - Setting next_dagrun for podcast_summary to 2023-07-11T00:00:00+00:00, run_after=2023-07-12T00:00:00+00:00
[2023-07-12T05:59:58.809+0100] {processor.py:179} INFO - Processing /home/opeyemi/airflow/dags/podcast_summary.py took 0.176 seconds
[2023-07-12T06:00:29.989+0100] {processor.py:157} INFO - Started process (PID=7673) to work on /home/opeyemi/airflow/dags/podcast_summary.py
[2023-07-12T06:00:30.002+0100] {processor.py:826} INFO - Processing file /home/opeyemi/airflow/dags/podcast_summary.py for tasks to queue
[2023-07-12T06:00:30.006+0100] {logging_mixin.py:150} INFO - [2023-07-12T06:00:30.004+0100] {dagbag.py:541} INFO - Filling up the DagBag from /home/opeyemi/airflow/dags/podcast_summary.py
[2023-07-12T06:00:30.053+0100] {processor.py:836} INFO - DAG(s) dict_keys(['podcast_summary']) retrieved from /home/opeyemi/airflow/dags/podcast_summary.py
[2023-07-12T06:00:30.111+0100] {logging_mixin.py:150} INFO - [2023-07-12T06:00:30.111+0100] {dag.py:2742} INFO - Sync 1 DAGs
[2023-07-12T06:00:30.158+0100] {logging_mixin.py:150} INFO - [2023-07-12T06:00:30.157+0100] {dag.py:3504} INFO - Setting next_dagrun for podcast_summary to 2023-07-11T00:00:00+00:00, run_after=2023-07-12T00:00:00+00:00
[2023-07-12T06:00:30.208+0100] {processor.py:179} INFO - Processing /home/opeyemi/airflow/dags/podcast_summary.py took 0.233 seconds
[2023-07-12T15:15:03.495+0100] {processor.py:157} INFO - Started process (PID=7774) to work on /home/opeyemi/airflow/dags/podcast_summary.py
[2023-07-12T15:15:03.498+0100] {processor.py:826} INFO - Processing file /home/opeyemi/airflow/dags/podcast_summary.py for tasks to queue
[2023-07-12T15:15:03.499+0100] {logging_mixin.py:150} INFO - [2023-07-12T15:15:03.499+0100] {dagbag.py:541} INFO - Filling up the DagBag from /home/opeyemi/airflow/dags/podcast_summary.py
[2023-07-12T15:15:03.534+0100] {processor.py:836} INFO - DAG(s) dict_keys(['podcast_summary']) retrieved from /home/opeyemi/airflow/dags/podcast_summary.py
[2023-07-12T15:15:03.587+0100] {logging_mixin.py:150} INFO - [2023-07-12T15:15:03.586+0100] {dag.py:2742} INFO - Sync 1 DAGs
[2023-07-12T15:15:03.673+0100] {logging_mixin.py:150} INFO - [2023-07-12T15:15:03.673+0100] {dag.py:3504} INFO - Setting next_dagrun for podcast_summary to 2023-07-11T00:00:00+00:00, run_after=2023-07-12T00:00:00+00:00
[2023-07-12T15:15:03.769+0100] {processor.py:179} INFO - Processing /home/opeyemi/airflow/dags/podcast_summary.py took 0.279 seconds
[2023-07-12T15:16:16.235+0100] {processor.py:157} INFO - Started process (PID=7985) to work on /home/opeyemi/airflow/dags/podcast_summary.py
[2023-07-12T15:16:16.239+0100] {processor.py:826} INFO - Processing file /home/opeyemi/airflow/dags/podcast_summary.py for tasks to queue
[2023-07-12T15:16:16.248+0100] {logging_mixin.py:150} INFO - [2023-07-12T15:16:16.240+0100] {dagbag.py:541} INFO - Filling up the DagBag from /home/opeyemi/airflow/dags/podcast_summary.py
[2023-07-12T15:16:16.276+0100] {processor.py:836} INFO - DAG(s) dict_keys(['podcast_summary']) retrieved from /home/opeyemi/airflow/dags/podcast_summary.py
[2023-07-12T15:16:16.303+0100] {logging_mixin.py:150} INFO - [2023-07-12T15:16:16.303+0100] {dag.py:2742} INFO - Sync 1 DAGs
[2023-07-12T15:16:16.327+0100] {logging_mixin.py:150} INFO - [2023-07-12T15:16:16.327+0100] {dag.py:3504} INFO - Setting next_dagrun for podcast_summary to 2023-07-11T00:00:00+00:00, run_after=2023-07-12T00:00:00+00:00
[2023-07-12T15:16:16.560+0100] {processor.py:179} INFO - Processing /home/opeyemi/airflow/dags/podcast_summary.py took 0.333 seconds
[2023-07-12T15:17:28.718+0100] {processor.py:157} INFO - Started process (PID=8127) to work on /home/opeyemi/airflow/dags/podcast_summary.py
[2023-07-12T15:17:28.737+0100] {processor.py:826} INFO - Processing file /home/opeyemi/airflow/dags/podcast_summary.py for tasks to queue
[2023-07-12T15:17:28.741+0100] {logging_mixin.py:150} INFO - [2023-07-12T15:17:28.739+0100] {dagbag.py:541} INFO - Filling up the DagBag from /home/opeyemi/airflow/dags/podcast_summary.py
[2023-07-12T15:17:28.782+0100] {processor.py:836} INFO - DAG(s) dict_keys(['podcast_summary']) retrieved from /home/opeyemi/airflow/dags/podcast_summary.py
[2023-07-12T15:17:28.843+0100] {logging_mixin.py:150} INFO - [2023-07-12T15:17:28.842+0100] {dag.py:2742} INFO - Sync 1 DAGs
[2023-07-12T15:17:28.922+0100] {logging_mixin.py:150} INFO - [2023-07-12T15:17:28.921+0100] {dag.py:3504} INFO - Setting next_dagrun for podcast_summary to 2023-07-11T00:00:00+00:00, run_after=2023-07-12T00:00:00+00:00
[2023-07-12T15:17:29.136+0100] {processor.py:179} INFO - Processing /home/opeyemi/airflow/dags/podcast_summary.py took 0.430 seconds
[2023-07-12T15:18:48.876+0100] {processor.py:157} INFO - Started process (PID=8265) to work on /home/opeyemi/airflow/dags/podcast_summary.py
[2023-07-12T15:18:48.912+0100] {processor.py:826} INFO - Processing file /home/opeyemi/airflow/dags/podcast_summary.py for tasks to queue
[2023-07-12T15:18:48.914+0100] {logging_mixin.py:150} INFO - [2023-07-12T15:18:48.913+0100] {dagbag.py:541} INFO - Filling up the DagBag from /home/opeyemi/airflow/dags/podcast_summary.py
[2023-07-12T15:18:48.952+0100] {processor.py:836} INFO - DAG(s) dict_keys(['podcast_summary']) retrieved from /home/opeyemi/airflow/dags/podcast_summary.py
[2023-07-12T15:18:49.012+0100] {logging_mixin.py:150} INFO - [2023-07-12T15:18:49.012+0100] {dag.py:2742} INFO - Sync 1 DAGs
[2023-07-12T15:18:49.073+0100] {logging_mixin.py:150} INFO - [2023-07-12T15:18:49.072+0100] {dag.py:3504} INFO - Setting next_dagrun for podcast_summary to 2023-07-11T00:00:00+00:00, run_after=2023-07-12T00:00:00+00:00
[2023-07-12T15:18:49.314+0100] {processor.py:179} INFO - Processing /home/opeyemi/airflow/dags/podcast_summary.py took 0.446 seconds
[2023-07-12T15:19:36.940+0100] {processor.py:157} INFO - Started process (PID=8366) to work on /home/opeyemi/airflow/dags/podcast_summary.py
[2023-07-12T15:19:37.019+0100] {processor.py:826} INFO - Processing file /home/opeyemi/airflow/dags/podcast_summary.py for tasks to queue
[2023-07-12T15:19:37.024+0100] {logging_mixin.py:150} INFO - [2023-07-12T15:19:37.022+0100] {dagbag.py:541} INFO - Filling up the DagBag from /home/opeyemi/airflow/dags/podcast_summary.py
[2023-07-12T15:19:37.120+0100] {processor.py:836} INFO - DAG(s) dict_keys(['podcast_summary']) retrieved from /home/opeyemi/airflow/dags/podcast_summary.py
[2023-07-12T15:19:37.183+0100] {logging_mixin.py:150} INFO - [2023-07-12T15:19:37.182+0100] {dag.py:2742} INFO - Sync 1 DAGs
[2023-07-12T15:19:37.217+0100] {logging_mixin.py:150} INFO - [2023-07-12T15:19:37.216+0100] {dag.py:3504} INFO - Setting next_dagrun for podcast_summary to 2023-07-11T00:00:00+00:00, run_after=2023-07-12T00:00:00+00:00
[2023-07-12T15:19:37.273+0100] {processor.py:179} INFO - Processing /home/opeyemi/airflow/dags/podcast_summary.py took 0.346 seconds
[2023-07-12T15:20:19.944+0100] {processor.py:157} INFO - Started process (PID=8469) to work on /home/opeyemi/airflow/dags/podcast_summary.py
[2023-07-12T15:20:19.951+0100] {processor.py:826} INFO - Processing file /home/opeyemi/airflow/dags/podcast_summary.py for tasks to queue
[2023-07-12T15:20:19.954+0100] {logging_mixin.py:150} INFO - [2023-07-12T15:20:19.953+0100] {dagbag.py:541} INFO - Filling up the DagBag from /home/opeyemi/airflow/dags/podcast_summary.py
[2023-07-12T15:20:20.001+0100] {processor.py:836} INFO - DAG(s) dict_keys(['podcast_summary']) retrieved from /home/opeyemi/airflow/dags/podcast_summary.py
[2023-07-12T15:20:20.093+0100] {logging_mixin.py:150} INFO - [2023-07-12T15:20:20.092+0100] {dag.py:2742} INFO - Sync 1 DAGs
[2023-07-12T15:20:20.123+0100] {logging_mixin.py:150} INFO - [2023-07-12T15:20:20.122+0100] {dag.py:3504} INFO - Setting next_dagrun for podcast_summary to 2023-07-11T00:00:00+00:00, run_after=2023-07-12T00:00:00+00:00
[2023-07-12T15:20:20.260+0100] {processor.py:179} INFO - Processing /home/opeyemi/airflow/dags/podcast_summary.py took 0.329 seconds
[2023-07-12T15:21:03.028+0100] {processor.py:157} INFO - Started process (PID=8561) to work on /home/opeyemi/airflow/dags/podcast_summary.py
[2023-07-12T15:21:03.121+0100] {processor.py:826} INFO - Processing file /home/opeyemi/airflow/dags/podcast_summary.py for tasks to queue
[2023-07-12T15:21:03.124+0100] {logging_mixin.py:150} INFO - [2023-07-12T15:21:03.123+0100] {dagbag.py:541} INFO - Filling up the DagBag from /home/opeyemi/airflow/dags/podcast_summary.py
[2023-07-12T15:21:03.157+0100] {processor.py:836} INFO - DAG(s) dict_keys(['podcast_summary']) retrieved from /home/opeyemi/airflow/dags/podcast_summary.py
[2023-07-12T15:21:03.250+0100] {logging_mixin.py:150} INFO - [2023-07-12T15:21:03.249+0100] {dag.py:2742} INFO - Sync 1 DAGs
[2023-07-12T15:21:03.330+0100] {logging_mixin.py:150} INFO - [2023-07-12T15:21:03.329+0100] {dag.py:3504} INFO - Setting next_dagrun for podcast_summary to 2023-07-11T00:00:00+00:00, run_after=2023-07-12T00:00:00+00:00
[2023-07-12T15:21:03.638+0100] {processor.py:179} INFO - Processing /home/opeyemi/airflow/dags/podcast_summary.py took 0.625 seconds
[2023-07-12T15:21:53.217+0100] {processor.py:157} INFO - Started process (PID=8670) to work on /home/opeyemi/airflow/dags/podcast_summary.py
[2023-07-12T15:21:53.219+0100] {processor.py:826} INFO - Processing file /home/opeyemi/airflow/dags/podcast_summary.py for tasks to queue
[2023-07-12T15:21:53.220+0100] {logging_mixin.py:150} INFO - [2023-07-12T15:21:53.220+0100] {dagbag.py:541} INFO - Filling up the DagBag from /home/opeyemi/airflow/dags/podcast_summary.py
[2023-07-12T15:21:53.242+0100] {processor.py:836} INFO - DAG(s) dict_keys(['podcast_summary']) retrieved from /home/opeyemi/airflow/dags/podcast_summary.py
[2023-07-12T15:21:53.270+0100] {logging_mixin.py:150} INFO - [2023-07-12T15:21:53.270+0100] {dag.py:2742} INFO - Sync 1 DAGs
[2023-07-12T15:21:53.306+0100] {logging_mixin.py:150} INFO - [2023-07-12T15:21:53.306+0100] {dag.py:3504} INFO - Setting next_dagrun for podcast_summary to 2023-07-11T00:00:00+00:00, run_after=2023-07-12T00:00:00+00:00
[2023-07-12T15:21:53.361+0100] {processor.py:179} INFO - Processing /home/opeyemi/airflow/dags/podcast_summary.py took 0.149 seconds
[2023-07-12T15:22:48.581+0100] {processor.py:157} INFO - Started process (PID=8787) to work on /home/opeyemi/airflow/dags/podcast_summary.py
[2023-07-12T15:22:48.587+0100] {processor.py:826} INFO - Processing file /home/opeyemi/airflow/dags/podcast_summary.py for tasks to queue
[2023-07-12T15:22:48.592+0100] {logging_mixin.py:150} INFO - [2023-07-12T15:22:48.590+0100] {dagbag.py:541} INFO - Filling up the DagBag from /home/opeyemi/airflow/dags/podcast_summary.py
[2023-07-12T15:22:48.646+0100] {processor.py:836} INFO - DAG(s) dict_keys(['podcast_summary']) retrieved from /home/opeyemi/airflow/dags/podcast_summary.py
[2023-07-12T15:22:48.719+0100] {logging_mixin.py:150} INFO - [2023-07-12T15:22:48.719+0100] {dag.py:2742} INFO - Sync 1 DAGs
[2023-07-12T15:22:48.830+0100] {logging_mixin.py:150} INFO - [2023-07-12T15:22:48.829+0100] {dag.py:3504} INFO - Setting next_dagrun for podcast_summary to 2023-07-11T00:00:00+00:00, run_after=2023-07-12T00:00:00+00:00
[2023-07-12T15:22:49.325+0100] {processor.py:179} INFO - Processing /home/opeyemi/airflow/dags/podcast_summary.py took 0.764 seconds
[2023-07-12T15:23:38.260+0100] {processor.py:157} INFO - Started process (PID=8899) to work on /home/opeyemi/airflow/dags/podcast_summary.py
[2023-07-12T15:23:38.306+0100] {processor.py:826} INFO - Processing file /home/opeyemi/airflow/dags/podcast_summary.py for tasks to queue
[2023-07-12T15:23:38.309+0100] {logging_mixin.py:150} INFO - [2023-07-12T15:23:38.308+0100] {dagbag.py:541} INFO - Filling up the DagBag from /home/opeyemi/airflow/dags/podcast_summary.py
[2023-07-12T15:23:38.367+0100] {processor.py:836} INFO - DAG(s) dict_keys(['podcast_summary']) retrieved from /home/opeyemi/airflow/dags/podcast_summary.py
[2023-07-12T15:23:38.433+0100] {logging_mixin.py:150} INFO - [2023-07-12T15:23:38.433+0100] {dag.py:2742} INFO - Sync 1 DAGs
[2023-07-12T15:23:38.514+0100] {logging_mixin.py:150} INFO - [2023-07-12T15:23:38.514+0100] {dag.py:3504} INFO - Setting next_dagrun for podcast_summary to 2023-07-11T00:00:00+00:00, run_after=2023-07-12T00:00:00+00:00
[2023-07-12T15:23:38.819+0100] {processor.py:179} INFO - Processing /home/opeyemi/airflow/dags/podcast_summary.py took 0.572 seconds
[2023-07-12T15:24:16.688+0100] {processor.py:157} INFO - Started process (PID=8996) to work on /home/opeyemi/airflow/dags/podcast_summary.py
[2023-07-12T15:24:16.711+0100] {processor.py:826} INFO - Processing file /home/opeyemi/airflow/dags/podcast_summary.py for tasks to queue
[2023-07-12T15:24:16.714+0100] {logging_mixin.py:150} INFO - [2023-07-12T15:24:16.712+0100] {dagbag.py:541} INFO - Filling up the DagBag from /home/opeyemi/airflow/dags/podcast_summary.py
[2023-07-12T15:24:16.750+0100] {processor.py:836} INFO - DAG(s) dict_keys(['podcast_summary']) retrieved from /home/opeyemi/airflow/dags/podcast_summary.py
[2023-07-12T15:24:16.796+0100] {logging_mixin.py:150} INFO - [2023-07-12T15:24:16.795+0100] {dag.py:2742} INFO - Sync 1 DAGs
[2023-07-12T15:24:16.855+0100] {logging_mixin.py:150} INFO - [2023-07-12T15:24:16.854+0100] {dag.py:3504} INFO - Setting next_dagrun for podcast_summary to 2023-07-11T00:00:00+00:00, run_after=2023-07-12T00:00:00+00:00
[2023-07-12T15:24:16.941+0100] {processor.py:179} INFO - Processing /home/opeyemi/airflow/dags/podcast_summary.py took 0.262 seconds
[2023-07-12T15:24:51.720+0100] {processor.py:157} INFO - Started process (PID=9078) to work on /home/opeyemi/airflow/dags/podcast_summary.py
[2023-07-12T15:24:51.842+0100] {processor.py:826} INFO - Processing file /home/opeyemi/airflow/dags/podcast_summary.py for tasks to queue
[2023-07-12T15:24:51.845+0100] {logging_mixin.py:150} INFO - [2023-07-12T15:24:51.844+0100] {dagbag.py:541} INFO - Filling up the DagBag from /home/opeyemi/airflow/dags/podcast_summary.py
[2023-07-12T15:24:51.873+0100] {processor.py:836} INFO - DAG(s) dict_keys(['podcast_summary']) retrieved from /home/opeyemi/airflow/dags/podcast_summary.py
[2023-07-12T15:24:51.911+0100] {logging_mixin.py:150} INFO - [2023-07-12T15:24:51.910+0100] {dag.py:2742} INFO - Sync 1 DAGs
[2023-07-12T15:24:51.981+0100] {logging_mixin.py:150} INFO - [2023-07-12T15:24:51.981+0100] {dag.py:3504} INFO - Setting next_dagrun for podcast_summary to 2023-07-11T00:00:00+00:00, run_after=2023-07-12T00:00:00+00:00
[2023-07-12T15:24:52.071+0100] {processor.py:179} INFO - Processing /home/opeyemi/airflow/dags/podcast_summary.py took 0.356 seconds
[2023-07-12T15:25:27.021+0100] {processor.py:157} INFO - Started process (PID=9163) to work on /home/opeyemi/airflow/dags/podcast_summary.py
[2023-07-12T15:25:27.098+0100] {processor.py:826} INFO - Processing file /home/opeyemi/airflow/dags/podcast_summary.py for tasks to queue
[2023-07-12T15:25:27.107+0100] {logging_mixin.py:150} INFO - [2023-07-12T15:25:27.104+0100] {dagbag.py:541} INFO - Filling up the DagBag from /home/opeyemi/airflow/dags/podcast_summary.py
[2023-07-12T15:25:27.182+0100] {processor.py:836} INFO - DAG(s) dict_keys(['podcast_summary']) retrieved from /home/opeyemi/airflow/dags/podcast_summary.py
[2023-07-12T15:25:27.274+0100] {logging_mixin.py:150} INFO - [2023-07-12T15:25:27.274+0100] {dag.py:2742} INFO - Sync 1 DAGs
[2023-07-12T15:25:27.327+0100] {logging_mixin.py:150} INFO - [2023-07-12T15:25:27.326+0100] {dag.py:3504} INFO - Setting next_dagrun for podcast_summary to 2023-07-11T00:00:00+00:00, run_after=2023-07-12T00:00:00+00:00
[2023-07-12T15:25:28.050+0100] {processor.py:179} INFO - Processing /home/opeyemi/airflow/dags/podcast_summary.py took 1.042 seconds
[2023-07-12T15:26:23.940+0100] {processor.py:157} INFO - Started process (PID=9292) to work on /home/opeyemi/airflow/dags/podcast_summary.py
[2023-07-12T15:26:23.959+0100] {processor.py:826} INFO - Processing file /home/opeyemi/airflow/dags/podcast_summary.py for tasks to queue
[2023-07-12T15:26:23.964+0100] {logging_mixin.py:150} INFO - [2023-07-12T15:26:23.962+0100] {dagbag.py:541} INFO - Filling up the DagBag from /home/opeyemi/airflow/dags/podcast_summary.py
[2023-07-12T15:26:24.028+0100] {processor.py:836} INFO - DAG(s) dict_keys(['podcast_summary']) retrieved from /home/opeyemi/airflow/dags/podcast_summary.py
[2023-07-12T15:26:24.065+0100] {logging_mixin.py:150} INFO - [2023-07-12T15:26:24.065+0100] {dag.py:2742} INFO - Sync 1 DAGs
[2023-07-12T15:26:24.091+0100] {logging_mixin.py:150} INFO - [2023-07-12T15:26:24.091+0100] {dag.py:3504} INFO - Setting next_dagrun for podcast_summary to 2023-07-11T00:00:00+00:00, run_after=2023-07-12T00:00:00+00:00
[2023-07-12T15:26:24.225+0100] {processor.py:179} INFO - Processing /home/opeyemi/airflow/dags/podcast_summary.py took 0.304 seconds
[2023-07-12T15:27:46.995+0100] {processor.py:157} INFO - Started process (PID=9480) to work on /home/opeyemi/airflow/dags/podcast_summary.py
[2023-07-12T15:27:47.002+0100] {processor.py:826} INFO - Processing file /home/opeyemi/airflow/dags/podcast_summary.py for tasks to queue
[2023-07-12T15:27:47.007+0100] {logging_mixin.py:150} INFO - [2023-07-12T15:27:47.005+0100] {dagbag.py:541} INFO - Filling up the DagBag from /home/opeyemi/airflow/dags/podcast_summary.py
[2023-07-12T15:27:47.063+0100] {processor.py:836} INFO - DAG(s) dict_keys(['podcast_summary']) retrieved from /home/opeyemi/airflow/dags/podcast_summary.py
[2023-07-12T15:27:47.156+0100] {logging_mixin.py:150} INFO - [2023-07-12T15:27:47.154+0100] {dag.py:2742} INFO - Sync 1 DAGs
[2023-07-12T15:27:47.237+0100] {logging_mixin.py:150} INFO - [2023-07-12T15:27:47.236+0100] {dag.py:3504} INFO - Setting next_dagrun for podcast_summary to 2023-07-11T00:00:00+00:00, run_after=2023-07-12T00:00:00+00:00
[2023-07-12T15:27:47.543+0100] {processor.py:179} INFO - Processing /home/opeyemi/airflow/dags/podcast_summary.py took 0.564 seconds
[2023-07-12T15:29:06.232+0100] {processor.py:157} INFO - Started process (PID=9650) to work on /home/opeyemi/airflow/dags/podcast_summary.py
[2023-07-12T15:29:06.268+0100] {processor.py:826} INFO - Processing file /home/opeyemi/airflow/dags/podcast_summary.py for tasks to queue
[2023-07-12T15:29:06.271+0100] {logging_mixin.py:150} INFO - [2023-07-12T15:29:06.270+0100] {dagbag.py:541} INFO - Filling up the DagBag from /home/opeyemi/airflow/dags/podcast_summary.py
[2023-07-12T15:29:06.311+0100] {processor.py:836} INFO - DAG(s) dict_keys(['podcast_summary']) retrieved from /home/opeyemi/airflow/dags/podcast_summary.py
[2023-07-12T15:29:06.346+0100] {logging_mixin.py:150} INFO - [2023-07-12T15:29:06.346+0100] {dag.py:2742} INFO - Sync 1 DAGs
[2023-07-12T15:29:06.372+0100] {logging_mixin.py:150} INFO - [2023-07-12T15:29:06.372+0100] {dag.py:3504} INFO - Setting next_dagrun for podcast_summary to 2023-07-11T00:00:00+00:00, run_after=2023-07-12T00:00:00+00:00
[2023-07-12T15:29:06.453+0100] {processor.py:179} INFO - Processing /home/opeyemi/airflow/dags/podcast_summary.py took 0.230 seconds
[2023-07-12T15:29:40.440+0100] {processor.py:157} INFO - Started process (PID=9745) to work on /home/opeyemi/airflow/dags/podcast_summary.py
[2023-07-12T15:29:40.502+0100] {processor.py:826} INFO - Processing file /home/opeyemi/airflow/dags/podcast_summary.py for tasks to queue
[2023-07-12T15:29:40.504+0100] {logging_mixin.py:150} INFO - [2023-07-12T15:29:40.503+0100] {dagbag.py:541} INFO - Filling up the DagBag from /home/opeyemi/airflow/dags/podcast_summary.py
[2023-07-12T15:29:40.521+0100] {processor.py:836} INFO - DAG(s) dict_keys(['podcast_summary']) retrieved from /home/opeyemi/airflow/dags/podcast_summary.py
[2023-07-12T15:29:40.551+0100] {logging_mixin.py:150} INFO - [2023-07-12T15:29:40.550+0100] {dag.py:2742} INFO - Sync 1 DAGs
[2023-07-12T15:29:40.604+0100] {logging_mixin.py:150} INFO - [2023-07-12T15:29:40.604+0100] {dag.py:3504} INFO - Setting next_dagrun for podcast_summary to 2023-07-11T00:00:00+00:00, run_after=2023-07-12T00:00:00+00:00
[2023-07-12T15:29:40.734+0100] {processor.py:179} INFO - Processing /home/opeyemi/airflow/dags/podcast_summary.py took 0.299 seconds
[2023-07-12T15:30:14.487+0100] {processor.py:157} INFO - Started process (PID=9826) to work on /home/opeyemi/airflow/dags/podcast_summary.py
[2023-07-12T15:30:14.584+0100] {processor.py:826} INFO - Processing file /home/opeyemi/airflow/dags/podcast_summary.py for tasks to queue
[2023-07-12T15:30:14.588+0100] {logging_mixin.py:150} INFO - [2023-07-12T15:30:14.587+0100] {dagbag.py:541} INFO - Filling up the DagBag from /home/opeyemi/airflow/dags/podcast_summary.py
[2023-07-12T15:30:14.640+0100] {processor.py:836} INFO - DAG(s) dict_keys(['podcast_summary']) retrieved from /home/opeyemi/airflow/dags/podcast_summary.py
[2023-07-12T15:30:14.671+0100] {logging_mixin.py:150} INFO - [2023-07-12T15:30:14.671+0100] {dag.py:2742} INFO - Sync 1 DAGs
[2023-07-12T15:30:14.692+0100] {logging_mixin.py:150} INFO - [2023-07-12T15:30:14.692+0100] {dag.py:3504} INFO - Setting next_dagrun for podcast_summary to 2023-07-11T00:00:00+00:00, run_after=2023-07-12T00:00:00+00:00
[2023-07-12T15:30:14.754+0100] {processor.py:179} INFO - Processing /home/opeyemi/airflow/dags/podcast_summary.py took 0.272 seconds
[2023-07-12T15:30:47.581+0100] {processor.py:157} INFO - Started process (PID=9933) to work on /home/opeyemi/airflow/dags/podcast_summary.py
[2023-07-12T15:30:47.583+0100] {processor.py:826} INFO - Processing file /home/opeyemi/airflow/dags/podcast_summary.py for tasks to queue
[2023-07-12T15:30:47.584+0100] {logging_mixin.py:150} INFO - [2023-07-12T15:30:47.584+0100] {dagbag.py:541} INFO - Filling up the DagBag from /home/opeyemi/airflow/dags/podcast_summary.py
[2023-07-12T15:30:47.611+0100] {processor.py:836} INFO - DAG(s) dict_keys(['podcast_summary']) retrieved from /home/opeyemi/airflow/dags/podcast_summary.py
[2023-07-12T15:30:47.635+0100] {logging_mixin.py:150} INFO - [2023-07-12T15:30:47.634+0100] {dag.py:2742} INFO - Sync 1 DAGs
[2023-07-12T15:30:47.664+0100] {logging_mixin.py:150} INFO - [2023-07-12T15:30:47.664+0100] {dag.py:3504} INFO - Setting next_dagrun for podcast_summary to 2023-07-11T00:00:00+00:00, run_after=2023-07-12T00:00:00+00:00
[2023-07-12T15:30:47.715+0100] {processor.py:179} INFO - Processing /home/opeyemi/airflow/dags/podcast_summary.py took 0.140 seconds
[2023-07-12T15:31:20.996+0100] {processor.py:157} INFO - Started process (PID=10052) to work on /home/opeyemi/airflow/dags/podcast_summary.py
[2023-07-12T15:31:21.097+0100] {processor.py:826} INFO - Processing file /home/opeyemi/airflow/dags/podcast_summary.py for tasks to queue
[2023-07-12T15:31:21.101+0100] {logging_mixin.py:150} INFO - [2023-07-12T15:31:21.100+0100] {dagbag.py:541} INFO - Filling up the DagBag from /home/opeyemi/airflow/dags/podcast_summary.py
[2023-07-12T15:31:21.142+0100] {processor.py:836} INFO - DAG(s) dict_keys(['podcast_summary']) retrieved from /home/opeyemi/airflow/dags/podcast_summary.py
[2023-07-12T15:31:21.191+0100] {logging_mixin.py:150} INFO - [2023-07-12T15:31:21.191+0100] {dag.py:2742} INFO - Sync 1 DAGs
[2023-07-12T15:31:21.246+0100] {logging_mixin.py:150} INFO - [2023-07-12T15:31:21.245+0100] {dag.py:3504} INFO - Setting next_dagrun for podcast_summary to 2023-07-11T00:00:00+00:00, run_after=2023-07-12T00:00:00+00:00
[2023-07-12T15:31:21.424+0100] {processor.py:179} INFO - Processing /home/opeyemi/airflow/dags/podcast_summary.py took 0.439 seconds
[2023-07-12T15:32:00.204+0100] {processor.py:157} INFO - Started process (PID=10222) to work on /home/opeyemi/airflow/dags/podcast_summary.py
[2023-07-12T15:32:00.400+0100] {processor.py:826} INFO - Processing file /home/opeyemi/airflow/dags/podcast_summary.py for tasks to queue
[2023-07-12T15:32:00.404+0100] {logging_mixin.py:150} INFO - [2023-07-12T15:32:00.403+0100] {dagbag.py:541} INFO - Filling up the DagBag from /home/opeyemi/airflow/dags/podcast_summary.py
[2023-07-12T15:32:00.510+0100] {processor.py:836} INFO - DAG(s) dict_keys(['podcast_summary']) retrieved from /home/opeyemi/airflow/dags/podcast_summary.py
[2023-07-12T15:32:00.611+0100] {logging_mixin.py:150} INFO - [2023-07-12T15:32:00.611+0100] {dag.py:2742} INFO - Sync 1 DAGs
[2023-07-12T15:32:00.656+0100] {logging_mixin.py:150} INFO - [2023-07-12T15:32:00.656+0100] {dag.py:3504} INFO - Setting next_dagrun for podcast_summary to 2023-07-11T00:00:00+00:00, run_after=2023-07-12T00:00:00+00:00
[2023-07-12T15:32:01.001+0100] {processor.py:179} INFO - Processing /home/opeyemi/airflow/dags/podcast_summary.py took 0.808 seconds
[2023-07-12T15:32:43.513+0100] {processor.py:157} INFO - Started process (PID=10421) to work on /home/opeyemi/airflow/dags/podcast_summary.py
[2023-07-12T15:32:43.571+0100] {processor.py:826} INFO - Processing file /home/opeyemi/airflow/dags/podcast_summary.py for tasks to queue
[2023-07-12T15:32:43.575+0100] {logging_mixin.py:150} INFO - [2023-07-12T15:32:43.573+0100] {dagbag.py:541} INFO - Filling up the DagBag from /home/opeyemi/airflow/dags/podcast_summary.py
[2023-07-12T15:32:43.617+0100] {processor.py:836} INFO - DAG(s) dict_keys(['podcast_summary']) retrieved from /home/opeyemi/airflow/dags/podcast_summary.py
[2023-07-12T15:32:43.700+0100] {logging_mixin.py:150} INFO - [2023-07-12T15:32:43.700+0100] {dag.py:2742} INFO - Sync 1 DAGs
[2023-07-12T15:32:43.791+0100] {logging_mixin.py:150} INFO - [2023-07-12T15:32:43.790+0100] {dag.py:3504} INFO - Setting next_dagrun for podcast_summary to 2023-07-11T00:00:00+00:00, run_after=2023-07-12T00:00:00+00:00
[2023-07-12T15:32:44.054+0100] {processor.py:179} INFO - Processing /home/opeyemi/airflow/dags/podcast_summary.py took 0.556 seconds
[2023-07-12T15:33:27.433+0100] {processor.py:157} INFO - Started process (PID=10572) to work on /home/opeyemi/airflow/dags/podcast_summary.py
[2023-07-12T15:33:27.574+0100] {processor.py:826} INFO - Processing file /home/opeyemi/airflow/dags/podcast_summary.py for tasks to queue
[2023-07-12T15:33:27.577+0100] {logging_mixin.py:150} INFO - [2023-07-12T15:33:27.576+0100] {dagbag.py:541} INFO - Filling up the DagBag from /home/opeyemi/airflow/dags/podcast_summary.py
[2023-07-12T15:33:27.625+0100] {processor.py:836} INFO - DAG(s) dict_keys(['podcast_summary']) retrieved from /home/opeyemi/airflow/dags/podcast_summary.py
[2023-07-12T15:33:27.693+0100] {logging_mixin.py:150} INFO - [2023-07-12T15:33:27.692+0100] {dag.py:2742} INFO - Sync 1 DAGs
[2023-07-12T15:33:27.747+0100] {logging_mixin.py:150} INFO - [2023-07-12T15:33:27.746+0100] {dag.py:3504} INFO - Setting next_dagrun for podcast_summary to 2023-07-11T00:00:00+00:00, run_after=2023-07-12T00:00:00+00:00
[2023-07-12T15:33:27.932+0100] {processor.py:179} INFO - Processing /home/opeyemi/airflow/dags/podcast_summary.py took 0.517 seconds
[2023-07-12T15:34:50.060+0100] {processor.py:157} INFO - Started process (PID=10927) to work on /home/opeyemi/airflow/dags/podcast_summary.py
[2023-07-12T15:34:50.091+0100] {processor.py:826} INFO - Processing file /home/opeyemi/airflow/dags/podcast_summary.py for tasks to queue
[2023-07-12T15:34:50.103+0100] {logging_mixin.py:150} INFO - [2023-07-12T15:34:50.097+0100] {dagbag.py:541} INFO - Filling up the DagBag from /home/opeyemi/airflow/dags/podcast_summary.py
[2023-07-12T15:34:50.455+0100] {processor.py:836} INFO - DAG(s) dict_keys(['podcast_summary']) retrieved from /home/opeyemi/airflow/dags/podcast_summary.py
[2023-07-12T15:34:51.171+0100] {logging_mixin.py:150} INFO - [2023-07-12T15:34:51.171+0100] {dag.py:2742} INFO - Sync 1 DAGs
[2023-07-12T15:34:51.510+0100] {logging_mixin.py:150} INFO - [2023-07-12T15:34:51.510+0100] {dag.py:3504} INFO - Setting next_dagrun for podcast_summary to 2023-07-11T00:00:00+00:00, run_after=2023-07-12T00:00:00+00:00
[2023-07-12T15:34:51.763+0100] {processor.py:179} INFO - Processing /home/opeyemi/airflow/dags/podcast_summary.py took 1.909 seconds
[2023-07-12T15:36:33.139+0100] {processor.py:157} INFO - Started process (PID=11262) to work on /home/opeyemi/airflow/dags/podcast_summary.py
[2023-07-12T15:36:33.264+0100] {processor.py:826} INFO - Processing file /home/opeyemi/airflow/dags/podcast_summary.py for tasks to queue
[2023-07-12T15:36:33.267+0100] {logging_mixin.py:150} INFO - [2023-07-12T15:36:33.266+0100] {dagbag.py:541} INFO - Filling up the DagBag from /home/opeyemi/airflow/dags/podcast_summary.py
[2023-07-12T15:36:33.313+0100] {processor.py:836} INFO - DAG(s) dict_keys(['podcast_summary']) retrieved from /home/opeyemi/airflow/dags/podcast_summary.py
[2023-07-12T15:36:33.642+0100] {logging_mixin.py:150} INFO - [2023-07-12T15:36:33.642+0100] {dag.py:2742} INFO - Sync 1 DAGs
[2023-07-12T15:36:33.673+0100] {logging_mixin.py:150} INFO - [2023-07-12T15:36:33.672+0100] {dag.py:3504} INFO - Setting next_dagrun for podcast_summary to 2023-07-11T00:00:00+00:00, run_after=2023-07-12T00:00:00+00:00
[2023-07-12T15:36:33.839+0100] {processor.py:179} INFO - Processing /home/opeyemi/airflow/dags/podcast_summary.py took 0.716 seconds
[2023-07-12T15:37:36.444+0100] {processor.py:157} INFO - Started process (PID=11394) to work on /home/opeyemi/airflow/dags/podcast_summary.py
[2023-07-12T15:37:36.520+0100] {processor.py:826} INFO - Processing file /home/opeyemi/airflow/dags/podcast_summary.py for tasks to queue
[2023-07-12T15:37:36.523+0100] {logging_mixin.py:150} INFO - [2023-07-12T15:37:36.522+0100] {dagbag.py:541} INFO - Filling up the DagBag from /home/opeyemi/airflow/dags/podcast_summary.py
[2023-07-12T15:37:36.639+0100] {processor.py:836} INFO - DAG(s) dict_keys(['podcast_summary']) retrieved from /home/opeyemi/airflow/dags/podcast_summary.py
[2023-07-12T15:37:36.705+0100] {logging_mixin.py:150} INFO - [2023-07-12T15:37:36.704+0100] {dag.py:2742} INFO - Sync 1 DAGs
[2023-07-12T15:37:36.820+0100] {logging_mixin.py:150} INFO - [2023-07-12T15:37:36.819+0100] {dag.py:3504} INFO - Setting next_dagrun for podcast_summary to 2023-07-11T00:00:00+00:00, run_after=2023-07-12T00:00:00+00:00
[2023-07-12T15:37:36.875+0100] {processor.py:179} INFO - Processing /home/opeyemi/airflow/dags/podcast_summary.py took 0.447 seconds
[2023-07-12T15:38:31.837+0100] {processor.py:157} INFO - Started process (PID=11602) to work on /home/opeyemi/airflow/dags/podcast_summary.py
[2023-07-12T15:38:31.989+0100] {processor.py:826} INFO - Processing file /home/opeyemi/airflow/dags/podcast_summary.py for tasks to queue
[2023-07-12T15:38:31.993+0100] {logging_mixin.py:150} INFO - [2023-07-12T15:38:31.991+0100] {dagbag.py:541} INFO - Filling up the DagBag from /home/opeyemi/airflow/dags/podcast_summary.py
[2023-07-12T15:38:32.039+0100] {processor.py:836} INFO - DAG(s) dict_keys(['podcast_summary']) retrieved from /home/opeyemi/airflow/dags/podcast_summary.py
[2023-07-12T15:38:32.436+0100] {logging_mixin.py:150} INFO - [2023-07-12T15:38:32.436+0100] {dag.py:2742} INFO - Sync 1 DAGs
[2023-07-12T15:38:32.478+0100] {logging_mixin.py:150} INFO - [2023-07-12T15:38:32.478+0100] {dag.py:3504} INFO - Setting next_dagrun for podcast_summary to 2023-07-11T00:00:00+00:00, run_after=2023-07-12T00:00:00+00:00
[2023-07-12T15:38:32.980+0100] {processor.py:179} INFO - Processing /home/opeyemi/airflow/dags/podcast_summary.py took 1.157 seconds
[2023-07-12T15:39:26.902+0100] {processor.py:157} INFO - Started process (PID=11846) to work on /home/opeyemi/airflow/dags/podcast_summary.py
[2023-07-12T15:39:26.948+0100] {processor.py:826} INFO - Processing file /home/opeyemi/airflow/dags/podcast_summary.py for tasks to queue
[2023-07-12T15:39:26.950+0100] {logging_mixin.py:150} INFO - [2023-07-12T15:39:26.949+0100] {dagbag.py:541} INFO - Filling up the DagBag from /home/opeyemi/airflow/dags/podcast_summary.py
[2023-07-12T15:39:26.974+0100] {processor.py:836} INFO - DAG(s) dict_keys(['podcast_summary']) retrieved from /home/opeyemi/airflow/dags/podcast_summary.py
[2023-07-12T15:39:26.988+0100] {logging_mixin.py:150} INFO - [2023-07-12T15:39:26.988+0100] {dag.py:2742} INFO - Sync 1 DAGs
[2023-07-12T15:39:27.010+0100] {logging_mixin.py:150} INFO - [2023-07-12T15:39:27.010+0100] {dag.py:3504} INFO - Setting next_dagrun for podcast_summary to 2023-07-11T00:00:00+00:00, run_after=2023-07-12T00:00:00+00:00
[2023-07-12T15:39:27.393+0100] {processor.py:179} INFO - Processing /home/opeyemi/airflow/dags/podcast_summary.py took 0.526 seconds
[2023-07-12T15:40:25.702+0100] {processor.py:157} INFO - Started process (PID=12124) to work on /home/opeyemi/airflow/dags/podcast_summary.py
[2023-07-12T15:40:25.799+0100] {processor.py:826} INFO - Processing file /home/opeyemi/airflow/dags/podcast_summary.py for tasks to queue
[2023-07-12T15:40:25.803+0100] {logging_mixin.py:150} INFO - [2023-07-12T15:40:25.802+0100] {dagbag.py:541} INFO - Filling up the DagBag from /home/opeyemi/airflow/dags/podcast_summary.py
[2023-07-12T15:40:25.878+0100] {processor.py:836} INFO - DAG(s) dict_keys(['podcast_summary']) retrieved from /home/opeyemi/airflow/dags/podcast_summary.py
[2023-07-12T15:40:26.080+0100] {logging_mixin.py:150} INFO - [2023-07-12T15:40:26.080+0100] {dag.py:2742} INFO - Sync 1 DAGs
[2023-07-12T15:40:26.103+0100] {logging_mixin.py:150} INFO - [2023-07-12T15:40:26.103+0100] {dag.py:3504} INFO - Setting next_dagrun for podcast_summary to 2023-07-11T00:00:00+00:00, run_after=2023-07-12T00:00:00+00:00
[2023-07-12T15:40:26.218+0100] {processor.py:179} INFO - Processing /home/opeyemi/airflow/dags/podcast_summary.py took 0.529 seconds
[2023-07-12T15:42:36.385+0100] {processor.py:157} INFO - Started process (PID=12437) to work on /home/opeyemi/airflow/dags/podcast_summary.py
[2023-07-12T15:42:36.432+0100] {processor.py:826} INFO - Processing file /home/opeyemi/airflow/dags/podcast_summary.py for tasks to queue
[2023-07-12T15:42:36.435+0100] {logging_mixin.py:150} INFO - [2023-07-12T15:42:36.434+0100] {dagbag.py:541} INFO - Filling up the DagBag from /home/opeyemi/airflow/dags/podcast_summary.py
[2023-07-12T15:42:36.471+0100] {processor.py:836} INFO - DAG(s) dict_keys(['podcast_summary']) retrieved from /home/opeyemi/airflow/dags/podcast_summary.py
[2023-07-12T15:42:36.504+0100] {logging_mixin.py:150} INFO - [2023-07-12T15:42:36.503+0100] {dag.py:2742} INFO - Sync 1 DAGs
[2023-07-12T15:42:36.582+0100] {logging_mixin.py:150} INFO - [2023-07-12T15:42:36.582+0100] {dag.py:3504} INFO - Setting next_dagrun for podcast_summary to 2023-07-11T00:00:00+00:00, run_after=2023-07-12T00:00:00+00:00
[2023-07-12T15:42:36.751+0100] {processor.py:179} INFO - Processing /home/opeyemi/airflow/dags/podcast_summary.py took 0.377 seconds
