[2023-06-21T01:00:33.118+0100] {processor.py:157} INFO - Started process (PID=20541) to work on /home/opeyemi/.local/lib/python3.10/site-packages/airflow/example_dags/example_latest_only.py
[2023-06-21T01:00:33.119+0100] {processor.py:826} INFO - Processing file /home/opeyemi/.local/lib/python3.10/site-packages/airflow/example_dags/example_latest_only.py for tasks to queue
[2023-06-21T01:00:33.121+0100] {logging_mixin.py:149} INFO - [2023-06-21T01:00:33.121+0100] {dagbag.py:541} INFO - Filling up the DagBag from /home/opeyemi/.local/lib/python3.10/site-packages/airflow/example_dags/example_latest_only.py
[2023-06-21T01:00:33.134+0100] {processor.py:836} INFO - DAG(s) dict_keys(['latest_only']) retrieved from /home/opeyemi/.local/lib/python3.10/site-packages/airflow/example_dags/example_latest_only.py
[2023-06-21T01:00:33.169+0100] {logging_mixin.py:149} INFO - [2023-06-21T01:00:33.169+0100] {dag.py:2726} INFO - Sync 1 DAGs
[2023-06-21T01:00:33.208+0100] {logging_mixin.py:149} INFO - [2023-06-21T01:00:33.208+0100] {dag.py:3486} INFO - Setting next_dagrun for latest_only to 2023-06-20T20:00:33.208057+00:00, run_after=2023-06-21T00:00:33.208057+00:00
[2023-06-21T01:00:33.270+0100] {processor.py:179} INFO - Processing /home/opeyemi/.local/lib/python3.10/site-packages/airflow/example_dags/example_latest_only.py took 0.159 seconds
[2023-06-21T01:01:42.697+0100] {processor.py:157} INFO - Started process (PID=20581) to work on /home/opeyemi/.local/lib/python3.10/site-packages/airflow/example_dags/example_latest_only.py
[2023-06-21T01:01:42.751+0100] {processor.py:826} INFO - Processing file /home/opeyemi/.local/lib/python3.10/site-packages/airflow/example_dags/example_latest_only.py for tasks to queue
[2023-06-21T01:01:42.753+0100] {logging_mixin.py:149} INFO - [2023-06-21T01:01:42.753+0100] {dagbag.py:541} INFO - Filling up the DagBag from /home/opeyemi/.local/lib/python3.10/site-packages/airflow/example_dags/example_latest_only.py
[2023-06-21T01:01:42.767+0100] {processor.py:836} INFO - DAG(s) dict_keys(['latest_only']) retrieved from /home/opeyemi/.local/lib/python3.10/site-packages/airflow/example_dags/example_latest_only.py
[2023-06-21T01:01:42.808+0100] {logging_mixin.py:149} INFO - [2023-06-21T01:01:42.808+0100] {dag.py:2726} INFO - Sync 1 DAGs
[2023-06-21T01:01:42.854+0100] {logging_mixin.py:149} INFO - [2023-06-21T01:01:42.854+0100] {dag.py:3486} INFO - Setting next_dagrun for latest_only to 2023-06-20T20:01:42.853542+00:00, run_after=2023-06-21T00:01:42.853542+00:00
[2023-06-21T01:01:42.929+0100] {processor.py:179} INFO - Processing /home/opeyemi/.local/lib/python3.10/site-packages/airflow/example_dags/example_latest_only.py took 0.246 seconds
[2023-06-21T01:02:50.886+0100] {processor.py:157} INFO - Started process (PID=20619) to work on /home/opeyemi/.local/lib/python3.10/site-packages/airflow/example_dags/example_latest_only.py
[2023-06-21T01:02:50.982+0100] {processor.py:826} INFO - Processing file /home/opeyemi/.local/lib/python3.10/site-packages/airflow/example_dags/example_latest_only.py for tasks to queue
[2023-06-21T01:02:50.984+0100] {logging_mixin.py:149} INFO - [2023-06-21T01:02:50.984+0100] {dagbag.py:541} INFO - Filling up the DagBag from /home/opeyemi/.local/lib/python3.10/site-packages/airflow/example_dags/example_latest_only.py
[2023-06-21T01:02:51.042+0100] {processor.py:836} INFO - DAG(s) dict_keys(['latest_only']) retrieved from /home/opeyemi/.local/lib/python3.10/site-packages/airflow/example_dags/example_latest_only.py
[2023-06-21T01:02:51.188+0100] {logging_mixin.py:149} INFO - [2023-06-21T01:02:51.187+0100] {dag.py:2726} INFO - Sync 1 DAGs
[2023-06-21T01:02:51.236+0100] {logging_mixin.py:149} INFO - [2023-06-21T01:02:51.236+0100] {dag.py:3486} INFO - Setting next_dagrun for latest_only to 2023-06-20T20:02:51.235968+00:00, run_after=2023-06-21T00:02:51.235968+00:00
[2023-06-21T01:02:51.398+0100] {processor.py:179} INFO - Processing /home/opeyemi/.local/lib/python3.10/site-packages/airflow/example_dags/example_latest_only.py took 0.517 seconds
[2023-06-21T01:04:05.452+0100] {processor.py:157} INFO - Started process (PID=20661) to work on /home/opeyemi/.local/lib/python3.10/site-packages/airflow/example_dags/example_latest_only.py
[2023-06-21T01:04:05.489+0100] {processor.py:826} INFO - Processing file /home/opeyemi/.local/lib/python3.10/site-packages/airflow/example_dags/example_latest_only.py for tasks to queue
[2023-06-21T01:04:05.491+0100] {logging_mixin.py:149} INFO - [2023-06-21T01:04:05.490+0100] {dagbag.py:541} INFO - Filling up the DagBag from /home/opeyemi/.local/lib/python3.10/site-packages/airflow/example_dags/example_latest_only.py
[2023-06-21T01:04:05.500+0100] {processor.py:836} INFO - DAG(s) dict_keys(['latest_only']) retrieved from /home/opeyemi/.local/lib/python3.10/site-packages/airflow/example_dags/example_latest_only.py
[2023-06-21T01:04:05.546+0100] {logging_mixin.py:149} INFO - [2023-06-21T01:04:05.545+0100] {dag.py:2726} INFO - Sync 1 DAGs
[2023-06-21T01:04:05.590+0100] {logging_mixin.py:149} INFO - [2023-06-21T01:04:05.588+0100] {dag.py:3486} INFO - Setting next_dagrun for latest_only to 2023-06-20T20:04:05.588392+00:00, run_after=2023-06-21T00:04:05.588392+00:00
[2023-06-21T01:04:05.836+0100] {processor.py:179} INFO - Processing /home/opeyemi/.local/lib/python3.10/site-packages/airflow/example_dags/example_latest_only.py took 0.392 seconds
[2023-06-21T01:05:32.500+0100] {processor.py:157} INFO - Started process (PID=20697) to work on /home/opeyemi/.local/lib/python3.10/site-packages/airflow/example_dags/example_latest_only.py
[2023-06-21T01:05:32.510+0100] {processor.py:826} INFO - Processing file /home/opeyemi/.local/lib/python3.10/site-packages/airflow/example_dags/example_latest_only.py for tasks to queue
[2023-06-21T01:05:32.512+0100] {logging_mixin.py:149} INFO - [2023-06-21T01:05:32.512+0100] {dagbag.py:541} INFO - Filling up the DagBag from /home/opeyemi/.local/lib/python3.10/site-packages/airflow/example_dags/example_latest_only.py
[2023-06-21T01:05:32.523+0100] {processor.py:836} INFO - DAG(s) dict_keys(['latest_only']) retrieved from /home/opeyemi/.local/lib/python3.10/site-packages/airflow/example_dags/example_latest_only.py
[2023-06-21T01:05:32.569+0100] {logging_mixin.py:149} INFO - [2023-06-21T01:05:32.569+0100] {dag.py:2726} INFO - Sync 1 DAGs
[2023-06-21T01:05:32.605+0100] {logging_mixin.py:149} INFO - [2023-06-21T01:05:32.605+0100] {dag.py:3486} INFO - Setting next_dagrun for latest_only to 2023-06-20T20:05:32.604952+00:00, run_after=2023-06-21T00:05:32.604952+00:00
[2023-06-21T01:05:32.836+0100] {processor.py:179} INFO - Processing /home/opeyemi/.local/lib/python3.10/site-packages/airflow/example_dags/example_latest_only.py took 0.341 seconds
[2023-06-21T01:06:34.610+0100] {processor.py:157} INFO - Started process (PID=20732) to work on /home/opeyemi/.local/lib/python3.10/site-packages/airflow/example_dags/example_latest_only.py
[2023-06-21T01:06:34.718+0100] {processor.py:826} INFO - Processing file /home/opeyemi/.local/lib/python3.10/site-packages/airflow/example_dags/example_latest_only.py for tasks to queue
[2023-06-21T01:06:34.719+0100] {logging_mixin.py:149} INFO - [2023-06-21T01:06:34.719+0100] {dagbag.py:541} INFO - Filling up the DagBag from /home/opeyemi/.local/lib/python3.10/site-packages/airflow/example_dags/example_latest_only.py
[2023-06-21T01:06:34.740+0100] {processor.py:836} INFO - DAG(s) dict_keys(['latest_only']) retrieved from /home/opeyemi/.local/lib/python3.10/site-packages/airflow/example_dags/example_latest_only.py
[2023-06-21T01:06:34.801+0100] {logging_mixin.py:149} INFO - [2023-06-21T01:06:34.801+0100] {dag.py:2726} INFO - Sync 1 DAGs
[2023-06-21T01:06:34.843+0100] {logging_mixin.py:149} INFO - [2023-06-21T01:06:34.843+0100] {dag.py:3486} INFO - Setting next_dagrun for latest_only to 2023-06-20T20:06:34.843344+00:00, run_after=2023-06-21T00:06:34.843344+00:00
[2023-06-21T01:06:35.302+0100] {processor.py:179} INFO - Processing /home/opeyemi/.local/lib/python3.10/site-packages/airflow/example_dags/example_latest_only.py took 0.707 seconds
[2023-06-21T01:07:55.322+0100] {processor.py:157} INFO - Started process (PID=20765) to work on /home/opeyemi/.local/lib/python3.10/site-packages/airflow/example_dags/example_latest_only.py
[2023-06-21T01:07:55.427+0100] {processor.py:826} INFO - Processing file /home/opeyemi/.local/lib/python3.10/site-packages/airflow/example_dags/example_latest_only.py for tasks to queue
[2023-06-21T01:07:55.429+0100] {logging_mixin.py:149} INFO - [2023-06-21T01:07:55.429+0100] {dagbag.py:541} INFO - Filling up the DagBag from /home/opeyemi/.local/lib/python3.10/site-packages/airflow/example_dags/example_latest_only.py
[2023-06-21T01:07:55.456+0100] {processor.py:836} INFO - DAG(s) dict_keys(['latest_only']) retrieved from /home/opeyemi/.local/lib/python3.10/site-packages/airflow/example_dags/example_latest_only.py
[2023-06-21T01:07:55.537+0100] {logging_mixin.py:149} INFO - [2023-06-21T01:07:55.535+0100] {dag.py:2726} INFO - Sync 1 DAGs
[2023-06-21T01:07:55.659+0100] {logging_mixin.py:149} INFO - [2023-06-21T01:07:55.659+0100] {dag.py:3486} INFO - Setting next_dagrun for latest_only to 2023-06-20T20:07:55.657174+00:00, run_after=2023-06-21T00:07:55.657174+00:00
[2023-06-21T01:07:55.869+0100] {processor.py:179} INFO - Processing /home/opeyemi/.local/lib/python3.10/site-packages/airflow/example_dags/example_latest_only.py took 0.561 seconds
[2023-06-21T01:08:46.417+0100] {processor.py:157} INFO - Started process (PID=20817) to work on /home/opeyemi/.local/lib/python3.10/site-packages/airflow/example_dags/example_latest_only.py
[2023-06-21T01:08:46.468+0100] {processor.py:826} INFO - Processing file /home/opeyemi/.local/lib/python3.10/site-packages/airflow/example_dags/example_latest_only.py for tasks to queue
[2023-06-21T01:08:46.471+0100] {logging_mixin.py:149} INFO - [2023-06-21T01:08:46.471+0100] {dagbag.py:541} INFO - Filling up the DagBag from /home/opeyemi/.local/lib/python3.10/site-packages/airflow/example_dags/example_latest_only.py
[2023-06-21T01:08:46.494+0100] {processor.py:836} INFO - DAG(s) dict_keys(['latest_only']) retrieved from /home/opeyemi/.local/lib/python3.10/site-packages/airflow/example_dags/example_latest_only.py
[2023-06-21T01:08:46.556+0100] {logging_mixin.py:149} INFO - [2023-06-21T01:08:46.556+0100] {dag.py:2726} INFO - Sync 1 DAGs
[2023-06-21T01:08:46.594+0100] {logging_mixin.py:149} INFO - [2023-06-21T01:08:46.594+0100] {dag.py:3486} INFO - Setting next_dagrun for latest_only to 2023-06-20T20:08:46.593916+00:00, run_after=2023-06-21T00:08:46.593916+00:00
[2023-06-21T01:08:46.722+0100] {processor.py:179} INFO - Processing /home/opeyemi/.local/lib/python3.10/site-packages/airflow/example_dags/example_latest_only.py took 0.309 seconds
[2023-06-21T01:09:44.552+0100] {processor.py:157} INFO - Started process (PID=20844) to work on /home/opeyemi/.local/lib/python3.10/site-packages/airflow/example_dags/example_latest_only.py
[2023-06-21T01:09:44.572+0100] {processor.py:826} INFO - Processing file /home/opeyemi/.local/lib/python3.10/site-packages/airflow/example_dags/example_latest_only.py for tasks to queue
[2023-06-21T01:09:44.576+0100] {logging_mixin.py:149} INFO - [2023-06-21T01:09:44.575+0100] {dagbag.py:541} INFO - Filling up the DagBag from /home/opeyemi/.local/lib/python3.10/site-packages/airflow/example_dags/example_latest_only.py
[2023-06-21T01:09:44.613+0100] {processor.py:836} INFO - DAG(s) dict_keys(['latest_only']) retrieved from /home/opeyemi/.local/lib/python3.10/site-packages/airflow/example_dags/example_latest_only.py
[2023-06-21T01:09:44.680+0100] {logging_mixin.py:149} INFO - [2023-06-21T01:09:44.680+0100] {dag.py:2726} INFO - Sync 1 DAGs
[2023-06-21T01:09:44.739+0100] {logging_mixin.py:149} INFO - [2023-06-21T01:09:44.738+0100] {dag.py:3486} INFO - Setting next_dagrun for latest_only to 2023-06-20T20:09:44.738211+00:00, run_after=2023-06-21T00:09:44.738211+00:00
[2023-06-21T01:09:45.277+0100] {processor.py:179} INFO - Processing /home/opeyemi/.local/lib/python3.10/site-packages/airflow/example_dags/example_latest_only.py took 0.739 seconds
[2023-06-21T01:10:39.020+0100] {processor.py:157} INFO - Started process (PID=20884) to work on /home/opeyemi/.local/lib/python3.10/site-packages/airflow/example_dags/example_latest_only.py
[2023-06-21T01:10:39.131+0100] {processor.py:826} INFO - Processing file /home/opeyemi/.local/lib/python3.10/site-packages/airflow/example_dags/example_latest_only.py for tasks to queue
[2023-06-21T01:10:39.146+0100] {logging_mixin.py:149} INFO - [2023-06-21T01:10:39.134+0100] {dagbag.py:541} INFO - Filling up the DagBag from /home/opeyemi/.local/lib/python3.10/site-packages/airflow/example_dags/example_latest_only.py
[2023-06-21T01:10:39.228+0100] {processor.py:836} INFO - DAG(s) dict_keys(['latest_only']) retrieved from /home/opeyemi/.local/lib/python3.10/site-packages/airflow/example_dags/example_latest_only.py
[2023-06-21T01:10:39.292+0100] {logging_mixin.py:149} INFO - [2023-06-21T01:10:39.292+0100] {dag.py:2726} INFO - Sync 1 DAGs
[2023-06-21T01:10:39.406+0100] {logging_mixin.py:149} INFO - [2023-06-21T01:10:39.405+0100] {dag.py:3486} INFO - Setting next_dagrun for latest_only to 2023-06-20T20:10:39.394622+00:00, run_after=2023-06-21T00:10:39.394622+00:00
[2023-06-21T01:10:39.743+0100] {processor.py:179} INFO - Processing /home/opeyemi/.local/lib/python3.10/site-packages/airflow/example_dags/example_latest_only.py took 0.729 seconds
[2023-06-21T01:11:40.879+0100] {processor.py:157} INFO - Started process (PID=20916) to work on /home/opeyemi/.local/lib/python3.10/site-packages/airflow/example_dags/example_latest_only.py
[2023-06-21T01:11:40.909+0100] {processor.py:826} INFO - Processing file /home/opeyemi/.local/lib/python3.10/site-packages/airflow/example_dags/example_latest_only.py for tasks to queue
[2023-06-21T01:11:40.911+0100] {logging_mixin.py:149} INFO - [2023-06-21T01:11:40.911+0100] {dagbag.py:541} INFO - Filling up the DagBag from /home/opeyemi/.local/lib/python3.10/site-packages/airflow/example_dags/example_latest_only.py
[2023-06-21T01:11:40.931+0100] {processor.py:836} INFO - DAG(s) dict_keys(['latest_only']) retrieved from /home/opeyemi/.local/lib/python3.10/site-packages/airflow/example_dags/example_latest_only.py
[2023-06-21T01:11:40.990+0100] {logging_mixin.py:149} INFO - [2023-06-21T01:11:40.990+0100] {dag.py:2726} INFO - Sync 1 DAGs
[2023-06-21T01:11:41.026+0100] {logging_mixin.py:149} INFO - [2023-06-21T01:11:41.026+0100] {dag.py:3486} INFO - Setting next_dagrun for latest_only to 2023-06-20T20:11:41.026237+00:00, run_after=2023-06-21T00:11:41.026237+00:00
[2023-06-21T01:11:41.087+0100] {processor.py:179} INFO - Processing /home/opeyemi/.local/lib/python3.10/site-packages/airflow/example_dags/example_latest_only.py took 0.218 seconds
[2023-06-21T01:13:04.172+0100] {processor.py:157} INFO - Started process (PID=20971) to work on /home/opeyemi/.local/lib/python3.10/site-packages/airflow/example_dags/example_latest_only.py
[2023-06-21T01:13:04.188+0100] {processor.py:826} INFO - Processing file /home/opeyemi/.local/lib/python3.10/site-packages/airflow/example_dags/example_latest_only.py for tasks to queue
[2023-06-21T01:13:04.189+0100] {logging_mixin.py:149} INFO - [2023-06-21T01:13:04.189+0100] {dagbag.py:541} INFO - Filling up the DagBag from /home/opeyemi/.local/lib/python3.10/site-packages/airflow/example_dags/example_latest_only.py
[2023-06-21T01:13:04.205+0100] {processor.py:836} INFO - DAG(s) dict_keys(['latest_only']) retrieved from /home/opeyemi/.local/lib/python3.10/site-packages/airflow/example_dags/example_latest_only.py
[2023-06-21T01:13:04.241+0100] {logging_mixin.py:149} INFO - [2023-06-21T01:13:04.241+0100] {dag.py:2726} INFO - Sync 1 DAGs
[2023-06-21T01:13:04.281+0100] {logging_mixin.py:149} INFO - [2023-06-21T01:13:04.281+0100] {dag.py:3486} INFO - Setting next_dagrun for latest_only to 2023-06-20T20:13:04.280840+00:00, run_after=2023-06-21T00:13:04.280840+00:00
[2023-06-21T01:13:04.914+0100] {processor.py:179} INFO - Processing /home/opeyemi/.local/lib/python3.10/site-packages/airflow/example_dags/example_latest_only.py took 0.757 seconds
[2023-06-21T01:14:26.214+0100] {processor.py:157} INFO - Started process (PID=21009) to work on /home/opeyemi/.local/lib/python3.10/site-packages/airflow/example_dags/example_latest_only.py
[2023-06-21T01:14:26.217+0100] {processor.py:826} INFO - Processing file /home/opeyemi/.local/lib/python3.10/site-packages/airflow/example_dags/example_latest_only.py for tasks to queue
[2023-06-21T01:14:26.218+0100] {logging_mixin.py:149} INFO - [2023-06-21T01:14:26.218+0100] {dagbag.py:541} INFO - Filling up the DagBag from /home/opeyemi/.local/lib/python3.10/site-packages/airflow/example_dags/example_latest_only.py
[2023-06-21T01:14:26.246+0100] {processor.py:836} INFO - DAG(s) dict_keys(['latest_only']) retrieved from /home/opeyemi/.local/lib/python3.10/site-packages/airflow/example_dags/example_latest_only.py
[2023-06-21T01:14:26.315+0100] {logging_mixin.py:149} INFO - [2023-06-21T01:14:26.315+0100] {dag.py:2726} INFO - Sync 1 DAGs
[2023-06-21T01:14:26.424+0100] {logging_mixin.py:149} INFO - [2023-06-21T01:14:26.424+0100] {dag.py:3486} INFO - Setting next_dagrun for latest_only to 2023-06-20T20:14:26.423625+00:00, run_after=2023-06-21T00:14:26.423625+00:00
[2023-06-21T01:14:26.629+0100] {processor.py:179} INFO - Processing /home/opeyemi/.local/lib/python3.10/site-packages/airflow/example_dags/example_latest_only.py took 0.429 seconds
[2023-06-21T01:15:23.913+0100] {processor.py:157} INFO - Started process (PID=21039) to work on /home/opeyemi/.local/lib/python3.10/site-packages/airflow/example_dags/example_latest_only.py
[2023-06-21T01:15:23.996+0100] {processor.py:826} INFO - Processing file /home/opeyemi/.local/lib/python3.10/site-packages/airflow/example_dags/example_latest_only.py for tasks to queue
[2023-06-21T01:15:23.998+0100] {logging_mixin.py:149} INFO - [2023-06-21T01:15:23.998+0100] {dagbag.py:541} INFO - Filling up the DagBag from /home/opeyemi/.local/lib/python3.10/site-packages/airflow/example_dags/example_latest_only.py
[2023-06-21T01:15:24.028+0100] {processor.py:836} INFO - DAG(s) dict_keys(['latest_only']) retrieved from /home/opeyemi/.local/lib/python3.10/site-packages/airflow/example_dags/example_latest_only.py
[2023-06-21T01:15:24.122+0100] {logging_mixin.py:149} INFO - [2023-06-21T01:15:24.122+0100] {dag.py:2726} INFO - Sync 1 DAGs
[2023-06-21T01:15:24.203+0100] {logging_mixin.py:149} INFO - [2023-06-21T01:15:24.201+0100] {dag.py:3486} INFO - Setting next_dagrun for latest_only to 2023-06-20T20:15:24.200947+00:00, run_after=2023-06-21T00:15:24.200947+00:00
[2023-06-21T01:15:24.485+0100] {processor.py:179} INFO - Processing /home/opeyemi/.local/lib/python3.10/site-packages/airflow/example_dags/example_latest_only.py took 0.576 seconds
[2023-06-21T01:16:56.975+0100] {processor.py:157} INFO - Started process (PID=21082) to work on /home/opeyemi/.local/lib/python3.10/site-packages/airflow/example_dags/example_latest_only.py
[2023-06-21T01:16:57.094+0100] {processor.py:826} INFO - Processing file /home/opeyemi/.local/lib/python3.10/site-packages/airflow/example_dags/example_latest_only.py for tasks to queue
[2023-06-21T01:16:57.095+0100] {logging_mixin.py:149} INFO - [2023-06-21T01:16:57.095+0100] {dagbag.py:541} INFO - Filling up the DagBag from /home/opeyemi/.local/lib/python3.10/site-packages/airflow/example_dags/example_latest_only.py
[2023-06-21T01:16:57.105+0100] {processor.py:836} INFO - DAG(s) dict_keys(['latest_only']) retrieved from /home/opeyemi/.local/lib/python3.10/site-packages/airflow/example_dags/example_latest_only.py
[2023-06-21T01:16:57.200+0100] {logging_mixin.py:149} INFO - [2023-06-21T01:16:57.200+0100] {dag.py:2726} INFO - Sync 1 DAGs
[2023-06-21T01:16:57.239+0100] {logging_mixin.py:149} INFO - [2023-06-21T01:16:57.239+0100] {dag.py:3486} INFO - Setting next_dagrun for latest_only to 2023-06-20T20:16:57.239100+00:00, run_after=2023-06-21T00:16:57.239100+00:00
[2023-06-21T01:16:57.462+0100] {processor.py:179} INFO - Processing /home/opeyemi/.local/lib/python3.10/site-packages/airflow/example_dags/example_latest_only.py took 0.492 seconds
[2023-06-21T01:18:09.453+0100] {processor.py:157} INFO - Started process (PID=21139) to work on /home/opeyemi/.local/lib/python3.10/site-packages/airflow/example_dags/example_latest_only.py
[2023-06-21T01:18:09.521+0100] {processor.py:826} INFO - Processing file /home/opeyemi/.local/lib/python3.10/site-packages/airflow/example_dags/example_latest_only.py for tasks to queue
[2023-06-21T01:18:09.523+0100] {logging_mixin.py:149} INFO - [2023-06-21T01:18:09.523+0100] {dagbag.py:541} INFO - Filling up the DagBag from /home/opeyemi/.local/lib/python3.10/site-packages/airflow/example_dags/example_latest_only.py
[2023-06-21T01:18:09.542+0100] {processor.py:836} INFO - DAG(s) dict_keys(['latest_only']) retrieved from /home/opeyemi/.local/lib/python3.10/site-packages/airflow/example_dags/example_latest_only.py
[2023-06-21T01:18:09.599+0100] {logging_mixin.py:149} INFO - [2023-06-21T01:18:09.599+0100] {dag.py:2726} INFO - Sync 1 DAGs
[2023-06-21T01:18:09.658+0100] {logging_mixin.py:149} INFO - [2023-06-21T01:18:09.658+0100] {dag.py:3486} INFO - Setting next_dagrun for latest_only to 2023-06-20T20:18:09.657695+00:00, run_after=2023-06-21T00:18:09.657695+00:00
[2023-06-21T01:18:10.024+0100] {processor.py:179} INFO - Processing /home/opeyemi/.local/lib/python3.10/site-packages/airflow/example_dags/example_latest_only.py took 0.581 seconds
[2023-06-21T01:18:51.094+0100] {processor.py:157} INFO - Started process (PID=21170) to work on /home/opeyemi/.local/lib/python3.10/site-packages/airflow/example_dags/example_latest_only.py
[2023-06-21T01:18:51.131+0100] {processor.py:826} INFO - Processing file /home/opeyemi/.local/lib/python3.10/site-packages/airflow/example_dags/example_latest_only.py for tasks to queue
[2023-06-21T01:18:51.134+0100] {logging_mixin.py:149} INFO - [2023-06-21T01:18:51.133+0100] {dagbag.py:541} INFO - Filling up the DagBag from /home/opeyemi/.local/lib/python3.10/site-packages/airflow/example_dags/example_latest_only.py
[2023-06-21T01:18:51.156+0100] {processor.py:836} INFO - DAG(s) dict_keys(['latest_only']) retrieved from /home/opeyemi/.local/lib/python3.10/site-packages/airflow/example_dags/example_latest_only.py
[2023-06-21T01:18:51.215+0100] {logging_mixin.py:149} INFO - [2023-06-21T01:18:51.215+0100] {dag.py:2726} INFO - Sync 1 DAGs
[2023-06-21T01:18:51.258+0100] {logging_mixin.py:149} INFO - [2023-06-21T01:18:51.258+0100] {dag.py:3486} INFO - Setting next_dagrun for latest_only to 2023-06-20T20:18:51.258011+00:00, run_after=2023-06-21T00:18:51.258011+00:00
[2023-06-21T01:18:51.417+0100] {processor.py:179} INFO - Processing /home/opeyemi/.local/lib/python3.10/site-packages/airflow/example_dags/example_latest_only.py took 0.332 seconds
[2023-06-21T01:20:06.622+0100] {processor.py:157} INFO - Started process (PID=21228) to work on /home/opeyemi/.local/lib/python3.10/site-packages/airflow/example_dags/example_latest_only.py
[2023-06-21T01:20:06.676+0100] {processor.py:826} INFO - Processing file /home/opeyemi/.local/lib/python3.10/site-packages/airflow/example_dags/example_latest_only.py for tasks to queue
[2023-06-21T01:20:06.690+0100] {logging_mixin.py:149} INFO - [2023-06-21T01:20:06.689+0100] {dagbag.py:541} INFO - Filling up the DagBag from /home/opeyemi/.local/lib/python3.10/site-packages/airflow/example_dags/example_latest_only.py
[2023-06-21T01:20:06.734+0100] {processor.py:836} INFO - DAG(s) dict_keys(['latest_only']) retrieved from /home/opeyemi/.local/lib/python3.10/site-packages/airflow/example_dags/example_latest_only.py
[2023-06-21T01:20:06.811+0100] {logging_mixin.py:149} INFO - [2023-06-21T01:20:06.811+0100] {dag.py:2726} INFO - Sync 1 DAGs
[2023-06-21T01:20:06.875+0100] {logging_mixin.py:149} INFO - [2023-06-21T01:20:06.875+0100] {dag.py:3486} INFO - Setting next_dagrun for latest_only to 2023-06-20T20:20:06.874703+00:00, run_after=2023-06-21T00:20:06.874703+00:00
[2023-06-21T01:20:07.275+0100] {processor.py:179} INFO - Processing /home/opeyemi/.local/lib/python3.10/site-packages/airflow/example_dags/example_latest_only.py took 0.653 seconds
[2023-06-21T01:21:22.387+0100] {processor.py:157} INFO - Started process (PID=21258) to work on /home/opeyemi/.local/lib/python3.10/site-packages/airflow/example_dags/example_latest_only.py
[2023-06-21T01:21:22.446+0100] {processor.py:826} INFO - Processing file /home/opeyemi/.local/lib/python3.10/site-packages/airflow/example_dags/example_latest_only.py for tasks to queue
[2023-06-21T01:21:22.447+0100] {logging_mixin.py:149} INFO - [2023-06-21T01:21:22.447+0100] {dagbag.py:541} INFO - Filling up the DagBag from /home/opeyemi/.local/lib/python3.10/site-packages/airflow/example_dags/example_latest_only.py
[2023-06-21T01:21:22.460+0100] {processor.py:836} INFO - DAG(s) dict_keys(['latest_only']) retrieved from /home/opeyemi/.local/lib/python3.10/site-packages/airflow/example_dags/example_latest_only.py
[2023-06-21T01:21:22.528+0100] {logging_mixin.py:149} INFO - [2023-06-21T01:21:22.527+0100] {dag.py:2726} INFO - Sync 1 DAGs
[2023-06-21T01:21:22.567+0100] {logging_mixin.py:149} INFO - [2023-06-21T01:21:22.567+0100] {dag.py:3486} INFO - Setting next_dagrun for latest_only to 2023-06-20T20:21:22.566739+00:00, run_after=2023-06-21T00:21:22.566739+00:00
[2023-06-21T01:21:22.850+0100] {processor.py:179} INFO - Processing /home/opeyemi/.local/lib/python3.10/site-packages/airflow/example_dags/example_latest_only.py took 0.469 seconds
[2023-06-21T01:22:40.700+0100] {processor.py:157} INFO - Started process (PID=21303) to work on /home/opeyemi/.local/lib/python3.10/site-packages/airflow/example_dags/example_latest_only.py
[2023-06-21T01:22:40.716+0100] {processor.py:826} INFO - Processing file /home/opeyemi/.local/lib/python3.10/site-packages/airflow/example_dags/example_latest_only.py for tasks to queue
[2023-06-21T01:22:40.718+0100] {logging_mixin.py:149} INFO - [2023-06-21T01:22:40.718+0100] {dagbag.py:541} INFO - Filling up the DagBag from /home/opeyemi/.local/lib/python3.10/site-packages/airflow/example_dags/example_latest_only.py
[2023-06-21T01:22:40.740+0100] {processor.py:836} INFO - DAG(s) dict_keys(['latest_only']) retrieved from /home/opeyemi/.local/lib/python3.10/site-packages/airflow/example_dags/example_latest_only.py
[2023-06-21T01:22:40.801+0100] {logging_mixin.py:149} INFO - [2023-06-21T01:22:40.801+0100] {dag.py:2726} INFO - Sync 1 DAGs
[2023-06-21T01:22:40.873+0100] {logging_mixin.py:149} INFO - [2023-06-21T01:22:40.872+0100] {dag.py:3486} INFO - Setting next_dagrun for latest_only to 2023-06-20T20:22:40.872201+00:00, run_after=2023-06-21T00:22:40.872201+00:00
[2023-06-21T01:22:40.986+0100] {processor.py:179} INFO - Processing /home/opeyemi/.local/lib/python3.10/site-packages/airflow/example_dags/example_latest_only.py took 0.297 seconds
[2023-06-21T01:23:23.599+0100] {processor.py:157} INFO - Started process (PID=21337) to work on /home/opeyemi/.local/lib/python3.10/site-packages/airflow/example_dags/example_latest_only.py
[2023-06-21T01:23:23.666+0100] {processor.py:826} INFO - Processing file /home/opeyemi/.local/lib/python3.10/site-packages/airflow/example_dags/example_latest_only.py for tasks to queue
[2023-06-21T01:23:23.669+0100] {logging_mixin.py:149} INFO - [2023-06-21T01:23:23.668+0100] {dagbag.py:541} INFO - Filling up the DagBag from /home/opeyemi/.local/lib/python3.10/site-packages/airflow/example_dags/example_latest_only.py
[2023-06-21T01:23:23.709+0100] {processor.py:836} INFO - DAG(s) dict_keys(['latest_only']) retrieved from /home/opeyemi/.local/lib/python3.10/site-packages/airflow/example_dags/example_latest_only.py
[2023-06-21T01:23:23.801+0100] {logging_mixin.py:149} INFO - [2023-06-21T01:23:23.800+0100] {dag.py:2726} INFO - Sync 1 DAGs
[2023-06-21T01:23:23.851+0100] {logging_mixin.py:149} INFO - [2023-06-21T01:23:23.850+0100] {dag.py:3486} INFO - Setting next_dagrun for latest_only to 2023-06-20T20:23:23.849999+00:00, run_after=2023-06-21T00:23:23.849999+00:00
[2023-06-21T01:23:23.932+0100] {processor.py:179} INFO - Processing /home/opeyemi/.local/lib/python3.10/site-packages/airflow/example_dags/example_latest_only.py took 0.347 seconds
[2023-06-21T01:24:17.507+0100] {processor.py:157} INFO - Started process (PID=21379) to work on /home/opeyemi/.local/lib/python3.10/site-packages/airflow/example_dags/example_latest_only.py
[2023-06-21T01:24:17.516+0100] {processor.py:826} INFO - Processing file /home/opeyemi/.local/lib/python3.10/site-packages/airflow/example_dags/example_latest_only.py for tasks to queue
[2023-06-21T01:24:17.517+0100] {logging_mixin.py:149} INFO - [2023-06-21T01:24:17.517+0100] {dagbag.py:541} INFO - Filling up the DagBag from /home/opeyemi/.local/lib/python3.10/site-packages/airflow/example_dags/example_latest_only.py
[2023-06-21T01:24:17.536+0100] {processor.py:836} INFO - DAG(s) dict_keys(['latest_only']) retrieved from /home/opeyemi/.local/lib/python3.10/site-packages/airflow/example_dags/example_latest_only.py
[2023-06-21T01:24:17.616+0100] {logging_mixin.py:149} INFO - [2023-06-21T01:24:17.616+0100] {dag.py:2726} INFO - Sync 1 DAGs
[2023-06-21T01:24:17.714+0100] {logging_mixin.py:149} INFO - [2023-06-21T01:24:17.713+0100] {dag.py:3486} INFO - Setting next_dagrun for latest_only to 2023-06-20T20:24:17.713540+00:00, run_after=2023-06-21T00:24:17.713540+00:00
[2023-06-21T01:24:17.819+0100] {processor.py:179} INFO - Processing /home/opeyemi/.local/lib/python3.10/site-packages/airflow/example_dags/example_latest_only.py took 0.317 seconds
[2023-06-21T01:25:17.019+0100] {processor.py:157} INFO - Started process (PID=21592) to work on /home/opeyemi/.local/lib/python3.10/site-packages/airflow/example_dags/example_latest_only.py
[2023-06-21T01:25:17.033+0100] {processor.py:826} INFO - Processing file /home/opeyemi/.local/lib/python3.10/site-packages/airflow/example_dags/example_latest_only.py for tasks to queue
[2023-06-21T01:25:17.035+0100] {logging_mixin.py:149} INFO - [2023-06-21T01:25:17.034+0100] {dagbag.py:541} INFO - Filling up the DagBag from /home/opeyemi/.local/lib/python3.10/site-packages/airflow/example_dags/example_latest_only.py
[2023-06-21T01:25:17.049+0100] {processor.py:836} INFO - DAG(s) dict_keys(['latest_only']) retrieved from /home/opeyemi/.local/lib/python3.10/site-packages/airflow/example_dags/example_latest_only.py
[2023-06-21T01:25:17.095+0100] {logging_mixin.py:149} INFO - [2023-06-21T01:25:17.095+0100] {dag.py:2726} INFO - Sync 1 DAGs
[2023-06-21T01:25:17.190+0100] {logging_mixin.py:149} INFO - [2023-06-21T01:25:17.190+0100] {dag.py:3486} INFO - Setting next_dagrun for latest_only to 2023-06-20T20:25:17.189851+00:00, run_after=2023-06-21T00:25:17.189851+00:00
[2023-06-21T01:25:17.295+0100] {processor.py:179} INFO - Processing /home/opeyemi/.local/lib/python3.10/site-packages/airflow/example_dags/example_latest_only.py took 0.281 seconds
[2023-06-21T01:26:01.451+0100] {processor.py:157} INFO - Started process (PID=21669) to work on /home/opeyemi/.local/lib/python3.10/site-packages/airflow/example_dags/example_latest_only.py
[2023-06-21T01:26:01.477+0100] {processor.py:826} INFO - Processing file /home/opeyemi/.local/lib/python3.10/site-packages/airflow/example_dags/example_latest_only.py for tasks to queue
[2023-06-21T01:26:01.481+0100] {logging_mixin.py:149} INFO - [2023-06-21T01:26:01.480+0100] {dagbag.py:541} INFO - Filling up the DagBag from /home/opeyemi/.local/lib/python3.10/site-packages/airflow/example_dags/example_latest_only.py
[2023-06-21T01:26:01.500+0100] {processor.py:836} INFO - DAG(s) dict_keys(['latest_only']) retrieved from /home/opeyemi/.local/lib/python3.10/site-packages/airflow/example_dags/example_latest_only.py
[2023-06-21T01:26:01.542+0100] {logging_mixin.py:149} INFO - [2023-06-21T01:26:01.541+0100] {dag.py:2726} INFO - Sync 1 DAGs
[2023-06-21T01:26:01.613+0100] {logging_mixin.py:149} INFO - [2023-06-21T01:26:01.613+0100] {dag.py:3486} INFO - Setting next_dagrun for latest_only to 2023-06-20T20:26:01.612915+00:00, run_after=2023-06-21T00:26:01.612915+00:00
[2023-06-21T01:26:01.725+0100] {processor.py:179} INFO - Processing /home/opeyemi/.local/lib/python3.10/site-packages/airflow/example_dags/example_latest_only.py took 0.295 seconds
[2023-06-21T01:26:50.768+0100] {processor.py:157} INFO - Started process (PID=21700) to work on /home/opeyemi/.local/lib/python3.10/site-packages/airflow/example_dags/example_latest_only.py
[2023-06-21T01:26:50.776+0100] {processor.py:826} INFO - Processing file /home/opeyemi/.local/lib/python3.10/site-packages/airflow/example_dags/example_latest_only.py for tasks to queue
[2023-06-21T01:26:50.777+0100] {logging_mixin.py:149} INFO - [2023-06-21T01:26:50.777+0100] {dagbag.py:541} INFO - Filling up the DagBag from /home/opeyemi/.local/lib/python3.10/site-packages/airflow/example_dags/example_latest_only.py
[2023-06-21T01:26:50.787+0100] {processor.py:836} INFO - DAG(s) dict_keys(['latest_only']) retrieved from /home/opeyemi/.local/lib/python3.10/site-packages/airflow/example_dags/example_latest_only.py
[2023-06-21T01:26:50.826+0100] {logging_mixin.py:149} INFO - [2023-06-21T01:26:50.826+0100] {dag.py:2726} INFO - Sync 1 DAGs
[2023-06-21T01:26:50.870+0100] {logging_mixin.py:149} INFO - [2023-06-21T01:26:50.869+0100] {dag.py:3486} INFO - Setting next_dagrun for latest_only to 2023-06-20T20:26:50.869489+00:00, run_after=2023-06-21T00:26:50.869489+00:00
[2023-06-21T01:26:51.584+0100] {processor.py:179} INFO - Processing /home/opeyemi/.local/lib/python3.10/site-packages/airflow/example_dags/example_latest_only.py took 0.821 seconds
[2023-06-21T01:27:44.288+0100] {processor.py:157} INFO - Started process (PID=21735) to work on /home/opeyemi/.local/lib/python3.10/site-packages/airflow/example_dags/example_latest_only.py
[2023-06-21T01:27:44.308+0100] {processor.py:826} INFO - Processing file /home/opeyemi/.local/lib/python3.10/site-packages/airflow/example_dags/example_latest_only.py for tasks to queue
[2023-06-21T01:27:44.311+0100] {logging_mixin.py:149} INFO - [2023-06-21T01:27:44.310+0100] {dagbag.py:541} INFO - Filling up the DagBag from /home/opeyemi/.local/lib/python3.10/site-packages/airflow/example_dags/example_latest_only.py
[2023-06-21T01:27:44.336+0100] {processor.py:836} INFO - DAG(s) dict_keys(['latest_only']) retrieved from /home/opeyemi/.local/lib/python3.10/site-packages/airflow/example_dags/example_latest_only.py
[2023-06-21T01:27:44.387+0100] {logging_mixin.py:149} INFO - [2023-06-21T01:27:44.386+0100] {dag.py:2726} INFO - Sync 1 DAGs
[2023-06-21T01:27:44.437+0100] {logging_mixin.py:149} INFO - [2023-06-21T01:27:44.437+0100] {dag.py:3486} INFO - Setting next_dagrun for latest_only to 2023-06-20T20:27:44.436807+00:00, run_after=2023-06-21T00:27:44.436807+00:00
[2023-06-21T01:27:44.698+0100] {processor.py:179} INFO - Processing /home/opeyemi/.local/lib/python3.10/site-packages/airflow/example_dags/example_latest_only.py took 0.421 seconds
[2023-06-21T01:28:38.329+0100] {processor.py:157} INFO - Started process (PID=21814) to work on /home/opeyemi/.local/lib/python3.10/site-packages/airflow/example_dags/example_latest_only.py
[2023-06-21T01:28:38.342+0100] {processor.py:826} INFO - Processing file /home/opeyemi/.local/lib/python3.10/site-packages/airflow/example_dags/example_latest_only.py for tasks to queue
[2023-06-21T01:28:38.344+0100] {logging_mixin.py:149} INFO - [2023-06-21T01:28:38.344+0100] {dagbag.py:541} INFO - Filling up the DagBag from /home/opeyemi/.local/lib/python3.10/site-packages/airflow/example_dags/example_latest_only.py
[2023-06-21T01:28:38.359+0100] {processor.py:836} INFO - DAG(s) dict_keys(['latest_only']) retrieved from /home/opeyemi/.local/lib/python3.10/site-packages/airflow/example_dags/example_latest_only.py
[2023-06-21T01:28:38.406+0100] {logging_mixin.py:149} INFO - [2023-06-21T01:28:38.405+0100] {dag.py:2726} INFO - Sync 1 DAGs
[2023-06-21T01:28:38.516+0100] {logging_mixin.py:149} INFO - [2023-06-21T01:28:38.515+0100] {dag.py:3486} INFO - Setting next_dagrun for latest_only to 2023-06-20T20:28:38.515124+00:00, run_after=2023-06-21T00:28:38.515124+00:00
[2023-06-21T01:28:38.584+0100] {processor.py:179} INFO - Processing /home/opeyemi/.local/lib/python3.10/site-packages/airflow/example_dags/example_latest_only.py took 0.263 seconds
[2023-06-21T01:29:36.876+0100] {processor.py:157} INFO - Started process (PID=21863) to work on /home/opeyemi/.local/lib/python3.10/site-packages/airflow/example_dags/example_latest_only.py
[2023-06-21T01:29:36.888+0100] {processor.py:826} INFO - Processing file /home/opeyemi/.local/lib/python3.10/site-packages/airflow/example_dags/example_latest_only.py for tasks to queue
[2023-06-21T01:29:36.890+0100] {logging_mixin.py:149} INFO - [2023-06-21T01:29:36.890+0100] {dagbag.py:541} INFO - Filling up the DagBag from /home/opeyemi/.local/lib/python3.10/site-packages/airflow/example_dags/example_latest_only.py
[2023-06-21T01:29:36.916+0100] {processor.py:836} INFO - DAG(s) dict_keys(['latest_only']) retrieved from /home/opeyemi/.local/lib/python3.10/site-packages/airflow/example_dags/example_latest_only.py
[2023-06-21T01:29:37.012+0100] {logging_mixin.py:149} INFO - [2023-06-21T01:29:37.011+0100] {dag.py:2726} INFO - Sync 1 DAGs
[2023-06-21T01:29:37.055+0100] {logging_mixin.py:149} INFO - [2023-06-21T01:29:37.055+0100] {dag.py:3486} INFO - Setting next_dagrun for latest_only to 2023-06-20T20:29:37.055015+00:00, run_after=2023-06-21T00:29:37.055015+00:00
[2023-06-21T01:29:37.155+0100] {processor.py:179} INFO - Processing /home/opeyemi/.local/lib/python3.10/site-packages/airflow/example_dags/example_latest_only.py took 0.291 seconds
[2023-06-21T01:30:31.839+0100] {processor.py:157} INFO - Started process (PID=21913) to work on /home/opeyemi/.local/lib/python3.10/site-packages/airflow/example_dags/example_latest_only.py
[2023-06-21T01:30:31.852+0100] {processor.py:826} INFO - Processing file /home/opeyemi/.local/lib/python3.10/site-packages/airflow/example_dags/example_latest_only.py for tasks to queue
[2023-06-21T01:30:31.854+0100] {logging_mixin.py:149} INFO - [2023-06-21T01:30:31.854+0100] {dagbag.py:541} INFO - Filling up the DagBag from /home/opeyemi/.local/lib/python3.10/site-packages/airflow/example_dags/example_latest_only.py
[2023-06-21T01:30:31.875+0100] {processor.py:836} INFO - DAG(s) dict_keys(['latest_only']) retrieved from /home/opeyemi/.local/lib/python3.10/site-packages/airflow/example_dags/example_latest_only.py
[2023-06-21T01:30:31.925+0100] {logging_mixin.py:149} INFO - [2023-06-21T01:30:31.925+0100] {dag.py:2726} INFO - Sync 1 DAGs
[2023-06-21T01:30:31.988+0100] {logging_mixin.py:149} INFO - [2023-06-21T01:30:31.988+0100] {dag.py:3486} INFO - Setting next_dagrun for latest_only to 2023-06-20T20:30:31.988012+00:00, run_after=2023-06-21T00:30:31.988012+00:00
[2023-06-21T01:30:32.069+0100] {processor.py:179} INFO - Processing /home/opeyemi/.local/lib/python3.10/site-packages/airflow/example_dags/example_latest_only.py took 0.242 seconds
[2023-06-21T01:31:36.162+0100] {processor.py:157} INFO - Started process (PID=21966) to work on /home/opeyemi/.local/lib/python3.10/site-packages/airflow/example_dags/example_latest_only.py
[2023-06-21T01:31:36.172+0100] {processor.py:826} INFO - Processing file /home/opeyemi/.local/lib/python3.10/site-packages/airflow/example_dags/example_latest_only.py for tasks to queue
[2023-06-21T01:31:36.173+0100] {logging_mixin.py:149} INFO - [2023-06-21T01:31:36.173+0100] {dagbag.py:541} INFO - Filling up the DagBag from /home/opeyemi/.local/lib/python3.10/site-packages/airflow/example_dags/example_latest_only.py
[2023-06-21T01:31:36.184+0100] {processor.py:836} INFO - DAG(s) dict_keys(['latest_only']) retrieved from /home/opeyemi/.local/lib/python3.10/site-packages/airflow/example_dags/example_latest_only.py
[2023-06-21T01:31:36.239+0100] {logging_mixin.py:149} INFO - [2023-06-21T01:31:36.239+0100] {dag.py:2726} INFO - Sync 1 DAGs
[2023-06-21T01:31:36.262+0100] {logging_mixin.py:149} INFO - [2023-06-21T01:31:36.262+0100] {dag.py:3486} INFO - Setting next_dagrun for latest_only to 2023-06-20T20:31:36.262090+00:00, run_after=2023-06-21T00:31:36.262090+00:00
[2023-06-21T01:31:36.311+0100] {processor.py:179} INFO - Processing /home/opeyemi/.local/lib/python3.10/site-packages/airflow/example_dags/example_latest_only.py took 0.156 seconds
[2023-06-21T01:32:35.010+0100] {processor.py:157} INFO - Started process (PID=22015) to work on /home/opeyemi/.local/lib/python3.10/site-packages/airflow/example_dags/example_latest_only.py
[2023-06-21T01:32:35.016+0100] {processor.py:826} INFO - Processing file /home/opeyemi/.local/lib/python3.10/site-packages/airflow/example_dags/example_latest_only.py for tasks to queue
[2023-06-21T01:32:35.017+0100] {logging_mixin.py:149} INFO - [2023-06-21T01:32:35.017+0100] {dagbag.py:541} INFO - Filling up the DagBag from /home/opeyemi/.local/lib/python3.10/site-packages/airflow/example_dags/example_latest_only.py
[2023-06-21T01:32:35.030+0100] {processor.py:836} INFO - DAG(s) dict_keys(['latest_only']) retrieved from /home/opeyemi/.local/lib/python3.10/site-packages/airflow/example_dags/example_latest_only.py
[2023-06-21T01:32:35.071+0100] {logging_mixin.py:149} INFO - [2023-06-21T01:32:35.071+0100] {dag.py:2726} INFO - Sync 1 DAGs
[2023-06-21T01:32:35.100+0100] {logging_mixin.py:149} INFO - [2023-06-21T01:32:35.100+0100] {dag.py:3486} INFO - Setting next_dagrun for latest_only to 2023-06-20T20:32:35.099775+00:00, run_after=2023-06-21T00:32:35.099775+00:00
[2023-06-21T01:32:35.143+0100] {processor.py:179} INFO - Processing /home/opeyemi/.local/lib/python3.10/site-packages/airflow/example_dags/example_latest_only.py took 0.139 seconds
[2023-06-21T01:33:29.922+0100] {processor.py:157} INFO - Started process (PID=22100) to work on /home/opeyemi/.local/lib/python3.10/site-packages/airflow/example_dags/example_latest_only.py
[2023-06-21T01:33:29.928+0100] {processor.py:826} INFO - Processing file /home/opeyemi/.local/lib/python3.10/site-packages/airflow/example_dags/example_latest_only.py for tasks to queue
[2023-06-21T01:33:29.930+0100] {logging_mixin.py:149} INFO - [2023-06-21T01:33:29.930+0100] {dagbag.py:541} INFO - Filling up the DagBag from /home/opeyemi/.local/lib/python3.10/site-packages/airflow/example_dags/example_latest_only.py
[2023-06-21T01:33:29.954+0100] {processor.py:836} INFO - DAG(s) dict_keys(['latest_only']) retrieved from /home/opeyemi/.local/lib/python3.10/site-packages/airflow/example_dags/example_latest_only.py
[2023-06-21T01:33:30.025+0100] {logging_mixin.py:149} INFO - [2023-06-21T01:33:30.024+0100] {dag.py:2726} INFO - Sync 1 DAGs
[2023-06-21T01:33:30.109+0100] {logging_mixin.py:149} INFO - [2023-06-21T01:33:30.109+0100] {dag.py:3486} INFO - Setting next_dagrun for latest_only to 2023-06-20T20:33:30.108934+00:00, run_after=2023-06-21T00:33:30.108934+00:00
[2023-06-21T01:33:30.168+0100] {processor.py:179} INFO - Processing /home/opeyemi/.local/lib/python3.10/site-packages/airflow/example_dags/example_latest_only.py took 0.261 seconds
[2023-06-21T01:34:23.686+0100] {processor.py:157} INFO - Started process (PID=22287) to work on /home/opeyemi/.local/lib/python3.10/site-packages/airflow/example_dags/example_latest_only.py
[2023-06-21T01:34:23.713+0100] {processor.py:826} INFO - Processing file /home/opeyemi/.local/lib/python3.10/site-packages/airflow/example_dags/example_latest_only.py for tasks to queue
[2023-06-21T01:34:23.715+0100] {logging_mixin.py:149} INFO - [2023-06-21T01:34:23.715+0100] {dagbag.py:541} INFO - Filling up the DagBag from /home/opeyemi/.local/lib/python3.10/site-packages/airflow/example_dags/example_latest_only.py
[2023-06-21T01:34:23.735+0100] {processor.py:836} INFO - DAG(s) dict_keys(['latest_only']) retrieved from /home/opeyemi/.local/lib/python3.10/site-packages/airflow/example_dags/example_latest_only.py
[2023-06-21T01:34:23.794+0100] {logging_mixin.py:149} INFO - [2023-06-21T01:34:23.794+0100] {dag.py:2726} INFO - Sync 1 DAGs
[2023-06-21T01:34:23.861+0100] {logging_mixin.py:149} INFO - [2023-06-21T01:34:23.860+0100] {dag.py:3486} INFO - Setting next_dagrun for latest_only to 2023-06-20T20:34:23.859800+00:00, run_after=2023-06-21T00:34:23.859800+00:00
[2023-06-21T01:34:23.942+0100] {processor.py:179} INFO - Processing /home/opeyemi/.local/lib/python3.10/site-packages/airflow/example_dags/example_latest_only.py took 0.267 seconds
[2023-06-21T01:35:16.256+0100] {processor.py:157} INFO - Started process (PID=22494) to work on /home/opeyemi/.local/lib/python3.10/site-packages/airflow/example_dags/example_latest_only.py
[2023-06-21T01:35:16.258+0100] {processor.py:826} INFO - Processing file /home/opeyemi/.local/lib/python3.10/site-packages/airflow/example_dags/example_latest_only.py for tasks to queue
[2023-06-21T01:35:16.259+0100] {logging_mixin.py:149} INFO - [2023-06-21T01:35:16.259+0100] {dagbag.py:541} INFO - Filling up the DagBag from /home/opeyemi/.local/lib/python3.10/site-packages/airflow/example_dags/example_latest_only.py
[2023-06-21T01:35:16.268+0100] {processor.py:836} INFO - DAG(s) dict_keys(['latest_only']) retrieved from /home/opeyemi/.local/lib/python3.10/site-packages/airflow/example_dags/example_latest_only.py
[2023-06-21T01:35:16.304+0100] {logging_mixin.py:149} INFO - [2023-06-21T01:35:16.303+0100] {dag.py:2726} INFO - Sync 1 DAGs
[2023-06-21T01:35:16.344+0100] {logging_mixin.py:149} INFO - [2023-06-21T01:35:16.344+0100] {dag.py:3486} INFO - Setting next_dagrun for latest_only to 2023-06-20T20:35:16.343865+00:00, run_after=2023-06-21T00:35:16.343865+00:00
[2023-06-21T01:35:16.404+0100] {processor.py:179} INFO - Processing /home/opeyemi/.local/lib/python3.10/site-packages/airflow/example_dags/example_latest_only.py took 0.152 seconds
[2023-06-21T01:36:12.501+0100] {processor.py:157} INFO - Started process (PID=22723) to work on /home/opeyemi/.local/lib/python3.10/site-packages/airflow/example_dags/example_latest_only.py
[2023-06-21T01:36:12.507+0100] {processor.py:826} INFO - Processing file /home/opeyemi/.local/lib/python3.10/site-packages/airflow/example_dags/example_latest_only.py for tasks to queue
[2023-06-21T01:36:12.510+0100] {logging_mixin.py:149} INFO - [2023-06-21T01:36:12.509+0100] {dagbag.py:541} INFO - Filling up the DagBag from /home/opeyemi/.local/lib/python3.10/site-packages/airflow/example_dags/example_latest_only.py
[2023-06-21T01:36:12.521+0100] {processor.py:836} INFO - DAG(s) dict_keys(['latest_only']) retrieved from /home/opeyemi/.local/lib/python3.10/site-packages/airflow/example_dags/example_latest_only.py
[2023-06-21T01:36:12.563+0100] {logging_mixin.py:149} INFO - [2023-06-21T01:36:12.562+0100] {dag.py:2726} INFO - Sync 1 DAGs
[2023-06-21T01:36:12.602+0100] {logging_mixin.py:149} INFO - [2023-06-21T01:36:12.602+0100] {dag.py:3486} INFO - Setting next_dagrun for latest_only to 2023-06-20T20:36:12.601822+00:00, run_after=2023-06-21T00:36:12.601822+00:00
[2023-06-21T01:36:12.652+0100] {processor.py:179} INFO - Processing /home/opeyemi/.local/lib/python3.10/site-packages/airflow/example_dags/example_latest_only.py took 0.156 seconds
[2023-06-21T01:37:07.889+0100] {processor.py:157} INFO - Started process (PID=22784) to work on /home/opeyemi/.local/lib/python3.10/site-packages/airflow/example_dags/example_latest_only.py
[2023-06-21T01:37:07.892+0100] {processor.py:826} INFO - Processing file /home/opeyemi/.local/lib/python3.10/site-packages/airflow/example_dags/example_latest_only.py for tasks to queue
[2023-06-21T01:37:07.894+0100] {logging_mixin.py:149} INFO - [2023-06-21T01:37:07.894+0100] {dagbag.py:541} INFO - Filling up the DagBag from /home/opeyemi/.local/lib/python3.10/site-packages/airflow/example_dags/example_latest_only.py
[2023-06-21T01:37:07.911+0100] {processor.py:836} INFO - DAG(s) dict_keys(['latest_only']) retrieved from /home/opeyemi/.local/lib/python3.10/site-packages/airflow/example_dags/example_latest_only.py
[2023-06-21T01:37:07.961+0100] {logging_mixin.py:149} INFO - [2023-06-21T01:37:07.961+0100] {dag.py:2726} INFO - Sync 1 DAGs
[2023-06-21T01:37:08.007+0100] {logging_mixin.py:149} INFO - [2023-06-21T01:37:08.007+0100] {dag.py:3486} INFO - Setting next_dagrun for latest_only to 2023-06-20T20:37:08.006413+00:00, run_after=2023-06-21T00:37:08.006413+00:00
[2023-06-21T01:37:08.059+0100] {processor.py:179} INFO - Processing /home/opeyemi/.local/lib/python3.10/site-packages/airflow/example_dags/example_latest_only.py took 0.178 seconds
[2023-06-21T01:38:06.022+0100] {processor.py:157} INFO - Started process (PID=23130) to work on /home/opeyemi/.local/lib/python3.10/site-packages/airflow/example_dags/example_latest_only.py
[2023-06-21T01:38:06.036+0100] {processor.py:826} INFO - Processing file /home/opeyemi/.local/lib/python3.10/site-packages/airflow/example_dags/example_latest_only.py for tasks to queue
[2023-06-21T01:38:06.040+0100] {logging_mixin.py:149} INFO - [2023-06-21T01:38:06.039+0100] {dagbag.py:541} INFO - Filling up the DagBag from /home/opeyemi/.local/lib/python3.10/site-packages/airflow/example_dags/example_latest_only.py
[2023-06-21T01:38:06.065+0100] {processor.py:836} INFO - DAG(s) dict_keys(['latest_only']) retrieved from /home/opeyemi/.local/lib/python3.10/site-packages/airflow/example_dags/example_latest_only.py
[2023-06-21T01:38:06.097+0100] {logging_mixin.py:149} INFO - [2023-06-21T01:38:06.097+0100] {dag.py:2726} INFO - Sync 1 DAGs
[2023-06-21T01:38:06.126+0100] {logging_mixin.py:149} INFO - [2023-06-21T01:38:06.126+0100] {dag.py:3486} INFO - Setting next_dagrun for latest_only to 2023-06-20T20:38:06.126096+00:00, run_after=2023-06-21T00:38:06.126096+00:00
[2023-06-21T01:38:06.166+0100] {processor.py:179} INFO - Processing /home/opeyemi/.local/lib/python3.10/site-packages/airflow/example_dags/example_latest_only.py took 0.168 seconds
[2023-06-21T01:39:01.015+0100] {processor.py:157} INFO - Started process (PID=23288) to work on /home/opeyemi/.local/lib/python3.10/site-packages/airflow/example_dags/example_latest_only.py
[2023-06-21T01:39:01.025+0100] {processor.py:826} INFO - Processing file /home/opeyemi/.local/lib/python3.10/site-packages/airflow/example_dags/example_latest_only.py for tasks to queue
[2023-06-21T01:39:01.027+0100] {logging_mixin.py:149} INFO - [2023-06-21T01:39:01.026+0100] {dagbag.py:541} INFO - Filling up the DagBag from /home/opeyemi/.local/lib/python3.10/site-packages/airflow/example_dags/example_latest_only.py
[2023-06-21T01:39:01.056+0100] {processor.py:836} INFO - DAG(s) dict_keys(['latest_only']) retrieved from /home/opeyemi/.local/lib/python3.10/site-packages/airflow/example_dags/example_latest_only.py
[2023-06-21T01:39:01.149+0100] {logging_mixin.py:149} INFO - [2023-06-21T01:39:01.149+0100] {dag.py:2726} INFO - Sync 1 DAGs
[2023-06-21T01:39:01.241+0100] {logging_mixin.py:149} INFO - [2023-06-21T01:39:01.240+0100] {dag.py:3486} INFO - Setting next_dagrun for latest_only to 2023-06-20T20:39:01.239893+00:00, run_after=2023-06-21T00:39:01.239893+00:00
[2023-06-21T01:39:01.294+0100] {processor.py:179} INFO - Processing /home/opeyemi/.local/lib/python3.10/site-packages/airflow/example_dags/example_latest_only.py took 0.289 seconds
[2023-06-21T01:39:54.491+0100] {processor.py:157} INFO - Started process (PID=23344) to work on /home/opeyemi/.local/lib/python3.10/site-packages/airflow/example_dags/example_latest_only.py
[2023-06-21T01:39:54.495+0100] {processor.py:826} INFO - Processing file /home/opeyemi/.local/lib/python3.10/site-packages/airflow/example_dags/example_latest_only.py for tasks to queue
[2023-06-21T01:39:54.497+0100] {logging_mixin.py:149} INFO - [2023-06-21T01:39:54.496+0100] {dagbag.py:541} INFO - Filling up the DagBag from /home/opeyemi/.local/lib/python3.10/site-packages/airflow/example_dags/example_latest_only.py
[2023-06-21T01:39:54.515+0100] {processor.py:836} INFO - DAG(s) dict_keys(['latest_only']) retrieved from /home/opeyemi/.local/lib/python3.10/site-packages/airflow/example_dags/example_latest_only.py
[2023-06-21T01:39:54.573+0100] {logging_mixin.py:149} INFO - [2023-06-21T01:39:54.572+0100] {dag.py:2726} INFO - Sync 1 DAGs
[2023-06-21T01:39:54.603+0100] {logging_mixin.py:149} INFO - [2023-06-21T01:39:54.602+0100] {dag.py:3486} INFO - Setting next_dagrun for latest_only to 2023-06-20T20:39:54.602489+00:00, run_after=2023-06-21T00:39:54.602489+00:00
[2023-06-21T01:39:54.645+0100] {processor.py:179} INFO - Processing /home/opeyemi/.local/lib/python3.10/site-packages/airflow/example_dags/example_latest_only.py took 0.164 seconds
[2023-06-21T01:40:44.782+0100] {processor.py:157} INFO - Started process (PID=23394) to work on /home/opeyemi/.local/lib/python3.10/site-packages/airflow/example_dags/example_latest_only.py
[2023-06-21T01:40:44.795+0100] {processor.py:826} INFO - Processing file /home/opeyemi/.local/lib/python3.10/site-packages/airflow/example_dags/example_latest_only.py for tasks to queue
[2023-06-21T01:40:44.799+0100] {logging_mixin.py:149} INFO - [2023-06-21T01:40:44.798+0100] {dagbag.py:541} INFO - Filling up the DagBag from /home/opeyemi/.local/lib/python3.10/site-packages/airflow/example_dags/example_latest_only.py
[2023-06-21T01:40:44.835+0100] {processor.py:836} INFO - DAG(s) dict_keys(['latest_only']) retrieved from /home/opeyemi/.local/lib/python3.10/site-packages/airflow/example_dags/example_latest_only.py
[2023-06-21T01:40:44.891+0100] {logging_mixin.py:149} INFO - [2023-06-21T01:40:44.891+0100] {dag.py:2726} INFO - Sync 1 DAGs
[2023-06-21T01:40:44.915+0100] {logging_mixin.py:149} INFO - [2023-06-21T01:40:44.915+0100] {dag.py:3486} INFO - Setting next_dagrun for latest_only to 2023-06-20T20:40:44.915384+00:00, run_after=2023-06-21T00:40:44.915384+00:00
[2023-06-21T01:40:44.948+0100] {processor.py:179} INFO - Processing /home/opeyemi/.local/lib/python3.10/site-packages/airflow/example_dags/example_latest_only.py took 0.183 seconds
