[2023-06-21T01:00:30.070+0100] {processor.py:157} INFO - Started process (PID=20539) to work on /home/opeyemi/.local/lib/python3.10/site-packages/airflow/example_dags/example_xcom.py
[2023-06-21T01:00:30.071+0100] {processor.py:826} INFO - Processing file /home/opeyemi/.local/lib/python3.10/site-packages/airflow/example_dags/example_xcom.py for tasks to queue
[2023-06-21T01:00:30.074+0100] {logging_mixin.py:149} INFO - [2023-06-21T01:00:30.074+0100] {dagbag.py:541} INFO - Filling up the DagBag from /home/opeyemi/.local/lib/python3.10/site-packages/airflow/example_dags/example_xcom.py
[2023-06-21T01:00:30.085+0100] {processor.py:836} INFO - DAG(s) dict_keys(['example_xcom']) retrieved from /home/opeyemi/.local/lib/python3.10/site-packages/airflow/example_dags/example_xcom.py
[2023-06-21T01:00:30.136+0100] {logging_mixin.py:149} INFO - [2023-06-21T01:00:30.135+0100] {dag.py:2726} INFO - Sync 1 DAGs
[2023-06-21T01:00:30.163+0100] {logging_mixin.py:149} INFO - [2023-06-21T01:00:30.163+0100] {dag.py:3486} INFO - Setting next_dagrun for example_xcom to 2021-01-01T00:00:00+00:00, run_after=2021-01-01T00:00:00+00:00
[2023-06-21T01:00:30.513+0100] {processor.py:179} INFO - Processing /home/opeyemi/.local/lib/python3.10/site-packages/airflow/example_dags/example_xcom.py took 0.448 seconds
[2023-06-21T01:01:40.149+0100] {processor.py:157} INFO - Started process (PID=20579) to work on /home/opeyemi/.local/lib/python3.10/site-packages/airflow/example_dags/example_xcom.py
[2023-06-21T01:01:40.191+0100] {processor.py:826} INFO - Processing file /home/opeyemi/.local/lib/python3.10/site-packages/airflow/example_dags/example_xcom.py for tasks to queue
[2023-06-21T01:01:40.196+0100] {logging_mixin.py:149} INFO - [2023-06-21T01:01:40.195+0100] {dagbag.py:541} INFO - Filling up the DagBag from /home/opeyemi/.local/lib/python3.10/site-packages/airflow/example_dags/example_xcom.py
[2023-06-21T01:01:40.252+0100] {processor.py:836} INFO - DAG(s) dict_keys(['example_xcom']) retrieved from /home/opeyemi/.local/lib/python3.10/site-packages/airflow/example_dags/example_xcom.py
[2023-06-21T01:01:40.383+0100] {logging_mixin.py:149} INFO - [2023-06-21T01:01:40.382+0100] {dag.py:2726} INFO - Sync 1 DAGs
[2023-06-21T01:01:40.412+0100] {logging_mixin.py:149} INFO - [2023-06-21T01:01:40.412+0100] {dag.py:3486} INFO - Setting next_dagrun for example_xcom to 2021-01-01T00:00:00+00:00, run_after=2021-01-01T00:00:00+00:00
[2023-06-21T01:01:40.466+0100] {processor.py:179} INFO - Processing /home/opeyemi/.local/lib/python3.10/site-packages/airflow/example_dags/example_xcom.py took 0.332 seconds
[2023-06-21T01:02:47.894+0100] {processor.py:157} INFO - Started process (PID=20617) to work on /home/opeyemi/.local/lib/python3.10/site-packages/airflow/example_dags/example_xcom.py
[2023-06-21T01:02:47.976+0100] {processor.py:826} INFO - Processing file /home/opeyemi/.local/lib/python3.10/site-packages/airflow/example_dags/example_xcom.py for tasks to queue
[2023-06-21T01:02:47.979+0100] {logging_mixin.py:149} INFO - [2023-06-21T01:02:47.978+0100] {dagbag.py:541} INFO - Filling up the DagBag from /home/opeyemi/.local/lib/python3.10/site-packages/airflow/example_dags/example_xcom.py
[2023-06-21T01:02:48.005+0100] {processor.py:836} INFO - DAG(s) dict_keys(['example_xcom']) retrieved from /home/opeyemi/.local/lib/python3.10/site-packages/airflow/example_dags/example_xcom.py
[2023-06-21T01:02:48.080+0100] {logging_mixin.py:149} INFO - [2023-06-21T01:02:48.080+0100] {dag.py:2726} INFO - Sync 1 DAGs
[2023-06-21T01:02:48.139+0100] {logging_mixin.py:149} INFO - [2023-06-21T01:02:48.139+0100] {dag.py:3486} INFO - Setting next_dagrun for example_xcom to 2021-01-01T00:00:00+00:00, run_after=2021-01-01T00:00:00+00:00
[2023-06-21T01:02:48.487+0100] {processor.py:179} INFO - Processing /home/opeyemi/.local/lib/python3.10/site-packages/airflow/example_dags/example_xcom.py took 0.598 seconds
[2023-06-21T01:04:02.355+0100] {processor.py:157} INFO - Started process (PID=20659) to work on /home/opeyemi/.local/lib/python3.10/site-packages/airflow/example_dags/example_xcom.py
[2023-06-21T01:04:02.358+0100] {processor.py:826} INFO - Processing file /home/opeyemi/.local/lib/python3.10/site-packages/airflow/example_dags/example_xcom.py for tasks to queue
[2023-06-21T01:04:02.367+0100] {logging_mixin.py:149} INFO - [2023-06-21T01:04:02.367+0100] {dagbag.py:541} INFO - Filling up the DagBag from /home/opeyemi/.local/lib/python3.10/site-packages/airflow/example_dags/example_xcom.py
[2023-06-21T01:04:02.399+0100] {processor.py:836} INFO - DAG(s) dict_keys(['example_xcom']) retrieved from /home/opeyemi/.local/lib/python3.10/site-packages/airflow/example_dags/example_xcom.py
[2023-06-21T01:04:02.496+0100] {logging_mixin.py:149} INFO - [2023-06-21T01:04:02.496+0100] {dag.py:2726} INFO - Sync 1 DAGs
[2023-06-21T01:04:02.593+0100] {logging_mixin.py:149} INFO - [2023-06-21T01:04:02.593+0100] {dag.py:3486} INFO - Setting next_dagrun for example_xcom to 2021-01-01T00:00:00+00:00, run_after=2021-01-01T00:00:00+00:00
[2023-06-21T01:04:02.901+0100] {processor.py:179} INFO - Processing /home/opeyemi/.local/lib/python3.10/site-packages/airflow/example_dags/example_xcom.py took 0.560 seconds
[2023-06-21T01:05:30.644+0100] {processor.py:157} INFO - Started process (PID=20695) to work on /home/opeyemi/.local/lib/python3.10/site-packages/airflow/example_dags/example_xcom.py
[2023-06-21T01:05:30.727+0100] {processor.py:826} INFO - Processing file /home/opeyemi/.local/lib/python3.10/site-packages/airflow/example_dags/example_xcom.py for tasks to queue
[2023-06-21T01:05:30.730+0100] {logging_mixin.py:149} INFO - [2023-06-21T01:05:30.729+0100] {dagbag.py:541} INFO - Filling up the DagBag from /home/opeyemi/.local/lib/python3.10/site-packages/airflow/example_dags/example_xcom.py
[2023-06-21T01:05:30.767+0100] {processor.py:836} INFO - DAG(s) dict_keys(['example_xcom']) retrieved from /home/opeyemi/.local/lib/python3.10/site-packages/airflow/example_dags/example_xcom.py
[2023-06-21T01:05:30.857+0100] {logging_mixin.py:149} INFO - [2023-06-21T01:05:30.857+0100] {dag.py:2726} INFO - Sync 1 DAGs
[2023-06-21T01:05:30.973+0100] {logging_mixin.py:149} INFO - [2023-06-21T01:05:30.972+0100] {dag.py:3486} INFO - Setting next_dagrun for example_xcom to 2021-01-01T00:00:00+00:00, run_after=2021-01-01T00:00:00+00:00
[2023-06-21T01:05:31.074+0100] {processor.py:179} INFO - Processing /home/opeyemi/.local/lib/python3.10/site-packages/airflow/example_dags/example_xcom.py took 0.445 seconds
[2023-06-21T01:06:30.986+0100] {processor.py:157} INFO - Started process (PID=20730) to work on /home/opeyemi/.local/lib/python3.10/site-packages/airflow/example_dags/example_xcom.py
[2023-06-21T01:06:31.016+0100] {processor.py:826} INFO - Processing file /home/opeyemi/.local/lib/python3.10/site-packages/airflow/example_dags/example_xcom.py for tasks to queue
[2023-06-21T01:06:31.017+0100] {logging_mixin.py:149} INFO - [2023-06-21T01:06:31.017+0100] {dagbag.py:541} INFO - Filling up the DagBag from /home/opeyemi/.local/lib/python3.10/site-packages/airflow/example_dags/example_xcom.py
[2023-06-21T01:06:31.051+0100] {processor.py:836} INFO - DAG(s) dict_keys(['example_xcom']) retrieved from /home/opeyemi/.local/lib/python3.10/site-packages/airflow/example_dags/example_xcom.py
[2023-06-21T01:06:31.080+0100] {logging_mixin.py:149} INFO - [2023-06-21T01:06:31.080+0100] {dag.py:2726} INFO - Sync 1 DAGs
[2023-06-21T01:06:31.113+0100] {logging_mixin.py:149} INFO - [2023-06-21T01:06:31.112+0100] {dag.py:3486} INFO - Setting next_dagrun for example_xcom to 2021-01-01T00:00:00+00:00, run_after=2021-01-01T00:00:00+00:00
[2023-06-21T01:06:31.541+0100] {processor.py:179} INFO - Processing /home/opeyemi/.local/lib/python3.10/site-packages/airflow/example_dags/example_xcom.py took 0.590 seconds
[2023-06-21T01:07:52.724+0100] {processor.py:157} INFO - Started process (PID=20763) to work on /home/opeyemi/.local/lib/python3.10/site-packages/airflow/example_dags/example_xcom.py
[2023-06-21T01:07:52.744+0100] {processor.py:826} INFO - Processing file /home/opeyemi/.local/lib/python3.10/site-packages/airflow/example_dags/example_xcom.py for tasks to queue
[2023-06-21T01:07:52.745+0100] {logging_mixin.py:149} INFO - [2023-06-21T01:07:52.745+0100] {dagbag.py:541} INFO - Filling up the DagBag from /home/opeyemi/.local/lib/python3.10/site-packages/airflow/example_dags/example_xcom.py
[2023-06-21T01:07:52.769+0100] {processor.py:836} INFO - DAG(s) dict_keys(['example_xcom']) retrieved from /home/opeyemi/.local/lib/python3.10/site-packages/airflow/example_dags/example_xcom.py
[2023-06-21T01:07:52.856+0100] {logging_mixin.py:149} INFO - [2023-06-21T01:07:52.856+0100] {dag.py:2726} INFO - Sync 1 DAGs
[2023-06-21T01:07:52.893+0100] {logging_mixin.py:149} INFO - [2023-06-21T01:07:52.892+0100] {dag.py:3486} INFO - Setting next_dagrun for example_xcom to 2021-01-01T00:00:00+00:00, run_after=2021-01-01T00:00:00+00:00
[2023-06-21T01:07:53.184+0100] {processor.py:179} INFO - Processing /home/opeyemi/.local/lib/python3.10/site-packages/airflow/example_dags/example_xcom.py took 0.466 seconds
[2023-06-21T01:08:43.690+0100] {processor.py:157} INFO - Started process (PID=20815) to work on /home/opeyemi/.local/lib/python3.10/site-packages/airflow/example_dags/example_xcom.py
[2023-06-21T01:08:43.744+0100] {processor.py:826} INFO - Processing file /home/opeyemi/.local/lib/python3.10/site-packages/airflow/example_dags/example_xcom.py for tasks to queue
[2023-06-21T01:08:43.747+0100] {logging_mixin.py:149} INFO - [2023-06-21T01:08:43.747+0100] {dagbag.py:541} INFO - Filling up the DagBag from /home/opeyemi/.local/lib/python3.10/site-packages/airflow/example_dags/example_xcom.py
[2023-06-21T01:08:43.852+0100] {processor.py:836} INFO - DAG(s) dict_keys(['example_xcom']) retrieved from /home/opeyemi/.local/lib/python3.10/site-packages/airflow/example_dags/example_xcom.py
[2023-06-21T01:08:43.929+0100] {logging_mixin.py:149} INFO - [2023-06-21T01:08:43.929+0100] {dag.py:2726} INFO - Sync 1 DAGs
[2023-06-21T01:08:43.984+0100] {logging_mixin.py:149} INFO - [2023-06-21T01:08:43.984+0100] {dag.py:3486} INFO - Setting next_dagrun for example_xcom to 2021-01-01T00:00:00+00:00, run_after=2021-01-01T00:00:00+00:00
[2023-06-21T01:08:44.133+0100] {processor.py:179} INFO - Processing /home/opeyemi/.local/lib/python3.10/site-packages/airflow/example_dags/example_xcom.py took 0.457 seconds
[2023-06-21T01:09:41.566+0100] {processor.py:157} INFO - Started process (PID=20842) to work on /home/opeyemi/.local/lib/python3.10/site-packages/airflow/example_dags/example_xcom.py
[2023-06-21T01:09:41.609+0100] {processor.py:826} INFO - Processing file /home/opeyemi/.local/lib/python3.10/site-packages/airflow/example_dags/example_xcom.py for tasks to queue
[2023-06-21T01:09:41.611+0100] {logging_mixin.py:149} INFO - [2023-06-21T01:09:41.610+0100] {dagbag.py:541} INFO - Filling up the DagBag from /home/opeyemi/.local/lib/python3.10/site-packages/airflow/example_dags/example_xcom.py
[2023-06-21T01:09:41.636+0100] {processor.py:836} INFO - DAG(s) dict_keys(['example_xcom']) retrieved from /home/opeyemi/.local/lib/python3.10/site-packages/airflow/example_dags/example_xcom.py
[2023-06-21T01:09:41.713+0100] {logging_mixin.py:149} INFO - [2023-06-21T01:09:41.713+0100] {dag.py:2726} INFO - Sync 1 DAGs
[2023-06-21T01:09:41.773+0100] {logging_mixin.py:149} INFO - [2023-06-21T01:09:41.773+0100] {dag.py:3486} INFO - Setting next_dagrun for example_xcom to 2021-01-01T00:00:00+00:00, run_after=2021-01-01T00:00:00+00:00
[2023-06-21T01:09:42.160+0100] {processor.py:179} INFO - Processing /home/opeyemi/.local/lib/python3.10/site-packages/airflow/example_dags/example_xcom.py took 0.604 seconds
[2023-06-21T01:10:36.377+0100] {processor.py:157} INFO - Started process (PID=20882) to work on /home/opeyemi/.local/lib/python3.10/site-packages/airflow/example_dags/example_xcom.py
[2023-06-21T01:10:36.432+0100] {processor.py:826} INFO - Processing file /home/opeyemi/.local/lib/python3.10/site-packages/airflow/example_dags/example_xcom.py for tasks to queue
[2023-06-21T01:10:36.434+0100] {logging_mixin.py:149} INFO - [2023-06-21T01:10:36.434+0100] {dagbag.py:541} INFO - Filling up the DagBag from /home/opeyemi/.local/lib/python3.10/site-packages/airflow/example_dags/example_xcom.py
[2023-06-21T01:10:36.457+0100] {processor.py:836} INFO - DAG(s) dict_keys(['example_xcom']) retrieved from /home/opeyemi/.local/lib/python3.10/site-packages/airflow/example_dags/example_xcom.py
[2023-06-21T01:10:36.524+0100] {logging_mixin.py:149} INFO - [2023-06-21T01:10:36.524+0100] {dag.py:2726} INFO - Sync 1 DAGs
[2023-06-21T01:10:36.585+0100] {logging_mixin.py:149} INFO - [2023-06-21T01:10:36.584+0100] {dag.py:3486} INFO - Setting next_dagrun for example_xcom to 2021-01-01T00:00:00+00:00, run_after=2021-01-01T00:00:00+00:00
[2023-06-21T01:10:36.974+0100] {processor.py:179} INFO - Processing /home/opeyemi/.local/lib/python3.10/site-packages/airflow/example_dags/example_xcom.py took 0.614 seconds
[2023-06-21T01:11:39.380+0100] {processor.py:157} INFO - Started process (PID=20914) to work on /home/opeyemi/.local/lib/python3.10/site-packages/airflow/example_dags/example_xcom.py
[2023-06-21T01:11:39.395+0100] {processor.py:826} INFO - Processing file /home/opeyemi/.local/lib/python3.10/site-packages/airflow/example_dags/example_xcom.py for tasks to queue
[2023-06-21T01:11:39.396+0100] {logging_mixin.py:149} INFO - [2023-06-21T01:11:39.396+0100] {dagbag.py:541} INFO - Filling up the DagBag from /home/opeyemi/.local/lib/python3.10/site-packages/airflow/example_dags/example_xcom.py
[2023-06-21T01:11:39.409+0100] {processor.py:836} INFO - DAG(s) dict_keys(['example_xcom']) retrieved from /home/opeyemi/.local/lib/python3.10/site-packages/airflow/example_dags/example_xcom.py
[2023-06-21T01:11:39.450+0100] {logging_mixin.py:149} INFO - [2023-06-21T01:11:39.450+0100] {dag.py:2726} INFO - Sync 1 DAGs
[2023-06-21T01:11:39.471+0100] {logging_mixin.py:149} INFO - [2023-06-21T01:11:39.471+0100] {dag.py:3486} INFO - Setting next_dagrun for example_xcom to 2021-01-01T00:00:00+00:00, run_after=2021-01-01T00:00:00+00:00
[2023-06-21T01:11:39.558+0100] {processor.py:179} INFO - Processing /home/opeyemi/.local/lib/python3.10/site-packages/airflow/example_dags/example_xcom.py took 0.183 seconds
[2023-06-21T01:13:02.030+0100] {processor.py:157} INFO - Started process (PID=20969) to work on /home/opeyemi/.local/lib/python3.10/site-packages/airflow/example_dags/example_xcom.py
[2023-06-21T01:13:02.144+0100] {processor.py:826} INFO - Processing file /home/opeyemi/.local/lib/python3.10/site-packages/airflow/example_dags/example_xcom.py for tasks to queue
[2023-06-21T01:13:02.148+0100] {logging_mixin.py:149} INFO - [2023-06-21T01:13:02.148+0100] {dagbag.py:541} INFO - Filling up the DagBag from /home/opeyemi/.local/lib/python3.10/site-packages/airflow/example_dags/example_xcom.py
[2023-06-21T01:13:02.206+0100] {processor.py:836} INFO - DAG(s) dict_keys(['example_xcom']) retrieved from /home/opeyemi/.local/lib/python3.10/site-packages/airflow/example_dags/example_xcom.py
[2023-06-21T01:13:02.287+0100] {logging_mixin.py:149} INFO - [2023-06-21T01:13:02.287+0100] {dag.py:2726} INFO - Sync 1 DAGs
[2023-06-21T01:13:02.320+0100] {logging_mixin.py:149} INFO - [2023-06-21T01:13:02.320+0100] {dag.py:3486} INFO - Setting next_dagrun for example_xcom to 2021-01-01T00:00:00+00:00, run_after=2021-01-01T00:00:00+00:00
[2023-06-21T01:13:02.467+0100] {processor.py:179} INFO - Processing /home/opeyemi/.local/lib/python3.10/site-packages/airflow/example_dags/example_xcom.py took 0.468 seconds
[2023-06-21T01:14:23.193+0100] {processor.py:157} INFO - Started process (PID=21006) to work on /home/opeyemi/.local/lib/python3.10/site-packages/airflow/example_dags/example_xcom.py
[2023-06-21T01:14:23.282+0100] {processor.py:826} INFO - Processing file /home/opeyemi/.local/lib/python3.10/site-packages/airflow/example_dags/example_xcom.py for tasks to queue
[2023-06-21T01:14:23.284+0100] {logging_mixin.py:149} INFO - [2023-06-21T01:14:23.283+0100] {dagbag.py:541} INFO - Filling up the DagBag from /home/opeyemi/.local/lib/python3.10/site-packages/airflow/example_dags/example_xcom.py
[2023-06-21T01:14:23.307+0100] {processor.py:836} INFO - DAG(s) dict_keys(['example_xcom']) retrieved from /home/opeyemi/.local/lib/python3.10/site-packages/airflow/example_dags/example_xcom.py
[2023-06-21T01:14:23.405+0100] {logging_mixin.py:149} INFO - [2023-06-21T01:14:23.404+0100] {dag.py:2726} INFO - Sync 1 DAGs
[2023-06-21T01:14:23.506+0100] {logging_mixin.py:149} INFO - [2023-06-21T01:14:23.505+0100] {dag.py:3486} INFO - Setting next_dagrun for example_xcom to 2021-01-01T00:00:00+00:00, run_after=2021-01-01T00:00:00+00:00
[2023-06-21T01:14:23.721+0100] {processor.py:179} INFO - Processing /home/opeyemi/.local/lib/python3.10/site-packages/airflow/example_dags/example_xcom.py took 0.534 seconds
[2023-06-21T01:15:21.779+0100] {processor.py:157} INFO - Started process (PID=21037) to work on /home/opeyemi/.local/lib/python3.10/site-packages/airflow/example_dags/example_xcom.py
[2023-06-21T01:15:21.783+0100] {processor.py:826} INFO - Processing file /home/opeyemi/.local/lib/python3.10/site-packages/airflow/example_dags/example_xcom.py for tasks to queue
[2023-06-21T01:15:21.788+0100] {logging_mixin.py:149} INFO - [2023-06-21T01:15:21.787+0100] {dagbag.py:541} INFO - Filling up the DagBag from /home/opeyemi/.local/lib/python3.10/site-packages/airflow/example_dags/example_xcom.py
[2023-06-21T01:15:21.813+0100] {processor.py:836} INFO - DAG(s) dict_keys(['example_xcom']) retrieved from /home/opeyemi/.local/lib/python3.10/site-packages/airflow/example_dags/example_xcom.py
[2023-06-21T01:15:21.867+0100] {logging_mixin.py:149} INFO - [2023-06-21T01:15:21.866+0100] {dag.py:2726} INFO - Sync 1 DAGs
[2023-06-21T01:15:21.929+0100] {logging_mixin.py:149} INFO - [2023-06-21T01:15:21.929+0100] {dag.py:3486} INFO - Setting next_dagrun for example_xcom to 2021-01-01T00:00:00+00:00, run_after=2021-01-01T00:00:00+00:00
[2023-06-21T01:15:22.188+0100] {processor.py:179} INFO - Processing /home/opeyemi/.local/lib/python3.10/site-packages/airflow/example_dags/example_xcom.py took 0.426 seconds
[2023-06-21T01:16:53.493+0100] {processor.py:157} INFO - Started process (PID=21080) to work on /home/opeyemi/.local/lib/python3.10/site-packages/airflow/example_dags/example_xcom.py
[2023-06-21T01:16:53.591+0100] {processor.py:826} INFO - Processing file /home/opeyemi/.local/lib/python3.10/site-packages/airflow/example_dags/example_xcom.py for tasks to queue
[2023-06-21T01:16:53.592+0100] {logging_mixin.py:149} INFO - [2023-06-21T01:16:53.592+0100] {dagbag.py:541} INFO - Filling up the DagBag from /home/opeyemi/.local/lib/python3.10/site-packages/airflow/example_dags/example_xcom.py
[2023-06-21T01:16:53.606+0100] {processor.py:836} INFO - DAG(s) dict_keys(['example_xcom']) retrieved from /home/opeyemi/.local/lib/python3.10/site-packages/airflow/example_dags/example_xcom.py
[2023-06-21T01:16:53.665+0100] {logging_mixin.py:149} INFO - [2023-06-21T01:16:53.665+0100] {dag.py:2726} INFO - Sync 1 DAGs
[2023-06-21T01:16:53.709+0100] {logging_mixin.py:149} INFO - [2023-06-21T01:16:53.709+0100] {dag.py:3486} INFO - Setting next_dagrun for example_xcom to 2021-01-01T00:00:00+00:00, run_after=2021-01-01T00:00:00+00:00
[2023-06-21T01:16:53.942+0100] {processor.py:179} INFO - Processing /home/opeyemi/.local/lib/python3.10/site-packages/airflow/example_dags/example_xcom.py took 0.464 seconds
[2023-06-21T01:17:34.483+0100] {processor.py:157} INFO - Started process (PID=21111) to work on /home/opeyemi/.local/lib/python3.10/site-packages/airflow/example_dags/example_xcom.py
[2023-06-21T01:17:34.596+0100] {processor.py:826} INFO - Processing file /home/opeyemi/.local/lib/python3.10/site-packages/airflow/example_dags/example_xcom.py for tasks to queue
[2023-06-21T01:17:34.598+0100] {logging_mixin.py:149} INFO - [2023-06-21T01:17:34.597+0100] {dagbag.py:541} INFO - Filling up the DagBag from /home/opeyemi/.local/lib/python3.10/site-packages/airflow/example_dags/example_xcom.py
[2023-06-21T01:17:34.622+0100] {processor.py:836} INFO - DAG(s) dict_keys(['example_xcom']) retrieved from /home/opeyemi/.local/lib/python3.10/site-packages/airflow/example_dags/example_xcom.py
[2023-06-21T01:17:34.692+0100] {logging_mixin.py:149} INFO - [2023-06-21T01:17:34.692+0100] {dag.py:2726} INFO - Sync 1 DAGs
[2023-06-21T01:17:34.759+0100] {logging_mixin.py:149} INFO - [2023-06-21T01:17:34.758+0100] {dag.py:3486} INFO - Setting next_dagrun for example_xcom to 2021-01-01T00:00:00+00:00, run_after=2021-01-01T00:00:00+00:00
[2023-06-21T01:17:35.029+0100] {processor.py:179} INFO - Processing /home/opeyemi/.local/lib/python3.10/site-packages/airflow/example_dags/example_xcom.py took 0.563 seconds
[2023-06-21T01:18:49.072+0100] {processor.py:157} INFO - Started process (PID=21168) to work on /home/opeyemi/.local/lib/python3.10/site-packages/airflow/example_dags/example_xcom.py
[2023-06-21T01:18:49.141+0100] {processor.py:826} INFO - Processing file /home/opeyemi/.local/lib/python3.10/site-packages/airflow/example_dags/example_xcom.py for tasks to queue
[2023-06-21T01:18:49.145+0100] {logging_mixin.py:149} INFO - [2023-06-21T01:18:49.144+0100] {dagbag.py:541} INFO - Filling up the DagBag from /home/opeyemi/.local/lib/python3.10/site-packages/airflow/example_dags/example_xcom.py
[2023-06-21T01:18:49.190+0100] {processor.py:836} INFO - DAG(s) dict_keys(['example_xcom']) retrieved from /home/opeyemi/.local/lib/python3.10/site-packages/airflow/example_dags/example_xcom.py
[2023-06-21T01:18:49.276+0100] {logging_mixin.py:149} INFO - [2023-06-21T01:18:49.276+0100] {dag.py:2726} INFO - Sync 1 DAGs
[2023-06-21T01:18:49.334+0100] {logging_mixin.py:149} INFO - [2023-06-21T01:18:49.334+0100] {dag.py:3486} INFO - Setting next_dagrun for example_xcom to 2021-01-01T00:00:00+00:00, run_after=2021-01-01T00:00:00+00:00
[2023-06-21T01:18:49.519+0100] {processor.py:179} INFO - Processing /home/opeyemi/.local/lib/python3.10/site-packages/airflow/example_dags/example_xcom.py took 0.475 seconds
[2023-06-21T01:19:26.937+0100] {processor.py:157} INFO - Started process (PID=21198) to work on /home/opeyemi/.local/lib/python3.10/site-packages/airflow/example_dags/example_xcom.py
[2023-06-21T01:19:26.941+0100] {processor.py:826} INFO - Processing file /home/opeyemi/.local/lib/python3.10/site-packages/airflow/example_dags/example_xcom.py for tasks to queue
[2023-06-21T01:19:26.942+0100] {logging_mixin.py:149} INFO - [2023-06-21T01:19:26.941+0100] {dagbag.py:541} INFO - Filling up the DagBag from /home/opeyemi/.local/lib/python3.10/site-packages/airflow/example_dags/example_xcom.py
[2023-06-21T01:19:26.964+0100] {processor.py:836} INFO - DAG(s) dict_keys(['example_xcom']) retrieved from /home/opeyemi/.local/lib/python3.10/site-packages/airflow/example_dags/example_xcom.py
[2023-06-21T01:19:27.028+0100] {logging_mixin.py:149} INFO - [2023-06-21T01:19:27.028+0100] {dag.py:2726} INFO - Sync 1 DAGs
[2023-06-21T01:19:27.092+0100] {logging_mixin.py:149} INFO - [2023-06-21T01:19:27.091+0100] {dag.py:3486} INFO - Setting next_dagrun for example_xcom to 2021-01-01T00:00:00+00:00, run_after=2021-01-01T00:00:00+00:00
[2023-06-21T01:19:27.221+0100] {processor.py:179} INFO - Processing /home/opeyemi/.local/lib/python3.10/site-packages/airflow/example_dags/example_xcom.py took 0.290 seconds
[2023-06-21T01:20:04.878+0100] {processor.py:157} INFO - Started process (PID=21227) to work on /home/opeyemi/.local/lib/python3.10/site-packages/airflow/example_dags/example_xcom.py
[2023-06-21T01:20:05.030+0100] {processor.py:826} INFO - Processing file /home/opeyemi/.local/lib/python3.10/site-packages/airflow/example_dags/example_xcom.py for tasks to queue
[2023-06-21T01:20:05.034+0100] {logging_mixin.py:149} INFO - [2023-06-21T01:20:05.033+0100] {dagbag.py:541} INFO - Filling up the DagBag from /home/opeyemi/.local/lib/python3.10/site-packages/airflow/example_dags/example_xcom.py
[2023-06-21T01:20:05.089+0100] {processor.py:836} INFO - DAG(s) dict_keys(['example_xcom']) retrieved from /home/opeyemi/.local/lib/python3.10/site-packages/airflow/example_dags/example_xcom.py
[2023-06-21T01:20:05.155+0100] {logging_mixin.py:149} INFO - [2023-06-21T01:20:05.155+0100] {dag.py:2726} INFO - Sync 1 DAGs
[2023-06-21T01:20:05.234+0100] {logging_mixin.py:149} INFO - [2023-06-21T01:20:05.233+0100] {dag.py:3486} INFO - Setting next_dagrun for example_xcom to 2021-01-01T00:00:00+00:00, run_after=2021-01-01T00:00:00+00:00
[2023-06-21T01:20:05.429+0100] {processor.py:179} INFO - Processing /home/opeyemi/.local/lib/python3.10/site-packages/airflow/example_dags/example_xcom.py took 0.584 seconds
[2023-06-21T01:21:20.126+0100] {processor.py:157} INFO - Started process (PID=21256) to work on /home/opeyemi/.local/lib/python3.10/site-packages/airflow/example_dags/example_xcom.py
[2023-06-21T01:21:20.129+0100] {processor.py:826} INFO - Processing file /home/opeyemi/.local/lib/python3.10/site-packages/airflow/example_dags/example_xcom.py for tasks to queue
[2023-06-21T01:21:20.131+0100] {logging_mixin.py:149} INFO - [2023-06-21T01:21:20.130+0100] {dagbag.py:541} INFO - Filling up the DagBag from /home/opeyemi/.local/lib/python3.10/site-packages/airflow/example_dags/example_xcom.py
[2023-06-21T01:21:20.158+0100] {processor.py:836} INFO - DAG(s) dict_keys(['example_xcom']) retrieved from /home/opeyemi/.local/lib/python3.10/site-packages/airflow/example_dags/example_xcom.py
[2023-06-21T01:21:20.216+0100] {logging_mixin.py:149} INFO - [2023-06-21T01:21:20.215+0100] {dag.py:2726} INFO - Sync 1 DAGs
[2023-06-21T01:21:20.269+0100] {logging_mixin.py:149} INFO - [2023-06-21T01:21:20.269+0100] {dag.py:3486} INFO - Setting next_dagrun for example_xcom to 2021-01-01T00:00:00+00:00, run_after=2021-01-01T00:00:00+00:00
[2023-06-21T01:21:20.520+0100] {processor.py:179} INFO - Processing /home/opeyemi/.local/lib/python3.10/site-packages/airflow/example_dags/example_xcom.py took 0.405 seconds
[2023-06-21T01:22:38.618+0100] {processor.py:157} INFO - Started process (PID=21301) to work on /home/opeyemi/.local/lib/python3.10/site-packages/airflow/example_dags/example_xcom.py
[2023-06-21T01:22:38.685+0100] {processor.py:826} INFO - Processing file /home/opeyemi/.local/lib/python3.10/site-packages/airflow/example_dags/example_xcom.py for tasks to queue
[2023-06-21T01:22:38.686+0100] {logging_mixin.py:149} INFO - [2023-06-21T01:22:38.686+0100] {dagbag.py:541} INFO - Filling up the DagBag from /home/opeyemi/.local/lib/python3.10/site-packages/airflow/example_dags/example_xcom.py
[2023-06-21T01:22:38.711+0100] {processor.py:836} INFO - DAG(s) dict_keys(['example_xcom']) retrieved from /home/opeyemi/.local/lib/python3.10/site-packages/airflow/example_dags/example_xcom.py
[2023-06-21T01:22:38.770+0100] {logging_mixin.py:149} INFO - [2023-06-21T01:22:38.770+0100] {dag.py:2726} INFO - Sync 1 DAGs
[2023-06-21T01:22:38.822+0100] {logging_mixin.py:149} INFO - [2023-06-21T01:22:38.822+0100] {dag.py:3486} INFO - Setting next_dagrun for example_xcom to 2021-01-01T00:00:00+00:00, run_after=2021-01-01T00:00:00+00:00
[2023-06-21T01:22:38.907+0100] {processor.py:179} INFO - Processing /home/opeyemi/.local/lib/python3.10/site-packages/airflow/example_dags/example_xcom.py took 0.296 seconds
[2023-06-21T01:23:20.864+0100] {processor.py:157} INFO - Started process (PID=21335) to work on /home/opeyemi/.local/lib/python3.10/site-packages/airflow/example_dags/example_xcom.py
[2023-06-21T01:23:20.878+0100] {processor.py:826} INFO - Processing file /home/opeyemi/.local/lib/python3.10/site-packages/airflow/example_dags/example_xcom.py for tasks to queue
[2023-06-21T01:23:20.879+0100] {logging_mixin.py:149} INFO - [2023-06-21T01:23:20.879+0100] {dagbag.py:541} INFO - Filling up the DagBag from /home/opeyemi/.local/lib/python3.10/site-packages/airflow/example_dags/example_xcom.py
[2023-06-21T01:23:20.894+0100] {processor.py:836} INFO - DAG(s) dict_keys(['example_xcom']) retrieved from /home/opeyemi/.local/lib/python3.10/site-packages/airflow/example_dags/example_xcom.py
[2023-06-21T01:23:20.931+0100] {logging_mixin.py:149} INFO - [2023-06-21T01:23:20.931+0100] {dag.py:2726} INFO - Sync 1 DAGs
[2023-06-21T01:23:20.958+0100] {logging_mixin.py:149} INFO - [2023-06-21T01:23:20.958+0100] {dag.py:3486} INFO - Setting next_dagrun for example_xcom to 2021-01-01T00:00:00+00:00, run_after=2021-01-01T00:00:00+00:00
[2023-06-21T01:23:21.296+0100] {processor.py:179} INFO - Processing /home/opeyemi/.local/lib/python3.10/site-packages/airflow/example_dags/example_xcom.py took 0.436 seconds
[2023-06-21T01:24:14.239+0100] {processor.py:157} INFO - Started process (PID=21377) to work on /home/opeyemi/.local/lib/python3.10/site-packages/airflow/example_dags/example_xcom.py
[2023-06-21T01:24:14.695+0100] {processor.py:826} INFO - Processing file /home/opeyemi/.local/lib/python3.10/site-packages/airflow/example_dags/example_xcom.py for tasks to queue
[2023-06-21T01:24:14.697+0100] {logging_mixin.py:149} INFO - [2023-06-21T01:24:14.697+0100] {dagbag.py:541} INFO - Filling up the DagBag from /home/opeyemi/.local/lib/python3.10/site-packages/airflow/example_dags/example_xcom.py
[2023-06-21T01:24:14.720+0100] {processor.py:836} INFO - DAG(s) dict_keys(['example_xcom']) retrieved from /home/opeyemi/.local/lib/python3.10/site-packages/airflow/example_dags/example_xcom.py
[2023-06-21T01:24:14.812+0100] {logging_mixin.py:149} INFO - [2023-06-21T01:24:14.812+0100] {dag.py:2726} INFO - Sync 1 DAGs
[2023-06-21T01:24:14.911+0100] {logging_mixin.py:149} INFO - [2023-06-21T01:24:14.910+0100] {dag.py:3486} INFO - Setting next_dagrun for example_xcom to 2021-01-01T00:00:00+00:00, run_after=2021-01-01T00:00:00+00:00
[2023-06-21T01:24:15.023+0100] {processor.py:179} INFO - Processing /home/opeyemi/.local/lib/python3.10/site-packages/airflow/example_dags/example_xcom.py took 0.812 seconds
[2023-06-21T01:24:54.747+0100] {processor.py:157} INFO - Started process (PID=21532) to work on /home/opeyemi/.local/lib/python3.10/site-packages/airflow/example_dags/example_xcom.py
[2023-06-21T01:24:54.823+0100] {processor.py:826} INFO - Processing file /home/opeyemi/.local/lib/python3.10/site-packages/airflow/example_dags/example_xcom.py for tasks to queue
[2023-06-21T01:24:54.825+0100] {logging_mixin.py:149} INFO - [2023-06-21T01:24:54.824+0100] {dagbag.py:541} INFO - Filling up the DagBag from /home/opeyemi/.local/lib/python3.10/site-packages/airflow/example_dags/example_xcom.py
[2023-06-21T01:24:54.865+0100] {processor.py:836} INFO - DAG(s) dict_keys(['example_xcom']) retrieved from /home/opeyemi/.local/lib/python3.10/site-packages/airflow/example_dags/example_xcom.py
[2023-06-21T01:24:54.952+0100] {logging_mixin.py:149} INFO - [2023-06-21T01:24:54.951+0100] {dag.py:2726} INFO - Sync 1 DAGs
[2023-06-21T01:24:54.988+0100] {logging_mixin.py:149} INFO - [2023-06-21T01:24:54.988+0100] {dag.py:3486} INFO - Setting next_dagrun for example_xcom to 2021-01-01T00:00:00+00:00, run_after=2021-01-01T00:00:00+00:00
[2023-06-21T01:24:55.061+0100] {processor.py:179} INFO - Processing /home/opeyemi/.local/lib/python3.10/site-packages/airflow/example_dags/example_xcom.py took 0.320 seconds
[2023-06-21T01:25:59.157+0100] {processor.py:157} INFO - Started process (PID=21667) to work on /home/opeyemi/.local/lib/python3.10/site-packages/airflow/example_dags/example_xcom.py
[2023-06-21T01:25:59.161+0100] {processor.py:826} INFO - Processing file /home/opeyemi/.local/lib/python3.10/site-packages/airflow/example_dags/example_xcom.py for tasks to queue
[2023-06-21T01:25:59.165+0100] {logging_mixin.py:149} INFO - [2023-06-21T01:25:59.165+0100] {dagbag.py:541} INFO - Filling up the DagBag from /home/opeyemi/.local/lib/python3.10/site-packages/airflow/example_dags/example_xcom.py
[2023-06-21T01:25:59.190+0100] {processor.py:836} INFO - DAG(s) dict_keys(['example_xcom']) retrieved from /home/opeyemi/.local/lib/python3.10/site-packages/airflow/example_dags/example_xcom.py
[2023-06-21T01:25:59.242+0100] {logging_mixin.py:149} INFO - [2023-06-21T01:25:59.242+0100] {dag.py:2726} INFO - Sync 1 DAGs
[2023-06-21T01:25:59.303+0100] {logging_mixin.py:149} INFO - [2023-06-21T01:25:59.302+0100] {dag.py:3486} INFO - Setting next_dagrun for example_xcom to 2021-01-01T00:00:00+00:00, run_after=2021-01-01T00:00:00+00:00
[2023-06-21T01:25:59.416+0100] {processor.py:179} INFO - Processing /home/opeyemi/.local/lib/python3.10/site-packages/airflow/example_dags/example_xcom.py took 0.267 seconds
[2023-06-21T01:26:48.883+0100] {processor.py:157} INFO - Started process (PID=21698) to work on /home/opeyemi/.local/lib/python3.10/site-packages/airflow/example_dags/example_xcom.py
[2023-06-21T01:26:48.885+0100] {processor.py:826} INFO - Processing file /home/opeyemi/.local/lib/python3.10/site-packages/airflow/example_dags/example_xcom.py for tasks to queue
[2023-06-21T01:26:48.886+0100] {logging_mixin.py:149} INFO - [2023-06-21T01:26:48.886+0100] {dagbag.py:541} INFO - Filling up the DagBag from /home/opeyemi/.local/lib/python3.10/site-packages/airflow/example_dags/example_xcom.py
[2023-06-21T01:26:48.904+0100] {processor.py:836} INFO - DAG(s) dict_keys(['example_xcom']) retrieved from /home/opeyemi/.local/lib/python3.10/site-packages/airflow/example_dags/example_xcom.py
[2023-06-21T01:26:48.962+0100] {logging_mixin.py:149} INFO - [2023-06-21T01:26:48.962+0100] {dag.py:2726} INFO - Sync 1 DAGs
[2023-06-21T01:26:49.021+0100] {logging_mixin.py:149} INFO - [2023-06-21T01:26:49.020+0100] {dag.py:3486} INFO - Setting next_dagrun for example_xcom to 2021-01-01T00:00:00+00:00, run_after=2021-01-01T00:00:00+00:00
[2023-06-21T01:26:49.109+0100] {processor.py:179} INFO - Processing /home/opeyemi/.local/lib/python3.10/site-packages/airflow/example_dags/example_xcom.py took 0.231 seconds
[2023-06-21T01:27:41.029+0100] {processor.py:157} INFO - Started process (PID=21733) to work on /home/opeyemi/.local/lib/python3.10/site-packages/airflow/example_dags/example_xcom.py
[2023-06-21T01:27:41.098+0100] {processor.py:826} INFO - Processing file /home/opeyemi/.local/lib/python3.10/site-packages/airflow/example_dags/example_xcom.py for tasks to queue
[2023-06-21T01:27:41.100+0100] {logging_mixin.py:149} INFO - [2023-06-21T01:27:41.100+0100] {dagbag.py:541} INFO - Filling up the DagBag from /home/opeyemi/.local/lib/python3.10/site-packages/airflow/example_dags/example_xcom.py
[2023-06-21T01:27:41.120+0100] {processor.py:836} INFO - DAG(s) dict_keys(['example_xcom']) retrieved from /home/opeyemi/.local/lib/python3.10/site-packages/airflow/example_dags/example_xcom.py
[2023-06-21T01:27:41.174+0100] {logging_mixin.py:149} INFO - [2023-06-21T01:27:41.173+0100] {dag.py:2726} INFO - Sync 1 DAGs
[2023-06-21T01:27:41.234+0100] {logging_mixin.py:149} INFO - [2023-06-21T01:27:41.233+0100] {dag.py:3486} INFO - Setting next_dagrun for example_xcom to 2021-01-01T00:00:00+00:00, run_after=2021-01-01T00:00:00+00:00
[2023-06-21T01:27:41.722+0100] {processor.py:179} INFO - Processing /home/opeyemi/.local/lib/python3.10/site-packages/airflow/example_dags/example_xcom.py took 0.703 seconds
[2023-06-21T01:28:35.694+0100] {processor.py:157} INFO - Started process (PID=21812) to work on /home/opeyemi/.local/lib/python3.10/site-packages/airflow/example_dags/example_xcom.py
[2023-06-21T01:28:35.706+0100] {processor.py:826} INFO - Processing file /home/opeyemi/.local/lib/python3.10/site-packages/airflow/example_dags/example_xcom.py for tasks to queue
[2023-06-21T01:28:35.708+0100] {logging_mixin.py:149} INFO - [2023-06-21T01:28:35.708+0100] {dagbag.py:541} INFO - Filling up the DagBag from /home/opeyemi/.local/lib/python3.10/site-packages/airflow/example_dags/example_xcom.py
[2023-06-21T01:28:35.730+0100] {processor.py:836} INFO - DAG(s) dict_keys(['example_xcom']) retrieved from /home/opeyemi/.local/lib/python3.10/site-packages/airflow/example_dags/example_xcom.py
[2023-06-21T01:28:35.790+0100] {logging_mixin.py:149} INFO - [2023-06-21T01:28:35.790+0100] {dag.py:2726} INFO - Sync 1 DAGs
[2023-06-21T01:28:35.846+0100] {logging_mixin.py:149} INFO - [2023-06-21T01:28:35.846+0100] {dag.py:3486} INFO - Setting next_dagrun for example_xcom to 2021-01-01T00:00:00+00:00, run_after=2021-01-01T00:00:00+00:00
[2023-06-21T01:28:35.932+0100] {processor.py:179} INFO - Processing /home/opeyemi/.local/lib/python3.10/site-packages/airflow/example_dags/example_xcom.py took 0.248 seconds
[2023-06-21T01:29:13.359+0100] {processor.py:157} INFO - Started process (PID=21844) to work on /home/opeyemi/.local/lib/python3.10/site-packages/airflow/example_dags/example_xcom.py
[2023-06-21T01:29:13.362+0100] {processor.py:826} INFO - Processing file /home/opeyemi/.local/lib/python3.10/site-packages/airflow/example_dags/example_xcom.py for tasks to queue
[2023-06-21T01:29:13.363+0100] {logging_mixin.py:149} INFO - [2023-06-21T01:29:13.363+0100] {dagbag.py:541} INFO - Filling up the DagBag from /home/opeyemi/.local/lib/python3.10/site-packages/airflow/example_dags/example_xcom.py
[2023-06-21T01:29:13.377+0100] {processor.py:836} INFO - DAG(s) dict_keys(['example_xcom']) retrieved from /home/opeyemi/.local/lib/python3.10/site-packages/airflow/example_dags/example_xcom.py
[2023-06-21T01:29:13.415+0100] {logging_mixin.py:149} INFO - [2023-06-21T01:29:13.415+0100] {dag.py:2726} INFO - Sync 1 DAGs
[2023-06-21T01:29:13.441+0100] {logging_mixin.py:149} INFO - [2023-06-21T01:29:13.441+0100] {dag.py:3486} INFO - Setting next_dagrun for example_xcom to 2021-01-01T00:00:00+00:00, run_after=2021-01-01T00:00:00+00:00
[2023-06-21T01:29:13.485+0100] {processor.py:179} INFO - Processing /home/opeyemi/.local/lib/python3.10/site-packages/airflow/example_dags/example_xcom.py took 0.133 seconds
[2023-06-21T01:30:10.219+0100] {processor.py:157} INFO - Started process (PID=21895) to work on /home/opeyemi/.local/lib/python3.10/site-packages/airflow/example_dags/example_xcom.py
[2023-06-21T01:30:10.225+0100] {processor.py:826} INFO - Processing file /home/opeyemi/.local/lib/python3.10/site-packages/airflow/example_dags/example_xcom.py for tasks to queue
[2023-06-21T01:30:10.227+0100] {logging_mixin.py:149} INFO - [2023-06-21T01:30:10.227+0100] {dagbag.py:541} INFO - Filling up the DagBag from /home/opeyemi/.local/lib/python3.10/site-packages/airflow/example_dags/example_xcom.py
[2023-06-21T01:30:10.254+0100] {processor.py:836} INFO - DAG(s) dict_keys(['example_xcom']) retrieved from /home/opeyemi/.local/lib/python3.10/site-packages/airflow/example_dags/example_xcom.py
[2023-06-21T01:30:10.330+0100] {logging_mixin.py:149} INFO - [2023-06-21T01:30:10.329+0100] {dag.py:2726} INFO - Sync 1 DAGs
[2023-06-21T01:30:10.403+0100] {logging_mixin.py:149} INFO - [2023-06-21T01:30:10.402+0100] {dag.py:3486} INFO - Setting next_dagrun for example_xcom to 2021-01-01T00:00:00+00:00, run_after=2021-01-01T00:00:00+00:00
[2023-06-21T01:30:10.470+0100] {processor.py:179} INFO - Processing /home/opeyemi/.local/lib/python3.10/site-packages/airflow/example_dags/example_xcom.py took 0.269 seconds
[2023-06-21T01:31:07.522+0100] {processor.py:157} INFO - Started process (PID=21942) to work on /home/opeyemi/.local/lib/python3.10/site-packages/airflow/example_dags/example_xcom.py
[2023-06-21T01:31:07.618+0100] {processor.py:826} INFO - Processing file /home/opeyemi/.local/lib/python3.10/site-packages/airflow/example_dags/example_xcom.py for tasks to queue
[2023-06-21T01:31:07.621+0100] {logging_mixin.py:149} INFO - [2023-06-21T01:31:07.620+0100] {dagbag.py:541} INFO - Filling up the DagBag from /home/opeyemi/.local/lib/python3.10/site-packages/airflow/example_dags/example_xcom.py
[2023-06-21T01:31:07.657+0100] {processor.py:836} INFO - DAG(s) dict_keys(['example_xcom']) retrieved from /home/opeyemi/.local/lib/python3.10/site-packages/airflow/example_dags/example_xcom.py
[2023-06-21T01:31:07.730+0100] {logging_mixin.py:149} INFO - [2023-06-21T01:31:07.729+0100] {dag.py:2726} INFO - Sync 1 DAGs
[2023-06-21T01:31:07.777+0100] {logging_mixin.py:149} INFO - [2023-06-21T01:31:07.777+0100] {dag.py:3486} INFO - Setting next_dagrun for example_xcom to 2021-01-01T00:00:00+00:00, run_after=2021-01-01T00:00:00+00:00
[2023-06-21T01:31:08.489+0100] {processor.py:179} INFO - Processing /home/opeyemi/.local/lib/python3.10/site-packages/airflow/example_dags/example_xcom.py took 0.982 seconds
[2023-06-21T01:32:10.690+0100] {processor.py:157} INFO - Started process (PID=21996) to work on /home/opeyemi/.local/lib/python3.10/site-packages/airflow/example_dags/example_xcom.py
[2023-06-21T01:32:10.695+0100] {processor.py:826} INFO - Processing file /home/opeyemi/.local/lib/python3.10/site-packages/airflow/example_dags/example_xcom.py for tasks to queue
[2023-06-21T01:32:10.697+0100] {logging_mixin.py:149} INFO - [2023-06-21T01:32:10.696+0100] {dagbag.py:541} INFO - Filling up the DagBag from /home/opeyemi/.local/lib/python3.10/site-packages/airflow/example_dags/example_xcom.py
[2023-06-21T01:32:10.717+0100] {processor.py:836} INFO - DAG(s) dict_keys(['example_xcom']) retrieved from /home/opeyemi/.local/lib/python3.10/site-packages/airflow/example_dags/example_xcom.py
[2023-06-21T01:32:10.775+0100] {logging_mixin.py:149} INFO - [2023-06-21T01:32:10.775+0100] {dag.py:2726} INFO - Sync 1 DAGs
[2023-06-21T01:32:10.830+0100] {logging_mixin.py:149} INFO - [2023-06-21T01:32:10.830+0100] {dag.py:3486} INFO - Setting next_dagrun for example_xcom to 2021-01-01T00:00:00+00:00, run_after=2021-01-01T00:00:00+00:00
[2023-06-21T01:32:10.872+0100] {processor.py:179} INFO - Processing /home/opeyemi/.local/lib/python3.10/site-packages/airflow/example_dags/example_xcom.py took 0.189 seconds
[2023-06-21T01:33:08.005+0100] {processor.py:157} INFO - Started process (PID=22055) to work on /home/opeyemi/.local/lib/python3.10/site-packages/airflow/example_dags/example_xcom.py
[2023-06-21T01:33:08.022+0100] {processor.py:826} INFO - Processing file /home/opeyemi/.local/lib/python3.10/site-packages/airflow/example_dags/example_xcom.py for tasks to queue
[2023-06-21T01:33:08.025+0100] {logging_mixin.py:149} INFO - [2023-06-21T01:33:08.024+0100] {dagbag.py:541} INFO - Filling up the DagBag from /home/opeyemi/.local/lib/python3.10/site-packages/airflow/example_dags/example_xcom.py
[2023-06-21T01:33:08.052+0100] {processor.py:836} INFO - DAG(s) dict_keys(['example_xcom']) retrieved from /home/opeyemi/.local/lib/python3.10/site-packages/airflow/example_dags/example_xcom.py
[2023-06-21T01:33:08.143+0100] {logging_mixin.py:149} INFO - [2023-06-21T01:33:08.142+0100] {dag.py:2726} INFO - Sync 1 DAGs
[2023-06-21T01:33:08.222+0100] {logging_mixin.py:149} INFO - [2023-06-21T01:33:08.221+0100] {dag.py:3486} INFO - Setting next_dagrun for example_xcom to 2021-01-01T00:00:00+00:00, run_after=2021-01-01T00:00:00+00:00
[2023-06-21T01:33:08.310+0100] {processor.py:179} INFO - Processing /home/opeyemi/.local/lib/python3.10/site-packages/airflow/example_dags/example_xcom.py took 0.321 seconds
[2023-06-21T01:34:02.328+0100] {processor.py:157} INFO - Started process (PID=22200) to work on /home/opeyemi/.local/lib/python3.10/site-packages/airflow/example_dags/example_xcom.py
[2023-06-21T01:34:02.334+0100] {processor.py:826} INFO - Processing file /home/opeyemi/.local/lib/python3.10/site-packages/airflow/example_dags/example_xcom.py for tasks to queue
[2023-06-21T01:34:02.335+0100] {logging_mixin.py:149} INFO - [2023-06-21T01:34:02.335+0100] {dagbag.py:541} INFO - Filling up the DagBag from /home/opeyemi/.local/lib/python3.10/site-packages/airflow/example_dags/example_xcom.py
[2023-06-21T01:34:02.346+0100] {processor.py:836} INFO - DAG(s) dict_keys(['example_xcom']) retrieved from /home/opeyemi/.local/lib/python3.10/site-packages/airflow/example_dags/example_xcom.py
[2023-06-21T01:34:02.374+0100] {logging_mixin.py:149} INFO - [2023-06-21T01:34:02.374+0100] {dag.py:2726} INFO - Sync 1 DAGs
[2023-06-21T01:34:02.402+0100] {logging_mixin.py:149} INFO - [2023-06-21T01:34:02.402+0100] {dag.py:3486} INFO - Setting next_dagrun for example_xcom to 2021-01-01T00:00:00+00:00, run_after=2021-01-01T00:00:00+00:00
[2023-06-21T01:34:02.449+0100] {processor.py:179} INFO - Processing /home/opeyemi/.local/lib/python3.10/site-packages/airflow/example_dags/example_xcom.py took 0.125 seconds
[2023-06-21T01:34:54.334+0100] {processor.py:157} INFO - Started process (PID=22434) to work on /home/opeyemi/.local/lib/python3.10/site-packages/airflow/example_dags/example_xcom.py
[2023-06-21T01:34:54.338+0100] {processor.py:826} INFO - Processing file /home/opeyemi/.local/lib/python3.10/site-packages/airflow/example_dags/example_xcom.py for tasks to queue
[2023-06-21T01:34:54.339+0100] {logging_mixin.py:149} INFO - [2023-06-21T01:34:54.339+0100] {dagbag.py:541} INFO - Filling up the DagBag from /home/opeyemi/.local/lib/python3.10/site-packages/airflow/example_dags/example_xcom.py
[2023-06-21T01:34:54.360+0100] {processor.py:836} INFO - DAG(s) dict_keys(['example_xcom']) retrieved from /home/opeyemi/.local/lib/python3.10/site-packages/airflow/example_dags/example_xcom.py
[2023-06-21T01:34:54.411+0100] {logging_mixin.py:149} INFO - [2023-06-21T01:34:54.411+0100] {dag.py:2726} INFO - Sync 1 DAGs
[2023-06-21T01:34:54.449+0100] {logging_mixin.py:149} INFO - [2023-06-21T01:34:54.449+0100] {dag.py:3486} INFO - Setting next_dagrun for example_xcom to 2021-01-01T00:00:00+00:00, run_after=2021-01-01T00:00:00+00:00
[2023-06-21T01:34:54.488+0100] {processor.py:179} INFO - Processing /home/opeyemi/.local/lib/python3.10/site-packages/airflow/example_dags/example_xcom.py took 0.163 seconds
[2023-06-21T01:35:50.067+0100] {processor.py:157} INFO - Started process (PID=22625) to work on /home/opeyemi/.local/lib/python3.10/site-packages/airflow/example_dags/example_xcom.py
[2023-06-21T01:35:50.071+0100] {processor.py:826} INFO - Processing file /home/opeyemi/.local/lib/python3.10/site-packages/airflow/example_dags/example_xcom.py for tasks to queue
[2023-06-21T01:35:50.073+0100] {logging_mixin.py:149} INFO - [2023-06-21T01:35:50.072+0100] {dagbag.py:541} INFO - Filling up the DagBag from /home/opeyemi/.local/lib/python3.10/site-packages/airflow/example_dags/example_xcom.py
[2023-06-21T01:35:50.093+0100] {processor.py:836} INFO - DAG(s) dict_keys(['example_xcom']) retrieved from /home/opeyemi/.local/lib/python3.10/site-packages/airflow/example_dags/example_xcom.py
[2023-06-21T01:35:50.134+0100] {logging_mixin.py:149} INFO - [2023-06-21T01:35:50.134+0100] {dag.py:2726} INFO - Sync 1 DAGs
[2023-06-21T01:35:50.155+0100] {logging_mixin.py:149} INFO - [2023-06-21T01:35:50.155+0100] {dag.py:3486} INFO - Setting next_dagrun for example_xcom to 2021-01-01T00:00:00+00:00, run_after=2021-01-01T00:00:00+00:00
[2023-06-21T01:35:50.194+0100] {processor.py:179} INFO - Processing /home/opeyemi/.local/lib/python3.10/site-packages/airflow/example_dags/example_xcom.py took 0.136 seconds
[2023-06-21T01:36:44.231+0100] {processor.py:157} INFO - Started process (PID=22757) to work on /home/opeyemi/.local/lib/python3.10/site-packages/airflow/example_dags/example_xcom.py
[2023-06-21T01:36:44.239+0100] {processor.py:826} INFO - Processing file /home/opeyemi/.local/lib/python3.10/site-packages/airflow/example_dags/example_xcom.py for tasks to queue
[2023-06-21T01:36:44.241+0100] {logging_mixin.py:149} INFO - [2023-06-21T01:36:44.240+0100] {dagbag.py:541} INFO - Filling up the DagBag from /home/opeyemi/.local/lib/python3.10/site-packages/airflow/example_dags/example_xcom.py
[2023-06-21T01:36:44.265+0100] {processor.py:836} INFO - DAG(s) dict_keys(['example_xcom']) retrieved from /home/opeyemi/.local/lib/python3.10/site-packages/airflow/example_dags/example_xcom.py
[2023-06-21T01:36:44.339+0100] {logging_mixin.py:149} INFO - [2023-06-21T01:36:44.339+0100] {dag.py:2726} INFO - Sync 1 DAGs
[2023-06-21T01:36:44.418+0100] {logging_mixin.py:149} INFO - [2023-06-21T01:36:44.417+0100] {dag.py:3486} INFO - Setting next_dagrun for example_xcom to 2021-01-01T00:00:00+00:00, run_after=2021-01-01T00:00:00+00:00
[2023-06-21T01:36:44.481+0100] {processor.py:179} INFO - Processing /home/opeyemi/.local/lib/python3.10/site-packages/airflow/example_dags/example_xcom.py took 0.261 seconds
[2023-06-21T01:37:41.613+0100] {processor.py:157} INFO - Started process (PID=23047) to work on /home/opeyemi/.local/lib/python3.10/site-packages/airflow/example_dags/example_xcom.py
[2023-06-21T01:37:41.623+0100] {processor.py:826} INFO - Processing file /home/opeyemi/.local/lib/python3.10/site-packages/airflow/example_dags/example_xcom.py for tasks to queue
[2023-06-21T01:37:41.625+0100] {logging_mixin.py:149} INFO - [2023-06-21T01:37:41.625+0100] {dagbag.py:541} INFO - Filling up the DagBag from /home/opeyemi/.local/lib/python3.10/site-packages/airflow/example_dags/example_xcom.py
[2023-06-21T01:37:41.636+0100] {processor.py:836} INFO - DAG(s) dict_keys(['example_xcom']) retrieved from /home/opeyemi/.local/lib/python3.10/site-packages/airflow/example_dags/example_xcom.py
[2023-06-21T01:37:41.673+0100] {logging_mixin.py:149} INFO - [2023-06-21T01:37:41.673+0100] {dag.py:2726} INFO - Sync 1 DAGs
[2023-06-21T01:37:41.697+0100] {logging_mixin.py:149} INFO - [2023-06-21T01:37:41.697+0100] {dag.py:3486} INFO - Setting next_dagrun for example_xcom to 2021-01-01T00:00:00+00:00, run_after=2021-01-01T00:00:00+00:00
[2023-06-21T01:37:41.729+0100] {processor.py:179} INFO - Processing /home/opeyemi/.local/lib/python3.10/site-packages/airflow/example_dags/example_xcom.py took 0.120 seconds
[2023-06-21T01:38:39.547+0100] {processor.py:157} INFO - Started process (PID=23269) to work on /home/opeyemi/.local/lib/python3.10/site-packages/airflow/example_dags/example_xcom.py
[2023-06-21T01:38:39.550+0100] {processor.py:826} INFO - Processing file /home/opeyemi/.local/lib/python3.10/site-packages/airflow/example_dags/example_xcom.py for tasks to queue
[2023-06-21T01:38:39.552+0100] {logging_mixin.py:149} INFO - [2023-06-21T01:38:39.552+0100] {dagbag.py:541} INFO - Filling up the DagBag from /home/opeyemi/.local/lib/python3.10/site-packages/airflow/example_dags/example_xcom.py
[2023-06-21T01:38:39.573+0100] {processor.py:836} INFO - DAG(s) dict_keys(['example_xcom']) retrieved from /home/opeyemi/.local/lib/python3.10/site-packages/airflow/example_dags/example_xcom.py
[2023-06-21T01:38:39.630+0100] {logging_mixin.py:149} INFO - [2023-06-21T01:38:39.630+0100] {dag.py:2726} INFO - Sync 1 DAGs
[2023-06-21T01:38:39.669+0100] {logging_mixin.py:149} INFO - [2023-06-21T01:38:39.669+0100] {dag.py:3486} INFO - Setting next_dagrun for example_xcom to 2021-01-01T00:00:00+00:00, run_after=2021-01-01T00:00:00+00:00
[2023-06-21T01:38:39.724+0100] {processor.py:179} INFO - Processing /home/opeyemi/.local/lib/python3.10/site-packages/airflow/example_dags/example_xcom.py took 0.186 seconds
[2023-06-21T01:39:32.632+0100] {processor.py:157} INFO - Started process (PID=23316) to work on /home/opeyemi/.local/lib/python3.10/site-packages/airflow/example_dags/example_xcom.py
[2023-06-21T01:39:32.637+0100] {processor.py:826} INFO - Processing file /home/opeyemi/.local/lib/python3.10/site-packages/airflow/example_dags/example_xcom.py for tasks to queue
[2023-06-21T01:39:32.642+0100] {logging_mixin.py:149} INFO - [2023-06-21T01:39:32.642+0100] {dagbag.py:541} INFO - Filling up the DagBag from /home/opeyemi/.local/lib/python3.10/site-packages/airflow/example_dags/example_xcom.py
[2023-06-21T01:39:32.667+0100] {processor.py:836} INFO - DAG(s) dict_keys(['example_xcom']) retrieved from /home/opeyemi/.local/lib/python3.10/site-packages/airflow/example_dags/example_xcom.py
[2023-06-21T01:39:32.711+0100] {logging_mixin.py:149} INFO - [2023-06-21T01:39:32.711+0100] {dag.py:2726} INFO - Sync 1 DAGs
[2023-06-21T01:39:32.753+0100] {logging_mixin.py:149} INFO - [2023-06-21T01:39:32.753+0100] {dag.py:3486} INFO - Setting next_dagrun for example_xcom to 2021-01-01T00:00:00+00:00, run_after=2021-01-01T00:00:00+00:00
[2023-06-21T01:39:32.817+0100] {processor.py:179} INFO - Processing /home/opeyemi/.local/lib/python3.10/site-packages/airflow/example_dags/example_xcom.py took 0.194 seconds
[2023-06-21T01:40:23.226+0100] {processor.py:157} INFO - Started process (PID=23371) to work on /home/opeyemi/.local/lib/python3.10/site-packages/airflow/example_dags/example_xcom.py
[2023-06-21T01:40:23.228+0100] {processor.py:826} INFO - Processing file /home/opeyemi/.local/lib/python3.10/site-packages/airflow/example_dags/example_xcom.py for tasks to queue
[2023-06-21T01:40:23.229+0100] {logging_mixin.py:149} INFO - [2023-06-21T01:40:23.229+0100] {dagbag.py:541} INFO - Filling up the DagBag from /home/opeyemi/.local/lib/python3.10/site-packages/airflow/example_dags/example_xcom.py
[2023-06-21T01:40:23.243+0100] {processor.py:836} INFO - DAG(s) dict_keys(['example_xcom']) retrieved from /home/opeyemi/.local/lib/python3.10/site-packages/airflow/example_dags/example_xcom.py
[2023-06-21T01:40:23.283+0100] {logging_mixin.py:149} INFO - [2023-06-21T01:40:23.283+0100] {dag.py:2726} INFO - Sync 1 DAGs
[2023-06-21T01:40:23.324+0100] {logging_mixin.py:149} INFO - [2023-06-21T01:40:23.324+0100] {dag.py:3486} INFO - Setting next_dagrun for example_xcom to 2021-01-01T00:00:00+00:00, run_after=2021-01-01T00:00:00+00:00
[2023-06-21T01:40:23.375+0100] {processor.py:179} INFO - Processing /home/opeyemi/.local/lib/python3.10/site-packages/airflow/example_dags/example_xcom.py took 0.156 seconds
[2023-06-21T01:41:21.013+0100] {processor.py:157} INFO - Started process (PID=23430) to work on /home/opeyemi/.local/lib/python3.10/site-packages/airflow/example_dags/example_xcom.py
[2023-06-21T01:41:21.019+0100] {processor.py:826} INFO - Processing file /home/opeyemi/.local/lib/python3.10/site-packages/airflow/example_dags/example_xcom.py for tasks to queue
[2023-06-21T01:41:21.025+0100] {logging_mixin.py:149} INFO - [2023-06-21T01:41:21.022+0100] {dagbag.py:541} INFO - Filling up the DagBag from /home/opeyemi/.local/lib/python3.10/site-packages/airflow/example_dags/example_xcom.py
[2023-06-21T01:41:21.059+0100] {processor.py:836} INFO - DAG(s) dict_keys(['example_xcom']) retrieved from /home/opeyemi/.local/lib/python3.10/site-packages/airflow/example_dags/example_xcom.py
[2023-06-21T01:41:21.109+0100] {logging_mixin.py:149} INFO - [2023-06-21T01:41:21.108+0100] {dag.py:2726} INFO - Sync 1 DAGs
[2023-06-21T01:41:21.156+0100] {logging_mixin.py:149} INFO - [2023-06-21T01:41:21.155+0100] {dag.py:3486} INFO - Setting next_dagrun for example_xcom to 2021-01-01T00:00:00+00:00, run_after=2021-01-01T00:00:00+00:00
[2023-06-21T01:41:21.218+0100] {processor.py:179} INFO - Processing /home/opeyemi/.local/lib/python3.10/site-packages/airflow/example_dags/example_xcom.py took 0.224 seconds
