[2023-06-21T01:00:52.936+0100] {processor.py:157} INFO - Started process (PID=20552) to work on /home/opeyemi/.local/lib/python3.10/site-packages/airflow/example_dags/example_trigger_controller_dag.py
[2023-06-21T01:00:52.938+0100] {processor.py:826} INFO - Processing file /home/opeyemi/.local/lib/python3.10/site-packages/airflow/example_dags/example_trigger_controller_dag.py for tasks to queue
[2023-06-21T01:00:52.940+0100] {logging_mixin.py:149} INFO - [2023-06-21T01:00:52.939+0100] {dagbag.py:541} INFO - Filling up the DagBag from /home/opeyemi/.local/lib/python3.10/site-packages/airflow/example_dags/example_trigger_controller_dag.py
[2023-06-21T01:00:52.950+0100] {processor.py:836} INFO - DAG(s) dict_keys(['example_trigger_controller_dag']) retrieved from /home/opeyemi/.local/lib/python3.10/site-packages/airflow/example_dags/example_trigger_controller_dag.py
[2023-06-21T01:00:53.027+0100] {logging_mixin.py:149} INFO - [2023-06-21T01:00:53.027+0100] {dag.py:2726} INFO - Sync 1 DAGs
[2023-06-21T01:00:53.114+0100] {logging_mixin.py:149} INFO - [2023-06-21T01:00:53.113+0100] {dag.py:3486} INFO - Setting next_dagrun for example_trigger_controller_dag to 2021-01-01T00:00:00+00:00, run_after=2021-01-01T00:00:00+00:00
[2023-06-21T01:00:53.184+0100] {processor.py:179} INFO - Processing /home/opeyemi/.local/lib/python3.10/site-packages/airflow/example_dags/example_trigger_controller_dag.py took 0.255 seconds
[2023-06-21T01:01:59.599+0100] {processor.py:157} INFO - Started process (PID=20592) to work on /home/opeyemi/.local/lib/python3.10/site-packages/airflow/example_dags/example_trigger_controller_dag.py
[2023-06-21T01:01:59.635+0100] {processor.py:826} INFO - Processing file /home/opeyemi/.local/lib/python3.10/site-packages/airflow/example_dags/example_trigger_controller_dag.py for tasks to queue
[2023-06-21T01:01:59.639+0100] {logging_mixin.py:149} INFO - [2023-06-21T01:01:59.638+0100] {dagbag.py:541} INFO - Filling up the DagBag from /home/opeyemi/.local/lib/python3.10/site-packages/airflow/example_dags/example_trigger_controller_dag.py
[2023-06-21T01:01:59.668+0100] {processor.py:836} INFO - DAG(s) dict_keys(['example_trigger_controller_dag']) retrieved from /home/opeyemi/.local/lib/python3.10/site-packages/airflow/example_dags/example_trigger_controller_dag.py
[2023-06-21T01:01:59.777+0100] {logging_mixin.py:149} INFO - [2023-06-21T01:01:59.776+0100] {dag.py:2726} INFO - Sync 1 DAGs
[2023-06-21T01:01:59.876+0100] {logging_mixin.py:149} INFO - [2023-06-21T01:01:59.876+0100] {dag.py:3486} INFO - Setting next_dagrun for example_trigger_controller_dag to 2021-01-01T00:00:00+00:00, run_after=2021-01-01T00:00:00+00:00
[2023-06-21T01:02:00.278+0100] {processor.py:179} INFO - Processing /home/opeyemi/.local/lib/python3.10/site-packages/airflow/example_dags/example_trigger_controller_dag.py took 0.710 seconds
[2023-06-21T01:03:20.855+0100] {processor.py:157} INFO - Started process (PID=20635) to work on /home/opeyemi/.local/lib/python3.10/site-packages/airflow/example_dags/example_trigger_controller_dag.py
[2023-06-21T01:03:20.865+0100] {processor.py:826} INFO - Processing file /home/opeyemi/.local/lib/python3.10/site-packages/airflow/example_dags/example_trigger_controller_dag.py for tasks to queue
[2023-06-21T01:03:20.868+0100] {logging_mixin.py:149} INFO - [2023-06-21T01:03:20.868+0100] {dagbag.py:541} INFO - Filling up the DagBag from /home/opeyemi/.local/lib/python3.10/site-packages/airflow/example_dags/example_trigger_controller_dag.py
[2023-06-21T01:03:20.888+0100] {processor.py:836} INFO - DAG(s) dict_keys(['example_trigger_controller_dag']) retrieved from /home/opeyemi/.local/lib/python3.10/site-packages/airflow/example_dags/example_trigger_controller_dag.py
[2023-06-21T01:03:20.962+0100] {logging_mixin.py:149} INFO - [2023-06-21T01:03:20.962+0100] {dag.py:2726} INFO - Sync 1 DAGs
[2023-06-21T01:03:21.030+0100] {logging_mixin.py:149} INFO - [2023-06-21T01:03:21.029+0100] {dag.py:3486} INFO - Setting next_dagrun for example_trigger_controller_dag to 2021-01-01T00:00:00+00:00, run_after=2021-01-01T00:00:00+00:00
[2023-06-21T01:03:21.184+0100] {processor.py:179} INFO - Processing /home/opeyemi/.local/lib/python3.10/site-packages/airflow/example_dags/example_trigger_controller_dag.py took 0.345 seconds
[2023-06-21T01:04:35.697+0100] {processor.py:157} INFO - Started process (PID=20672) to work on /home/opeyemi/.local/lib/python3.10/site-packages/airflow/example_dags/example_trigger_controller_dag.py
[2023-06-21T01:04:35.699+0100] {processor.py:826} INFO - Processing file /home/opeyemi/.local/lib/python3.10/site-packages/airflow/example_dags/example_trigger_controller_dag.py for tasks to queue
[2023-06-21T01:04:35.708+0100] {logging_mixin.py:149} INFO - [2023-06-21T01:04:35.708+0100] {dagbag.py:541} INFO - Filling up the DagBag from /home/opeyemi/.local/lib/python3.10/site-packages/airflow/example_dags/example_trigger_controller_dag.py
[2023-06-21T01:04:35.715+0100] {processor.py:836} INFO - DAG(s) dict_keys(['example_trigger_controller_dag']) retrieved from /home/opeyemi/.local/lib/python3.10/site-packages/airflow/example_dags/example_trigger_controller_dag.py
[2023-06-21T01:04:35.819+0100] {logging_mixin.py:149} INFO - [2023-06-21T01:04:35.809+0100] {dag.py:2726} INFO - Sync 1 DAGs
[2023-06-21T01:04:35.919+0100] {logging_mixin.py:149} INFO - [2023-06-21T01:04:35.918+0100] {dag.py:3486} INFO - Setting next_dagrun for example_trigger_controller_dag to 2021-01-01T00:00:00+00:00, run_after=2021-01-01T00:00:00+00:00
[2023-06-21T01:04:36.088+0100] {processor.py:179} INFO - Processing /home/opeyemi/.local/lib/python3.10/site-packages/airflow/example_dags/example_trigger_controller_dag.py took 0.407 seconds
[2023-06-21T01:06:02.340+0100] {processor.py:157} INFO - Started process (PID=20708) to work on /home/opeyemi/.local/lib/python3.10/site-packages/airflow/example_dags/example_trigger_controller_dag.py
[2023-06-21T01:06:02.346+0100] {processor.py:826} INFO - Processing file /home/opeyemi/.local/lib/python3.10/site-packages/airflow/example_dags/example_trigger_controller_dag.py for tasks to queue
[2023-06-21T01:06:02.347+0100] {logging_mixin.py:149} INFO - [2023-06-21T01:06:02.347+0100] {dagbag.py:541} INFO - Filling up the DagBag from /home/opeyemi/.local/lib/python3.10/site-packages/airflow/example_dags/example_trigger_controller_dag.py
[2023-06-21T01:06:02.358+0100] {processor.py:836} INFO - DAG(s) dict_keys(['example_trigger_controller_dag']) retrieved from /home/opeyemi/.local/lib/python3.10/site-packages/airflow/example_dags/example_trigger_controller_dag.py
[2023-06-21T01:06:02.420+0100] {logging_mixin.py:149} INFO - [2023-06-21T01:06:02.419+0100] {dag.py:2726} INFO - Sync 1 DAGs
[2023-06-21T01:06:02.470+0100] {logging_mixin.py:149} INFO - [2023-06-21T01:06:02.470+0100] {dag.py:3486} INFO - Setting next_dagrun for example_trigger_controller_dag to 2021-01-01T00:00:00+00:00, run_after=2021-01-01T00:00:00+00:00
[2023-06-21T01:06:02.656+0100] {processor.py:179} INFO - Processing /home/opeyemi/.local/lib/python3.10/site-packages/airflow/example_dags/example_trigger_controller_dag.py took 0.321 seconds
[2023-06-21T01:08:11.382+0100] {processor.py:157} INFO - Started process (PID=20776) to work on /home/opeyemi/.local/lib/python3.10/site-packages/airflow/example_dags/example_trigger_controller_dag.py
[2023-06-21T01:08:11.392+0100] {processor.py:826} INFO - Processing file /home/opeyemi/.local/lib/python3.10/site-packages/airflow/example_dags/example_trigger_controller_dag.py for tasks to queue
[2023-06-21T01:08:11.395+0100] {logging_mixin.py:149} INFO - [2023-06-21T01:08:11.395+0100] {dagbag.py:541} INFO - Filling up the DagBag from /home/opeyemi/.local/lib/python3.10/site-packages/airflow/example_dags/example_trigger_controller_dag.py
[2023-06-21T01:08:11.418+0100] {processor.py:836} INFO - DAG(s) dict_keys(['example_trigger_controller_dag']) retrieved from /home/opeyemi/.local/lib/python3.10/site-packages/airflow/example_dags/example_trigger_controller_dag.py
[2023-06-21T01:08:11.511+0100] {logging_mixin.py:149} INFO - [2023-06-21T01:08:11.510+0100] {dag.py:2726} INFO - Sync 1 DAGs
[2023-06-21T01:08:11.604+0100] {logging_mixin.py:149} INFO - [2023-06-21T01:08:11.603+0100] {dag.py:3486} INFO - Setting next_dagrun for example_trigger_controller_dag to 2021-01-01T00:00:00+00:00, run_after=2021-01-01T00:00:00+00:00
[2023-06-21T01:08:12.096+0100] {processor.py:179} INFO - Processing /home/opeyemi/.local/lib/python3.10/site-packages/airflow/example_dags/example_trigger_controller_dag.py took 0.728 seconds
[2023-06-21T01:10:01.793+0100] {processor.py:157} INFO - Started process (PID=20855) to work on /home/opeyemi/.local/lib/python3.10/site-packages/airflow/example_dags/example_trigger_controller_dag.py
[2023-06-21T01:10:01.838+0100] {processor.py:826} INFO - Processing file /home/opeyemi/.local/lib/python3.10/site-packages/airflow/example_dags/example_trigger_controller_dag.py for tasks to queue
[2023-06-21T01:10:01.840+0100] {logging_mixin.py:149} INFO - [2023-06-21T01:10:01.839+0100] {dagbag.py:541} INFO - Filling up the DagBag from /home/opeyemi/.local/lib/python3.10/site-packages/airflow/example_dags/example_trigger_controller_dag.py
[2023-06-21T01:10:01.858+0100] {processor.py:836} INFO - DAG(s) dict_keys(['example_trigger_controller_dag']) retrieved from /home/opeyemi/.local/lib/python3.10/site-packages/airflow/example_dags/example_trigger_controller_dag.py
[2023-06-21T01:10:01.962+0100] {logging_mixin.py:149} INFO - [2023-06-21T01:10:01.962+0100] {dag.py:2726} INFO - Sync 1 DAGs
[2023-06-21T01:10:02.071+0100] {logging_mixin.py:149} INFO - [2023-06-21T01:10:02.070+0100] {dag.py:3486} INFO - Setting next_dagrun for example_trigger_controller_dag to 2021-01-01T00:00:00+00:00, run_after=2021-01-01T00:00:00+00:00
[2023-06-21T01:10:02.191+0100] {processor.py:179} INFO - Processing /home/opeyemi/.local/lib/python3.10/site-packages/airflow/example_dags/example_trigger_controller_dag.py took 0.429 seconds
[2023-06-21T01:11:49.416+0100] {processor.py:157} INFO - Started process (PID=20922) to work on /home/opeyemi/.local/lib/python3.10/site-packages/airflow/example_dags/example_trigger_controller_dag.py
[2023-06-21T01:11:49.453+0100] {processor.py:826} INFO - Processing file /home/opeyemi/.local/lib/python3.10/site-packages/airflow/example_dags/example_trigger_controller_dag.py for tasks to queue
[2023-06-21T01:11:49.455+0100] {logging_mixin.py:149} INFO - [2023-06-21T01:11:49.455+0100] {dagbag.py:541} INFO - Filling up the DagBag from /home/opeyemi/.local/lib/python3.10/site-packages/airflow/example_dags/example_trigger_controller_dag.py
[2023-06-21T01:11:49.466+0100] {processor.py:836} INFO - DAG(s) dict_keys(['example_trigger_controller_dag']) retrieved from /home/opeyemi/.local/lib/python3.10/site-packages/airflow/example_dags/example_trigger_controller_dag.py
[2023-06-21T01:11:49.521+0100] {logging_mixin.py:149} INFO - [2023-06-21T01:11:49.521+0100] {dag.py:2726} INFO - Sync 1 DAGs
[2023-06-21T01:11:49.566+0100] {logging_mixin.py:149} INFO - [2023-06-21T01:11:49.566+0100] {dag.py:3486} INFO - Setting next_dagrun for example_trigger_controller_dag to 2021-01-01T00:00:00+00:00, run_after=2021-01-01T00:00:00+00:00
[2023-06-21T01:11:49.856+0100] {processor.py:179} INFO - Processing /home/opeyemi/.local/lib/python3.10/site-packages/airflow/example_dags/example_trigger_controller_dag.py took 0.451 seconds
[2023-06-21T01:13:23.402+0100] {processor.py:157} INFO - Started process (PID=20982) to work on /home/opeyemi/.local/lib/python3.10/site-packages/airflow/example_dags/example_trigger_controller_dag.py
[2023-06-21T01:13:23.407+0100] {processor.py:826} INFO - Processing file /home/opeyemi/.local/lib/python3.10/site-packages/airflow/example_dags/example_trigger_controller_dag.py for tasks to queue
[2023-06-21T01:13:23.410+0100] {logging_mixin.py:149} INFO - [2023-06-21T01:13:23.409+0100] {dagbag.py:541} INFO - Filling up the DagBag from /home/opeyemi/.local/lib/python3.10/site-packages/airflow/example_dags/example_trigger_controller_dag.py
[2023-06-21T01:13:23.423+0100] {processor.py:836} INFO - DAG(s) dict_keys(['example_trigger_controller_dag']) retrieved from /home/opeyemi/.local/lib/python3.10/site-packages/airflow/example_dags/example_trigger_controller_dag.py
[2023-06-21T01:13:23.498+0100] {logging_mixin.py:149} INFO - [2023-06-21T01:13:23.498+0100] {dag.py:2726} INFO - Sync 1 DAGs
[2023-06-21T01:13:23.533+0100] {logging_mixin.py:149} INFO - [2023-06-21T01:13:23.533+0100] {dag.py:3486} INFO - Setting next_dagrun for example_trigger_controller_dag to 2021-01-01T00:00:00+00:00, run_after=2021-01-01T00:00:00+00:00
[2023-06-21T01:13:23.867+0100] {processor.py:179} INFO - Processing /home/opeyemi/.local/lib/python3.10/site-packages/airflow/example_dags/example_trigger_controller_dag.py took 0.481 seconds
[2023-06-21T01:15:39.383+0100] {processor.py:157} INFO - Started process (PID=21050) to work on /home/opeyemi/.local/lib/python3.10/site-packages/airflow/example_dags/example_trigger_controller_dag.py
[2023-06-21T01:15:39.387+0100] {processor.py:826} INFO - Processing file /home/opeyemi/.local/lib/python3.10/site-packages/airflow/example_dags/example_trigger_controller_dag.py for tasks to queue
[2023-06-21T01:15:39.389+0100] {logging_mixin.py:149} INFO - [2023-06-21T01:15:39.389+0100] {dagbag.py:541} INFO - Filling up the DagBag from /home/opeyemi/.local/lib/python3.10/site-packages/airflow/example_dags/example_trigger_controller_dag.py
[2023-06-21T01:15:39.408+0100] {processor.py:836} INFO - DAG(s) dict_keys(['example_trigger_controller_dag']) retrieved from /home/opeyemi/.local/lib/python3.10/site-packages/airflow/example_dags/example_trigger_controller_dag.py
[2023-06-21T01:15:39.481+0100] {logging_mixin.py:149} INFO - [2023-06-21T01:15:39.481+0100] {dag.py:2726} INFO - Sync 1 DAGs
[2023-06-21T01:15:39.535+0100] {logging_mixin.py:149} INFO - [2023-06-21T01:15:39.534+0100] {dag.py:3486} INFO - Setting next_dagrun for example_trigger_controller_dag to 2021-01-01T00:00:00+00:00, run_after=2021-01-01T00:00:00+00:00
[2023-06-21T01:15:39.680+0100] {processor.py:179} INFO - Processing /home/opeyemi/.local/lib/python3.10/site-packages/airflow/example_dags/example_trigger_controller_dag.py took 0.318 seconds
[2023-06-21T01:17:13.044+0100] {processor.py:157} INFO - Started process (PID=21093) to work on /home/opeyemi/.local/lib/python3.10/site-packages/airflow/example_dags/example_trigger_controller_dag.py
[2023-06-21T01:17:13.059+0100] {processor.py:826} INFO - Processing file /home/opeyemi/.local/lib/python3.10/site-packages/airflow/example_dags/example_trigger_controller_dag.py for tasks to queue
[2023-06-21T01:17:13.060+0100] {logging_mixin.py:149} INFO - [2023-06-21T01:17:13.060+0100] {dagbag.py:541} INFO - Filling up the DagBag from /home/opeyemi/.local/lib/python3.10/site-packages/airflow/example_dags/example_trigger_controller_dag.py
[2023-06-21T01:17:13.067+0100] {processor.py:836} INFO - DAG(s) dict_keys(['example_trigger_controller_dag']) retrieved from /home/opeyemi/.local/lib/python3.10/site-packages/airflow/example_dags/example_trigger_controller_dag.py
[2023-06-21T01:17:13.109+0100] {logging_mixin.py:149} INFO - [2023-06-21T01:17:13.109+0100] {dag.py:2726} INFO - Sync 1 DAGs
[2023-06-21T01:17:13.153+0100] {logging_mixin.py:149} INFO - [2023-06-21T01:17:13.152+0100] {dag.py:3486} INFO - Setting next_dagrun for example_trigger_controller_dag to 2021-01-01T00:00:00+00:00, run_after=2021-01-01T00:00:00+00:00
[2023-06-21T01:17:13.223+0100] {processor.py:179} INFO - Processing /home/opeyemi/.local/lib/python3.10/site-packages/airflow/example_dags/example_trigger_controller_dag.py took 0.187 seconds
[2023-06-21T01:18:26.459+0100] {processor.py:157} INFO - Started process (PID=21150) to work on /home/opeyemi/.local/lib/python3.10/site-packages/airflow/example_dags/example_trigger_controller_dag.py
[2023-06-21T01:18:26.470+0100] {processor.py:826} INFO - Processing file /home/opeyemi/.local/lib/python3.10/site-packages/airflow/example_dags/example_trigger_controller_dag.py for tasks to queue
[2023-06-21T01:18:26.472+0100] {logging_mixin.py:149} INFO - [2023-06-21T01:18:26.472+0100] {dagbag.py:541} INFO - Filling up the DagBag from /home/opeyemi/.local/lib/python3.10/site-packages/airflow/example_dags/example_trigger_controller_dag.py
[2023-06-21T01:18:26.507+0100] {processor.py:836} INFO - DAG(s) dict_keys(['example_trigger_controller_dag']) retrieved from /home/opeyemi/.local/lib/python3.10/site-packages/airflow/example_dags/example_trigger_controller_dag.py
[2023-06-21T01:18:26.664+0100] {logging_mixin.py:149} INFO - [2023-06-21T01:18:26.663+0100] {dag.py:2726} INFO - Sync 1 DAGs
[2023-06-21T01:18:26.711+0100] {logging_mixin.py:149} INFO - [2023-06-21T01:18:26.711+0100] {dag.py:3486} INFO - Setting next_dagrun for example_trigger_controller_dag to 2021-01-01T00:00:00+00:00, run_after=2021-01-01T00:00:00+00:00
[2023-06-21T01:18:26.960+0100] {processor.py:179} INFO - Processing /home/opeyemi/.local/lib/python3.10/site-packages/airflow/example_dags/example_trigger_controller_dag.py took 0.512 seconds
[2023-06-21T01:19:42.108+0100] {processor.py:157} INFO - Started process (PID=21209) to work on /home/opeyemi/.local/lib/python3.10/site-packages/airflow/example_dags/example_trigger_controller_dag.py
[2023-06-21T01:19:42.118+0100] {processor.py:826} INFO - Processing file /home/opeyemi/.local/lib/python3.10/site-packages/airflow/example_dags/example_trigger_controller_dag.py for tasks to queue
[2023-06-21T01:19:42.120+0100] {logging_mixin.py:149} INFO - [2023-06-21T01:19:42.119+0100] {dagbag.py:541} INFO - Filling up the DagBag from /home/opeyemi/.local/lib/python3.10/site-packages/airflow/example_dags/example_trigger_controller_dag.py
[2023-06-21T01:19:42.139+0100] {processor.py:836} INFO - DAG(s) dict_keys(['example_trigger_controller_dag']) retrieved from /home/opeyemi/.local/lib/python3.10/site-packages/airflow/example_dags/example_trigger_controller_dag.py
[2023-06-21T01:19:42.216+0100] {logging_mixin.py:149} INFO - [2023-06-21T01:19:42.215+0100] {dag.py:2726} INFO - Sync 1 DAGs
[2023-06-21T01:19:42.261+0100] {logging_mixin.py:149} INFO - [2023-06-21T01:19:42.260+0100] {dag.py:3486} INFO - Setting next_dagrun for example_trigger_controller_dag to 2021-01-01T00:00:00+00:00, run_after=2021-01-01T00:00:00+00:00
[2023-06-21T01:19:42.563+0100] {processor.py:179} INFO - Processing /home/opeyemi/.local/lib/python3.10/site-packages/airflow/example_dags/example_trigger_controller_dag.py took 0.461 seconds
[2023-06-21T01:21:37.924+0100] {processor.py:157} INFO - Started process (PID=21269) to work on /home/opeyemi/.local/lib/python3.10/site-packages/airflow/example_dags/example_trigger_controller_dag.py
[2023-06-21T01:21:38.025+0100] {processor.py:826} INFO - Processing file /home/opeyemi/.local/lib/python3.10/site-packages/airflow/example_dags/example_trigger_controller_dag.py for tasks to queue
[2023-06-21T01:21:38.029+0100] {logging_mixin.py:149} INFO - [2023-06-21T01:21:38.028+0100] {dagbag.py:541} INFO - Filling up the DagBag from /home/opeyemi/.local/lib/python3.10/site-packages/airflow/example_dags/example_trigger_controller_dag.py
[2023-06-21T01:21:38.050+0100] {processor.py:836} INFO - DAG(s) dict_keys(['example_trigger_controller_dag']) retrieved from /home/opeyemi/.local/lib/python3.10/site-packages/airflow/example_dags/example_trigger_controller_dag.py
[2023-06-21T01:21:38.133+0100] {logging_mixin.py:149} INFO - [2023-06-21T01:21:38.133+0100] {dag.py:2726} INFO - Sync 1 DAGs
[2023-06-21T01:21:38.207+0100] {logging_mixin.py:149} INFO - [2023-06-21T01:21:38.207+0100] {dag.py:3486} INFO - Setting next_dagrun for example_trigger_controller_dag to 2021-01-01T00:00:00+00:00, run_after=2021-01-01T00:00:00+00:00
[2023-06-21T01:21:38.501+0100] {processor.py:179} INFO - Processing /home/opeyemi/.local/lib/python3.10/site-packages/airflow/example_dags/example_trigger_controller_dag.py took 0.580 seconds
[2023-06-21T01:22:53.548+0100] {processor.py:157} INFO - Started process (PID=21314) to work on /home/opeyemi/.local/lib/python3.10/site-packages/airflow/example_dags/example_trigger_controller_dag.py
[2023-06-21T01:22:53.554+0100] {processor.py:826} INFO - Processing file /home/opeyemi/.local/lib/python3.10/site-packages/airflow/example_dags/example_trigger_controller_dag.py for tasks to queue
[2023-06-21T01:22:53.557+0100] {logging_mixin.py:149} INFO - [2023-06-21T01:22:53.556+0100] {dagbag.py:541} INFO - Filling up the DagBag from /home/opeyemi/.local/lib/python3.10/site-packages/airflow/example_dags/example_trigger_controller_dag.py
[2023-06-21T01:22:53.570+0100] {processor.py:836} INFO - DAG(s) dict_keys(['example_trigger_controller_dag']) retrieved from /home/opeyemi/.local/lib/python3.10/site-packages/airflow/example_dags/example_trigger_controller_dag.py
[2023-06-21T01:22:53.632+0100] {logging_mixin.py:149} INFO - [2023-06-21T01:22:53.631+0100] {dag.py:2726} INFO - Sync 1 DAGs
[2023-06-21T01:22:53.697+0100] {logging_mixin.py:149} INFO - [2023-06-21T01:22:53.697+0100] {dag.py:3486} INFO - Setting next_dagrun for example_trigger_controller_dag to 2021-01-01T00:00:00+00:00, run_after=2021-01-01T00:00:00+00:00
[2023-06-21T01:22:53.783+0100] {processor.py:179} INFO - Processing /home/opeyemi/.local/lib/python3.10/site-packages/airflow/example_dags/example_trigger_controller_dag.py took 0.245 seconds
[2023-06-21T01:24:30.237+0100] {processor.py:157} INFO - Started process (PID=21421) to work on /home/opeyemi/.local/lib/python3.10/site-packages/airflow/example_dags/example_trigger_controller_dag.py
[2023-06-21T01:24:30.241+0100] {processor.py:826} INFO - Processing file /home/opeyemi/.local/lib/python3.10/site-packages/airflow/example_dags/example_trigger_controller_dag.py for tasks to queue
[2023-06-21T01:24:30.242+0100] {logging_mixin.py:149} INFO - [2023-06-21T01:24:30.242+0100] {dagbag.py:541} INFO - Filling up the DagBag from /home/opeyemi/.local/lib/python3.10/site-packages/airflow/example_dags/example_trigger_controller_dag.py
[2023-06-21T01:24:30.248+0100] {processor.py:836} INFO - DAG(s) dict_keys(['example_trigger_controller_dag']) retrieved from /home/opeyemi/.local/lib/python3.10/site-packages/airflow/example_dags/example_trigger_controller_dag.py
[2023-06-21T01:24:30.276+0100] {logging_mixin.py:149} INFO - [2023-06-21T01:24:30.276+0100] {dag.py:2726} INFO - Sync 1 DAGs
[2023-06-21T01:24:30.298+0100] {logging_mixin.py:149} INFO - [2023-06-21T01:24:30.298+0100] {dag.py:3486} INFO - Setting next_dagrun for example_trigger_controller_dag to 2021-01-01T00:00:00+00:00, run_after=2021-01-01T00:00:00+00:00
[2023-06-21T01:24:30.395+0100] {processor.py:179} INFO - Processing /home/opeyemi/.local/lib/python3.10/site-packages/airflow/example_dags/example_trigger_controller_dag.py took 0.164 seconds
[2023-06-21T01:25:31.245+0100] {processor.py:157} INFO - Started process (PID=21646) to work on /home/opeyemi/.local/lib/python3.10/site-packages/airflow/example_dags/example_trigger_controller_dag.py
[2023-06-21T01:25:31.256+0100] {processor.py:826} INFO - Processing file /home/opeyemi/.local/lib/python3.10/site-packages/airflow/example_dags/example_trigger_controller_dag.py for tasks to queue
[2023-06-21T01:25:31.257+0100] {logging_mixin.py:149} INFO - [2023-06-21T01:25:31.257+0100] {dagbag.py:541} INFO - Filling up the DagBag from /home/opeyemi/.local/lib/python3.10/site-packages/airflow/example_dags/example_trigger_controller_dag.py
[2023-06-21T01:25:31.263+0100] {processor.py:836} INFO - DAG(s) dict_keys(['example_trigger_controller_dag']) retrieved from /home/opeyemi/.local/lib/python3.10/site-packages/airflow/example_dags/example_trigger_controller_dag.py
[2023-06-21T01:25:31.355+0100] {logging_mixin.py:149} INFO - [2023-06-21T01:25:31.355+0100] {dag.py:2726} INFO - Sync 1 DAGs
[2023-06-21T01:25:31.460+0100] {logging_mixin.py:149} INFO - [2023-06-21T01:25:31.460+0100] {dag.py:3486} INFO - Setting next_dagrun for example_trigger_controller_dag to 2021-01-01T00:00:00+00:00, run_after=2021-01-01T00:00:00+00:00
[2023-06-21T01:25:31.578+0100] {processor.py:179} INFO - Processing /home/opeyemi/.local/lib/python3.10/site-packages/airflow/example_dags/example_trigger_controller_dag.py took 0.339 seconds
[2023-06-21T01:27:03.800+0100] {processor.py:157} INFO - Started process (PID=21709) to work on /home/opeyemi/.local/lib/python3.10/site-packages/airflow/example_dags/example_trigger_controller_dag.py
[2023-06-21T01:27:03.806+0100] {processor.py:826} INFO - Processing file /home/opeyemi/.local/lib/python3.10/site-packages/airflow/example_dags/example_trigger_controller_dag.py for tasks to queue
[2023-06-21T01:27:03.814+0100] {logging_mixin.py:149} INFO - [2023-06-21T01:27:03.807+0100] {dagbag.py:541} INFO - Filling up the DagBag from /home/opeyemi/.local/lib/python3.10/site-packages/airflow/example_dags/example_trigger_controller_dag.py
[2023-06-21T01:27:03.836+0100] {processor.py:836} INFO - DAG(s) dict_keys(['example_trigger_controller_dag']) retrieved from /home/opeyemi/.local/lib/python3.10/site-packages/airflow/example_dags/example_trigger_controller_dag.py
[2023-06-21T01:27:03.891+0100] {logging_mixin.py:149} INFO - [2023-06-21T01:27:03.890+0100] {dag.py:2726} INFO - Sync 1 DAGs
[2023-06-21T01:27:03.960+0100] {logging_mixin.py:149} INFO - [2023-06-21T01:27:03.960+0100] {dag.py:3486} INFO - Setting next_dagrun for example_trigger_controller_dag to 2021-01-01T00:00:00+00:00, run_after=2021-01-01T00:00:00+00:00
[2023-06-21T01:27:04.039+0100] {processor.py:179} INFO - Processing /home/opeyemi/.local/lib/python3.10/site-packages/airflow/example_dags/example_trigger_controller_dag.py took 0.281 seconds
[2023-06-21T01:28:50.223+0100] {processor.py:157} INFO - Started process (PID=21823) to work on /home/opeyemi/.local/lib/python3.10/site-packages/airflow/example_dags/example_trigger_controller_dag.py
[2023-06-21T01:28:50.230+0100] {processor.py:826} INFO - Processing file /home/opeyemi/.local/lib/python3.10/site-packages/airflow/example_dags/example_trigger_controller_dag.py for tasks to queue
[2023-06-21T01:28:50.233+0100] {logging_mixin.py:149} INFO - [2023-06-21T01:28:50.232+0100] {dagbag.py:541} INFO - Filling up the DagBag from /home/opeyemi/.local/lib/python3.10/site-packages/airflow/example_dags/example_trigger_controller_dag.py
[2023-06-21T01:28:50.247+0100] {processor.py:836} INFO - DAG(s) dict_keys(['example_trigger_controller_dag']) retrieved from /home/opeyemi/.local/lib/python3.10/site-packages/airflow/example_dags/example_trigger_controller_dag.py
[2023-06-21T01:28:50.327+0100] {logging_mixin.py:149} INFO - [2023-06-21T01:28:50.327+0100] {dag.py:2726} INFO - Sync 1 DAGs
[2023-06-21T01:28:50.378+0100] {logging_mixin.py:149} INFO - [2023-06-21T01:28:50.378+0100] {dag.py:3486} INFO - Setting next_dagrun for example_trigger_controller_dag to 2021-01-01T00:00:00+00:00, run_after=2021-01-01T00:00:00+00:00
[2023-06-21T01:28:50.440+0100] {processor.py:179} INFO - Processing /home/opeyemi/.local/lib/python3.10/site-packages/airflow/example_dags/example_trigger_controller_dag.py took 0.229 seconds
[2023-06-21T01:29:48.140+0100] {processor.py:157} INFO - Started process (PID=21873) to work on /home/opeyemi/.local/lib/python3.10/site-packages/airflow/example_dags/example_trigger_controller_dag.py
[2023-06-21T01:29:48.143+0100] {processor.py:826} INFO - Processing file /home/opeyemi/.local/lib/python3.10/site-packages/airflow/example_dags/example_trigger_controller_dag.py for tasks to queue
[2023-06-21T01:29:48.145+0100] {logging_mixin.py:149} INFO - [2023-06-21T01:29:48.144+0100] {dagbag.py:541} INFO - Filling up the DagBag from /home/opeyemi/.local/lib/python3.10/site-packages/airflow/example_dags/example_trigger_controller_dag.py
[2023-06-21T01:29:48.151+0100] {processor.py:836} INFO - DAG(s) dict_keys(['example_trigger_controller_dag']) retrieved from /home/opeyemi/.local/lib/python3.10/site-packages/airflow/example_dags/example_trigger_controller_dag.py
[2023-06-21T01:29:48.176+0100] {logging_mixin.py:149} INFO - [2023-06-21T01:29:48.176+0100] {dag.py:2726} INFO - Sync 1 DAGs
[2023-06-21T01:29:48.202+0100] {logging_mixin.py:149} INFO - [2023-06-21T01:29:48.202+0100] {dag.py:3486} INFO - Setting next_dagrun for example_trigger_controller_dag to 2021-01-01T00:00:00+00:00, run_after=2021-01-01T00:00:00+00:00
[2023-06-21T01:29:48.262+0100] {processor.py:179} INFO - Processing /home/opeyemi/.local/lib/python3.10/site-packages/airflow/example_dags/example_trigger_controller_dag.py took 0.127 seconds
[2023-06-21T01:30:43.498+0100] {processor.py:157} INFO - Started process (PID=21922) to work on /home/opeyemi/.local/lib/python3.10/site-packages/airflow/example_dags/example_trigger_controller_dag.py
[2023-06-21T01:30:43.505+0100] {processor.py:826} INFO - Processing file /home/opeyemi/.local/lib/python3.10/site-packages/airflow/example_dags/example_trigger_controller_dag.py for tasks to queue
[2023-06-21T01:30:43.508+0100] {logging_mixin.py:149} INFO - [2023-06-21T01:30:43.508+0100] {dagbag.py:541} INFO - Filling up the DagBag from /home/opeyemi/.local/lib/python3.10/site-packages/airflow/example_dags/example_trigger_controller_dag.py
[2023-06-21T01:30:43.520+0100] {processor.py:836} INFO - DAG(s) dict_keys(['example_trigger_controller_dag']) retrieved from /home/opeyemi/.local/lib/python3.10/site-packages/airflow/example_dags/example_trigger_controller_dag.py
[2023-06-21T01:30:43.575+0100] {logging_mixin.py:149} INFO - [2023-06-21T01:30:43.575+0100] {dag.py:2726} INFO - Sync 1 DAGs
[2023-06-21T01:30:43.619+0100] {logging_mixin.py:149} INFO - [2023-06-21T01:30:43.618+0100] {dag.py:3486} INFO - Setting next_dagrun for example_trigger_controller_dag to 2021-01-01T00:00:00+00:00, run_after=2021-01-01T00:00:00+00:00
[2023-06-21T01:30:43.694+0100] {processor.py:179} INFO - Processing /home/opeyemi/.local/lib/python3.10/site-packages/airflow/example_dags/example_trigger_controller_dag.py took 0.205 seconds
[2023-06-21T01:31:47.512+0100] {processor.py:157} INFO - Started process (PID=21975) to work on /home/opeyemi/.local/lib/python3.10/site-packages/airflow/example_dags/example_trigger_controller_dag.py
[2023-06-21T01:31:47.515+0100] {processor.py:826} INFO - Processing file /home/opeyemi/.local/lib/python3.10/site-packages/airflow/example_dags/example_trigger_controller_dag.py for tasks to queue
[2023-06-21T01:31:47.516+0100] {logging_mixin.py:149} INFO - [2023-06-21T01:31:47.516+0100] {dagbag.py:541} INFO - Filling up the DagBag from /home/opeyemi/.local/lib/python3.10/site-packages/airflow/example_dags/example_trigger_controller_dag.py
[2023-06-21T01:31:47.522+0100] {processor.py:836} INFO - DAG(s) dict_keys(['example_trigger_controller_dag']) retrieved from /home/opeyemi/.local/lib/python3.10/site-packages/airflow/example_dags/example_trigger_controller_dag.py
[2023-06-21T01:31:47.554+0100] {logging_mixin.py:149} INFO - [2023-06-21T01:31:47.554+0100] {dag.py:2726} INFO - Sync 1 DAGs
[2023-06-21T01:31:47.587+0100] {logging_mixin.py:149} INFO - [2023-06-21T01:31:47.587+0100] {dag.py:3486} INFO - Setting next_dagrun for example_trigger_controller_dag to 2021-01-01T00:00:00+00:00, run_after=2021-01-01T00:00:00+00:00
[2023-06-21T01:31:47.649+0100] {processor.py:179} INFO - Processing /home/opeyemi/.local/lib/python3.10/site-packages/airflow/example_dags/example_trigger_controller_dag.py took 0.144 seconds
[2023-06-21T01:32:45.329+0100] {processor.py:157} INFO - Started process (PID=22029) to work on /home/opeyemi/.local/lib/python3.10/site-packages/airflow/example_dags/example_trigger_controller_dag.py
[2023-06-21T01:32:45.343+0100] {processor.py:826} INFO - Processing file /home/opeyemi/.local/lib/python3.10/site-packages/airflow/example_dags/example_trigger_controller_dag.py for tasks to queue
[2023-06-21T01:32:45.344+0100] {logging_mixin.py:149} INFO - [2023-06-21T01:32:45.344+0100] {dagbag.py:541} INFO - Filling up the DagBag from /home/opeyemi/.local/lib/python3.10/site-packages/airflow/example_dags/example_trigger_controller_dag.py
[2023-06-21T01:32:45.354+0100] {processor.py:836} INFO - DAG(s) dict_keys(['example_trigger_controller_dag']) retrieved from /home/opeyemi/.local/lib/python3.10/site-packages/airflow/example_dags/example_trigger_controller_dag.py
[2023-06-21T01:32:45.404+0100] {logging_mixin.py:149} INFO - [2023-06-21T01:32:45.403+0100] {dag.py:2726} INFO - Sync 1 DAGs
[2023-06-21T01:32:45.451+0100] {logging_mixin.py:149} INFO - [2023-06-21T01:32:45.451+0100] {dag.py:3486} INFO - Setting next_dagrun for example_trigger_controller_dag to 2021-01-01T00:00:00+00:00, run_after=2021-01-01T00:00:00+00:00
[2023-06-21T01:32:45.533+0100] {processor.py:179} INFO - Processing /home/opeyemi/.local/lib/python3.10/site-packages/airflow/example_dags/example_trigger_controller_dag.py took 0.213 seconds
[2023-06-21T01:33:40.482+0100] {processor.py:157} INFO - Started process (PID=22137) to work on /home/opeyemi/.local/lib/python3.10/site-packages/airflow/example_dags/example_trigger_controller_dag.py
[2023-06-21T01:33:40.500+0100] {processor.py:826} INFO - Processing file /home/opeyemi/.local/lib/python3.10/site-packages/airflow/example_dags/example_trigger_controller_dag.py for tasks to queue
[2023-06-21T01:33:40.504+0100] {logging_mixin.py:149} INFO - [2023-06-21T01:33:40.504+0100] {dagbag.py:541} INFO - Filling up the DagBag from /home/opeyemi/.local/lib/python3.10/site-packages/airflow/example_dags/example_trigger_controller_dag.py
[2023-06-21T01:33:40.527+0100] {processor.py:836} INFO - DAG(s) dict_keys(['example_trigger_controller_dag']) retrieved from /home/opeyemi/.local/lib/python3.10/site-packages/airflow/example_dags/example_trigger_controller_dag.py
[2023-06-21T01:33:40.603+0100] {logging_mixin.py:149} INFO - [2023-06-21T01:33:40.602+0100] {dag.py:2726} INFO - Sync 1 DAGs
[2023-06-21T01:33:40.661+0100] {logging_mixin.py:149} INFO - [2023-06-21T01:33:40.661+0100] {dag.py:3486} INFO - Setting next_dagrun for example_trigger_controller_dag to 2021-01-01T00:00:00+00:00, run_after=2021-01-01T00:00:00+00:00
[2023-06-21T01:33:40.723+0100] {processor.py:179} INFO - Processing /home/opeyemi/.local/lib/python3.10/site-packages/airflow/example_dags/example_trigger_controller_dag.py took 0.255 seconds
[2023-06-21T01:34:34.446+0100] {processor.py:157} INFO - Started process (PID=22314) to work on /home/opeyemi/.local/lib/python3.10/site-packages/airflow/example_dags/example_trigger_controller_dag.py
[2023-06-21T01:34:34.513+0100] {processor.py:826} INFO - Processing file /home/opeyemi/.local/lib/python3.10/site-packages/airflow/example_dags/example_trigger_controller_dag.py for tasks to queue
[2023-06-21T01:34:34.516+0100] {logging_mixin.py:149} INFO - [2023-06-21T01:34:34.516+0100] {dagbag.py:541} INFO - Filling up the DagBag from /home/opeyemi/.local/lib/python3.10/site-packages/airflow/example_dags/example_trigger_controller_dag.py
[2023-06-21T01:34:34.529+0100] {processor.py:836} INFO - DAG(s) dict_keys(['example_trigger_controller_dag']) retrieved from /home/opeyemi/.local/lib/python3.10/site-packages/airflow/example_dags/example_trigger_controller_dag.py
[2023-06-21T01:34:34.574+0100] {logging_mixin.py:149} INFO - [2023-06-21T01:34:34.574+0100] {dag.py:2726} INFO - Sync 1 DAGs
[2023-06-21T01:34:34.625+0100] {logging_mixin.py:149} INFO - [2023-06-21T01:34:34.624+0100] {dag.py:3486} INFO - Setting next_dagrun for example_trigger_controller_dag to 2021-01-01T00:00:00+00:00, run_after=2021-01-01T00:00:00+00:00
[2023-06-21T01:34:34.710+0100] {processor.py:179} INFO - Processing /home/opeyemi/.local/lib/python3.10/site-packages/airflow/example_dags/example_trigger_controller_dag.py took 0.275 seconds
[2023-06-21T01:35:27.488+0100] {processor.py:157} INFO - Started process (PID=22503) to work on /home/opeyemi/.local/lib/python3.10/site-packages/airflow/example_dags/example_trigger_controller_dag.py
[2023-06-21T01:35:27.491+0100] {processor.py:826} INFO - Processing file /home/opeyemi/.local/lib/python3.10/site-packages/airflow/example_dags/example_trigger_controller_dag.py for tasks to queue
[2023-06-21T01:35:27.494+0100] {logging_mixin.py:149} INFO - [2023-06-21T01:35:27.494+0100] {dagbag.py:541} INFO - Filling up the DagBag from /home/opeyemi/.local/lib/python3.10/site-packages/airflow/example_dags/example_trigger_controller_dag.py
[2023-06-21T01:35:27.502+0100] {processor.py:836} INFO - DAG(s) dict_keys(['example_trigger_controller_dag']) retrieved from /home/opeyemi/.local/lib/python3.10/site-packages/airflow/example_dags/example_trigger_controller_dag.py
[2023-06-21T01:35:27.541+0100] {logging_mixin.py:149} INFO - [2023-06-21T01:35:27.541+0100] {dag.py:2726} INFO - Sync 1 DAGs
[2023-06-21T01:35:27.584+0100] {logging_mixin.py:149} INFO - [2023-06-21T01:35:27.584+0100] {dag.py:3486} INFO - Setting next_dagrun for example_trigger_controller_dag to 2021-01-01T00:00:00+00:00, run_after=2021-01-01T00:00:00+00:00
[2023-06-21T01:35:27.624+0100] {processor.py:179} INFO - Processing /home/opeyemi/.local/lib/python3.10/site-packages/airflow/example_dags/example_trigger_controller_dag.py took 0.141 seconds
[2023-06-21T01:36:23.836+0100] {processor.py:157} INFO - Started process (PID=22733) to work on /home/opeyemi/.local/lib/python3.10/site-packages/airflow/example_dags/example_trigger_controller_dag.py
[2023-06-21T01:36:23.841+0100] {processor.py:826} INFO - Processing file /home/opeyemi/.local/lib/python3.10/site-packages/airflow/example_dags/example_trigger_controller_dag.py for tasks to queue
[2023-06-21T01:36:23.844+0100] {logging_mixin.py:149} INFO - [2023-06-21T01:36:23.843+0100] {dagbag.py:541} INFO - Filling up the DagBag from /home/opeyemi/.local/lib/python3.10/site-packages/airflow/example_dags/example_trigger_controller_dag.py
[2023-06-21T01:36:23.858+0100] {processor.py:836} INFO - DAG(s) dict_keys(['example_trigger_controller_dag']) retrieved from /home/opeyemi/.local/lib/python3.10/site-packages/airflow/example_dags/example_trigger_controller_dag.py
[2023-06-21T01:36:23.958+0100] {logging_mixin.py:149} INFO - [2023-06-21T01:36:23.958+0100] {dag.py:2726} INFO - Sync 1 DAGs
[2023-06-21T01:36:24.041+0100] {logging_mixin.py:149} INFO - [2023-06-21T01:36:24.041+0100] {dag.py:3486} INFO - Setting next_dagrun for example_trigger_controller_dag to 2021-01-01T00:00:00+00:00, run_after=2021-01-01T00:00:00+00:00
[2023-06-21T01:36:24.122+0100] {processor.py:179} INFO - Processing /home/opeyemi/.local/lib/python3.10/site-packages/airflow/example_dags/example_trigger_controller_dag.py took 0.297 seconds
[2023-06-21T01:37:20.285+0100] {processor.py:157} INFO - Started process (PID=22914) to work on /home/opeyemi/.local/lib/python3.10/site-packages/airflow/example_dags/example_trigger_controller_dag.py
[2023-06-21T01:37:20.307+0100] {processor.py:826} INFO - Processing file /home/opeyemi/.local/lib/python3.10/site-packages/airflow/example_dags/example_trigger_controller_dag.py for tasks to queue
[2023-06-21T01:37:20.309+0100] {logging_mixin.py:149} INFO - [2023-06-21T01:37:20.308+0100] {dagbag.py:541} INFO - Filling up the DagBag from /home/opeyemi/.local/lib/python3.10/site-packages/airflow/example_dags/example_trigger_controller_dag.py
[2023-06-21T01:37:20.323+0100] {processor.py:836} INFO - DAG(s) dict_keys(['example_trigger_controller_dag']) retrieved from /home/opeyemi/.local/lib/python3.10/site-packages/airflow/example_dags/example_trigger_controller_dag.py
[2023-06-21T01:37:20.375+0100] {logging_mixin.py:149} INFO - [2023-06-21T01:37:20.375+0100] {dag.py:2726} INFO - Sync 1 DAGs
[2023-06-21T01:37:20.418+0100] {logging_mixin.py:149} INFO - [2023-06-21T01:37:20.418+0100] {dag.py:3486} INFO - Setting next_dagrun for example_trigger_controller_dag to 2021-01-01T00:00:00+00:00, run_after=2021-01-01T00:00:00+00:00
[2023-06-21T01:37:20.514+0100] {processor.py:179} INFO - Processing /home/opeyemi/.local/lib/python3.10/site-packages/airflow/example_dags/example_trigger_controller_dag.py took 0.243 seconds
[2023-06-21T01:38:17.482+0100] {processor.py:157} INFO - Started process (PID=23193) to work on /home/opeyemi/.local/lib/python3.10/site-packages/airflow/example_dags/example_trigger_controller_dag.py
[2023-06-21T01:38:17.485+0100] {processor.py:826} INFO - Processing file /home/opeyemi/.local/lib/python3.10/site-packages/airflow/example_dags/example_trigger_controller_dag.py for tasks to queue
[2023-06-21T01:38:17.488+0100] {logging_mixin.py:149} INFO - [2023-06-21T01:38:17.487+0100] {dagbag.py:541} INFO - Filling up the DagBag from /home/opeyemi/.local/lib/python3.10/site-packages/airflow/example_dags/example_trigger_controller_dag.py
[2023-06-21T01:38:17.497+0100] {processor.py:836} INFO - DAG(s) dict_keys(['example_trigger_controller_dag']) retrieved from /home/opeyemi/.local/lib/python3.10/site-packages/airflow/example_dags/example_trigger_controller_dag.py
[2023-06-21T01:38:17.534+0100] {logging_mixin.py:149} INFO - [2023-06-21T01:38:17.534+0100] {dag.py:2726} INFO - Sync 1 DAGs
[2023-06-21T01:38:17.578+0100] {logging_mixin.py:149} INFO - [2023-06-21T01:38:17.577+0100] {dag.py:3486} INFO - Setting next_dagrun for example_trigger_controller_dag to 2021-01-01T00:00:00+00:00, run_after=2021-01-01T00:00:00+00:00
[2023-06-21T01:38:17.638+0100] {processor.py:179} INFO - Processing /home/opeyemi/.local/lib/python3.10/site-packages/airflow/example_dags/example_trigger_controller_dag.py took 0.161 seconds
[2023-06-21T01:39:12.525+0100] {processor.py:157} INFO - Started process (PID=23297) to work on /home/opeyemi/.local/lib/python3.10/site-packages/airflow/example_dags/example_trigger_controller_dag.py
[2023-06-21T01:39:12.541+0100] {processor.py:826} INFO - Processing file /home/opeyemi/.local/lib/python3.10/site-packages/airflow/example_dags/example_trigger_controller_dag.py for tasks to queue
[2023-06-21T01:39:12.542+0100] {logging_mixin.py:149} INFO - [2023-06-21T01:39:12.542+0100] {dagbag.py:541} INFO - Filling up the DagBag from /home/opeyemi/.local/lib/python3.10/site-packages/airflow/example_dags/example_trigger_controller_dag.py
[2023-06-21T01:39:12.549+0100] {processor.py:836} INFO - DAG(s) dict_keys(['example_trigger_controller_dag']) retrieved from /home/opeyemi/.local/lib/python3.10/site-packages/airflow/example_dags/example_trigger_controller_dag.py
[2023-06-21T01:39:12.641+0100] {logging_mixin.py:149} INFO - [2023-06-21T01:39:12.640+0100] {dag.py:2726} INFO - Sync 1 DAGs
[2023-06-21T01:39:12.675+0100] {logging_mixin.py:149} INFO - [2023-06-21T01:39:12.675+0100] {dag.py:3486} INFO - Setting next_dagrun for example_trigger_controller_dag to 2021-01-01T00:00:00+00:00, run_after=2021-01-01T00:00:00+00:00
[2023-06-21T01:39:12.726+0100] {processor.py:179} INFO - Processing /home/opeyemi/.local/lib/python3.10/site-packages/airflow/example_dags/example_trigger_controller_dag.py took 0.207 seconds
[2023-06-21T01:40:05.046+0100] {processor.py:157} INFO - Started process (PID=23353) to work on /home/opeyemi/.local/lib/python3.10/site-packages/airflow/example_dags/example_trigger_controller_dag.py
[2023-06-21T01:40:05.050+0100] {processor.py:826} INFO - Processing file /home/opeyemi/.local/lib/python3.10/site-packages/airflow/example_dags/example_trigger_controller_dag.py for tasks to queue
[2023-06-21T01:40:05.053+0100] {logging_mixin.py:149} INFO - [2023-06-21T01:40:05.052+0100] {dagbag.py:541} INFO - Filling up the DagBag from /home/opeyemi/.local/lib/python3.10/site-packages/airflow/example_dags/example_trigger_controller_dag.py
[2023-06-21T01:40:05.064+0100] {processor.py:836} INFO - DAG(s) dict_keys(['example_trigger_controller_dag']) retrieved from /home/opeyemi/.local/lib/python3.10/site-packages/airflow/example_dags/example_trigger_controller_dag.py
[2023-06-21T01:40:05.130+0100] {logging_mixin.py:149} INFO - [2023-06-21T01:40:05.129+0100] {dag.py:2726} INFO - Sync 1 DAGs
[2023-06-21T01:40:05.186+0100] {logging_mixin.py:149} INFO - [2023-06-21T01:40:05.186+0100] {dag.py:3486} INFO - Setting next_dagrun for example_trigger_controller_dag to 2021-01-01T00:00:00+00:00, run_after=2021-01-01T00:00:00+00:00
[2023-06-21T01:40:05.257+0100] {processor.py:179} INFO - Processing /home/opeyemi/.local/lib/python3.10/site-packages/airflow/example_dags/example_trigger_controller_dag.py took 0.221 seconds
[2023-06-21T01:40:56.730+0100] {processor.py:157} INFO - Started process (PID=23403) to work on /home/opeyemi/.local/lib/python3.10/site-packages/airflow/example_dags/example_trigger_controller_dag.py
[2023-06-21T01:40:56.738+0100] {processor.py:826} INFO - Processing file /home/opeyemi/.local/lib/python3.10/site-packages/airflow/example_dags/example_trigger_controller_dag.py for tasks to queue
[2023-06-21T01:40:56.739+0100] {logging_mixin.py:149} INFO - [2023-06-21T01:40:56.739+0100] {dagbag.py:541} INFO - Filling up the DagBag from /home/opeyemi/.local/lib/python3.10/site-packages/airflow/example_dags/example_trigger_controller_dag.py
[2023-06-21T01:40:56.748+0100] {processor.py:836} INFO - DAG(s) dict_keys(['example_trigger_controller_dag']) retrieved from /home/opeyemi/.local/lib/python3.10/site-packages/airflow/example_dags/example_trigger_controller_dag.py
[2023-06-21T01:40:56.835+0100] {logging_mixin.py:149} INFO - [2023-06-21T01:40:56.834+0100] {dag.py:2726} INFO - Sync 1 DAGs
[2023-06-21T01:40:56.898+0100] {logging_mixin.py:149} INFO - [2023-06-21T01:40:56.898+0100] {dag.py:3486} INFO - Setting next_dagrun for example_trigger_controller_dag to 2021-01-01T00:00:00+00:00, run_after=2021-01-01T00:00:00+00:00
[2023-06-21T01:40:56.991+0100] {processor.py:179} INFO - Processing /home/opeyemi/.local/lib/python3.10/site-packages/airflow/example_dags/example_trigger_controller_dag.py took 0.268 seconds
