[2023-06-21T01:00:31.717+0100] {processor.py:157} INFO - Started process (PID=20540) to work on /home/opeyemi/.local/lib/python3.10/site-packages/airflow/example_dags/example_setup_teardown_taskflow.py
[2023-06-21T01:00:31.719+0100] {processor.py:826} INFO - Processing file /home/opeyemi/.local/lib/python3.10/site-packages/airflow/example_dags/example_setup_teardown_taskflow.py for tasks to queue
[2023-06-21T01:00:31.720+0100] {logging_mixin.py:149} INFO - [2023-06-21T01:00:31.720+0100] {dagbag.py:541} INFO - Filling up the DagBag from /home/opeyemi/.local/lib/python3.10/site-packages/airflow/example_dags/example_setup_teardown_taskflow.py
[2023-06-21T01:00:31.725+0100] {processor.py:838} WARNING - No viable dags retrieved from /home/opeyemi/.local/lib/python3.10/site-packages/airflow/example_dags/example_setup_teardown_taskflow.py
[2023-06-21T01:00:31.752+0100] {processor.py:179} INFO - Processing /home/opeyemi/.local/lib/python3.10/site-packages/airflow/example_dags/example_setup_teardown_taskflow.py took 0.043 seconds
[2023-06-21T01:01:41.655+0100] {processor.py:157} INFO - Started process (PID=20580) to work on /home/opeyemi/.local/lib/python3.10/site-packages/airflow/example_dags/example_setup_teardown_taskflow.py
[2023-06-21T01:01:41.675+0100] {processor.py:826} INFO - Processing file /home/opeyemi/.local/lib/python3.10/site-packages/airflow/example_dags/example_setup_teardown_taskflow.py for tasks to queue
[2023-06-21T01:01:41.677+0100] {logging_mixin.py:149} INFO - [2023-06-21T01:01:41.677+0100] {dagbag.py:541} INFO - Filling up the DagBag from /home/opeyemi/.local/lib/python3.10/site-packages/airflow/example_dags/example_setup_teardown_taskflow.py
[2023-06-21T01:01:41.683+0100] {processor.py:838} WARNING - No viable dags retrieved from /home/opeyemi/.local/lib/python3.10/site-packages/airflow/example_dags/example_setup_teardown_taskflow.py
[2023-06-21T01:01:41.720+0100] {processor.py:179} INFO - Processing /home/opeyemi/.local/lib/python3.10/site-packages/airflow/example_dags/example_setup_teardown_taskflow.py took 0.075 seconds
[2023-06-21T01:02:49.660+0100] {processor.py:157} INFO - Started process (PID=20618) to work on /home/opeyemi/.local/lib/python3.10/site-packages/airflow/example_dags/example_setup_teardown_taskflow.py
[2023-06-21T01:02:49.665+0100] {processor.py:826} INFO - Processing file /home/opeyemi/.local/lib/python3.10/site-packages/airflow/example_dags/example_setup_teardown_taskflow.py for tasks to queue
[2023-06-21T01:02:49.670+0100] {logging_mixin.py:149} INFO - [2023-06-21T01:02:49.670+0100] {dagbag.py:541} INFO - Filling up the DagBag from /home/opeyemi/.local/lib/python3.10/site-packages/airflow/example_dags/example_setup_teardown_taskflow.py
[2023-06-21T01:02:49.673+0100] {processor.py:838} WARNING - No viable dags retrieved from /home/opeyemi/.local/lib/python3.10/site-packages/airflow/example_dags/example_setup_teardown_taskflow.py
[2023-06-21T01:02:49.692+0100] {processor.py:179} INFO - Processing /home/opeyemi/.local/lib/python3.10/site-packages/airflow/example_dags/example_setup_teardown_taskflow.py took 0.037 seconds
[2023-06-21T01:04:04.118+0100] {processor.py:157} INFO - Started process (PID=20660) to work on /home/opeyemi/.local/lib/python3.10/site-packages/airflow/example_dags/example_setup_teardown_taskflow.py
[2023-06-21T01:04:04.245+0100] {processor.py:826} INFO - Processing file /home/opeyemi/.local/lib/python3.10/site-packages/airflow/example_dags/example_setup_teardown_taskflow.py for tasks to queue
[2023-06-21T01:04:04.246+0100] {logging_mixin.py:149} INFO - [2023-06-21T01:04:04.246+0100] {dagbag.py:541} INFO - Filling up the DagBag from /home/opeyemi/.local/lib/python3.10/site-packages/airflow/example_dags/example_setup_teardown_taskflow.py
[2023-06-21T01:04:04.249+0100] {processor.py:838} WARNING - No viable dags retrieved from /home/opeyemi/.local/lib/python3.10/site-packages/airflow/example_dags/example_setup_teardown_taskflow.py
[2023-06-21T01:04:04.286+0100] {processor.py:179} INFO - Processing /home/opeyemi/.local/lib/python3.10/site-packages/airflow/example_dags/example_setup_teardown_taskflow.py took 0.185 seconds
[2023-06-21T01:05:32.305+0100] {processor.py:157} INFO - Started process (PID=20696) to work on /home/opeyemi/.local/lib/python3.10/site-packages/airflow/example_dags/example_setup_teardown_taskflow.py
[2023-06-21T01:05:32.356+0100] {processor.py:826} INFO - Processing file /home/opeyemi/.local/lib/python3.10/site-packages/airflow/example_dags/example_setup_teardown_taskflow.py for tasks to queue
[2023-06-21T01:05:32.357+0100] {logging_mixin.py:149} INFO - [2023-06-21T01:05:32.357+0100] {dagbag.py:541} INFO - Filling up the DagBag from /home/opeyemi/.local/lib/python3.10/site-packages/airflow/example_dags/example_setup_teardown_taskflow.py
[2023-06-21T01:05:32.360+0100] {processor.py:838} WARNING - No viable dags retrieved from /home/opeyemi/.local/lib/python3.10/site-packages/airflow/example_dags/example_setup_teardown_taskflow.py
[2023-06-21T01:05:32.388+0100] {processor.py:179} INFO - Processing /home/opeyemi/.local/lib/python3.10/site-packages/airflow/example_dags/example_setup_teardown_taskflow.py took 0.089 seconds
[2023-06-21T01:06:32.659+0100] {processor.py:157} INFO - Started process (PID=20731) to work on /home/opeyemi/.local/lib/python3.10/site-packages/airflow/example_dags/example_setup_teardown_taskflow.py
[2023-06-21T01:06:32.729+0100] {processor.py:826} INFO - Processing file /home/opeyemi/.local/lib/python3.10/site-packages/airflow/example_dags/example_setup_teardown_taskflow.py for tasks to queue
[2023-06-21T01:06:32.731+0100] {logging_mixin.py:149} INFO - [2023-06-21T01:06:32.731+0100] {dagbag.py:541} INFO - Filling up the DagBag from /home/opeyemi/.local/lib/python3.10/site-packages/airflow/example_dags/example_setup_teardown_taskflow.py
[2023-06-21T01:06:32.736+0100] {processor.py:838} WARNING - No viable dags retrieved from /home/opeyemi/.local/lib/python3.10/site-packages/airflow/example_dags/example_setup_teardown_taskflow.py
[2023-06-21T01:06:32.779+0100] {processor.py:179} INFO - Processing /home/opeyemi/.local/lib/python3.10/site-packages/airflow/example_dags/example_setup_teardown_taskflow.py took 0.124 seconds
[2023-06-21T01:07:54.340+0100] {processor.py:157} INFO - Started process (PID=20764) to work on /home/opeyemi/.local/lib/python3.10/site-packages/airflow/example_dags/example_setup_teardown_taskflow.py
[2023-06-21T01:07:54.392+0100] {processor.py:826} INFO - Processing file /home/opeyemi/.local/lib/python3.10/site-packages/airflow/example_dags/example_setup_teardown_taskflow.py for tasks to queue
[2023-06-21T01:07:54.395+0100] {logging_mixin.py:149} INFO - [2023-06-21T01:07:54.394+0100] {dagbag.py:541} INFO - Filling up the DagBag from /home/opeyemi/.local/lib/python3.10/site-packages/airflow/example_dags/example_setup_teardown_taskflow.py
[2023-06-21T01:07:54.402+0100] {processor.py:838} WARNING - No viable dags retrieved from /home/opeyemi/.local/lib/python3.10/site-packages/airflow/example_dags/example_setup_teardown_taskflow.py
[2023-06-21T01:07:54.455+0100] {processor.py:179} INFO - Processing /home/opeyemi/.local/lib/python3.10/site-packages/airflow/example_dags/example_setup_teardown_taskflow.py took 0.125 seconds
[2023-06-21T01:08:45.256+0100] {processor.py:157} INFO - Started process (PID=20816) to work on /home/opeyemi/.local/lib/python3.10/site-packages/airflow/example_dags/example_setup_teardown_taskflow.py
[2023-06-21T01:08:45.259+0100] {processor.py:826} INFO - Processing file /home/opeyemi/.local/lib/python3.10/site-packages/airflow/example_dags/example_setup_teardown_taskflow.py for tasks to queue
[2023-06-21T01:08:45.262+0100] {logging_mixin.py:149} INFO - [2023-06-21T01:08:45.261+0100] {dagbag.py:541} INFO - Filling up the DagBag from /home/opeyemi/.local/lib/python3.10/site-packages/airflow/example_dags/example_setup_teardown_taskflow.py
[2023-06-21T01:08:45.268+0100] {processor.py:838} WARNING - No viable dags retrieved from /home/opeyemi/.local/lib/python3.10/site-packages/airflow/example_dags/example_setup_teardown_taskflow.py
[2023-06-21T01:08:45.309+0100] {processor.py:179} INFO - Processing /home/opeyemi/.local/lib/python3.10/site-packages/airflow/example_dags/example_setup_teardown_taskflow.py took 0.063 seconds
[2023-06-21T01:09:43.334+0100] {processor.py:157} INFO - Started process (PID=20843) to work on /home/opeyemi/.local/lib/python3.10/site-packages/airflow/example_dags/example_setup_teardown_taskflow.py
[2023-06-21T01:09:43.397+0100] {processor.py:826} INFO - Processing file /home/opeyemi/.local/lib/python3.10/site-packages/airflow/example_dags/example_setup_teardown_taskflow.py for tasks to queue
[2023-06-21T01:09:43.400+0100] {logging_mixin.py:149} INFO - [2023-06-21T01:09:43.400+0100] {dagbag.py:541} INFO - Filling up the DagBag from /home/opeyemi/.local/lib/python3.10/site-packages/airflow/example_dags/example_setup_teardown_taskflow.py
[2023-06-21T01:09:43.416+0100] {processor.py:838} WARNING - No viable dags retrieved from /home/opeyemi/.local/lib/python3.10/site-packages/airflow/example_dags/example_setup_teardown_taskflow.py
[2023-06-21T01:09:43.487+0100] {processor.py:179} INFO - Processing /home/opeyemi/.local/lib/python3.10/site-packages/airflow/example_dags/example_setup_teardown_taskflow.py took 0.163 seconds
[2023-06-21T01:10:38.172+0100] {processor.py:157} INFO - Started process (PID=20883) to work on /home/opeyemi/.local/lib/python3.10/site-packages/airflow/example_dags/example_setup_teardown_taskflow.py
[2023-06-21T01:10:38.197+0100] {processor.py:826} INFO - Processing file /home/opeyemi/.local/lib/python3.10/site-packages/airflow/example_dags/example_setup_teardown_taskflow.py for tasks to queue
[2023-06-21T01:10:38.198+0100] {logging_mixin.py:149} INFO - [2023-06-21T01:10:38.198+0100] {dagbag.py:541} INFO - Filling up the DagBag from /home/opeyemi/.local/lib/python3.10/site-packages/airflow/example_dags/example_setup_teardown_taskflow.py
[2023-06-21T01:10:38.201+0100] {processor.py:838} WARNING - No viable dags retrieved from /home/opeyemi/.local/lib/python3.10/site-packages/airflow/example_dags/example_setup_teardown_taskflow.py
[2023-06-21T01:10:38.228+0100] {processor.py:179} INFO - Processing /home/opeyemi/.local/lib/python3.10/site-packages/airflow/example_dags/example_setup_teardown_taskflow.py took 0.070 seconds
[2023-06-21T01:11:39.661+0100] {processor.py:157} INFO - Started process (PID=20915) to work on /home/opeyemi/.local/lib/python3.10/site-packages/airflow/example_dags/example_setup_teardown_taskflow.py
[2023-06-21T01:11:39.672+0100] {processor.py:826} INFO - Processing file /home/opeyemi/.local/lib/python3.10/site-packages/airflow/example_dags/example_setup_teardown_taskflow.py for tasks to queue
[2023-06-21T01:11:39.674+0100] {logging_mixin.py:149} INFO - [2023-06-21T01:11:39.674+0100] {dagbag.py:541} INFO - Filling up the DagBag from /home/opeyemi/.local/lib/python3.10/site-packages/airflow/example_dags/example_setup_teardown_taskflow.py
[2023-06-21T01:11:39.680+0100] {processor.py:838} WARNING - No viable dags retrieved from /home/opeyemi/.local/lib/python3.10/site-packages/airflow/example_dags/example_setup_teardown_taskflow.py
[2023-06-21T01:11:39.724+0100] {processor.py:179} INFO - Processing /home/opeyemi/.local/lib/python3.10/site-packages/airflow/example_dags/example_setup_teardown_taskflow.py took 0.071 seconds
[2023-06-21T01:13:02.815+0100] {processor.py:157} INFO - Started process (PID=20970) to work on /home/opeyemi/.local/lib/python3.10/site-packages/airflow/example_dags/example_setup_teardown_taskflow.py
[2023-06-21T01:13:02.822+0100] {processor.py:826} INFO - Processing file /home/opeyemi/.local/lib/python3.10/site-packages/airflow/example_dags/example_setup_teardown_taskflow.py for tasks to queue
[2023-06-21T01:13:02.826+0100] {logging_mixin.py:149} INFO - [2023-06-21T01:13:02.825+0100] {dagbag.py:541} INFO - Filling up the DagBag from /home/opeyemi/.local/lib/python3.10/site-packages/airflow/example_dags/example_setup_teardown_taskflow.py
[2023-06-21T01:13:02.833+0100] {processor.py:838} WARNING - No viable dags retrieved from /home/opeyemi/.local/lib/python3.10/site-packages/airflow/example_dags/example_setup_teardown_taskflow.py
[2023-06-21T01:13:02.902+0100] {processor.py:179} INFO - Processing /home/opeyemi/.local/lib/python3.10/site-packages/airflow/example_dags/example_setup_teardown_taskflow.py took 0.103 seconds
[2023-06-21T01:14:24.986+0100] {processor.py:157} INFO - Started process (PID=21007) to work on /home/opeyemi/.local/lib/python3.10/site-packages/airflow/example_dags/example_setup_teardown_taskflow.py
[2023-06-21T01:14:25.105+0100] {processor.py:826} INFO - Processing file /home/opeyemi/.local/lib/python3.10/site-packages/airflow/example_dags/example_setup_teardown_taskflow.py for tasks to queue
[2023-06-21T01:14:25.107+0100] {logging_mixin.py:149} INFO - [2023-06-21T01:14:25.106+0100] {dagbag.py:541} INFO - Filling up the DagBag from /home/opeyemi/.local/lib/python3.10/site-packages/airflow/example_dags/example_setup_teardown_taskflow.py
[2023-06-21T01:14:25.110+0100] {processor.py:838} WARNING - No viable dags retrieved from /home/opeyemi/.local/lib/python3.10/site-packages/airflow/example_dags/example_setup_teardown_taskflow.py
[2023-06-21T01:14:25.155+0100] {processor.py:179} INFO - Processing /home/opeyemi/.local/lib/python3.10/site-packages/airflow/example_dags/example_setup_teardown_taskflow.py took 0.183 seconds
[2023-06-21T01:15:22.432+0100] {processor.py:157} INFO - Started process (PID=21038) to work on /home/opeyemi/.local/lib/python3.10/site-packages/airflow/example_dags/example_setup_teardown_taskflow.py
[2023-06-21T01:15:22.523+0100] {processor.py:826} INFO - Processing file /home/opeyemi/.local/lib/python3.10/site-packages/airflow/example_dags/example_setup_teardown_taskflow.py for tasks to queue
[2023-06-21T01:15:22.524+0100] {logging_mixin.py:149} INFO - [2023-06-21T01:15:22.524+0100] {dagbag.py:541} INFO - Filling up the DagBag from /home/opeyemi/.local/lib/python3.10/site-packages/airflow/example_dags/example_setup_teardown_taskflow.py
[2023-06-21T01:15:22.529+0100] {processor.py:838} WARNING - No viable dags retrieved from /home/opeyemi/.local/lib/python3.10/site-packages/airflow/example_dags/example_setup_teardown_taskflow.py
[2023-06-21T01:15:22.568+0100] {processor.py:179} INFO - Processing /home/opeyemi/.local/lib/python3.10/site-packages/airflow/example_dags/example_setup_teardown_taskflow.py took 0.141 seconds
[2023-06-21T01:16:55.081+0100] {processor.py:157} INFO - Started process (PID=21081) to work on /home/opeyemi/.local/lib/python3.10/site-packages/airflow/example_dags/example_setup_teardown_taskflow.py
[2023-06-21T01:16:55.746+0100] {processor.py:826} INFO - Processing file /home/opeyemi/.local/lib/python3.10/site-packages/airflow/example_dags/example_setup_teardown_taskflow.py for tasks to queue
[2023-06-21T01:16:55.749+0100] {logging_mixin.py:149} INFO - [2023-06-21T01:16:55.748+0100] {dagbag.py:541} INFO - Filling up the DagBag from /home/opeyemi/.local/lib/python3.10/site-packages/airflow/example_dags/example_setup_teardown_taskflow.py
[2023-06-21T01:16:55.766+0100] {processor.py:838} WARNING - No viable dags retrieved from /home/opeyemi/.local/lib/python3.10/site-packages/airflow/example_dags/example_setup_teardown_taskflow.py
[2023-06-21T01:16:55.812+0100] {processor.py:179} INFO - Processing /home/opeyemi/.local/lib/python3.10/site-packages/airflow/example_dags/example_setup_teardown_taskflow.py took 0.736 seconds
[2023-06-21T01:17:36.183+0100] {processor.py:157} INFO - Started process (PID=21112) to work on /home/opeyemi/.local/lib/python3.10/site-packages/airflow/example_dags/example_setup_teardown_taskflow.py
[2023-06-21T01:17:36.250+0100] {processor.py:826} INFO - Processing file /home/opeyemi/.local/lib/python3.10/site-packages/airflow/example_dags/example_setup_teardown_taskflow.py for tasks to queue
[2023-06-21T01:17:36.252+0100] {logging_mixin.py:149} INFO - [2023-06-21T01:17:36.251+0100] {dagbag.py:541} INFO - Filling up the DagBag from /home/opeyemi/.local/lib/python3.10/site-packages/airflow/example_dags/example_setup_teardown_taskflow.py
[2023-06-21T01:17:36.257+0100] {processor.py:838} WARNING - No viable dags retrieved from /home/opeyemi/.local/lib/python3.10/site-packages/airflow/example_dags/example_setup_teardown_taskflow.py
[2023-06-21T01:17:36.297+0100] {processor.py:179} INFO - Processing /home/opeyemi/.local/lib/python3.10/site-packages/airflow/example_dags/example_setup_teardown_taskflow.py took 0.124 seconds
[2023-06-21T01:18:49.908+0100] {processor.py:157} INFO - Started process (PID=21169) to work on /home/opeyemi/.local/lib/python3.10/site-packages/airflow/example_dags/example_setup_teardown_taskflow.py
[2023-06-21T01:18:49.917+0100] {processor.py:826} INFO - Processing file /home/opeyemi/.local/lib/python3.10/site-packages/airflow/example_dags/example_setup_teardown_taskflow.py for tasks to queue
[2023-06-21T01:18:49.919+0100] {logging_mixin.py:149} INFO - [2023-06-21T01:18:49.919+0100] {dagbag.py:541} INFO - Filling up the DagBag from /home/opeyemi/.local/lib/python3.10/site-packages/airflow/example_dags/example_setup_teardown_taskflow.py
[2023-06-21T01:18:49.926+0100] {processor.py:838} WARNING - No viable dags retrieved from /home/opeyemi/.local/lib/python3.10/site-packages/airflow/example_dags/example_setup_teardown_taskflow.py
[2023-06-21T01:18:49.969+0100] {processor.py:179} INFO - Processing /home/opeyemi/.local/lib/python3.10/site-packages/airflow/example_dags/example_setup_teardown_taskflow.py took 0.076 seconds
[2023-06-21T01:19:28.398+0100] {processor.py:157} INFO - Started process (PID=21199) to work on /home/opeyemi/.local/lib/python3.10/site-packages/airflow/example_dags/example_setup_teardown_taskflow.py
[2023-06-21T01:19:28.473+0100] {processor.py:826} INFO - Processing file /home/opeyemi/.local/lib/python3.10/site-packages/airflow/example_dags/example_setup_teardown_taskflow.py for tasks to queue
[2023-06-21T01:19:28.474+0100] {logging_mixin.py:149} INFO - [2023-06-21T01:19:28.474+0100] {dagbag.py:541} INFO - Filling up the DagBag from /home/opeyemi/.local/lib/python3.10/site-packages/airflow/example_dags/example_setup_teardown_taskflow.py
[2023-06-21T01:19:28.489+0100] {processor.py:838} WARNING - No viable dags retrieved from /home/opeyemi/.local/lib/python3.10/site-packages/airflow/example_dags/example_setup_teardown_taskflow.py
[2023-06-21T01:19:28.525+0100] {processor.py:179} INFO - Processing /home/opeyemi/.local/lib/python3.10/site-packages/airflow/example_dags/example_setup_teardown_taskflow.py took 0.175 seconds
[2023-06-21T01:21:20.974+0100] {processor.py:157} INFO - Started process (PID=21257) to work on /home/opeyemi/.local/lib/python3.10/site-packages/airflow/example_dags/example_setup_teardown_taskflow.py
[2023-06-21T01:21:21.022+0100] {processor.py:826} INFO - Processing file /home/opeyemi/.local/lib/python3.10/site-packages/airflow/example_dags/example_setup_teardown_taskflow.py for tasks to queue
[2023-06-21T01:21:21.024+0100] {logging_mixin.py:149} INFO - [2023-06-21T01:21:21.024+0100] {dagbag.py:541} INFO - Filling up the DagBag from /home/opeyemi/.local/lib/python3.10/site-packages/airflow/example_dags/example_setup_teardown_taskflow.py
[2023-06-21T01:21:21.031+0100] {processor.py:838} WARNING - No viable dags retrieved from /home/opeyemi/.local/lib/python3.10/site-packages/airflow/example_dags/example_setup_teardown_taskflow.py
[2023-06-21T01:21:21.069+0100] {processor.py:179} INFO - Processing /home/opeyemi/.local/lib/python3.10/site-packages/airflow/example_dags/example_setup_teardown_taskflow.py took 0.112 seconds
[2023-06-21T01:22:39.501+0100] {processor.py:157} INFO - Started process (PID=21302) to work on /home/opeyemi/.local/lib/python3.10/site-packages/airflow/example_dags/example_setup_teardown_taskflow.py
[2023-06-21T01:22:39.505+0100] {processor.py:826} INFO - Processing file /home/opeyemi/.local/lib/python3.10/site-packages/airflow/example_dags/example_setup_teardown_taskflow.py for tasks to queue
[2023-06-21T01:22:39.506+0100] {logging_mixin.py:149} INFO - [2023-06-21T01:22:39.506+0100] {dagbag.py:541} INFO - Filling up the DagBag from /home/opeyemi/.local/lib/python3.10/site-packages/airflow/example_dags/example_setup_teardown_taskflow.py
[2023-06-21T01:22:39.510+0100] {processor.py:838} WARNING - No viable dags retrieved from /home/opeyemi/.local/lib/python3.10/site-packages/airflow/example_dags/example_setup_teardown_taskflow.py
[2023-06-21T01:22:39.530+0100] {processor.py:179} INFO - Processing /home/opeyemi/.local/lib/python3.10/site-packages/airflow/example_dags/example_setup_teardown_taskflow.py took 0.035 seconds
[2023-06-21T01:23:22.424+0100] {processor.py:157} INFO - Started process (PID=21336) to work on /home/opeyemi/.local/lib/python3.10/site-packages/airflow/example_dags/example_setup_teardown_taskflow.py
[2023-06-21T01:23:22.436+0100] {processor.py:826} INFO - Processing file /home/opeyemi/.local/lib/python3.10/site-packages/airflow/example_dags/example_setup_teardown_taskflow.py for tasks to queue
[2023-06-21T01:23:22.437+0100] {logging_mixin.py:149} INFO - [2023-06-21T01:23:22.437+0100] {dagbag.py:541} INFO - Filling up the DagBag from /home/opeyemi/.local/lib/python3.10/site-packages/airflow/example_dags/example_setup_teardown_taskflow.py
[2023-06-21T01:23:22.439+0100] {processor.py:838} WARNING - No viable dags retrieved from /home/opeyemi/.local/lib/python3.10/site-packages/airflow/example_dags/example_setup_teardown_taskflow.py
[2023-06-21T01:23:22.462+0100] {processor.py:179} INFO - Processing /home/opeyemi/.local/lib/python3.10/site-packages/airflow/example_dags/example_setup_teardown_taskflow.py took 0.042 seconds
[2023-06-21T01:24:16.257+0100] {processor.py:157} INFO - Started process (PID=21378) to work on /home/opeyemi/.local/lib/python3.10/site-packages/airflow/example_dags/example_setup_teardown_taskflow.py
[2023-06-21T01:24:16.262+0100] {processor.py:826} INFO - Processing file /home/opeyemi/.local/lib/python3.10/site-packages/airflow/example_dags/example_setup_teardown_taskflow.py for tasks to queue
[2023-06-21T01:24:16.263+0100] {logging_mixin.py:149} INFO - [2023-06-21T01:24:16.262+0100] {dagbag.py:541} INFO - Filling up the DagBag from /home/opeyemi/.local/lib/python3.10/site-packages/airflow/example_dags/example_setup_teardown_taskflow.py
[2023-06-21T01:24:16.265+0100] {processor.py:838} WARNING - No viable dags retrieved from /home/opeyemi/.local/lib/python3.10/site-packages/airflow/example_dags/example_setup_teardown_taskflow.py
[2023-06-21T01:24:16.287+0100] {processor.py:179} INFO - Processing /home/opeyemi/.local/lib/python3.10/site-packages/airflow/example_dags/example_setup_teardown_taskflow.py took 0.043 seconds
[2023-06-21T01:24:55.633+0100] {processor.py:157} INFO - Started process (PID=21533) to work on /home/opeyemi/.local/lib/python3.10/site-packages/airflow/example_dags/example_setup_teardown_taskflow.py
[2023-06-21T01:24:55.635+0100] {processor.py:826} INFO - Processing file /home/opeyemi/.local/lib/python3.10/site-packages/airflow/example_dags/example_setup_teardown_taskflow.py for tasks to queue
[2023-06-21T01:24:55.636+0100] {logging_mixin.py:149} INFO - [2023-06-21T01:24:55.636+0100] {dagbag.py:541} INFO - Filling up the DagBag from /home/opeyemi/.local/lib/python3.10/site-packages/airflow/example_dags/example_setup_teardown_taskflow.py
[2023-06-21T01:24:55.639+0100] {processor.py:838} WARNING - No viable dags retrieved from /home/opeyemi/.local/lib/python3.10/site-packages/airflow/example_dags/example_setup_teardown_taskflow.py
[2023-06-21T01:24:55.668+0100] {processor.py:179} INFO - Processing /home/opeyemi/.local/lib/python3.10/site-packages/airflow/example_dags/example_setup_teardown_taskflow.py took 0.043 seconds
[2023-06-21T01:26:00.521+0100] {processor.py:157} INFO - Started process (PID=21668) to work on /home/opeyemi/.local/lib/python3.10/site-packages/airflow/example_dags/example_setup_teardown_taskflow.py
[2023-06-21T01:26:00.531+0100] {processor.py:826} INFO - Processing file /home/opeyemi/.local/lib/python3.10/site-packages/airflow/example_dags/example_setup_teardown_taskflow.py for tasks to queue
[2023-06-21T01:26:00.534+0100] {logging_mixin.py:149} INFO - [2023-06-21T01:26:00.533+0100] {dagbag.py:541} INFO - Filling up the DagBag from /home/opeyemi/.local/lib/python3.10/site-packages/airflow/example_dags/example_setup_teardown_taskflow.py
[2023-06-21T01:26:00.539+0100] {processor.py:838} WARNING - No viable dags retrieved from /home/opeyemi/.local/lib/python3.10/site-packages/airflow/example_dags/example_setup_teardown_taskflow.py
[2023-06-21T01:26:00.575+0100] {processor.py:179} INFO - Processing /home/opeyemi/.local/lib/python3.10/site-packages/airflow/example_dags/example_setup_teardown_taskflow.py took 0.064 seconds
[2023-06-21T01:26:50.248+0100] {processor.py:157} INFO - Started process (PID=21699) to work on /home/opeyemi/.local/lib/python3.10/site-packages/airflow/example_dags/example_setup_teardown_taskflow.py
[2023-06-21T01:26:50.268+0100] {processor.py:826} INFO - Processing file /home/opeyemi/.local/lib/python3.10/site-packages/airflow/example_dags/example_setup_teardown_taskflow.py for tasks to queue
[2023-06-21T01:26:50.270+0100] {logging_mixin.py:149} INFO - [2023-06-21T01:26:50.270+0100] {dagbag.py:541} INFO - Filling up the DagBag from /home/opeyemi/.local/lib/python3.10/site-packages/airflow/example_dags/example_setup_teardown_taskflow.py
[2023-06-21T01:26:50.273+0100] {processor.py:838} WARNING - No viable dags retrieved from /home/opeyemi/.local/lib/python3.10/site-packages/airflow/example_dags/example_setup_teardown_taskflow.py
[2023-06-21T01:26:50.309+0100] {processor.py:179} INFO - Processing /home/opeyemi/.local/lib/python3.10/site-packages/airflow/example_dags/example_setup_teardown_taskflow.py took 0.065 seconds
[2023-06-21T01:27:42.546+0100] {processor.py:157} INFO - Started process (PID=21734) to work on /home/opeyemi/.local/lib/python3.10/site-packages/airflow/example_dags/example_setup_teardown_taskflow.py
[2023-06-21T01:27:43.065+0100] {processor.py:826} INFO - Processing file /home/opeyemi/.local/lib/python3.10/site-packages/airflow/example_dags/example_setup_teardown_taskflow.py for tasks to queue
[2023-06-21T01:27:43.067+0100] {logging_mixin.py:149} INFO - [2023-06-21T01:27:43.066+0100] {dagbag.py:541} INFO - Filling up the DagBag from /home/opeyemi/.local/lib/python3.10/site-packages/airflow/example_dags/example_setup_teardown_taskflow.py
[2023-06-21T01:27:43.072+0100] {processor.py:838} WARNING - No viable dags retrieved from /home/opeyemi/.local/lib/python3.10/site-packages/airflow/example_dags/example_setup_teardown_taskflow.py
[2023-06-21T01:27:43.111+0100] {processor.py:179} INFO - Processing /home/opeyemi/.local/lib/python3.10/site-packages/airflow/example_dags/example_setup_teardown_taskflow.py took 0.570 seconds
[2023-06-21T01:28:37.102+0100] {processor.py:157} INFO - Started process (PID=21813) to work on /home/opeyemi/.local/lib/python3.10/site-packages/airflow/example_dags/example_setup_teardown_taskflow.py
[2023-06-21T01:28:37.118+0100] {processor.py:826} INFO - Processing file /home/opeyemi/.local/lib/python3.10/site-packages/airflow/example_dags/example_setup_teardown_taskflow.py for tasks to queue
[2023-06-21T01:28:37.120+0100] {logging_mixin.py:149} INFO - [2023-06-21T01:28:37.119+0100] {dagbag.py:541} INFO - Filling up the DagBag from /home/opeyemi/.local/lib/python3.10/site-packages/airflow/example_dags/example_setup_teardown_taskflow.py
[2023-06-21T01:28:37.127+0100] {processor.py:838} WARNING - No viable dags retrieved from /home/opeyemi/.local/lib/python3.10/site-packages/airflow/example_dags/example_setup_teardown_taskflow.py
[2023-06-21T01:28:37.176+0100] {processor.py:179} INFO - Processing /home/opeyemi/.local/lib/python3.10/site-packages/airflow/example_dags/example_setup_teardown_taskflow.py took 0.086 seconds
[2023-06-21T01:29:35.687+0100] {processor.py:157} INFO - Started process (PID=21862) to work on /home/opeyemi/.local/lib/python3.10/site-packages/airflow/example_dags/example_setup_teardown_taskflow.py
[2023-06-21T01:29:35.698+0100] {processor.py:826} INFO - Processing file /home/opeyemi/.local/lib/python3.10/site-packages/airflow/example_dags/example_setup_teardown_taskflow.py for tasks to queue
[2023-06-21T01:29:35.700+0100] {logging_mixin.py:149} INFO - [2023-06-21T01:29:35.699+0100] {dagbag.py:541} INFO - Filling up the DagBag from /home/opeyemi/.local/lib/python3.10/site-packages/airflow/example_dags/example_setup_teardown_taskflow.py
[2023-06-21T01:29:35.705+0100] {processor.py:838} WARNING - No viable dags retrieved from /home/opeyemi/.local/lib/python3.10/site-packages/airflow/example_dags/example_setup_teardown_taskflow.py
[2023-06-21T01:29:35.744+0100] {processor.py:179} INFO - Processing /home/opeyemi/.local/lib/python3.10/site-packages/airflow/example_dags/example_setup_teardown_taskflow.py took 0.068 seconds
[2023-06-21T01:30:30.613+0100] {processor.py:157} INFO - Started process (PID=21912) to work on /home/opeyemi/.local/lib/python3.10/site-packages/airflow/example_dags/example_setup_teardown_taskflow.py
[2023-06-21T01:30:30.628+0100] {processor.py:826} INFO - Processing file /home/opeyemi/.local/lib/python3.10/site-packages/airflow/example_dags/example_setup_teardown_taskflow.py for tasks to queue
[2023-06-21T01:30:30.630+0100] {logging_mixin.py:149} INFO - [2023-06-21T01:30:30.630+0100] {dagbag.py:541} INFO - Filling up the DagBag from /home/opeyemi/.local/lib/python3.10/site-packages/airflow/example_dags/example_setup_teardown_taskflow.py
[2023-06-21T01:30:30.637+0100] {processor.py:838} WARNING - No viable dags retrieved from /home/opeyemi/.local/lib/python3.10/site-packages/airflow/example_dags/example_setup_teardown_taskflow.py
[2023-06-21T01:30:30.676+0100] {processor.py:179} INFO - Processing /home/opeyemi/.local/lib/python3.10/site-packages/airflow/example_dags/example_setup_teardown_taskflow.py took 0.073 seconds
[2023-06-21T01:31:34.967+0100] {processor.py:157} INFO - Started process (PID=21965) to work on /home/opeyemi/.local/lib/python3.10/site-packages/airflow/example_dags/example_setup_teardown_taskflow.py
[2023-06-21T01:31:34.981+0100] {processor.py:826} INFO - Processing file /home/opeyemi/.local/lib/python3.10/site-packages/airflow/example_dags/example_setup_teardown_taskflow.py for tasks to queue
[2023-06-21T01:31:34.983+0100] {logging_mixin.py:149} INFO - [2023-06-21T01:31:34.982+0100] {dagbag.py:541} INFO - Filling up the DagBag from /home/opeyemi/.local/lib/python3.10/site-packages/airflow/example_dags/example_setup_teardown_taskflow.py
[2023-06-21T01:31:34.987+0100] {processor.py:838} WARNING - No viable dags retrieved from /home/opeyemi/.local/lib/python3.10/site-packages/airflow/example_dags/example_setup_teardown_taskflow.py
[2023-06-21T01:31:35.019+0100] {processor.py:179} INFO - Processing /home/opeyemi/.local/lib/python3.10/site-packages/airflow/example_dags/example_setup_teardown_taskflow.py took 0.064 seconds
[2023-06-21T01:32:33.837+0100] {processor.py:157} INFO - Started process (PID=22014) to work on /home/opeyemi/.local/lib/python3.10/site-packages/airflow/example_dags/example_setup_teardown_taskflow.py
[2023-06-21T01:32:33.863+0100] {processor.py:826} INFO - Processing file /home/opeyemi/.local/lib/python3.10/site-packages/airflow/example_dags/example_setup_teardown_taskflow.py for tasks to queue
[2023-06-21T01:32:33.866+0100] {logging_mixin.py:149} INFO - [2023-06-21T01:32:33.865+0100] {dagbag.py:541} INFO - Filling up the DagBag from /home/opeyemi/.local/lib/python3.10/site-packages/airflow/example_dags/example_setup_teardown_taskflow.py
[2023-06-21T01:32:33.871+0100] {processor.py:838} WARNING - No viable dags retrieved from /home/opeyemi/.local/lib/python3.10/site-packages/airflow/example_dags/example_setup_teardown_taskflow.py
[2023-06-21T01:32:33.905+0100] {processor.py:179} INFO - Processing /home/opeyemi/.local/lib/python3.10/site-packages/airflow/example_dags/example_setup_teardown_taskflow.py took 0.078 seconds
[2023-06-21T01:33:28.724+0100] {processor.py:157} INFO - Started process (PID=22088) to work on /home/opeyemi/.local/lib/python3.10/site-packages/airflow/example_dags/example_setup_teardown_taskflow.py
[2023-06-21T01:33:28.739+0100] {processor.py:826} INFO - Processing file /home/opeyemi/.local/lib/python3.10/site-packages/airflow/example_dags/example_setup_teardown_taskflow.py for tasks to queue
[2023-06-21T01:33:28.741+0100] {logging_mixin.py:149} INFO - [2023-06-21T01:33:28.740+0100] {dagbag.py:541} INFO - Filling up the DagBag from /home/opeyemi/.local/lib/python3.10/site-packages/airflow/example_dags/example_setup_teardown_taskflow.py
[2023-06-21T01:33:28.746+0100] {processor.py:838} WARNING - No viable dags retrieved from /home/opeyemi/.local/lib/python3.10/site-packages/airflow/example_dags/example_setup_teardown_taskflow.py
[2023-06-21T01:33:28.762+0100] {processor.py:179} INFO - Processing /home/opeyemi/.local/lib/python3.10/site-packages/airflow/example_dags/example_setup_teardown_taskflow.py took 0.043 seconds
[2023-06-21T01:34:22.432+0100] {processor.py:157} INFO - Started process (PID=22286) to work on /home/opeyemi/.local/lib/python3.10/site-packages/airflow/example_dags/example_setup_teardown_taskflow.py
[2023-06-21T01:34:22.451+0100] {processor.py:826} INFO - Processing file /home/opeyemi/.local/lib/python3.10/site-packages/airflow/example_dags/example_setup_teardown_taskflow.py for tasks to queue
[2023-06-21T01:34:22.452+0100] {logging_mixin.py:149} INFO - [2023-06-21T01:34:22.452+0100] {dagbag.py:541} INFO - Filling up the DagBag from /home/opeyemi/.local/lib/python3.10/site-packages/airflow/example_dags/example_setup_teardown_taskflow.py
[2023-06-21T01:34:22.455+0100] {processor.py:838} WARNING - No viable dags retrieved from /home/opeyemi/.local/lib/python3.10/site-packages/airflow/example_dags/example_setup_teardown_taskflow.py
[2023-06-21T01:34:22.473+0100] {processor.py:179} INFO - Processing /home/opeyemi/.local/lib/python3.10/site-packages/airflow/example_dags/example_setup_teardown_taskflow.py took 0.053 seconds
[2023-06-21T01:35:15.095+0100] {processor.py:157} INFO - Started process (PID=22493) to work on /home/opeyemi/.local/lib/python3.10/site-packages/airflow/example_dags/example_setup_teardown_taskflow.py
[2023-06-21T01:35:15.098+0100] {processor.py:826} INFO - Processing file /home/opeyemi/.local/lib/python3.10/site-packages/airflow/example_dags/example_setup_teardown_taskflow.py for tasks to queue
[2023-06-21T01:35:15.100+0100] {logging_mixin.py:149} INFO - [2023-06-21T01:35:15.100+0100] {dagbag.py:541} INFO - Filling up the DagBag from /home/opeyemi/.local/lib/python3.10/site-packages/airflow/example_dags/example_setup_teardown_taskflow.py
[2023-06-21T01:35:15.104+0100] {processor.py:838} WARNING - No viable dags retrieved from /home/opeyemi/.local/lib/python3.10/site-packages/airflow/example_dags/example_setup_teardown_taskflow.py
[2023-06-21T01:35:15.130+0100] {processor.py:179} INFO - Processing /home/opeyemi/.local/lib/python3.10/site-packages/airflow/example_dags/example_setup_teardown_taskflow.py took 0.042 seconds
[2023-06-21T01:36:11.307+0100] {processor.py:157} INFO - Started process (PID=22722) to work on /home/opeyemi/.local/lib/python3.10/site-packages/airflow/example_dags/example_setup_teardown_taskflow.py
[2023-06-21T01:36:11.311+0100] {processor.py:826} INFO - Processing file /home/opeyemi/.local/lib/python3.10/site-packages/airflow/example_dags/example_setup_teardown_taskflow.py for tasks to queue
[2023-06-21T01:36:11.312+0100] {logging_mixin.py:149} INFO - [2023-06-21T01:36:11.312+0100] {dagbag.py:541} INFO - Filling up the DagBag from /home/opeyemi/.local/lib/python3.10/site-packages/airflow/example_dags/example_setup_teardown_taskflow.py
[2023-06-21T01:36:11.319+0100] {processor.py:838} WARNING - No viable dags retrieved from /home/opeyemi/.local/lib/python3.10/site-packages/airflow/example_dags/example_setup_teardown_taskflow.py
[2023-06-21T01:36:11.355+0100] {processor.py:179} INFO - Processing /home/opeyemi/.local/lib/python3.10/site-packages/airflow/example_dags/example_setup_teardown_taskflow.py took 0.057 seconds
[2023-06-21T01:37:06.570+0100] {processor.py:157} INFO - Started process (PID=22783) to work on /home/opeyemi/.local/lib/python3.10/site-packages/airflow/example_dags/example_setup_teardown_taskflow.py
[2023-06-21T01:37:06.573+0100] {processor.py:826} INFO - Processing file /home/opeyemi/.local/lib/python3.10/site-packages/airflow/example_dags/example_setup_teardown_taskflow.py for tasks to queue
[2023-06-21T01:37:06.575+0100] {logging_mixin.py:149} INFO - [2023-06-21T01:37:06.575+0100] {dagbag.py:541} INFO - Filling up the DagBag from /home/opeyemi/.local/lib/python3.10/site-packages/airflow/example_dags/example_setup_teardown_taskflow.py
[2023-06-21T01:37:06.581+0100] {processor.py:838} WARNING - No viable dags retrieved from /home/opeyemi/.local/lib/python3.10/site-packages/airflow/example_dags/example_setup_teardown_taskflow.py
[2023-06-21T01:37:06.615+0100] {processor.py:179} INFO - Processing /home/opeyemi/.local/lib/python3.10/site-packages/airflow/example_dags/example_setup_teardown_taskflow.py took 0.056 seconds
[2023-06-21T01:38:05.332+0100] {processor.py:157} INFO - Started process (PID=23129) to work on /home/opeyemi/.local/lib/python3.10/site-packages/airflow/example_dags/example_setup_teardown_taskflow.py
[2023-06-21T01:38:05.336+0100] {processor.py:826} INFO - Processing file /home/opeyemi/.local/lib/python3.10/site-packages/airflow/example_dags/example_setup_teardown_taskflow.py for tasks to queue
[2023-06-21T01:38:05.338+0100] {logging_mixin.py:149} INFO - [2023-06-21T01:38:05.337+0100] {dagbag.py:541} INFO - Filling up the DagBag from /home/opeyemi/.local/lib/python3.10/site-packages/airflow/example_dags/example_setup_teardown_taskflow.py
[2023-06-21T01:38:05.343+0100] {processor.py:838} WARNING - No viable dags retrieved from /home/opeyemi/.local/lib/python3.10/site-packages/airflow/example_dags/example_setup_teardown_taskflow.py
[2023-06-21T01:38:05.408+0100] {processor.py:179} INFO - Processing /home/opeyemi/.local/lib/python3.10/site-packages/airflow/example_dags/example_setup_teardown_taskflow.py took 0.088 seconds
[2023-06-21T01:38:59.801+0100] {processor.py:157} INFO - Started process (PID=23287) to work on /home/opeyemi/.local/lib/python3.10/site-packages/airflow/example_dags/example_setup_teardown_taskflow.py
[2023-06-21T01:38:59.804+0100] {processor.py:826} INFO - Processing file /home/opeyemi/.local/lib/python3.10/site-packages/airflow/example_dags/example_setup_teardown_taskflow.py for tasks to queue
[2023-06-21T01:38:59.805+0100] {logging_mixin.py:149} INFO - [2023-06-21T01:38:59.805+0100] {dagbag.py:541} INFO - Filling up the DagBag from /home/opeyemi/.local/lib/python3.10/site-packages/airflow/example_dags/example_setup_teardown_taskflow.py
[2023-06-21T01:38:59.810+0100] {processor.py:838} WARNING - No viable dags retrieved from /home/opeyemi/.local/lib/python3.10/site-packages/airflow/example_dags/example_setup_teardown_taskflow.py
[2023-06-21T01:38:59.840+0100] {processor.py:179} INFO - Processing /home/opeyemi/.local/lib/python3.10/site-packages/airflow/example_dags/example_setup_teardown_taskflow.py took 0.049 seconds
[2023-06-21T01:39:53.280+0100] {processor.py:157} INFO - Started process (PID=23343) to work on /home/opeyemi/.local/lib/python3.10/site-packages/airflow/example_dags/example_setup_teardown_taskflow.py
[2023-06-21T01:39:53.283+0100] {processor.py:826} INFO - Processing file /home/opeyemi/.local/lib/python3.10/site-packages/airflow/example_dags/example_setup_teardown_taskflow.py for tasks to queue
[2023-06-21T01:39:53.286+0100] {logging_mixin.py:149} INFO - [2023-06-21T01:39:53.285+0100] {dagbag.py:541} INFO - Filling up the DagBag from /home/opeyemi/.local/lib/python3.10/site-packages/airflow/example_dags/example_setup_teardown_taskflow.py
[2023-06-21T01:39:53.291+0100] {processor.py:838} WARNING - No viable dags retrieved from /home/opeyemi/.local/lib/python3.10/site-packages/airflow/example_dags/example_setup_teardown_taskflow.py
[2023-06-21T01:39:53.326+0100] {processor.py:179} INFO - Processing /home/opeyemi/.local/lib/python3.10/site-packages/airflow/example_dags/example_setup_teardown_taskflow.py took 0.057 seconds
[2023-06-21T01:40:43.994+0100] {processor.py:157} INFO - Started process (PID=23393) to work on /home/opeyemi/.local/lib/python3.10/site-packages/airflow/example_dags/example_setup_teardown_taskflow.py
[2023-06-21T01:40:44.008+0100] {processor.py:826} INFO - Processing file /home/opeyemi/.local/lib/python3.10/site-packages/airflow/example_dags/example_setup_teardown_taskflow.py for tasks to queue
[2023-06-21T01:40:44.010+0100] {logging_mixin.py:149} INFO - [2023-06-21T01:40:44.010+0100] {dagbag.py:541} INFO - Filling up the DagBag from /home/opeyemi/.local/lib/python3.10/site-packages/airflow/example_dags/example_setup_teardown_taskflow.py
[2023-06-21T01:40:44.017+0100] {processor.py:838} WARNING - No viable dags retrieved from /home/opeyemi/.local/lib/python3.10/site-packages/airflow/example_dags/example_setup_teardown_taskflow.py
[2023-06-21T01:40:44.059+0100] {processor.py:179} INFO - Processing /home/opeyemi/.local/lib/python3.10/site-packages/airflow/example_dags/example_setup_teardown_taskflow.py took 0.074 seconds
