[2023-06-21T01:00:19.396+0100] {processor.py:157} INFO - Started process (PID=20529) to work on /home/opeyemi/.local/lib/python3.10/site-packages/airflow/example_dags/example_branch_labels.py
[2023-06-21T01:00:19.399+0100] {processor.py:826} INFO - Processing file /home/opeyemi/.local/lib/python3.10/site-packages/airflow/example_dags/example_branch_labels.py for tasks to queue
[2023-06-21T01:00:19.401+0100] {logging_mixin.py:149} INFO - [2023-06-21T01:00:19.400+0100] {dagbag.py:541} INFO - Filling up the DagBag from /home/opeyemi/.local/lib/python3.10/site-packages/airflow/example_dags/example_branch_labels.py
[2023-06-21T01:00:19.427+0100] {processor.py:836} INFO - DAG(s) dict_keys(['example_branch_labels']) retrieved from /home/opeyemi/.local/lib/python3.10/site-packages/airflow/example_dags/example_branch_labels.py
[2023-06-21T01:00:19.503+0100] {logging_mixin.py:149} INFO - [2023-06-21T01:00:19.503+0100] {dag.py:2726} INFO - Sync 1 DAGs
[2023-06-21T01:00:19.601+0100] {logging_mixin.py:149} INFO - [2023-06-21T01:00:19.601+0100] {dag.py:3486} INFO - Setting next_dagrun for example_branch_labels to 2023-06-20T00:00:00+00:00, run_after=2023-06-21T00:00:00+00:00
[2023-06-21T01:00:19.902+0100] {processor.py:179} INFO - Processing /home/opeyemi/.local/lib/python3.10/site-packages/airflow/example_dags/example_branch_labels.py took 0.515 seconds
[2023-06-21T01:02:36.891+0100] {processor.py:157} INFO - Started process (PID=20607) to work on /home/opeyemi/.local/lib/python3.10/site-packages/airflow/example_dags/example_branch_labels.py
[2023-06-21T01:02:36.986+0100] {processor.py:826} INFO - Processing file /home/opeyemi/.local/lib/python3.10/site-packages/airflow/example_dags/example_branch_labels.py for tasks to queue
[2023-06-21T01:02:36.989+0100] {logging_mixin.py:149} INFO - [2023-06-21T01:02:36.989+0100] {dagbag.py:541} INFO - Filling up the DagBag from /home/opeyemi/.local/lib/python3.10/site-packages/airflow/example_dags/example_branch_labels.py
[2023-06-21T01:02:37.061+0100] {processor.py:836} INFO - DAG(s) dict_keys(['example_branch_labels']) retrieved from /home/opeyemi/.local/lib/python3.10/site-packages/airflow/example_dags/example_branch_labels.py
[2023-06-21T01:02:37.224+0100] {logging_mixin.py:149} INFO - [2023-06-21T01:02:37.220+0100] {dag.py:2726} INFO - Sync 1 DAGs
[2023-06-21T01:02:37.301+0100] {logging_mixin.py:149} INFO - [2023-06-21T01:02:37.300+0100] {dag.py:3486} INFO - Setting next_dagrun for example_branch_labels to 2023-06-20T00:00:00+00:00, run_after=2023-06-21T00:00:00+00:00
[2023-06-21T01:02:37.392+0100] {processor.py:179} INFO - Processing /home/opeyemi/.local/lib/python3.10/site-packages/airflow/example_dags/example_branch_labels.py took 0.520 seconds
[2023-06-21T01:05:19.583+0100] {processor.py:157} INFO - Started process (PID=20685) to work on /home/opeyemi/.local/lib/python3.10/site-packages/airflow/example_dags/example_branch_labels.py
[2023-06-21T01:05:19.670+0100] {processor.py:826} INFO - Processing file /home/opeyemi/.local/lib/python3.10/site-packages/airflow/example_dags/example_branch_labels.py for tasks to queue
[2023-06-21T01:05:19.672+0100] {logging_mixin.py:149} INFO - [2023-06-21T01:05:19.672+0100] {dagbag.py:541} INFO - Filling up the DagBag from /home/opeyemi/.local/lib/python3.10/site-packages/airflow/example_dags/example_branch_labels.py
[2023-06-21T01:05:19.707+0100] {processor.py:836} INFO - DAG(s) dict_keys(['example_branch_labels']) retrieved from /home/opeyemi/.local/lib/python3.10/site-packages/airflow/example_dags/example_branch_labels.py
[2023-06-21T01:05:19.767+0100] {logging_mixin.py:149} INFO - [2023-06-21T01:05:19.767+0100] {dag.py:2726} INFO - Sync 1 DAGs
[2023-06-21T01:05:19.831+0100] {logging_mixin.py:149} INFO - [2023-06-21T01:05:19.831+0100] {dag.py:3486} INFO - Setting next_dagrun for example_branch_labels to 2023-06-20T00:00:00+00:00, run_after=2023-06-21T00:00:00+00:00
[2023-06-21T01:05:20.013+0100] {processor.py:179} INFO - Processing /home/opeyemi/.local/lib/python3.10/site-packages/airflow/example_dags/example_branch_labels.py took 0.438 seconds
[2023-06-21T01:07:36.894+0100] {processor.py:157} INFO - Started process (PID=20753) to work on /home/opeyemi/.local/lib/python3.10/site-packages/airflow/example_dags/example_branch_labels.py
[2023-06-21T01:07:36.966+0100] {processor.py:826} INFO - Processing file /home/opeyemi/.local/lib/python3.10/site-packages/airflow/example_dags/example_branch_labels.py for tasks to queue
[2023-06-21T01:07:36.971+0100] {logging_mixin.py:149} INFO - [2023-06-21T01:07:36.970+0100] {dagbag.py:541} INFO - Filling up the DagBag from /home/opeyemi/.local/lib/python3.10/site-packages/airflow/example_dags/example_branch_labels.py
[2023-06-21T01:07:37.034+0100] {processor.py:836} INFO - DAG(s) dict_keys(['example_branch_labels']) retrieved from /home/opeyemi/.local/lib/python3.10/site-packages/airflow/example_dags/example_branch_labels.py
[2023-06-21T01:07:37.150+0100] {logging_mixin.py:149} INFO - [2023-06-21T01:07:37.150+0100] {dag.py:2726} INFO - Sync 1 DAGs
[2023-06-21T01:07:37.201+0100] {logging_mixin.py:149} INFO - [2023-06-21T01:07:37.201+0100] {dag.py:3486} INFO - Setting next_dagrun for example_branch_labels to 2023-06-20T00:00:00+00:00, run_after=2023-06-21T00:00:00+00:00
[2023-06-21T01:07:37.418+0100] {processor.py:179} INFO - Processing /home/opeyemi/.local/lib/python3.10/site-packages/airflow/example_dags/example_branch_labels.py took 0.538 seconds
[2023-06-21T01:09:32.818+0100] {processor.py:157} INFO - Started process (PID=20832) to work on /home/opeyemi/.local/lib/python3.10/site-packages/airflow/example_dags/example_branch_labels.py
[2023-06-21T01:09:32.850+0100] {processor.py:826} INFO - Processing file /home/opeyemi/.local/lib/python3.10/site-packages/airflow/example_dags/example_branch_labels.py for tasks to queue
[2023-06-21T01:09:32.852+0100] {logging_mixin.py:149} INFO - [2023-06-21T01:09:32.851+0100] {dagbag.py:541} INFO - Filling up the DagBag from /home/opeyemi/.local/lib/python3.10/site-packages/airflow/example_dags/example_branch_labels.py
[2023-06-21T01:09:32.868+0100] {processor.py:836} INFO - DAG(s) dict_keys(['example_branch_labels']) retrieved from /home/opeyemi/.local/lib/python3.10/site-packages/airflow/example_dags/example_branch_labels.py
[2023-06-21T01:09:32.904+0100] {logging_mixin.py:149} INFO - [2023-06-21T01:09:32.904+0100] {dag.py:2726} INFO - Sync 1 DAGs
[2023-06-21T01:09:32.973+0100] {logging_mixin.py:149} INFO - [2023-06-21T01:09:32.972+0100] {dag.py:3486} INFO - Setting next_dagrun for example_branch_labels to 2023-06-20T00:00:00+00:00, run_after=2023-06-21T00:00:00+00:00
[2023-06-21T01:09:33.247+0100] {processor.py:179} INFO - Processing /home/opeyemi/.local/lib/python3.10/site-packages/airflow/example_dags/example_branch_labels.py took 0.444 seconds
[2023-06-21T01:11:28.584+0100] {processor.py:157} INFO - Started process (PID=20899) to work on /home/opeyemi/.local/lib/python3.10/site-packages/airflow/example_dags/example_branch_labels.py
[2023-06-21T01:11:28.587+0100] {processor.py:826} INFO - Processing file /home/opeyemi/.local/lib/python3.10/site-packages/airflow/example_dags/example_branch_labels.py for tasks to queue
[2023-06-21T01:11:28.589+0100] {logging_mixin.py:149} INFO - [2023-06-21T01:11:28.589+0100] {dagbag.py:541} INFO - Filling up the DagBag from /home/opeyemi/.local/lib/python3.10/site-packages/airflow/example_dags/example_branch_labels.py
[2023-06-21T01:11:28.619+0100] {processor.py:836} INFO - DAG(s) dict_keys(['example_branch_labels']) retrieved from /home/opeyemi/.local/lib/python3.10/site-packages/airflow/example_dags/example_branch_labels.py
[2023-06-21T01:11:28.723+0100] {logging_mixin.py:149} INFO - [2023-06-21T01:11:28.722+0100] {dag.py:2726} INFO - Sync 1 DAGs
[2023-06-21T01:11:28.821+0100] {logging_mixin.py:149} INFO - [2023-06-21T01:11:28.819+0100] {dag.py:3486} INFO - Setting next_dagrun for example_branch_labels to 2023-06-20T00:00:00+00:00, run_after=2023-06-21T00:00:00+00:00
[2023-06-21T01:11:29.199+0100] {processor.py:179} INFO - Processing /home/opeyemi/.local/lib/python3.10/site-packages/airflow/example_dags/example_branch_labels.py took 0.626 seconds
[2023-06-21T01:13:43.248+0100] {processor.py:157} INFO - Started process (PID=20995) to work on /home/opeyemi/.local/lib/python3.10/site-packages/airflow/example_dags/example_branch_labels.py
[2023-06-21T01:13:43.273+0100] {processor.py:826} INFO - Processing file /home/opeyemi/.local/lib/python3.10/site-packages/airflow/example_dags/example_branch_labels.py for tasks to queue
[2023-06-21T01:13:43.274+0100] {logging_mixin.py:149} INFO - [2023-06-21T01:13:43.274+0100] {dagbag.py:541} INFO - Filling up the DagBag from /home/opeyemi/.local/lib/python3.10/site-packages/airflow/example_dags/example_branch_labels.py
[2023-06-21T01:13:43.298+0100] {processor.py:836} INFO - DAG(s) dict_keys(['example_branch_labels']) retrieved from /home/opeyemi/.local/lib/python3.10/site-packages/airflow/example_dags/example_branch_labels.py
[2023-06-21T01:13:43.366+0100] {logging_mixin.py:149} INFO - [2023-06-21T01:13:43.366+0100] {dag.py:2726} INFO - Sync 1 DAGs
[2023-06-21T01:13:43.392+0100] {logging_mixin.py:149} INFO - [2023-06-21T01:13:43.392+0100] {dag.py:3486} INFO - Setting next_dagrun for example_branch_labels to 2023-06-20T00:00:00+00:00, run_after=2023-06-21T00:00:00+00:00
[2023-06-21T01:13:43.653+0100] {processor.py:179} INFO - Processing /home/opeyemi/.local/lib/python3.10/site-packages/airflow/example_dags/example_branch_labels.py took 0.420 seconds
[2023-06-21T01:16:44.722+0100] {processor.py:157} INFO - Started process (PID=21070) to work on /home/opeyemi/.local/lib/python3.10/site-packages/airflow/example_dags/example_branch_labels.py
[2023-06-21T01:16:44.757+0100] {processor.py:826} INFO - Processing file /home/opeyemi/.local/lib/python3.10/site-packages/airflow/example_dags/example_branch_labels.py for tasks to queue
[2023-06-21T01:16:44.758+0100] {logging_mixin.py:149} INFO - [2023-06-21T01:16:44.758+0100] {dagbag.py:541} INFO - Filling up the DagBag from /home/opeyemi/.local/lib/python3.10/site-packages/airflow/example_dags/example_branch_labels.py
[2023-06-21T01:16:44.778+0100] {processor.py:836} INFO - DAG(s) dict_keys(['example_branch_labels']) retrieved from /home/opeyemi/.local/lib/python3.10/site-packages/airflow/example_dags/example_branch_labels.py
[2023-06-21T01:16:44.837+0100] {logging_mixin.py:149} INFO - [2023-06-21T01:16:44.836+0100] {dag.py:2726} INFO - Sync 1 DAGs
[2023-06-21T01:16:44.903+0100] {logging_mixin.py:149} INFO - [2023-06-21T01:16:44.902+0100] {dag.py:3486} INFO - Setting next_dagrun for example_branch_labels to 2023-06-20T00:00:00+00:00, run_after=2023-06-21T00:00:00+00:00
[2023-06-21T01:16:45.057+0100] {processor.py:179} INFO - Processing /home/opeyemi/.local/lib/python3.10/site-packages/airflow/example_dags/example_branch_labels.py took 0.349 seconds
[2023-06-21T01:18:00.190+0100] {processor.py:157} INFO - Started process (PID=21129) to work on /home/opeyemi/.local/lib/python3.10/site-packages/airflow/example_dags/example_branch_labels.py
[2023-06-21T01:18:00.285+0100] {processor.py:826} INFO - Processing file /home/opeyemi/.local/lib/python3.10/site-packages/airflow/example_dags/example_branch_labels.py for tasks to queue
[2023-06-21T01:18:00.288+0100] {logging_mixin.py:149} INFO - [2023-06-21T01:18:00.287+0100] {dagbag.py:541} INFO - Filling up the DagBag from /home/opeyemi/.local/lib/python3.10/site-packages/airflow/example_dags/example_branch_labels.py
[2023-06-21T01:18:00.316+0100] {processor.py:836} INFO - DAG(s) dict_keys(['example_branch_labels']) retrieved from /home/opeyemi/.local/lib/python3.10/site-packages/airflow/example_dags/example_branch_labels.py
[2023-06-21T01:18:00.389+0100] {logging_mixin.py:149} INFO - [2023-06-21T01:18:00.388+0100] {dag.py:2726} INFO - Sync 1 DAGs
[2023-06-21T01:18:00.466+0100] {logging_mixin.py:149} INFO - [2023-06-21T01:18:00.465+0100] {dag.py:3486} INFO - Setting next_dagrun for example_branch_labels to 2023-06-20T00:00:00+00:00, run_after=2023-06-21T00:00:00+00:00
[2023-06-21T01:18:00.622+0100] {processor.py:179} INFO - Processing /home/opeyemi/.local/lib/python3.10/site-packages/airflow/example_dags/example_branch_labels.py took 0.462 seconds
[2023-06-21T01:19:17.514+0100] {processor.py:157} INFO - Started process (PID=21188) to work on /home/opeyemi/.local/lib/python3.10/site-packages/airflow/example_dags/example_branch_labels.py
[2023-06-21T01:19:17.599+0100] {processor.py:826} INFO - Processing file /home/opeyemi/.local/lib/python3.10/site-packages/airflow/example_dags/example_branch_labels.py for tasks to queue
[2023-06-21T01:19:17.601+0100] {logging_mixin.py:149} INFO - [2023-06-21T01:19:17.601+0100] {dagbag.py:541} INFO - Filling up the DagBag from /home/opeyemi/.local/lib/python3.10/site-packages/airflow/example_dags/example_branch_labels.py
[2023-06-21T01:19:17.642+0100] {processor.py:836} INFO - DAG(s) dict_keys(['example_branch_labels']) retrieved from /home/opeyemi/.local/lib/python3.10/site-packages/airflow/example_dags/example_branch_labels.py
[2023-06-21T01:19:17.747+0100] {logging_mixin.py:149} INFO - [2023-06-21T01:19:17.747+0100] {dag.py:2726} INFO - Sync 1 DAGs
[2023-06-21T01:19:17.785+0100] {logging_mixin.py:149} INFO - [2023-06-21T01:19:17.785+0100] {dag.py:3486} INFO - Setting next_dagrun for example_branch_labels to 2023-06-20T00:00:00+00:00, run_after=2023-06-21T00:00:00+00:00
[2023-06-21T01:19:18.235+0100] {processor.py:179} INFO - Processing /home/opeyemi/.local/lib/python3.10/site-packages/airflow/example_dags/example_branch_labels.py took 0.726 seconds
[2023-06-21T01:21:03.028+0100] {processor.py:157} INFO - Started process (PID=21246) to work on /home/opeyemi/.local/lib/python3.10/site-packages/airflow/example_dags/example_branch_labels.py
[2023-06-21T01:21:03.034+0100] {processor.py:826} INFO - Processing file /home/opeyemi/.local/lib/python3.10/site-packages/airflow/example_dags/example_branch_labels.py for tasks to queue
[2023-06-21T01:21:03.036+0100] {logging_mixin.py:149} INFO - [2023-06-21T01:21:03.036+0100] {dagbag.py:541} INFO - Filling up the DagBag from /home/opeyemi/.local/lib/python3.10/site-packages/airflow/example_dags/example_branch_labels.py
[2023-06-21T01:21:03.063+0100] {processor.py:836} INFO - DAG(s) dict_keys(['example_branch_labels']) retrieved from /home/opeyemi/.local/lib/python3.10/site-packages/airflow/example_dags/example_branch_labels.py
[2023-06-21T01:21:03.121+0100] {logging_mixin.py:149} INFO - [2023-06-21T01:21:03.121+0100] {dag.py:2726} INFO - Sync 1 DAGs
[2023-06-21T01:21:03.182+0100] {logging_mixin.py:149} INFO - [2023-06-21T01:21:03.181+0100] {dag.py:3486} INFO - Setting next_dagrun for example_branch_labels to 2023-06-20T00:00:00+00:00, run_after=2023-06-21T00:00:00+00:00
[2023-06-21T01:21:03.391+0100] {processor.py:179} INFO - Processing /home/opeyemi/.local/lib/python3.10/site-packages/airflow/example_dags/example_branch_labels.py took 0.372 seconds
[2023-06-21T01:23:12.193+0100] {processor.py:157} INFO - Started process (PID=21325) to work on /home/opeyemi/.local/lib/python3.10/site-packages/airflow/example_dags/example_branch_labels.py
[2023-06-21T01:23:12.218+0100] {processor.py:826} INFO - Processing file /home/opeyemi/.local/lib/python3.10/site-packages/airflow/example_dags/example_branch_labels.py for tasks to queue
[2023-06-21T01:23:12.220+0100] {logging_mixin.py:149} INFO - [2023-06-21T01:23:12.219+0100] {dagbag.py:541} INFO - Filling up the DagBag from /home/opeyemi/.local/lib/python3.10/site-packages/airflow/example_dags/example_branch_labels.py
[2023-06-21T01:23:12.243+0100] {processor.py:836} INFO - DAG(s) dict_keys(['example_branch_labels']) retrieved from /home/opeyemi/.local/lib/python3.10/site-packages/airflow/example_dags/example_branch_labels.py
[2023-06-21T01:23:12.341+0100] {logging_mixin.py:149} INFO - [2023-06-21T01:23:12.341+0100] {dag.py:2726} INFO - Sync 1 DAGs
[2023-06-21T01:23:12.467+0100] {logging_mixin.py:149} INFO - [2023-06-21T01:23:12.467+0100] {dag.py:3486} INFO - Setting next_dagrun for example_branch_labels to 2023-06-20T00:00:00+00:00, run_after=2023-06-21T00:00:00+00:00
[2023-06-21T01:23:12.574+0100] {processor.py:179} INFO - Processing /home/opeyemi/.local/lib/python3.10/site-packages/airflow/example_dags/example_branch_labels.py took 0.388 seconds
[2023-06-21T01:24:45.132+0100] {processor.py:157} INFO - Started process (PID=21498) to work on /home/opeyemi/.local/lib/python3.10/site-packages/airflow/example_dags/example_branch_labels.py
[2023-06-21T01:24:45.136+0100] {processor.py:826} INFO - Processing file /home/opeyemi/.local/lib/python3.10/site-packages/airflow/example_dags/example_branch_labels.py for tasks to queue
[2023-06-21T01:24:45.137+0100] {logging_mixin.py:149} INFO - [2023-06-21T01:24:45.137+0100] {dagbag.py:541} INFO - Filling up the DagBag from /home/opeyemi/.local/lib/python3.10/site-packages/airflow/example_dags/example_branch_labels.py
[2023-06-21T01:24:45.155+0100] {processor.py:836} INFO - DAG(s) dict_keys(['example_branch_labels']) retrieved from /home/opeyemi/.local/lib/python3.10/site-packages/airflow/example_dags/example_branch_labels.py
[2023-06-21T01:24:45.224+0100] {logging_mixin.py:149} INFO - [2023-06-21T01:24:45.224+0100] {dag.py:2726} INFO - Sync 1 DAGs
[2023-06-21T01:24:45.274+0100] {logging_mixin.py:149} INFO - [2023-06-21T01:24:45.274+0100] {dag.py:3486} INFO - Setting next_dagrun for example_branch_labels to 2023-06-20T00:00:00+00:00, run_after=2023-06-21T00:00:00+00:00
[2023-06-21T01:24:45.350+0100] {processor.py:179} INFO - Processing /home/opeyemi/.local/lib/python3.10/site-packages/airflow/example_dags/example_branch_labels.py took 0.227 seconds
[2023-06-21T01:25:49.951+0100] {processor.py:157} INFO - Started process (PID=21657) to work on /home/opeyemi/.local/lib/python3.10/site-packages/airflow/example_dags/example_branch_labels.py
[2023-06-21T01:25:49.955+0100] {processor.py:826} INFO - Processing file /home/opeyemi/.local/lib/python3.10/site-packages/airflow/example_dags/example_branch_labels.py for tasks to queue
[2023-06-21T01:25:49.963+0100] {logging_mixin.py:149} INFO - [2023-06-21T01:25:49.962+0100] {dagbag.py:541} INFO - Filling up the DagBag from /home/opeyemi/.local/lib/python3.10/site-packages/airflow/example_dags/example_branch_labels.py
[2023-06-21T01:25:49.976+0100] {processor.py:836} INFO - DAG(s) dict_keys(['example_branch_labels']) retrieved from /home/opeyemi/.local/lib/python3.10/site-packages/airflow/example_dags/example_branch_labels.py
[2023-06-21T01:25:50.044+0100] {logging_mixin.py:149} INFO - [2023-06-21T01:25:50.036+0100] {dag.py:2726} INFO - Sync 1 DAGs
[2023-06-21T01:25:50.131+0100] {logging_mixin.py:149} INFO - [2023-06-21T01:25:50.130+0100] {dag.py:3486} INFO - Setting next_dagrun for example_branch_labels to 2023-06-20T00:00:00+00:00, run_after=2023-06-21T00:00:00+00:00
[2023-06-21T01:25:50.240+0100] {processor.py:179} INFO - Processing /home/opeyemi/.local/lib/python3.10/site-packages/airflow/example_dags/example_branch_labels.py took 0.295 seconds
[2023-06-21T01:27:27.023+0100] {processor.py:157} INFO - Started process (PID=21720) to work on /home/opeyemi/.local/lib/python3.10/site-packages/airflow/example_dags/example_branch_labels.py
[2023-06-21T01:27:27.194+0100] {processor.py:826} INFO - Processing file /home/opeyemi/.local/lib/python3.10/site-packages/airflow/example_dags/example_branch_labels.py for tasks to queue
[2023-06-21T01:27:27.198+0100] {logging_mixin.py:149} INFO - [2023-06-21T01:27:27.197+0100] {dagbag.py:541} INFO - Filling up the DagBag from /home/opeyemi/.local/lib/python3.10/site-packages/airflow/example_dags/example_branch_labels.py
[2023-06-21T01:27:27.239+0100] {processor.py:836} INFO - DAG(s) dict_keys(['example_branch_labels']) retrieved from /home/opeyemi/.local/lib/python3.10/site-packages/airflow/example_dags/example_branch_labels.py
[2023-06-21T01:27:27.360+0100] {logging_mixin.py:149} INFO - [2023-06-21T01:27:27.360+0100] {dag.py:2726} INFO - Sync 1 DAGs
[2023-06-21T01:27:27.442+0100] {logging_mixin.py:149} INFO - [2023-06-21T01:27:27.441+0100] {dag.py:3486} INFO - Setting next_dagrun for example_branch_labels to 2023-06-20T00:00:00+00:00, run_after=2023-06-21T00:00:00+00:00
[2023-06-21T01:27:28.887+0100] {processor.py:179} INFO - Processing /home/opeyemi/.local/lib/python3.10/site-packages/airflow/example_dags/example_branch_labels.py took 1.872 seconds
[2023-06-21T01:29:04.176+0100] {processor.py:157} INFO - Started process (PID=21834) to work on /home/opeyemi/.local/lib/python3.10/site-packages/airflow/example_dags/example_branch_labels.py
[2023-06-21T01:29:04.192+0100] {processor.py:826} INFO - Processing file /home/opeyemi/.local/lib/python3.10/site-packages/airflow/example_dags/example_branch_labels.py for tasks to queue
[2023-06-21T01:29:04.193+0100] {logging_mixin.py:149} INFO - [2023-06-21T01:29:04.193+0100] {dagbag.py:541} INFO - Filling up the DagBag from /home/opeyemi/.local/lib/python3.10/site-packages/airflow/example_dags/example_branch_labels.py
[2023-06-21T01:29:04.210+0100] {processor.py:836} INFO - DAG(s) dict_keys(['example_branch_labels']) retrieved from /home/opeyemi/.local/lib/python3.10/site-packages/airflow/example_dags/example_branch_labels.py
[2023-06-21T01:29:04.247+0100] {logging_mixin.py:149} INFO - [2023-06-21T01:29:04.247+0100] {dag.py:2726} INFO - Sync 1 DAGs
[2023-06-21T01:29:04.285+0100] {logging_mixin.py:149} INFO - [2023-06-21T01:29:04.285+0100] {dag.py:3486} INFO - Setting next_dagrun for example_branch_labels to 2023-06-20T00:00:00+00:00, run_after=2023-06-21T00:00:00+00:00
[2023-06-21T01:29:04.329+0100] {processor.py:179} INFO - Processing /home/opeyemi/.local/lib/python3.10/site-packages/airflow/example_dags/example_branch_labels.py took 0.159 seconds
[2023-06-21T01:30:02.426+0100] {processor.py:157} INFO - Started process (PID=21886) to work on /home/opeyemi/.local/lib/python3.10/site-packages/airflow/example_dags/example_branch_labels.py
[2023-06-21T01:30:02.438+0100] {processor.py:826} INFO - Processing file /home/opeyemi/.local/lib/python3.10/site-packages/airflow/example_dags/example_branch_labels.py for tasks to queue
[2023-06-21T01:30:02.440+0100] {logging_mixin.py:149} INFO - [2023-06-21T01:30:02.440+0100] {dagbag.py:541} INFO - Filling up the DagBag from /home/opeyemi/.local/lib/python3.10/site-packages/airflow/example_dags/example_branch_labels.py
[2023-06-21T01:30:02.465+0100] {processor.py:836} INFO - DAG(s) dict_keys(['example_branch_labels']) retrieved from /home/opeyemi/.local/lib/python3.10/site-packages/airflow/example_dags/example_branch_labels.py
[2023-06-21T01:30:02.542+0100] {logging_mixin.py:149} INFO - [2023-06-21T01:30:02.542+0100] {dag.py:2726} INFO - Sync 1 DAGs
[2023-06-21T01:30:02.622+0100] {logging_mixin.py:149} INFO - [2023-06-21T01:30:02.621+0100] {dag.py:3486} INFO - Setting next_dagrun for example_branch_labels to 2023-06-20T00:00:00+00:00, run_after=2023-06-21T00:00:00+00:00
[2023-06-21T01:30:02.704+0100] {processor.py:179} INFO - Processing /home/opeyemi/.local/lib/python3.10/site-packages/airflow/example_dags/example_branch_labels.py took 0.286 seconds
[2023-06-21T01:31:31.009+0100] {processor.py:157} INFO - Started process (PID=21959) to work on /home/opeyemi/.local/lib/python3.10/site-packages/airflow/example_dags/example_branch_labels.py
[2023-06-21T01:31:31.014+0100] {processor.py:826} INFO - Processing file /home/opeyemi/.local/lib/python3.10/site-packages/airflow/example_dags/example_branch_labels.py for tasks to queue
[2023-06-21T01:31:31.018+0100] {logging_mixin.py:149} INFO - [2023-06-21T01:31:31.017+0100] {dagbag.py:541} INFO - Filling up the DagBag from /home/opeyemi/.local/lib/python3.10/site-packages/airflow/example_dags/example_branch_labels.py
[2023-06-21T01:31:31.044+0100] {processor.py:836} INFO - DAG(s) dict_keys(['example_branch_labels']) retrieved from /home/opeyemi/.local/lib/python3.10/site-packages/airflow/example_dags/example_branch_labels.py
[2023-06-21T01:31:31.115+0100] {logging_mixin.py:149} INFO - [2023-06-21T01:31:31.115+0100] {dag.py:2726} INFO - Sync 1 DAGs
[2023-06-21T01:31:31.147+0100] {logging_mixin.py:149} INFO - [2023-06-21T01:31:31.147+0100] {dag.py:3486} INFO - Setting next_dagrun for example_branch_labels to 2023-06-20T00:00:00+00:00, run_after=2023-06-21T00:00:00+00:00
[2023-06-21T01:31:31.255+0100] {processor.py:179} INFO - Processing /home/opeyemi/.local/lib/python3.10/site-packages/airflow/example_dags/example_branch_labels.py took 0.256 seconds
[2023-06-21T01:32:33.398+0100] {processor.py:157} INFO - Started process (PID=22013) to work on /home/opeyemi/.local/lib/python3.10/site-packages/airflow/example_dags/example_branch_labels.py
[2023-06-21T01:32:33.403+0100] {processor.py:826} INFO - Processing file /home/opeyemi/.local/lib/python3.10/site-packages/airflow/example_dags/example_branch_labels.py for tasks to queue
[2023-06-21T01:32:33.405+0100] {logging_mixin.py:149} INFO - [2023-06-21T01:32:33.405+0100] {dagbag.py:541} INFO - Filling up the DagBag from /home/opeyemi/.local/lib/python3.10/site-packages/airflow/example_dags/example_branch_labels.py
[2023-06-21T01:32:33.426+0100] {processor.py:836} INFO - DAG(s) dict_keys(['example_branch_labels']) retrieved from /home/opeyemi/.local/lib/python3.10/site-packages/airflow/example_dags/example_branch_labels.py
[2023-06-21T01:32:33.484+0100] {logging_mixin.py:149} INFO - [2023-06-21T01:32:33.483+0100] {dag.py:2726} INFO - Sync 1 DAGs
[2023-06-21T01:32:33.523+0100] {logging_mixin.py:149} INFO - [2023-06-21T01:32:33.523+0100] {dag.py:3486} INFO - Setting next_dagrun for example_branch_labels to 2023-06-20T00:00:00+00:00, run_after=2023-06-21T00:00:00+00:00
[2023-06-21T01:32:33.590+0100] {processor.py:179} INFO - Processing /home/opeyemi/.local/lib/python3.10/site-packages/airflow/example_dags/example_branch_labels.py took 0.201 seconds
[2023-06-21T01:33:55.335+0100] {processor.py:157} INFO - Started process (PID=22191) to work on /home/opeyemi/.local/lib/python3.10/site-packages/airflow/example_dags/example_branch_labels.py
[2023-06-21T01:33:55.348+0100] {processor.py:826} INFO - Processing file /home/opeyemi/.local/lib/python3.10/site-packages/airflow/example_dags/example_branch_labels.py for tasks to queue
[2023-06-21T01:33:55.350+0100] {logging_mixin.py:149} INFO - [2023-06-21T01:33:55.350+0100] {dagbag.py:541} INFO - Filling up the DagBag from /home/opeyemi/.local/lib/python3.10/site-packages/airflow/example_dags/example_branch_labels.py
[2023-06-21T01:33:55.373+0100] {processor.py:836} INFO - DAG(s) dict_keys(['example_branch_labels']) retrieved from /home/opeyemi/.local/lib/python3.10/site-packages/airflow/example_dags/example_branch_labels.py
[2023-06-21T01:33:55.483+0100] {logging_mixin.py:149} INFO - [2023-06-21T01:33:55.482+0100] {dag.py:2726} INFO - Sync 1 DAGs
[2023-06-21T01:33:55.529+0100] {logging_mixin.py:149} INFO - [2023-06-21T01:33:55.528+0100] {dag.py:3486} INFO - Setting next_dagrun for example_branch_labels to 2023-06-20T00:00:00+00:00, run_after=2023-06-21T00:00:00+00:00
[2023-06-21T01:33:55.597+0100] {processor.py:179} INFO - Processing /home/opeyemi/.local/lib/python3.10/site-packages/airflow/example_dags/example_branch_labels.py took 0.271 seconds
[2023-06-21T01:35:13.684+0100] {processor.py:157} INFO - Started process (PID=22492) to work on /home/opeyemi/.local/lib/python3.10/site-packages/airflow/example_dags/example_branch_labels.py
[2023-06-21T01:35:13.687+0100] {processor.py:826} INFO - Processing file /home/opeyemi/.local/lib/python3.10/site-packages/airflow/example_dags/example_branch_labels.py for tasks to queue
[2023-06-21T01:35:13.689+0100] {logging_mixin.py:149} INFO - [2023-06-21T01:35:13.689+0100] {dagbag.py:541} INFO - Filling up the DagBag from /home/opeyemi/.local/lib/python3.10/site-packages/airflow/example_dags/example_branch_labels.py
[2023-06-21T01:35:13.709+0100] {processor.py:836} INFO - DAG(s) dict_keys(['example_branch_labels']) retrieved from /home/opeyemi/.local/lib/python3.10/site-packages/airflow/example_dags/example_branch_labels.py
[2023-06-21T01:35:13.765+0100] {logging_mixin.py:149} INFO - [2023-06-21T01:35:13.764+0100] {dag.py:2726} INFO - Sync 1 DAGs
[2023-06-21T01:35:13.826+0100] {logging_mixin.py:149} INFO - [2023-06-21T01:35:13.825+0100] {dag.py:3486} INFO - Setting next_dagrun for example_branch_labels to 2023-06-20T00:00:00+00:00, run_after=2023-06-21T00:00:00+00:00
[2023-06-21T01:35:13.886+0100] {processor.py:179} INFO - Processing /home/opeyemi/.local/lib/python3.10/site-packages/airflow/example_dags/example_branch_labels.py took 0.211 seconds
[2023-06-21T01:36:09.926+0100] {processor.py:157} INFO - Started process (PID=22721) to work on /home/opeyemi/.local/lib/python3.10/site-packages/airflow/example_dags/example_branch_labels.py
[2023-06-21T01:36:09.929+0100] {processor.py:826} INFO - Processing file /home/opeyemi/.local/lib/python3.10/site-packages/airflow/example_dags/example_branch_labels.py for tasks to queue
[2023-06-21T01:36:09.931+0100] {logging_mixin.py:149} INFO - [2023-06-21T01:36:09.930+0100] {dagbag.py:541} INFO - Filling up the DagBag from /home/opeyemi/.local/lib/python3.10/site-packages/airflow/example_dags/example_branch_labels.py
[2023-06-21T01:36:09.951+0100] {processor.py:836} INFO - DAG(s) dict_keys(['example_branch_labels']) retrieved from /home/opeyemi/.local/lib/python3.10/site-packages/airflow/example_dags/example_branch_labels.py
[2023-06-21T01:36:10.006+0100] {logging_mixin.py:149} INFO - [2023-06-21T01:36:10.006+0100] {dag.py:2726} INFO - Sync 1 DAGs
[2023-06-21T01:36:10.068+0100] {logging_mixin.py:149} INFO - [2023-06-21T01:36:10.067+0100] {dag.py:3486} INFO - Setting next_dagrun for example_branch_labels to 2023-06-20T00:00:00+00:00, run_after=2023-06-21T00:00:00+00:00
[2023-06-21T01:36:10.128+0100] {processor.py:179} INFO - Processing /home/opeyemi/.local/lib/python3.10/site-packages/airflow/example_dags/example_branch_labels.py took 0.211 seconds
[2023-06-21T01:37:34.688+0100] {processor.py:157} INFO - Started process (PID=23038) to work on /home/opeyemi/.local/lib/python3.10/site-packages/airflow/example_dags/example_branch_labels.py
[2023-06-21T01:37:34.708+0100] {processor.py:826} INFO - Processing file /home/opeyemi/.local/lib/python3.10/site-packages/airflow/example_dags/example_branch_labels.py for tasks to queue
[2023-06-21T01:37:34.711+0100] {logging_mixin.py:149} INFO - [2023-06-21T01:37:34.710+0100] {dagbag.py:541} INFO - Filling up the DagBag from /home/opeyemi/.local/lib/python3.10/site-packages/airflow/example_dags/example_branch_labels.py
[2023-06-21T01:37:34.735+0100] {processor.py:836} INFO - DAG(s) dict_keys(['example_branch_labels']) retrieved from /home/opeyemi/.local/lib/python3.10/site-packages/airflow/example_dags/example_branch_labels.py
[2023-06-21T01:37:34.833+0100] {logging_mixin.py:149} INFO - [2023-06-21T01:37:34.832+0100] {dag.py:2726} INFO - Sync 1 DAGs
[2023-06-21T01:37:34.962+0100] {logging_mixin.py:149} INFO - [2023-06-21T01:37:34.961+0100] {dag.py:3486} INFO - Setting next_dagrun for example_branch_labels to 2023-06-20T00:00:00+00:00, run_after=2023-06-21T00:00:00+00:00
[2023-06-21T01:37:35.051+0100] {processor.py:179} INFO - Processing /home/opeyemi/.local/lib/python3.10/site-packages/airflow/example_dags/example_branch_labels.py took 0.376 seconds
[2023-06-21T01:38:32.188+0100] {processor.py:157} INFO - Started process (PID=23260) to work on /home/opeyemi/.local/lib/python3.10/site-packages/airflow/example_dags/example_branch_labels.py
[2023-06-21T01:38:32.191+0100] {processor.py:826} INFO - Processing file /home/opeyemi/.local/lib/python3.10/site-packages/airflow/example_dags/example_branch_labels.py for tasks to queue
[2023-06-21T01:38:32.193+0100] {logging_mixin.py:149} INFO - [2023-06-21T01:38:32.192+0100] {dagbag.py:541} INFO - Filling up the DagBag from /home/opeyemi/.local/lib/python3.10/site-packages/airflow/example_dags/example_branch_labels.py
[2023-06-21T01:38:32.208+0100] {processor.py:836} INFO - DAG(s) dict_keys(['example_branch_labels']) retrieved from /home/opeyemi/.local/lib/python3.10/site-packages/airflow/example_dags/example_branch_labels.py
[2023-06-21T01:38:32.247+0100] {logging_mixin.py:149} INFO - [2023-06-21T01:38:32.247+0100] {dag.py:2726} INFO - Sync 1 DAGs
[2023-06-21T01:38:32.296+0100] {logging_mixin.py:149} INFO - [2023-06-21T01:38:32.296+0100] {dag.py:3486} INFO - Setting next_dagrun for example_branch_labels to 2023-06-20T00:00:00+00:00, run_after=2023-06-21T00:00:00+00:00
[2023-06-21T01:38:32.354+0100] {processor.py:179} INFO - Processing /home/opeyemi/.local/lib/python3.10/site-packages/airflow/example_dags/example_branch_labels.py took 0.186 seconds
[2023-06-21T01:39:51.923+0100] {processor.py:157} INFO - Started process (PID=23342) to work on /home/opeyemi/.local/lib/python3.10/site-packages/airflow/example_dags/example_branch_labels.py
[2023-06-21T01:39:51.928+0100] {processor.py:826} INFO - Processing file /home/opeyemi/.local/lib/python3.10/site-packages/airflow/example_dags/example_branch_labels.py for tasks to queue
[2023-06-21T01:39:51.938+0100] {logging_mixin.py:149} INFO - [2023-06-21T01:39:51.937+0100] {dagbag.py:541} INFO - Filling up the DagBag from /home/opeyemi/.local/lib/python3.10/site-packages/airflow/example_dags/example_branch_labels.py
[2023-06-21T01:39:51.973+0100] {processor.py:836} INFO - DAG(s) dict_keys(['example_branch_labels']) retrieved from /home/opeyemi/.local/lib/python3.10/site-packages/airflow/example_dags/example_branch_labels.py
[2023-06-21T01:39:52.059+0100] {logging_mixin.py:149} INFO - [2023-06-21T01:39:52.059+0100] {dag.py:2726} INFO - Sync 1 DAGs
[2023-06-21T01:39:52.113+0100] {logging_mixin.py:149} INFO - [2023-06-21T01:39:52.113+0100] {dag.py:3486} INFO - Setting next_dagrun for example_branch_labels to 2023-06-20T00:00:00+00:00, run_after=2023-06-21T00:00:00+00:00
[2023-06-21T01:39:52.166+0100] {processor.py:179} INFO - Processing /home/opeyemi/.local/lib/python3.10/site-packages/airflow/example_dags/example_branch_labels.py took 0.259 seconds
[2023-06-21T01:41:12.774+0100] {processor.py:157} INFO - Started process (PID=23415) to work on /home/opeyemi/.local/lib/python3.10/site-packages/airflow/example_dags/example_branch_labels.py
[2023-06-21T01:41:12.778+0100] {processor.py:826} INFO - Processing file /home/opeyemi/.local/lib/python3.10/site-packages/airflow/example_dags/example_branch_labels.py for tasks to queue
[2023-06-21T01:41:12.780+0100] {logging_mixin.py:149} INFO - [2023-06-21T01:41:12.779+0100] {dagbag.py:541} INFO - Filling up the DagBag from /home/opeyemi/.local/lib/python3.10/site-packages/airflow/example_dags/example_branch_labels.py
[2023-06-21T01:41:12.799+0100] {processor.py:836} INFO - DAG(s) dict_keys(['example_branch_labels']) retrieved from /home/opeyemi/.local/lib/python3.10/site-packages/airflow/example_dags/example_branch_labels.py
[2023-06-21T01:41:12.835+0100] {logging_mixin.py:149} INFO - [2023-06-21T01:41:12.835+0100] {dag.py:2726} INFO - Sync 1 DAGs
[2023-06-21T01:41:12.875+0100] {logging_mixin.py:149} INFO - [2023-06-21T01:41:12.875+0100] {dag.py:3486} INFO - Setting next_dagrun for example_branch_labels to 2023-06-20T00:00:00+00:00, run_after=2023-06-21T00:00:00+00:00
[2023-06-21T01:41:12.923+0100] {processor.py:179} INFO - Processing /home/opeyemi/.local/lib/python3.10/site-packages/airflow/example_dags/example_branch_labels.py took 0.155 seconds
