[2023-06-21T01:01:28.590+0100] {processor.py:157} INFO - Started process (PID=20569) to work on /home/opeyemi/.local/lib/python3.10/site-packages/airflow/example_dags/example_branch_operator.py
[2023-06-21T01:01:28.593+0100] {processor.py:826} INFO - Processing file /home/opeyemi/.local/lib/python3.10/site-packages/airflow/example_dags/example_branch_operator.py for tasks to queue
[2023-06-21T01:01:28.594+0100] {logging_mixin.py:149} INFO - [2023-06-21T01:01:28.594+0100] {dagbag.py:541} INFO - Filling up the DagBag from /home/opeyemi/.local/lib/python3.10/site-packages/airflow/example_dags/example_branch_operator.py
[2023-06-21T01:01:28.620+0100] {processor.py:836} INFO - DAG(s) dict_keys(['example_branch_operator']) retrieved from /home/opeyemi/.local/lib/python3.10/site-packages/airflow/example_dags/example_branch_operator.py
[2023-06-21T01:01:28.683+0100] {logging_mixin.py:149} INFO - [2023-06-21T01:01:28.682+0100] {dag.py:2726} INFO - Sync 1 DAGs
[2023-06-21T01:01:28.756+0100] {logging_mixin.py:149} INFO - [2023-06-21T01:01:28.755+0100] {dag.py:3486} INFO - Setting next_dagrun for example_branch_operator to 2023-06-20T00:00:00+00:00, run_after=2023-06-21T00:00:00+00:00
[2023-06-21T01:01:29.068+0100] {processor.py:179} INFO - Processing /home/opeyemi/.local/lib/python3.10/site-packages/airflow/example_dags/example_branch_operator.py took 0.487 seconds
[2023-06-21T01:03:52.557+0100] {processor.py:157} INFO - Started process (PID=20650) to work on /home/opeyemi/.local/lib/python3.10/site-packages/airflow/example_dags/example_branch_operator.py
[2023-06-21T01:03:52.568+0100] {processor.py:826} INFO - Processing file /home/opeyemi/.local/lib/python3.10/site-packages/airflow/example_dags/example_branch_operator.py for tasks to queue
[2023-06-21T01:03:52.570+0100] {logging_mixin.py:149} INFO - [2023-06-21T01:03:52.569+0100] {dagbag.py:541} INFO - Filling up the DagBag from /home/opeyemi/.local/lib/python3.10/site-packages/airflow/example_dags/example_branch_operator.py
[2023-06-21T01:03:52.603+0100] {processor.py:836} INFO - DAG(s) dict_keys(['example_branch_operator']) retrieved from /home/opeyemi/.local/lib/python3.10/site-packages/airflow/example_dags/example_branch_operator.py
[2023-06-21T01:03:52.712+0100] {logging_mixin.py:149} INFO - [2023-06-21T01:03:52.710+0100] {dag.py:2726} INFO - Sync 1 DAGs
[2023-06-21T01:03:52.747+0100] {logging_mixin.py:149} INFO - [2023-06-21T01:03:52.747+0100] {dag.py:3486} INFO - Setting next_dagrun for example_branch_operator to 2023-06-20T00:00:00+00:00, run_after=2023-06-21T00:00:00+00:00
[2023-06-21T01:03:53.164+0100] {processor.py:179} INFO - Processing /home/opeyemi/.local/lib/python3.10/site-packages/airflow/example_dags/example_branch_operator.py took 0.618 seconds
[2023-06-21T01:06:21.870+0100] {processor.py:157} INFO - Started process (PID=20721) to work on /home/opeyemi/.local/lib/python3.10/site-packages/airflow/example_dags/example_branch_operator.py
[2023-06-21T01:06:21.915+0100] {processor.py:826} INFO - Processing file /home/opeyemi/.local/lib/python3.10/site-packages/airflow/example_dags/example_branch_operator.py for tasks to queue
[2023-06-21T01:06:21.917+0100] {logging_mixin.py:149} INFO - [2023-06-21T01:06:21.916+0100] {dagbag.py:541} INFO - Filling up the DagBag from /home/opeyemi/.local/lib/python3.10/site-packages/airflow/example_dags/example_branch_operator.py
[2023-06-21T01:06:21.951+0100] {processor.py:836} INFO - DAG(s) dict_keys(['example_branch_operator']) retrieved from /home/opeyemi/.local/lib/python3.10/site-packages/airflow/example_dags/example_branch_operator.py
[2023-06-21T01:06:22.031+0100] {logging_mixin.py:149} INFO - [2023-06-21T01:06:22.031+0100] {dag.py:2726} INFO - Sync 1 DAGs
[2023-06-21T01:06:22.100+0100] {logging_mixin.py:149} INFO - [2023-06-21T01:06:22.100+0100] {dag.py:3486} INFO - Setting next_dagrun for example_branch_operator to 2023-06-20T00:00:00+00:00, run_after=2023-06-21T00:00:00+00:00
[2023-06-21T01:06:22.441+0100] {processor.py:179} INFO - Processing /home/opeyemi/.local/lib/python3.10/site-packages/airflow/example_dags/example_branch_operator.py took 0.584 seconds
[2023-06-21T01:08:36.041+0100] {processor.py:157} INFO - Started process (PID=20806) to work on /home/opeyemi/.local/lib/python3.10/site-packages/airflow/example_dags/example_branch_operator.py
[2023-06-21T01:08:36.047+0100] {processor.py:826} INFO - Processing file /home/opeyemi/.local/lib/python3.10/site-packages/airflow/example_dags/example_branch_operator.py for tasks to queue
[2023-06-21T01:08:36.051+0100] {logging_mixin.py:149} INFO - [2023-06-21T01:08:36.050+0100] {dagbag.py:541} INFO - Filling up the DagBag from /home/opeyemi/.local/lib/python3.10/site-packages/airflow/example_dags/example_branch_operator.py
[2023-06-21T01:08:36.083+0100] {processor.py:836} INFO - DAG(s) dict_keys(['example_branch_operator']) retrieved from /home/opeyemi/.local/lib/python3.10/site-packages/airflow/example_dags/example_branch_operator.py
[2023-06-21T01:08:36.135+0100] {logging_mixin.py:149} INFO - [2023-06-21T01:08:36.134+0100] {dag.py:2726} INFO - Sync 1 DAGs
[2023-06-21T01:08:36.183+0100] {logging_mixin.py:149} INFO - [2023-06-21T01:08:36.183+0100] {dag.py:3486} INFO - Setting next_dagrun for example_branch_operator to 2023-06-20T00:00:00+00:00, run_after=2023-06-21T00:00:00+00:00
[2023-06-21T01:08:36.248+0100] {processor.py:179} INFO - Processing /home/opeyemi/.local/lib/python3.10/site-packages/airflow/example_dags/example_branch_operator.py took 0.217 seconds
[2023-06-21T01:10:26.354+0100] {processor.py:157} INFO - Started process (PID=20873) to work on /home/opeyemi/.local/lib/python3.10/site-packages/airflow/example_dags/example_branch_operator.py
[2023-06-21T01:10:26.369+0100] {processor.py:826} INFO - Processing file /home/opeyemi/.local/lib/python3.10/site-packages/airflow/example_dags/example_branch_operator.py for tasks to queue
[2023-06-21T01:10:26.371+0100] {logging_mixin.py:149} INFO - [2023-06-21T01:10:26.371+0100] {dagbag.py:541} INFO - Filling up the DagBag from /home/opeyemi/.local/lib/python3.10/site-packages/airflow/example_dags/example_branch_operator.py
[2023-06-21T01:10:26.410+0100] {processor.py:836} INFO - DAG(s) dict_keys(['example_branch_operator']) retrieved from /home/opeyemi/.local/lib/python3.10/site-packages/airflow/example_dags/example_branch_operator.py
[2023-06-21T01:10:26.460+0100] {logging_mixin.py:149} INFO - [2023-06-21T01:10:26.460+0100] {dag.py:2726} INFO - Sync 1 DAGs
[2023-06-21T01:10:26.511+0100] {logging_mixin.py:149} INFO - [2023-06-21T01:10:26.511+0100] {dag.py:3486} INFO - Setting next_dagrun for example_branch_operator to 2023-06-20T00:00:00+00:00, run_after=2023-06-21T00:00:00+00:00
[2023-06-21T01:10:26.577+0100] {processor.py:179} INFO - Processing /home/opeyemi/.local/lib/python3.10/site-packages/airflow/example_dags/example_branch_operator.py took 0.238 seconds
[2023-06-21T01:12:53.497+0100] {processor.py:157} INFO - Started process (PID=20960) to work on /home/opeyemi/.local/lib/python3.10/site-packages/airflow/example_dags/example_branch_operator.py
[2023-06-21T01:12:53.531+0100] {processor.py:826} INFO - Processing file /home/opeyemi/.local/lib/python3.10/site-packages/airflow/example_dags/example_branch_operator.py for tasks to queue
[2023-06-21T01:12:53.534+0100] {logging_mixin.py:149} INFO - [2023-06-21T01:12:53.533+0100] {dagbag.py:541} INFO - Filling up the DagBag from /home/opeyemi/.local/lib/python3.10/site-packages/airflow/example_dags/example_branch_operator.py
[2023-06-21T01:12:53.568+0100] {processor.py:836} INFO - DAG(s) dict_keys(['example_branch_operator']) retrieved from /home/opeyemi/.local/lib/python3.10/site-packages/airflow/example_dags/example_branch_operator.py
[2023-06-21T01:12:53.644+0100] {logging_mixin.py:149} INFO - [2023-06-21T01:12:53.643+0100] {dag.py:2726} INFO - Sync 1 DAGs
[2023-06-21T01:12:53.757+0100] {logging_mixin.py:149} INFO - [2023-06-21T01:12:53.757+0100] {dag.py:3486} INFO - Setting next_dagrun for example_branch_operator to 2023-06-20T00:00:00+00:00, run_after=2023-06-21T00:00:00+00:00
[2023-06-21T01:12:54.057+0100] {processor.py:179} INFO - Processing /home/opeyemi/.local/lib/python3.10/site-packages/airflow/example_dags/example_branch_operator.py took 0.569 seconds
[2023-06-21T01:15:13.474+0100] {processor.py:157} INFO - Started process (PID=21028) to work on /home/opeyemi/.local/lib/python3.10/site-packages/airflow/example_dags/example_branch_operator.py
[2023-06-21T01:15:13.507+0100] {processor.py:826} INFO - Processing file /home/opeyemi/.local/lib/python3.10/site-packages/airflow/example_dags/example_branch_operator.py for tasks to queue
[2023-06-21T01:15:13.511+0100] {logging_mixin.py:149} INFO - [2023-06-21T01:15:13.510+0100] {dagbag.py:541} INFO - Filling up the DagBag from /home/opeyemi/.local/lib/python3.10/site-packages/airflow/example_dags/example_branch_operator.py
[2023-06-21T01:15:13.566+0100] {processor.py:836} INFO - DAG(s) dict_keys(['example_branch_operator']) retrieved from /home/opeyemi/.local/lib/python3.10/site-packages/airflow/example_dags/example_branch_operator.py
[2023-06-21T01:15:13.639+0100] {logging_mixin.py:149} INFO - [2023-06-21T01:15:13.639+0100] {dag.py:2726} INFO - Sync 1 DAGs
[2023-06-21T01:15:13.674+0100] {logging_mixin.py:149} INFO - [2023-06-21T01:15:13.674+0100] {dag.py:3486} INFO - Setting next_dagrun for example_branch_operator to 2023-06-20T00:00:00+00:00, run_after=2023-06-21T00:00:00+00:00
[2023-06-21T01:15:13.723+0100] {processor.py:179} INFO - Processing /home/opeyemi/.local/lib/python3.10/site-packages/airflow/example_dags/example_branch_operator.py took 0.265 seconds
[2023-06-21T01:17:26.035+0100] {processor.py:157} INFO - Started process (PID=21102) to work on /home/opeyemi/.local/lib/python3.10/site-packages/airflow/example_dags/example_branch_operator.py
[2023-06-21T01:17:26.039+0100] {processor.py:826} INFO - Processing file /home/opeyemi/.local/lib/python3.10/site-packages/airflow/example_dags/example_branch_operator.py for tasks to queue
[2023-06-21T01:17:26.043+0100] {logging_mixin.py:149} INFO - [2023-06-21T01:17:26.042+0100] {dagbag.py:541} INFO - Filling up the DagBag from /home/opeyemi/.local/lib/python3.10/site-packages/airflow/example_dags/example_branch_operator.py
[2023-06-21T01:17:26.086+0100] {processor.py:836} INFO - DAG(s) dict_keys(['example_branch_operator']) retrieved from /home/opeyemi/.local/lib/python3.10/site-packages/airflow/example_dags/example_branch_operator.py
[2023-06-21T01:17:26.197+0100] {logging_mixin.py:149} INFO - [2023-06-21T01:17:26.197+0100] {dag.py:2726} INFO - Sync 1 DAGs
[2023-06-21T01:17:26.282+0100] {logging_mixin.py:149} INFO - [2023-06-21T01:17:26.282+0100] {dag.py:3486} INFO - Setting next_dagrun for example_branch_operator to 2023-06-20T00:00:00+00:00, run_after=2023-06-21T00:00:00+00:00
[2023-06-21T01:17:26.389+0100] {processor.py:179} INFO - Processing /home/opeyemi/.local/lib/python3.10/site-packages/airflow/example_dags/example_branch_operator.py took 0.370 seconds
[2023-06-21T01:18:40.629+0100] {processor.py:157} INFO - Started process (PID=21159) to work on /home/opeyemi/.local/lib/python3.10/site-packages/airflow/example_dags/example_branch_operator.py
[2023-06-21T01:18:40.632+0100] {processor.py:826} INFO - Processing file /home/opeyemi/.local/lib/python3.10/site-packages/airflow/example_dags/example_branch_operator.py for tasks to queue
[2023-06-21T01:18:40.634+0100] {logging_mixin.py:149} INFO - [2023-06-21T01:18:40.634+0100] {dagbag.py:541} INFO - Filling up the DagBag from /home/opeyemi/.local/lib/python3.10/site-packages/airflow/example_dags/example_branch_operator.py
[2023-06-21T01:18:40.670+0100] {processor.py:836} INFO - DAG(s) dict_keys(['example_branch_operator']) retrieved from /home/opeyemi/.local/lib/python3.10/site-packages/airflow/example_dags/example_branch_operator.py
[2023-06-21T01:18:40.732+0100] {logging_mixin.py:149} INFO - [2023-06-21T01:18:40.732+0100] {dag.py:2726} INFO - Sync 1 DAGs
[2023-06-21T01:18:40.768+0100] {logging_mixin.py:149} INFO - [2023-06-21T01:18:40.768+0100] {dag.py:3486} INFO - Setting next_dagrun for example_branch_operator to 2023-06-20T00:00:00+00:00, run_after=2023-06-21T00:00:00+00:00
[2023-06-21T01:18:40.829+0100] {processor.py:179} INFO - Processing /home/opeyemi/.local/lib/python3.10/site-packages/airflow/example_dags/example_branch_operator.py took 0.212 seconds
[2023-06-21T01:19:55.907+0100] {processor.py:157} INFO - Started process (PID=21218) to work on /home/opeyemi/.local/lib/python3.10/site-packages/airflow/example_dags/example_branch_operator.py
[2023-06-21T01:19:56.141+0100] {processor.py:826} INFO - Processing file /home/opeyemi/.local/lib/python3.10/site-packages/airflow/example_dags/example_branch_operator.py for tasks to queue
[2023-06-21T01:19:56.143+0100] {logging_mixin.py:149} INFO - [2023-06-21T01:19:56.142+0100] {dagbag.py:541} INFO - Filling up the DagBag from /home/opeyemi/.local/lib/python3.10/site-packages/airflow/example_dags/example_branch_operator.py
[2023-06-21T01:19:56.201+0100] {processor.py:836} INFO - DAG(s) dict_keys(['example_branch_operator']) retrieved from /home/opeyemi/.local/lib/python3.10/site-packages/airflow/example_dags/example_branch_operator.py
[2023-06-21T01:19:56.339+0100] {logging_mixin.py:149} INFO - [2023-06-21T01:19:56.339+0100] {dag.py:2726} INFO - Sync 1 DAGs
[2023-06-21T01:19:56.428+0100] {logging_mixin.py:149} INFO - [2023-06-21T01:19:56.427+0100] {dag.py:3486} INFO - Setting next_dagrun for example_branch_operator to 2023-06-20T00:00:00+00:00, run_after=2023-06-21T00:00:00+00:00
[2023-06-21T01:19:56.519+0100] {processor.py:179} INFO - Processing /home/opeyemi/.local/lib/python3.10/site-packages/airflow/example_dags/example_branch_operator.py took 0.618 seconds
[2023-06-21T01:22:29.689+0100] {processor.py:157} INFO - Started process (PID=21292) to work on /home/opeyemi/.local/lib/python3.10/site-packages/airflow/example_dags/example_branch_operator.py
[2023-06-21T01:22:29.730+0100] {processor.py:826} INFO - Processing file /home/opeyemi/.local/lib/python3.10/site-packages/airflow/example_dags/example_branch_operator.py for tasks to queue
[2023-06-21T01:22:29.732+0100] {logging_mixin.py:149} INFO - [2023-06-21T01:22:29.732+0100] {dagbag.py:541} INFO - Filling up the DagBag from /home/opeyemi/.local/lib/python3.10/site-packages/airflow/example_dags/example_branch_operator.py
[2023-06-21T01:22:29.763+0100] {processor.py:836} INFO - DAG(s) dict_keys(['example_branch_operator']) retrieved from /home/opeyemi/.local/lib/python3.10/site-packages/airflow/example_dags/example_branch_operator.py
[2023-06-21T01:22:29.828+0100] {logging_mixin.py:149} INFO - [2023-06-21T01:22:29.828+0100] {dag.py:2726} INFO - Sync 1 DAGs
[2023-06-21T01:22:29.857+0100] {logging_mixin.py:149} INFO - [2023-06-21T01:22:29.857+0100] {dag.py:3486} INFO - Setting next_dagrun for example_branch_operator to 2023-06-20T00:00:00+00:00, run_after=2023-06-21T00:00:00+00:00
[2023-06-21T01:22:29.891+0100] {processor.py:179} INFO - Processing /home/opeyemi/.local/lib/python3.10/site-packages/airflow/example_dags/example_branch_operator.py took 0.214 seconds
[2023-06-21T01:24:04.451+0100] {processor.py:157} INFO - Started process (PID=21355) to work on /home/opeyemi/.local/lib/python3.10/site-packages/airflow/example_dags/example_branch_operator.py
[2023-06-21T01:24:04.454+0100] {processor.py:826} INFO - Processing file /home/opeyemi/.local/lib/python3.10/site-packages/airflow/example_dags/example_branch_operator.py for tasks to queue
[2023-06-21T01:24:04.455+0100] {logging_mixin.py:149} INFO - [2023-06-21T01:24:04.454+0100] {dagbag.py:541} INFO - Filling up the DagBag from /home/opeyemi/.local/lib/python3.10/site-packages/airflow/example_dags/example_branch_operator.py
[2023-06-21T01:24:04.487+0100] {processor.py:836} INFO - DAG(s) dict_keys(['example_branch_operator']) retrieved from /home/opeyemi/.local/lib/python3.10/site-packages/airflow/example_dags/example_branch_operator.py
[2023-06-21T01:24:04.574+0100] {logging_mixin.py:149} INFO - [2023-06-21T01:24:04.574+0100] {dag.py:2726} INFO - Sync 1 DAGs
[2023-06-21T01:24:04.651+0100] {logging_mixin.py:149} INFO - [2023-06-21T01:24:04.651+0100] {dag.py:3486} INFO - Setting next_dagrun for example_branch_operator to 2023-06-20T00:00:00+00:00, run_after=2023-06-21T00:00:00+00:00
[2023-06-21T01:24:04.731+0100] {processor.py:179} INFO - Processing /home/opeyemi/.local/lib/python3.10/site-packages/airflow/example_dags/example_branch_operator.py took 0.293 seconds
[2023-06-21T01:25:15.781+0100] {processor.py:157} INFO - Started process (PID=21591) to work on /home/opeyemi/.local/lib/python3.10/site-packages/airflow/example_dags/example_branch_operator.py
[2023-06-21T01:25:15.796+0100] {processor.py:826} INFO - Processing file /home/opeyemi/.local/lib/python3.10/site-packages/airflow/example_dags/example_branch_operator.py for tasks to queue
[2023-06-21T01:25:15.797+0100] {logging_mixin.py:149} INFO - [2023-06-21T01:25:15.797+0100] {dagbag.py:541} INFO - Filling up the DagBag from /home/opeyemi/.local/lib/python3.10/site-packages/airflow/example_dags/example_branch_operator.py
[2023-06-21T01:25:15.821+0100] {processor.py:836} INFO - DAG(s) dict_keys(['example_branch_operator']) retrieved from /home/opeyemi/.local/lib/python3.10/site-packages/airflow/example_dags/example_branch_operator.py
[2023-06-21T01:25:15.877+0100] {logging_mixin.py:149} INFO - [2023-06-21T01:25:15.877+0100] {dag.py:2726} INFO - Sync 1 DAGs
[2023-06-21T01:25:15.971+0100] {logging_mixin.py:149} INFO - [2023-06-21T01:25:15.970+0100] {dag.py:3486} INFO - Setting next_dagrun for example_branch_operator to 2023-06-20T00:00:00+00:00, run_after=2023-06-21T00:00:00+00:00
[2023-06-21T01:25:16.035+0100] {processor.py:179} INFO - Processing /home/opeyemi/.local/lib/python3.10/site-packages/airflow/example_dags/example_branch_operator.py took 0.260 seconds
[2023-06-21T01:26:33.866+0100] {processor.py:157} INFO - Started process (PID=21689) to work on /home/opeyemi/.local/lib/python3.10/site-packages/airflow/example_dags/example_branch_operator.py
[2023-06-21T01:26:34.886+0100] {processor.py:826} INFO - Processing file /home/opeyemi/.local/lib/python3.10/site-packages/airflow/example_dags/example_branch_operator.py for tasks to queue
[2023-06-21T01:26:34.889+0100] {logging_mixin.py:149} INFO - [2023-06-21T01:26:34.889+0100] {dagbag.py:541} INFO - Filling up the DagBag from /home/opeyemi/.local/lib/python3.10/site-packages/airflow/example_dags/example_branch_operator.py
[2023-06-21T01:26:34.935+0100] {processor.py:836} INFO - DAG(s) dict_keys(['example_branch_operator']) retrieved from /home/opeyemi/.local/lib/python3.10/site-packages/airflow/example_dags/example_branch_operator.py
[2023-06-21T01:26:35.038+0100] {logging_mixin.py:149} INFO - [2023-06-21T01:26:35.038+0100] {dag.py:2726} INFO - Sync 1 DAGs
[2023-06-21T01:26:35.081+0100] {logging_mixin.py:149} INFO - [2023-06-21T01:26:35.081+0100] {dag.py:3486} INFO - Setting next_dagrun for example_branch_operator to 2023-06-20T00:00:00+00:00, run_after=2023-06-21T00:00:00+00:00
[2023-06-21T01:26:35.144+0100] {processor.py:179} INFO - Processing /home/opeyemi/.local/lib/python3.10/site-packages/airflow/example_dags/example_branch_operator.py took 1.294 seconds
[2023-06-21T01:28:27.796+0100] {processor.py:157} INFO - Started process (PID=21803) to work on /home/opeyemi/.local/lib/python3.10/site-packages/airflow/example_dags/example_branch_operator.py
[2023-06-21T01:28:27.817+0100] {processor.py:826} INFO - Processing file /home/opeyemi/.local/lib/python3.10/site-packages/airflow/example_dags/example_branch_operator.py for tasks to queue
[2023-06-21T01:28:27.819+0100] {logging_mixin.py:149} INFO - [2023-06-21T01:28:27.818+0100] {dagbag.py:541} INFO - Filling up the DagBag from /home/opeyemi/.local/lib/python3.10/site-packages/airflow/example_dags/example_branch_operator.py
[2023-06-21T01:28:27.845+0100] {processor.py:836} INFO - DAG(s) dict_keys(['example_branch_operator']) retrieved from /home/opeyemi/.local/lib/python3.10/site-packages/airflow/example_dags/example_branch_operator.py
[2023-06-21T01:28:27.919+0100] {logging_mixin.py:149} INFO - [2023-06-21T01:28:27.919+0100] {dag.py:2726} INFO - Sync 1 DAGs
[2023-06-21T01:28:28.008+0100] {logging_mixin.py:149} INFO - [2023-06-21T01:28:28.008+0100] {dag.py:3486} INFO - Setting next_dagrun for example_branch_operator to 2023-06-20T00:00:00+00:00, run_after=2023-06-21T00:00:00+00:00
[2023-06-21T01:28:28.241+0100] {processor.py:179} INFO - Processing /home/opeyemi/.local/lib/python3.10/site-packages/airflow/example_dags/example_branch_operator.py took 0.452 seconds
[2023-06-21T01:29:34.302+0100] {processor.py:157} INFO - Started process (PID=21861) to work on /home/opeyemi/.local/lib/python3.10/site-packages/airflow/example_dags/example_branch_operator.py
[2023-06-21T01:29:34.318+0100] {processor.py:826} INFO - Processing file /home/opeyemi/.local/lib/python3.10/site-packages/airflow/example_dags/example_branch_operator.py for tasks to queue
[2023-06-21T01:29:34.320+0100] {logging_mixin.py:149} INFO - [2023-06-21T01:29:34.319+0100] {dagbag.py:541} INFO - Filling up the DagBag from /home/opeyemi/.local/lib/python3.10/site-packages/airflow/example_dags/example_branch_operator.py
[2023-06-21T01:29:34.347+0100] {processor.py:836} INFO - DAG(s) dict_keys(['example_branch_operator']) retrieved from /home/opeyemi/.local/lib/python3.10/site-packages/airflow/example_dags/example_branch_operator.py
[2023-06-21T01:29:34.435+0100] {logging_mixin.py:149} INFO - [2023-06-21T01:29:34.434+0100] {dag.py:2726} INFO - Sync 1 DAGs
[2023-06-21T01:29:34.497+0100] {logging_mixin.py:149} INFO - [2023-06-21T01:29:34.497+0100] {dag.py:3486} INFO - Setting next_dagrun for example_branch_operator to 2023-06-20T00:00:00+00:00, run_after=2023-06-21T00:00:00+00:00
[2023-06-21T01:29:34.542+0100] {processor.py:179} INFO - Processing /home/opeyemi/.local/lib/python3.10/site-packages/airflow/example_dags/example_branch_operator.py took 0.255 seconds
[2023-06-21T01:30:58.092+0100] {processor.py:157} INFO - Started process (PID=21933) to work on /home/opeyemi/.local/lib/python3.10/site-packages/airflow/example_dags/example_branch_operator.py
[2023-06-21T01:30:58.097+0100] {processor.py:826} INFO - Processing file /home/opeyemi/.local/lib/python3.10/site-packages/airflow/example_dags/example_branch_operator.py for tasks to queue
[2023-06-21T01:30:58.100+0100] {logging_mixin.py:149} INFO - [2023-06-21T01:30:58.099+0100] {dagbag.py:541} INFO - Filling up the DagBag from /home/opeyemi/.local/lib/python3.10/site-packages/airflow/example_dags/example_branch_operator.py
[2023-06-21T01:30:58.123+0100] {processor.py:836} INFO - DAG(s) dict_keys(['example_branch_operator']) retrieved from /home/opeyemi/.local/lib/python3.10/site-packages/airflow/example_dags/example_branch_operator.py
[2023-06-21T01:30:58.182+0100] {logging_mixin.py:149} INFO - [2023-06-21T01:30:58.182+0100] {dag.py:2726} INFO - Sync 1 DAGs
[2023-06-21T01:30:58.244+0100] {logging_mixin.py:149} INFO - [2023-06-21T01:30:58.243+0100] {dag.py:3486} INFO - Setting next_dagrun for example_branch_operator to 2023-06-20T00:00:00+00:00, run_after=2023-06-21T00:00:00+00:00
[2023-06-21T01:30:58.318+0100] {processor.py:179} INFO - Processing /home/opeyemi/.local/lib/python3.10/site-packages/airflow/example_dags/example_branch_operator.py took 0.235 seconds
[2023-06-21T01:32:03.047+0100] {processor.py:157} INFO - Started process (PID=21987) to work on /home/opeyemi/.local/lib/python3.10/site-packages/airflow/example_dags/example_branch_operator.py
[2023-06-21T01:32:03.061+0100] {processor.py:826} INFO - Processing file /home/opeyemi/.local/lib/python3.10/site-packages/airflow/example_dags/example_branch_operator.py for tasks to queue
[2023-06-21T01:32:03.063+0100] {logging_mixin.py:149} INFO - [2023-06-21T01:32:03.062+0100] {dagbag.py:541} INFO - Filling up the DagBag from /home/opeyemi/.local/lib/python3.10/site-packages/airflow/example_dags/example_branch_operator.py
[2023-06-21T01:32:03.091+0100] {processor.py:836} INFO - DAG(s) dict_keys(['example_branch_operator']) retrieved from /home/opeyemi/.local/lib/python3.10/site-packages/airflow/example_dags/example_branch_operator.py
[2023-06-21T01:32:03.152+0100] {logging_mixin.py:149} INFO - [2023-06-21T01:32:03.151+0100] {dag.py:2726} INFO - Sync 1 DAGs
[2023-06-21T01:32:03.213+0100] {logging_mixin.py:149} INFO - [2023-06-21T01:32:03.213+0100] {dag.py:3486} INFO - Setting next_dagrun for example_branch_operator to 2023-06-20T00:00:00+00:00, run_after=2023-06-21T00:00:00+00:00
[2023-06-21T01:32:03.264+0100] {processor.py:179} INFO - Processing /home/opeyemi/.local/lib/python3.10/site-packages/airflow/example_dags/example_branch_operator.py took 0.225 seconds
[2023-06-21T01:33:00.212+0100] {processor.py:157} INFO - Started process (PID=22046) to work on /home/opeyemi/.local/lib/python3.10/site-packages/airflow/example_dags/example_branch_operator.py
[2023-06-21T01:33:00.219+0100] {processor.py:826} INFO - Processing file /home/opeyemi/.local/lib/python3.10/site-packages/airflow/example_dags/example_branch_operator.py for tasks to queue
[2023-06-21T01:33:00.221+0100] {logging_mixin.py:149} INFO - [2023-06-21T01:33:00.221+0100] {dagbag.py:541} INFO - Filling up the DagBag from /home/opeyemi/.local/lib/python3.10/site-packages/airflow/example_dags/example_branch_operator.py
[2023-06-21T01:33:00.248+0100] {processor.py:836} INFO - DAG(s) dict_keys(['example_branch_operator']) retrieved from /home/opeyemi/.local/lib/python3.10/site-packages/airflow/example_dags/example_branch_operator.py
[2023-06-21T01:33:00.310+0100] {logging_mixin.py:149} INFO - [2023-06-21T01:33:00.310+0100] {dag.py:2726} INFO - Sync 1 DAGs
[2023-06-21T01:33:00.362+0100] {logging_mixin.py:149} INFO - [2023-06-21T01:33:00.361+0100] {dag.py:3486} INFO - Setting next_dagrun for example_branch_operator to 2023-06-20T00:00:00+00:00, run_after=2023-06-21T00:00:00+00:00
[2023-06-21T01:33:00.418+0100] {processor.py:179} INFO - Processing /home/opeyemi/.local/lib/python3.10/site-packages/airflow/example_dags/example_branch_operator.py took 0.216 seconds
[2023-06-21T01:34:21.024+0100] {processor.py:157} INFO - Started process (PID=22285) to work on /home/opeyemi/.local/lib/python3.10/site-packages/airflow/example_dags/example_branch_operator.py
[2023-06-21T01:34:21.039+0100] {processor.py:826} INFO - Processing file /home/opeyemi/.local/lib/python3.10/site-packages/airflow/example_dags/example_branch_operator.py for tasks to queue
[2023-06-21T01:34:21.041+0100] {logging_mixin.py:149} INFO - [2023-06-21T01:34:21.040+0100] {dagbag.py:541} INFO - Filling up the DagBag from /home/opeyemi/.local/lib/python3.10/site-packages/airflow/example_dags/example_branch_operator.py
[2023-06-21T01:34:21.066+0100] {processor.py:836} INFO - DAG(s) dict_keys(['example_branch_operator']) retrieved from /home/opeyemi/.local/lib/python3.10/site-packages/airflow/example_dags/example_branch_operator.py
[2023-06-21T01:34:21.121+0100] {logging_mixin.py:149} INFO - [2023-06-21T01:34:21.121+0100] {dag.py:2726} INFO - Sync 1 DAGs
[2023-06-21T01:34:21.150+0100] {logging_mixin.py:149} INFO - [2023-06-21T01:34:21.150+0100] {dag.py:3486} INFO - Setting next_dagrun for example_branch_operator to 2023-06-20T00:00:00+00:00, run_after=2023-06-21T00:00:00+00:00
[2023-06-21T01:34:21.223+0100] {processor.py:179} INFO - Processing /home/opeyemi/.local/lib/python3.10/site-packages/airflow/example_dags/example_branch_operator.py took 0.207 seconds
[2023-06-21T01:35:43.006+0100] {processor.py:157} INFO - Started process (PID=22533) to work on /home/opeyemi/.local/lib/python3.10/site-packages/airflow/example_dags/example_branch_operator.py
[2023-06-21T01:35:43.015+0100] {processor.py:826} INFO - Processing file /home/opeyemi/.local/lib/python3.10/site-packages/airflow/example_dags/example_branch_operator.py for tasks to queue
[2023-06-21T01:35:43.017+0100] {logging_mixin.py:149} INFO - [2023-06-21T01:35:43.016+0100] {dagbag.py:541} INFO - Filling up the DagBag from /home/opeyemi/.local/lib/python3.10/site-packages/airflow/example_dags/example_branch_operator.py
[2023-06-21T01:35:43.029+0100] {processor.py:836} INFO - DAG(s) dict_keys(['example_branch_operator']) retrieved from /home/opeyemi/.local/lib/python3.10/site-packages/airflow/example_dags/example_branch_operator.py
[2023-06-21T01:35:43.052+0100] {logging_mixin.py:149} INFO - [2023-06-21T01:35:43.052+0100] {dag.py:2726} INFO - Sync 1 DAGs
[2023-06-21T01:35:43.100+0100] {logging_mixin.py:149} INFO - [2023-06-21T01:35:43.100+0100] {dag.py:3486} INFO - Setting next_dagrun for example_branch_operator to 2023-06-20T00:00:00+00:00, run_after=2023-06-21T00:00:00+00:00
[2023-06-21T01:35:43.135+0100] {processor.py:179} INFO - Processing /home/opeyemi/.local/lib/python3.10/site-packages/airflow/example_dags/example_branch_operator.py took 0.142 seconds
[2023-06-21T01:37:05.141+0100] {processor.py:157} INFO - Started process (PID=22779) to work on /home/opeyemi/.local/lib/python3.10/site-packages/airflow/example_dags/example_branch_operator.py
[2023-06-21T01:37:05.144+0100] {processor.py:826} INFO - Processing file /home/opeyemi/.local/lib/python3.10/site-packages/airflow/example_dags/example_branch_operator.py for tasks to queue
[2023-06-21T01:37:05.146+0100] {logging_mixin.py:149} INFO - [2023-06-21T01:37:05.146+0100] {dagbag.py:541} INFO - Filling up the DagBag from /home/opeyemi/.local/lib/python3.10/site-packages/airflow/example_dags/example_branch_operator.py
[2023-06-21T01:37:05.176+0100] {processor.py:836} INFO - DAG(s) dict_keys(['example_branch_operator']) retrieved from /home/opeyemi/.local/lib/python3.10/site-packages/airflow/example_dags/example_branch_operator.py
[2023-06-21T01:37:05.246+0100] {logging_mixin.py:149} INFO - [2023-06-21T01:37:05.246+0100] {dag.py:2726} INFO - Sync 1 DAGs
[2023-06-21T01:37:05.315+0100] {logging_mixin.py:149} INFO - [2023-06-21T01:37:05.315+0100] {dag.py:3486} INFO - Setting next_dagrun for example_branch_operator to 2023-06-20T00:00:00+00:00, run_after=2023-06-21T00:00:00+00:00
[2023-06-21T01:37:05.415+0100] {processor.py:179} INFO - Processing /home/opeyemi/.local/lib/python3.10/site-packages/airflow/example_dags/example_branch_operator.py took 0.286 seconds
[2023-06-21T01:38:04.041+0100] {processor.py:157} INFO - Started process (PID=23128) to work on /home/opeyemi/.local/lib/python3.10/site-packages/airflow/example_dags/example_branch_operator.py
[2023-06-21T01:38:04.046+0100] {processor.py:826} INFO - Processing file /home/opeyemi/.local/lib/python3.10/site-packages/airflow/example_dags/example_branch_operator.py for tasks to queue
[2023-06-21T01:38:04.048+0100] {logging_mixin.py:149} INFO - [2023-06-21T01:38:04.047+0100] {dagbag.py:541} INFO - Filling up the DagBag from /home/opeyemi/.local/lib/python3.10/site-packages/airflow/example_dags/example_branch_operator.py
[2023-06-21T01:38:04.087+0100] {processor.py:836} INFO - DAG(s) dict_keys(['example_branch_operator']) retrieved from /home/opeyemi/.local/lib/python3.10/site-packages/airflow/example_dags/example_branch_operator.py
[2023-06-21T01:38:04.135+0100] {logging_mixin.py:149} INFO - [2023-06-21T01:38:04.134+0100] {dag.py:2726} INFO - Sync 1 DAGs
[2023-06-21T01:38:04.172+0100] {logging_mixin.py:149} INFO - [2023-06-21T01:38:04.172+0100] {dag.py:3486} INFO - Setting next_dagrun for example_branch_operator to 2023-06-20T00:00:00+00:00, run_after=2023-06-21T00:00:00+00:00
[2023-06-21T01:38:04.219+0100] {processor.py:179} INFO - Processing /home/opeyemi/.local/lib/python3.10/site-packages/airflow/example_dags/example_branch_operator.py took 0.187 seconds
[2023-06-21T01:39:25.833+0100] {processor.py:157} INFO - Started process (PID=23307) to work on /home/opeyemi/.local/lib/python3.10/site-packages/airflow/example_dags/example_branch_operator.py
[2023-06-21T01:39:25.836+0100] {processor.py:826} INFO - Processing file /home/opeyemi/.local/lib/python3.10/site-packages/airflow/example_dags/example_branch_operator.py for tasks to queue
[2023-06-21T01:39:25.838+0100] {logging_mixin.py:149} INFO - [2023-06-21T01:39:25.838+0100] {dagbag.py:541} INFO - Filling up the DagBag from /home/opeyemi/.local/lib/python3.10/site-packages/airflow/example_dags/example_branch_operator.py
[2023-06-21T01:39:25.868+0100] {processor.py:836} INFO - DAG(s) dict_keys(['example_branch_operator']) retrieved from /home/opeyemi/.local/lib/python3.10/site-packages/airflow/example_dags/example_branch_operator.py
[2023-06-21T01:39:25.942+0100] {logging_mixin.py:149} INFO - [2023-06-21T01:39:25.942+0100] {dag.py:2726} INFO - Sync 1 DAGs
[2023-06-21T01:39:25.973+0100] {logging_mixin.py:149} INFO - [2023-06-21T01:39:25.973+0100] {dag.py:3486} INFO - Setting next_dagrun for example_branch_operator to 2023-06-20T00:00:00+00:00, run_after=2023-06-21T00:00:00+00:00
[2023-06-21T01:39:26.020+0100] {processor.py:179} INFO - Processing /home/opeyemi/.local/lib/python3.10/site-packages/airflow/example_dags/example_branch_operator.py took 0.197 seconds
[2023-06-21T01:40:42.688+0100] {processor.py:157} INFO - Started process (PID=23392) to work on /home/opeyemi/.local/lib/python3.10/site-packages/airflow/example_dags/example_branch_operator.py
[2023-06-21T01:40:42.691+0100] {processor.py:826} INFO - Processing file /home/opeyemi/.local/lib/python3.10/site-packages/airflow/example_dags/example_branch_operator.py for tasks to queue
[2023-06-21T01:40:42.694+0100] {logging_mixin.py:149} INFO - [2023-06-21T01:40:42.693+0100] {dagbag.py:541} INFO - Filling up the DagBag from /home/opeyemi/.local/lib/python3.10/site-packages/airflow/example_dags/example_branch_operator.py
[2023-06-21T01:40:42.717+0100] {processor.py:836} INFO - DAG(s) dict_keys(['example_branch_operator']) retrieved from /home/opeyemi/.local/lib/python3.10/site-packages/airflow/example_dags/example_branch_operator.py
[2023-06-21T01:40:42.770+0100] {logging_mixin.py:149} INFO - [2023-06-21T01:40:42.769+0100] {dag.py:2726} INFO - Sync 1 DAGs
[2023-06-21T01:40:42.798+0100] {logging_mixin.py:149} INFO - [2023-06-21T01:40:42.798+0100] {dag.py:3486} INFO - Setting next_dagrun for example_branch_operator to 2023-06-20T00:00:00+00:00, run_after=2023-06-21T00:00:00+00:00
[2023-06-21T01:40:42.838+0100] {processor.py:179} INFO - Processing /home/opeyemi/.local/lib/python3.10/site-packages/airflow/example_dags/example_branch_operator.py took 0.158 seconds
