[2023-06-21T01:00:56.965+0100] {processor.py:157} INFO - Started process (PID=20555) to work on /home/opeyemi/.local/lib/python3.10/site-packages/airflow/example_dags/example_external_task_marker_dag.py
[2023-06-21T01:00:56.968+0100] {processor.py:826} INFO - Processing file /home/opeyemi/.local/lib/python3.10/site-packages/airflow/example_dags/example_external_task_marker_dag.py for tasks to queue
[2023-06-21T01:00:56.974+0100] {logging_mixin.py:149} INFO - [2023-06-21T01:00:56.973+0100] {dagbag.py:541} INFO - Filling up the DagBag from /home/opeyemi/.local/lib/python3.10/site-packages/airflow/example_dags/example_external_task_marker_dag.py
[2023-06-21T01:00:57.019+0100] {processor.py:836} INFO - DAG(s) dict_keys(['example_external_task_marker_parent', 'example_external_task_marker_child']) retrieved from /home/opeyemi/.local/lib/python3.10/site-packages/airflow/example_dags/example_external_task_marker_dag.py
[2023-06-21T01:00:57.098+0100] {logging_mixin.py:149} INFO - [2023-06-21T01:00:57.098+0100] {dag.py:2726} INFO - Sync 2 DAGs
[2023-06-21T01:00:57.132+0100] {logging_mixin.py:149} INFO - [2023-06-21T01:00:57.131+0100] {dag.py:3486} INFO - Setting next_dagrun for example_external_task_marker_child to None, run_after=None
[2023-06-21T01:00:57.140+0100] {logging_mixin.py:149} INFO - [2023-06-21T01:00:57.140+0100] {dag.py:3486} INFO - Setting next_dagrun for example_external_task_marker_parent to None, run_after=None
[2023-06-21T01:00:57.866+0100] {processor.py:179} INFO - Processing /home/opeyemi/.local/lib/python3.10/site-packages/airflow/example_dags/example_external_task_marker_dag.py took 0.918 seconds
[2023-06-21T01:02:04.773+0100] {processor.py:157} INFO - Started process (PID=20595) to work on /home/opeyemi/.local/lib/python3.10/site-packages/airflow/example_dags/example_external_task_marker_dag.py
[2023-06-21T01:02:04.869+0100] {processor.py:826} INFO - Processing file /home/opeyemi/.local/lib/python3.10/site-packages/airflow/example_dags/example_external_task_marker_dag.py for tasks to queue
[2023-06-21T01:02:04.871+0100] {logging_mixin.py:149} INFO - [2023-06-21T01:02:04.870+0100] {dagbag.py:541} INFO - Filling up the DagBag from /home/opeyemi/.local/lib/python3.10/site-packages/airflow/example_dags/example_external_task_marker_dag.py
[2023-06-21T01:02:04.897+0100] {processor.py:836} INFO - DAG(s) dict_keys(['example_external_task_marker_parent', 'example_external_task_marker_child']) retrieved from /home/opeyemi/.local/lib/python3.10/site-packages/airflow/example_dags/example_external_task_marker_dag.py
[2023-06-21T01:02:05.607+0100] {logging_mixin.py:149} INFO - [2023-06-21T01:02:05.607+0100] {dag.py:2726} INFO - Sync 2 DAGs
[2023-06-21T01:02:06.105+0100] {logging_mixin.py:149} INFO - [2023-06-21T01:02:06.105+0100] {dag.py:3486} INFO - Setting next_dagrun for example_external_task_marker_child to None, run_after=None
[2023-06-21T01:02:06.232+0100] {logging_mixin.py:149} INFO - [2023-06-21T01:02:06.231+0100] {dag.py:3486} INFO - Setting next_dagrun for example_external_task_marker_parent to None, run_after=None
[2023-06-21T01:02:09.428+0100] {processor.py:179} INFO - Processing /home/opeyemi/.local/lib/python3.10/site-packages/airflow/example_dags/example_external_task_marker_dag.py took 4.663 seconds
[2023-06-21T01:03:24.812+0100] {processor.py:157} INFO - Started process (PID=20638) to work on /home/opeyemi/.local/lib/python3.10/site-packages/airflow/example_dags/example_external_task_marker_dag.py
[2023-06-21T01:03:24.887+0100] {processor.py:826} INFO - Processing file /home/opeyemi/.local/lib/python3.10/site-packages/airflow/example_dags/example_external_task_marker_dag.py for tasks to queue
[2023-06-21T01:03:24.888+0100] {logging_mixin.py:149} INFO - [2023-06-21T01:03:24.888+0100] {dagbag.py:541} INFO - Filling up the DagBag from /home/opeyemi/.local/lib/python3.10/site-packages/airflow/example_dags/example_external_task_marker_dag.py
[2023-06-21T01:03:24.897+0100] {processor.py:836} INFO - DAG(s) dict_keys(['example_external_task_marker_parent', 'example_external_task_marker_child']) retrieved from /home/opeyemi/.local/lib/python3.10/site-packages/airflow/example_dags/example_external_task_marker_dag.py
[2023-06-21T01:03:24.989+0100] {logging_mixin.py:149} INFO - [2023-06-21T01:03:24.989+0100] {dag.py:2726} INFO - Sync 2 DAGs
[2023-06-21T01:03:25.044+0100] {logging_mixin.py:149} INFO - [2023-06-21T01:03:25.043+0100] {dag.py:3486} INFO - Setting next_dagrun for example_external_task_marker_child to None, run_after=None
[2023-06-21T01:03:25.050+0100] {logging_mixin.py:149} INFO - [2023-06-21T01:03:25.050+0100] {dag.py:3486} INFO - Setting next_dagrun for example_external_task_marker_parent to None, run_after=None
[2023-06-21T01:03:25.291+0100] {processor.py:179} INFO - Processing /home/opeyemi/.local/lib/python3.10/site-packages/airflow/example_dags/example_external_task_marker_dag.py took 0.483 seconds
[2023-06-21T01:06:03.879+0100] {processor.py:157} INFO - Started process (PID=20709) to work on /home/opeyemi/.local/lib/python3.10/site-packages/airflow/example_dags/example_external_task_marker_dag.py
[2023-06-21T01:06:03.893+0100] {processor.py:826} INFO - Processing file /home/opeyemi/.local/lib/python3.10/site-packages/airflow/example_dags/example_external_task_marker_dag.py for tasks to queue
[2023-06-21T01:06:03.897+0100] {logging_mixin.py:149} INFO - [2023-06-21T01:06:03.896+0100] {dagbag.py:541} INFO - Filling up the DagBag from /home/opeyemi/.local/lib/python3.10/site-packages/airflow/example_dags/example_external_task_marker_dag.py
[2023-06-21T01:06:03.942+0100] {processor.py:836} INFO - DAG(s) dict_keys(['example_external_task_marker_child', 'example_external_task_marker_parent']) retrieved from /home/opeyemi/.local/lib/python3.10/site-packages/airflow/example_dags/example_external_task_marker_dag.py
[2023-06-21T01:06:03.989+0100] {logging_mixin.py:149} INFO - [2023-06-21T01:06:03.989+0100] {dag.py:2726} INFO - Sync 2 DAGs
[2023-06-21T01:06:04.042+0100] {logging_mixin.py:149} INFO - [2023-06-21T01:06:04.042+0100] {dag.py:3486} INFO - Setting next_dagrun for example_external_task_marker_child to None, run_after=None
[2023-06-21T01:06:04.047+0100] {logging_mixin.py:149} INFO - [2023-06-21T01:06:04.047+0100] {dag.py:3486} INFO - Setting next_dagrun for example_external_task_marker_parent to None, run_after=None
[2023-06-21T01:06:04.152+0100] {processor.py:179} INFO - Processing /home/opeyemi/.local/lib/python3.10/site-packages/airflow/example_dags/example_external_task_marker_dag.py took 0.297 seconds
[2023-06-21T01:08:17.040+0100] {processor.py:157} INFO - Started process (PID=20792) to work on /home/opeyemi/.local/lib/python3.10/site-packages/airflow/example_dags/example_external_task_marker_dag.py
[2023-06-21T01:08:17.145+0100] {processor.py:826} INFO - Processing file /home/opeyemi/.local/lib/python3.10/site-packages/airflow/example_dags/example_external_task_marker_dag.py for tasks to queue
[2023-06-21T01:08:17.149+0100] {logging_mixin.py:149} INFO - [2023-06-21T01:08:17.148+0100] {dagbag.py:541} INFO - Filling up the DagBag from /home/opeyemi/.local/lib/python3.10/site-packages/airflow/example_dags/example_external_task_marker_dag.py
[2023-06-21T01:08:17.183+0100] {processor.py:836} INFO - DAG(s) dict_keys(['example_external_task_marker_child', 'example_external_task_marker_parent']) retrieved from /home/opeyemi/.local/lib/python3.10/site-packages/airflow/example_dags/example_external_task_marker_dag.py
[2023-06-21T01:08:17.280+0100] {logging_mixin.py:149} INFO - [2023-06-21T01:08:17.279+0100] {dag.py:2726} INFO - Sync 2 DAGs
[2023-06-21T01:08:17.356+0100] {logging_mixin.py:149} INFO - [2023-06-21T01:08:17.356+0100] {dag.py:3486} INFO - Setting next_dagrun for example_external_task_marker_child to None, run_after=None
[2023-06-21T01:08:17.361+0100] {logging_mixin.py:149} INFO - [2023-06-21T01:08:17.361+0100] {dag.py:3486} INFO - Setting next_dagrun for example_external_task_marker_parent to None, run_after=None
[2023-06-21T01:08:17.563+0100] {processor.py:179} INFO - Processing /home/opeyemi/.local/lib/python3.10/site-packages/airflow/example_dags/example_external_task_marker_dag.py took 0.547 seconds
[2023-06-21T01:10:06.707+0100] {processor.py:157} INFO - Started process (PID=20858) to work on /home/opeyemi/.local/lib/python3.10/site-packages/airflow/example_dags/example_external_task_marker_dag.py
[2023-06-21T01:10:06.849+0100] {processor.py:826} INFO - Processing file /home/opeyemi/.local/lib/python3.10/site-packages/airflow/example_dags/example_external_task_marker_dag.py for tasks to queue
[2023-06-21T01:10:06.852+0100] {logging_mixin.py:149} INFO - [2023-06-21T01:10:06.851+0100] {dagbag.py:541} INFO - Filling up the DagBag from /home/opeyemi/.local/lib/python3.10/site-packages/airflow/example_dags/example_external_task_marker_dag.py
[2023-06-21T01:10:06.892+0100] {processor.py:836} INFO - DAG(s) dict_keys(['example_external_task_marker_parent', 'example_external_task_marker_child']) retrieved from /home/opeyemi/.local/lib/python3.10/site-packages/airflow/example_dags/example_external_task_marker_dag.py
[2023-06-21T01:10:06.937+0100] {logging_mixin.py:149} INFO - [2023-06-21T01:10:06.937+0100] {dag.py:2726} INFO - Sync 2 DAGs
[2023-06-21T01:10:06.976+0100] {logging_mixin.py:149} INFO - [2023-06-21T01:10:06.975+0100] {dag.py:3486} INFO - Setting next_dagrun for example_external_task_marker_child to None, run_after=None
[2023-06-21T01:10:06.982+0100] {logging_mixin.py:149} INFO - [2023-06-21T01:10:06.982+0100] {dag.py:3486} INFO - Setting next_dagrun for example_external_task_marker_parent to None, run_after=None
[2023-06-21T01:10:07.108+0100] {processor.py:179} INFO - Processing /home/opeyemi/.local/lib/python3.10/site-packages/airflow/example_dags/example_external_task_marker_dag.py took 0.411 seconds
[2023-06-21T01:12:04.399+0100] {processor.py:157} INFO - Started process (PID=20933) to work on /home/opeyemi/.local/lib/python3.10/site-packages/airflow/example_dags/example_external_task_marker_dag.py
[2023-06-21T01:12:04.405+0100] {processor.py:826} INFO - Processing file /home/opeyemi/.local/lib/python3.10/site-packages/airflow/example_dags/example_external_task_marker_dag.py for tasks to queue
[2023-06-21T01:12:04.406+0100] {logging_mixin.py:149} INFO - [2023-06-21T01:12:04.406+0100] {dagbag.py:541} INFO - Filling up the DagBag from /home/opeyemi/.local/lib/python3.10/site-packages/airflow/example_dags/example_external_task_marker_dag.py
[2023-06-21T01:12:04.415+0100] {processor.py:836} INFO - DAG(s) dict_keys(['example_external_task_marker_parent', 'example_external_task_marker_child']) retrieved from /home/opeyemi/.local/lib/python3.10/site-packages/airflow/example_dags/example_external_task_marker_dag.py
[2023-06-21T01:12:04.457+0100] {logging_mixin.py:149} INFO - [2023-06-21T01:12:04.456+0100] {dag.py:2726} INFO - Sync 2 DAGs
[2023-06-21T01:12:04.522+0100] {logging_mixin.py:149} INFO - [2023-06-21T01:12:04.521+0100] {dag.py:3486} INFO - Setting next_dagrun for example_external_task_marker_child to None, run_after=None
[2023-06-21T01:12:04.537+0100] {logging_mixin.py:149} INFO - [2023-06-21T01:12:04.537+0100] {dag.py:3486} INFO - Setting next_dagrun for example_external_task_marker_parent to None, run_after=None
[2023-06-21T01:12:04.793+0100] {processor.py:179} INFO - Processing /home/opeyemi/.local/lib/python3.10/site-packages/airflow/example_dags/example_external_task_marker_dag.py took 0.397 seconds
[2023-06-21T01:13:26.913+0100] {processor.py:157} INFO - Started process (PID=20985) to work on /home/opeyemi/.local/lib/python3.10/site-packages/airflow/example_dags/example_external_task_marker_dag.py
[2023-06-21T01:13:26.990+0100] {processor.py:826} INFO - Processing file /home/opeyemi/.local/lib/python3.10/site-packages/airflow/example_dags/example_external_task_marker_dag.py for tasks to queue
[2023-06-21T01:13:26.992+0100] {logging_mixin.py:149} INFO - [2023-06-21T01:13:26.991+0100] {dagbag.py:541} INFO - Filling up the DagBag from /home/opeyemi/.local/lib/python3.10/site-packages/airflow/example_dags/example_external_task_marker_dag.py
[2023-06-21T01:13:27.011+0100] {processor.py:836} INFO - DAG(s) dict_keys(['example_external_task_marker_child', 'example_external_task_marker_parent']) retrieved from /home/opeyemi/.local/lib/python3.10/site-packages/airflow/example_dags/example_external_task_marker_dag.py
[2023-06-21T01:13:27.091+0100] {logging_mixin.py:149} INFO - [2023-06-21T01:13:27.091+0100] {dag.py:2726} INFO - Sync 2 DAGs
[2023-06-21T01:13:27.175+0100] {logging_mixin.py:149} INFO - [2023-06-21T01:13:27.175+0100] {dag.py:3486} INFO - Setting next_dagrun for example_external_task_marker_child to None, run_after=None
[2023-06-21T01:13:27.190+0100] {logging_mixin.py:149} INFO - [2023-06-21T01:13:27.190+0100] {dag.py:3486} INFO - Setting next_dagrun for example_external_task_marker_parent to None, run_after=None
[2023-06-21T01:13:27.366+0100] {processor.py:179} INFO - Processing /home/opeyemi/.local/lib/python3.10/site-packages/airflow/example_dags/example_external_task_marker_dag.py took 0.468 seconds
[2023-06-21T01:15:54.280+0100] {processor.py:157} INFO - Started process (PID=21053) to work on /home/opeyemi/.local/lib/python3.10/site-packages/airflow/example_dags/example_external_task_marker_dag.py
[2023-06-21T01:15:54.488+0100] {processor.py:826} INFO - Processing file /home/opeyemi/.local/lib/python3.10/site-packages/airflow/example_dags/example_external_task_marker_dag.py for tasks to queue
[2023-06-21T01:15:54.492+0100] {logging_mixin.py:149} INFO - [2023-06-21T01:15:54.491+0100] {dagbag.py:541} INFO - Filling up the DagBag from /home/opeyemi/.local/lib/python3.10/site-packages/airflow/example_dags/example_external_task_marker_dag.py
[2023-06-21T01:15:54.510+0100] {processor.py:836} INFO - DAG(s) dict_keys(['example_external_task_marker_parent', 'example_external_task_marker_child']) retrieved from /home/opeyemi/.local/lib/python3.10/site-packages/airflow/example_dags/example_external_task_marker_dag.py
[2023-06-21T01:15:54.584+0100] {logging_mixin.py:149} INFO - [2023-06-21T01:15:54.583+0100] {dag.py:2726} INFO - Sync 2 DAGs
[2023-06-21T01:15:54.659+0100] {logging_mixin.py:149} INFO - [2023-06-21T01:15:54.658+0100] {dag.py:3486} INFO - Setting next_dagrun for example_external_task_marker_child to None, run_after=None
[2023-06-21T01:15:54.671+0100] {logging_mixin.py:149} INFO - [2023-06-21T01:15:54.670+0100] {dag.py:3486} INFO - Setting next_dagrun for example_external_task_marker_parent to None, run_after=None
[2023-06-21T01:16:17.199+0100] {processor.py:179} INFO - Processing /home/opeyemi/.local/lib/python3.10/site-packages/airflow/example_dags/example_external_task_marker_dag.py took 22.930 seconds
[2023-06-21T01:17:17.515+0100] {processor.py:157} INFO - Started process (PID=21096) to work on /home/opeyemi/.local/lib/python3.10/site-packages/airflow/example_dags/example_external_task_marker_dag.py
[2023-06-21T01:17:17.596+0100] {processor.py:826} INFO - Processing file /home/opeyemi/.local/lib/python3.10/site-packages/airflow/example_dags/example_external_task_marker_dag.py for tasks to queue
[2023-06-21T01:17:17.598+0100] {logging_mixin.py:149} INFO - [2023-06-21T01:17:17.598+0100] {dagbag.py:541} INFO - Filling up the DagBag from /home/opeyemi/.local/lib/python3.10/site-packages/airflow/example_dags/example_external_task_marker_dag.py
[2023-06-21T01:17:17.625+0100] {processor.py:836} INFO - DAG(s) dict_keys(['example_external_task_marker_parent', 'example_external_task_marker_child']) retrieved from /home/opeyemi/.local/lib/python3.10/site-packages/airflow/example_dags/example_external_task_marker_dag.py
[2023-06-21T01:17:17.769+0100] {logging_mixin.py:149} INFO - [2023-06-21T01:17:17.768+0100] {dag.py:2726} INFO - Sync 2 DAGs
[2023-06-21T01:17:17.849+0100] {logging_mixin.py:149} INFO - [2023-06-21T01:17:17.849+0100] {dag.py:3486} INFO - Setting next_dagrun for example_external_task_marker_child to None, run_after=None
[2023-06-21T01:17:17.853+0100] {logging_mixin.py:149} INFO - [2023-06-21T01:17:17.853+0100] {dag.py:3486} INFO - Setting next_dagrun for example_external_task_marker_parent to None, run_after=None
[2023-06-21T01:17:18.135+0100] {processor.py:179} INFO - Processing /home/opeyemi/.local/lib/python3.10/site-packages/airflow/example_dags/example_external_task_marker_dag.py took 0.625 seconds
[2023-06-21T01:18:31.306+0100] {processor.py:157} INFO - Started process (PID=21153) to work on /home/opeyemi/.local/lib/python3.10/site-packages/airflow/example_dags/example_external_task_marker_dag.py
[2023-06-21T01:18:31.350+0100] {processor.py:826} INFO - Processing file /home/opeyemi/.local/lib/python3.10/site-packages/airflow/example_dags/example_external_task_marker_dag.py for tasks to queue
[2023-06-21T01:18:31.351+0100] {logging_mixin.py:149} INFO - [2023-06-21T01:18:31.351+0100] {dagbag.py:541} INFO - Filling up the DagBag from /home/opeyemi/.local/lib/python3.10/site-packages/airflow/example_dags/example_external_task_marker_dag.py
[2023-06-21T01:18:31.371+0100] {processor.py:836} INFO - DAG(s) dict_keys(['example_external_task_marker_child', 'example_external_task_marker_parent']) retrieved from /home/opeyemi/.local/lib/python3.10/site-packages/airflow/example_dags/example_external_task_marker_dag.py
[2023-06-21T01:18:31.405+0100] {logging_mixin.py:149} INFO - [2023-06-21T01:18:31.405+0100] {dag.py:2726} INFO - Sync 2 DAGs
[2023-06-21T01:18:31.425+0100] {logging_mixin.py:149} INFO - [2023-06-21T01:18:31.425+0100] {dag.py:3486} INFO - Setting next_dagrun for example_external_task_marker_child to None, run_after=None
[2023-06-21T01:18:31.429+0100] {logging_mixin.py:149} INFO - [2023-06-21T01:18:31.429+0100] {dag.py:3486} INFO - Setting next_dagrun for example_external_task_marker_parent to None, run_after=None
[2023-06-21T01:18:31.603+0100] {processor.py:179} INFO - Processing /home/opeyemi/.local/lib/python3.10/site-packages/airflow/example_dags/example_external_task_marker_dag.py took 0.302 seconds
[2023-06-21T01:19:46.675+0100] {processor.py:157} INFO - Started process (PID=21212) to work on /home/opeyemi/.local/lib/python3.10/site-packages/airflow/example_dags/example_external_task_marker_dag.py
[2023-06-21T01:19:46.716+0100] {processor.py:826} INFO - Processing file /home/opeyemi/.local/lib/python3.10/site-packages/airflow/example_dags/example_external_task_marker_dag.py for tasks to queue
[2023-06-21T01:19:46.718+0100] {logging_mixin.py:149} INFO - [2023-06-21T01:19:46.717+0100] {dagbag.py:541} INFO - Filling up the DagBag from /home/opeyemi/.local/lib/python3.10/site-packages/airflow/example_dags/example_external_task_marker_dag.py
[2023-06-21T01:19:46.733+0100] {processor.py:836} INFO - DAG(s) dict_keys(['example_external_task_marker_child', 'example_external_task_marker_parent']) retrieved from /home/opeyemi/.local/lib/python3.10/site-packages/airflow/example_dags/example_external_task_marker_dag.py
[2023-06-21T01:19:46.850+0100] {logging_mixin.py:149} INFO - [2023-06-21T01:19:46.850+0100] {dag.py:2726} INFO - Sync 2 DAGs
[2023-06-21T01:19:46.896+0100] {logging_mixin.py:149} INFO - [2023-06-21T01:19:46.896+0100] {dag.py:3486} INFO - Setting next_dagrun for example_external_task_marker_child to None, run_after=None
[2023-06-21T01:19:46.899+0100] {logging_mixin.py:149} INFO - [2023-06-21T01:19:46.899+0100] {dag.py:3486} INFO - Setting next_dagrun for example_external_task_marker_parent to None, run_after=None
[2023-06-21T01:19:47.048+0100] {processor.py:179} INFO - Processing /home/opeyemi/.local/lib/python3.10/site-packages/airflow/example_dags/example_external_task_marker_dag.py took 0.388 seconds
[2023-06-21T01:21:42.290+0100] {processor.py:157} INFO - Started process (PID=21272) to work on /home/opeyemi/.local/lib/python3.10/site-packages/airflow/example_dags/example_external_task_marker_dag.py
[2023-06-21T01:21:42.315+0100] {processor.py:826} INFO - Processing file /home/opeyemi/.local/lib/python3.10/site-packages/airflow/example_dags/example_external_task_marker_dag.py for tasks to queue
[2023-06-21T01:21:42.316+0100] {logging_mixin.py:149} INFO - [2023-06-21T01:21:42.315+0100] {dagbag.py:541} INFO - Filling up the DagBag from /home/opeyemi/.local/lib/python3.10/site-packages/airflow/example_dags/example_external_task_marker_dag.py
[2023-06-21T01:21:42.333+0100] {processor.py:836} INFO - DAG(s) dict_keys(['example_external_task_marker_parent', 'example_external_task_marker_child']) retrieved from /home/opeyemi/.local/lib/python3.10/site-packages/airflow/example_dags/example_external_task_marker_dag.py
[2023-06-21T01:21:42.377+0100] {logging_mixin.py:149} INFO - [2023-06-21T01:21:42.376+0100] {dag.py:2726} INFO - Sync 2 DAGs
[2023-06-21T01:21:42.409+0100] {logging_mixin.py:149} INFO - [2023-06-21T01:21:42.409+0100] {dag.py:3486} INFO - Setting next_dagrun for example_external_task_marker_child to None, run_after=None
[2023-06-21T01:21:42.413+0100] {logging_mixin.py:149} INFO - [2023-06-21T01:21:42.413+0100] {dag.py:3486} INFO - Setting next_dagrun for example_external_task_marker_parent to None, run_after=None
[2023-06-21T01:21:42.509+0100] {processor.py:179} INFO - Processing /home/opeyemi/.local/lib/python3.10/site-packages/airflow/example_dags/example_external_task_marker_dag.py took 0.225 seconds
[2023-06-21T01:22:57.793+0100] {processor.py:157} INFO - Started process (PID=21317) to work on /home/opeyemi/.local/lib/python3.10/site-packages/airflow/example_dags/example_external_task_marker_dag.py
[2023-06-21T01:22:57.824+0100] {processor.py:826} INFO - Processing file /home/opeyemi/.local/lib/python3.10/site-packages/airflow/example_dags/example_external_task_marker_dag.py for tasks to queue
[2023-06-21T01:22:57.828+0100] {logging_mixin.py:149} INFO - [2023-06-21T01:22:57.827+0100] {dagbag.py:541} INFO - Filling up the DagBag from /home/opeyemi/.local/lib/python3.10/site-packages/airflow/example_dags/example_external_task_marker_dag.py
[2023-06-21T01:22:57.898+0100] {processor.py:836} INFO - DAG(s) dict_keys(['example_external_task_marker_child', 'example_external_task_marker_parent']) retrieved from /home/opeyemi/.local/lib/python3.10/site-packages/airflow/example_dags/example_external_task_marker_dag.py
[2023-06-21T01:22:58.038+0100] {logging_mixin.py:149} INFO - [2023-06-21T01:22:58.038+0100] {dag.py:2726} INFO - Sync 2 DAGs
[2023-06-21T01:22:58.082+0100] {logging_mixin.py:149} INFO - [2023-06-21T01:22:58.082+0100] {dag.py:3486} INFO - Setting next_dagrun for example_external_task_marker_child to None, run_after=None
[2023-06-21T01:22:58.089+0100] {logging_mixin.py:149} INFO - [2023-06-21T01:22:58.089+0100] {dag.py:3486} INFO - Setting next_dagrun for example_external_task_marker_parent to None, run_after=None
[2023-06-21T01:22:58.156+0100] {processor.py:179} INFO - Processing /home/opeyemi/.local/lib/python3.10/site-packages/airflow/example_dags/example_external_task_marker_dag.py took 0.380 seconds
[2023-06-21T01:24:34.403+0100] {processor.py:157} INFO - Started process (PID=21433) to work on /home/opeyemi/.local/lib/python3.10/site-packages/airflow/example_dags/example_external_task_marker_dag.py
[2023-06-21T01:24:34.408+0100] {processor.py:826} INFO - Processing file /home/opeyemi/.local/lib/python3.10/site-packages/airflow/example_dags/example_external_task_marker_dag.py for tasks to queue
[2023-06-21T01:24:34.410+0100] {logging_mixin.py:149} INFO - [2023-06-21T01:24:34.410+0100] {dagbag.py:541} INFO - Filling up the DagBag from /home/opeyemi/.local/lib/python3.10/site-packages/airflow/example_dags/example_external_task_marker_dag.py
[2023-06-21T01:24:34.425+0100] {processor.py:836} INFO - DAG(s) dict_keys(['example_external_task_marker_child', 'example_external_task_marker_parent']) retrieved from /home/opeyemi/.local/lib/python3.10/site-packages/airflow/example_dags/example_external_task_marker_dag.py
[2023-06-21T01:24:34.496+0100] {logging_mixin.py:149} INFO - [2023-06-21T01:24:34.495+0100] {dag.py:2726} INFO - Sync 2 DAGs
[2023-06-21T01:24:34.548+0100] {logging_mixin.py:149} INFO - [2023-06-21T01:24:34.547+0100] {dag.py:3486} INFO - Setting next_dagrun for example_external_task_marker_child to None, run_after=None
[2023-06-21T01:24:34.556+0100] {logging_mixin.py:149} INFO - [2023-06-21T01:24:34.556+0100] {dag.py:3486} INFO - Setting next_dagrun for example_external_task_marker_parent to None, run_after=None
[2023-06-21T01:24:34.648+0100] {processor.py:179} INFO - Processing /home/opeyemi/.local/lib/python3.10/site-packages/airflow/example_dags/example_external_task_marker_dag.py took 0.255 seconds
[2023-06-21T01:25:36.138+0100] {processor.py:157} INFO - Started process (PID=21649) to work on /home/opeyemi/.local/lib/python3.10/site-packages/airflow/example_dags/example_external_task_marker_dag.py
[2023-06-21T01:25:36.784+0100] {processor.py:826} INFO - Processing file /home/opeyemi/.local/lib/python3.10/site-packages/airflow/example_dags/example_external_task_marker_dag.py for tasks to queue
[2023-06-21T01:25:36.788+0100] {logging_mixin.py:149} INFO - [2023-06-21T01:25:36.787+0100] {dagbag.py:541} INFO - Filling up the DagBag from /home/opeyemi/.local/lib/python3.10/site-packages/airflow/example_dags/example_external_task_marker_dag.py
[2023-06-21T01:25:36.830+0100] {processor.py:836} INFO - DAG(s) dict_keys(['example_external_task_marker_child', 'example_external_task_marker_parent']) retrieved from /home/opeyemi/.local/lib/python3.10/site-packages/airflow/example_dags/example_external_task_marker_dag.py
[2023-06-21T01:25:36.984+0100] {logging_mixin.py:149} INFO - [2023-06-21T01:25:36.983+0100] {dag.py:2726} INFO - Sync 2 DAGs
[2023-06-21T01:25:37.041+0100] {logging_mixin.py:149} INFO - [2023-06-21T01:25:37.041+0100] {dag.py:3486} INFO - Setting next_dagrun for example_external_task_marker_child to None, run_after=None
[2023-06-21T01:25:37.049+0100] {logging_mixin.py:149} INFO - [2023-06-21T01:25:37.047+0100] {dag.py:3486} INFO - Setting next_dagrun for example_external_task_marker_parent to None, run_after=None
[2023-06-21T01:25:37.798+0100] {processor.py:179} INFO - Processing /home/opeyemi/.local/lib/python3.10/site-packages/airflow/example_dags/example_external_task_marker_dag.py took 1.679 seconds
[2023-06-21T01:27:08.720+0100] {processor.py:157} INFO - Started process (PID=21712) to work on /home/opeyemi/.local/lib/python3.10/site-packages/airflow/example_dags/example_external_task_marker_dag.py
[2023-06-21T01:27:09.126+0100] {processor.py:826} INFO - Processing file /home/opeyemi/.local/lib/python3.10/site-packages/airflow/example_dags/example_external_task_marker_dag.py for tasks to queue
[2023-06-21T01:27:09.129+0100] {logging_mixin.py:149} INFO - [2023-06-21T01:27:09.128+0100] {dagbag.py:541} INFO - Filling up the DagBag from /home/opeyemi/.local/lib/python3.10/site-packages/airflow/example_dags/example_external_task_marker_dag.py
[2023-06-21T01:27:09.147+0100] {processor.py:836} INFO - DAG(s) dict_keys(['example_external_task_marker_parent', 'example_external_task_marker_child']) retrieved from /home/opeyemi/.local/lib/python3.10/site-packages/airflow/example_dags/example_external_task_marker_dag.py
[2023-06-21T01:27:09.214+0100] {logging_mixin.py:149} INFO - [2023-06-21T01:27:09.214+0100] {dag.py:2726} INFO - Sync 2 DAGs
[2023-06-21T01:27:09.266+0100] {logging_mixin.py:149} INFO - [2023-06-21T01:27:09.266+0100] {dag.py:3486} INFO - Setting next_dagrun for example_external_task_marker_child to None, run_after=None
[2023-06-21T01:27:09.274+0100] {logging_mixin.py:149} INFO - [2023-06-21T01:27:09.273+0100] {dag.py:3486} INFO - Setting next_dagrun for example_external_task_marker_parent to None, run_after=None
[2023-06-21T01:27:09.498+0100] {processor.py:179} INFO - Processing /home/opeyemi/.local/lib/python3.10/site-packages/airflow/example_dags/example_external_task_marker_dag.py took 0.786 seconds
[2023-06-21T01:28:54.559+0100] {processor.py:157} INFO - Started process (PID=21826) to work on /home/opeyemi/.local/lib/python3.10/site-packages/airflow/example_dags/example_external_task_marker_dag.py
[2023-06-21T01:28:54.568+0100] {processor.py:826} INFO - Processing file /home/opeyemi/.local/lib/python3.10/site-packages/airflow/example_dags/example_external_task_marker_dag.py for tasks to queue
[2023-06-21T01:28:54.572+0100] {logging_mixin.py:149} INFO - [2023-06-21T01:28:54.571+0100] {dagbag.py:541} INFO - Filling up the DagBag from /home/opeyemi/.local/lib/python3.10/site-packages/airflow/example_dags/example_external_task_marker_dag.py
[2023-06-21T01:28:54.604+0100] {processor.py:836} INFO - DAG(s) dict_keys(['example_external_task_marker_parent', 'example_external_task_marker_child']) retrieved from /home/opeyemi/.local/lib/python3.10/site-packages/airflow/example_dags/example_external_task_marker_dag.py
[2023-06-21T01:28:54.658+0100] {logging_mixin.py:149} INFO - [2023-06-21T01:28:54.657+0100] {dag.py:2726} INFO - Sync 2 DAGs
[2023-06-21T01:28:54.700+0100] {logging_mixin.py:149} INFO - [2023-06-21T01:28:54.700+0100] {dag.py:3486} INFO - Setting next_dagrun for example_external_task_marker_child to None, run_after=None
[2023-06-21T01:28:54.704+0100] {logging_mixin.py:149} INFO - [2023-06-21T01:28:54.704+0100] {dag.py:3486} INFO - Setting next_dagrun for example_external_task_marker_parent to None, run_after=None
[2023-06-21T01:28:54.752+0100] {processor.py:179} INFO - Processing /home/opeyemi/.local/lib/python3.10/site-packages/airflow/example_dags/example_external_task_marker_dag.py took 0.205 seconds
[2023-06-21T01:29:51.570+0100] {processor.py:157} INFO - Started process (PID=21876) to work on /home/opeyemi/.local/lib/python3.10/site-packages/airflow/example_dags/example_external_task_marker_dag.py
[2023-06-21T01:29:51.585+0100] {processor.py:826} INFO - Processing file /home/opeyemi/.local/lib/python3.10/site-packages/airflow/example_dags/example_external_task_marker_dag.py for tasks to queue
[2023-06-21T01:29:51.587+0100] {logging_mixin.py:149} INFO - [2023-06-21T01:29:51.587+0100] {dagbag.py:541} INFO - Filling up the DagBag from /home/opeyemi/.local/lib/python3.10/site-packages/airflow/example_dags/example_external_task_marker_dag.py
[2023-06-21T01:29:51.606+0100] {processor.py:836} INFO - DAG(s) dict_keys(['example_external_task_marker_parent', 'example_external_task_marker_child']) retrieved from /home/opeyemi/.local/lib/python3.10/site-packages/airflow/example_dags/example_external_task_marker_dag.py
[2023-06-21T01:29:51.682+0100] {logging_mixin.py:149} INFO - [2023-06-21T01:29:51.682+0100] {dag.py:2726} INFO - Sync 2 DAGs
[2023-06-21T01:29:51.747+0100] {logging_mixin.py:149} INFO - [2023-06-21T01:29:51.746+0100] {dag.py:3486} INFO - Setting next_dagrun for example_external_task_marker_child to None, run_after=None
[2023-06-21T01:29:51.756+0100] {logging_mixin.py:149} INFO - [2023-06-21T01:29:51.756+0100] {dag.py:3486} INFO - Setting next_dagrun for example_external_task_marker_parent to None, run_after=None
[2023-06-21T01:29:51.829+0100] {processor.py:179} INFO - Processing /home/opeyemi/.local/lib/python3.10/site-packages/airflow/example_dags/example_external_task_marker_dag.py took 0.270 seconds
[2023-06-21T01:30:47.132+0100] {processor.py:157} INFO - Started process (PID=21925) to work on /home/opeyemi/.local/lib/python3.10/site-packages/airflow/example_dags/example_external_task_marker_dag.py
[2023-06-21T01:30:47.134+0100] {processor.py:826} INFO - Processing file /home/opeyemi/.local/lib/python3.10/site-packages/airflow/example_dags/example_external_task_marker_dag.py for tasks to queue
[2023-06-21T01:30:47.135+0100] {logging_mixin.py:149} INFO - [2023-06-21T01:30:47.135+0100] {dagbag.py:541} INFO - Filling up the DagBag from /home/opeyemi/.local/lib/python3.10/site-packages/airflow/example_dags/example_external_task_marker_dag.py
[2023-06-21T01:30:47.149+0100] {processor.py:836} INFO - DAG(s) dict_keys(['example_external_task_marker_parent', 'example_external_task_marker_child']) retrieved from /home/opeyemi/.local/lib/python3.10/site-packages/airflow/example_dags/example_external_task_marker_dag.py
[2023-06-21T01:30:47.203+0100] {logging_mixin.py:149} INFO - [2023-06-21T01:30:47.202+0100] {dag.py:2726} INFO - Sync 2 DAGs
[2023-06-21T01:30:47.265+0100] {logging_mixin.py:149} INFO - [2023-06-21T01:30:47.262+0100] {dag.py:3486} INFO - Setting next_dagrun for example_external_task_marker_child to None, run_after=None
[2023-06-21T01:30:47.277+0100] {logging_mixin.py:149} INFO - [2023-06-21T01:30:47.277+0100] {dag.py:3486} INFO - Setting next_dagrun for example_external_task_marker_parent to None, run_after=None
[2023-06-21T01:30:47.336+0100] {processor.py:179} INFO - Processing /home/opeyemi/.local/lib/python3.10/site-packages/airflow/example_dags/example_external_task_marker_dag.py took 0.209 seconds
[2023-06-21T01:31:50.719+0100] {processor.py:157} INFO - Started process (PID=21978) to work on /home/opeyemi/.local/lib/python3.10/site-packages/airflow/example_dags/example_external_task_marker_dag.py
[2023-06-21T01:31:50.723+0100] {processor.py:826} INFO - Processing file /home/opeyemi/.local/lib/python3.10/site-packages/airflow/example_dags/example_external_task_marker_dag.py for tasks to queue
[2023-06-21T01:31:50.726+0100] {logging_mixin.py:149} INFO - [2023-06-21T01:31:50.725+0100] {dagbag.py:541} INFO - Filling up the DagBag from /home/opeyemi/.local/lib/python3.10/site-packages/airflow/example_dags/example_external_task_marker_dag.py
[2023-06-21T01:31:50.746+0100] {processor.py:836} INFO - DAG(s) dict_keys(['example_external_task_marker_parent', 'example_external_task_marker_child']) retrieved from /home/opeyemi/.local/lib/python3.10/site-packages/airflow/example_dags/example_external_task_marker_dag.py
[2023-06-21T01:31:50.823+0100] {logging_mixin.py:149} INFO - [2023-06-21T01:31:50.823+0100] {dag.py:2726} INFO - Sync 2 DAGs
[2023-06-21T01:31:50.886+0100] {logging_mixin.py:149} INFO - [2023-06-21T01:31:50.886+0100] {dag.py:3486} INFO - Setting next_dagrun for example_external_task_marker_child to None, run_after=None
[2023-06-21T01:31:50.895+0100] {logging_mixin.py:149} INFO - [2023-06-21T01:31:50.895+0100] {dag.py:3486} INFO - Setting next_dagrun for example_external_task_marker_parent to None, run_after=None
[2023-06-21T01:31:50.987+0100] {processor.py:179} INFO - Processing /home/opeyemi/.local/lib/python3.10/site-packages/airflow/example_dags/example_external_task_marker_dag.py took 0.280 seconds
[2023-06-21T01:32:47.805+0100] {processor.py:157} INFO - Started process (PID=22032) to work on /home/opeyemi/.local/lib/python3.10/site-packages/airflow/example_dags/example_external_task_marker_dag.py
[2023-06-21T01:32:47.819+0100] {processor.py:826} INFO - Processing file /home/opeyemi/.local/lib/python3.10/site-packages/airflow/example_dags/example_external_task_marker_dag.py for tasks to queue
[2023-06-21T01:32:47.820+0100] {logging_mixin.py:149} INFO - [2023-06-21T01:32:47.820+0100] {dagbag.py:541} INFO - Filling up the DagBag from /home/opeyemi/.local/lib/python3.10/site-packages/airflow/example_dags/example_external_task_marker_dag.py
[2023-06-21T01:32:47.831+0100] {processor.py:836} INFO - DAG(s) dict_keys(['example_external_task_marker_child', 'example_external_task_marker_parent']) retrieved from /home/opeyemi/.local/lib/python3.10/site-packages/airflow/example_dags/example_external_task_marker_dag.py
[2023-06-21T01:32:47.882+0100] {logging_mixin.py:149} INFO - [2023-06-21T01:32:47.881+0100] {dag.py:2726} INFO - Sync 2 DAGs
[2023-06-21T01:32:47.920+0100] {logging_mixin.py:149} INFO - [2023-06-21T01:32:47.919+0100] {dag.py:3486} INFO - Setting next_dagrun for example_external_task_marker_child to None, run_after=None
[2023-06-21T01:32:47.925+0100] {logging_mixin.py:149} INFO - [2023-06-21T01:32:47.925+0100] {dag.py:3486} INFO - Setting next_dagrun for example_external_task_marker_parent to None, run_after=None
[2023-06-21T01:32:48.006+0100] {processor.py:179} INFO - Processing /home/opeyemi/.local/lib/python3.10/site-packages/airflow/example_dags/example_external_task_marker_dag.py took 0.206 seconds
[2023-06-21T01:33:44.788+0100] {processor.py:157} INFO - Started process (PID=22140) to work on /home/opeyemi/.local/lib/python3.10/site-packages/airflow/example_dags/example_external_task_marker_dag.py
[2023-06-21T01:33:44.804+0100] {processor.py:826} INFO - Processing file /home/opeyemi/.local/lib/python3.10/site-packages/airflow/example_dags/example_external_task_marker_dag.py for tasks to queue
[2023-06-21T01:33:44.806+0100] {logging_mixin.py:149} INFO - [2023-06-21T01:33:44.806+0100] {dagbag.py:541} INFO - Filling up the DagBag from /home/opeyemi/.local/lib/python3.10/site-packages/airflow/example_dags/example_external_task_marker_dag.py
[2023-06-21T01:33:44.824+0100] {processor.py:836} INFO - DAG(s) dict_keys(['example_external_task_marker_parent', 'example_external_task_marker_child']) retrieved from /home/opeyemi/.local/lib/python3.10/site-packages/airflow/example_dags/example_external_task_marker_dag.py
[2023-06-21T01:33:44.906+0100] {logging_mixin.py:149} INFO - [2023-06-21T01:33:44.905+0100] {dag.py:2726} INFO - Sync 2 DAGs
[2023-06-21T01:33:44.948+0100] {logging_mixin.py:149} INFO - [2023-06-21T01:33:44.948+0100] {dag.py:3486} INFO - Setting next_dagrun for example_external_task_marker_child to None, run_after=None
[2023-06-21T01:33:44.953+0100] {logging_mixin.py:149} INFO - [2023-06-21T01:33:44.953+0100] {dag.py:3486} INFO - Setting next_dagrun for example_external_task_marker_parent to None, run_after=None
[2023-06-21T01:33:45.014+0100] {processor.py:179} INFO - Processing /home/opeyemi/.local/lib/python3.10/site-packages/airflow/example_dags/example_external_task_marker_dag.py took 0.236 seconds
[2023-06-21T01:34:37.919+0100] {processor.py:157} INFO - Started process (PID=22353) to work on /home/opeyemi/.local/lib/python3.10/site-packages/airflow/example_dags/example_external_task_marker_dag.py
[2023-06-21T01:34:37.989+0100] {processor.py:826} INFO - Processing file /home/opeyemi/.local/lib/python3.10/site-packages/airflow/example_dags/example_external_task_marker_dag.py for tasks to queue
[2023-06-21T01:34:37.992+0100] {logging_mixin.py:149} INFO - [2023-06-21T01:34:37.991+0100] {dagbag.py:541} INFO - Filling up the DagBag from /home/opeyemi/.local/lib/python3.10/site-packages/airflow/example_dags/example_external_task_marker_dag.py
[2023-06-21T01:34:38.013+0100] {processor.py:836} INFO - DAG(s) dict_keys(['example_external_task_marker_parent', 'example_external_task_marker_child']) retrieved from /home/opeyemi/.local/lib/python3.10/site-packages/airflow/example_dags/example_external_task_marker_dag.py
[2023-06-21T01:34:38.104+0100] {logging_mixin.py:149} INFO - [2023-06-21T01:34:38.103+0100] {dag.py:2726} INFO - Sync 2 DAGs
[2023-06-21T01:34:38.172+0100] {logging_mixin.py:149} INFO - [2023-06-21T01:34:38.171+0100] {dag.py:3486} INFO - Setting next_dagrun for example_external_task_marker_child to None, run_after=None
[2023-06-21T01:34:38.181+0100] {logging_mixin.py:149} INFO - [2023-06-21T01:34:38.181+0100] {dag.py:3486} INFO - Setting next_dagrun for example_external_task_marker_parent to None, run_after=None
[2023-06-21T01:34:38.344+0100] {processor.py:179} INFO - Processing /home/opeyemi/.local/lib/python3.10/site-packages/airflow/example_dags/example_external_task_marker_dag.py took 0.438 seconds
[2023-06-21T01:35:31.441+0100] {processor.py:157} INFO - Started process (PID=22506) to work on /home/opeyemi/.local/lib/python3.10/site-packages/airflow/example_dags/example_external_task_marker_dag.py
[2023-06-21T01:35:31.445+0100] {processor.py:826} INFO - Processing file /home/opeyemi/.local/lib/python3.10/site-packages/airflow/example_dags/example_external_task_marker_dag.py for tasks to queue
[2023-06-21T01:35:31.447+0100] {logging_mixin.py:149} INFO - [2023-06-21T01:35:31.447+0100] {dagbag.py:541} INFO - Filling up the DagBag from /home/opeyemi/.local/lib/python3.10/site-packages/airflow/example_dags/example_external_task_marker_dag.py
[2023-06-21T01:35:31.465+0100] {processor.py:836} INFO - DAG(s) dict_keys(['example_external_task_marker_child', 'example_external_task_marker_parent']) retrieved from /home/opeyemi/.local/lib/python3.10/site-packages/airflow/example_dags/example_external_task_marker_dag.py
[2023-06-21T01:35:31.534+0100] {logging_mixin.py:149} INFO - [2023-06-21T01:35:31.534+0100] {dag.py:2726} INFO - Sync 2 DAGs
[2023-06-21T01:35:31.570+0100] {logging_mixin.py:149} INFO - [2023-06-21T01:35:31.570+0100] {dag.py:3486} INFO - Setting next_dagrun for example_external_task_marker_child to None, run_after=None
[2023-06-21T01:35:31.575+0100] {logging_mixin.py:149} INFO - [2023-06-21T01:35:31.575+0100] {dag.py:3486} INFO - Setting next_dagrun for example_external_task_marker_parent to None, run_after=None
[2023-06-21T01:35:31.620+0100] {processor.py:179} INFO - Processing /home/opeyemi/.local/lib/python3.10/site-packages/airflow/example_dags/example_external_task_marker_dag.py took 0.189 seconds
[2023-06-21T01:36:27.445+0100] {processor.py:157} INFO - Started process (PID=22736) to work on /home/opeyemi/.local/lib/python3.10/site-packages/airflow/example_dags/example_external_task_marker_dag.py
[2023-06-21T01:36:27.451+0100] {processor.py:826} INFO - Processing file /home/opeyemi/.local/lib/python3.10/site-packages/airflow/example_dags/example_external_task_marker_dag.py for tasks to queue
[2023-06-21T01:36:27.452+0100] {logging_mixin.py:149} INFO - [2023-06-21T01:36:27.452+0100] {dagbag.py:541} INFO - Filling up the DagBag from /home/opeyemi/.local/lib/python3.10/site-packages/airflow/example_dags/example_external_task_marker_dag.py
[2023-06-21T01:36:27.470+0100] {processor.py:836} INFO - DAG(s) dict_keys(['example_external_task_marker_parent', 'example_external_task_marker_child']) retrieved from /home/opeyemi/.local/lib/python3.10/site-packages/airflow/example_dags/example_external_task_marker_dag.py
[2023-06-21T01:36:27.537+0100] {logging_mixin.py:149} INFO - [2023-06-21T01:36:27.537+0100] {dag.py:2726} INFO - Sync 2 DAGs
[2023-06-21T01:36:27.589+0100] {logging_mixin.py:149} INFO - [2023-06-21T01:36:27.589+0100] {dag.py:3486} INFO - Setting next_dagrun for example_external_task_marker_child to None, run_after=None
[2023-06-21T01:36:27.593+0100] {logging_mixin.py:149} INFO - [2023-06-21T01:36:27.593+0100] {dag.py:3486} INFO - Setting next_dagrun for example_external_task_marker_parent to None, run_after=None
[2023-06-21T01:36:27.651+0100] {processor.py:179} INFO - Processing /home/opeyemi/.local/lib/python3.10/site-packages/airflow/example_dags/example_external_task_marker_dag.py took 0.212 seconds
[2023-06-21T01:37:24.269+0100] {processor.py:157} INFO - Started process (PID=22965) to work on /home/opeyemi/.local/lib/python3.10/site-packages/airflow/example_dags/example_external_task_marker_dag.py
[2023-06-21T01:37:24.273+0100] {processor.py:826} INFO - Processing file /home/opeyemi/.local/lib/python3.10/site-packages/airflow/example_dags/example_external_task_marker_dag.py for tasks to queue
[2023-06-21T01:37:24.279+0100] {logging_mixin.py:149} INFO - [2023-06-21T01:37:24.274+0100] {dagbag.py:541} INFO - Filling up the DagBag from /home/opeyemi/.local/lib/python3.10/site-packages/airflow/example_dags/example_external_task_marker_dag.py
[2023-06-21T01:37:24.302+0100] {processor.py:836} INFO - DAG(s) dict_keys(['example_external_task_marker_parent', 'example_external_task_marker_child']) retrieved from /home/opeyemi/.local/lib/python3.10/site-packages/airflow/example_dags/example_external_task_marker_dag.py
[2023-06-21T01:37:24.397+0100] {logging_mixin.py:149} INFO - [2023-06-21T01:37:24.396+0100] {dag.py:2726} INFO - Sync 2 DAGs
[2023-06-21T01:37:24.473+0100] {logging_mixin.py:149} INFO - [2023-06-21T01:37:24.473+0100] {dag.py:3486} INFO - Setting next_dagrun for example_external_task_marker_child to None, run_after=None
[2023-06-21T01:37:24.479+0100] {logging_mixin.py:149} INFO - [2023-06-21T01:37:24.478+0100] {dag.py:3486} INFO - Setting next_dagrun for example_external_task_marker_parent to None, run_after=None
[2023-06-21T01:37:24.555+0100] {processor.py:179} INFO - Processing /home/opeyemi/.local/lib/python3.10/site-packages/airflow/example_dags/example_external_task_marker_dag.py took 0.291 seconds
[2023-06-21T01:38:21.321+0100] {processor.py:157} INFO - Started process (PID=23222) to work on /home/opeyemi/.local/lib/python3.10/site-packages/airflow/example_dags/example_external_task_marker_dag.py
[2023-06-21T01:38:21.325+0100] {processor.py:826} INFO - Processing file /home/opeyemi/.local/lib/python3.10/site-packages/airflow/example_dags/example_external_task_marker_dag.py for tasks to queue
[2023-06-21T01:38:21.327+0100] {logging_mixin.py:149} INFO - [2023-06-21T01:38:21.326+0100] {dagbag.py:541} INFO - Filling up the DagBag from /home/opeyemi/.local/lib/python3.10/site-packages/airflow/example_dags/example_external_task_marker_dag.py
[2023-06-21T01:38:21.361+0100] {processor.py:836} INFO - DAG(s) dict_keys(['example_external_task_marker_child', 'example_external_task_marker_parent']) retrieved from /home/opeyemi/.local/lib/python3.10/site-packages/airflow/example_dags/example_external_task_marker_dag.py
[2023-06-21T01:38:21.521+0100] {logging_mixin.py:149} INFO - [2023-06-21T01:38:21.520+0100] {dag.py:2726} INFO - Sync 2 DAGs
[2023-06-21T01:38:21.554+0100] {logging_mixin.py:149} INFO - [2023-06-21T01:38:21.554+0100] {dag.py:3486} INFO - Setting next_dagrun for example_external_task_marker_child to None, run_after=None
[2023-06-21T01:38:21.557+0100] {logging_mixin.py:149} INFO - [2023-06-21T01:38:21.557+0100] {dag.py:3486} INFO - Setting next_dagrun for example_external_task_marker_parent to None, run_after=None
[2023-06-21T01:38:21.588+0100] {processor.py:179} INFO - Processing /home/opeyemi/.local/lib/python3.10/site-packages/airflow/example_dags/example_external_task_marker_dag.py took 0.277 seconds
[2023-06-21T01:39:16.726+0100] {processor.py:157} INFO - Started process (PID=23300) to work on /home/opeyemi/.local/lib/python3.10/site-packages/airflow/example_dags/example_external_task_marker_dag.py
[2023-06-21T01:39:16.729+0100] {processor.py:826} INFO - Processing file /home/opeyemi/.local/lib/python3.10/site-packages/airflow/example_dags/example_external_task_marker_dag.py for tasks to queue
[2023-06-21T01:39:16.731+0100] {logging_mixin.py:149} INFO - [2023-06-21T01:39:16.731+0100] {dagbag.py:541} INFO - Filling up the DagBag from /home/opeyemi/.local/lib/python3.10/site-packages/airflow/example_dags/example_external_task_marker_dag.py
[2023-06-21T01:39:16.750+0100] {processor.py:836} INFO - DAG(s) dict_keys(['example_external_task_marker_parent', 'example_external_task_marker_child']) retrieved from /home/opeyemi/.local/lib/python3.10/site-packages/airflow/example_dags/example_external_task_marker_dag.py
[2023-06-21T01:39:16.829+0100] {logging_mixin.py:149} INFO - [2023-06-21T01:39:16.828+0100] {dag.py:2726} INFO - Sync 2 DAGs
[2023-06-21T01:39:16.873+0100] {logging_mixin.py:149} INFO - [2023-06-21T01:39:16.873+0100] {dag.py:3486} INFO - Setting next_dagrun for example_external_task_marker_child to None, run_after=None
[2023-06-21T01:39:16.879+0100] {logging_mixin.py:149} INFO - [2023-06-21T01:39:16.878+0100] {dag.py:3486} INFO - Setting next_dagrun for example_external_task_marker_parent to None, run_after=None
[2023-06-21T01:39:16.929+0100] {processor.py:179} INFO - Processing /home/opeyemi/.local/lib/python3.10/site-packages/airflow/example_dags/example_external_task_marker_dag.py took 0.214 seconds
[2023-06-21T01:40:09.125+0100] {processor.py:157} INFO - Started process (PID=23356) to work on /home/opeyemi/.local/lib/python3.10/site-packages/airflow/example_dags/example_external_task_marker_dag.py
[2023-06-21T01:40:09.131+0100] {processor.py:826} INFO - Processing file /home/opeyemi/.local/lib/python3.10/site-packages/airflow/example_dags/example_external_task_marker_dag.py for tasks to queue
[2023-06-21T01:40:09.133+0100] {logging_mixin.py:149} INFO - [2023-06-21T01:40:09.132+0100] {dagbag.py:541} INFO - Filling up the DagBag from /home/opeyemi/.local/lib/python3.10/site-packages/airflow/example_dags/example_external_task_marker_dag.py
[2023-06-21T01:40:09.150+0100] {processor.py:836} INFO - DAG(s) dict_keys(['example_external_task_marker_child', 'example_external_task_marker_parent']) retrieved from /home/opeyemi/.local/lib/python3.10/site-packages/airflow/example_dags/example_external_task_marker_dag.py
[2023-06-21T01:40:09.234+0100] {logging_mixin.py:149} INFO - [2023-06-21T01:40:09.233+0100] {dag.py:2726} INFO - Sync 2 DAGs
[2023-06-21T01:40:09.275+0100] {logging_mixin.py:149} INFO - [2023-06-21T01:40:09.275+0100] {dag.py:3486} INFO - Setting next_dagrun for example_external_task_marker_child to None, run_after=None
[2023-06-21T01:40:09.281+0100] {logging_mixin.py:149} INFO - [2023-06-21T01:40:09.280+0100] {dag.py:3486} INFO - Setting next_dagrun for example_external_task_marker_parent to None, run_after=None
[2023-06-21T01:40:09.322+0100] {processor.py:179} INFO - Processing /home/opeyemi/.local/lib/python3.10/site-packages/airflow/example_dags/example_external_task_marker_dag.py took 0.208 seconds
[2023-06-21T01:41:00.610+0100] {processor.py:157} INFO - Started process (PID=23406) to work on /home/opeyemi/.local/lib/python3.10/site-packages/airflow/example_dags/example_external_task_marker_dag.py
[2023-06-21T01:41:00.614+0100] {processor.py:826} INFO - Processing file /home/opeyemi/.local/lib/python3.10/site-packages/airflow/example_dags/example_external_task_marker_dag.py for tasks to queue
[2023-06-21T01:41:00.615+0100] {logging_mixin.py:149} INFO - [2023-06-21T01:41:00.615+0100] {dagbag.py:541} INFO - Filling up the DagBag from /home/opeyemi/.local/lib/python3.10/site-packages/airflow/example_dags/example_external_task_marker_dag.py
[2023-06-21T01:41:00.660+0100] {processor.py:836} INFO - DAG(s) dict_keys(['example_external_task_marker_parent', 'example_external_task_marker_child']) retrieved from /home/opeyemi/.local/lib/python3.10/site-packages/airflow/example_dags/example_external_task_marker_dag.py
[2023-06-21T01:41:00.759+0100] {logging_mixin.py:149} INFO - [2023-06-21T01:41:00.759+0100] {dag.py:2726} INFO - Sync 2 DAGs
[2023-06-21T01:41:00.835+0100] {logging_mixin.py:149} INFO - [2023-06-21T01:41:00.835+0100] {dag.py:3486} INFO - Setting next_dagrun for example_external_task_marker_child to None, run_after=None
[2023-06-21T01:41:00.848+0100] {logging_mixin.py:149} INFO - [2023-06-21T01:41:00.847+0100] {dag.py:3486} INFO - Setting next_dagrun for example_external_task_marker_parent to None, run_after=None
[2023-06-21T01:41:00.918+0100] {processor.py:179} INFO - Processing /home/opeyemi/.local/lib/python3.10/site-packages/airflow/example_dags/example_external_task_marker_dag.py took 0.326 seconds
