[2023-06-21T01:00:28.631+0100] {processor.py:157} INFO - Started process (PID=20538) to work on /home/opeyemi/.local/lib/python3.10/site-packages/airflow/example_dags/example_latest_only_with_trigger.py
[2023-06-21T01:00:28.636+0100] {processor.py:826} INFO - Processing file /home/opeyemi/.local/lib/python3.10/site-packages/airflow/example_dags/example_latest_only_with_trigger.py for tasks to queue
[2023-06-21T01:00:28.643+0100] {logging_mixin.py:149} INFO - [2023-06-21T01:00:28.640+0100] {dagbag.py:541} INFO - Filling up the DagBag from /home/opeyemi/.local/lib/python3.10/site-packages/airflow/example_dags/example_latest_only_with_trigger.py
[2023-06-21T01:00:28.690+0100] {processor.py:836} INFO - DAG(s) dict_keys(['latest_only_with_trigger']) retrieved from /home/opeyemi/.local/lib/python3.10/site-packages/airflow/example_dags/example_latest_only_with_trigger.py
[2023-06-21T01:00:28.727+0100] {logging_mixin.py:149} INFO - [2023-06-21T01:00:28.726+0100] {dag.py:2726} INFO - Sync 1 DAGs
[2023-06-21T01:00:28.760+0100] {logging_mixin.py:149} INFO - [2023-06-21T01:00:28.760+0100] {dag.py:3486} INFO - Setting next_dagrun for latest_only_with_trigger to 2023-06-20T20:00:28.760404+00:00, run_after=2023-06-21T00:00:28.760404+00:00
[2023-06-21T01:00:28.891+0100] {processor.py:179} INFO - Processing /home/opeyemi/.local/lib/python3.10/site-packages/airflow/example_dags/example_latest_only_with_trigger.py took 0.289 seconds
[2023-06-21T01:01:36.106+0100] {processor.py:157} INFO - Started process (PID=20578) to work on /home/opeyemi/.local/lib/python3.10/site-packages/airflow/example_dags/example_latest_only_with_trigger.py
[2023-06-21T01:01:36.113+0100] {processor.py:826} INFO - Processing file /home/opeyemi/.local/lib/python3.10/site-packages/airflow/example_dags/example_latest_only_with_trigger.py for tasks to queue
[2023-06-21T01:01:36.115+0100] {logging_mixin.py:149} INFO - [2023-06-21T01:01:36.115+0100] {dagbag.py:541} INFO - Filling up the DagBag from /home/opeyemi/.local/lib/python3.10/site-packages/airflow/example_dags/example_latest_only_with_trigger.py
[2023-06-21T01:01:36.137+0100] {processor.py:836} INFO - DAG(s) dict_keys(['latest_only_with_trigger']) retrieved from /home/opeyemi/.local/lib/python3.10/site-packages/airflow/example_dags/example_latest_only_with_trigger.py
[2023-06-21T01:01:36.292+0100] {logging_mixin.py:149} INFO - [2023-06-21T01:01:36.291+0100] {dag.py:2726} INFO - Sync 1 DAGs
[2023-06-21T01:01:36.372+0100] {logging_mixin.py:149} INFO - [2023-06-21T01:01:36.371+0100] {dag.py:3486} INFO - Setting next_dagrun for latest_only_with_trigger to 2023-06-20T20:01:36.370382+00:00, run_after=2023-06-21T00:01:36.370382+00:00
[2023-06-21T01:01:36.616+0100] {processor.py:179} INFO - Processing /home/opeyemi/.local/lib/python3.10/site-packages/airflow/example_dags/example_latest_only_with_trigger.py took 0.534 seconds
[2023-06-21T01:02:45.938+0100] {processor.py:157} INFO - Started process (PID=20616) to work on /home/opeyemi/.local/lib/python3.10/site-packages/airflow/example_dags/example_latest_only_with_trigger.py
[2023-06-21T01:02:46.043+0100] {processor.py:826} INFO - Processing file /home/opeyemi/.local/lib/python3.10/site-packages/airflow/example_dags/example_latest_only_with_trigger.py for tasks to queue
[2023-06-21T01:02:46.047+0100] {logging_mixin.py:149} INFO - [2023-06-21T01:02:46.046+0100] {dagbag.py:541} INFO - Filling up the DagBag from /home/opeyemi/.local/lib/python3.10/site-packages/airflow/example_dags/example_latest_only_with_trigger.py
[2023-06-21T01:02:46.104+0100] {processor.py:836} INFO - DAG(s) dict_keys(['latest_only_with_trigger']) retrieved from /home/opeyemi/.local/lib/python3.10/site-packages/airflow/example_dags/example_latest_only_with_trigger.py
[2023-06-21T01:02:46.263+0100] {logging_mixin.py:149} INFO - [2023-06-21T01:02:46.263+0100] {dag.py:2726} INFO - Sync 1 DAGs
[2023-06-21T01:02:46.296+0100] {logging_mixin.py:149} INFO - [2023-06-21T01:02:46.296+0100] {dag.py:3486} INFO - Setting next_dagrun for latest_only_with_trigger to 2023-06-20T20:02:46.296059+00:00, run_after=2023-06-21T00:02:46.296059+00:00
[2023-06-21T01:02:46.694+0100] {processor.py:179} INFO - Processing /home/opeyemi/.local/lib/python3.10/site-packages/airflow/example_dags/example_latest_only_with_trigger.py took 0.762 seconds
[2023-06-21T01:04:00.948+0100] {processor.py:157} INFO - Started process (PID=20658) to work on /home/opeyemi/.local/lib/python3.10/site-packages/airflow/example_dags/example_latest_only_with_trigger.py
[2023-06-21T01:04:00.959+0100] {processor.py:826} INFO - Processing file /home/opeyemi/.local/lib/python3.10/site-packages/airflow/example_dags/example_latest_only_with_trigger.py for tasks to queue
[2023-06-21T01:04:00.960+0100] {logging_mixin.py:149} INFO - [2023-06-21T01:04:00.960+0100] {dagbag.py:541} INFO - Filling up the DagBag from /home/opeyemi/.local/lib/python3.10/site-packages/airflow/example_dags/example_latest_only_with_trigger.py
[2023-06-21T01:04:00.980+0100] {processor.py:836} INFO - DAG(s) dict_keys(['latest_only_with_trigger']) retrieved from /home/opeyemi/.local/lib/python3.10/site-packages/airflow/example_dags/example_latest_only_with_trigger.py
[2023-06-21T01:04:01.039+0100] {logging_mixin.py:149} INFO - [2023-06-21T01:04:01.039+0100] {dag.py:2726} INFO - Sync 1 DAGs
[2023-06-21T01:04:01.062+0100] {logging_mixin.py:149} INFO - [2023-06-21T01:04:01.062+0100] {dag.py:3486} INFO - Setting next_dagrun for latest_only_with_trigger to 2023-06-20T20:04:01.062347+00:00, run_after=2023-06-21T00:04:01.062347+00:00
[2023-06-21T01:04:01.173+0100] {processor.py:179} INFO - Processing /home/opeyemi/.local/lib/python3.10/site-packages/airflow/example_dags/example_latest_only_with_trigger.py took 0.239 seconds
[2023-06-21T01:05:28.916+0100] {processor.py:157} INFO - Started process (PID=20694) to work on /home/opeyemi/.local/lib/python3.10/site-packages/airflow/example_dags/example_latest_only_with_trigger.py
[2023-06-21T01:05:28.929+0100] {processor.py:826} INFO - Processing file /home/opeyemi/.local/lib/python3.10/site-packages/airflow/example_dags/example_latest_only_with_trigger.py for tasks to queue
[2023-06-21T01:05:28.932+0100] {logging_mixin.py:149} INFO - [2023-06-21T01:05:28.931+0100] {dagbag.py:541} INFO - Filling up the DagBag from /home/opeyemi/.local/lib/python3.10/site-packages/airflow/example_dags/example_latest_only_with_trigger.py
[2023-06-21T01:05:28.969+0100] {processor.py:836} INFO - DAG(s) dict_keys(['latest_only_with_trigger']) retrieved from /home/opeyemi/.local/lib/python3.10/site-packages/airflow/example_dags/example_latest_only_with_trigger.py
[2023-06-21T01:05:29.069+0100] {logging_mixin.py:149} INFO - [2023-06-21T01:05:29.069+0100] {dag.py:2726} INFO - Sync 1 DAGs
[2023-06-21T01:05:29.119+0100] {logging_mixin.py:149} INFO - [2023-06-21T01:05:29.119+0100] {dag.py:3486} INFO - Setting next_dagrun for latest_only_with_trigger to 2023-06-20T20:05:29.118800+00:00, run_after=2023-06-21T00:05:29.118800+00:00
[2023-06-21T01:05:29.442+0100] {processor.py:179} INFO - Processing /home/opeyemi/.local/lib/python3.10/site-packages/airflow/example_dags/example_latest_only_with_trigger.py took 0.539 seconds
[2023-06-21T01:06:29.859+0100] {processor.py:157} INFO - Started process (PID=20729) to work on /home/opeyemi/.local/lib/python3.10/site-packages/airflow/example_dags/example_latest_only_with_trigger.py
[2023-06-21T01:06:29.905+0100] {processor.py:826} INFO - Processing file /home/opeyemi/.local/lib/python3.10/site-packages/airflow/example_dags/example_latest_only_with_trigger.py for tasks to queue
[2023-06-21T01:06:29.906+0100] {logging_mixin.py:149} INFO - [2023-06-21T01:06:29.906+0100] {dagbag.py:541} INFO - Filling up the DagBag from /home/opeyemi/.local/lib/python3.10/site-packages/airflow/example_dags/example_latest_only_with_trigger.py
[2023-06-21T01:06:29.935+0100] {processor.py:836} INFO - DAG(s) dict_keys(['latest_only_with_trigger']) retrieved from /home/opeyemi/.local/lib/python3.10/site-packages/airflow/example_dags/example_latest_only_with_trigger.py
[2023-06-21T01:06:29.971+0100] {logging_mixin.py:149} INFO - [2023-06-21T01:06:29.970+0100] {dag.py:2726} INFO - Sync 1 DAGs
[2023-06-21T01:06:29.999+0100] {logging_mixin.py:149} INFO - [2023-06-21T01:06:29.999+0100] {dag.py:3486} INFO - Setting next_dagrun for latest_only_with_trigger to 2023-06-20T20:06:29.999474+00:00, run_after=2023-06-21T00:06:29.999474+00:00
[2023-06-21T01:06:30.566+0100] {processor.py:179} INFO - Processing /home/opeyemi/.local/lib/python3.10/site-packages/airflow/example_dags/example_latest_only_with_trigger.py took 0.713 seconds
[2023-06-21T01:07:50.834+0100] {processor.py:157} INFO - Started process (PID=20762) to work on /home/opeyemi/.local/lib/python3.10/site-packages/airflow/example_dags/example_latest_only_with_trigger.py
[2023-06-21T01:07:50.869+0100] {processor.py:826} INFO - Processing file /home/opeyemi/.local/lib/python3.10/site-packages/airflow/example_dags/example_latest_only_with_trigger.py for tasks to queue
[2023-06-21T01:07:50.872+0100] {logging_mixin.py:149} INFO - [2023-06-21T01:07:50.871+0100] {dagbag.py:541} INFO - Filling up the DagBag from /home/opeyemi/.local/lib/python3.10/site-packages/airflow/example_dags/example_latest_only_with_trigger.py
[2023-06-21T01:07:50.908+0100] {processor.py:836} INFO - DAG(s) dict_keys(['latest_only_with_trigger']) retrieved from /home/opeyemi/.local/lib/python3.10/site-packages/airflow/example_dags/example_latest_only_with_trigger.py
[2023-06-21T01:07:51.001+0100] {logging_mixin.py:149} INFO - [2023-06-21T01:07:51.000+0100] {dag.py:2726} INFO - Sync 1 DAGs
[2023-06-21T01:07:51.084+0100] {logging_mixin.py:149} INFO - [2023-06-21T01:07:51.084+0100] {dag.py:3486} INFO - Setting next_dagrun for latest_only_with_trigger to 2023-06-20T20:07:51.083871+00:00, run_after=2023-06-21T00:07:51.083871+00:00
[2023-06-21T01:07:51.517+0100] {processor.py:179} INFO - Processing /home/opeyemi/.local/lib/python3.10/site-packages/airflow/example_dags/example_latest_only_with_trigger.py took 0.695 seconds
[2023-06-21T01:08:42.392+0100] {processor.py:157} INFO - Started process (PID=20814) to work on /home/opeyemi/.local/lib/python3.10/site-packages/airflow/example_dags/example_latest_only_with_trigger.py
[2023-06-21T01:08:42.396+0100] {processor.py:826} INFO - Processing file /home/opeyemi/.local/lib/python3.10/site-packages/airflow/example_dags/example_latest_only_with_trigger.py for tasks to queue
[2023-06-21T01:08:42.398+0100] {logging_mixin.py:149} INFO - [2023-06-21T01:08:42.397+0100] {dagbag.py:541} INFO - Filling up the DagBag from /home/opeyemi/.local/lib/python3.10/site-packages/airflow/example_dags/example_latest_only_with_trigger.py
[2023-06-21T01:08:42.408+0100] {processor.py:836} INFO - DAG(s) dict_keys(['latest_only_with_trigger']) retrieved from /home/opeyemi/.local/lib/python3.10/site-packages/airflow/example_dags/example_latest_only_with_trigger.py
[2023-06-21T01:08:42.438+0100] {logging_mixin.py:149} INFO - [2023-06-21T01:08:42.437+0100] {dag.py:2726} INFO - Sync 1 DAGs
[2023-06-21T01:08:42.472+0100] {logging_mixin.py:149} INFO - [2023-06-21T01:08:42.472+0100] {dag.py:3486} INFO - Setting next_dagrun for latest_only_with_trigger to 2023-06-20T20:08:42.471893+00:00, run_after=2023-06-21T00:08:42.471893+00:00
[2023-06-21T01:08:42.538+0100] {processor.py:179} INFO - Processing /home/opeyemi/.local/lib/python3.10/site-packages/airflow/example_dags/example_latest_only_with_trigger.py took 0.159 seconds
[2023-06-21T01:09:39.554+0100] {processor.py:157} INFO - Started process (PID=20841) to work on /home/opeyemi/.local/lib/python3.10/site-packages/airflow/example_dags/example_latest_only_with_trigger.py
[2023-06-21T01:09:39.633+0100] {processor.py:826} INFO - Processing file /home/opeyemi/.local/lib/python3.10/site-packages/airflow/example_dags/example_latest_only_with_trigger.py for tasks to queue
[2023-06-21T01:09:39.637+0100] {logging_mixin.py:149} INFO - [2023-06-21T01:09:39.636+0100] {dagbag.py:541} INFO - Filling up the DagBag from /home/opeyemi/.local/lib/python3.10/site-packages/airflow/example_dags/example_latest_only_with_trigger.py
[2023-06-21T01:09:39.668+0100] {processor.py:836} INFO - DAG(s) dict_keys(['latest_only_with_trigger']) retrieved from /home/opeyemi/.local/lib/python3.10/site-packages/airflow/example_dags/example_latest_only_with_trigger.py
[2023-06-21T01:09:39.736+0100] {logging_mixin.py:149} INFO - [2023-06-21T01:09:39.735+0100] {dag.py:2726} INFO - Sync 1 DAGs
[2023-06-21T01:09:39.806+0100] {logging_mixin.py:149} INFO - [2023-06-21T01:09:39.806+0100] {dag.py:3486} INFO - Setting next_dagrun for latest_only_with_trigger to 2023-06-20T20:09:39.805230+00:00, run_after=2023-06-21T00:09:39.805230+00:00
[2023-06-21T01:09:40.098+0100] {processor.py:179} INFO - Processing /home/opeyemi/.local/lib/python3.10/site-packages/airflow/example_dags/example_latest_only_with_trigger.py took 0.555 seconds
[2023-06-21T01:10:34.199+0100] {processor.py:157} INFO - Started process (PID=20881) to work on /home/opeyemi/.local/lib/python3.10/site-packages/airflow/example_dags/example_latest_only_with_trigger.py
[2023-06-21T01:10:34.247+0100] {processor.py:826} INFO - Processing file /home/opeyemi/.local/lib/python3.10/site-packages/airflow/example_dags/example_latest_only_with_trigger.py for tasks to queue
[2023-06-21T01:10:34.250+0100] {logging_mixin.py:149} INFO - [2023-06-21T01:10:34.249+0100] {dagbag.py:541} INFO - Filling up the DagBag from /home/opeyemi/.local/lib/python3.10/site-packages/airflow/example_dags/example_latest_only_with_trigger.py
[2023-06-21T01:10:34.272+0100] {processor.py:836} INFO - DAG(s) dict_keys(['latest_only_with_trigger']) retrieved from /home/opeyemi/.local/lib/python3.10/site-packages/airflow/example_dags/example_latest_only_with_trigger.py
[2023-06-21T01:10:34.341+0100] {logging_mixin.py:149} INFO - [2023-06-21T01:10:34.341+0100] {dag.py:2726} INFO - Sync 1 DAGs
[2023-06-21T01:10:34.378+0100] {logging_mixin.py:149} INFO - [2023-06-21T01:10:34.378+0100] {dag.py:3486} INFO - Setting next_dagrun for latest_only_with_trigger to 2023-06-20T20:10:34.378033+00:00, run_after=2023-06-21T00:10:34.378033+00:00
[2023-06-21T01:10:34.816+0100] {processor.py:179} INFO - Processing /home/opeyemi/.local/lib/python3.10/site-packages/airflow/example_dags/example_latest_only_with_trigger.py took 0.628 seconds
[2023-06-21T01:11:37.857+0100] {processor.py:157} INFO - Started process (PID=20913) to work on /home/opeyemi/.local/lib/python3.10/site-packages/airflow/example_dags/example_latest_only_with_trigger.py
[2023-06-21T01:11:37.975+0100] {processor.py:826} INFO - Processing file /home/opeyemi/.local/lib/python3.10/site-packages/airflow/example_dags/example_latest_only_with_trigger.py for tasks to queue
[2023-06-21T01:11:37.977+0100] {logging_mixin.py:149} INFO - [2023-06-21T01:11:37.976+0100] {dagbag.py:541} INFO - Filling up the DagBag from /home/opeyemi/.local/lib/python3.10/site-packages/airflow/example_dags/example_latest_only_with_trigger.py
[2023-06-21T01:11:38.002+0100] {processor.py:836} INFO - DAG(s) dict_keys(['latest_only_with_trigger']) retrieved from /home/opeyemi/.local/lib/python3.10/site-packages/airflow/example_dags/example_latest_only_with_trigger.py
[2023-06-21T01:11:38.111+0100] {logging_mixin.py:149} INFO - [2023-06-21T01:11:38.110+0100] {dag.py:2726} INFO - Sync 1 DAGs
[2023-06-21T01:11:38.162+0100] {logging_mixin.py:149} INFO - [2023-06-21T01:11:38.161+0100] {dag.py:3486} INFO - Setting next_dagrun for latest_only_with_trigger to 2023-06-20T20:11:38.161675+00:00, run_after=2023-06-21T00:11:38.161675+00:00
[2023-06-21T01:11:38.239+0100] {processor.py:179} INFO - Processing /home/opeyemi/.local/lib/python3.10/site-packages/airflow/example_dags/example_latest_only_with_trigger.py took 0.398 seconds
[2023-06-21T01:13:00.387+0100] {processor.py:157} INFO - Started process (PID=20968) to work on /home/opeyemi/.local/lib/python3.10/site-packages/airflow/example_dags/example_latest_only_with_trigger.py
[2023-06-21T01:13:00.468+0100] {processor.py:826} INFO - Processing file /home/opeyemi/.local/lib/python3.10/site-packages/airflow/example_dags/example_latest_only_with_trigger.py for tasks to queue
[2023-06-21T01:13:00.471+0100] {logging_mixin.py:149} INFO - [2023-06-21T01:13:00.471+0100] {dagbag.py:541} INFO - Filling up the DagBag from /home/opeyemi/.local/lib/python3.10/site-packages/airflow/example_dags/example_latest_only_with_trigger.py
[2023-06-21T01:13:00.494+0100] {processor.py:836} INFO - DAG(s) dict_keys(['latest_only_with_trigger']) retrieved from /home/opeyemi/.local/lib/python3.10/site-packages/airflow/example_dags/example_latest_only_with_trigger.py
[2023-06-21T01:13:00.573+0100] {logging_mixin.py:149} INFO - [2023-06-21T01:13:00.572+0100] {dag.py:2726} INFO - Sync 1 DAGs
[2023-06-21T01:13:00.650+0100] {logging_mixin.py:149} INFO - [2023-06-21T01:13:00.649+0100] {dag.py:3486} INFO - Setting next_dagrun for latest_only_with_trigger to 2023-06-20T20:13:00.648256+00:00, run_after=2023-06-21T00:13:00.648256+00:00
[2023-06-21T01:13:00.769+0100] {processor.py:179} INFO - Processing /home/opeyemi/.local/lib/python3.10/site-packages/airflow/example_dags/example_latest_only_with_trigger.py took 0.396 seconds
[2023-06-21T01:14:21.230+0100] {processor.py:157} INFO - Started process (PID=21005) to work on /home/opeyemi/.local/lib/python3.10/site-packages/airflow/example_dags/example_latest_only_with_trigger.py
[2023-06-21T01:14:21.322+0100] {processor.py:826} INFO - Processing file /home/opeyemi/.local/lib/python3.10/site-packages/airflow/example_dags/example_latest_only_with_trigger.py for tasks to queue
[2023-06-21T01:14:21.323+0100] {logging_mixin.py:149} INFO - [2023-06-21T01:14:21.323+0100] {dagbag.py:541} INFO - Filling up the DagBag from /home/opeyemi/.local/lib/python3.10/site-packages/airflow/example_dags/example_latest_only_with_trigger.py
[2023-06-21T01:14:21.357+0100] {processor.py:836} INFO - DAG(s) dict_keys(['latest_only_with_trigger']) retrieved from /home/opeyemi/.local/lib/python3.10/site-packages/airflow/example_dags/example_latest_only_with_trigger.py
[2023-06-21T01:14:21.487+0100] {logging_mixin.py:149} INFO - [2023-06-21T01:14:21.487+0100] {dag.py:2726} INFO - Sync 1 DAGs
[2023-06-21T01:14:21.600+0100] {logging_mixin.py:149} INFO - [2023-06-21T01:14:21.600+0100] {dag.py:3486} INFO - Setting next_dagrun for latest_only_with_trigger to 2023-06-20T20:14:21.600193+00:00, run_after=2023-06-21T00:14:21.600193+00:00
[2023-06-21T01:14:21.823+0100] {processor.py:179} INFO - Processing /home/opeyemi/.local/lib/python3.10/site-packages/airflow/example_dags/example_latest_only_with_trigger.py took 0.610 seconds
[2023-06-21T01:15:20.272+0100] {processor.py:157} INFO - Started process (PID=21036) to work on /home/opeyemi/.local/lib/python3.10/site-packages/airflow/example_dags/example_latest_only_with_trigger.py
[2023-06-21T01:15:20.348+0100] {processor.py:826} INFO - Processing file /home/opeyemi/.local/lib/python3.10/site-packages/airflow/example_dags/example_latest_only_with_trigger.py for tasks to queue
[2023-06-21T01:15:20.350+0100] {logging_mixin.py:149} INFO - [2023-06-21T01:15:20.350+0100] {dagbag.py:541} INFO - Filling up the DagBag from /home/opeyemi/.local/lib/python3.10/site-packages/airflow/example_dags/example_latest_only_with_trigger.py
[2023-06-21T01:15:20.390+0100] {processor.py:836} INFO - DAG(s) dict_keys(['latest_only_with_trigger']) retrieved from /home/opeyemi/.local/lib/python3.10/site-packages/airflow/example_dags/example_latest_only_with_trigger.py
[2023-06-21T01:15:20.490+0100] {logging_mixin.py:149} INFO - [2023-06-21T01:15:20.490+0100] {dag.py:2726} INFO - Sync 1 DAGs
[2023-06-21T01:15:20.538+0100] {logging_mixin.py:149} INFO - [2023-06-21T01:15:20.538+0100] {dag.py:3486} INFO - Setting next_dagrun for latest_only_with_trigger to 2023-06-20T20:15:20.536632+00:00, run_after=2023-06-21T00:15:20.536632+00:00
[2023-06-21T01:15:20.604+0100] {processor.py:179} INFO - Processing /home/opeyemi/.local/lib/python3.10/site-packages/airflow/example_dags/example_latest_only_with_trigger.py took 0.341 seconds
[2023-06-21T01:16:52.420+0100] {processor.py:157} INFO - Started process (PID=21079) to work on /home/opeyemi/.local/lib/python3.10/site-packages/airflow/example_dags/example_latest_only_with_trigger.py
[2023-06-21T01:16:52.498+0100] {processor.py:826} INFO - Processing file /home/opeyemi/.local/lib/python3.10/site-packages/airflow/example_dags/example_latest_only_with_trigger.py for tasks to queue
[2023-06-21T01:16:52.502+0100] {logging_mixin.py:149} INFO - [2023-06-21T01:16:52.501+0100] {dagbag.py:541} INFO - Filling up the DagBag from /home/opeyemi/.local/lib/python3.10/site-packages/airflow/example_dags/example_latest_only_with_trigger.py
[2023-06-21T01:16:52.535+0100] {processor.py:836} INFO - DAG(s) dict_keys(['latest_only_with_trigger']) retrieved from /home/opeyemi/.local/lib/python3.10/site-packages/airflow/example_dags/example_latest_only_with_trigger.py
[2023-06-21T01:16:52.657+0100] {logging_mixin.py:149} INFO - [2023-06-21T01:16:52.656+0100] {dag.py:2726} INFO - Sync 1 DAGs
[2023-06-21T01:16:52.717+0100] {logging_mixin.py:149} INFO - [2023-06-21T01:16:52.717+0100] {dag.py:3486} INFO - Setting next_dagrun for latest_only_with_trigger to 2023-06-20T20:16:52.716797+00:00, run_after=2023-06-21T00:16:52.716797+00:00
[2023-06-21T01:16:52.877+0100] {processor.py:179} INFO - Processing /home/opeyemi/.local/lib/python3.10/site-packages/airflow/example_dags/example_latest_only_with_trigger.py took 0.461 seconds
[2023-06-21T01:17:32.793+0100] {processor.py:157} INFO - Started process (PID=21110) to work on /home/opeyemi/.local/lib/python3.10/site-packages/airflow/example_dags/example_latest_only_with_trigger.py
[2023-06-21T01:17:32.881+0100] {processor.py:826} INFO - Processing file /home/opeyemi/.local/lib/python3.10/site-packages/airflow/example_dags/example_latest_only_with_trigger.py for tasks to queue
[2023-06-21T01:17:32.883+0100] {logging_mixin.py:149} INFO - [2023-06-21T01:17:32.883+0100] {dagbag.py:541} INFO - Filling up the DagBag from /home/opeyemi/.local/lib/python3.10/site-packages/airflow/example_dags/example_latest_only_with_trigger.py
[2023-06-21T01:17:32.904+0100] {processor.py:836} INFO - DAG(s) dict_keys(['latest_only_with_trigger']) retrieved from /home/opeyemi/.local/lib/python3.10/site-packages/airflow/example_dags/example_latest_only_with_trigger.py
[2023-06-21T01:17:32.963+0100] {logging_mixin.py:149} INFO - [2023-06-21T01:17:32.963+0100] {dag.py:2726} INFO - Sync 1 DAGs
[2023-06-21T01:17:33.022+0100] {logging_mixin.py:149} INFO - [2023-06-21T01:17:33.021+0100] {dag.py:3486} INFO - Setting next_dagrun for latest_only_with_trigger to 2023-06-20T20:17:33.020965+00:00, run_after=2023-06-21T00:17:33.020965+00:00
[2023-06-21T01:17:33.178+0100] {processor.py:179} INFO - Processing /home/opeyemi/.local/lib/python3.10/site-packages/airflow/example_dags/example_latest_only_with_trigger.py took 0.398 seconds
[2023-06-21T01:18:08.104+0100] {processor.py:157} INFO - Started process (PID=21138) to work on /home/opeyemi/.local/lib/python3.10/site-packages/airflow/example_dags/example_latest_only_with_trigger.py
[2023-06-21T01:18:08.119+0100] {processor.py:826} INFO - Processing file /home/opeyemi/.local/lib/python3.10/site-packages/airflow/example_dags/example_latest_only_with_trigger.py for tasks to queue
[2023-06-21T01:18:08.121+0100] {logging_mixin.py:149} INFO - [2023-06-21T01:18:08.121+0100] {dagbag.py:541} INFO - Filling up the DagBag from /home/opeyemi/.local/lib/python3.10/site-packages/airflow/example_dags/example_latest_only_with_trigger.py
[2023-06-21T01:18:08.149+0100] {processor.py:836} INFO - DAG(s) dict_keys(['latest_only_with_trigger']) retrieved from /home/opeyemi/.local/lib/python3.10/site-packages/airflow/example_dags/example_latest_only_with_trigger.py
[2023-06-21T01:18:08.250+0100] {logging_mixin.py:149} INFO - [2023-06-21T01:18:08.250+0100] {dag.py:2726} INFO - Sync 1 DAGs
[2023-06-21T01:18:08.304+0100] {logging_mixin.py:149} INFO - [2023-06-21T01:18:08.304+0100] {dag.py:3486} INFO - Setting next_dagrun for latest_only_with_trigger to 2023-06-20T20:18:08.304047+00:00, run_after=2023-06-21T00:18:08.304047+00:00
[2023-06-21T01:18:08.366+0100] {processor.py:179} INFO - Processing /home/opeyemi/.local/lib/python3.10/site-packages/airflow/example_dags/example_latest_only_with_trigger.py took 0.281 seconds
[2023-06-21T01:18:47.437+0100] {processor.py:157} INFO - Started process (PID=21167) to work on /home/opeyemi/.local/lib/python3.10/site-packages/airflow/example_dags/example_latest_only_with_trigger.py
[2023-06-21T01:18:47.514+0100] {processor.py:826} INFO - Processing file /home/opeyemi/.local/lib/python3.10/site-packages/airflow/example_dags/example_latest_only_with_trigger.py for tasks to queue
[2023-06-21T01:18:47.518+0100] {logging_mixin.py:149} INFO - [2023-06-21T01:18:47.517+0100] {dagbag.py:541} INFO - Filling up the DagBag from /home/opeyemi/.local/lib/python3.10/site-packages/airflow/example_dags/example_latest_only_with_trigger.py
[2023-06-21T01:18:47.568+0100] {processor.py:836} INFO - DAG(s) dict_keys(['latest_only_with_trigger']) retrieved from /home/opeyemi/.local/lib/python3.10/site-packages/airflow/example_dags/example_latest_only_with_trigger.py
[2023-06-21T01:18:47.646+0100] {logging_mixin.py:149} INFO - [2023-06-21T01:18:47.645+0100] {dag.py:2726} INFO - Sync 1 DAGs
[2023-06-21T01:18:47.722+0100] {logging_mixin.py:149} INFO - [2023-06-21T01:18:47.722+0100] {dag.py:3486} INFO - Setting next_dagrun for latest_only_with_trigger to 2023-06-20T20:18:47.721870+00:00, run_after=2023-06-21T00:18:47.721870+00:00
[2023-06-21T01:18:47.870+0100] {processor.py:179} INFO - Processing /home/opeyemi/.local/lib/python3.10/site-packages/airflow/example_dags/example_latest_only_with_trigger.py took 0.437 seconds
[2023-06-21T01:19:26.530+0100] {processor.py:157} INFO - Started process (PID=21197) to work on /home/opeyemi/.local/lib/python3.10/site-packages/airflow/example_dags/example_latest_only_with_trigger.py
[2023-06-21T01:19:26.534+0100] {processor.py:826} INFO - Processing file /home/opeyemi/.local/lib/python3.10/site-packages/airflow/example_dags/example_latest_only_with_trigger.py for tasks to queue
[2023-06-21T01:19:26.538+0100] {logging_mixin.py:149} INFO - [2023-06-21T01:19:26.537+0100] {dagbag.py:541} INFO - Filling up the DagBag from /home/opeyemi/.local/lib/python3.10/site-packages/airflow/example_dags/example_latest_only_with_trigger.py
[2023-06-21T01:19:26.561+0100] {processor.py:836} INFO - DAG(s) dict_keys(['latest_only_with_trigger']) retrieved from /home/opeyemi/.local/lib/python3.10/site-packages/airflow/example_dags/example_latest_only_with_trigger.py
[2023-06-21T01:19:26.629+0100] {logging_mixin.py:149} INFO - [2023-06-21T01:19:26.628+0100] {dag.py:2726} INFO - Sync 1 DAGs
[2023-06-21T01:19:26.663+0100] {logging_mixin.py:149} INFO - [2023-06-21T01:19:26.662+0100] {dag.py:3486} INFO - Setting next_dagrun for latest_only_with_trigger to 2023-06-20T20:19:26.662491+00:00, run_after=2023-06-21T00:19:26.662491+00:00
[2023-06-21T01:19:26.742+0100] {processor.py:179} INFO - Processing /home/opeyemi/.local/lib/python3.10/site-packages/airflow/example_dags/example_latest_only_with_trigger.py took 0.225 seconds
[2023-06-21T01:20:03.136+0100] {processor.py:157} INFO - Started process (PID=21226) to work on /home/opeyemi/.local/lib/python3.10/site-packages/airflow/example_dags/example_latest_only_with_trigger.py
[2023-06-21T01:20:03.149+0100] {processor.py:826} INFO - Processing file /home/opeyemi/.local/lib/python3.10/site-packages/airflow/example_dags/example_latest_only_with_trigger.py for tasks to queue
[2023-06-21T01:20:03.151+0100] {logging_mixin.py:149} INFO - [2023-06-21T01:20:03.150+0100] {dagbag.py:541} INFO - Filling up the DagBag from /home/opeyemi/.local/lib/python3.10/site-packages/airflow/example_dags/example_latest_only_with_trigger.py
[2023-06-21T01:20:03.182+0100] {processor.py:836} INFO - DAG(s) dict_keys(['latest_only_with_trigger']) retrieved from /home/opeyemi/.local/lib/python3.10/site-packages/airflow/example_dags/example_latest_only_with_trigger.py
[2023-06-21T01:20:03.291+0100] {logging_mixin.py:149} INFO - [2023-06-21T01:20:03.291+0100] {dag.py:2726} INFO - Sync 1 DAGs
[2023-06-21T01:20:03.341+0100] {logging_mixin.py:149} INFO - [2023-06-21T01:20:03.340+0100] {dag.py:3486} INFO - Setting next_dagrun for latest_only_with_trigger to 2023-06-20T20:20:03.340583+00:00, run_after=2023-06-21T00:20:03.340583+00:00
[2023-06-21T01:20:03.685+0100] {processor.py:179} INFO - Processing /home/opeyemi/.local/lib/python3.10/site-packages/airflow/example_dags/example_latest_only_with_trigger.py took 0.555 seconds
[2023-06-21T01:21:18.492+0100] {processor.py:157} INFO - Started process (PID=21255) to work on /home/opeyemi/.local/lib/python3.10/site-packages/airflow/example_dags/example_latest_only_with_trigger.py
[2023-06-21T01:21:18.526+0100] {processor.py:826} INFO - Processing file /home/opeyemi/.local/lib/python3.10/site-packages/airflow/example_dags/example_latest_only_with_trigger.py for tasks to queue
[2023-06-21T01:21:18.528+0100] {logging_mixin.py:149} INFO - [2023-06-21T01:21:18.527+0100] {dagbag.py:541} INFO - Filling up the DagBag from /home/opeyemi/.local/lib/python3.10/site-packages/airflow/example_dags/example_latest_only_with_trigger.py
[2023-06-21T01:21:18.551+0100] {processor.py:836} INFO - DAG(s) dict_keys(['latest_only_with_trigger']) retrieved from /home/opeyemi/.local/lib/python3.10/site-packages/airflow/example_dags/example_latest_only_with_trigger.py
[2023-06-21T01:21:18.614+0100] {logging_mixin.py:149} INFO - [2023-06-21T01:21:18.614+0100] {dag.py:2726} INFO - Sync 1 DAGs
[2023-06-21T01:21:18.722+0100] {logging_mixin.py:149} INFO - [2023-06-21T01:21:18.722+0100] {dag.py:3486} INFO - Setting next_dagrun for latest_only_with_trigger to 2023-06-20T20:21:18.720939+00:00, run_after=2023-06-21T00:21:18.720939+00:00
[2023-06-21T01:21:18.877+0100] {processor.py:179} INFO - Processing /home/opeyemi/.local/lib/python3.10/site-packages/airflow/example_dags/example_latest_only_with_trigger.py took 0.393 seconds
[2023-06-21T01:22:37.171+0100] {processor.py:157} INFO - Started process (PID=21300) to work on /home/opeyemi/.local/lib/python3.10/site-packages/airflow/example_dags/example_latest_only_with_trigger.py
[2023-06-21T01:22:37.232+0100] {processor.py:826} INFO - Processing file /home/opeyemi/.local/lib/python3.10/site-packages/airflow/example_dags/example_latest_only_with_trigger.py for tasks to queue
[2023-06-21T01:22:37.233+0100] {logging_mixin.py:149} INFO - [2023-06-21T01:22:37.233+0100] {dagbag.py:541} INFO - Filling up the DagBag from /home/opeyemi/.local/lib/python3.10/site-packages/airflow/example_dags/example_latest_only_with_trigger.py
[2023-06-21T01:22:37.242+0100] {processor.py:836} INFO - DAG(s) dict_keys(['latest_only_with_trigger']) retrieved from /home/opeyemi/.local/lib/python3.10/site-packages/airflow/example_dags/example_latest_only_with_trigger.py
[2023-06-21T01:22:37.349+0100] {logging_mixin.py:149} INFO - [2023-06-21T01:22:37.349+0100] {dag.py:2726} INFO - Sync 1 DAGs
[2023-06-21T01:22:37.437+0100] {logging_mixin.py:149} INFO - [2023-06-21T01:22:37.436+0100] {dag.py:3486} INFO - Setting next_dagrun for latest_only_with_trigger to 2023-06-20T20:22:37.436548+00:00, run_after=2023-06-21T00:22:37.436548+00:00
[2023-06-21T01:22:37.533+0100] {processor.py:179} INFO - Processing /home/opeyemi/.local/lib/python3.10/site-packages/airflow/example_dags/example_latest_only_with_trigger.py took 0.382 seconds
[2023-06-21T01:23:19.549+0100] {processor.py:157} INFO - Started process (PID=21334) to work on /home/opeyemi/.local/lib/python3.10/site-packages/airflow/example_dags/example_latest_only_with_trigger.py
[2023-06-21T01:23:19.553+0100] {processor.py:826} INFO - Processing file /home/opeyemi/.local/lib/python3.10/site-packages/airflow/example_dags/example_latest_only_with_trigger.py for tasks to queue
[2023-06-21T01:23:19.555+0100] {logging_mixin.py:149} INFO - [2023-06-21T01:23:19.554+0100] {dagbag.py:541} INFO - Filling up the DagBag from /home/opeyemi/.local/lib/python3.10/site-packages/airflow/example_dags/example_latest_only_with_trigger.py
[2023-06-21T01:23:19.570+0100] {processor.py:836} INFO - DAG(s) dict_keys(['latest_only_with_trigger']) retrieved from /home/opeyemi/.local/lib/python3.10/site-packages/airflow/example_dags/example_latest_only_with_trigger.py
[2023-06-21T01:23:19.628+0100] {logging_mixin.py:149} INFO - [2023-06-21T01:23:19.627+0100] {dag.py:2726} INFO - Sync 1 DAGs
[2023-06-21T01:23:19.661+0100] {logging_mixin.py:149} INFO - [2023-06-21T01:23:19.661+0100] {dag.py:3486} INFO - Setting next_dagrun for latest_only_with_trigger to 2023-06-20T20:23:19.661174+00:00, run_after=2023-06-21T00:23:19.661174+00:00
[2023-06-21T01:23:19.706+0100] {processor.py:179} INFO - Processing /home/opeyemi/.local/lib/python3.10/site-packages/airflow/example_dags/example_latest_only_with_trigger.py took 0.163 seconds
[2023-06-21T01:24:12.654+0100] {processor.py:157} INFO - Started process (PID=21376) to work on /home/opeyemi/.local/lib/python3.10/site-packages/airflow/example_dags/example_latest_only_with_trigger.py
[2023-06-21T01:24:12.752+0100] {processor.py:826} INFO - Processing file /home/opeyemi/.local/lib/python3.10/site-packages/airflow/example_dags/example_latest_only_with_trigger.py for tasks to queue
[2023-06-21T01:24:12.754+0100] {logging_mixin.py:149} INFO - [2023-06-21T01:24:12.753+0100] {dagbag.py:541} INFO - Filling up the DagBag from /home/opeyemi/.local/lib/python3.10/site-packages/airflow/example_dags/example_latest_only_with_trigger.py
[2023-06-21T01:24:12.772+0100] {processor.py:836} INFO - DAG(s) dict_keys(['latest_only_with_trigger']) retrieved from /home/opeyemi/.local/lib/python3.10/site-packages/airflow/example_dags/example_latest_only_with_trigger.py
[2023-06-21T01:24:12.817+0100] {logging_mixin.py:149} INFO - [2023-06-21T01:24:12.817+0100] {dag.py:2726} INFO - Sync 1 DAGs
[2023-06-21T01:24:12.839+0100] {logging_mixin.py:149} INFO - [2023-06-21T01:24:12.839+0100] {dag.py:3486} INFO - Setting next_dagrun for latest_only_with_trigger to 2023-06-20T20:24:12.839396+00:00, run_after=2023-06-21T00:24:12.839396+00:00
[2023-06-21T01:24:12.952+0100] {processor.py:179} INFO - Processing /home/opeyemi/.local/lib/python3.10/site-packages/airflow/example_dags/example_latest_only_with_trigger.py took 0.303 seconds
[2023-06-21T01:24:53.146+0100] {processor.py:157} INFO - Started process (PID=21531) to work on /home/opeyemi/.local/lib/python3.10/site-packages/airflow/example_dags/example_latest_only_with_trigger.py
[2023-06-21T01:24:53.303+0100] {processor.py:826} INFO - Processing file /home/opeyemi/.local/lib/python3.10/site-packages/airflow/example_dags/example_latest_only_with_trigger.py for tasks to queue
[2023-06-21T01:24:53.305+0100] {logging_mixin.py:149} INFO - [2023-06-21T01:24:53.305+0100] {dagbag.py:541} INFO - Filling up the DagBag from /home/opeyemi/.local/lib/python3.10/site-packages/airflow/example_dags/example_latest_only_with_trigger.py
[2023-06-21T01:24:53.329+0100] {processor.py:836} INFO - DAG(s) dict_keys(['latest_only_with_trigger']) retrieved from /home/opeyemi/.local/lib/python3.10/site-packages/airflow/example_dags/example_latest_only_with_trigger.py
[2023-06-21T01:24:53.428+0100] {logging_mixin.py:149} INFO - [2023-06-21T01:24:53.427+0100] {dag.py:2726} INFO - Sync 1 DAGs
[2023-06-21T01:24:53.471+0100] {logging_mixin.py:149} INFO - [2023-06-21T01:24:53.471+0100] {dag.py:3486} INFO - Setting next_dagrun for latest_only_with_trigger to 2023-06-20T20:24:53.470595+00:00, run_after=2023-06-21T00:24:53.470595+00:00
[2023-06-21T01:24:53.558+0100] {processor.py:179} INFO - Processing /home/opeyemi/.local/lib/python3.10/site-packages/airflow/example_dags/example_latest_only_with_trigger.py took 0.419 seconds
[2023-06-21T01:25:57.847+0100] {processor.py:157} INFO - Started process (PID=21666) to work on /home/opeyemi/.local/lib/python3.10/site-packages/airflow/example_dags/example_latest_only_with_trigger.py
[2023-06-21T01:25:57.861+0100] {processor.py:826} INFO - Processing file /home/opeyemi/.local/lib/python3.10/site-packages/airflow/example_dags/example_latest_only_with_trigger.py for tasks to queue
[2023-06-21T01:25:57.862+0100] {logging_mixin.py:149} INFO - [2023-06-21T01:25:57.862+0100] {dagbag.py:541} INFO - Filling up the DagBag from /home/opeyemi/.local/lib/python3.10/site-packages/airflow/example_dags/example_latest_only_with_trigger.py
[2023-06-21T01:25:57.877+0100] {processor.py:836} INFO - DAG(s) dict_keys(['latest_only_with_trigger']) retrieved from /home/opeyemi/.local/lib/python3.10/site-packages/airflow/example_dags/example_latest_only_with_trigger.py
[2023-06-21T01:25:57.904+0100] {logging_mixin.py:149} INFO - [2023-06-21T01:25:57.904+0100] {dag.py:2726} INFO - Sync 1 DAGs
[2023-06-21T01:25:57.941+0100] {logging_mixin.py:149} INFO - [2023-06-21T01:25:57.941+0100] {dag.py:3486} INFO - Setting next_dagrun for latest_only_with_trigger to 2023-06-20T20:25:57.941303+00:00, run_after=2023-06-21T00:25:57.941303+00:00
[2023-06-21T01:25:57.985+0100] {processor.py:179} INFO - Processing /home/opeyemi/.local/lib/python3.10/site-packages/airflow/example_dags/example_latest_only_with_trigger.py took 0.150 seconds
[2023-06-21T01:26:45.798+0100] {processor.py:157} INFO - Started process (PID=21697) to work on /home/opeyemi/.local/lib/python3.10/site-packages/airflow/example_dags/example_latest_only_with_trigger.py
[2023-06-21T01:26:46.907+0100] {processor.py:826} INFO - Processing file /home/opeyemi/.local/lib/python3.10/site-packages/airflow/example_dags/example_latest_only_with_trigger.py for tasks to queue
[2023-06-21T01:26:46.910+0100] {logging_mixin.py:149} INFO - [2023-06-21T01:26:46.909+0100] {dagbag.py:541} INFO - Filling up the DagBag from /home/opeyemi/.local/lib/python3.10/site-packages/airflow/example_dags/example_latest_only_with_trigger.py
[2023-06-21T01:26:46.945+0100] {processor.py:836} INFO - DAG(s) dict_keys(['latest_only_with_trigger']) retrieved from /home/opeyemi/.local/lib/python3.10/site-packages/airflow/example_dags/example_latest_only_with_trigger.py
[2023-06-21T01:26:47.105+0100] {logging_mixin.py:149} INFO - [2023-06-21T01:26:47.105+0100] {dag.py:2726} INFO - Sync 1 DAGs
[2023-06-21T01:26:47.157+0100] {logging_mixin.py:149} INFO - [2023-06-21T01:26:47.156+0100] {dag.py:3486} INFO - Setting next_dagrun for latest_only_with_trigger to 2023-06-20T20:26:47.156551+00:00, run_after=2023-06-21T00:26:47.156551+00:00
[2023-06-21T01:26:47.613+0100] {processor.py:179} INFO - Processing /home/opeyemi/.local/lib/python3.10/site-packages/airflow/example_dags/example_latest_only_with_trigger.py took 1.824 seconds
[2023-06-21T01:27:39.436+0100] {processor.py:157} INFO - Started process (PID=21731) to work on /home/opeyemi/.local/lib/python3.10/site-packages/airflow/example_dags/example_latest_only_with_trigger.py
[2023-06-21T01:27:39.989+0100] {processor.py:826} INFO - Processing file /home/opeyemi/.local/lib/python3.10/site-packages/airflow/example_dags/example_latest_only_with_trigger.py for tasks to queue
[2023-06-21T01:27:39.991+0100] {logging_mixin.py:149} INFO - [2023-06-21T01:27:39.990+0100] {dagbag.py:541} INFO - Filling up the DagBag from /home/opeyemi/.local/lib/python3.10/site-packages/airflow/example_dags/example_latest_only_with_trigger.py
[2023-06-21T01:27:40.009+0100] {processor.py:836} INFO - DAG(s) dict_keys(['latest_only_with_trigger']) retrieved from /home/opeyemi/.local/lib/python3.10/site-packages/airflow/example_dags/example_latest_only_with_trigger.py
[2023-06-21T01:27:40.060+0100] {logging_mixin.py:149} INFO - [2023-06-21T01:27:40.060+0100] {dag.py:2726} INFO - Sync 1 DAGs
[2023-06-21T01:27:40.108+0100] {logging_mixin.py:149} INFO - [2023-06-21T01:27:40.107+0100] {dag.py:3486} INFO - Setting next_dagrun for latest_only_with_trigger to 2023-06-20T20:27:40.107352+00:00, run_after=2023-06-21T00:27:40.107352+00:00
[2023-06-21T01:27:40.681+0100] {processor.py:179} INFO - Processing /home/opeyemi/.local/lib/python3.10/site-packages/airflow/example_dags/example_latest_only_with_trigger.py took 1.258 seconds
[2023-06-21T01:28:34.308+0100] {processor.py:157} INFO - Started process (PID=21811) to work on /home/opeyemi/.local/lib/python3.10/site-packages/airflow/example_dags/example_latest_only_with_trigger.py
[2023-06-21T01:28:34.318+0100] {processor.py:826} INFO - Processing file /home/opeyemi/.local/lib/python3.10/site-packages/airflow/example_dags/example_latest_only_with_trigger.py for tasks to queue
[2023-06-21T01:28:34.319+0100] {logging_mixin.py:149} INFO - [2023-06-21T01:28:34.319+0100] {dagbag.py:541} INFO - Filling up the DagBag from /home/opeyemi/.local/lib/python3.10/site-packages/airflow/example_dags/example_latest_only_with_trigger.py
[2023-06-21T01:28:34.337+0100] {processor.py:836} INFO - DAG(s) dict_keys(['latest_only_with_trigger']) retrieved from /home/opeyemi/.local/lib/python3.10/site-packages/airflow/example_dags/example_latest_only_with_trigger.py
[2023-06-21T01:28:34.400+0100] {logging_mixin.py:149} INFO - [2023-06-21T01:28:34.399+0100] {dag.py:2726} INFO - Sync 1 DAGs
[2023-06-21T01:28:34.454+0100] {logging_mixin.py:149} INFO - [2023-06-21T01:28:34.453+0100] {dag.py:3486} INFO - Setting next_dagrun for latest_only_with_trigger to 2023-06-20T20:28:34.453100+00:00, run_after=2023-06-21T00:28:34.453100+00:00
[2023-06-21T01:28:34.517+0100] {processor.py:179} INFO - Processing /home/opeyemi/.local/lib/python3.10/site-packages/airflow/example_dags/example_latest_only_with_trigger.py took 0.217 seconds
[2023-06-21T01:29:11.971+0100] {processor.py:157} INFO - Started process (PID=21843) to work on /home/opeyemi/.local/lib/python3.10/site-packages/airflow/example_dags/example_latest_only_with_trigger.py
[2023-06-21T01:29:11.977+0100] {processor.py:826} INFO - Processing file /home/opeyemi/.local/lib/python3.10/site-packages/airflow/example_dags/example_latest_only_with_trigger.py for tasks to queue
[2023-06-21T01:29:11.980+0100] {logging_mixin.py:149} INFO - [2023-06-21T01:29:11.979+0100] {dagbag.py:541} INFO - Filling up the DagBag from /home/opeyemi/.local/lib/python3.10/site-packages/airflow/example_dags/example_latest_only_with_trigger.py
[2023-06-21T01:29:12.006+0100] {processor.py:836} INFO - DAG(s) dict_keys(['latest_only_with_trigger']) retrieved from /home/opeyemi/.local/lib/python3.10/site-packages/airflow/example_dags/example_latest_only_with_trigger.py
[2023-06-21T01:29:12.114+0100] {logging_mixin.py:149} INFO - [2023-06-21T01:29:12.113+0100] {dag.py:2726} INFO - Sync 1 DAGs
[2023-06-21T01:29:12.220+0100] {logging_mixin.py:149} INFO - [2023-06-21T01:29:12.219+0100] {dag.py:3486} INFO - Setting next_dagrun for latest_only_with_trigger to 2023-06-20T20:29:12.218930+00:00, run_after=2023-06-21T00:29:12.218930+00:00
[2023-06-21T01:29:12.408+0100] {processor.py:179} INFO - Processing /home/opeyemi/.local/lib/python3.10/site-packages/airflow/example_dags/example_latest_only_with_trigger.py took 0.448 seconds
[2023-06-21T01:30:09.073+0100] {processor.py:157} INFO - Started process (PID=21894) to work on /home/opeyemi/.local/lib/python3.10/site-packages/airflow/example_dags/example_latest_only_with_trigger.py
[2023-06-21T01:30:09.088+0100] {processor.py:826} INFO - Processing file /home/opeyemi/.local/lib/python3.10/site-packages/airflow/example_dags/example_latest_only_with_trigger.py for tasks to queue
[2023-06-21T01:30:09.091+0100] {logging_mixin.py:149} INFO - [2023-06-21T01:30:09.090+0100] {dagbag.py:541} INFO - Filling up the DagBag from /home/opeyemi/.local/lib/python3.10/site-packages/airflow/example_dags/example_latest_only_with_trigger.py
[2023-06-21T01:30:09.123+0100] {processor.py:836} INFO - DAG(s) dict_keys(['latest_only_with_trigger']) retrieved from /home/opeyemi/.local/lib/python3.10/site-packages/airflow/example_dags/example_latest_only_with_trigger.py
[2023-06-21T01:30:09.224+0100] {logging_mixin.py:149} INFO - [2023-06-21T01:30:09.223+0100] {dag.py:2726} INFO - Sync 1 DAGs
[2023-06-21T01:30:09.339+0100] {logging_mixin.py:149} INFO - [2023-06-21T01:30:09.339+0100] {dag.py:3486} INFO - Setting next_dagrun for latest_only_with_trigger to 2023-06-20T20:30:09.338947+00:00, run_after=2023-06-21T00:30:09.338947+00:00
[2023-06-21T01:30:09.419+0100] {processor.py:179} INFO - Processing /home/opeyemi/.local/lib/python3.10/site-packages/airflow/example_dags/example_latest_only_with_trigger.py took 0.369 seconds
[2023-06-21T01:31:05.803+0100] {processor.py:157} INFO - Started process (PID=21941) to work on /home/opeyemi/.local/lib/python3.10/site-packages/airflow/example_dags/example_latest_only_with_trigger.py
[2023-06-21T01:31:05.869+0100] {processor.py:826} INFO - Processing file /home/opeyemi/.local/lib/python3.10/site-packages/airflow/example_dags/example_latest_only_with_trigger.py for tasks to queue
[2023-06-21T01:31:05.874+0100] {logging_mixin.py:149} INFO - [2023-06-21T01:31:05.873+0100] {dagbag.py:541} INFO - Filling up the DagBag from /home/opeyemi/.local/lib/python3.10/site-packages/airflow/example_dags/example_latest_only_with_trigger.py
[2023-06-21T01:31:05.914+0100] {processor.py:836} INFO - DAG(s) dict_keys(['latest_only_with_trigger']) retrieved from /home/opeyemi/.local/lib/python3.10/site-packages/airflow/example_dags/example_latest_only_with_trigger.py
[2023-06-21T01:31:05.997+0100] {logging_mixin.py:149} INFO - [2023-06-21T01:31:05.996+0100] {dag.py:2726} INFO - Sync 1 DAGs
[2023-06-21T01:31:06.069+0100] {logging_mixin.py:149} INFO - [2023-06-21T01:31:06.069+0100] {dag.py:3486} INFO - Setting next_dagrun for latest_only_with_trigger to 2023-06-20T20:31:06.068306+00:00, run_after=2023-06-21T00:31:06.068306+00:00
[2023-06-21T01:31:06.234+0100] {processor.py:179} INFO - Processing /home/opeyemi/.local/lib/python3.10/site-packages/airflow/example_dags/example_latest_only_with_trigger.py took 0.442 seconds
[2023-06-21T01:32:09.301+0100] {processor.py:157} INFO - Started process (PID=21995) to work on /home/opeyemi/.local/lib/python3.10/site-packages/airflow/example_dags/example_latest_only_with_trigger.py
[2023-06-21T01:32:09.317+0100] {processor.py:826} INFO - Processing file /home/opeyemi/.local/lib/python3.10/site-packages/airflow/example_dags/example_latest_only_with_trigger.py for tasks to queue
[2023-06-21T01:32:09.320+0100] {logging_mixin.py:149} INFO - [2023-06-21T01:32:09.319+0100] {dagbag.py:541} INFO - Filling up the DagBag from /home/opeyemi/.local/lib/python3.10/site-packages/airflow/example_dags/example_latest_only_with_trigger.py
[2023-06-21T01:32:09.350+0100] {processor.py:836} INFO - DAG(s) dict_keys(['latest_only_with_trigger']) retrieved from /home/opeyemi/.local/lib/python3.10/site-packages/airflow/example_dags/example_latest_only_with_trigger.py
[2023-06-21T01:32:09.437+0100] {logging_mixin.py:149} INFO - [2023-06-21T01:32:09.437+0100] {dag.py:2726} INFO - Sync 1 DAGs
[2023-06-21T01:32:09.541+0100] {logging_mixin.py:149} INFO - [2023-06-21T01:32:09.541+0100] {dag.py:3486} INFO - Setting next_dagrun for latest_only_with_trigger to 2023-06-20T20:32:09.540799+00:00, run_after=2023-06-21T00:32:09.540799+00:00
[2023-06-21T01:32:09.632+0100] {processor.py:179} INFO - Processing /home/opeyemi/.local/lib/python3.10/site-packages/airflow/example_dags/example_latest_only_with_trigger.py took 0.345 seconds
[2023-06-21T01:33:06.567+0100] {processor.py:157} INFO - Started process (PID=22054) to work on /home/opeyemi/.local/lib/python3.10/site-packages/airflow/example_dags/example_latest_only_with_trigger.py
[2023-06-21T01:33:06.574+0100] {processor.py:826} INFO - Processing file /home/opeyemi/.local/lib/python3.10/site-packages/airflow/example_dags/example_latest_only_with_trigger.py for tasks to queue
[2023-06-21T01:33:06.577+0100] {logging_mixin.py:149} INFO - [2023-06-21T01:33:06.576+0100] {dagbag.py:541} INFO - Filling up the DagBag from /home/opeyemi/.local/lib/python3.10/site-packages/airflow/example_dags/example_latest_only_with_trigger.py
[2023-06-21T01:33:06.597+0100] {processor.py:836} INFO - DAG(s) dict_keys(['latest_only_with_trigger']) retrieved from /home/opeyemi/.local/lib/python3.10/site-packages/airflow/example_dags/example_latest_only_with_trigger.py
[2023-06-21T01:33:06.659+0100] {logging_mixin.py:149} INFO - [2023-06-21T01:33:06.658+0100] {dag.py:2726} INFO - Sync 1 DAGs
[2023-06-21T01:33:06.696+0100] {logging_mixin.py:149} INFO - [2023-06-21T01:33:06.695+0100] {dag.py:3486} INFO - Setting next_dagrun for latest_only_with_trigger to 2023-06-20T20:33:06.695503+00:00, run_after=2023-06-21T00:33:06.695503+00:00
[2023-06-21T01:33:06.763+0100] {processor.py:179} INFO - Processing /home/opeyemi/.local/lib/python3.10/site-packages/airflow/example_dags/example_latest_only_with_trigger.py took 0.207 seconds
[2023-06-21T01:34:00.968+0100] {processor.py:157} INFO - Started process (PID=22199) to work on /home/opeyemi/.local/lib/python3.10/site-packages/airflow/example_dags/example_latest_only_with_trigger.py
[2023-06-21T01:34:00.971+0100] {processor.py:826} INFO - Processing file /home/opeyemi/.local/lib/python3.10/site-packages/airflow/example_dags/example_latest_only_with_trigger.py for tasks to queue
[2023-06-21T01:34:00.973+0100] {logging_mixin.py:149} INFO - [2023-06-21T01:34:00.973+0100] {dagbag.py:541} INFO - Filling up the DagBag from /home/opeyemi/.local/lib/python3.10/site-packages/airflow/example_dags/example_latest_only_with_trigger.py
[2023-06-21T01:34:00.984+0100] {processor.py:836} INFO - DAG(s) dict_keys(['latest_only_with_trigger']) retrieved from /home/opeyemi/.local/lib/python3.10/site-packages/airflow/example_dags/example_latest_only_with_trigger.py
[2023-06-21T01:34:01.028+0100] {logging_mixin.py:149} INFO - [2023-06-21T01:34:01.028+0100] {dag.py:2726} INFO - Sync 1 DAGs
[2023-06-21T01:34:01.084+0100] {logging_mixin.py:149} INFO - [2023-06-21T01:34:01.084+0100] {dag.py:3486} INFO - Setting next_dagrun for latest_only_with_trigger to 2023-06-20T20:34:01.083762+00:00, run_after=2023-06-21T00:34:01.083762+00:00
[2023-06-21T01:34:01.167+0100] {processor.py:179} INFO - Processing /home/opeyemi/.local/lib/python3.10/site-packages/airflow/example_dags/example_latest_only_with_trigger.py took 0.208 seconds
[2023-06-21T01:34:53.061+0100] {processor.py:157} INFO - Started process (PID=22422) to work on /home/opeyemi/.local/lib/python3.10/site-packages/airflow/example_dags/example_latest_only_with_trigger.py
[2023-06-21T01:34:53.065+0100] {processor.py:826} INFO - Processing file /home/opeyemi/.local/lib/python3.10/site-packages/airflow/example_dags/example_latest_only_with_trigger.py for tasks to queue
[2023-06-21T01:34:53.066+0100] {logging_mixin.py:149} INFO - [2023-06-21T01:34:53.066+0100] {dagbag.py:541} INFO - Filling up the DagBag from /home/opeyemi/.local/lib/python3.10/site-packages/airflow/example_dags/example_latest_only_with_trigger.py
[2023-06-21T01:34:53.085+0100] {processor.py:836} INFO - DAG(s) dict_keys(['latest_only_with_trigger']) retrieved from /home/opeyemi/.local/lib/python3.10/site-packages/airflow/example_dags/example_latest_only_with_trigger.py
[2023-06-21T01:34:53.136+0100] {logging_mixin.py:149} INFO - [2023-06-21T01:34:53.135+0100] {dag.py:2726} INFO - Sync 1 DAGs
[2023-06-21T01:34:53.171+0100] {logging_mixin.py:149} INFO - [2023-06-21T01:34:53.170+0100] {dag.py:3486} INFO - Setting next_dagrun for latest_only_with_trigger to 2023-06-20T20:34:53.170718+00:00, run_after=2023-06-21T00:34:53.170718+00:00
[2023-06-21T01:34:53.213+0100] {processor.py:179} INFO - Processing /home/opeyemi/.local/lib/python3.10/site-packages/airflow/example_dags/example_latest_only_with_trigger.py took 0.159 seconds
[2023-06-21T01:35:48.859+0100] {processor.py:157} INFO - Started process (PID=22613) to work on /home/opeyemi/.local/lib/python3.10/site-packages/airflow/example_dags/example_latest_only_with_trigger.py
[2023-06-21T01:35:48.864+0100] {processor.py:826} INFO - Processing file /home/opeyemi/.local/lib/python3.10/site-packages/airflow/example_dags/example_latest_only_with_trigger.py for tasks to queue
[2023-06-21T01:35:48.866+0100] {logging_mixin.py:149} INFO - [2023-06-21T01:35:48.865+0100] {dagbag.py:541} INFO - Filling up the DagBag from /home/opeyemi/.local/lib/python3.10/site-packages/airflow/example_dags/example_latest_only_with_trigger.py
[2023-06-21T01:35:48.905+0100] {processor.py:836} INFO - DAG(s) dict_keys(['latest_only_with_trigger']) retrieved from /home/opeyemi/.local/lib/python3.10/site-packages/airflow/example_dags/example_latest_only_with_trigger.py
[2023-06-21T01:35:49.006+0100] {logging_mixin.py:149} INFO - [2023-06-21T01:35:49.006+0100] {dag.py:2726} INFO - Sync 1 DAGs
[2023-06-21T01:35:49.071+0100] {logging_mixin.py:149} INFO - [2023-06-21T01:35:49.070+0100] {dag.py:3486} INFO - Setting next_dagrun for latest_only_with_trigger to 2023-06-20T20:35:49.069725+00:00, run_after=2023-06-21T00:35:49.069725+00:00
[2023-06-21T01:35:49.151+0100] {processor.py:179} INFO - Processing /home/opeyemi/.local/lib/python3.10/site-packages/airflow/example_dags/example_latest_only_with_trigger.py took 0.313 seconds
[2023-06-21T01:36:43.041+0100] {processor.py:157} INFO - Started process (PID=22756) to work on /home/opeyemi/.local/lib/python3.10/site-packages/airflow/example_dags/example_latest_only_with_trigger.py
[2023-06-21T01:36:43.050+0100] {processor.py:826} INFO - Processing file /home/opeyemi/.local/lib/python3.10/site-packages/airflow/example_dags/example_latest_only_with_trigger.py for tasks to queue
[2023-06-21T01:36:43.055+0100] {logging_mixin.py:149} INFO - [2023-06-21T01:36:43.054+0100] {dagbag.py:541} INFO - Filling up the DagBag from /home/opeyemi/.local/lib/python3.10/site-packages/airflow/example_dags/example_latest_only_with_trigger.py
[2023-06-21T01:36:43.093+0100] {processor.py:836} INFO - DAG(s) dict_keys(['latest_only_with_trigger']) retrieved from /home/opeyemi/.local/lib/python3.10/site-packages/airflow/example_dags/example_latest_only_with_trigger.py
[2023-06-21T01:36:43.161+0100] {logging_mixin.py:149} INFO - [2023-06-21T01:36:43.161+0100] {dag.py:2726} INFO - Sync 1 DAGs
[2023-06-21T01:36:43.209+0100] {logging_mixin.py:149} INFO - [2023-06-21T01:36:43.208+0100] {dag.py:3486} INFO - Setting next_dagrun for latest_only_with_trigger to 2023-06-20T20:36:43.208289+00:00, run_after=2023-06-21T00:36:43.208289+00:00
[2023-06-21T01:36:43.270+0100] {processor.py:179} INFO - Processing /home/opeyemi/.local/lib/python3.10/site-packages/airflow/example_dags/example_latest_only_with_trigger.py took 0.250 seconds
[2023-06-21T01:37:40.358+0100] {processor.py:157} INFO - Started process (PID=23046) to work on /home/opeyemi/.local/lib/python3.10/site-packages/airflow/example_dags/example_latest_only_with_trigger.py
[2023-06-21T01:37:40.360+0100] {processor.py:826} INFO - Processing file /home/opeyemi/.local/lib/python3.10/site-packages/airflow/example_dags/example_latest_only_with_trigger.py for tasks to queue
[2023-06-21T01:37:40.362+0100] {logging_mixin.py:149} INFO - [2023-06-21T01:37:40.362+0100] {dagbag.py:541} INFO - Filling up the DagBag from /home/opeyemi/.local/lib/python3.10/site-packages/airflow/example_dags/example_latest_only_with_trigger.py
[2023-06-21T01:37:40.376+0100] {processor.py:836} INFO - DAG(s) dict_keys(['latest_only_with_trigger']) retrieved from /home/opeyemi/.local/lib/python3.10/site-packages/airflow/example_dags/example_latest_only_with_trigger.py
[2023-06-21T01:37:40.430+0100] {logging_mixin.py:149} INFO - [2023-06-21T01:37:40.429+0100] {dag.py:2726} INFO - Sync 1 DAGs
[2023-06-21T01:37:40.473+0100] {logging_mixin.py:149} INFO - [2023-06-21T01:37:40.473+0100] {dag.py:3486} INFO - Setting next_dagrun for latest_only_with_trigger to 2023-06-20T20:37:40.472704+00:00, run_after=2023-06-21T00:37:40.472704+00:00
[2023-06-21T01:37:40.526+0100] {processor.py:179} INFO - Processing /home/opeyemi/.local/lib/python3.10/site-packages/airflow/example_dags/example_latest_only_with_trigger.py took 0.177 seconds
[2023-06-21T01:38:38.278+0100] {processor.py:157} INFO - Started process (PID=23268) to work on /home/opeyemi/.local/lib/python3.10/site-packages/airflow/example_dags/example_latest_only_with_trigger.py
[2023-06-21T01:38:38.284+0100] {processor.py:826} INFO - Processing file /home/opeyemi/.local/lib/python3.10/site-packages/airflow/example_dags/example_latest_only_with_trigger.py for tasks to queue
[2023-06-21T01:38:38.287+0100] {logging_mixin.py:149} INFO - [2023-06-21T01:38:38.286+0100] {dagbag.py:541} INFO - Filling up the DagBag from /home/opeyemi/.local/lib/python3.10/site-packages/airflow/example_dags/example_latest_only_with_trigger.py
[2023-06-21T01:38:38.310+0100] {processor.py:836} INFO - DAG(s) dict_keys(['latest_only_with_trigger']) retrieved from /home/opeyemi/.local/lib/python3.10/site-packages/airflow/example_dags/example_latest_only_with_trigger.py
[2023-06-21T01:38:38.361+0100] {logging_mixin.py:149} INFO - [2023-06-21T01:38:38.361+0100] {dag.py:2726} INFO - Sync 1 DAGs
[2023-06-21T01:38:38.397+0100] {logging_mixin.py:149} INFO - [2023-06-21T01:38:38.396+0100] {dag.py:3486} INFO - Setting next_dagrun for latest_only_with_trigger to 2023-06-20T20:38:38.396595+00:00, run_after=2023-06-21T00:38:38.396595+00:00
[2023-06-21T01:38:38.439+0100] {processor.py:179} INFO - Processing /home/opeyemi/.local/lib/python3.10/site-packages/airflow/example_dags/example_latest_only_with_trigger.py took 0.174 seconds
[2023-06-21T01:39:31.241+0100] {processor.py:157} INFO - Started process (PID=23315) to work on /home/opeyemi/.local/lib/python3.10/site-packages/airflow/example_dags/example_latest_only_with_trigger.py
[2023-06-21T01:39:31.246+0100] {processor.py:826} INFO - Processing file /home/opeyemi/.local/lib/python3.10/site-packages/airflow/example_dags/example_latest_only_with_trigger.py for tasks to queue
[2023-06-21T01:39:31.248+0100] {logging_mixin.py:149} INFO - [2023-06-21T01:39:31.248+0100] {dagbag.py:541} INFO - Filling up the DagBag from /home/opeyemi/.local/lib/python3.10/site-packages/airflow/example_dags/example_latest_only_with_trigger.py
[2023-06-21T01:39:31.274+0100] {processor.py:836} INFO - DAG(s) dict_keys(['latest_only_with_trigger']) retrieved from /home/opeyemi/.local/lib/python3.10/site-packages/airflow/example_dags/example_latest_only_with_trigger.py
[2023-06-21T01:39:31.359+0100] {logging_mixin.py:149} INFO - [2023-06-21T01:39:31.358+0100] {dag.py:2726} INFO - Sync 1 DAGs
[2023-06-21T01:39:31.421+0100] {logging_mixin.py:149} INFO - [2023-06-21T01:39:31.420+0100] {dag.py:3486} INFO - Setting next_dagrun for latest_only_with_trigger to 2023-06-20T20:39:31.419873+00:00, run_after=2023-06-21T00:39:31.419873+00:00
[2023-06-21T01:39:31.490+0100] {processor.py:179} INFO - Processing /home/opeyemi/.local/lib/python3.10/site-packages/airflow/example_dags/example_latest_only_with_trigger.py took 0.259 seconds
[2023-06-21T01:40:21.966+0100] {processor.py:157} INFO - Started process (PID=23370) to work on /home/opeyemi/.local/lib/python3.10/site-packages/airflow/example_dags/example_latest_only_with_trigger.py
[2023-06-21T01:40:21.968+0100] {processor.py:826} INFO - Processing file /home/opeyemi/.local/lib/python3.10/site-packages/airflow/example_dags/example_latest_only_with_trigger.py for tasks to queue
[2023-06-21T01:40:21.969+0100] {logging_mixin.py:149} INFO - [2023-06-21T01:40:21.969+0100] {dagbag.py:541} INFO - Filling up the DagBag from /home/opeyemi/.local/lib/python3.10/site-packages/airflow/example_dags/example_latest_only_with_trigger.py
[2023-06-21T01:40:21.987+0100] {processor.py:836} INFO - DAG(s) dict_keys(['latest_only_with_trigger']) retrieved from /home/opeyemi/.local/lib/python3.10/site-packages/airflow/example_dags/example_latest_only_with_trigger.py
[2023-06-21T01:40:22.028+0100] {logging_mixin.py:149} INFO - [2023-06-21T01:40:22.028+0100] {dag.py:2726} INFO - Sync 1 DAGs
[2023-06-21T01:40:22.072+0100] {logging_mixin.py:149} INFO - [2023-06-21T01:40:22.071+0100] {dag.py:3486} INFO - Setting next_dagrun for latest_only_with_trigger to 2023-06-20T20:40:22.071599+00:00, run_after=2023-06-21T00:40:22.071599+00:00
[2023-06-21T01:40:22.133+0100] {processor.py:179} INFO - Processing /home/opeyemi/.local/lib/python3.10/site-packages/airflow/example_dags/example_latest_only_with_trigger.py took 0.179 seconds
[2023-06-21T01:41:19.614+0100] {processor.py:157} INFO - Started process (PID=23429) to work on /home/opeyemi/.local/lib/python3.10/site-packages/airflow/example_dags/example_latest_only_with_trigger.py
[2023-06-21T01:41:19.618+0100] {processor.py:826} INFO - Processing file /home/opeyemi/.local/lib/python3.10/site-packages/airflow/example_dags/example_latest_only_with_trigger.py for tasks to queue
[2023-06-21T01:41:19.620+0100] {logging_mixin.py:149} INFO - [2023-06-21T01:41:19.620+0100] {dagbag.py:541} INFO - Filling up the DagBag from /home/opeyemi/.local/lib/python3.10/site-packages/airflow/example_dags/example_latest_only_with_trigger.py
[2023-06-21T01:41:19.642+0100] {processor.py:836} INFO - DAG(s) dict_keys(['latest_only_with_trigger']) retrieved from /home/opeyemi/.local/lib/python3.10/site-packages/airflow/example_dags/example_latest_only_with_trigger.py
[2023-06-21T01:41:19.698+0100] {logging_mixin.py:149} INFO - [2023-06-21T01:41:19.698+0100] {dag.py:2726} INFO - Sync 1 DAGs
[2023-06-21T01:41:19.741+0100] {logging_mixin.py:149} INFO - [2023-06-21T01:41:19.740+0100] {dag.py:3486} INFO - Setting next_dagrun for latest_only_with_trigger to 2023-06-20T20:41:19.740506+00:00, run_after=2023-06-21T00:41:19.740506+00:00
[2023-06-21T01:41:19.793+0100] {processor.py:179} INFO - Processing /home/opeyemi/.local/lib/python3.10/site-packages/airflow/example_dags/example_latest_only_with_trigger.py took 0.192 seconds
