[2023-06-21T01:01:17.307+0100] {processor.py:157} INFO - Started process (PID=20566) to work on /home/opeyemi/.local/lib/python3.10/site-packages/airflow/example_dags/example_dynamic_task_mapping_with_no_taskflow_operators.py
[2023-06-21T01:01:17.309+0100] {processor.py:826} INFO - Processing file /home/opeyemi/.local/lib/python3.10/site-packages/airflow/example_dags/example_dynamic_task_mapping_with_no_taskflow_operators.py for tasks to queue
[2023-06-21T01:01:17.310+0100] {logging_mixin.py:149} INFO - [2023-06-21T01:01:17.309+0100] {dagbag.py:541} INFO - Filling up the DagBag from /home/opeyemi/.local/lib/python3.10/site-packages/airflow/example_dags/example_dynamic_task_mapping_with_no_taskflow_operators.py
[2023-06-21T01:01:17.321+0100] {processor.py:836} INFO - DAG(s) dict_keys(['example_dynamic_task_mapping_with_no_taskflow_operators']) retrieved from /home/opeyemi/.local/lib/python3.10/site-packages/airflow/example_dags/example_dynamic_task_mapping_with_no_taskflow_operators.py
[2023-06-21T01:01:17.368+0100] {logging_mixin.py:149} INFO - [2023-06-21T01:01:17.368+0100] {dag.py:2726} INFO - Sync 1 DAGs
[2023-06-21T01:01:17.402+0100] {logging_mixin.py:149} INFO - [2023-06-21T01:01:17.401+0100] {dag.py:3486} INFO - Setting next_dagrun for example_dynamic_task_mapping_with_no_taskflow_operators to 2023-06-20T00:01:17.401466+00:00, run_after=2023-06-21T00:01:17.401466+00:00
[2023-06-21T01:01:17.696+0100] {processor.py:179} INFO - Processing /home/opeyemi/.local/lib/python3.10/site-packages/airflow/example_dags/example_dynamic_task_mapping_with_no_taskflow_operators.py took 0.396 seconds
[2023-06-21T01:03:48.057+0100] {processor.py:157} INFO - Started process (PID=20647) to work on /home/opeyemi/.local/lib/python3.10/site-packages/airflow/example_dags/example_dynamic_task_mapping_with_no_taskflow_operators.py
[2023-06-21T01:03:48.184+0100] {processor.py:826} INFO - Processing file /home/opeyemi/.local/lib/python3.10/site-packages/airflow/example_dags/example_dynamic_task_mapping_with_no_taskflow_operators.py for tasks to queue
[2023-06-21T01:03:48.186+0100] {logging_mixin.py:149} INFO - [2023-06-21T01:03:48.186+0100] {dagbag.py:541} INFO - Filling up the DagBag from /home/opeyemi/.local/lib/python3.10/site-packages/airflow/example_dags/example_dynamic_task_mapping_with_no_taskflow_operators.py
[2023-06-21T01:03:48.226+0100] {processor.py:836} INFO - DAG(s) dict_keys(['example_dynamic_task_mapping_with_no_taskflow_operators']) retrieved from /home/opeyemi/.local/lib/python3.10/site-packages/airflow/example_dags/example_dynamic_task_mapping_with_no_taskflow_operators.py
[2023-06-21T01:03:48.350+0100] {logging_mixin.py:149} INFO - [2023-06-21T01:03:48.350+0100] {dag.py:2726} INFO - Sync 1 DAGs
[2023-06-21T01:03:48.426+0100] {logging_mixin.py:149} INFO - [2023-06-21T01:03:48.426+0100] {dag.py:3486} INFO - Setting next_dagrun for example_dynamic_task_mapping_with_no_taskflow_operators to 2023-06-20T00:03:48.425717+00:00, run_after=2023-06-21T00:03:48.425717+00:00
[2023-06-21T01:03:48.630+0100] {processor.py:179} INFO - Processing /home/opeyemi/.local/lib/python3.10/site-packages/airflow/example_dags/example_dynamic_task_mapping_with_no_taskflow_operators.py took 0.578 seconds
[2023-06-21T01:06:15.787+0100] {processor.py:157} INFO - Started process (PID=20718) to work on /home/opeyemi/.local/lib/python3.10/site-packages/airflow/example_dags/example_dynamic_task_mapping_with_no_taskflow_operators.py
[2023-06-21T01:06:15.802+0100] {processor.py:826} INFO - Processing file /home/opeyemi/.local/lib/python3.10/site-packages/airflow/example_dags/example_dynamic_task_mapping_with_no_taskflow_operators.py for tasks to queue
[2023-06-21T01:06:15.804+0100] {logging_mixin.py:149} INFO - [2023-06-21T01:06:15.803+0100] {dagbag.py:541} INFO - Filling up the DagBag from /home/opeyemi/.local/lib/python3.10/site-packages/airflow/example_dags/example_dynamic_task_mapping_with_no_taskflow_operators.py
[2023-06-21T01:06:15.826+0100] {processor.py:836} INFO - DAG(s) dict_keys(['example_dynamic_task_mapping_with_no_taskflow_operators']) retrieved from /home/opeyemi/.local/lib/python3.10/site-packages/airflow/example_dags/example_dynamic_task_mapping_with_no_taskflow_operators.py
[2023-06-21T01:06:15.882+0100] {logging_mixin.py:149} INFO - [2023-06-21T01:06:15.882+0100] {dag.py:2726} INFO - Sync 1 DAGs
[2023-06-21T01:06:15.950+0100] {logging_mixin.py:149} INFO - [2023-06-21T01:06:15.950+0100] {dag.py:3486} INFO - Setting next_dagrun for example_dynamic_task_mapping_with_no_taskflow_operators to 2023-06-20T00:06:15.949813+00:00, run_after=2023-06-21T00:06:15.949813+00:00
[2023-06-21T01:06:16.646+0100] {processor.py:179} INFO - Processing /home/opeyemi/.local/lib/python3.10/site-packages/airflow/example_dags/example_dynamic_task_mapping_with_no_taskflow_operators.py took 0.865 seconds
[2023-06-21T01:08:32.032+0100] {processor.py:157} INFO - Started process (PID=20803) to work on /home/opeyemi/.local/lib/python3.10/site-packages/airflow/example_dags/example_dynamic_task_mapping_with_no_taskflow_operators.py
[2023-06-21T01:08:32.054+0100] {processor.py:826} INFO - Processing file /home/opeyemi/.local/lib/python3.10/site-packages/airflow/example_dags/example_dynamic_task_mapping_with_no_taskflow_operators.py for tasks to queue
[2023-06-21T01:08:32.057+0100] {logging_mixin.py:149} INFO - [2023-06-21T01:08:32.056+0100] {dagbag.py:541} INFO - Filling up the DagBag from /home/opeyemi/.local/lib/python3.10/site-packages/airflow/example_dags/example_dynamic_task_mapping_with_no_taskflow_operators.py
[2023-06-21T01:08:32.077+0100] {processor.py:836} INFO - DAG(s) dict_keys(['example_dynamic_task_mapping_with_no_taskflow_operators']) retrieved from /home/opeyemi/.local/lib/python3.10/site-packages/airflow/example_dags/example_dynamic_task_mapping_with_no_taskflow_operators.py
[2023-06-21T01:08:32.136+0100] {logging_mixin.py:149} INFO - [2023-06-21T01:08:32.135+0100] {dag.py:2726} INFO - Sync 1 DAGs
[2023-06-21T01:08:32.203+0100] {logging_mixin.py:149} INFO - [2023-06-21T01:08:32.203+0100] {dag.py:3486} INFO - Setting next_dagrun for example_dynamic_task_mapping_with_no_taskflow_operators to 2023-06-20T00:08:32.202941+00:00, run_after=2023-06-21T00:08:32.202941+00:00
[2023-06-21T01:08:32.278+0100] {processor.py:179} INFO - Processing /home/opeyemi/.local/lib/python3.10/site-packages/airflow/example_dags/example_dynamic_task_mapping_with_no_taskflow_operators.py took 0.254 seconds
[2023-06-21T01:10:22.826+0100] {processor.py:157} INFO - Started process (PID=20870) to work on /home/opeyemi/.local/lib/python3.10/site-packages/airflow/example_dags/example_dynamic_task_mapping_with_no_taskflow_operators.py
[2023-06-21T01:10:22.830+0100] {processor.py:826} INFO - Processing file /home/opeyemi/.local/lib/python3.10/site-packages/airflow/example_dags/example_dynamic_task_mapping_with_no_taskflow_operators.py for tasks to queue
[2023-06-21T01:10:22.832+0100] {logging_mixin.py:149} INFO - [2023-06-21T01:10:22.831+0100] {dagbag.py:541} INFO - Filling up the DagBag from /home/opeyemi/.local/lib/python3.10/site-packages/airflow/example_dags/example_dynamic_task_mapping_with_no_taskflow_operators.py
[2023-06-21T01:10:22.851+0100] {processor.py:836} INFO - DAG(s) dict_keys(['example_dynamic_task_mapping_with_no_taskflow_operators']) retrieved from /home/opeyemi/.local/lib/python3.10/site-packages/airflow/example_dags/example_dynamic_task_mapping_with_no_taskflow_operators.py
[2023-06-21T01:10:22.888+0100] {logging_mixin.py:149} INFO - [2023-06-21T01:10:22.888+0100] {dag.py:2726} INFO - Sync 1 DAGs
[2023-06-21T01:10:22.961+0100] {logging_mixin.py:149} INFO - [2023-06-21T01:10:22.961+0100] {dag.py:3486} INFO - Setting next_dagrun for example_dynamic_task_mapping_with_no_taskflow_operators to 2023-06-20T00:10:22.960842+00:00, run_after=2023-06-21T00:10:22.960842+00:00
[2023-06-21T01:10:23.050+0100] {processor.py:179} INFO - Processing /home/opeyemi/.local/lib/python3.10/site-packages/airflow/example_dags/example_dynamic_task_mapping_with_no_taskflow_operators.py took 0.235 seconds
[2023-06-21T01:12:49.496+0100] {processor.py:157} INFO - Started process (PID=20957) to work on /home/opeyemi/.local/lib/python3.10/site-packages/airflow/example_dags/example_dynamic_task_mapping_with_no_taskflow_operators.py
[2023-06-21T01:12:49.497+0100] {processor.py:826} INFO - Processing file /home/opeyemi/.local/lib/python3.10/site-packages/airflow/example_dags/example_dynamic_task_mapping_with_no_taskflow_operators.py for tasks to queue
[2023-06-21T01:12:49.498+0100] {logging_mixin.py:149} INFO - [2023-06-21T01:12:49.498+0100] {dagbag.py:541} INFO - Filling up the DagBag from /home/opeyemi/.local/lib/python3.10/site-packages/airflow/example_dags/example_dynamic_task_mapping_with_no_taskflow_operators.py
[2023-06-21T01:12:49.509+0100] {processor.py:836} INFO - DAG(s) dict_keys(['example_dynamic_task_mapping_with_no_taskflow_operators']) retrieved from /home/opeyemi/.local/lib/python3.10/site-packages/airflow/example_dags/example_dynamic_task_mapping_with_no_taskflow_operators.py
[2023-06-21T01:12:49.540+0100] {logging_mixin.py:149} INFO - [2023-06-21T01:12:49.539+0100] {dag.py:2726} INFO - Sync 1 DAGs
[2023-06-21T01:12:49.566+0100] {logging_mixin.py:149} INFO - [2023-06-21T01:12:49.566+0100] {dag.py:3486} INFO - Setting next_dagrun for example_dynamic_task_mapping_with_no_taskflow_operators to 2023-06-20T00:12:49.566124+00:00, run_after=2023-06-21T00:12:49.566124+00:00
[2023-06-21T01:12:49.833+0100] {processor.py:179} INFO - Processing /home/opeyemi/.local/lib/python3.10/site-packages/airflow/example_dags/example_dynamic_task_mapping_with_no_taskflow_operators.py took 0.342 seconds
[2023-06-21T01:14:49.053+0100] {processor.py:157} INFO - Started process (PID=21025) to work on /home/opeyemi/.local/lib/python3.10/site-packages/airflow/example_dags/example_dynamic_task_mapping_with_no_taskflow_operators.py
[2023-06-21T01:14:49.083+0100] {processor.py:826} INFO - Processing file /home/opeyemi/.local/lib/python3.10/site-packages/airflow/example_dags/example_dynamic_task_mapping_with_no_taskflow_operators.py for tasks to queue
[2023-06-21T01:14:49.085+0100] {logging_mixin.py:149} INFO - [2023-06-21T01:14:49.084+0100] {dagbag.py:541} INFO - Filling up the DagBag from /home/opeyemi/.local/lib/python3.10/site-packages/airflow/example_dags/example_dynamic_task_mapping_with_no_taskflow_operators.py
[2023-06-21T01:14:49.116+0100] {processor.py:836} INFO - DAG(s) dict_keys(['example_dynamic_task_mapping_with_no_taskflow_operators']) retrieved from /home/opeyemi/.local/lib/python3.10/site-packages/airflow/example_dags/example_dynamic_task_mapping_with_no_taskflow_operators.py
[2023-06-21T01:14:49.153+0100] {logging_mixin.py:149} INFO - [2023-06-21T01:14:49.153+0100] {dag.py:2726} INFO - Sync 1 DAGs
[2023-06-21T01:14:49.215+0100] {logging_mixin.py:149} INFO - [2023-06-21T01:14:49.215+0100] {dag.py:3486} INFO - Setting next_dagrun for example_dynamic_task_mapping_with_no_taskflow_operators to 2023-06-20T00:14:49.215042+00:00, run_after=2023-06-21T00:14:49.215042+00:00
[2023-06-21T01:14:49.320+0100] {processor.py:179} INFO - Processing /home/opeyemi/.local/lib/python3.10/site-packages/airflow/example_dags/example_dynamic_task_mapping_with_no_taskflow_operators.py took 0.274 seconds
[2023-06-21T01:17:22.055+0100] {processor.py:157} INFO - Started process (PID=21099) to work on /home/opeyemi/.local/lib/python3.10/site-packages/airflow/example_dags/example_dynamic_task_mapping_with_no_taskflow_operators.py
[2023-06-21T01:17:22.122+0100] {processor.py:826} INFO - Processing file /home/opeyemi/.local/lib/python3.10/site-packages/airflow/example_dags/example_dynamic_task_mapping_with_no_taskflow_operators.py for tasks to queue
[2023-06-21T01:17:22.126+0100] {logging_mixin.py:149} INFO - [2023-06-21T01:17:22.125+0100] {dagbag.py:541} INFO - Filling up the DagBag from /home/opeyemi/.local/lib/python3.10/site-packages/airflow/example_dags/example_dynamic_task_mapping_with_no_taskflow_operators.py
[2023-06-21T01:17:22.181+0100] {processor.py:836} INFO - DAG(s) dict_keys(['example_dynamic_task_mapping_with_no_taskflow_operators']) retrieved from /home/opeyemi/.local/lib/python3.10/site-packages/airflow/example_dags/example_dynamic_task_mapping_with_no_taskflow_operators.py
[2023-06-21T01:17:22.257+0100] {logging_mixin.py:149} INFO - [2023-06-21T01:17:22.257+0100] {dag.py:2726} INFO - Sync 1 DAGs
[2023-06-21T01:17:22.301+0100] {logging_mixin.py:149} INFO - [2023-06-21T01:17:22.301+0100] {dag.py:3486} INFO - Setting next_dagrun for example_dynamic_task_mapping_with_no_taskflow_operators to 2023-06-20T00:17:22.300818+00:00, run_after=2023-06-21T00:17:22.300818+00:00
[2023-06-21T01:17:22.416+0100] {processor.py:179} INFO - Processing /home/opeyemi/.local/lib/python3.10/site-packages/airflow/example_dags/example_dynamic_task_mapping_with_no_taskflow_operators.py took 0.385 seconds
[2023-06-21T01:18:36.564+0100] {processor.py:157} INFO - Started process (PID=21156) to work on /home/opeyemi/.local/lib/python3.10/site-packages/airflow/example_dags/example_dynamic_task_mapping_with_no_taskflow_operators.py
[2023-06-21T01:18:36.575+0100] {processor.py:826} INFO - Processing file /home/opeyemi/.local/lib/python3.10/site-packages/airflow/example_dags/example_dynamic_task_mapping_with_no_taskflow_operators.py for tasks to queue
[2023-06-21T01:18:36.578+0100] {logging_mixin.py:149} INFO - [2023-06-21T01:18:36.578+0100] {dagbag.py:541} INFO - Filling up the DagBag from /home/opeyemi/.local/lib/python3.10/site-packages/airflow/example_dags/example_dynamic_task_mapping_with_no_taskflow_operators.py
[2023-06-21T01:18:36.620+0100] {processor.py:836} INFO - DAG(s) dict_keys(['example_dynamic_task_mapping_with_no_taskflow_operators']) retrieved from /home/opeyemi/.local/lib/python3.10/site-packages/airflow/example_dags/example_dynamic_task_mapping_with_no_taskflow_operators.py
[2023-06-21T01:18:36.687+0100] {logging_mixin.py:149} INFO - [2023-06-21T01:18:36.687+0100] {dag.py:2726} INFO - Sync 1 DAGs
[2023-06-21T01:18:36.772+0100] {logging_mixin.py:149} INFO - [2023-06-21T01:18:36.772+0100] {dag.py:3486} INFO - Setting next_dagrun for example_dynamic_task_mapping_with_no_taskflow_operators to 2023-06-20T00:18:36.771821+00:00, run_after=2023-06-21T00:18:36.771821+00:00
[2023-06-21T01:18:36.866+0100] {processor.py:179} INFO - Processing /home/opeyemi/.local/lib/python3.10/site-packages/airflow/example_dags/example_dynamic_task_mapping_with_no_taskflow_operators.py took 0.322 seconds
[2023-06-21T01:19:51.730+0100] {processor.py:157} INFO - Started process (PID=21215) to work on /home/opeyemi/.local/lib/python3.10/site-packages/airflow/example_dags/example_dynamic_task_mapping_with_no_taskflow_operators.py
[2023-06-21T01:19:51.735+0100] {processor.py:826} INFO - Processing file /home/opeyemi/.local/lib/python3.10/site-packages/airflow/example_dags/example_dynamic_task_mapping_with_no_taskflow_operators.py for tasks to queue
[2023-06-21T01:19:51.736+0100] {logging_mixin.py:149} INFO - [2023-06-21T01:19:51.736+0100] {dagbag.py:541} INFO - Filling up the DagBag from /home/opeyemi/.local/lib/python3.10/site-packages/airflow/example_dags/example_dynamic_task_mapping_with_no_taskflow_operators.py
[2023-06-21T01:19:51.748+0100] {processor.py:836} INFO - DAG(s) dict_keys(['example_dynamic_task_mapping_with_no_taskflow_operators']) retrieved from /home/opeyemi/.local/lib/python3.10/site-packages/airflow/example_dags/example_dynamic_task_mapping_with_no_taskflow_operators.py
[2023-06-21T01:19:51.769+0100] {logging_mixin.py:149} INFO - [2023-06-21T01:19:51.769+0100] {dag.py:2726} INFO - Sync 1 DAGs
[2023-06-21T01:19:51.799+0100] {logging_mixin.py:149} INFO - [2023-06-21T01:19:51.799+0100] {dag.py:3486} INFO - Setting next_dagrun for example_dynamic_task_mapping_with_no_taskflow_operators to 2023-06-20T00:19:51.798625+00:00, run_after=2023-06-21T00:19:51.798625+00:00
[2023-06-21T01:19:51.952+0100] {processor.py:179} INFO - Processing /home/opeyemi/.local/lib/python3.10/site-packages/airflow/example_dags/example_dynamic_task_mapping_with_no_taskflow_operators.py took 0.236 seconds
[2023-06-21T01:22:25.603+0100] {processor.py:157} INFO - Started process (PID=21289) to work on /home/opeyemi/.local/lib/python3.10/site-packages/airflow/example_dags/example_dynamic_task_mapping_with_no_taskflow_operators.py
[2023-06-21T01:22:25.696+0100] {processor.py:826} INFO - Processing file /home/opeyemi/.local/lib/python3.10/site-packages/airflow/example_dags/example_dynamic_task_mapping_with_no_taskflow_operators.py for tasks to queue
[2023-06-21T01:22:25.697+0100] {logging_mixin.py:149} INFO - [2023-06-21T01:22:25.697+0100] {dagbag.py:541} INFO - Filling up the DagBag from /home/opeyemi/.local/lib/python3.10/site-packages/airflow/example_dags/example_dynamic_task_mapping_with_no_taskflow_operators.py
[2023-06-21T01:22:25.720+0100] {processor.py:836} INFO - DAG(s) dict_keys(['example_dynamic_task_mapping_with_no_taskflow_operators']) retrieved from /home/opeyemi/.local/lib/python3.10/site-packages/airflow/example_dags/example_dynamic_task_mapping_with_no_taskflow_operators.py
[2023-06-21T01:22:25.782+0100] {logging_mixin.py:149} INFO - [2023-06-21T01:22:25.781+0100] {dag.py:2726} INFO - Sync 1 DAGs
[2023-06-21T01:22:25.822+0100] {logging_mixin.py:149} INFO - [2023-06-21T01:22:25.822+0100] {dag.py:3486} INFO - Setting next_dagrun for example_dynamic_task_mapping_with_no_taskflow_operators to 2023-06-20T00:22:25.821967+00:00, run_after=2023-06-21T00:22:25.821967+00:00
[2023-06-21T01:22:25.886+0100] {processor.py:179} INFO - Processing /home/opeyemi/.local/lib/python3.10/site-packages/airflow/example_dags/example_dynamic_task_mapping_with_no_taskflow_operators.py took 0.294 seconds
[2023-06-21T01:23:59.735+0100] {processor.py:157} INFO - Started process (PID=21352) to work on /home/opeyemi/.local/lib/python3.10/site-packages/airflow/example_dags/example_dynamic_task_mapping_with_no_taskflow_operators.py
[2023-06-21T01:23:59.886+0100] {processor.py:826} INFO - Processing file /home/opeyemi/.local/lib/python3.10/site-packages/airflow/example_dags/example_dynamic_task_mapping_with_no_taskflow_operators.py for tasks to queue
[2023-06-21T01:23:59.888+0100] {logging_mixin.py:149} INFO - [2023-06-21T01:23:59.888+0100] {dagbag.py:541} INFO - Filling up the DagBag from /home/opeyemi/.local/lib/python3.10/site-packages/airflow/example_dags/example_dynamic_task_mapping_with_no_taskflow_operators.py
[2023-06-21T01:23:59.923+0100] {processor.py:836} INFO - DAG(s) dict_keys(['example_dynamic_task_mapping_with_no_taskflow_operators']) retrieved from /home/opeyemi/.local/lib/python3.10/site-packages/airflow/example_dags/example_dynamic_task_mapping_with_no_taskflow_operators.py
[2023-06-21T01:23:59.954+0100] {logging_mixin.py:149} INFO - [2023-06-21T01:23:59.954+0100] {dag.py:2726} INFO - Sync 1 DAGs
[2023-06-21T01:23:59.977+0100] {logging_mixin.py:149} INFO - [2023-06-21T01:23:59.977+0100] {dag.py:3486} INFO - Setting next_dagrun for example_dynamic_task_mapping_with_no_taskflow_operators to 2023-06-20T00:23:59.976994+00:00, run_after=2023-06-21T00:23:59.976994+00:00
[2023-06-21T01:24:00.078+0100] {processor.py:179} INFO - Processing /home/opeyemi/.local/lib/python3.10/site-packages/airflow/example_dags/example_dynamic_task_mapping_with_no_taskflow_operators.py took 0.358 seconds
[2023-06-21T01:25:11.488+0100] {processor.py:157} INFO - Started process (PID=21588) to work on /home/opeyemi/.local/lib/python3.10/site-packages/airflow/example_dags/example_dynamic_task_mapping_with_no_taskflow_operators.py
[2023-06-21T01:25:11.554+0100] {processor.py:826} INFO - Processing file /home/opeyemi/.local/lib/python3.10/site-packages/airflow/example_dags/example_dynamic_task_mapping_with_no_taskflow_operators.py for tasks to queue
[2023-06-21T01:25:11.557+0100] {logging_mixin.py:149} INFO - [2023-06-21T01:25:11.556+0100] {dagbag.py:541} INFO - Filling up the DagBag from /home/opeyemi/.local/lib/python3.10/site-packages/airflow/example_dags/example_dynamic_task_mapping_with_no_taskflow_operators.py
[2023-06-21T01:25:11.593+0100] {processor.py:836} INFO - DAG(s) dict_keys(['example_dynamic_task_mapping_with_no_taskflow_operators']) retrieved from /home/opeyemi/.local/lib/python3.10/site-packages/airflow/example_dags/example_dynamic_task_mapping_with_no_taskflow_operators.py
[2023-06-21T01:25:11.648+0100] {logging_mixin.py:149} INFO - [2023-06-21T01:25:11.647+0100] {dag.py:2726} INFO - Sync 1 DAGs
[2023-06-21T01:25:11.699+0100] {logging_mixin.py:149} INFO - [2023-06-21T01:25:11.699+0100] {dag.py:3486} INFO - Setting next_dagrun for example_dynamic_task_mapping_with_no_taskflow_operators to 2023-06-20T00:25:11.698908+00:00, run_after=2023-06-21T00:25:11.698908+00:00
[2023-06-21T01:25:11.823+0100] {processor.py:179} INFO - Processing /home/opeyemi/.local/lib/python3.10/site-packages/airflow/example_dags/example_dynamic_task_mapping_with_no_taskflow_operators.py took 0.339 seconds
[2023-06-21T01:26:28.885+0100] {processor.py:157} INFO - Started process (PID=21686) to work on /home/opeyemi/.local/lib/python3.10/site-packages/airflow/example_dags/example_dynamic_task_mapping_with_no_taskflow_operators.py
[2023-06-21T01:26:28.911+0100] {processor.py:826} INFO - Processing file /home/opeyemi/.local/lib/python3.10/site-packages/airflow/example_dags/example_dynamic_task_mapping_with_no_taskflow_operators.py for tasks to queue
[2023-06-21T01:26:28.913+0100] {logging_mixin.py:149} INFO - [2023-06-21T01:26:28.913+0100] {dagbag.py:541} INFO - Filling up the DagBag from /home/opeyemi/.local/lib/python3.10/site-packages/airflow/example_dags/example_dynamic_task_mapping_with_no_taskflow_operators.py
[2023-06-21T01:26:28.933+0100] {processor.py:836} INFO - DAG(s) dict_keys(['example_dynamic_task_mapping_with_no_taskflow_operators']) retrieved from /home/opeyemi/.local/lib/python3.10/site-packages/airflow/example_dags/example_dynamic_task_mapping_with_no_taskflow_operators.py
[2023-06-21T01:26:28.982+0100] {logging_mixin.py:149} INFO - [2023-06-21T01:26:28.982+0100] {dag.py:2726} INFO - Sync 1 DAGs
[2023-06-21T01:26:29.044+0100] {logging_mixin.py:149} INFO - [2023-06-21T01:26:29.044+0100] {dag.py:3486} INFO - Setting next_dagrun for example_dynamic_task_mapping_with_no_taskflow_operators to 2023-06-20T00:26:29.042563+00:00, run_after=2023-06-21T00:26:29.042563+00:00
[2023-06-21T01:26:29.214+0100] {processor.py:179} INFO - Processing /home/opeyemi/.local/lib/python3.10/site-packages/airflow/example_dags/example_dynamic_task_mapping_with_no_taskflow_operators.py took 0.335 seconds
[2023-06-21T01:28:23.762+0100] {processor.py:157} INFO - Started process (PID=21800) to work on /home/opeyemi/.local/lib/python3.10/site-packages/airflow/example_dags/example_dynamic_task_mapping_with_no_taskflow_operators.py
[2023-06-21T01:28:23.772+0100] {processor.py:826} INFO - Processing file /home/opeyemi/.local/lib/python3.10/site-packages/airflow/example_dags/example_dynamic_task_mapping_with_no_taskflow_operators.py for tasks to queue
[2023-06-21T01:28:23.774+0100] {logging_mixin.py:149} INFO - [2023-06-21T01:28:23.774+0100] {dagbag.py:541} INFO - Filling up the DagBag from /home/opeyemi/.local/lib/python3.10/site-packages/airflow/example_dags/example_dynamic_task_mapping_with_no_taskflow_operators.py
[2023-06-21T01:28:23.798+0100] {processor.py:836} INFO - DAG(s) dict_keys(['example_dynamic_task_mapping_with_no_taskflow_operators']) retrieved from /home/opeyemi/.local/lib/python3.10/site-packages/airflow/example_dags/example_dynamic_task_mapping_with_no_taskflow_operators.py
[2023-06-21T01:28:23.829+0100] {logging_mixin.py:149} INFO - [2023-06-21T01:28:23.829+0100] {dag.py:2726} INFO - Sync 1 DAGs
[2023-06-21T01:28:23.866+0100] {logging_mixin.py:149} INFO - [2023-06-21T01:28:23.866+0100] {dag.py:3486} INFO - Setting next_dagrun for example_dynamic_task_mapping_with_no_taskflow_operators to 2023-06-20T00:28:23.862161+00:00, run_after=2023-06-21T00:28:23.862161+00:00
[2023-06-21T01:28:24.028+0100] {processor.py:179} INFO - Processing /home/opeyemi/.local/lib/python3.10/site-packages/airflow/example_dags/example_dynamic_task_mapping_with_no_taskflow_operators.py took 0.275 seconds
[2023-06-21T01:29:31.110+0100] {processor.py:157} INFO - Started process (PID=21858) to work on /home/opeyemi/.local/lib/python3.10/site-packages/airflow/example_dags/example_dynamic_task_mapping_with_no_taskflow_operators.py
[2023-06-21T01:29:31.115+0100] {processor.py:826} INFO - Processing file /home/opeyemi/.local/lib/python3.10/site-packages/airflow/example_dags/example_dynamic_task_mapping_with_no_taskflow_operators.py for tasks to queue
[2023-06-21T01:29:31.117+0100] {logging_mixin.py:149} INFO - [2023-06-21T01:29:31.117+0100] {dagbag.py:541} INFO - Filling up the DagBag from /home/opeyemi/.local/lib/python3.10/site-packages/airflow/example_dags/example_dynamic_task_mapping_with_no_taskflow_operators.py
[2023-06-21T01:29:31.140+0100] {processor.py:836} INFO - DAG(s) dict_keys(['example_dynamic_task_mapping_with_no_taskflow_operators']) retrieved from /home/opeyemi/.local/lib/python3.10/site-packages/airflow/example_dags/example_dynamic_task_mapping_with_no_taskflow_operators.py
[2023-06-21T01:29:31.204+0100] {logging_mixin.py:149} INFO - [2023-06-21T01:29:31.203+0100] {dag.py:2726} INFO - Sync 1 DAGs
[2023-06-21T01:29:31.268+0100] {logging_mixin.py:149} INFO - [2023-06-21T01:29:31.268+0100] {dag.py:3486} INFO - Setting next_dagrun for example_dynamic_task_mapping_with_no_taskflow_operators to 2023-06-20T00:29:31.266895+00:00, run_after=2023-06-21T00:29:31.266895+00:00
[2023-06-21T01:29:31.350+0100] {processor.py:179} INFO - Processing /home/opeyemi/.local/lib/python3.10/site-packages/airflow/example_dags/example_dynamic_task_mapping_with_no_taskflow_operators.py took 0.250 seconds
[2023-06-21T01:30:27.161+0100] {processor.py:157} INFO - Started process (PID=21909) to work on /home/opeyemi/.local/lib/python3.10/site-packages/airflow/example_dags/example_dynamic_task_mapping_with_no_taskflow_operators.py
[2023-06-21T01:30:27.168+0100] {processor.py:826} INFO - Processing file /home/opeyemi/.local/lib/python3.10/site-packages/airflow/example_dags/example_dynamic_task_mapping_with_no_taskflow_operators.py for tasks to queue
[2023-06-21T01:30:27.172+0100] {logging_mixin.py:149} INFO - [2023-06-21T01:30:27.171+0100] {dagbag.py:541} INFO - Filling up the DagBag from /home/opeyemi/.local/lib/python3.10/site-packages/airflow/example_dags/example_dynamic_task_mapping_with_no_taskflow_operators.py
[2023-06-21T01:30:27.192+0100] {processor.py:836} INFO - DAG(s) dict_keys(['example_dynamic_task_mapping_with_no_taskflow_operators']) retrieved from /home/opeyemi/.local/lib/python3.10/site-packages/airflow/example_dags/example_dynamic_task_mapping_with_no_taskflow_operators.py
[2023-06-21T01:30:27.224+0100] {logging_mixin.py:149} INFO - [2023-06-21T01:30:27.223+0100] {dag.py:2726} INFO - Sync 1 DAGs
[2023-06-21T01:30:27.275+0100] {logging_mixin.py:149} INFO - [2023-06-21T01:30:27.275+0100] {dag.py:3486} INFO - Setting next_dagrun for example_dynamic_task_mapping_with_no_taskflow_operators to 2023-06-20T00:30:27.275044+00:00, run_after=2023-06-21T00:30:27.275044+00:00
[2023-06-21T01:30:27.385+0100] {processor.py:179} INFO - Processing /home/opeyemi/.local/lib/python3.10/site-packages/airflow/example_dags/example_dynamic_task_mapping_with_no_taskflow_operators.py took 0.252 seconds
[2023-06-21T01:31:27.244+0100] {processor.py:157} INFO - Started process (PID=21956) to work on /home/opeyemi/.local/lib/python3.10/site-packages/airflow/example_dags/example_dynamic_task_mapping_with_no_taskflow_operators.py
[2023-06-21T01:31:27.254+0100] {processor.py:826} INFO - Processing file /home/opeyemi/.local/lib/python3.10/site-packages/airflow/example_dags/example_dynamic_task_mapping_with_no_taskflow_operators.py for tasks to queue
[2023-06-21T01:31:27.258+0100] {logging_mixin.py:149} INFO - [2023-06-21T01:31:27.257+0100] {dagbag.py:541} INFO - Filling up the DagBag from /home/opeyemi/.local/lib/python3.10/site-packages/airflow/example_dags/example_dynamic_task_mapping_with_no_taskflow_operators.py
[2023-06-21T01:31:27.290+0100] {processor.py:836} INFO - DAG(s) dict_keys(['example_dynamic_task_mapping_with_no_taskflow_operators']) retrieved from /home/opeyemi/.local/lib/python3.10/site-packages/airflow/example_dags/example_dynamic_task_mapping_with_no_taskflow_operators.py
[2023-06-21T01:31:27.394+0100] {logging_mixin.py:149} INFO - [2023-06-21T01:31:27.393+0100] {dag.py:2726} INFO - Sync 1 DAGs
[2023-06-21T01:31:27.430+0100] {logging_mixin.py:149} INFO - [2023-06-21T01:31:27.430+0100] {dag.py:3486} INFO - Setting next_dagrun for example_dynamic_task_mapping_with_no_taskflow_operators to 2023-06-20T00:31:27.430366+00:00, run_after=2023-06-21T00:31:27.430366+00:00
[2023-06-21T01:31:27.488+0100] {processor.py:179} INFO - Processing /home/opeyemi/.local/lib/python3.10/site-packages/airflow/example_dags/example_dynamic_task_mapping_with_no_taskflow_operators.py took 0.256 seconds
[2023-06-21T01:32:29.289+0100] {processor.py:157} INFO - Started process (PID=22010) to work on /home/opeyemi/.local/lib/python3.10/site-packages/airflow/example_dags/example_dynamic_task_mapping_with_no_taskflow_operators.py
[2023-06-21T01:32:29.294+0100] {processor.py:826} INFO - Processing file /home/opeyemi/.local/lib/python3.10/site-packages/airflow/example_dags/example_dynamic_task_mapping_with_no_taskflow_operators.py for tasks to queue
[2023-06-21T01:32:29.296+0100] {logging_mixin.py:149} INFO - [2023-06-21T01:32:29.296+0100] {dagbag.py:541} INFO - Filling up the DagBag from /home/opeyemi/.local/lib/python3.10/site-packages/airflow/example_dags/example_dynamic_task_mapping_with_no_taskflow_operators.py
[2023-06-21T01:32:29.318+0100] {processor.py:836} INFO - DAG(s) dict_keys(['example_dynamic_task_mapping_with_no_taskflow_operators']) retrieved from /home/opeyemi/.local/lib/python3.10/site-packages/airflow/example_dags/example_dynamic_task_mapping_with_no_taskflow_operators.py
[2023-06-21T01:32:29.375+0100] {logging_mixin.py:149} INFO - [2023-06-21T01:32:29.375+0100] {dag.py:2726} INFO - Sync 1 DAGs
[2023-06-21T01:32:29.418+0100] {logging_mixin.py:149} INFO - [2023-06-21T01:32:29.418+0100] {dag.py:3486} INFO - Setting next_dagrun for example_dynamic_task_mapping_with_no_taskflow_operators to 2023-06-20T00:32:29.417799+00:00, run_after=2023-06-21T00:32:29.417799+00:00
[2023-06-21T01:32:29.510+0100] {processor.py:179} INFO - Processing /home/opeyemi/.local/lib/python3.10/site-packages/airflow/example_dags/example_dynamic_task_mapping_with_no_taskflow_operators.py took 0.231 seconds
[2023-06-21T01:33:25.794+0100] {processor.py:157} INFO - Started process (PID=22086) to work on /home/opeyemi/.local/lib/python3.10/site-packages/airflow/example_dags/example_dynamic_task_mapping_with_no_taskflow_operators.py
[2023-06-21T01:33:25.806+0100] {processor.py:826} INFO - Processing file /home/opeyemi/.local/lib/python3.10/site-packages/airflow/example_dags/example_dynamic_task_mapping_with_no_taskflow_operators.py for tasks to queue
[2023-06-21T01:33:25.809+0100] {logging_mixin.py:149} INFO - [2023-06-21T01:33:25.809+0100] {dagbag.py:541} INFO - Filling up the DagBag from /home/opeyemi/.local/lib/python3.10/site-packages/airflow/example_dags/example_dynamic_task_mapping_with_no_taskflow_operators.py
[2023-06-21T01:33:25.833+0100] {processor.py:836} INFO - DAG(s) dict_keys(['example_dynamic_task_mapping_with_no_taskflow_operators']) retrieved from /home/opeyemi/.local/lib/python3.10/site-packages/airflow/example_dags/example_dynamic_task_mapping_with_no_taskflow_operators.py
[2023-06-21T01:33:25.892+0100] {logging_mixin.py:149} INFO - [2023-06-21T01:33:25.891+0100] {dag.py:2726} INFO - Sync 1 DAGs
[2023-06-21T01:33:25.958+0100] {logging_mixin.py:149} INFO - [2023-06-21T01:33:25.958+0100] {dag.py:3486} INFO - Setting next_dagrun for example_dynamic_task_mapping_with_no_taskflow_operators to 2023-06-20T00:33:25.954636+00:00, run_after=2023-06-21T00:33:25.954636+00:00
[2023-06-21T01:33:26.073+0100] {processor.py:179} INFO - Processing /home/opeyemi/.local/lib/python3.10/site-packages/airflow/example_dags/example_dynamic_task_mapping_with_no_taskflow_operators.py took 0.291 seconds
[2023-06-21T01:34:19.205+0100] {processor.py:157} INFO - Started process (PID=22283) to work on /home/opeyemi/.local/lib/python3.10/site-packages/airflow/example_dags/example_dynamic_task_mapping_with_no_taskflow_operators.py
[2023-06-21T01:34:19.215+0100] {processor.py:826} INFO - Processing file /home/opeyemi/.local/lib/python3.10/site-packages/airflow/example_dags/example_dynamic_task_mapping_with_no_taskflow_operators.py for tasks to queue
[2023-06-21T01:34:19.218+0100] {logging_mixin.py:149} INFO - [2023-06-21T01:34:19.217+0100] {dagbag.py:541} INFO - Filling up the DagBag from /home/opeyemi/.local/lib/python3.10/site-packages/airflow/example_dags/example_dynamic_task_mapping_with_no_taskflow_operators.py
[2023-06-21T01:34:19.257+0100] {processor.py:836} INFO - DAG(s) dict_keys(['example_dynamic_task_mapping_with_no_taskflow_operators']) retrieved from /home/opeyemi/.local/lib/python3.10/site-packages/airflow/example_dags/example_dynamic_task_mapping_with_no_taskflow_operators.py
[2023-06-21T01:34:19.305+0100] {logging_mixin.py:149} INFO - [2023-06-21T01:34:19.305+0100] {dag.py:2726} INFO - Sync 1 DAGs
[2023-06-21T01:34:19.352+0100] {logging_mixin.py:149} INFO - [2023-06-21T01:34:19.352+0100] {dag.py:3486} INFO - Setting next_dagrun for example_dynamic_task_mapping_with_no_taskflow_operators to 2023-06-20T00:34:19.352051+00:00, run_after=2023-06-21T00:34:19.352051+00:00
[2023-06-21T01:34:19.476+0100] {processor.py:179} INFO - Processing /home/opeyemi/.local/lib/python3.10/site-packages/airflow/example_dags/example_dynamic_task_mapping_with_no_taskflow_operators.py took 0.276 seconds
[2023-06-21T01:35:40.667+0100] {processor.py:157} INFO - Started process (PID=22524) to work on /home/opeyemi/.local/lib/python3.10/site-packages/airflow/example_dags/example_dynamic_task_mapping_with_no_taskflow_operators.py
[2023-06-21T01:35:40.680+0100] {processor.py:826} INFO - Processing file /home/opeyemi/.local/lib/python3.10/site-packages/airflow/example_dags/example_dynamic_task_mapping_with_no_taskflow_operators.py for tasks to queue
[2023-06-21T01:35:40.682+0100] {logging_mixin.py:149} INFO - [2023-06-21T01:35:40.682+0100] {dagbag.py:541} INFO - Filling up the DagBag from /home/opeyemi/.local/lib/python3.10/site-packages/airflow/example_dags/example_dynamic_task_mapping_with_no_taskflow_operators.py
[2023-06-21T01:35:40.704+0100] {processor.py:836} INFO - DAG(s) dict_keys(['example_dynamic_task_mapping_with_no_taskflow_operators']) retrieved from /home/opeyemi/.local/lib/python3.10/site-packages/airflow/example_dags/example_dynamic_task_mapping_with_no_taskflow_operators.py
[2023-06-21T01:35:40.762+0100] {logging_mixin.py:149} INFO - [2023-06-21T01:35:40.761+0100] {dag.py:2726} INFO - Sync 1 DAGs
[2023-06-21T01:35:40.801+0100] {logging_mixin.py:149} INFO - [2023-06-21T01:35:40.801+0100] {dag.py:3486} INFO - Setting next_dagrun for example_dynamic_task_mapping_with_no_taskflow_operators to 2023-06-20T00:35:40.800870+00:00, run_after=2023-06-21T00:35:40.800870+00:00
[2023-06-21T01:35:40.864+0100] {processor.py:179} INFO - Processing /home/opeyemi/.local/lib/python3.10/site-packages/airflow/example_dags/example_dynamic_task_mapping_with_no_taskflow_operators.py took 0.210 seconds
[2023-06-21T01:36:36.858+0100] {processor.py:157} INFO - Started process (PID=22743) to work on /home/opeyemi/.local/lib/python3.10/site-packages/airflow/example_dags/example_dynamic_task_mapping_with_no_taskflow_operators.py
[2023-06-21T01:36:36.862+0100] {processor.py:826} INFO - Processing file /home/opeyemi/.local/lib/python3.10/site-packages/airflow/example_dags/example_dynamic_task_mapping_with_no_taskflow_operators.py for tasks to queue
[2023-06-21T01:36:36.864+0100] {logging_mixin.py:149} INFO - [2023-06-21T01:36:36.864+0100] {dagbag.py:541} INFO - Filling up the DagBag from /home/opeyemi/.local/lib/python3.10/site-packages/airflow/example_dags/example_dynamic_task_mapping_with_no_taskflow_operators.py
[2023-06-21T01:36:36.887+0100] {processor.py:836} INFO - DAG(s) dict_keys(['example_dynamic_task_mapping_with_no_taskflow_operators']) retrieved from /home/opeyemi/.local/lib/python3.10/site-packages/airflow/example_dags/example_dynamic_task_mapping_with_no_taskflow_operators.py
[2023-06-21T01:36:36.960+0100] {logging_mixin.py:149} INFO - [2023-06-21T01:36:36.959+0100] {dag.py:2726} INFO - Sync 1 DAGs
[2023-06-21T01:36:37.086+0100] {logging_mixin.py:149} INFO - [2023-06-21T01:36:37.085+0100] {dag.py:3486} INFO - Setting next_dagrun for example_dynamic_task_mapping_with_no_taskflow_operators to 2023-06-20T00:36:37.084121+00:00, run_after=2023-06-21T00:36:37.084121+00:00
[2023-06-21T01:36:37.192+0100] {processor.py:179} INFO - Processing /home/opeyemi/.local/lib/python3.10/site-packages/airflow/example_dags/example_dynamic_task_mapping_with_no_taskflow_operators.py took 0.344 seconds
[2023-06-21T01:37:57.033+0100] {processor.py:157} INFO - Started process (PID=23111) to work on /home/opeyemi/.local/lib/python3.10/site-packages/airflow/example_dags/example_dynamic_task_mapping_with_no_taskflow_operators.py
[2023-06-21T01:37:57.064+0100] {processor.py:826} INFO - Processing file /home/opeyemi/.local/lib/python3.10/site-packages/airflow/example_dags/example_dynamic_task_mapping_with_no_taskflow_operators.py for tasks to queue
[2023-06-21T01:37:57.069+0100] {logging_mixin.py:149} INFO - [2023-06-21T01:37:57.068+0100] {dagbag.py:541} INFO - Filling up the DagBag from /home/opeyemi/.local/lib/python3.10/site-packages/airflow/example_dags/example_dynamic_task_mapping_with_no_taskflow_operators.py
[2023-06-21T01:37:57.101+0100] {processor.py:836} INFO - DAG(s) dict_keys(['example_dynamic_task_mapping_with_no_taskflow_operators']) retrieved from /home/opeyemi/.local/lib/python3.10/site-packages/airflow/example_dags/example_dynamic_task_mapping_with_no_taskflow_operators.py
[2023-06-21T01:37:57.213+0100] {logging_mixin.py:149} INFO - [2023-06-21T01:37:57.212+0100] {dag.py:2726} INFO - Sync 1 DAGs
[2023-06-21T01:37:57.268+0100] {logging_mixin.py:149} INFO - [2023-06-21T01:37:57.268+0100] {dag.py:3486} INFO - Setting next_dagrun for example_dynamic_task_mapping_with_no_taskflow_operators to 2023-06-20T00:37:57.268094+00:00, run_after=2023-06-21T00:37:57.268094+00:00
[2023-06-21T01:37:57.315+0100] {processor.py:179} INFO - Processing /home/opeyemi/.local/lib/python3.10/site-packages/airflow/example_dags/example_dynamic_task_mapping_with_no_taskflow_operators.py took 0.300 seconds
[2023-06-21T01:38:53.019+0100] {processor.py:157} INFO - Started process (PID=23282) to work on /home/opeyemi/.local/lib/python3.10/site-packages/airflow/example_dags/example_dynamic_task_mapping_with_no_taskflow_operators.py
[2023-06-21T01:38:53.021+0100] {processor.py:826} INFO - Processing file /home/opeyemi/.local/lib/python3.10/site-packages/airflow/example_dags/example_dynamic_task_mapping_with_no_taskflow_operators.py for tasks to queue
[2023-06-21T01:38:53.022+0100] {logging_mixin.py:149} INFO - [2023-06-21T01:38:53.022+0100] {dagbag.py:541} INFO - Filling up the DagBag from /home/opeyemi/.local/lib/python3.10/site-packages/airflow/example_dags/example_dynamic_task_mapping_with_no_taskflow_operators.py
[2023-06-21T01:38:53.035+0100] {processor.py:836} INFO - DAG(s) dict_keys(['example_dynamic_task_mapping_with_no_taskflow_operators']) retrieved from /home/opeyemi/.local/lib/python3.10/site-packages/airflow/example_dags/example_dynamic_task_mapping_with_no_taskflow_operators.py
[2023-06-21T01:38:53.069+0100] {logging_mixin.py:149} INFO - [2023-06-21T01:38:53.068+0100] {dag.py:2726} INFO - Sync 1 DAGs
[2023-06-21T01:38:53.106+0100] {logging_mixin.py:149} INFO - [2023-06-21T01:38:53.106+0100] {dag.py:3486} INFO - Setting next_dagrun for example_dynamic_task_mapping_with_no_taskflow_operators to 2023-06-20T00:38:53.105762+00:00, run_after=2023-06-21T00:38:53.105762+00:00
[2023-06-21T01:38:53.155+0100] {processor.py:179} INFO - Processing /home/opeyemi/.local/lib/python3.10/site-packages/airflow/example_dags/example_dynamic_task_mapping_with_no_taskflow_operators.py took 0.142 seconds
[2023-06-21T01:39:47.715+0100] {processor.py:157} INFO - Started process (PID=23338) to work on /home/opeyemi/.local/lib/python3.10/site-packages/airflow/example_dags/example_dynamic_task_mapping_with_no_taskflow_operators.py
[2023-06-21T01:39:47.724+0100] {processor.py:826} INFO - Processing file /home/opeyemi/.local/lib/python3.10/site-packages/airflow/example_dags/example_dynamic_task_mapping_with_no_taskflow_operators.py for tasks to queue
[2023-06-21T01:39:47.726+0100] {logging_mixin.py:149} INFO - [2023-06-21T01:39:47.726+0100] {dagbag.py:541} INFO - Filling up the DagBag from /home/opeyemi/.local/lib/python3.10/site-packages/airflow/example_dags/example_dynamic_task_mapping_with_no_taskflow_operators.py
[2023-06-21T01:39:47.752+0100] {processor.py:836} INFO - DAG(s) dict_keys(['example_dynamic_task_mapping_with_no_taskflow_operators']) retrieved from /home/opeyemi/.local/lib/python3.10/site-packages/airflow/example_dags/example_dynamic_task_mapping_with_no_taskflow_operators.py
[2023-06-21T01:39:47.846+0100] {logging_mixin.py:149} INFO - [2023-06-21T01:39:47.846+0100] {dag.py:2726} INFO - Sync 1 DAGs
[2023-06-21T01:39:47.970+0100] {logging_mixin.py:149} INFO - [2023-06-21T01:39:47.970+0100] {dag.py:3486} INFO - Setting next_dagrun for example_dynamic_task_mapping_with_no_taskflow_operators to 2023-06-20T00:39:47.969360+00:00, run_after=2023-06-21T00:39:47.969360+00:00
[2023-06-21T01:39:48.105+0100] {processor.py:179} INFO - Processing /home/opeyemi/.local/lib/python3.10/site-packages/airflow/example_dags/example_dynamic_task_mapping_with_no_taskflow_operators.py took 0.406 seconds
[2023-06-21T01:41:07.595+0100] {processor.py:157} INFO - Started process (PID=23411) to work on /home/opeyemi/.local/lib/python3.10/site-packages/airflow/example_dags/example_dynamic_task_mapping_with_no_taskflow_operators.py
[2023-06-21T01:41:07.597+0100] {processor.py:826} INFO - Processing file /home/opeyemi/.local/lib/python3.10/site-packages/airflow/example_dags/example_dynamic_task_mapping_with_no_taskflow_operators.py for tasks to queue
[2023-06-21T01:41:07.599+0100] {logging_mixin.py:149} INFO - [2023-06-21T01:41:07.599+0100] {dagbag.py:541} INFO - Filling up the DagBag from /home/opeyemi/.local/lib/python3.10/site-packages/airflow/example_dags/example_dynamic_task_mapping_with_no_taskflow_operators.py
[2023-06-21T01:41:07.609+0100] {processor.py:836} INFO - DAG(s) dict_keys(['example_dynamic_task_mapping_with_no_taskflow_operators']) retrieved from /home/opeyemi/.local/lib/python3.10/site-packages/airflow/example_dags/example_dynamic_task_mapping_with_no_taskflow_operators.py
[2023-06-21T01:41:07.640+0100] {logging_mixin.py:149} INFO - [2023-06-21T01:41:07.640+0100] {dag.py:2726} INFO - Sync 1 DAGs
[2023-06-21T01:41:07.675+0100] {logging_mixin.py:149} INFO - [2023-06-21T01:41:07.674+0100] {dag.py:3486} INFO - Setting next_dagrun for example_dynamic_task_mapping_with_no_taskflow_operators to 2023-06-20T00:41:07.674240+00:00, run_after=2023-06-21T00:41:07.674240+00:00
[2023-06-21T01:41:07.724+0100] {processor.py:179} INFO - Processing /home/opeyemi/.local/lib/python3.10/site-packages/airflow/example_dags/example_dynamic_task_mapping_with_no_taskflow_operators.py took 0.134 seconds
