[2023-06-21T01:00:17.785+0100] {processor.py:157} INFO - Started process (PID=20528) to work on /home/opeyemi/.local/lib/python3.10/site-packages/airflow/example_dags/example_branch_operator_decorator.py
[2023-06-21T01:00:17.787+0100] {processor.py:826} INFO - Processing file /home/opeyemi/.local/lib/python3.10/site-packages/airflow/example_dags/example_branch_operator_decorator.py for tasks to queue
[2023-06-21T01:00:17.789+0100] {logging_mixin.py:149} INFO - [2023-06-21T01:00:17.789+0100] {dagbag.py:541} INFO - Filling up the DagBag from /home/opeyemi/.local/lib/python3.10/site-packages/airflow/example_dags/example_branch_operator_decorator.py
[2023-06-21T01:00:17.819+0100] {processor.py:836} INFO - DAG(s) dict_keys(['example_branch_python_operator_decorator']) retrieved from /home/opeyemi/.local/lib/python3.10/site-packages/airflow/example_dags/example_branch_operator_decorator.py
[2023-06-21T01:00:17.885+0100] {logging_mixin.py:149} INFO - [2023-06-21T01:00:17.885+0100] {dag.py:2726} INFO - Sync 1 DAGs
[2023-06-21T01:00:17.950+0100] {logging_mixin.py:149} INFO - [2023-06-21T01:00:17.950+0100] {dag.py:3486} INFO - Setting next_dagrun for example_branch_python_operator_decorator to 2023-06-20T00:00:00+00:00, run_after=2023-06-21T00:00:00+00:00
[2023-06-21T01:00:18.226+0100] {processor.py:179} INFO - Processing /home/opeyemi/.local/lib/python3.10/site-packages/airflow/example_dags/example_branch_operator_decorator.py took 0.452 seconds
[2023-06-21T01:02:34.620+0100] {processor.py:157} INFO - Started process (PID=20606) to work on /home/opeyemi/.local/lib/python3.10/site-packages/airflow/example_dags/example_branch_operator_decorator.py
[2023-06-21T01:02:34.689+0100] {processor.py:826} INFO - Processing file /home/opeyemi/.local/lib/python3.10/site-packages/airflow/example_dags/example_branch_operator_decorator.py for tasks to queue
[2023-06-21T01:02:34.693+0100] {logging_mixin.py:149} INFO - [2023-06-21T01:02:34.692+0100] {dagbag.py:541} INFO - Filling up the DagBag from /home/opeyemi/.local/lib/python3.10/site-packages/airflow/example_dags/example_branch_operator_decorator.py
[2023-06-21T01:02:34.748+0100] {processor.py:836} INFO - DAG(s) dict_keys(['example_branch_python_operator_decorator']) retrieved from /home/opeyemi/.local/lib/python3.10/site-packages/airflow/example_dags/example_branch_operator_decorator.py
[2023-06-21T01:02:34.843+0100] {logging_mixin.py:149} INFO - [2023-06-21T01:02:34.843+0100] {dag.py:2726} INFO - Sync 1 DAGs
[2023-06-21T01:02:34.982+0100] {logging_mixin.py:149} INFO - [2023-06-21T01:02:34.981+0100] {dag.py:3486} INFO - Setting next_dagrun for example_branch_python_operator_decorator to 2023-06-20T00:00:00+00:00, run_after=2023-06-21T00:00:00+00:00
[2023-06-21T01:02:35.456+0100] {processor.py:179} INFO - Processing /home/opeyemi/.local/lib/python3.10/site-packages/airflow/example_dags/example_branch_operator_decorator.py took 0.859 seconds
[2023-06-21T01:05:17.801+0100] {processor.py:157} INFO - Started process (PID=20684) to work on /home/opeyemi/.local/lib/python3.10/site-packages/airflow/example_dags/example_branch_operator_decorator.py
[2023-06-21T01:05:17.936+0100] {processor.py:826} INFO - Processing file /home/opeyemi/.local/lib/python3.10/site-packages/airflow/example_dags/example_branch_operator_decorator.py for tasks to queue
[2023-06-21T01:05:17.937+0100] {logging_mixin.py:149} INFO - [2023-06-21T01:05:17.937+0100] {dagbag.py:541} INFO - Filling up the DagBag from /home/opeyemi/.local/lib/python3.10/site-packages/airflow/example_dags/example_branch_operator_decorator.py
[2023-06-21T01:05:17.975+0100] {processor.py:836} INFO - DAG(s) dict_keys(['example_branch_python_operator_decorator']) retrieved from /home/opeyemi/.local/lib/python3.10/site-packages/airflow/example_dags/example_branch_operator_decorator.py
[2023-06-21T01:05:18.039+0100] {logging_mixin.py:149} INFO - [2023-06-21T01:05:18.039+0100] {dag.py:2726} INFO - Sync 1 DAGs
[2023-06-21T01:05:18.091+0100] {logging_mixin.py:149} INFO - [2023-06-21T01:05:18.090+0100] {dag.py:3486} INFO - Setting next_dagrun for example_branch_python_operator_decorator to 2023-06-20T00:00:00+00:00, run_after=2023-06-21T00:00:00+00:00
[2023-06-21T01:05:18.296+0100] {processor.py:179} INFO - Processing /home/opeyemi/.local/lib/python3.10/site-packages/airflow/example_dags/example_branch_operator_decorator.py took 0.501 seconds
[2023-06-21T01:07:35.081+0100] {processor.py:157} INFO - Started process (PID=20752) to work on /home/opeyemi/.local/lib/python3.10/site-packages/airflow/example_dags/example_branch_operator_decorator.py
[2023-06-21T01:07:35.228+0100] {processor.py:826} INFO - Processing file /home/opeyemi/.local/lib/python3.10/site-packages/airflow/example_dags/example_branch_operator_decorator.py for tasks to queue
[2023-06-21T01:07:35.230+0100] {logging_mixin.py:149} INFO - [2023-06-21T01:07:35.230+0100] {dagbag.py:541} INFO - Filling up the DagBag from /home/opeyemi/.local/lib/python3.10/site-packages/airflow/example_dags/example_branch_operator_decorator.py
[2023-06-21T01:07:35.267+0100] {processor.py:836} INFO - DAG(s) dict_keys(['example_branch_python_operator_decorator']) retrieved from /home/opeyemi/.local/lib/python3.10/site-packages/airflow/example_dags/example_branch_operator_decorator.py
[2023-06-21T01:07:35.314+0100] {logging_mixin.py:149} INFO - [2023-06-21T01:07:35.313+0100] {dag.py:2726} INFO - Sync 1 DAGs
[2023-06-21T01:07:35.401+0100] {logging_mixin.py:149} INFO - [2023-06-21T01:07:35.400+0100] {dag.py:3486} INFO - Setting next_dagrun for example_branch_python_operator_decorator to 2023-06-20T00:00:00+00:00, run_after=2023-06-21T00:00:00+00:00
[2023-06-21T01:07:35.691+0100] {processor.py:179} INFO - Processing /home/opeyemi/.local/lib/python3.10/site-packages/airflow/example_dags/example_branch_operator_decorator.py took 0.632 seconds
[2023-06-21T01:09:31.412+0100] {processor.py:157} INFO - Started process (PID=20831) to work on /home/opeyemi/.local/lib/python3.10/site-packages/airflow/example_dags/example_branch_operator_decorator.py
[2023-06-21T01:09:31.415+0100] {processor.py:826} INFO - Processing file /home/opeyemi/.local/lib/python3.10/site-packages/airflow/example_dags/example_branch_operator_decorator.py for tasks to queue
[2023-06-21T01:09:31.417+0100] {logging_mixin.py:149} INFO - [2023-06-21T01:09:31.417+0100] {dagbag.py:541} INFO - Filling up the DagBag from /home/opeyemi/.local/lib/python3.10/site-packages/airflow/example_dags/example_branch_operator_decorator.py
[2023-06-21T01:09:31.449+0100] {processor.py:836} INFO - DAG(s) dict_keys(['example_branch_python_operator_decorator']) retrieved from /home/opeyemi/.local/lib/python3.10/site-packages/airflow/example_dags/example_branch_operator_decorator.py
[2023-06-21T01:09:31.501+0100] {logging_mixin.py:149} INFO - [2023-06-21T01:09:31.501+0100] {dag.py:2726} INFO - Sync 1 DAGs
[2023-06-21T01:09:31.540+0100] {logging_mixin.py:149} INFO - [2023-06-21T01:09:31.540+0100] {dag.py:3486} INFO - Setting next_dagrun for example_branch_python_operator_decorator to 2023-06-20T00:00:00+00:00, run_after=2023-06-21T00:00:00+00:00
[2023-06-21T01:09:31.621+0100] {processor.py:179} INFO - Processing /home/opeyemi/.local/lib/python3.10/site-packages/airflow/example_dags/example_branch_operator_decorator.py took 0.221 seconds
[2023-06-21T01:11:26.906+0100] {processor.py:157} INFO - Started process (PID=20898) to work on /home/opeyemi/.local/lib/python3.10/site-packages/airflow/example_dags/example_branch_operator_decorator.py
[2023-06-21T01:11:26.963+0100] {processor.py:826} INFO - Processing file /home/opeyemi/.local/lib/python3.10/site-packages/airflow/example_dags/example_branch_operator_decorator.py for tasks to queue
[2023-06-21T01:11:26.967+0100] {logging_mixin.py:149} INFO - [2023-06-21T01:11:26.966+0100] {dagbag.py:541} INFO - Filling up the DagBag from /home/opeyemi/.local/lib/python3.10/site-packages/airflow/example_dags/example_branch_operator_decorator.py
[2023-06-21T01:11:27.037+0100] {processor.py:836} INFO - DAG(s) dict_keys(['example_branch_python_operator_decorator']) retrieved from /home/opeyemi/.local/lib/python3.10/site-packages/airflow/example_dags/example_branch_operator_decorator.py
[2023-06-21T01:11:27.148+0100] {logging_mixin.py:149} INFO - [2023-06-21T01:11:27.147+0100] {dag.py:2726} INFO - Sync 1 DAGs
[2023-06-21T01:11:27.197+0100] {logging_mixin.py:149} INFO - [2023-06-21T01:11:27.197+0100] {dag.py:3486} INFO - Setting next_dagrun for example_branch_python_operator_decorator to 2023-06-20T00:00:00+00:00, run_after=2023-06-21T00:00:00+00:00
[2023-06-21T01:11:27.414+0100] {processor.py:179} INFO - Processing /home/opeyemi/.local/lib/python3.10/site-packages/airflow/example_dags/example_branch_operator_decorator.py took 0.524 seconds
[2023-06-21T01:13:40.968+0100] {processor.py:157} INFO - Started process (PID=20994) to work on /home/opeyemi/.local/lib/python3.10/site-packages/airflow/example_dags/example_branch_operator_decorator.py
[2023-06-21T01:13:41.065+0100] {processor.py:826} INFO - Processing file /home/opeyemi/.local/lib/python3.10/site-packages/airflow/example_dags/example_branch_operator_decorator.py for tasks to queue
[2023-06-21T01:13:41.068+0100] {logging_mixin.py:149} INFO - [2023-06-21T01:13:41.067+0100] {dagbag.py:541} INFO - Filling up the DagBag from /home/opeyemi/.local/lib/python3.10/site-packages/airflow/example_dags/example_branch_operator_decorator.py
[2023-06-21T01:13:41.106+0100] {processor.py:836} INFO - DAG(s) dict_keys(['example_branch_python_operator_decorator']) retrieved from /home/opeyemi/.local/lib/python3.10/site-packages/airflow/example_dags/example_branch_operator_decorator.py
[2023-06-21T01:13:41.156+0100] {logging_mixin.py:149} INFO - [2023-06-21T01:13:41.155+0100] {dag.py:2726} INFO - Sync 1 DAGs
[2023-06-21T01:13:41.218+0100] {logging_mixin.py:149} INFO - [2023-06-21T01:13:41.217+0100] {dag.py:3486} INFO - Setting next_dagrun for example_branch_python_operator_decorator to 2023-06-20T00:00:00+00:00, run_after=2023-06-21T00:00:00+00:00
[2023-06-21T01:13:41.523+0100] {processor.py:179} INFO - Processing /home/opeyemi/.local/lib/python3.10/site-packages/airflow/example_dags/example_branch_operator_decorator.py took 0.570 seconds
[2023-06-21T01:16:43.423+0100] {processor.py:157} INFO - Started process (PID=21069) to work on /home/opeyemi/.local/lib/python3.10/site-packages/airflow/example_dags/example_branch_operator_decorator.py
[2023-06-21T01:16:43.433+0100] {processor.py:826} INFO - Processing file /home/opeyemi/.local/lib/python3.10/site-packages/airflow/example_dags/example_branch_operator_decorator.py for tasks to queue
[2023-06-21T01:16:43.435+0100] {logging_mixin.py:149} INFO - [2023-06-21T01:16:43.434+0100] {dagbag.py:541} INFO - Filling up the DagBag from /home/opeyemi/.local/lib/python3.10/site-packages/airflow/example_dags/example_branch_operator_decorator.py
[2023-06-21T01:16:43.458+0100] {processor.py:836} INFO - DAG(s) dict_keys(['example_branch_python_operator_decorator']) retrieved from /home/opeyemi/.local/lib/python3.10/site-packages/airflow/example_dags/example_branch_operator_decorator.py
[2023-06-21T01:16:43.496+0100] {logging_mixin.py:149} INFO - [2023-06-21T01:16:43.496+0100] {dag.py:2726} INFO - Sync 1 DAGs
[2023-06-21T01:16:43.536+0100] {logging_mixin.py:149} INFO - [2023-06-21T01:16:43.536+0100] {dag.py:3486} INFO - Setting next_dagrun for example_branch_python_operator_decorator to 2023-06-20T00:00:00+00:00, run_after=2023-06-21T00:00:00+00:00
[2023-06-21T01:16:43.592+0100] {processor.py:179} INFO - Processing /home/opeyemi/.local/lib/python3.10/site-packages/airflow/example_dags/example_branch_operator_decorator.py took 0.173 seconds
[2023-06-21T01:17:59.270+0100] {processor.py:157} INFO - Started process (PID=21128) to work on /home/opeyemi/.local/lib/python3.10/site-packages/airflow/example_dags/example_branch_operator_decorator.py
[2023-06-21T01:17:59.311+0100] {processor.py:826} INFO - Processing file /home/opeyemi/.local/lib/python3.10/site-packages/airflow/example_dags/example_branch_operator_decorator.py for tasks to queue
[2023-06-21T01:17:59.314+0100] {logging_mixin.py:149} INFO - [2023-06-21T01:17:59.313+0100] {dagbag.py:541} INFO - Filling up the DagBag from /home/opeyemi/.local/lib/python3.10/site-packages/airflow/example_dags/example_branch_operator_decorator.py
[2023-06-21T01:17:59.356+0100] {processor.py:836} INFO - DAG(s) dict_keys(['example_branch_python_operator_decorator']) retrieved from /home/opeyemi/.local/lib/python3.10/site-packages/airflow/example_dags/example_branch_operator_decorator.py
[2023-06-21T01:17:59.429+0100] {logging_mixin.py:149} INFO - [2023-06-21T01:17:59.428+0100] {dag.py:2726} INFO - Sync 1 DAGs
[2023-06-21T01:17:59.467+0100] {logging_mixin.py:149} INFO - [2023-06-21T01:17:59.467+0100] {dag.py:3486} INFO - Setting next_dagrun for example_branch_python_operator_decorator to 2023-06-20T00:00:00+00:00, run_after=2023-06-21T00:00:00+00:00
[2023-06-21T01:17:59.640+0100] {processor.py:179} INFO - Processing /home/opeyemi/.local/lib/python3.10/site-packages/airflow/example_dags/example_branch_operator_decorator.py took 0.379 seconds
[2023-06-21T01:19:15.898+0100] {processor.py:157} INFO - Started process (PID=21187) to work on /home/opeyemi/.local/lib/python3.10/site-packages/airflow/example_dags/example_branch_operator_decorator.py
[2023-06-21T01:19:16.008+0100] {processor.py:826} INFO - Processing file /home/opeyemi/.local/lib/python3.10/site-packages/airflow/example_dags/example_branch_operator_decorator.py for tasks to queue
[2023-06-21T01:19:16.010+0100] {logging_mixin.py:149} INFO - [2023-06-21T01:19:16.010+0100] {dagbag.py:541} INFO - Filling up the DagBag from /home/opeyemi/.local/lib/python3.10/site-packages/airflow/example_dags/example_branch_operator_decorator.py
[2023-06-21T01:19:16.079+0100] {processor.py:836} INFO - DAG(s) dict_keys(['example_branch_python_operator_decorator']) retrieved from /home/opeyemi/.local/lib/python3.10/site-packages/airflow/example_dags/example_branch_operator_decorator.py
[2023-06-21T01:19:16.182+0100] {logging_mixin.py:149} INFO - [2023-06-21T01:19:16.181+0100] {dag.py:2726} INFO - Sync 1 DAGs
[2023-06-21T01:19:16.270+0100] {logging_mixin.py:149} INFO - [2023-06-21T01:19:16.270+0100] {dag.py:3486} INFO - Setting next_dagrun for example_branch_python_operator_decorator to 2023-06-20T00:00:00+00:00, run_after=2023-06-21T00:00:00+00:00
[2023-06-21T01:19:16.335+0100] {processor.py:179} INFO - Processing /home/opeyemi/.local/lib/python3.10/site-packages/airflow/example_dags/example_branch_operator_decorator.py took 0.449 seconds
[2023-06-21T01:20:44.879+0100] {processor.py:157} INFO - Started process (PID=21245) to work on /home/opeyemi/.local/lib/python3.10/site-packages/airflow/example_dags/example_branch_operator_decorator.py
[2023-06-21T01:20:46.409+0100] {processor.py:826} INFO - Processing file /home/opeyemi/.local/lib/python3.10/site-packages/airflow/example_dags/example_branch_operator_decorator.py for tasks to queue
[2023-06-21T01:20:46.412+0100] {logging_mixin.py:149} INFO - [2023-06-21T01:20:46.412+0100] {dagbag.py:541} INFO - Filling up the DagBag from /home/opeyemi/.local/lib/python3.10/site-packages/airflow/example_dags/example_branch_operator_decorator.py
[2023-06-21T01:20:46.456+0100] {processor.py:836} INFO - DAG(s) dict_keys(['example_branch_python_operator_decorator']) retrieved from /home/opeyemi/.local/lib/python3.10/site-packages/airflow/example_dags/example_branch_operator_decorator.py
[2023-06-21T01:20:46.533+0100] {logging_mixin.py:149} INFO - [2023-06-21T01:20:46.532+0100] {dag.py:2726} INFO - Sync 1 DAGs
[2023-06-21T01:20:46.608+0100] {logging_mixin.py:149} INFO - [2023-06-21T01:20:46.607+0100] {dag.py:3486} INFO - Setting next_dagrun for example_branch_python_operator_decorator to 2023-06-20T00:00:00+00:00, run_after=2023-06-21T00:00:00+00:00
[2023-06-21T01:20:59.448+0100] {processor.py:179} INFO - Processing /home/opeyemi/.local/lib/python3.10/site-packages/airflow/example_dags/example_branch_operator_decorator.py took 14.583 seconds
[2023-06-21T01:23:10.500+0100] {processor.py:157} INFO - Started process (PID=21324) to work on /home/opeyemi/.local/lib/python3.10/site-packages/airflow/example_dags/example_branch_operator_decorator.py
[2023-06-21T01:23:10.655+0100] {processor.py:826} INFO - Processing file /home/opeyemi/.local/lib/python3.10/site-packages/airflow/example_dags/example_branch_operator_decorator.py for tasks to queue
[2023-06-21T01:23:10.657+0100] {logging_mixin.py:149} INFO - [2023-06-21T01:23:10.657+0100] {dagbag.py:541} INFO - Filling up the DagBag from /home/opeyemi/.local/lib/python3.10/site-packages/airflow/example_dags/example_branch_operator_decorator.py
[2023-06-21T01:23:10.736+0100] {processor.py:836} INFO - DAG(s) dict_keys(['example_branch_python_operator_decorator']) retrieved from /home/opeyemi/.local/lib/python3.10/site-packages/airflow/example_dags/example_branch_operator_decorator.py
[2023-06-21T01:23:10.897+0100] {logging_mixin.py:149} INFO - [2023-06-21T01:23:10.897+0100] {dag.py:2726} INFO - Sync 1 DAGs
[2023-06-21T01:23:10.986+0100] {logging_mixin.py:149} INFO - [2023-06-21T01:23:10.985+0100] {dag.py:3486} INFO - Setting next_dagrun for example_branch_python_operator_decorator to 2023-06-20T00:00:00+00:00, run_after=2023-06-21T00:00:00+00:00
[2023-06-21T01:23:11.050+0100] {processor.py:179} INFO - Processing /home/opeyemi/.local/lib/python3.10/site-packages/airflow/example_dags/example_branch_operator_decorator.py took 0.562 seconds
[2023-06-21T01:24:43.678+0100] {processor.py:157} INFO - Started process (PID=21497) to work on /home/opeyemi/.local/lib/python3.10/site-packages/airflow/example_dags/example_branch_operator_decorator.py
[2023-06-21T01:24:43.692+0100] {processor.py:826} INFO - Processing file /home/opeyemi/.local/lib/python3.10/site-packages/airflow/example_dags/example_branch_operator_decorator.py for tasks to queue
[2023-06-21T01:24:43.694+0100] {logging_mixin.py:149} INFO - [2023-06-21T01:24:43.693+0100] {dagbag.py:541} INFO - Filling up the DagBag from /home/opeyemi/.local/lib/python3.10/site-packages/airflow/example_dags/example_branch_operator_decorator.py
[2023-06-21T01:24:43.732+0100] {processor.py:836} INFO - DAG(s) dict_keys(['example_branch_python_operator_decorator']) retrieved from /home/opeyemi/.local/lib/python3.10/site-packages/airflow/example_dags/example_branch_operator_decorator.py
[2023-06-21T01:24:43.812+0100] {logging_mixin.py:149} INFO - [2023-06-21T01:24:43.811+0100] {dag.py:2726} INFO - Sync 1 DAGs
[2023-06-21T01:24:43.919+0100] {logging_mixin.py:149} INFO - [2023-06-21T01:24:43.919+0100] {dag.py:3486} INFO - Setting next_dagrun for example_branch_python_operator_decorator to 2023-06-20T00:00:00+00:00, run_after=2023-06-21T00:00:00+00:00
[2023-06-21T01:24:43.982+0100] {processor.py:179} INFO - Processing /home/opeyemi/.local/lib/python3.10/site-packages/airflow/example_dags/example_branch_operator_decorator.py took 0.313 seconds
[2023-06-21T01:25:48.471+0100] {processor.py:157} INFO - Started process (PID=21656) to work on /home/opeyemi/.local/lib/python3.10/site-packages/airflow/example_dags/example_branch_operator_decorator.py
[2023-06-21T01:25:48.475+0100] {processor.py:826} INFO - Processing file /home/opeyemi/.local/lib/python3.10/site-packages/airflow/example_dags/example_branch_operator_decorator.py for tasks to queue
[2023-06-21T01:25:48.477+0100] {logging_mixin.py:149} INFO - [2023-06-21T01:25:48.477+0100] {dagbag.py:541} INFO - Filling up the DagBag from /home/opeyemi/.local/lib/python3.10/site-packages/airflow/example_dags/example_branch_operator_decorator.py
[2023-06-21T01:25:48.501+0100] {processor.py:836} INFO - DAG(s) dict_keys(['example_branch_python_operator_decorator']) retrieved from /home/opeyemi/.local/lib/python3.10/site-packages/airflow/example_dags/example_branch_operator_decorator.py
[2023-06-21T01:25:48.556+0100] {logging_mixin.py:149} INFO - [2023-06-21T01:25:48.556+0100] {dag.py:2726} INFO - Sync 1 DAGs
[2023-06-21T01:25:48.601+0100] {logging_mixin.py:149} INFO - [2023-06-21T01:25:48.601+0100] {dag.py:3486} INFO - Setting next_dagrun for example_branch_python_operator_decorator to 2023-06-20T00:00:00+00:00, run_after=2023-06-21T00:00:00+00:00
[2023-06-21T01:25:48.775+0100] {processor.py:179} INFO - Processing /home/opeyemi/.local/lib/python3.10/site-packages/airflow/example_dags/example_branch_operator_decorator.py took 0.318 seconds
[2023-06-21T01:27:23.202+0100] {processor.py:157} INFO - Started process (PID=21719) to work on /home/opeyemi/.local/lib/python3.10/site-packages/airflow/example_dags/example_branch_operator_decorator.py
[2023-06-21T01:27:24.422+0100] {processor.py:826} INFO - Processing file /home/opeyemi/.local/lib/python3.10/site-packages/airflow/example_dags/example_branch_operator_decorator.py for tasks to queue
[2023-06-21T01:27:24.426+0100] {logging_mixin.py:149} INFO - [2023-06-21T01:27:24.425+0100] {dagbag.py:541} INFO - Filling up the DagBag from /home/opeyemi/.local/lib/python3.10/site-packages/airflow/example_dags/example_branch_operator_decorator.py
[2023-06-21T01:27:24.523+0100] {processor.py:836} INFO - DAG(s) dict_keys(['example_branch_python_operator_decorator']) retrieved from /home/opeyemi/.local/lib/python3.10/site-packages/airflow/example_dags/example_branch_operator_decorator.py
[2023-06-21T01:27:24.665+0100] {logging_mixin.py:149} INFO - [2023-06-21T01:27:24.664+0100] {dag.py:2726} INFO - Sync 1 DAGs
[2023-06-21T01:27:24.775+0100] {logging_mixin.py:149} INFO - [2023-06-21T01:27:24.774+0100] {dag.py:3486} INFO - Setting next_dagrun for example_branch_python_operator_decorator to 2023-06-20T00:00:00+00:00, run_after=2023-06-21T00:00:00+00:00
[2023-06-21T01:27:25.716+0100] {processor.py:179} INFO - Processing /home/opeyemi/.local/lib/python3.10/site-packages/airflow/example_dags/example_branch_operator_decorator.py took 2.518 seconds
[2023-06-21T01:29:02.847+0100] {processor.py:157} INFO - Started process (PID=21833) to work on /home/opeyemi/.local/lib/python3.10/site-packages/airflow/example_dags/example_branch_operator_decorator.py
[2023-06-21T01:29:02.851+0100] {processor.py:826} INFO - Processing file /home/opeyemi/.local/lib/python3.10/site-packages/airflow/example_dags/example_branch_operator_decorator.py for tasks to queue
[2023-06-21T01:29:02.852+0100] {logging_mixin.py:149} INFO - [2023-06-21T01:29:02.852+0100] {dagbag.py:541} INFO - Filling up the DagBag from /home/opeyemi/.local/lib/python3.10/site-packages/airflow/example_dags/example_branch_operator_decorator.py
[2023-06-21T01:29:02.864+0100] {processor.py:836} INFO - DAG(s) dict_keys(['example_branch_python_operator_decorator']) retrieved from /home/opeyemi/.local/lib/python3.10/site-packages/airflow/example_dags/example_branch_operator_decorator.py
[2023-06-21T01:29:02.888+0100] {logging_mixin.py:149} INFO - [2023-06-21T01:29:02.888+0100] {dag.py:2726} INFO - Sync 1 DAGs
[2023-06-21T01:29:02.914+0100] {logging_mixin.py:149} INFO - [2023-06-21T01:29:02.914+0100] {dag.py:3486} INFO - Setting next_dagrun for example_branch_python_operator_decorator to 2023-06-20T00:00:00+00:00, run_after=2023-06-21T00:00:00+00:00
[2023-06-21T01:29:02.979+0100] {processor.py:179} INFO - Processing /home/opeyemi/.local/lib/python3.10/site-packages/airflow/example_dags/example_branch_operator_decorator.py took 0.138 seconds
[2023-06-21T01:30:00.997+0100] {processor.py:157} INFO - Started process (PID=21885) to work on /home/opeyemi/.local/lib/python3.10/site-packages/airflow/example_dags/example_branch_operator_decorator.py
[2023-06-21T01:30:01.008+0100] {processor.py:826} INFO - Processing file /home/opeyemi/.local/lib/python3.10/site-packages/airflow/example_dags/example_branch_operator_decorator.py for tasks to queue
[2023-06-21T01:30:01.009+0100] {logging_mixin.py:149} INFO - [2023-06-21T01:30:01.009+0100] {dagbag.py:541} INFO - Filling up the DagBag from /home/opeyemi/.local/lib/python3.10/site-packages/airflow/example_dags/example_branch_operator_decorator.py
[2023-06-21T01:30:01.022+0100] {processor.py:836} INFO - DAG(s) dict_keys(['example_branch_python_operator_decorator']) retrieved from /home/opeyemi/.local/lib/python3.10/site-packages/airflow/example_dags/example_branch_operator_decorator.py
[2023-06-21T01:30:01.052+0100] {logging_mixin.py:149} INFO - [2023-06-21T01:30:01.052+0100] {dag.py:2726} INFO - Sync 1 DAGs
[2023-06-21T01:30:01.089+0100] {logging_mixin.py:149} INFO - [2023-06-21T01:30:01.088+0100] {dag.py:3486} INFO - Setting next_dagrun for example_branch_python_operator_decorator to 2023-06-20T00:00:00+00:00, run_after=2023-06-21T00:00:00+00:00
[2023-06-21T01:30:01.207+0100] {processor.py:179} INFO - Processing /home/opeyemi/.local/lib/python3.10/site-packages/airflow/example_dags/example_branch_operator_decorator.py took 0.215 seconds
[2023-06-21T01:31:29.619+0100] {processor.py:157} INFO - Started process (PID=21958) to work on /home/opeyemi/.local/lib/python3.10/site-packages/airflow/example_dags/example_branch_operator_decorator.py
[2023-06-21T01:31:29.632+0100] {processor.py:826} INFO - Processing file /home/opeyemi/.local/lib/python3.10/site-packages/airflow/example_dags/example_branch_operator_decorator.py for tasks to queue
[2023-06-21T01:31:29.634+0100] {logging_mixin.py:149} INFO - [2023-06-21T01:31:29.634+0100] {dagbag.py:541} INFO - Filling up the DagBag from /home/opeyemi/.local/lib/python3.10/site-packages/airflow/example_dags/example_branch_operator_decorator.py
[2023-06-21T01:31:29.674+0100] {processor.py:836} INFO - DAG(s) dict_keys(['example_branch_python_operator_decorator']) retrieved from /home/opeyemi/.local/lib/python3.10/site-packages/airflow/example_dags/example_branch_operator_decorator.py
[2023-06-21T01:31:29.742+0100] {logging_mixin.py:149} INFO - [2023-06-21T01:31:29.741+0100] {dag.py:2726} INFO - Sync 1 DAGs
[2023-06-21T01:31:29.810+0100] {logging_mixin.py:149} INFO - [2023-06-21T01:31:29.809+0100] {dag.py:3486} INFO - Setting next_dagrun for example_branch_python_operator_decorator to 2023-06-20T00:00:00+00:00, run_after=2023-06-21T00:00:00+00:00
[2023-06-21T01:31:29.875+0100] {processor.py:179} INFO - Processing /home/opeyemi/.local/lib/python3.10/site-packages/airflow/example_dags/example_branch_operator_decorator.py took 0.266 seconds
[2023-06-21T01:32:31.897+0100] {processor.py:157} INFO - Started process (PID=22012) to work on /home/opeyemi/.local/lib/python3.10/site-packages/airflow/example_dags/example_branch_operator_decorator.py
[2023-06-21T01:32:31.911+0100] {processor.py:826} INFO - Processing file /home/opeyemi/.local/lib/python3.10/site-packages/airflow/example_dags/example_branch_operator_decorator.py for tasks to queue
[2023-06-21T01:32:31.913+0100] {logging_mixin.py:149} INFO - [2023-06-21T01:32:31.913+0100] {dagbag.py:541} INFO - Filling up the DagBag from /home/opeyemi/.local/lib/python3.10/site-packages/airflow/example_dags/example_branch_operator_decorator.py
[2023-06-21T01:32:31.954+0100] {processor.py:836} INFO - DAG(s) dict_keys(['example_branch_python_operator_decorator']) retrieved from /home/opeyemi/.local/lib/python3.10/site-packages/airflow/example_dags/example_branch_operator_decorator.py
[2023-06-21T01:32:32.082+0100] {logging_mixin.py:149} INFO - [2023-06-21T01:32:32.082+0100] {dag.py:2726} INFO - Sync 1 DAGs
[2023-06-21T01:32:32.150+0100] {logging_mixin.py:149} INFO - [2023-06-21T01:32:32.149+0100] {dag.py:3486} INFO - Setting next_dagrun for example_branch_python_operator_decorator to 2023-06-20T00:00:00+00:00, run_after=2023-06-21T00:00:00+00:00
[2023-06-21T01:32:32.248+0100] {processor.py:179} INFO - Processing /home/opeyemi/.local/lib/python3.10/site-packages/airflow/example_dags/example_branch_operator_decorator.py took 0.362 seconds
[2023-06-21T01:33:52.552+0100] {processor.py:157} INFO - Started process (PID=22189) to work on /home/opeyemi/.local/lib/python3.10/site-packages/airflow/example_dags/example_branch_operator_decorator.py
[2023-06-21T01:33:52.566+0100] {processor.py:826} INFO - Processing file /home/opeyemi/.local/lib/python3.10/site-packages/airflow/example_dags/example_branch_operator_decorator.py for tasks to queue
[2023-06-21T01:33:52.569+0100] {logging_mixin.py:149} INFO - [2023-06-21T01:33:52.569+0100] {dagbag.py:541} INFO - Filling up the DagBag from /home/opeyemi/.local/lib/python3.10/site-packages/airflow/example_dags/example_branch_operator_decorator.py
[2023-06-21T01:33:52.597+0100] {processor.py:836} INFO - DAG(s) dict_keys(['example_branch_python_operator_decorator']) retrieved from /home/opeyemi/.local/lib/python3.10/site-packages/airflow/example_dags/example_branch_operator_decorator.py
[2023-06-21T01:33:52.668+0100] {logging_mixin.py:149} INFO - [2023-06-21T01:33:52.668+0100] {dag.py:2726} INFO - Sync 1 DAGs
[2023-06-21T01:33:52.747+0100] {logging_mixin.py:149} INFO - [2023-06-21T01:33:52.746+0100] {dag.py:3486} INFO - Setting next_dagrun for example_branch_python_operator_decorator to 2023-06-20T00:00:00+00:00, run_after=2023-06-21T00:00:00+00:00
[2023-06-21T01:33:52.803+0100] {processor.py:179} INFO - Processing /home/opeyemi/.local/lib/python3.10/site-packages/airflow/example_dags/example_branch_operator_decorator.py took 0.260 seconds
[2023-06-21T01:35:10.914+0100] {processor.py:157} INFO - Started process (PID=22483) to work on /home/opeyemi/.local/lib/python3.10/site-packages/airflow/example_dags/example_branch_operator_decorator.py
[2023-06-21T01:35:10.920+0100] {processor.py:826} INFO - Processing file /home/opeyemi/.local/lib/python3.10/site-packages/airflow/example_dags/example_branch_operator_decorator.py for tasks to queue
[2023-06-21T01:35:10.923+0100] {logging_mixin.py:149} INFO - [2023-06-21T01:35:10.922+0100] {dagbag.py:541} INFO - Filling up the DagBag from /home/opeyemi/.local/lib/python3.10/site-packages/airflow/example_dags/example_branch_operator_decorator.py
[2023-06-21T01:35:10.944+0100] {processor.py:836} INFO - DAG(s) dict_keys(['example_branch_python_operator_decorator']) retrieved from /home/opeyemi/.local/lib/python3.10/site-packages/airflow/example_dags/example_branch_operator_decorator.py
[2023-06-21T01:35:10.984+0100] {logging_mixin.py:149} INFO - [2023-06-21T01:35:10.983+0100] {dag.py:2726} INFO - Sync 1 DAGs
[2023-06-21T01:35:11.025+0100] {logging_mixin.py:149} INFO - [2023-06-21T01:35:11.025+0100] {dag.py:3486} INFO - Setting next_dagrun for example_branch_python_operator_decorator to 2023-06-20T00:00:00+00:00, run_after=2023-06-21T00:00:00+00:00
[2023-06-21T01:35:11.088+0100] {processor.py:179} INFO - Processing /home/opeyemi/.local/lib/python3.10/site-packages/airflow/example_dags/example_branch_operator_decorator.py took 0.187 seconds
[2023-06-21T01:36:07.415+0100] {processor.py:157} INFO - Started process (PID=22719) to work on /home/opeyemi/.local/lib/python3.10/site-packages/airflow/example_dags/example_branch_operator_decorator.py
[2023-06-21T01:36:07.418+0100] {processor.py:826} INFO - Processing file /home/opeyemi/.local/lib/python3.10/site-packages/airflow/example_dags/example_branch_operator_decorator.py for tasks to queue
[2023-06-21T01:36:07.420+0100] {logging_mixin.py:149} INFO - [2023-06-21T01:36:07.419+0100] {dagbag.py:541} INFO - Filling up the DagBag from /home/opeyemi/.local/lib/python3.10/site-packages/airflow/example_dags/example_branch_operator_decorator.py
[2023-06-21T01:36:07.451+0100] {processor.py:836} INFO - DAG(s) dict_keys(['example_branch_python_operator_decorator']) retrieved from /home/opeyemi/.local/lib/python3.10/site-packages/airflow/example_dags/example_branch_operator_decorator.py
[2023-06-21T01:36:07.533+0100] {logging_mixin.py:149} INFO - [2023-06-21T01:36:07.532+0100] {dag.py:2726} INFO - Sync 1 DAGs
[2023-06-21T01:36:07.620+0100] {logging_mixin.py:149} INFO - [2023-06-21T01:36:07.619+0100] {dag.py:3486} INFO - Setting next_dagrun for example_branch_python_operator_decorator to 2023-06-20T00:00:00+00:00, run_after=2023-06-21T00:00:00+00:00
[2023-06-21T01:36:07.664+0100] {processor.py:179} INFO - Processing /home/opeyemi/.local/lib/python3.10/site-packages/airflow/example_dags/example_branch_operator_decorator.py took 0.255 seconds
[2023-06-21T01:37:03.267+0100] {processor.py:157} INFO - Started process (PID=22777) to work on /home/opeyemi/.local/lib/python3.10/site-packages/airflow/example_dags/example_branch_operator_decorator.py
[2023-06-21T01:37:03.278+0100] {processor.py:826} INFO - Processing file /home/opeyemi/.local/lib/python3.10/site-packages/airflow/example_dags/example_branch_operator_decorator.py for tasks to queue
[2023-06-21T01:37:03.283+0100] {logging_mixin.py:149} INFO - [2023-06-21T01:37:03.283+0100] {dagbag.py:541} INFO - Filling up the DagBag from /home/opeyemi/.local/lib/python3.10/site-packages/airflow/example_dags/example_branch_operator_decorator.py
[2023-06-21T01:37:03.332+0100] {processor.py:836} INFO - DAG(s) dict_keys(['example_branch_python_operator_decorator']) retrieved from /home/opeyemi/.local/lib/python3.10/site-packages/airflow/example_dags/example_branch_operator_decorator.py
[2023-06-21T01:37:03.381+0100] {logging_mixin.py:149} INFO - [2023-06-21T01:37:03.381+0100] {dag.py:2726} INFO - Sync 1 DAGs
[2023-06-21T01:37:03.432+0100] {logging_mixin.py:149} INFO - [2023-06-21T01:37:03.431+0100] {dag.py:3486} INFO - Setting next_dagrun for example_branch_python_operator_decorator to 2023-06-20T00:00:00+00:00, run_after=2023-06-21T00:00:00+00:00
[2023-06-21T01:37:03.478+0100] {processor.py:179} INFO - Processing /home/opeyemi/.local/lib/python3.10/site-packages/airflow/example_dags/example_branch_operator_decorator.py took 0.242 seconds
[2023-06-21T01:38:01.509+0100] {processor.py:157} INFO - Started process (PID=23114) to work on /home/opeyemi/.local/lib/python3.10/site-packages/airflow/example_dags/example_branch_operator_decorator.py
[2023-06-21T01:38:01.512+0100] {processor.py:826} INFO - Processing file /home/opeyemi/.local/lib/python3.10/site-packages/airflow/example_dags/example_branch_operator_decorator.py for tasks to queue
[2023-06-21T01:38:01.514+0100] {logging_mixin.py:149} INFO - [2023-06-21T01:38:01.514+0100] {dagbag.py:541} INFO - Filling up the DagBag from /home/opeyemi/.local/lib/python3.10/site-packages/airflow/example_dags/example_branch_operator_decorator.py
[2023-06-21T01:38:01.550+0100] {processor.py:836} INFO - DAG(s) dict_keys(['example_branch_python_operator_decorator']) retrieved from /home/opeyemi/.local/lib/python3.10/site-packages/airflow/example_dags/example_branch_operator_decorator.py
[2023-06-21T01:38:01.616+0100] {logging_mixin.py:149} INFO - [2023-06-21T01:38:01.616+0100] {dag.py:2726} INFO - Sync 1 DAGs
[2023-06-21T01:38:01.650+0100] {logging_mixin.py:149} INFO - [2023-06-21T01:38:01.650+0100] {dag.py:3486} INFO - Setting next_dagrun for example_branch_python_operator_decorator to 2023-06-20T00:00:00+00:00, run_after=2023-06-21T00:00:00+00:00
[2023-06-21T01:38:01.684+0100] {processor.py:179} INFO - Processing /home/opeyemi/.local/lib/python3.10/site-packages/airflow/example_dags/example_branch_operator_decorator.py took 0.185 seconds
[2023-06-21T01:38:57.047+0100] {processor.py:157} INFO - Started process (PID=23285) to work on /home/opeyemi/.local/lib/python3.10/site-packages/airflow/example_dags/example_branch_operator_decorator.py
[2023-06-21T01:38:57.051+0100] {processor.py:826} INFO - Processing file /home/opeyemi/.local/lib/python3.10/site-packages/airflow/example_dags/example_branch_operator_decorator.py for tasks to queue
[2023-06-21T01:38:57.053+0100] {logging_mixin.py:149} INFO - [2023-06-21T01:38:57.053+0100] {dagbag.py:541} INFO - Filling up the DagBag from /home/opeyemi/.local/lib/python3.10/site-packages/airflow/example_dags/example_branch_operator_decorator.py
[2023-06-21T01:38:57.087+0100] {processor.py:836} INFO - DAG(s) dict_keys(['example_branch_python_operator_decorator']) retrieved from /home/opeyemi/.local/lib/python3.10/site-packages/airflow/example_dags/example_branch_operator_decorator.py
[2023-06-21T01:38:57.165+0100] {logging_mixin.py:149} INFO - [2023-06-21T01:38:57.165+0100] {dag.py:2726} INFO - Sync 1 DAGs
[2023-06-21T01:38:57.250+0100] {logging_mixin.py:149} INFO - [2023-06-21T01:38:57.250+0100] {dag.py:3486} INFO - Setting next_dagrun for example_branch_python_operator_decorator to 2023-06-20T00:00:00+00:00, run_after=2023-06-21T00:00:00+00:00
[2023-06-21T01:38:57.322+0100] {processor.py:179} INFO - Processing /home/opeyemi/.local/lib/python3.10/site-packages/airflow/example_dags/example_branch_operator_decorator.py took 0.286 seconds
[2023-06-21T01:40:14.775+0100] {processor.py:157} INFO - Started process (PID=23361) to work on /home/opeyemi/.local/lib/python3.10/site-packages/airflow/example_dags/example_branch_operator_decorator.py
[2023-06-21T01:40:14.778+0100] {processor.py:826} INFO - Processing file /home/opeyemi/.local/lib/python3.10/site-packages/airflow/example_dags/example_branch_operator_decorator.py for tasks to queue
[2023-06-21T01:40:14.780+0100] {logging_mixin.py:149} INFO - [2023-06-21T01:40:14.780+0100] {dagbag.py:541} INFO - Filling up the DagBag from /home/opeyemi/.local/lib/python3.10/site-packages/airflow/example_dags/example_branch_operator_decorator.py
[2023-06-21T01:40:14.807+0100] {processor.py:836} INFO - DAG(s) dict_keys(['example_branch_python_operator_decorator']) retrieved from /home/opeyemi/.local/lib/python3.10/site-packages/airflow/example_dags/example_branch_operator_decorator.py
[2023-06-21T01:40:14.862+0100] {logging_mixin.py:149} INFO - [2023-06-21T01:40:14.861+0100] {dag.py:2726} INFO - Sync 1 DAGs
[2023-06-21T01:40:14.897+0100] {logging_mixin.py:149} INFO - [2023-06-21T01:40:14.896+0100] {dag.py:3486} INFO - Setting next_dagrun for example_branch_python_operator_decorator to 2023-06-20T00:00:00+00:00, run_after=2023-06-21T00:00:00+00:00
[2023-06-21T01:40:14.938+0100] {processor.py:179} INFO - Processing /home/opeyemi/.local/lib/python3.10/site-packages/airflow/example_dags/example_branch_operator_decorator.py took 0.174 seconds
