[2023-06-21T01:00:09.419+0100] {processor.py:157} INFO - Started process (PID=20522) to work on /home/opeyemi/.local/lib/python3.10/site-packages/airflow/example_dags/example_time_delta_sensor_async.py
[2023-06-21T01:00:09.424+0100] {processor.py:826} INFO - Processing file /home/opeyemi/.local/lib/python3.10/site-packages/airflow/example_dags/example_time_delta_sensor_async.py for tasks to queue
[2023-06-21T01:00:09.427+0100] {logging_mixin.py:149} INFO - [2023-06-21T01:00:09.426+0100] {dagbag.py:541} INFO - Filling up the DagBag from /home/opeyemi/.local/lib/python3.10/site-packages/airflow/example_dags/example_time_delta_sensor_async.py
[2023-06-21T01:00:09.454+0100] {processor.py:836} INFO - DAG(s) dict_keys(['example_time_delta_sensor_async']) retrieved from /home/opeyemi/.local/lib/python3.10/site-packages/airflow/example_dags/example_time_delta_sensor_async.py
[2023-06-21T01:00:09.541+0100] {logging_mixin.py:149} INFO - [2023-06-21T01:00:09.540+0100] {dag.py:2726} INFO - Sync 1 DAGs
[2023-06-21T01:00:09.641+0100] {logging_mixin.py:149} INFO - [2023-06-21T01:00:09.640+0100] {dag.py:3486} INFO - Setting next_dagrun for example_time_delta_sensor_async to None, run_after=None
[2023-06-21T01:00:10.038+0100] {processor.py:179} INFO - Processing /home/opeyemi/.local/lib/python3.10/site-packages/airflow/example_dags/example_time_delta_sensor_async.py took 0.641 seconds
[2023-06-21T01:02:25.597+0100] {processor.py:157} INFO - Started process (PID=20600) to work on /home/opeyemi/.local/lib/python3.10/site-packages/airflow/example_dags/example_time_delta_sensor_async.py
[2023-06-21T01:02:25.707+0100] {processor.py:826} INFO - Processing file /home/opeyemi/.local/lib/python3.10/site-packages/airflow/example_dags/example_time_delta_sensor_async.py for tasks to queue
[2023-06-21T01:02:25.715+0100] {logging_mixin.py:149} INFO - [2023-06-21T01:02:25.711+0100] {dagbag.py:541} INFO - Filling up the DagBag from /home/opeyemi/.local/lib/python3.10/site-packages/airflow/example_dags/example_time_delta_sensor_async.py
[2023-06-21T01:02:25.747+0100] {processor.py:836} INFO - DAG(s) dict_keys(['example_time_delta_sensor_async']) retrieved from /home/opeyemi/.local/lib/python3.10/site-packages/airflow/example_dags/example_time_delta_sensor_async.py
[2023-06-21T01:02:25.928+0100] {logging_mixin.py:149} INFO - [2023-06-21T01:02:25.927+0100] {dag.py:2726} INFO - Sync 1 DAGs
[2023-06-21T01:02:26.083+0100] {logging_mixin.py:149} INFO - [2023-06-21T01:02:26.083+0100] {dag.py:3486} INFO - Setting next_dagrun for example_time_delta_sensor_async to None, run_after=None
[2023-06-21T01:02:26.343+0100] {processor.py:179} INFO - Processing /home/opeyemi/.local/lib/python3.10/site-packages/airflow/example_dags/example_time_delta_sensor_async.py took 0.754 seconds
[2023-06-21T01:05:09.533+0100] {processor.py:157} INFO - Started process (PID=20678) to work on /home/opeyemi/.local/lib/python3.10/site-packages/airflow/example_dags/example_time_delta_sensor_async.py
[2023-06-21T01:05:09.536+0100] {processor.py:826} INFO - Processing file /home/opeyemi/.local/lib/python3.10/site-packages/airflow/example_dags/example_time_delta_sensor_async.py for tasks to queue
[2023-06-21T01:05:09.537+0100] {logging_mixin.py:149} INFO - [2023-06-21T01:05:09.537+0100] {dagbag.py:541} INFO - Filling up the DagBag from /home/opeyemi/.local/lib/python3.10/site-packages/airflow/example_dags/example_time_delta_sensor_async.py
[2023-06-21T01:05:09.553+0100] {processor.py:836} INFO - DAG(s) dict_keys(['example_time_delta_sensor_async']) retrieved from /home/opeyemi/.local/lib/python3.10/site-packages/airflow/example_dags/example_time_delta_sensor_async.py
[2023-06-21T01:05:09.644+0100] {logging_mixin.py:149} INFO - [2023-06-21T01:05:09.634+0100] {dag.py:2726} INFO - Sync 1 DAGs
[2023-06-21T01:05:09.729+0100] {logging_mixin.py:149} INFO - [2023-06-21T01:05:09.728+0100] {dag.py:3486} INFO - Setting next_dagrun for example_time_delta_sensor_async to None, run_after=None
[2023-06-21T01:05:09.838+0100] {processor.py:179} INFO - Processing /home/opeyemi/.local/lib/python3.10/site-packages/airflow/example_dags/example_time_delta_sensor_async.py took 0.318 seconds
[2023-06-21T01:07:26.822+0100] {processor.py:157} INFO - Started process (PID=20746) to work on /home/opeyemi/.local/lib/python3.10/site-packages/airflow/example_dags/example_time_delta_sensor_async.py
[2023-06-21T01:07:26.919+0100] {processor.py:826} INFO - Processing file /home/opeyemi/.local/lib/python3.10/site-packages/airflow/example_dags/example_time_delta_sensor_async.py for tasks to queue
[2023-06-21T01:07:26.922+0100] {logging_mixin.py:149} INFO - [2023-06-21T01:07:26.921+0100] {dagbag.py:541} INFO - Filling up the DagBag from /home/opeyemi/.local/lib/python3.10/site-packages/airflow/example_dags/example_time_delta_sensor_async.py
[2023-06-21T01:07:26.940+0100] {processor.py:836} INFO - DAG(s) dict_keys(['example_time_delta_sensor_async']) retrieved from /home/opeyemi/.local/lib/python3.10/site-packages/airflow/example_dags/example_time_delta_sensor_async.py
[2023-06-21T01:07:27.050+0100] {logging_mixin.py:149} INFO - [2023-06-21T01:07:27.050+0100] {dag.py:2726} INFO - Sync 1 DAGs
[2023-06-21T01:07:27.143+0100] {logging_mixin.py:149} INFO - [2023-06-21T01:07:27.143+0100] {dag.py:3486} INFO - Setting next_dagrun for example_time_delta_sensor_async to None, run_after=None
[2023-06-21T01:07:27.248+0100] {processor.py:179} INFO - Processing /home/opeyemi/.local/lib/python3.10/site-packages/airflow/example_dags/example_time_delta_sensor_async.py took 0.442 seconds
[2023-06-21T01:09:02.146+0100] {processor.py:157} INFO - Started process (PID=20825) to work on /home/opeyemi/.local/lib/python3.10/site-packages/airflow/example_dags/example_time_delta_sensor_async.py
[2023-06-21T01:09:08.520+0100] {processor.py:826} INFO - Processing file /home/opeyemi/.local/lib/python3.10/site-packages/airflow/example_dags/example_time_delta_sensor_async.py for tasks to queue
[2023-06-21T01:09:08.524+0100] {logging_mixin.py:149} INFO - [2023-06-21T01:09:08.523+0100] {dagbag.py:541} INFO - Filling up the DagBag from /home/opeyemi/.local/lib/python3.10/site-packages/airflow/example_dags/example_time_delta_sensor_async.py
[2023-06-21T01:09:08.565+0100] {processor.py:836} INFO - DAG(s) dict_keys(['example_time_delta_sensor_async']) retrieved from /home/opeyemi/.local/lib/python3.10/site-packages/airflow/example_dags/example_time_delta_sensor_async.py
[2023-06-21T01:09:08.694+0100] {logging_mixin.py:149} INFO - [2023-06-21T01:09:08.694+0100] {dag.py:2726} INFO - Sync 1 DAGs
[2023-06-21T01:09:08.727+0100] {logging_mixin.py:149} INFO - [2023-06-21T01:09:08.727+0100] {dag.py:3486} INFO - Setting next_dagrun for example_time_delta_sensor_async to None, run_after=None
[2023-06-21T01:09:23.523+0100] {processor.py:179} INFO - Processing /home/opeyemi/.local/lib/python3.10/site-packages/airflow/example_dags/example_time_delta_sensor_async.py took 21.382 seconds
[2023-06-21T01:11:19.204+0100] {processor.py:157} INFO - Started process (PID=20892) to work on /home/opeyemi/.local/lib/python3.10/site-packages/airflow/example_dags/example_time_delta_sensor_async.py
[2023-06-21T01:11:19.206+0100] {processor.py:826} INFO - Processing file /home/opeyemi/.local/lib/python3.10/site-packages/airflow/example_dags/example_time_delta_sensor_async.py for tasks to queue
[2023-06-21T01:11:19.208+0100] {logging_mixin.py:149} INFO - [2023-06-21T01:11:19.207+0100] {dagbag.py:541} INFO - Filling up the DagBag from /home/opeyemi/.local/lib/python3.10/site-packages/airflow/example_dags/example_time_delta_sensor_async.py
[2023-06-21T01:11:19.222+0100] {processor.py:836} INFO - DAG(s) dict_keys(['example_time_delta_sensor_async']) retrieved from /home/opeyemi/.local/lib/python3.10/site-packages/airflow/example_dags/example_time_delta_sensor_async.py
[2023-06-21T01:11:19.265+0100] {logging_mixin.py:149} INFO - [2023-06-21T01:11:19.264+0100] {dag.py:2726} INFO - Sync 1 DAGs
[2023-06-21T01:11:19.305+0100] {logging_mixin.py:149} INFO - [2023-06-21T01:11:19.305+0100] {dag.py:3486} INFO - Setting next_dagrun for example_time_delta_sensor_async to None, run_after=None
[2023-06-21T01:11:19.402+0100] {processor.py:179} INFO - Processing /home/opeyemi/.local/lib/python3.10/site-packages/airflow/example_dags/example_time_delta_sensor_async.py took 0.206 seconds
[2023-06-21T01:13:31.271+0100] {processor.py:157} INFO - Started process (PID=20988) to work on /home/opeyemi/.local/lib/python3.10/site-packages/airflow/example_dags/example_time_delta_sensor_async.py
[2023-06-21T01:13:31.322+0100] {processor.py:826} INFO - Processing file /home/opeyemi/.local/lib/python3.10/site-packages/airflow/example_dags/example_time_delta_sensor_async.py for tasks to queue
[2023-06-21T01:13:31.323+0100] {logging_mixin.py:149} INFO - [2023-06-21T01:13:31.323+0100] {dagbag.py:541} INFO - Filling up the DagBag from /home/opeyemi/.local/lib/python3.10/site-packages/airflow/example_dags/example_time_delta_sensor_async.py
[2023-06-21T01:13:31.339+0100] {processor.py:836} INFO - DAG(s) dict_keys(['example_time_delta_sensor_async']) retrieved from /home/opeyemi/.local/lib/python3.10/site-packages/airflow/example_dags/example_time_delta_sensor_async.py
[2023-06-21T01:13:31.370+0100] {logging_mixin.py:149} INFO - [2023-06-21T01:13:31.370+0100] {dag.py:2726} INFO - Sync 1 DAGs
[2023-06-21T01:13:31.394+0100] {logging_mixin.py:149} INFO - [2023-06-21T01:13:31.394+0100] {dag.py:3486} INFO - Setting next_dagrun for example_time_delta_sensor_async to None, run_after=None
[2023-06-21T01:13:32.072+0100] {processor.py:179} INFO - Processing /home/opeyemi/.local/lib/python3.10/site-packages/airflow/example_dags/example_time_delta_sensor_async.py took 0.818 seconds
[2023-06-21T01:16:25.919+0100] {processor.py:157} INFO - Started process (PID=21057) to work on /home/opeyemi/.local/lib/python3.10/site-packages/airflow/example_dags/example_time_delta_sensor_async.py
[2023-06-21T01:16:26.231+0100] {processor.py:826} INFO - Processing file /home/opeyemi/.local/lib/python3.10/site-packages/airflow/example_dags/example_time_delta_sensor_async.py for tasks to queue
[2023-06-21T01:16:26.233+0100] {logging_mixin.py:149} INFO - [2023-06-21T01:16:26.232+0100] {dagbag.py:541} INFO - Filling up the DagBag from /home/opeyemi/.local/lib/python3.10/site-packages/airflow/example_dags/example_time_delta_sensor_async.py
[2023-06-21T01:16:26.246+0100] {processor.py:836} INFO - DAG(s) dict_keys(['example_time_delta_sensor_async']) retrieved from /home/opeyemi/.local/lib/python3.10/site-packages/airflow/example_dags/example_time_delta_sensor_async.py
[2023-06-21T01:16:26.300+0100] {logging_mixin.py:149} INFO - [2023-06-21T01:16:26.300+0100] {dag.py:2726} INFO - Sync 1 DAGs
[2023-06-21T01:16:26.353+0100] {logging_mixin.py:149} INFO - [2023-06-21T01:16:26.353+0100] {dag.py:3486} INFO - Setting next_dagrun for example_time_delta_sensor_async to None, run_after=None
[2023-06-21T01:16:26.413+0100] {processor.py:179} INFO - Processing /home/opeyemi/.local/lib/python3.10/site-packages/airflow/example_dags/example_time_delta_sensor_async.py took 0.507 seconds
[2023-06-21T01:17:41.889+0100] {processor.py:157} INFO - Started process (PID=21116) to work on /home/opeyemi/.local/lib/python3.10/site-packages/airflow/example_dags/example_time_delta_sensor_async.py
[2023-06-21T01:17:41.962+0100] {processor.py:826} INFO - Processing file /home/opeyemi/.local/lib/python3.10/site-packages/airflow/example_dags/example_time_delta_sensor_async.py for tasks to queue
[2023-06-21T01:17:41.965+0100] {logging_mixin.py:149} INFO - [2023-06-21T01:17:41.965+0100] {dagbag.py:541} INFO - Filling up the DagBag from /home/opeyemi/.local/lib/python3.10/site-packages/airflow/example_dags/example_time_delta_sensor_async.py
[2023-06-21T01:17:41.994+0100] {processor.py:836} INFO - DAG(s) dict_keys(['example_time_delta_sensor_async']) retrieved from /home/opeyemi/.local/lib/python3.10/site-packages/airflow/example_dags/example_time_delta_sensor_async.py
[2023-06-21T01:17:42.110+0100] {logging_mixin.py:149} INFO - [2023-06-21T01:17:42.109+0100] {dag.py:2726} INFO - Sync 1 DAGs
[2023-06-21T01:17:42.204+0100] {logging_mixin.py:149} INFO - [2023-06-21T01:17:42.204+0100] {dag.py:3486} INFO - Setting next_dagrun for example_time_delta_sensor_async to None, run_after=None
[2023-06-21T01:17:42.271+0100] {processor.py:179} INFO - Processing /home/opeyemi/.local/lib/python3.10/site-packages/airflow/example_dags/example_time_delta_sensor_async.py took 0.393 seconds
[2023-06-21T01:18:57.851+0100] {processor.py:157} INFO - Started process (PID=21175) to work on /home/opeyemi/.local/lib/python3.10/site-packages/airflow/example_dags/example_time_delta_sensor_async.py
[2023-06-21T01:18:57.899+0100] {processor.py:826} INFO - Processing file /home/opeyemi/.local/lib/python3.10/site-packages/airflow/example_dags/example_time_delta_sensor_async.py for tasks to queue
[2023-06-21T01:18:57.902+0100] {logging_mixin.py:149} INFO - [2023-06-21T01:18:57.901+0100] {dagbag.py:541} INFO - Filling up the DagBag from /home/opeyemi/.local/lib/python3.10/site-packages/airflow/example_dags/example_time_delta_sensor_async.py
[2023-06-21T01:18:57.921+0100] {processor.py:836} INFO - DAG(s) dict_keys(['example_time_delta_sensor_async']) retrieved from /home/opeyemi/.local/lib/python3.10/site-packages/airflow/example_dags/example_time_delta_sensor_async.py
[2023-06-21T01:18:58.010+0100] {logging_mixin.py:149} INFO - [2023-06-21T01:18:58.009+0100] {dag.py:2726} INFO - Sync 1 DAGs
[2023-06-21T01:18:58.076+0100] {logging_mixin.py:149} INFO - [2023-06-21T01:18:58.075+0100] {dag.py:3486} INFO - Setting next_dagrun for example_time_delta_sensor_async to None, run_after=None
[2023-06-21T01:18:58.351+0100] {processor.py:179} INFO - Processing /home/opeyemi/.local/lib/python3.10/site-packages/airflow/example_dags/example_time_delta_sensor_async.py took 0.508 seconds
[2023-06-21T01:20:15.091+0100] {processor.py:157} INFO - Started process (PID=21233) to work on /home/opeyemi/.local/lib/python3.10/site-packages/airflow/example_dags/example_time_delta_sensor_async.py
[2023-06-21T01:20:15.180+0100] {processor.py:826} INFO - Processing file /home/opeyemi/.local/lib/python3.10/site-packages/airflow/example_dags/example_time_delta_sensor_async.py for tasks to queue
[2023-06-21T01:20:15.182+0100] {logging_mixin.py:149} INFO - [2023-06-21T01:20:15.182+0100] {dagbag.py:541} INFO - Filling up the DagBag from /home/opeyemi/.local/lib/python3.10/site-packages/airflow/example_dags/example_time_delta_sensor_async.py
[2023-06-21T01:20:15.195+0100] {processor.py:836} INFO - DAG(s) dict_keys(['example_time_delta_sensor_async']) retrieved from /home/opeyemi/.local/lib/python3.10/site-packages/airflow/example_dags/example_time_delta_sensor_async.py
[2023-06-21T01:20:15.260+0100] {logging_mixin.py:149} INFO - [2023-06-21T01:20:15.259+0100] {dag.py:2726} INFO - Sync 1 DAGs
[2023-06-21T01:20:15.303+0100] {logging_mixin.py:149} INFO - [2023-06-21T01:20:15.302+0100] {dag.py:3486} INFO - Setting next_dagrun for example_time_delta_sensor_async to None, run_after=None
[2023-06-21T01:20:15.523+0100] {processor.py:179} INFO - Processing /home/opeyemi/.local/lib/python3.10/site-packages/airflow/example_dags/example_time_delta_sensor_async.py took 0.440 seconds
[2023-06-21T01:21:57.737+0100] {processor.py:157} INFO - Started process (PID=21276) to work on /home/opeyemi/.local/lib/python3.10/site-packages/airflow/example_dags/example_time_delta_sensor_async.py
[2023-06-21T01:21:57.777+0100] {processor.py:826} INFO - Processing file /home/opeyemi/.local/lib/python3.10/site-packages/airflow/example_dags/example_time_delta_sensor_async.py for tasks to queue
[2023-06-21T01:21:57.779+0100] {logging_mixin.py:149} INFO - [2023-06-21T01:21:57.778+0100] {dagbag.py:541} INFO - Filling up the DagBag from /home/opeyemi/.local/lib/python3.10/site-packages/airflow/example_dags/example_time_delta_sensor_async.py
[2023-06-21T01:21:57.786+0100] {processor.py:836} INFO - DAG(s) dict_keys(['example_time_delta_sensor_async']) retrieved from /home/opeyemi/.local/lib/python3.10/site-packages/airflow/example_dags/example_time_delta_sensor_async.py
[2023-06-21T01:21:57.821+0100] {logging_mixin.py:149} INFO - [2023-06-21T01:21:57.821+0100] {dag.py:2726} INFO - Sync 1 DAGs
[2023-06-21T01:21:57.844+0100] {logging_mixin.py:149} INFO - [2023-06-21T01:21:57.844+0100] {dag.py:3486} INFO - Setting next_dagrun for example_time_delta_sensor_async to None, run_after=None
[2023-06-21T01:21:57.973+0100] {processor.py:179} INFO - Processing /home/opeyemi/.local/lib/python3.10/site-packages/airflow/example_dags/example_time_delta_sensor_async.py took 0.242 seconds
[2023-06-21T01:23:06.008+0100] {processor.py:157} INFO - Started process (PID=21321) to work on /home/opeyemi/.local/lib/python3.10/site-packages/airflow/example_dags/example_time_delta_sensor_async.py
[2023-06-21T01:23:06.108+0100] {processor.py:826} INFO - Processing file /home/opeyemi/.local/lib/python3.10/site-packages/airflow/example_dags/example_time_delta_sensor_async.py for tasks to queue
[2023-06-21T01:23:06.111+0100] {logging_mixin.py:149} INFO - [2023-06-21T01:23:06.110+0100] {dagbag.py:541} INFO - Filling up the DagBag from /home/opeyemi/.local/lib/python3.10/site-packages/airflow/example_dags/example_time_delta_sensor_async.py
[2023-06-21T01:23:06.153+0100] {processor.py:836} INFO - DAG(s) dict_keys(['example_time_delta_sensor_async']) retrieved from /home/opeyemi/.local/lib/python3.10/site-packages/airflow/example_dags/example_time_delta_sensor_async.py
[2023-06-21T01:23:06.256+0100] {logging_mixin.py:149} INFO - [2023-06-21T01:23:06.255+0100] {dag.py:2726} INFO - Sync 1 DAGs
[2023-06-21T01:23:06.304+0100] {logging_mixin.py:149} INFO - [2023-06-21T01:23:06.303+0100] {dag.py:3486} INFO - Setting next_dagrun for example_time_delta_sensor_async to None, run_after=None
[2023-06-21T01:23:06.598+0100] {processor.py:179} INFO - Processing /home/opeyemi/.local/lib/python3.10/site-packages/airflow/example_dags/example_time_delta_sensor_async.py took 0.597 seconds
[2023-06-21T01:24:39.803+0100] {processor.py:157} INFO - Started process (PID=21469) to work on /home/opeyemi/.local/lib/python3.10/site-packages/airflow/example_dags/example_time_delta_sensor_async.py
[2023-06-21T01:24:39.806+0100] {processor.py:826} INFO - Processing file /home/opeyemi/.local/lib/python3.10/site-packages/airflow/example_dags/example_time_delta_sensor_async.py for tasks to queue
[2023-06-21T01:24:39.808+0100] {logging_mixin.py:149} INFO - [2023-06-21T01:24:39.807+0100] {dagbag.py:541} INFO - Filling up the DagBag from /home/opeyemi/.local/lib/python3.10/site-packages/airflow/example_dags/example_time_delta_sensor_async.py
[2023-06-21T01:24:39.814+0100] {processor.py:836} INFO - DAG(s) dict_keys(['example_time_delta_sensor_async']) retrieved from /home/opeyemi/.local/lib/python3.10/site-packages/airflow/example_dags/example_time_delta_sensor_async.py
[2023-06-21T01:24:39.854+0100] {logging_mixin.py:149} INFO - [2023-06-21T01:24:39.854+0100] {dag.py:2726} INFO - Sync 1 DAGs
[2023-06-21T01:24:39.888+0100] {logging_mixin.py:149} INFO - [2023-06-21T01:24:39.888+0100] {dag.py:3486} INFO - Setting next_dagrun for example_time_delta_sensor_async to None, run_after=None
[2023-06-21T01:24:39.947+0100] {processor.py:179} INFO - Processing /home/opeyemi/.local/lib/python3.10/site-packages/airflow/example_dags/example_time_delta_sensor_async.py took 0.154 seconds
[2023-06-21T01:25:43.691+0100] {processor.py:157} INFO - Started process (PID=21653) to work on /home/opeyemi/.local/lib/python3.10/site-packages/airflow/example_dags/example_time_delta_sensor_async.py
[2023-06-21T01:25:43.781+0100] {processor.py:826} INFO - Processing file /home/opeyemi/.local/lib/python3.10/site-packages/airflow/example_dags/example_time_delta_sensor_async.py for tasks to queue
[2023-06-21T01:25:43.785+0100] {logging_mixin.py:149} INFO - [2023-06-21T01:25:43.784+0100] {dagbag.py:541} INFO - Filling up the DagBag from /home/opeyemi/.local/lib/python3.10/site-packages/airflow/example_dags/example_time_delta_sensor_async.py
[2023-06-21T01:25:43.818+0100] {processor.py:836} INFO - DAG(s) dict_keys(['example_time_delta_sensor_async']) retrieved from /home/opeyemi/.local/lib/python3.10/site-packages/airflow/example_dags/example_time_delta_sensor_async.py
[2023-06-21T01:25:43.955+0100] {logging_mixin.py:149} INFO - [2023-06-21T01:25:43.954+0100] {dag.py:2726} INFO - Sync 1 DAGs
[2023-06-21T01:25:44.016+0100] {logging_mixin.py:149} INFO - [2023-06-21T01:25:44.016+0100] {dag.py:3486} INFO - Setting next_dagrun for example_time_delta_sensor_async to None, run_after=None
[2023-06-21T01:25:44.069+0100] {processor.py:179} INFO - Processing /home/opeyemi/.local/lib/python3.10/site-packages/airflow/example_dags/example_time_delta_sensor_async.py took 0.397 seconds
[2023-06-21T01:27:18.370+0100] {processor.py:157} INFO - Started process (PID=21716) to work on /home/opeyemi/.local/lib/python3.10/site-packages/airflow/example_dags/example_time_delta_sensor_async.py
[2023-06-21T01:27:18.385+0100] {processor.py:826} INFO - Processing file /home/opeyemi/.local/lib/python3.10/site-packages/airflow/example_dags/example_time_delta_sensor_async.py for tasks to queue
[2023-06-21T01:27:18.386+0100] {logging_mixin.py:149} INFO - [2023-06-21T01:27:18.386+0100] {dagbag.py:541} INFO - Filling up the DagBag from /home/opeyemi/.local/lib/python3.10/site-packages/airflow/example_dags/example_time_delta_sensor_async.py
[2023-06-21T01:27:18.394+0100] {processor.py:836} INFO - DAG(s) dict_keys(['example_time_delta_sensor_async']) retrieved from /home/opeyemi/.local/lib/python3.10/site-packages/airflow/example_dags/example_time_delta_sensor_async.py
[2023-06-21T01:27:18.435+0100] {logging_mixin.py:149} INFO - [2023-06-21T01:27:18.435+0100] {dag.py:2726} INFO - Sync 1 DAGs
[2023-06-21T01:27:18.484+0100] {logging_mixin.py:149} INFO - [2023-06-21T01:27:18.483+0100] {dag.py:3486} INFO - Setting next_dagrun for example_time_delta_sensor_async to None, run_after=None
[2023-06-21T01:27:18.706+0100] {processor.py:179} INFO - Processing /home/opeyemi/.local/lib/python3.10/site-packages/airflow/example_dags/example_time_delta_sensor_async.py took 0.348 seconds
[2023-06-21T01:28:59.065+0100] {processor.py:157} INFO - Started process (PID=21830) to work on /home/opeyemi/.local/lib/python3.10/site-packages/airflow/example_dags/example_time_delta_sensor_async.py
[2023-06-21T01:28:59.076+0100] {processor.py:826} INFO - Processing file /home/opeyemi/.local/lib/python3.10/site-packages/airflow/example_dags/example_time_delta_sensor_async.py for tasks to queue
[2023-06-21T01:28:59.077+0100] {logging_mixin.py:149} INFO - [2023-06-21T01:28:59.077+0100] {dagbag.py:541} INFO - Filling up the DagBag from /home/opeyemi/.local/lib/python3.10/site-packages/airflow/example_dags/example_time_delta_sensor_async.py
[2023-06-21T01:28:59.089+0100] {processor.py:836} INFO - DAG(s) dict_keys(['example_time_delta_sensor_async']) retrieved from /home/opeyemi/.local/lib/python3.10/site-packages/airflow/example_dags/example_time_delta_sensor_async.py
[2023-06-21T01:28:59.138+0100] {logging_mixin.py:149} INFO - [2023-06-21T01:28:59.137+0100] {dag.py:2726} INFO - Sync 1 DAGs
[2023-06-21T01:28:59.181+0100] {logging_mixin.py:149} INFO - [2023-06-21T01:28:59.181+0100] {dag.py:3486} INFO - Setting next_dagrun for example_time_delta_sensor_async to None, run_after=None
[2023-06-21T01:28:59.239+0100] {processor.py:179} INFO - Processing /home/opeyemi/.local/lib/python3.10/site-packages/airflow/example_dags/example_time_delta_sensor_async.py took 0.189 seconds
[2023-06-21T01:29:57.037+0100] {processor.py:157} INFO - Started process (PID=21881) to work on /home/opeyemi/.local/lib/python3.10/site-packages/airflow/example_dags/example_time_delta_sensor_async.py
[2023-06-21T01:29:57.046+0100] {processor.py:826} INFO - Processing file /home/opeyemi/.local/lib/python3.10/site-packages/airflow/example_dags/example_time_delta_sensor_async.py for tasks to queue
[2023-06-21T01:29:57.049+0100] {logging_mixin.py:149} INFO - [2023-06-21T01:29:57.048+0100] {dagbag.py:541} INFO - Filling up the DagBag from /home/opeyemi/.local/lib/python3.10/site-packages/airflow/example_dags/example_time_delta_sensor_async.py
[2023-06-21T01:29:57.068+0100] {processor.py:836} INFO - DAG(s) dict_keys(['example_time_delta_sensor_async']) retrieved from /home/opeyemi/.local/lib/python3.10/site-packages/airflow/example_dags/example_time_delta_sensor_async.py
[2023-06-21T01:29:57.152+0100] {logging_mixin.py:149} INFO - [2023-06-21T01:29:57.152+0100] {dag.py:2726} INFO - Sync 1 DAGs
[2023-06-21T01:29:57.253+0100] {logging_mixin.py:149} INFO - [2023-06-21T01:29:57.253+0100] {dag.py:3486} INFO - Setting next_dagrun for example_time_delta_sensor_async to None, run_after=None
[2023-06-21T01:29:57.369+0100] {processor.py:179} INFO - Processing /home/opeyemi/.local/lib/python3.10/site-packages/airflow/example_dags/example_time_delta_sensor_async.py took 0.351 seconds
[2023-06-21T01:30:52.494+0100] {processor.py:157} INFO - Started process (PID=21929) to work on /home/opeyemi/.local/lib/python3.10/site-packages/airflow/example_dags/example_time_delta_sensor_async.py
[2023-06-21T01:30:52.504+0100] {processor.py:826} INFO - Processing file /home/opeyemi/.local/lib/python3.10/site-packages/airflow/example_dags/example_time_delta_sensor_async.py for tasks to queue
[2023-06-21T01:30:52.505+0100] {logging_mixin.py:149} INFO - [2023-06-21T01:30:52.505+0100] {dagbag.py:541} INFO - Filling up the DagBag from /home/opeyemi/.local/lib/python3.10/site-packages/airflow/example_dags/example_time_delta_sensor_async.py
[2023-06-21T01:30:52.522+0100] {processor.py:836} INFO - DAG(s) dict_keys(['example_time_delta_sensor_async']) retrieved from /home/opeyemi/.local/lib/python3.10/site-packages/airflow/example_dags/example_time_delta_sensor_async.py
[2023-06-21T01:30:52.572+0100] {logging_mixin.py:149} INFO - [2023-06-21T01:30:52.572+0100] {dag.py:2726} INFO - Sync 1 DAGs
[2023-06-21T01:30:52.627+0100] {logging_mixin.py:149} INFO - [2023-06-21T01:30:52.627+0100] {dag.py:3486} INFO - Setting next_dagrun for example_time_delta_sensor_async to None, run_after=None
[2023-06-21T01:30:52.689+0100] {processor.py:179} INFO - Processing /home/opeyemi/.local/lib/python3.10/site-packages/airflow/example_dags/example_time_delta_sensor_async.py took 0.200 seconds
[2023-06-21T01:31:56.100+0100] {processor.py:157} INFO - Started process (PID=21982) to work on /home/opeyemi/.local/lib/python3.10/site-packages/airflow/example_dags/example_time_delta_sensor_async.py
[2023-06-21T01:31:56.118+0100] {processor.py:826} INFO - Processing file /home/opeyemi/.local/lib/python3.10/site-packages/airflow/example_dags/example_time_delta_sensor_async.py for tasks to queue
[2023-06-21T01:31:56.120+0100] {logging_mixin.py:149} INFO - [2023-06-21T01:31:56.119+0100] {dagbag.py:541} INFO - Filling up the DagBag from /home/opeyemi/.local/lib/python3.10/site-packages/airflow/example_dags/example_time_delta_sensor_async.py
[2023-06-21T01:31:56.131+0100] {processor.py:836} INFO - DAG(s) dict_keys(['example_time_delta_sensor_async']) retrieved from /home/opeyemi/.local/lib/python3.10/site-packages/airflow/example_dags/example_time_delta_sensor_async.py
[2023-06-21T01:31:56.193+0100] {logging_mixin.py:149} INFO - [2023-06-21T01:31:56.192+0100] {dag.py:2726} INFO - Sync 1 DAGs
[2023-06-21T01:31:56.249+0100] {logging_mixin.py:149} INFO - [2023-06-21T01:31:56.249+0100] {dag.py:3486} INFO - Setting next_dagrun for example_time_delta_sensor_async to None, run_after=None
[2023-06-21T01:31:56.331+0100] {processor.py:179} INFO - Processing /home/opeyemi/.local/lib/python3.10/site-packages/airflow/example_dags/example_time_delta_sensor_async.py took 0.241 seconds
[2023-06-21T01:32:53.257+0100] {processor.py:157} INFO - Started process (PID=22041) to work on /home/opeyemi/.local/lib/python3.10/site-packages/airflow/example_dags/example_time_delta_sensor_async.py
[2023-06-21T01:32:53.274+0100] {processor.py:826} INFO - Processing file /home/opeyemi/.local/lib/python3.10/site-packages/airflow/example_dags/example_time_delta_sensor_async.py for tasks to queue
[2023-06-21T01:32:53.276+0100] {logging_mixin.py:149} INFO - [2023-06-21T01:32:53.276+0100] {dagbag.py:541} INFO - Filling up the DagBag from /home/opeyemi/.local/lib/python3.10/site-packages/airflow/example_dags/example_time_delta_sensor_async.py
[2023-06-21T01:32:53.298+0100] {processor.py:836} INFO - DAG(s) dict_keys(['example_time_delta_sensor_async']) retrieved from /home/opeyemi/.local/lib/python3.10/site-packages/airflow/example_dags/example_time_delta_sensor_async.py
[2023-06-21T01:32:53.336+0100] {logging_mixin.py:149} INFO - [2023-06-21T01:32:53.336+0100] {dag.py:2726} INFO - Sync 1 DAGs
[2023-06-21T01:32:53.369+0100] {logging_mixin.py:149} INFO - [2023-06-21T01:32:53.369+0100] {dag.py:3486} INFO - Setting next_dagrun for example_time_delta_sensor_async to None, run_after=None
[2023-06-21T01:32:53.498+0100] {processor.py:179} INFO - Processing /home/opeyemi/.local/lib/python3.10/site-packages/airflow/example_dags/example_time_delta_sensor_async.py took 0.254 seconds
[2023-06-21T01:33:49.544+0100] {processor.py:157} INFO - Started process (PID=22186) to work on /home/opeyemi/.local/lib/python3.10/site-packages/airflow/example_dags/example_time_delta_sensor_async.py
[2023-06-21T01:33:49.560+0100] {processor.py:826} INFO - Processing file /home/opeyemi/.local/lib/python3.10/site-packages/airflow/example_dags/example_time_delta_sensor_async.py for tasks to queue
[2023-06-21T01:33:49.562+0100] {logging_mixin.py:149} INFO - [2023-06-21T01:33:49.561+0100] {dagbag.py:541} INFO - Filling up the DagBag from /home/opeyemi/.local/lib/python3.10/site-packages/airflow/example_dags/example_time_delta_sensor_async.py
[2023-06-21T01:33:49.574+0100] {processor.py:836} INFO - DAG(s) dict_keys(['example_time_delta_sensor_async']) retrieved from /home/opeyemi/.local/lib/python3.10/site-packages/airflow/example_dags/example_time_delta_sensor_async.py
[2023-06-21T01:33:49.637+0100] {logging_mixin.py:149} INFO - [2023-06-21T01:33:49.637+0100] {dag.py:2726} INFO - Sync 1 DAGs
[2023-06-21T01:33:49.700+0100] {logging_mixin.py:149} INFO - [2023-06-21T01:33:49.700+0100] {dag.py:3486} INFO - Setting next_dagrun for example_time_delta_sensor_async to None, run_after=None
[2023-06-21T01:33:49.765+0100] {processor.py:179} INFO - Processing /home/opeyemi/.local/lib/python3.10/site-packages/airflow/example_dags/example_time_delta_sensor_async.py took 0.232 seconds
[2023-06-21T01:34:42.584+0100] {processor.py:157} INFO - Started process (PID=22375) to work on /home/opeyemi/.local/lib/python3.10/site-packages/airflow/example_dags/example_time_delta_sensor_async.py
[2023-06-21T01:34:42.591+0100] {processor.py:826} INFO - Processing file /home/opeyemi/.local/lib/python3.10/site-packages/airflow/example_dags/example_time_delta_sensor_async.py for tasks to queue
[2023-06-21T01:34:42.592+0100] {logging_mixin.py:149} INFO - [2023-06-21T01:34:42.592+0100] {dagbag.py:541} INFO - Filling up the DagBag from /home/opeyemi/.local/lib/python3.10/site-packages/airflow/example_dags/example_time_delta_sensor_async.py
[2023-06-21T01:34:42.600+0100] {processor.py:836} INFO - DAG(s) dict_keys(['example_time_delta_sensor_async']) retrieved from /home/opeyemi/.local/lib/python3.10/site-packages/airflow/example_dags/example_time_delta_sensor_async.py
[2023-06-21T01:34:42.635+0100] {logging_mixin.py:149} INFO - [2023-06-21T01:34:42.635+0100] {dag.py:2726} INFO - Sync 1 DAGs
[2023-06-21T01:34:42.668+0100] {logging_mixin.py:149} INFO - [2023-06-21T01:34:42.668+0100] {dag.py:3486} INFO - Setting next_dagrun for example_time_delta_sensor_async to None, run_after=None
[2023-06-21T01:34:42.708+0100] {processor.py:179} INFO - Processing /home/opeyemi/.local/lib/python3.10/site-packages/airflow/example_dags/example_time_delta_sensor_async.py took 0.128 seconds
[2023-06-21T01:35:36.833+0100] {processor.py:157} INFO - Started process (PID=22510) to work on /home/opeyemi/.local/lib/python3.10/site-packages/airflow/example_dags/example_time_delta_sensor_async.py
[2023-06-21T01:35:36.837+0100] {processor.py:826} INFO - Processing file /home/opeyemi/.local/lib/python3.10/site-packages/airflow/example_dags/example_time_delta_sensor_async.py for tasks to queue
[2023-06-21T01:35:36.839+0100] {logging_mixin.py:149} INFO - [2023-06-21T01:35:36.838+0100] {dagbag.py:541} INFO - Filling up the DagBag from /home/opeyemi/.local/lib/python3.10/site-packages/airflow/example_dags/example_time_delta_sensor_async.py
[2023-06-21T01:35:36.852+0100] {processor.py:836} INFO - DAG(s) dict_keys(['example_time_delta_sensor_async']) retrieved from /home/opeyemi/.local/lib/python3.10/site-packages/airflow/example_dags/example_time_delta_sensor_async.py
[2023-06-21T01:35:36.920+0100] {logging_mixin.py:149} INFO - [2023-06-21T01:35:36.919+0100] {dag.py:2726} INFO - Sync 1 DAGs
[2023-06-21T01:35:37.034+0100] {logging_mixin.py:149} INFO - [2023-06-21T01:35:37.034+0100] {dag.py:3486} INFO - Setting next_dagrun for example_time_delta_sensor_async to None, run_after=None
[2023-06-21T01:35:37.126+0100] {processor.py:179} INFO - Processing /home/opeyemi/.local/lib/python3.10/site-packages/airflow/example_dags/example_time_delta_sensor_async.py took 0.303 seconds
[2023-06-21T01:36:32.818+0100] {processor.py:157} INFO - Started process (PID=22740) to work on /home/opeyemi/.local/lib/python3.10/site-packages/airflow/example_dags/example_time_delta_sensor_async.py
[2023-06-21T01:36:32.820+0100] {processor.py:826} INFO - Processing file /home/opeyemi/.local/lib/python3.10/site-packages/airflow/example_dags/example_time_delta_sensor_async.py for tasks to queue
[2023-06-21T01:36:32.821+0100] {logging_mixin.py:149} INFO - [2023-06-21T01:36:32.821+0100] {dagbag.py:541} INFO - Filling up the DagBag from /home/opeyemi/.local/lib/python3.10/site-packages/airflow/example_dags/example_time_delta_sensor_async.py
[2023-06-21T01:36:32.830+0100] {processor.py:836} INFO - DAG(s) dict_keys(['example_time_delta_sensor_async']) retrieved from /home/opeyemi/.local/lib/python3.10/site-packages/airflow/example_dags/example_time_delta_sensor_async.py
[2023-06-21T01:36:32.867+0100] {logging_mixin.py:149} INFO - [2023-06-21T01:36:32.867+0100] {dag.py:2726} INFO - Sync 1 DAGs
[2023-06-21T01:36:32.894+0100] {logging_mixin.py:149} INFO - [2023-06-21T01:36:32.894+0100] {dag.py:3486} INFO - Setting next_dagrun for example_time_delta_sensor_async to None, run_after=None
[2023-06-21T01:36:32.942+0100] {processor.py:179} INFO - Processing /home/opeyemi/.local/lib/python3.10/site-packages/airflow/example_dags/example_time_delta_sensor_async.py took 0.130 seconds
[2023-06-21T01:37:29.227+0100] {processor.py:157} INFO - Started process (PID=23022) to work on /home/opeyemi/.local/lib/python3.10/site-packages/airflow/example_dags/example_time_delta_sensor_async.py
[2023-06-21T01:37:29.232+0100] {processor.py:826} INFO - Processing file /home/opeyemi/.local/lib/python3.10/site-packages/airflow/example_dags/example_time_delta_sensor_async.py for tasks to queue
[2023-06-21T01:37:29.233+0100] {logging_mixin.py:149} INFO - [2023-06-21T01:37:29.233+0100] {dagbag.py:541} INFO - Filling up the DagBag from /home/opeyemi/.local/lib/python3.10/site-packages/airflow/example_dags/example_time_delta_sensor_async.py
[2023-06-21T01:37:29.241+0100] {processor.py:836} INFO - DAG(s) dict_keys(['example_time_delta_sensor_async']) retrieved from /home/opeyemi/.local/lib/python3.10/site-packages/airflow/example_dags/example_time_delta_sensor_async.py
[2023-06-21T01:37:29.293+0100] {logging_mixin.py:149} INFO - [2023-06-21T01:37:29.293+0100] {dag.py:2726} INFO - Sync 1 DAGs
[2023-06-21T01:37:29.342+0100] {logging_mixin.py:149} INFO - [2023-06-21T01:37:29.341+0100] {dag.py:3486} INFO - Setting next_dagrun for example_time_delta_sensor_async to None, run_after=None
[2023-06-21T01:37:29.405+0100] {processor.py:179} INFO - Processing /home/opeyemi/.local/lib/python3.10/site-packages/airflow/example_dags/example_time_delta_sensor_async.py took 0.191 seconds
[2023-06-21T01:38:26.343+0100] {processor.py:157} INFO - Started process (PID=23256) to work on /home/opeyemi/.local/lib/python3.10/site-packages/airflow/example_dags/example_time_delta_sensor_async.py
[2023-06-21T01:38:26.353+0100] {processor.py:826} INFO - Processing file /home/opeyemi/.local/lib/python3.10/site-packages/airflow/example_dags/example_time_delta_sensor_async.py for tasks to queue
[2023-06-21T01:38:26.357+0100] {logging_mixin.py:149} INFO - [2023-06-21T01:38:26.356+0100] {dagbag.py:541} INFO - Filling up the DagBag from /home/opeyemi/.local/lib/python3.10/site-packages/airflow/example_dags/example_time_delta_sensor_async.py
[2023-06-21T01:38:26.383+0100] {processor.py:836} INFO - DAG(s) dict_keys(['example_time_delta_sensor_async']) retrieved from /home/opeyemi/.local/lib/python3.10/site-packages/airflow/example_dags/example_time_delta_sensor_async.py
[2023-06-21T01:38:26.473+0100] {logging_mixin.py:149} INFO - [2023-06-21T01:38:26.472+0100] {dag.py:2726} INFO - Sync 1 DAGs
[2023-06-21T01:38:26.562+0100] {logging_mixin.py:149} INFO - [2023-06-21T01:38:26.559+0100] {dag.py:3486} INFO - Setting next_dagrun for example_time_delta_sensor_async to None, run_after=None
[2023-06-21T01:38:26.658+0100] {processor.py:179} INFO - Processing /home/opeyemi/.local/lib/python3.10/site-packages/airflow/example_dags/example_time_delta_sensor_async.py took 0.338 seconds
[2023-06-21T01:39:21.918+0100] {processor.py:157} INFO - Started process (PID=23304) to work on /home/opeyemi/.local/lib/python3.10/site-packages/airflow/example_dags/example_time_delta_sensor_async.py
[2023-06-21T01:39:21.923+0100] {processor.py:826} INFO - Processing file /home/opeyemi/.local/lib/python3.10/site-packages/airflow/example_dags/example_time_delta_sensor_async.py for tasks to queue
[2023-06-21T01:39:21.925+0100] {logging_mixin.py:149} INFO - [2023-06-21T01:39:21.924+0100] {dagbag.py:541} INFO - Filling up the DagBag from /home/opeyemi/.local/lib/python3.10/site-packages/airflow/example_dags/example_time_delta_sensor_async.py
[2023-06-21T01:39:21.939+0100] {processor.py:836} INFO - DAG(s) dict_keys(['example_time_delta_sensor_async']) retrieved from /home/opeyemi/.local/lib/python3.10/site-packages/airflow/example_dags/example_time_delta_sensor_async.py
[2023-06-21T01:39:22.035+0100] {logging_mixin.py:149} INFO - [2023-06-21T01:39:22.035+0100] {dag.py:2726} INFO - Sync 1 DAGs
[2023-06-21T01:39:22.087+0100] {logging_mixin.py:149} INFO - [2023-06-21T01:39:22.087+0100] {dag.py:3486} INFO - Setting next_dagrun for example_time_delta_sensor_async to None, run_after=None
[2023-06-21T01:39:22.148+0100] {processor.py:179} INFO - Processing /home/opeyemi/.local/lib/python3.10/site-packages/airflow/example_dags/example_time_delta_sensor_async.py took 0.245 seconds
[2023-06-21T01:40:13.481+0100] {processor.py:157} INFO - Started process (PID=23360) to work on /home/opeyemi/.local/lib/python3.10/site-packages/airflow/example_dags/example_time_delta_sensor_async.py
[2023-06-21T01:40:13.486+0100] {processor.py:826} INFO - Processing file /home/opeyemi/.local/lib/python3.10/site-packages/airflow/example_dags/example_time_delta_sensor_async.py for tasks to queue
[2023-06-21T01:40:13.488+0100] {logging_mixin.py:149} INFO - [2023-06-21T01:40:13.487+0100] {dagbag.py:541} INFO - Filling up the DagBag from /home/opeyemi/.local/lib/python3.10/site-packages/airflow/example_dags/example_time_delta_sensor_async.py
[2023-06-21T01:40:13.501+0100] {processor.py:836} INFO - DAG(s) dict_keys(['example_time_delta_sensor_async']) retrieved from /home/opeyemi/.local/lib/python3.10/site-packages/airflow/example_dags/example_time_delta_sensor_async.py
[2023-06-21T01:40:13.563+0100] {logging_mixin.py:149} INFO - [2023-06-21T01:40:13.562+0100] {dag.py:2726} INFO - Sync 1 DAGs
[2023-06-21T01:40:13.597+0100] {logging_mixin.py:149} INFO - [2023-06-21T01:40:13.597+0100] {dag.py:3486} INFO - Setting next_dagrun for example_time_delta_sensor_async to None, run_after=None
[2023-06-21T01:40:13.629+0100] {processor.py:179} INFO - Processing /home/opeyemi/.local/lib/python3.10/site-packages/airflow/example_dags/example_time_delta_sensor_async.py took 0.158 seconds
[2023-06-21T01:41:06.190+0100] {processor.py:157} INFO - Started process (PID=23410) to work on /home/opeyemi/.local/lib/python3.10/site-packages/airflow/example_dags/example_time_delta_sensor_async.py
[2023-06-21T01:41:06.196+0100] {processor.py:826} INFO - Processing file /home/opeyemi/.local/lib/python3.10/site-packages/airflow/example_dags/example_time_delta_sensor_async.py for tasks to queue
[2023-06-21T01:41:06.202+0100] {logging_mixin.py:149} INFO - [2023-06-21T01:41:06.201+0100] {dagbag.py:541} INFO - Filling up the DagBag from /home/opeyemi/.local/lib/python3.10/site-packages/airflow/example_dags/example_time_delta_sensor_async.py
[2023-06-21T01:41:06.224+0100] {processor.py:836} INFO - DAG(s) dict_keys(['example_time_delta_sensor_async']) retrieved from /home/opeyemi/.local/lib/python3.10/site-packages/airflow/example_dags/example_time_delta_sensor_async.py
[2023-06-21T01:41:06.288+0100] {logging_mixin.py:149} INFO - [2023-06-21T01:41:06.288+0100] {dag.py:2726} INFO - Sync 1 DAGs
[2023-06-21T01:41:06.312+0100] {logging_mixin.py:149} INFO - [2023-06-21T01:41:06.312+0100] {dag.py:3486} INFO - Setting next_dagrun for example_time_delta_sensor_async to None, run_after=None
[2023-06-21T01:41:06.362+0100] {processor.py:179} INFO - Processing /home/opeyemi/.local/lib/python3.10/site-packages/airflow/example_dags/example_time_delta_sensor_async.py took 0.190 seconds
