[2023-06-21T01:00:11.175+0100] {processor.py:157} INFO - Started process (PID=20523) to work on /home/opeyemi/.local/lib/python3.10/site-packages/airflow/example_dags/example_python_operator.py
[2023-06-21T01:00:11.178+0100] {processor.py:826} INFO - Processing file /home/opeyemi/.local/lib/python3.10/site-packages/airflow/example_dags/example_python_operator.py for tasks to queue
[2023-06-21T01:00:11.181+0100] {logging_mixin.py:149} INFO - [2023-06-21T01:00:11.180+0100] {dagbag.py:541} INFO - Filling up the DagBag from /home/opeyemi/.local/lib/python3.10/site-packages/airflow/example_dags/example_python_operator.py
[2023-06-21T01:00:11.399+0100] {logging_mixin.py:149} INFO - [2023-06-21T01:00:11.399+0100] {example_python_operator.py:90} WARNING - The virtalenv_python example task requires virtualenv, please install it.
[2023-06-21T01:00:11.400+0100] {processor.py:836} INFO - DAG(s) dict_keys(['example_python_operator']) retrieved from /home/opeyemi/.local/lib/python3.10/site-packages/airflow/example_dags/example_python_operator.py
[2023-06-21T01:00:11.464+0100] {logging_mixin.py:149} INFO - [2023-06-21T01:00:11.463+0100] {dag.py:2726} INFO - Sync 1 DAGs
[2023-06-21T01:00:11.517+0100] {logging_mixin.py:149} INFO - [2023-06-21T01:00:11.517+0100] {dag.py:3486} INFO - Setting next_dagrun for example_python_operator to None, run_after=None
[2023-06-21T01:00:11.697+0100] {processor.py:179} INFO - Processing /home/opeyemi/.local/lib/python3.10/site-packages/airflow/example_dags/example_python_operator.py took 0.531 seconds
[2023-06-21T01:02:27.502+0100] {processor.py:157} INFO - Started process (PID=20601) to work on /home/opeyemi/.local/lib/python3.10/site-packages/airflow/example_dags/example_python_operator.py
[2023-06-21T01:02:27.562+0100] {processor.py:826} INFO - Processing file /home/opeyemi/.local/lib/python3.10/site-packages/airflow/example_dags/example_python_operator.py for tasks to queue
[2023-06-21T01:02:27.563+0100] {logging_mixin.py:149} INFO - [2023-06-21T01:02:27.563+0100] {dagbag.py:541} INFO - Filling up the DagBag from /home/opeyemi/.local/lib/python3.10/site-packages/airflow/example_dags/example_python_operator.py
[2023-06-21T01:02:27.638+0100] {logging_mixin.py:149} INFO - [2023-06-21T01:02:27.638+0100] {example_python_operator.py:90} WARNING - The virtalenv_python example task requires virtualenv, please install it.
[2023-06-21T01:02:27.639+0100] {processor.py:836} INFO - DAG(s) dict_keys(['example_python_operator']) retrieved from /home/opeyemi/.local/lib/python3.10/site-packages/airflow/example_dags/example_python_operator.py
[2023-06-21T01:02:27.686+0100] {logging_mixin.py:149} INFO - [2023-06-21T01:02:27.686+0100] {dag.py:2726} INFO - Sync 1 DAGs
[2023-06-21T01:02:27.722+0100] {logging_mixin.py:149} INFO - [2023-06-21T01:02:27.721+0100] {dag.py:3486} INFO - Setting next_dagrun for example_python_operator to None, run_after=None
[2023-06-21T01:02:27.843+0100] {processor.py:179} INFO - Processing /home/opeyemi/.local/lib/python3.10/site-packages/airflow/example_dags/example_python_operator.py took 0.348 seconds
[2023-06-21T01:05:11.017+0100] {processor.py:157} INFO - Started process (PID=20679) to work on /home/opeyemi/.local/lib/python3.10/site-packages/airflow/example_dags/example_python_operator.py
[2023-06-21T01:05:11.063+0100] {processor.py:826} INFO - Processing file /home/opeyemi/.local/lib/python3.10/site-packages/airflow/example_dags/example_python_operator.py for tasks to queue
[2023-06-21T01:05:11.066+0100] {logging_mixin.py:149} INFO - [2023-06-21T01:05:11.065+0100] {dagbag.py:541} INFO - Filling up the DagBag from /home/opeyemi/.local/lib/python3.10/site-packages/airflow/example_dags/example_python_operator.py
[2023-06-21T01:05:11.189+0100] {logging_mixin.py:149} INFO - [2023-06-21T01:05:11.188+0100] {example_python_operator.py:90} WARNING - The virtalenv_python example task requires virtualenv, please install it.
[2023-06-21T01:05:11.190+0100] {processor.py:836} INFO - DAG(s) dict_keys(['example_python_operator']) retrieved from /home/opeyemi/.local/lib/python3.10/site-packages/airflow/example_dags/example_python_operator.py
[2023-06-21T01:05:11.290+0100] {logging_mixin.py:149} INFO - [2023-06-21T01:05:11.290+0100] {dag.py:2726} INFO - Sync 1 DAGs
[2023-06-21T01:05:11.380+0100] {logging_mixin.py:149} INFO - [2023-06-21T01:05:11.380+0100] {dag.py:3486} INFO - Setting next_dagrun for example_python_operator to None, run_after=None
[2023-06-21T01:05:11.524+0100] {processor.py:179} INFO - Processing /home/opeyemi/.local/lib/python3.10/site-packages/airflow/example_dags/example_python_operator.py took 0.514 seconds
[2023-06-21T01:07:28.441+0100] {processor.py:157} INFO - Started process (PID=20747) to work on /home/opeyemi/.local/lib/python3.10/site-packages/airflow/example_dags/example_python_operator.py
[2023-06-21T01:07:28.445+0100] {processor.py:826} INFO - Processing file /home/opeyemi/.local/lib/python3.10/site-packages/airflow/example_dags/example_python_operator.py for tasks to queue
[2023-06-21T01:07:28.446+0100] {logging_mixin.py:149} INFO - [2023-06-21T01:07:28.446+0100] {dagbag.py:541} INFO - Filling up the DagBag from /home/opeyemi/.local/lib/python3.10/site-packages/airflow/example_dags/example_python_operator.py
[2023-06-21T01:07:28.610+0100] {logging_mixin.py:149} INFO - [2023-06-21T01:07:28.610+0100] {example_python_operator.py:90} WARNING - The virtalenv_python example task requires virtualenv, please install it.
[2023-06-21T01:07:28.611+0100] {processor.py:836} INFO - DAG(s) dict_keys(['example_python_operator']) retrieved from /home/opeyemi/.local/lib/python3.10/site-packages/airflow/example_dags/example_python_operator.py
[2023-06-21T01:07:28.660+0100] {logging_mixin.py:149} INFO - [2023-06-21T01:07:28.659+0100] {dag.py:2726} INFO - Sync 1 DAGs
[2023-06-21T01:07:28.702+0100] {logging_mixin.py:149} INFO - [2023-06-21T01:07:28.701+0100] {dag.py:3486} INFO - Setting next_dagrun for example_python_operator to None, run_after=None
[2023-06-21T01:07:28.975+0100] {processor.py:179} INFO - Processing /home/opeyemi/.local/lib/python3.10/site-packages/airflow/example_dags/example_python_operator.py took 0.560 seconds
[2023-06-21T01:09:24.331+0100] {processor.py:157} INFO - Started process (PID=20826) to work on /home/opeyemi/.local/lib/python3.10/site-packages/airflow/example_dags/example_python_operator.py
[2023-06-21T01:09:24.337+0100] {processor.py:826} INFO - Processing file /home/opeyemi/.local/lib/python3.10/site-packages/airflow/example_dags/example_python_operator.py for tasks to queue
[2023-06-21T01:09:24.338+0100] {logging_mixin.py:149} INFO - [2023-06-21T01:09:24.338+0100] {dagbag.py:541} INFO - Filling up the DagBag from /home/opeyemi/.local/lib/python3.10/site-packages/airflow/example_dags/example_python_operator.py
[2023-06-21T01:09:24.414+0100] {logging_mixin.py:149} INFO - [2023-06-21T01:09:24.414+0100] {example_python_operator.py:90} WARNING - The virtalenv_python example task requires virtualenv, please install it.
[2023-06-21T01:09:24.415+0100] {processor.py:836} INFO - DAG(s) dict_keys(['example_python_operator']) retrieved from /home/opeyemi/.local/lib/python3.10/site-packages/airflow/example_dags/example_python_operator.py
[2023-06-21T01:09:24.457+0100] {logging_mixin.py:149} INFO - [2023-06-21T01:09:24.456+0100] {dag.py:2726} INFO - Sync 1 DAGs
[2023-06-21T01:09:24.494+0100] {logging_mixin.py:149} INFO - [2023-06-21T01:09:24.494+0100] {dag.py:3486} INFO - Setting next_dagrun for example_python_operator to None, run_after=None
[2023-06-21T01:09:24.599+0100] {processor.py:179} INFO - Processing /home/opeyemi/.local/lib/python3.10/site-packages/airflow/example_dags/example_python_operator.py took 0.275 seconds
[2023-06-21T01:11:20.708+0100] {processor.py:157} INFO - Started process (PID=20893) to work on /home/opeyemi/.local/lib/python3.10/site-packages/airflow/example_dags/example_python_operator.py
[2023-06-21T01:11:20.739+0100] {processor.py:826} INFO - Processing file /home/opeyemi/.local/lib/python3.10/site-packages/airflow/example_dags/example_python_operator.py for tasks to queue
[2023-06-21T01:11:20.742+0100] {logging_mixin.py:149} INFO - [2023-06-21T01:11:20.741+0100] {dagbag.py:541} INFO - Filling up the DagBag from /home/opeyemi/.local/lib/python3.10/site-packages/airflow/example_dags/example_python_operator.py
[2023-06-21T01:11:20.910+0100] {logging_mixin.py:149} INFO - [2023-06-21T01:11:20.910+0100] {example_python_operator.py:90} WARNING - The virtalenv_python example task requires virtualenv, please install it.
[2023-06-21T01:11:20.912+0100] {processor.py:836} INFO - DAG(s) dict_keys(['example_python_operator']) retrieved from /home/opeyemi/.local/lib/python3.10/site-packages/airflow/example_dags/example_python_operator.py
[2023-06-21T01:11:20.988+0100] {logging_mixin.py:149} INFO - [2023-06-21T01:11:20.987+0100] {dag.py:2726} INFO - Sync 1 DAGs
[2023-06-21T01:11:21.082+0100] {logging_mixin.py:149} INFO - [2023-06-21T01:11:21.082+0100] {dag.py:3486} INFO - Setting next_dagrun for example_python_operator to None, run_after=None
[2023-06-21T01:11:21.407+0100] {processor.py:179} INFO - Processing /home/opeyemi/.local/lib/python3.10/site-packages/airflow/example_dags/example_python_operator.py took 0.717 seconds
[2023-06-21T01:13:33.305+0100] {processor.py:157} INFO - Started process (PID=20989) to work on /home/opeyemi/.local/lib/python3.10/site-packages/airflow/example_dags/example_python_operator.py
[2023-06-21T01:13:33.323+0100] {processor.py:826} INFO - Processing file /home/opeyemi/.local/lib/python3.10/site-packages/airflow/example_dags/example_python_operator.py for tasks to queue
[2023-06-21T01:13:33.327+0100] {logging_mixin.py:149} INFO - [2023-06-21T01:13:33.326+0100] {dagbag.py:541} INFO - Filling up the DagBag from /home/opeyemi/.local/lib/python3.10/site-packages/airflow/example_dags/example_python_operator.py
[2023-06-21T01:13:33.474+0100] {logging_mixin.py:149} INFO - [2023-06-21T01:13:33.473+0100] {example_python_operator.py:90} WARNING - The virtalenv_python example task requires virtualenv, please install it.
[2023-06-21T01:13:33.475+0100] {processor.py:836} INFO - DAG(s) dict_keys(['example_python_operator']) retrieved from /home/opeyemi/.local/lib/python3.10/site-packages/airflow/example_dags/example_python_operator.py
[2023-06-21T01:13:33.518+0100] {logging_mixin.py:149} INFO - [2023-06-21T01:13:33.518+0100] {dag.py:2726} INFO - Sync 1 DAGs
[2023-06-21T01:13:33.543+0100] {logging_mixin.py:149} INFO - [2023-06-21T01:13:33.543+0100] {dag.py:3486} INFO - Setting next_dagrun for example_python_operator to None, run_after=None
[2023-06-21T01:13:33.980+0100] {processor.py:179} INFO - Processing /home/opeyemi/.local/lib/python3.10/site-packages/airflow/example_dags/example_python_operator.py took 0.697 seconds
[2023-06-21T01:16:27.614+0100] {processor.py:157} INFO - Started process (PID=21058) to work on /home/opeyemi/.local/lib/python3.10/site-packages/airflow/example_dags/example_python_operator.py
[2023-06-21T01:16:27.705+0100] {processor.py:826} INFO - Processing file /home/opeyemi/.local/lib/python3.10/site-packages/airflow/example_dags/example_python_operator.py for tasks to queue
[2023-06-21T01:16:27.708+0100] {logging_mixin.py:149} INFO - [2023-06-21T01:16:27.707+0100] {dagbag.py:541} INFO - Filling up the DagBag from /home/opeyemi/.local/lib/python3.10/site-packages/airflow/example_dags/example_python_operator.py
[2023-06-21T01:16:27.890+0100] {logging_mixin.py:149} INFO - [2023-06-21T01:16:27.889+0100] {example_python_operator.py:90} WARNING - The virtalenv_python example task requires virtualenv, please install it.
[2023-06-21T01:16:27.892+0100] {processor.py:836} INFO - DAG(s) dict_keys(['example_python_operator']) retrieved from /home/opeyemi/.local/lib/python3.10/site-packages/airflow/example_dags/example_python_operator.py
[2023-06-21T01:16:27.968+0100] {logging_mixin.py:149} INFO - [2023-06-21T01:16:27.968+0100] {dag.py:2726} INFO - Sync 1 DAGs
[2023-06-21T01:16:28.014+0100] {logging_mixin.py:149} INFO - [2023-06-21T01:16:28.014+0100] {dag.py:3486} INFO - Setting next_dagrun for example_python_operator to None, run_after=None
[2023-06-21T01:16:28.176+0100] {processor.py:179} INFO - Processing /home/opeyemi/.local/lib/python3.10/site-packages/airflow/example_dags/example_python_operator.py took 0.566 seconds
[2023-06-21T01:17:43.377+0100] {processor.py:157} INFO - Started process (PID=21117) to work on /home/opeyemi/.local/lib/python3.10/site-packages/airflow/example_dags/example_python_operator.py
[2023-06-21T01:17:43.471+0100] {processor.py:826} INFO - Processing file /home/opeyemi/.local/lib/python3.10/site-packages/airflow/example_dags/example_python_operator.py for tasks to queue
[2023-06-21T01:17:43.475+0100] {logging_mixin.py:149} INFO - [2023-06-21T01:17:43.474+0100] {dagbag.py:541} INFO - Filling up the DagBag from /home/opeyemi/.local/lib/python3.10/site-packages/airflow/example_dags/example_python_operator.py
[2023-06-21T01:17:43.595+0100] {logging_mixin.py:149} INFO - [2023-06-21T01:17:43.595+0100] {example_python_operator.py:90} WARNING - The virtalenv_python example task requires virtualenv, please install it.
[2023-06-21T01:17:43.597+0100] {processor.py:836} INFO - DAG(s) dict_keys(['example_python_operator']) retrieved from /home/opeyemi/.local/lib/python3.10/site-packages/airflow/example_dags/example_python_operator.py
[2023-06-21T01:17:43.657+0100] {logging_mixin.py:149} INFO - [2023-06-21T01:17:43.657+0100] {dag.py:2726} INFO - Sync 1 DAGs
[2023-06-21T01:17:43.701+0100] {logging_mixin.py:149} INFO - [2023-06-21T01:17:43.701+0100] {dag.py:3486} INFO - Setting next_dagrun for example_python_operator to None, run_after=None
[2023-06-21T01:17:44.103+0100] {processor.py:179} INFO - Processing /home/opeyemi/.local/lib/python3.10/site-packages/airflow/example_dags/example_python_operator.py took 0.740 seconds
[2023-06-21T01:18:59.655+0100] {processor.py:157} INFO - Started process (PID=21176) to work on /home/opeyemi/.local/lib/python3.10/site-packages/airflow/example_dags/example_python_operator.py
[2023-06-21T01:18:59.716+0100] {processor.py:826} INFO - Processing file /home/opeyemi/.local/lib/python3.10/site-packages/airflow/example_dags/example_python_operator.py for tasks to queue
[2023-06-21T01:18:59.719+0100] {logging_mixin.py:149} INFO - [2023-06-21T01:18:59.718+0100] {dagbag.py:541} INFO - Filling up the DagBag from /home/opeyemi/.local/lib/python3.10/site-packages/airflow/example_dags/example_python_operator.py
[2023-06-21T01:18:59.841+0100] {logging_mixin.py:149} INFO - [2023-06-21T01:18:59.841+0100] {example_python_operator.py:90} WARNING - The virtalenv_python example task requires virtualenv, please install it.
[2023-06-21T01:18:59.842+0100] {processor.py:836} INFO - DAG(s) dict_keys(['example_python_operator']) retrieved from /home/opeyemi/.local/lib/python3.10/site-packages/airflow/example_dags/example_python_operator.py
[2023-06-21T01:18:59.900+0100] {logging_mixin.py:149} INFO - [2023-06-21T01:18:59.899+0100] {dag.py:2726} INFO - Sync 1 DAGs
[2023-06-21T01:18:59.958+0100] {logging_mixin.py:149} INFO - [2023-06-21T01:18:59.958+0100] {dag.py:3486} INFO - Setting next_dagrun for example_python_operator to None, run_after=None
[2023-06-21T01:19:00.143+0100] {processor.py:179} INFO - Processing /home/opeyemi/.local/lib/python3.10/site-packages/airflow/example_dags/example_python_operator.py took 0.501 seconds
[2023-06-21T01:20:16.655+0100] {processor.py:157} INFO - Started process (PID=21234) to work on /home/opeyemi/.local/lib/python3.10/site-packages/airflow/example_dags/example_python_operator.py
[2023-06-21T01:20:16.686+0100] {processor.py:826} INFO - Processing file /home/opeyemi/.local/lib/python3.10/site-packages/airflow/example_dags/example_python_operator.py for tasks to queue
[2023-06-21T01:20:16.689+0100] {logging_mixin.py:149} INFO - [2023-06-21T01:20:16.689+0100] {dagbag.py:541} INFO - Filling up the DagBag from /home/opeyemi/.local/lib/python3.10/site-packages/airflow/example_dags/example_python_operator.py
[2023-06-21T01:20:16.905+0100] {logging_mixin.py:149} INFO - [2023-06-21T01:20:16.905+0100] {example_python_operator.py:90} WARNING - The virtalenv_python example task requires virtualenv, please install it.
[2023-06-21T01:20:16.906+0100] {processor.py:836} INFO - DAG(s) dict_keys(['example_python_operator']) retrieved from /home/opeyemi/.local/lib/python3.10/site-packages/airflow/example_dags/example_python_operator.py
[2023-06-21T01:20:16.957+0100] {logging_mixin.py:149} INFO - [2023-06-21T01:20:16.956+0100] {dag.py:2726} INFO - Sync 1 DAGs
[2023-06-21T01:20:17.043+0100] {logging_mixin.py:149} INFO - [2023-06-21T01:20:17.042+0100] {dag.py:3486} INFO - Setting next_dagrun for example_python_operator to None, run_after=None
[2023-06-21T01:20:17.384+0100] {processor.py:179} INFO - Processing /home/opeyemi/.local/lib/python3.10/site-packages/airflow/example_dags/example_python_operator.py took 0.746 seconds
[2023-06-21T01:21:59.174+0100] {processor.py:157} INFO - Started process (PID=21277) to work on /home/opeyemi/.local/lib/python3.10/site-packages/airflow/example_dags/example_python_operator.py
[2023-06-21T01:21:59.254+0100] {processor.py:826} INFO - Processing file /home/opeyemi/.local/lib/python3.10/site-packages/airflow/example_dags/example_python_operator.py for tasks to queue
[2023-06-21T01:21:59.256+0100] {logging_mixin.py:149} INFO - [2023-06-21T01:21:59.256+0100] {dagbag.py:541} INFO - Filling up the DagBag from /home/opeyemi/.local/lib/python3.10/site-packages/airflow/example_dags/example_python_operator.py
[2023-06-21T01:21:59.396+0100] {logging_mixin.py:149} INFO - [2023-06-21T01:21:59.396+0100] {example_python_operator.py:90} WARNING - The virtalenv_python example task requires virtualenv, please install it.
[2023-06-21T01:21:59.397+0100] {processor.py:836} INFO - DAG(s) dict_keys(['example_python_operator']) retrieved from /home/opeyemi/.local/lib/python3.10/site-packages/airflow/example_dags/example_python_operator.py
[2023-06-21T01:21:59.421+0100] {logging_mixin.py:149} INFO - [2023-06-21T01:21:59.421+0100] {dag.py:2726} INFO - Sync 1 DAGs
[2023-06-21T01:21:59.441+0100] {logging_mixin.py:149} INFO - [2023-06-21T01:21:59.441+0100] {dag.py:3486} INFO - Setting next_dagrun for example_python_operator to None, run_after=None
[2023-06-21T01:21:59.672+0100] {processor.py:179} INFO - Processing /home/opeyemi/.local/lib/python3.10/site-packages/airflow/example_dags/example_python_operator.py took 0.520 seconds
[2023-06-21T01:23:07.092+0100] {processor.py:157} INFO - Started process (PID=21322) to work on /home/opeyemi/.local/lib/python3.10/site-packages/airflow/example_dags/example_python_operator.py
[2023-06-21T01:23:07.510+0100] {processor.py:826} INFO - Processing file /home/opeyemi/.local/lib/python3.10/site-packages/airflow/example_dags/example_python_operator.py for tasks to queue
[2023-06-21T01:23:07.514+0100] {logging_mixin.py:149} INFO - [2023-06-21T01:23:07.513+0100] {dagbag.py:541} INFO - Filling up the DagBag from /home/opeyemi/.local/lib/python3.10/site-packages/airflow/example_dags/example_python_operator.py
[2023-06-21T01:23:07.732+0100] {logging_mixin.py:149} INFO - [2023-06-21T01:23:07.732+0100] {example_python_operator.py:90} WARNING - The virtalenv_python example task requires virtualenv, please install it.
[2023-06-21T01:23:07.733+0100] {processor.py:836} INFO - DAG(s) dict_keys(['example_python_operator']) retrieved from /home/opeyemi/.local/lib/python3.10/site-packages/airflow/example_dags/example_python_operator.py
[2023-06-21T01:23:07.785+0100] {logging_mixin.py:149} INFO - [2023-06-21T01:23:07.784+0100] {dag.py:2726} INFO - Sync 1 DAGs
[2023-06-21T01:23:07.820+0100] {logging_mixin.py:149} INFO - [2023-06-21T01:23:07.820+0100] {dag.py:3486} INFO - Setting next_dagrun for example_python_operator to None, run_after=None
[2023-06-21T01:23:07.880+0100] {processor.py:179} INFO - Processing /home/opeyemi/.local/lib/python3.10/site-packages/airflow/example_dags/example_python_operator.py took 0.793 seconds
[2023-06-21T01:24:41.151+0100] {processor.py:157} INFO - Started process (PID=21491) to work on /home/opeyemi/.local/lib/python3.10/site-packages/airflow/example_dags/example_python_operator.py
[2023-06-21T01:24:41.173+0100] {processor.py:826} INFO - Processing file /home/opeyemi/.local/lib/python3.10/site-packages/airflow/example_dags/example_python_operator.py for tasks to queue
[2023-06-21T01:24:41.175+0100] {logging_mixin.py:149} INFO - [2023-06-21T01:24:41.174+0100] {dagbag.py:541} INFO - Filling up the DagBag from /home/opeyemi/.local/lib/python3.10/site-packages/airflow/example_dags/example_python_operator.py
[2023-06-21T01:24:41.237+0100] {logging_mixin.py:149} INFO - [2023-06-21T01:24:41.237+0100] {example_python_operator.py:90} WARNING - The virtalenv_python example task requires virtualenv, please install it.
[2023-06-21T01:24:41.237+0100] {processor.py:836} INFO - DAG(s) dict_keys(['example_python_operator']) retrieved from /home/opeyemi/.local/lib/python3.10/site-packages/airflow/example_dags/example_python_operator.py
[2023-06-21T01:24:41.272+0100] {logging_mixin.py:149} INFO - [2023-06-21T01:24:41.272+0100] {dag.py:2726} INFO - Sync 1 DAGs
[2023-06-21T01:24:41.310+0100] {logging_mixin.py:149} INFO - [2023-06-21T01:24:41.310+0100] {dag.py:3486} INFO - Setting next_dagrun for example_python_operator to None, run_after=None
[2023-06-21T01:24:41.356+0100] {processor.py:179} INFO - Processing /home/opeyemi/.local/lib/python3.10/site-packages/airflow/example_dags/example_python_operator.py took 0.215 seconds
[2023-06-21T01:25:45.288+0100] {processor.py:157} INFO - Started process (PID=21654) to work on /home/opeyemi/.local/lib/python3.10/site-packages/airflow/example_dags/example_python_operator.py
[2023-06-21T01:25:45.293+0100] {processor.py:826} INFO - Processing file /home/opeyemi/.local/lib/python3.10/site-packages/airflow/example_dags/example_python_operator.py for tasks to queue
[2023-06-21T01:25:45.301+0100] {logging_mixin.py:149} INFO - [2023-06-21T01:25:45.301+0100] {dagbag.py:541} INFO - Filling up the DagBag from /home/opeyemi/.local/lib/python3.10/site-packages/airflow/example_dags/example_python_operator.py
[2023-06-21T01:25:45.519+0100] {logging_mixin.py:149} INFO - [2023-06-21T01:25:45.519+0100] {example_python_operator.py:90} WARNING - The virtalenv_python example task requires virtualenv, please install it.
[2023-06-21T01:25:45.520+0100] {processor.py:836} INFO - DAG(s) dict_keys(['example_python_operator']) retrieved from /home/opeyemi/.local/lib/python3.10/site-packages/airflow/example_dags/example_python_operator.py
[2023-06-21T01:25:45.596+0100] {logging_mixin.py:149} INFO - [2023-06-21T01:25:45.596+0100] {dag.py:2726} INFO - Sync 1 DAGs
[2023-06-21T01:25:45.671+0100] {logging_mixin.py:149} INFO - [2023-06-21T01:25:45.671+0100] {dag.py:3486} INFO - Setting next_dagrun for example_python_operator to None, run_after=None
[2023-06-21T01:25:45.774+0100] {processor.py:179} INFO - Processing /home/opeyemi/.local/lib/python3.10/site-packages/airflow/example_dags/example_python_operator.py took 0.490 seconds
[2023-06-21T01:27:19.922+0100] {processor.py:157} INFO - Started process (PID=21717) to work on /home/opeyemi/.local/lib/python3.10/site-packages/airflow/example_dags/example_python_operator.py
[2023-06-21T01:27:19.949+0100] {processor.py:826} INFO - Processing file /home/opeyemi/.local/lib/python3.10/site-packages/airflow/example_dags/example_python_operator.py for tasks to queue
[2023-06-21T01:27:19.950+0100] {logging_mixin.py:149} INFO - [2023-06-21T01:27:19.950+0100] {dagbag.py:541} INFO - Filling up the DagBag from /home/opeyemi/.local/lib/python3.10/site-packages/airflow/example_dags/example_python_operator.py
[2023-06-21T01:27:20.079+0100] {logging_mixin.py:149} INFO - [2023-06-21T01:27:20.078+0100] {example_python_operator.py:90} WARNING - The virtalenv_python example task requires virtualenv, please install it.
[2023-06-21T01:27:20.081+0100] {processor.py:836} INFO - DAG(s) dict_keys(['example_python_operator']) retrieved from /home/opeyemi/.local/lib/python3.10/site-packages/airflow/example_dags/example_python_operator.py
[2023-06-21T01:27:20.142+0100] {logging_mixin.py:149} INFO - [2023-06-21T01:27:20.141+0100] {dag.py:2726} INFO - Sync 1 DAGs
[2023-06-21T01:27:20.229+0100] {logging_mixin.py:149} INFO - [2023-06-21T01:27:20.228+0100] {dag.py:3486} INFO - Setting next_dagrun for example_python_operator to None, run_after=None
[2023-06-21T01:27:20.321+0100] {processor.py:179} INFO - Processing /home/opeyemi/.local/lib/python3.10/site-packages/airflow/example_dags/example_python_operator.py took 0.406 seconds
[2023-06-21T01:29:00.360+0100] {processor.py:157} INFO - Started process (PID=21831) to work on /home/opeyemi/.local/lib/python3.10/site-packages/airflow/example_dags/example_python_operator.py
[2023-06-21T01:29:00.375+0100] {processor.py:826} INFO - Processing file /home/opeyemi/.local/lib/python3.10/site-packages/airflow/example_dags/example_python_operator.py for tasks to queue
[2023-06-21T01:29:00.380+0100] {logging_mixin.py:149} INFO - [2023-06-21T01:29:00.379+0100] {dagbag.py:541} INFO - Filling up the DagBag from /home/opeyemi/.local/lib/python3.10/site-packages/airflow/example_dags/example_python_operator.py
[2023-06-21T01:29:00.593+0100] {logging_mixin.py:149} INFO - [2023-06-21T01:29:00.593+0100] {example_python_operator.py:90} WARNING - The virtalenv_python example task requires virtualenv, please install it.
[2023-06-21T01:29:00.596+0100] {processor.py:836} INFO - DAG(s) dict_keys(['example_python_operator']) retrieved from /home/opeyemi/.local/lib/python3.10/site-packages/airflow/example_dags/example_python_operator.py
[2023-06-21T01:29:00.673+0100] {logging_mixin.py:149} INFO - [2023-06-21T01:29:00.673+0100] {dag.py:2726} INFO - Sync 1 DAGs
[2023-06-21T01:29:00.731+0100] {logging_mixin.py:149} INFO - [2023-06-21T01:29:00.730+0100] {dag.py:3486} INFO - Setting next_dagrun for example_python_operator to None, run_after=None
[2023-06-21T01:29:00.779+0100] {processor.py:179} INFO - Processing /home/opeyemi/.local/lib/python3.10/site-packages/airflow/example_dags/example_python_operator.py took 0.438 seconds
[2023-06-21T01:29:58.506+0100] {processor.py:157} INFO - Started process (PID=21882) to work on /home/opeyemi/.local/lib/python3.10/site-packages/airflow/example_dags/example_python_operator.py
[2023-06-21T01:29:58.519+0100] {processor.py:826} INFO - Processing file /home/opeyemi/.local/lib/python3.10/site-packages/airflow/example_dags/example_python_operator.py for tasks to queue
[2023-06-21T01:29:58.531+0100] {logging_mixin.py:149} INFO - [2023-06-21T01:29:58.522+0100] {dagbag.py:541} INFO - Filling up the DagBag from /home/opeyemi/.local/lib/python3.10/site-packages/airflow/example_dags/example_python_operator.py
[2023-06-21T01:29:58.703+0100] {logging_mixin.py:149} INFO - [2023-06-21T01:29:58.702+0100] {example_python_operator.py:90} WARNING - The virtalenv_python example task requires virtualenv, please install it.
[2023-06-21T01:29:58.705+0100] {processor.py:836} INFO - DAG(s) dict_keys(['example_python_operator']) retrieved from /home/opeyemi/.local/lib/python3.10/site-packages/airflow/example_dags/example_python_operator.py
[2023-06-21T01:29:58.778+0100] {logging_mixin.py:149} INFO - [2023-06-21T01:29:58.778+0100] {dag.py:2726} INFO - Sync 1 DAGs
[2023-06-21T01:29:58.815+0100] {logging_mixin.py:149} INFO - [2023-06-21T01:29:58.815+0100] {dag.py:3486} INFO - Setting next_dagrun for example_python_operator to None, run_after=None
[2023-06-21T01:29:58.882+0100] {processor.py:179} INFO - Processing /home/opeyemi/.local/lib/python3.10/site-packages/airflow/example_dags/example_python_operator.py took 0.384 seconds
[2023-06-21T01:30:53.820+0100] {processor.py:157} INFO - Started process (PID=21930) to work on /home/opeyemi/.local/lib/python3.10/site-packages/airflow/example_dags/example_python_operator.py
[2023-06-21T01:30:53.827+0100] {processor.py:826} INFO - Processing file /home/opeyemi/.local/lib/python3.10/site-packages/airflow/example_dags/example_python_operator.py for tasks to queue
[2023-06-21T01:30:53.836+0100] {logging_mixin.py:149} INFO - [2023-06-21T01:30:53.835+0100] {dagbag.py:541} INFO - Filling up the DagBag from /home/opeyemi/.local/lib/python3.10/site-packages/airflow/example_dags/example_python_operator.py
[2023-06-21T01:30:53.922+0100] {logging_mixin.py:149} INFO - [2023-06-21T01:30:53.922+0100] {example_python_operator.py:90} WARNING - The virtalenv_python example task requires virtualenv, please install it.
[2023-06-21T01:30:53.923+0100] {processor.py:836} INFO - DAG(s) dict_keys(['example_python_operator']) retrieved from /home/opeyemi/.local/lib/python3.10/site-packages/airflow/example_dags/example_python_operator.py
[2023-06-21T01:30:53.955+0100] {logging_mixin.py:149} INFO - [2023-06-21T01:30:53.955+0100] {dag.py:2726} INFO - Sync 1 DAGs
[2023-06-21T01:30:53.992+0100] {logging_mixin.py:149} INFO - [2023-06-21T01:30:53.992+0100] {dag.py:3486} INFO - Setting next_dagrun for example_python_operator to None, run_after=None
[2023-06-21T01:30:54.067+0100] {processor.py:179} INFO - Processing /home/opeyemi/.local/lib/python3.10/site-packages/airflow/example_dags/example_python_operator.py took 0.274 seconds
[2023-06-21T01:31:57.511+0100] {processor.py:157} INFO - Started process (PID=21983) to work on /home/opeyemi/.local/lib/python3.10/site-packages/airflow/example_dags/example_python_operator.py
[2023-06-21T01:31:57.528+0100] {processor.py:826} INFO - Processing file /home/opeyemi/.local/lib/python3.10/site-packages/airflow/example_dags/example_python_operator.py for tasks to queue
[2023-06-21T01:31:57.533+0100] {logging_mixin.py:149} INFO - [2023-06-21T01:31:57.532+0100] {dagbag.py:541} INFO - Filling up the DagBag from /home/opeyemi/.local/lib/python3.10/site-packages/airflow/example_dags/example_python_operator.py
[2023-06-21T01:31:57.610+0100] {logging_mixin.py:149} INFO - [2023-06-21T01:31:57.610+0100] {example_python_operator.py:90} WARNING - The virtalenv_python example task requires virtualenv, please install it.
[2023-06-21T01:31:57.611+0100] {processor.py:836} INFO - DAG(s) dict_keys(['example_python_operator']) retrieved from /home/opeyemi/.local/lib/python3.10/site-packages/airflow/example_dags/example_python_operator.py
[2023-06-21T01:31:57.665+0100] {logging_mixin.py:149} INFO - [2023-06-21T01:31:57.665+0100] {dag.py:2726} INFO - Sync 1 DAGs
[2023-06-21T01:31:57.735+0100] {logging_mixin.py:149} INFO - [2023-06-21T01:31:57.735+0100] {dag.py:3486} INFO - Setting next_dagrun for example_python_operator to None, run_after=None
[2023-06-21T01:31:57.858+0100] {processor.py:179} INFO - Processing /home/opeyemi/.local/lib/python3.10/site-packages/airflow/example_dags/example_python_operator.py took 0.377 seconds
[2023-06-21T01:32:54.774+0100] {processor.py:157} INFO - Started process (PID=22042) to work on /home/opeyemi/.local/lib/python3.10/site-packages/airflow/example_dags/example_python_operator.py
[2023-06-21T01:32:54.785+0100] {processor.py:826} INFO - Processing file /home/opeyemi/.local/lib/python3.10/site-packages/airflow/example_dags/example_python_operator.py for tasks to queue
[2023-06-21T01:32:54.787+0100] {logging_mixin.py:149} INFO - [2023-06-21T01:32:54.786+0100] {dagbag.py:541} INFO - Filling up the DagBag from /home/opeyemi/.local/lib/python3.10/site-packages/airflow/example_dags/example_python_operator.py
[2023-06-21T01:32:54.908+0100] {logging_mixin.py:149} INFO - [2023-06-21T01:32:54.907+0100] {example_python_operator.py:90} WARNING - The virtalenv_python example task requires virtualenv, please install it.
[2023-06-21T01:32:54.909+0100] {processor.py:836} INFO - DAG(s) dict_keys(['example_python_operator']) retrieved from /home/opeyemi/.local/lib/python3.10/site-packages/airflow/example_dags/example_python_operator.py
[2023-06-21T01:32:54.966+0100] {logging_mixin.py:149} INFO - [2023-06-21T01:32:54.965+0100] {dag.py:2726} INFO - Sync 1 DAGs
[2023-06-21T01:32:54.994+0100] {logging_mixin.py:149} INFO - [2023-06-21T01:32:54.993+0100] {dag.py:3486} INFO - Setting next_dagrun for example_python_operator to None, run_after=None
[2023-06-21T01:32:55.033+0100] {processor.py:179} INFO - Processing /home/opeyemi/.local/lib/python3.10/site-packages/airflow/example_dags/example_python_operator.py took 0.267 seconds
[2023-06-21T01:33:50.147+0100] {processor.py:157} INFO - Started process (PID=22187) to work on /home/opeyemi/.local/lib/python3.10/site-packages/airflow/example_dags/example_python_operator.py
[2023-06-21T01:33:50.165+0100] {processor.py:826} INFO - Processing file /home/opeyemi/.local/lib/python3.10/site-packages/airflow/example_dags/example_python_operator.py for tasks to queue
[2023-06-21T01:33:50.166+0100] {logging_mixin.py:149} INFO - [2023-06-21T01:33:50.166+0100] {dagbag.py:541} INFO - Filling up the DagBag from /home/opeyemi/.local/lib/python3.10/site-packages/airflow/example_dags/example_python_operator.py
[2023-06-21T01:33:50.271+0100] {logging_mixin.py:149} INFO - [2023-06-21T01:33:50.271+0100] {example_python_operator.py:90} WARNING - The virtalenv_python example task requires virtualenv, please install it.
[2023-06-21T01:33:50.273+0100] {processor.py:836} INFO - DAG(s) dict_keys(['example_python_operator']) retrieved from /home/opeyemi/.local/lib/python3.10/site-packages/airflow/example_dags/example_python_operator.py
[2023-06-21T01:33:50.327+0100] {logging_mixin.py:149} INFO - [2023-06-21T01:33:50.327+0100] {dag.py:2726} INFO - Sync 1 DAGs
[2023-06-21T01:33:50.369+0100] {logging_mixin.py:149} INFO - [2023-06-21T01:33:50.369+0100] {dag.py:3486} INFO - Setting next_dagrun for example_python_operator to None, run_after=None
[2023-06-21T01:33:50.432+0100] {processor.py:179} INFO - Processing /home/opeyemi/.local/lib/python3.10/site-packages/airflow/example_dags/example_python_operator.py took 0.302 seconds
[2023-06-21T01:34:43.901+0100] {processor.py:157} INFO - Started process (PID=22376) to work on /home/opeyemi/.local/lib/python3.10/site-packages/airflow/example_dags/example_python_operator.py
[2023-06-21T01:34:43.905+0100] {processor.py:826} INFO - Processing file /home/opeyemi/.local/lib/python3.10/site-packages/airflow/example_dags/example_python_operator.py for tasks to queue
[2023-06-21T01:34:43.907+0100] {logging_mixin.py:149} INFO - [2023-06-21T01:34:43.907+0100] {dagbag.py:541} INFO - Filling up the DagBag from /home/opeyemi/.local/lib/python3.10/site-packages/airflow/example_dags/example_python_operator.py
[2023-06-21T01:34:44.082+0100] {logging_mixin.py:149} INFO - [2023-06-21T01:34:44.081+0100] {example_python_operator.py:90} WARNING - The virtalenv_python example task requires virtualenv, please install it.
[2023-06-21T01:34:44.083+0100] {processor.py:836} INFO - DAG(s) dict_keys(['example_python_operator']) retrieved from /home/opeyemi/.local/lib/python3.10/site-packages/airflow/example_dags/example_python_operator.py
[2023-06-21T01:34:44.125+0100] {logging_mixin.py:149} INFO - [2023-06-21T01:34:44.125+0100] {dag.py:2726} INFO - Sync 1 DAGs
[2023-06-21T01:34:44.200+0100] {logging_mixin.py:149} INFO - [2023-06-21T01:34:44.199+0100] {dag.py:3486} INFO - Setting next_dagrun for example_python_operator to None, run_after=None
[2023-06-21T01:34:44.260+0100] {processor.py:179} INFO - Processing /home/opeyemi/.local/lib/python3.10/site-packages/airflow/example_dags/example_python_operator.py took 0.371 seconds
[2023-06-21T01:35:37.854+0100] {processor.py:157} INFO - Started process (PID=22511) to work on /home/opeyemi/.local/lib/python3.10/site-packages/airflow/example_dags/example_python_operator.py
[2023-06-21T01:35:37.857+0100] {processor.py:826} INFO - Processing file /home/opeyemi/.local/lib/python3.10/site-packages/airflow/example_dags/example_python_operator.py for tasks to queue
[2023-06-21T01:35:37.860+0100] {logging_mixin.py:149} INFO - [2023-06-21T01:35:37.859+0100] {dagbag.py:541} INFO - Filling up the DagBag from /home/opeyemi/.local/lib/python3.10/site-packages/airflow/example_dags/example_python_operator.py
[2023-06-21T01:35:37.970+0100] {logging_mixin.py:149} INFO - [2023-06-21T01:35:37.970+0100] {example_python_operator.py:90} WARNING - The virtalenv_python example task requires virtualenv, please install it.
[2023-06-21T01:35:37.972+0100] {processor.py:836} INFO - DAG(s) dict_keys(['example_python_operator']) retrieved from /home/opeyemi/.local/lib/python3.10/site-packages/airflow/example_dags/example_python_operator.py
[2023-06-21T01:35:38.038+0100] {logging_mixin.py:149} INFO - [2023-06-21T01:35:38.038+0100] {dag.py:2726} INFO - Sync 1 DAGs
[2023-06-21T01:35:38.087+0100] {logging_mixin.py:149} INFO - [2023-06-21T01:35:38.086+0100] {dag.py:3486} INFO - Setting next_dagrun for example_python_operator to None, run_after=None
[2023-06-21T01:35:38.123+0100] {processor.py:179} INFO - Processing /home/opeyemi/.local/lib/python3.10/site-packages/airflow/example_dags/example_python_operator.py took 0.278 seconds
[2023-06-21T01:36:34.145+0100] {processor.py:157} INFO - Started process (PID=22741) to work on /home/opeyemi/.local/lib/python3.10/site-packages/airflow/example_dags/example_python_operator.py
[2023-06-21T01:36:34.148+0100] {processor.py:826} INFO - Processing file /home/opeyemi/.local/lib/python3.10/site-packages/airflow/example_dags/example_python_operator.py for tasks to queue
[2023-06-21T01:36:34.149+0100] {logging_mixin.py:149} INFO - [2023-06-21T01:36:34.149+0100] {dagbag.py:541} INFO - Filling up the DagBag from /home/opeyemi/.local/lib/python3.10/site-packages/airflow/example_dags/example_python_operator.py
[2023-06-21T01:36:34.246+0100] {logging_mixin.py:149} INFO - [2023-06-21T01:36:34.246+0100] {example_python_operator.py:90} WARNING - The virtalenv_python example task requires virtualenv, please install it.
[2023-06-21T01:36:34.247+0100] {processor.py:836} INFO - DAG(s) dict_keys(['example_python_operator']) retrieved from /home/opeyemi/.local/lib/python3.10/site-packages/airflow/example_dags/example_python_operator.py
[2023-06-21T01:36:34.308+0100] {logging_mixin.py:149} INFO - [2023-06-21T01:36:34.307+0100] {dag.py:2726} INFO - Sync 1 DAGs
[2023-06-21T01:36:34.330+0100] {logging_mixin.py:149} INFO - [2023-06-21T01:36:34.330+0100] {dag.py:3486} INFO - Setting next_dagrun for example_python_operator to None, run_after=None
[2023-06-21T01:36:34.373+0100] {processor.py:179} INFO - Processing /home/opeyemi/.local/lib/python3.10/site-packages/airflow/example_dags/example_python_operator.py took 0.235 seconds
[2023-06-21T01:37:30.593+0100] {processor.py:157} INFO - Started process (PID=23023) to work on /home/opeyemi/.local/lib/python3.10/site-packages/airflow/example_dags/example_python_operator.py
[2023-06-21T01:37:30.599+0100] {processor.py:826} INFO - Processing file /home/opeyemi/.local/lib/python3.10/site-packages/airflow/example_dags/example_python_operator.py for tasks to queue
[2023-06-21T01:37:30.600+0100] {logging_mixin.py:149} INFO - [2023-06-21T01:37:30.600+0100] {dagbag.py:541} INFO - Filling up the DagBag from /home/opeyemi/.local/lib/python3.10/site-packages/airflow/example_dags/example_python_operator.py
[2023-06-21T01:37:30.665+0100] {logging_mixin.py:149} INFO - [2023-06-21T01:37:30.665+0100] {example_python_operator.py:90} WARNING - The virtalenv_python example task requires virtualenv, please install it.
[2023-06-21T01:37:30.666+0100] {processor.py:836} INFO - DAG(s) dict_keys(['example_python_operator']) retrieved from /home/opeyemi/.local/lib/python3.10/site-packages/airflow/example_dags/example_python_operator.py
[2023-06-21T01:37:30.713+0100] {logging_mixin.py:149} INFO - [2023-06-21T01:37:30.712+0100] {dag.py:2726} INFO - Sync 1 DAGs
[2023-06-21T01:37:30.756+0100] {logging_mixin.py:149} INFO - [2023-06-21T01:37:30.756+0100] {dag.py:3486} INFO - Setting next_dagrun for example_python_operator to None, run_after=None
[2023-06-21T01:37:30.815+0100] {processor.py:179} INFO - Processing /home/opeyemi/.local/lib/python3.10/site-packages/airflow/example_dags/example_python_operator.py took 0.235 seconds
[2023-06-21T01:38:27.860+0100] {processor.py:157} INFO - Started process (PID=23257) to work on /home/opeyemi/.local/lib/python3.10/site-packages/airflow/example_dags/example_python_operator.py
[2023-06-21T01:38:27.864+0100] {processor.py:826} INFO - Processing file /home/opeyemi/.local/lib/python3.10/site-packages/airflow/example_dags/example_python_operator.py for tasks to queue
[2023-06-21T01:38:27.866+0100] {logging_mixin.py:149} INFO - [2023-06-21T01:38:27.866+0100] {dagbag.py:541} INFO - Filling up the DagBag from /home/opeyemi/.local/lib/python3.10/site-packages/airflow/example_dags/example_python_operator.py
[2023-06-21T01:38:28.119+0100] {logging_mixin.py:149} INFO - [2023-06-21T01:38:28.119+0100] {example_python_operator.py:90} WARNING - The virtalenv_python example task requires virtualenv, please install it.
[2023-06-21T01:38:28.120+0100] {processor.py:836} INFO - DAG(s) dict_keys(['example_python_operator']) retrieved from /home/opeyemi/.local/lib/python3.10/site-packages/airflow/example_dags/example_python_operator.py
[2023-06-21T01:38:28.186+0100] {logging_mixin.py:149} INFO - [2023-06-21T01:38:28.185+0100] {dag.py:2726} INFO - Sync 1 DAGs
[2023-06-21T01:38:28.223+0100] {logging_mixin.py:149} INFO - [2023-06-21T01:38:28.222+0100] {dag.py:3486} INFO - Setting next_dagrun for example_python_operator to None, run_after=None
[2023-06-21T01:38:28.269+0100] {processor.py:179} INFO - Processing /home/opeyemi/.local/lib/python3.10/site-packages/airflow/example_dags/example_python_operator.py took 0.418 seconds
[2023-06-21T01:39:23.261+0100] {processor.py:157} INFO - Started process (PID=23305) to work on /home/opeyemi/.local/lib/python3.10/site-packages/airflow/example_dags/example_python_operator.py
[2023-06-21T01:39:23.267+0100] {processor.py:826} INFO - Processing file /home/opeyemi/.local/lib/python3.10/site-packages/airflow/example_dags/example_python_operator.py for tasks to queue
[2023-06-21T01:39:23.269+0100] {logging_mixin.py:149} INFO - [2023-06-21T01:39:23.269+0100] {dagbag.py:541} INFO - Filling up the DagBag from /home/opeyemi/.local/lib/python3.10/site-packages/airflow/example_dags/example_python_operator.py
[2023-06-21T01:39:23.342+0100] {logging_mixin.py:149} INFO - [2023-06-21T01:39:23.342+0100] {example_python_operator.py:90} WARNING - The virtalenv_python example task requires virtualenv, please install it.
[2023-06-21T01:39:23.343+0100] {processor.py:836} INFO - DAG(s) dict_keys(['example_python_operator']) retrieved from /home/opeyemi/.local/lib/python3.10/site-packages/airflow/example_dags/example_python_operator.py
[2023-06-21T01:39:23.372+0100] {logging_mixin.py:149} INFO - [2023-06-21T01:39:23.372+0100] {dag.py:2726} INFO - Sync 1 DAGs
[2023-06-21T01:39:23.393+0100] {logging_mixin.py:149} INFO - [2023-06-21T01:39:23.392+0100] {dag.py:3486} INFO - Setting next_dagrun for example_python_operator to None, run_after=None
[2023-06-21T01:39:23.433+0100] {processor.py:179} INFO - Processing /home/opeyemi/.local/lib/python3.10/site-packages/airflow/example_dags/example_python_operator.py took 0.185 seconds
[2023-06-21T01:40:26.996+0100] {processor.py:157} INFO - Started process (PID=23374) to work on /home/opeyemi/.local/lib/python3.10/site-packages/airflow/example_dags/example_python_operator.py
[2023-06-21T01:40:27.007+0100] {processor.py:826} INFO - Processing file /home/opeyemi/.local/lib/python3.10/site-packages/airflow/example_dags/example_python_operator.py for tasks to queue
[2023-06-21T01:40:27.012+0100] {logging_mixin.py:149} INFO - [2023-06-21T01:40:27.011+0100] {dagbag.py:541} INFO - Filling up the DagBag from /home/opeyemi/.local/lib/python3.10/site-packages/airflow/example_dags/example_python_operator.py
[2023-06-21T01:40:27.192+0100] {logging_mixin.py:149} INFO - [2023-06-21T01:40:27.192+0100] {example_python_operator.py:90} WARNING - The virtalenv_python example task requires virtualenv, please install it.
[2023-06-21T01:40:27.194+0100] {processor.py:836} INFO - DAG(s) dict_keys(['example_python_operator']) retrieved from /home/opeyemi/.local/lib/python3.10/site-packages/airflow/example_dags/example_python_operator.py
[2023-06-21T01:40:27.264+0100] {logging_mixin.py:149} INFO - [2023-06-21T01:40:27.264+0100] {dag.py:2726} INFO - Sync 1 DAGs
[2023-06-21T01:40:27.301+0100] {logging_mixin.py:149} INFO - [2023-06-21T01:40:27.301+0100] {dag.py:3486} INFO - Setting next_dagrun for example_python_operator to None, run_after=None
[2023-06-21T01:40:27.343+0100] {processor.py:179} INFO - Processing /home/opeyemi/.local/lib/python3.10/site-packages/airflow/example_dags/example_python_operator.py took 0.358 seconds
