[2023-06-21T01:00:13.822+0100] {processor.py:157} INFO - Started process (PID=20525) to work on /home/opeyemi/.local/lib/python3.10/site-packages/airflow/example_dags/example_nested_branch_dag.py
[2023-06-21T01:00:13.823+0100] {processor.py:826} INFO - Processing file /home/opeyemi/.local/lib/python3.10/site-packages/airflow/example_dags/example_nested_branch_dag.py for tasks to queue
[2023-06-21T01:00:13.825+0100] {logging_mixin.py:149} INFO - [2023-06-21T01:00:13.825+0100] {dagbag.py:541} INFO - Filling up the DagBag from /home/opeyemi/.local/lib/python3.10/site-packages/airflow/example_dags/example_nested_branch_dag.py
[2023-06-21T01:00:13.847+0100] {processor.py:836} INFO - DAG(s) dict_keys(['example_nested_branch_dag']) retrieved from /home/opeyemi/.local/lib/python3.10/site-packages/airflow/example_dags/example_nested_branch_dag.py
[2023-06-21T01:00:13.883+0100] {logging_mixin.py:149} INFO - [2023-06-21T01:00:13.883+0100] {dag.py:2726} INFO - Sync 1 DAGs
[2023-06-21T01:00:13.942+0100] {logging_mixin.py:149} INFO - [2023-06-21T01:00:13.942+0100] {dag.py:3486} INFO - Setting next_dagrun for example_nested_branch_dag to 2023-06-20T00:00:00+00:00, run_after=2023-06-21T00:00:00+00:00
[2023-06-21T01:00:14.406+0100] {processor.py:179} INFO - Processing /home/opeyemi/.local/lib/python3.10/site-packages/airflow/example_dags/example_nested_branch_dag.py took 0.595 seconds
[2023-06-21T01:02:30.634+0100] {processor.py:157} INFO - Started process (PID=20603) to work on /home/opeyemi/.local/lib/python3.10/site-packages/airflow/example_dags/example_nested_branch_dag.py
[2023-06-21T01:02:30.722+0100] {processor.py:826} INFO - Processing file /home/opeyemi/.local/lib/python3.10/site-packages/airflow/example_dags/example_nested_branch_dag.py for tasks to queue
[2023-06-21T01:02:30.726+0100] {logging_mixin.py:149} INFO - [2023-06-21T01:02:30.725+0100] {dagbag.py:541} INFO - Filling up the DagBag from /home/opeyemi/.local/lib/python3.10/site-packages/airflow/example_dags/example_nested_branch_dag.py
[2023-06-21T01:02:30.775+0100] {processor.py:836} INFO - DAG(s) dict_keys(['example_nested_branch_dag']) retrieved from /home/opeyemi/.local/lib/python3.10/site-packages/airflow/example_dags/example_nested_branch_dag.py
[2023-06-21T01:02:30.873+0100] {logging_mixin.py:149} INFO - [2023-06-21T01:02:30.873+0100] {dag.py:2726} INFO - Sync 1 DAGs
[2023-06-21T01:02:30.901+0100] {logging_mixin.py:149} INFO - [2023-06-21T01:02:30.901+0100] {dag.py:3486} INFO - Setting next_dagrun for example_nested_branch_dag to 2023-06-20T00:00:00+00:00, run_after=2023-06-21T00:00:00+00:00
[2023-06-21T01:02:31.031+0100] {processor.py:179} INFO - Processing /home/opeyemi/.local/lib/python3.10/site-packages/airflow/example_dags/example_nested_branch_dag.py took 0.413 seconds
[2023-06-21T01:05:13.806+0100] {processor.py:157} INFO - Started process (PID=20681) to work on /home/opeyemi/.local/lib/python3.10/site-packages/airflow/example_dags/example_nested_branch_dag.py
[2023-06-21T01:05:13.855+0100] {processor.py:826} INFO - Processing file /home/opeyemi/.local/lib/python3.10/site-packages/airflow/example_dags/example_nested_branch_dag.py for tasks to queue
[2023-06-21T01:05:13.857+0100] {logging_mixin.py:149} INFO - [2023-06-21T01:05:13.857+0100] {dagbag.py:541} INFO - Filling up the DagBag from /home/opeyemi/.local/lib/python3.10/site-packages/airflow/example_dags/example_nested_branch_dag.py
[2023-06-21T01:05:13.927+0100] {processor.py:836} INFO - DAG(s) dict_keys(['example_nested_branch_dag']) retrieved from /home/opeyemi/.local/lib/python3.10/site-packages/airflow/example_dags/example_nested_branch_dag.py
[2023-06-21T01:05:13.982+0100] {logging_mixin.py:149} INFO - [2023-06-21T01:05:13.981+0100] {dag.py:2726} INFO - Sync 1 DAGs
[2023-06-21T01:05:14.082+0100] {logging_mixin.py:149} INFO - [2023-06-21T01:05:14.081+0100] {dag.py:3486} INFO - Setting next_dagrun for example_nested_branch_dag to 2023-06-20T00:00:00+00:00, run_after=2023-06-21T00:00:00+00:00
[2023-06-21T01:05:14.173+0100] {processor.py:179} INFO - Processing /home/opeyemi/.local/lib/python3.10/site-packages/airflow/example_dags/example_nested_branch_dag.py took 0.378 seconds
[2023-06-21T01:07:31.036+0100] {processor.py:157} INFO - Started process (PID=20749) to work on /home/opeyemi/.local/lib/python3.10/site-packages/airflow/example_dags/example_nested_branch_dag.py
[2023-06-21T01:07:31.158+0100] {processor.py:826} INFO - Processing file /home/opeyemi/.local/lib/python3.10/site-packages/airflow/example_dags/example_nested_branch_dag.py for tasks to queue
[2023-06-21T01:07:31.161+0100] {logging_mixin.py:149} INFO - [2023-06-21T01:07:31.160+0100] {dagbag.py:541} INFO - Filling up the DagBag from /home/opeyemi/.local/lib/python3.10/site-packages/airflow/example_dags/example_nested_branch_dag.py
[2023-06-21T01:07:31.206+0100] {processor.py:836} INFO - DAG(s) dict_keys(['example_nested_branch_dag']) retrieved from /home/opeyemi/.local/lib/python3.10/site-packages/airflow/example_dags/example_nested_branch_dag.py
[2023-06-21T01:07:31.300+0100] {logging_mixin.py:149} INFO - [2023-06-21T01:07:31.300+0100] {dag.py:2726} INFO - Sync 1 DAGs
[2023-06-21T01:07:31.466+0100] {logging_mixin.py:149} INFO - [2023-06-21T01:07:31.466+0100] {dag.py:3486} INFO - Setting next_dagrun for example_nested_branch_dag to 2023-06-20T00:00:00+00:00, run_after=2023-06-21T00:00:00+00:00
[2023-06-21T01:07:31.698+0100] {processor.py:179} INFO - Processing /home/opeyemi/.local/lib/python3.10/site-packages/airflow/example_dags/example_nested_branch_dag.py took 0.676 seconds
[2023-06-21T01:09:27.198+0100] {processor.py:157} INFO - Started process (PID=20828) to work on /home/opeyemi/.local/lib/python3.10/site-packages/airflow/example_dags/example_nested_branch_dag.py
[2023-06-21T01:09:27.206+0100] {processor.py:826} INFO - Processing file /home/opeyemi/.local/lib/python3.10/site-packages/airflow/example_dags/example_nested_branch_dag.py for tasks to queue
[2023-06-21T01:09:27.207+0100] {logging_mixin.py:149} INFO - [2023-06-21T01:09:27.207+0100] {dagbag.py:541} INFO - Filling up the DagBag from /home/opeyemi/.local/lib/python3.10/site-packages/airflow/example_dags/example_nested_branch_dag.py
[2023-06-21T01:09:27.232+0100] {processor.py:836} INFO - DAG(s) dict_keys(['example_nested_branch_dag']) retrieved from /home/opeyemi/.local/lib/python3.10/site-packages/airflow/example_dags/example_nested_branch_dag.py
[2023-06-21T01:09:27.279+0100] {logging_mixin.py:149} INFO - [2023-06-21T01:09:27.278+0100] {dag.py:2726} INFO - Sync 1 DAGs
[2023-06-21T01:09:27.328+0100] {logging_mixin.py:149} INFO - [2023-06-21T01:09:27.327+0100] {dag.py:3486} INFO - Setting next_dagrun for example_nested_branch_dag to 2023-06-20T00:00:00+00:00, run_after=2023-06-21T00:00:00+00:00
[2023-06-21T01:09:27.476+0100] {processor.py:179} INFO - Processing /home/opeyemi/.local/lib/python3.10/site-packages/airflow/example_dags/example_nested_branch_dag.py took 0.283 seconds
[2023-06-21T01:11:23.243+0100] {processor.py:157} INFO - Started process (PID=20895) to work on /home/opeyemi/.local/lib/python3.10/site-packages/airflow/example_dags/example_nested_branch_dag.py
[2023-06-21T01:11:23.358+0100] {processor.py:826} INFO - Processing file /home/opeyemi/.local/lib/python3.10/site-packages/airflow/example_dags/example_nested_branch_dag.py for tasks to queue
[2023-06-21T01:11:23.360+0100] {logging_mixin.py:149} INFO - [2023-06-21T01:11:23.360+0100] {dagbag.py:541} INFO - Filling up the DagBag from /home/opeyemi/.local/lib/python3.10/site-packages/airflow/example_dags/example_nested_branch_dag.py
[2023-06-21T01:11:23.398+0100] {processor.py:836} INFO - DAG(s) dict_keys(['example_nested_branch_dag']) retrieved from /home/opeyemi/.local/lib/python3.10/site-packages/airflow/example_dags/example_nested_branch_dag.py
[2023-06-21T01:11:23.441+0100] {logging_mixin.py:149} INFO - [2023-06-21T01:11:23.441+0100] {dag.py:2726} INFO - Sync 1 DAGs
[2023-06-21T01:11:23.479+0100] {logging_mixin.py:149} INFO - [2023-06-21T01:11:23.479+0100] {dag.py:3486} INFO - Setting next_dagrun for example_nested_branch_dag to 2023-06-20T00:00:00+00:00, run_after=2023-06-21T00:00:00+00:00
[2023-06-21T01:11:23.706+0100] {processor.py:179} INFO - Processing /home/opeyemi/.local/lib/python3.10/site-packages/airflow/example_dags/example_nested_branch_dag.py took 0.475 seconds
[2023-06-21T01:13:37.029+0100] {processor.py:157} INFO - Started process (PID=20991) to work on /home/opeyemi/.local/lib/python3.10/site-packages/airflow/example_dags/example_nested_branch_dag.py
[2023-06-21T01:13:37.086+0100] {processor.py:826} INFO - Processing file /home/opeyemi/.local/lib/python3.10/site-packages/airflow/example_dags/example_nested_branch_dag.py for tasks to queue
[2023-06-21T01:13:37.089+0100] {logging_mixin.py:149} INFO - [2023-06-21T01:13:37.088+0100] {dagbag.py:541} INFO - Filling up the DagBag from /home/opeyemi/.local/lib/python3.10/site-packages/airflow/example_dags/example_nested_branch_dag.py
[2023-06-21T01:13:37.149+0100] {processor.py:836} INFO - DAG(s) dict_keys(['example_nested_branch_dag']) retrieved from /home/opeyemi/.local/lib/python3.10/site-packages/airflow/example_dags/example_nested_branch_dag.py
[2023-06-21T01:13:37.198+0100] {logging_mixin.py:149} INFO - [2023-06-21T01:13:37.197+0100] {dag.py:2726} INFO - Sync 1 DAGs
[2023-06-21T01:13:37.244+0100] {logging_mixin.py:149} INFO - [2023-06-21T01:13:37.243+0100] {dag.py:3486} INFO - Setting next_dagrun for example_nested_branch_dag to 2023-06-20T00:00:00+00:00, run_after=2023-06-21T00:00:00+00:00
[2023-06-21T01:13:37.520+0100] {processor.py:179} INFO - Processing /home/opeyemi/.local/lib/python3.10/site-packages/airflow/example_dags/example_nested_branch_dag.py took 0.511 seconds
[2023-06-21T01:16:30.860+0100] {processor.py:157} INFO - Started process (PID=21060) to work on /home/opeyemi/.local/lib/python3.10/site-packages/airflow/example_dags/example_nested_branch_dag.py
[2023-06-21T01:16:30.905+0100] {processor.py:826} INFO - Processing file /home/opeyemi/.local/lib/python3.10/site-packages/airflow/example_dags/example_nested_branch_dag.py for tasks to queue
[2023-06-21T01:16:30.909+0100] {logging_mixin.py:149} INFO - [2023-06-21T01:16:30.908+0100] {dagbag.py:541} INFO - Filling up the DagBag from /home/opeyemi/.local/lib/python3.10/site-packages/airflow/example_dags/example_nested_branch_dag.py
[2023-06-21T01:16:30.943+0100] {processor.py:836} INFO - DAG(s) dict_keys(['example_nested_branch_dag']) retrieved from /home/opeyemi/.local/lib/python3.10/site-packages/airflow/example_dags/example_nested_branch_dag.py
[2023-06-21T01:16:31.007+0100] {logging_mixin.py:149} INFO - [2023-06-21T01:16:31.006+0100] {dag.py:2726} INFO - Sync 1 DAGs
[2023-06-21T01:16:31.052+0100] {logging_mixin.py:149} INFO - [2023-06-21T01:16:31.052+0100] {dag.py:3486} INFO - Setting next_dagrun for example_nested_branch_dag to 2023-06-20T00:00:00+00:00, run_after=2023-06-21T00:00:00+00:00
[2023-06-21T01:16:31.205+0100] {processor.py:179} INFO - Processing /home/opeyemi/.local/lib/python3.10/site-packages/airflow/example_dags/example_nested_branch_dag.py took 0.359 seconds
[2023-06-21T01:17:46.788+0100] {processor.py:157} INFO - Started process (PID=21119) to work on /home/opeyemi/.local/lib/python3.10/site-packages/airflow/example_dags/example_nested_branch_dag.py
[2023-06-21T01:17:46.795+0100] {processor.py:826} INFO - Processing file /home/opeyemi/.local/lib/python3.10/site-packages/airflow/example_dags/example_nested_branch_dag.py for tasks to queue
[2023-06-21T01:17:46.798+0100] {logging_mixin.py:149} INFO - [2023-06-21T01:17:46.797+0100] {dagbag.py:541} INFO - Filling up the DagBag from /home/opeyemi/.local/lib/python3.10/site-packages/airflow/example_dags/example_nested_branch_dag.py
[2023-06-21T01:17:46.840+0100] {processor.py:836} INFO - DAG(s) dict_keys(['example_nested_branch_dag']) retrieved from /home/opeyemi/.local/lib/python3.10/site-packages/airflow/example_dags/example_nested_branch_dag.py
[2023-06-21T01:17:46.891+0100] {logging_mixin.py:149} INFO - [2023-06-21T01:17:46.891+0100] {dag.py:2726} INFO - Sync 1 DAGs
[2023-06-21T01:17:46.919+0100] {logging_mixin.py:149} INFO - [2023-06-21T01:17:46.918+0100] {dag.py:3486} INFO - Setting next_dagrun for example_nested_branch_dag to 2023-06-20T00:00:00+00:00, run_after=2023-06-21T00:00:00+00:00
[2023-06-21T01:17:46.972+0100] {processor.py:179} INFO - Processing /home/opeyemi/.local/lib/python3.10/site-packages/airflow/example_dags/example_nested_branch_dag.py took 0.201 seconds
[2023-06-21T01:19:03.422+0100] {processor.py:157} INFO - Started process (PID=21178) to work on /home/opeyemi/.local/lib/python3.10/site-packages/airflow/example_dags/example_nested_branch_dag.py
[2023-06-21T01:19:03.445+0100] {processor.py:826} INFO - Processing file /home/opeyemi/.local/lib/python3.10/site-packages/airflow/example_dags/example_nested_branch_dag.py for tasks to queue
[2023-06-21T01:19:03.448+0100] {logging_mixin.py:149} INFO - [2023-06-21T01:19:03.447+0100] {dagbag.py:541} INFO - Filling up the DagBag from /home/opeyemi/.local/lib/python3.10/site-packages/airflow/example_dags/example_nested_branch_dag.py
[2023-06-21T01:19:03.481+0100] {processor.py:836} INFO - DAG(s) dict_keys(['example_nested_branch_dag']) retrieved from /home/opeyemi/.local/lib/python3.10/site-packages/airflow/example_dags/example_nested_branch_dag.py
[2023-06-21T01:19:03.554+0100] {logging_mixin.py:149} INFO - [2023-06-21T01:19:03.554+0100] {dag.py:2726} INFO - Sync 1 DAGs
[2023-06-21T01:19:03.606+0100] {logging_mixin.py:149} INFO - [2023-06-21T01:19:03.606+0100] {dag.py:3486} INFO - Setting next_dagrun for example_nested_branch_dag to 2023-06-20T00:00:00+00:00, run_after=2023-06-21T00:00:00+00:00
[2023-06-21T01:19:04.093+0100] {processor.py:179} INFO - Processing /home/opeyemi/.local/lib/python3.10/site-packages/airflow/example_dags/example_nested_branch_dag.py took 0.689 seconds
[2023-06-21T01:20:20.330+0100] {processor.py:157} INFO - Started process (PID=21236) to work on /home/opeyemi/.local/lib/python3.10/site-packages/airflow/example_dags/example_nested_branch_dag.py
[2023-06-21T01:20:20.558+0100] {processor.py:826} INFO - Processing file /home/opeyemi/.local/lib/python3.10/site-packages/airflow/example_dags/example_nested_branch_dag.py for tasks to queue
[2023-06-21T01:20:20.561+0100] {logging_mixin.py:149} INFO - [2023-06-21T01:20:20.560+0100] {dagbag.py:541} INFO - Filling up the DagBag from /home/opeyemi/.local/lib/python3.10/site-packages/airflow/example_dags/example_nested_branch_dag.py
[2023-06-21T01:20:20.594+0100] {processor.py:836} INFO - DAG(s) dict_keys(['example_nested_branch_dag']) retrieved from /home/opeyemi/.local/lib/python3.10/site-packages/airflow/example_dags/example_nested_branch_dag.py
[2023-06-21T01:20:20.658+0100] {logging_mixin.py:149} INFO - [2023-06-21T01:20:20.658+0100] {dag.py:2726} INFO - Sync 1 DAGs
[2023-06-21T01:20:20.732+0100] {logging_mixin.py:149} INFO - [2023-06-21T01:20:20.732+0100] {dag.py:3486} INFO - Setting next_dagrun for example_nested_branch_dag to 2023-06-20T00:00:00+00:00, run_after=2023-06-21T00:00:00+00:00
[2023-06-21T01:20:32.604+0100] {processor.py:179} INFO - Processing /home/opeyemi/.local/lib/python3.10/site-packages/airflow/example_dags/example_nested_branch_dag.py took 12.300 seconds
[2023-06-21T01:22:01.759+0100] {processor.py:157} INFO - Started process (PID=21279) to work on /home/opeyemi/.local/lib/python3.10/site-packages/airflow/example_dags/example_nested_branch_dag.py
[2023-06-21T01:22:01.806+0100] {processor.py:826} INFO - Processing file /home/opeyemi/.local/lib/python3.10/site-packages/airflow/example_dags/example_nested_branch_dag.py for tasks to queue
[2023-06-21T01:22:01.808+0100] {logging_mixin.py:149} INFO - [2023-06-21T01:22:01.808+0100] {dagbag.py:541} INFO - Filling up the DagBag from /home/opeyemi/.local/lib/python3.10/site-packages/airflow/example_dags/example_nested_branch_dag.py
[2023-06-21T01:22:01.840+0100] {processor.py:836} INFO - DAG(s) dict_keys(['example_nested_branch_dag']) retrieved from /home/opeyemi/.local/lib/python3.10/site-packages/airflow/example_dags/example_nested_branch_dag.py
[2023-06-21T01:22:01.925+0100] {logging_mixin.py:149} INFO - [2023-06-21T01:22:01.924+0100] {dag.py:2726} INFO - Sync 1 DAGs
[2023-06-21T01:22:02.042+0100] {logging_mixin.py:149} INFO - [2023-06-21T01:22:02.042+0100] {dag.py:3486} INFO - Setting next_dagrun for example_nested_branch_dag to 2023-06-20T00:00:00+00:00, run_after=2023-06-21T00:00:00+00:00
[2023-06-21T01:22:02.112+0100] {processor.py:179} INFO - Processing /home/opeyemi/.local/lib/python3.10/site-packages/airflow/example_dags/example_nested_branch_dag.py took 0.363 seconds
[2023-06-21T01:23:46.146+0100] {processor.py:157} INFO - Started process (PID=21342) to work on /home/opeyemi/.local/lib/python3.10/site-packages/airflow/example_dags/example_nested_branch_dag.py
[2023-06-21T01:23:46.208+0100] {processor.py:826} INFO - Processing file /home/opeyemi/.local/lib/python3.10/site-packages/airflow/example_dags/example_nested_branch_dag.py for tasks to queue
[2023-06-21T01:23:46.211+0100] {logging_mixin.py:149} INFO - [2023-06-21T01:23:46.210+0100] {dagbag.py:541} INFO - Filling up the DagBag from /home/opeyemi/.local/lib/python3.10/site-packages/airflow/example_dags/example_nested_branch_dag.py
[2023-06-21T01:23:46.293+0100] {processor.py:836} INFO - DAG(s) dict_keys(['example_nested_branch_dag']) retrieved from /home/opeyemi/.local/lib/python3.10/site-packages/airflow/example_dags/example_nested_branch_dag.py
[2023-06-21T01:23:46.359+0100] {logging_mixin.py:149} INFO - [2023-06-21T01:23:46.358+0100] {dag.py:2726} INFO - Sync 1 DAGs
[2023-06-21T01:23:46.474+0100] {logging_mixin.py:149} INFO - [2023-06-21T01:23:46.474+0100] {dag.py:3486} INFO - Setting next_dagrun for example_nested_branch_dag to 2023-06-20T00:00:00+00:00, run_after=2023-06-21T00:00:00+00:00
[2023-06-21T01:23:46.929+0100] {processor.py:179} INFO - Processing /home/opeyemi/.local/lib/python3.10/site-packages/airflow/example_dags/example_nested_branch_dag.py took 0.792 seconds
[2023-06-21T01:24:58.900+0100] {processor.py:157} INFO - Started process (PID=21566) to work on /home/opeyemi/.local/lib/python3.10/site-packages/airflow/example_dags/example_nested_branch_dag.py
[2023-06-21T01:24:58.914+0100] {processor.py:826} INFO - Processing file /home/opeyemi/.local/lib/python3.10/site-packages/airflow/example_dags/example_nested_branch_dag.py for tasks to queue
[2023-06-21T01:24:58.915+0100] {logging_mixin.py:149} INFO - [2023-06-21T01:24:58.915+0100] {dagbag.py:541} INFO - Filling up the DagBag from /home/opeyemi/.local/lib/python3.10/site-packages/airflow/example_dags/example_nested_branch_dag.py
[2023-06-21T01:24:58.935+0100] {processor.py:836} INFO - DAG(s) dict_keys(['example_nested_branch_dag']) retrieved from /home/opeyemi/.local/lib/python3.10/site-packages/airflow/example_dags/example_nested_branch_dag.py
[2023-06-21T01:24:58.970+0100] {logging_mixin.py:149} INFO - [2023-06-21T01:24:58.969+0100] {dag.py:2726} INFO - Sync 1 DAGs
[2023-06-21T01:24:59.013+0100] {logging_mixin.py:149} INFO - [2023-06-21T01:24:59.013+0100] {dag.py:3486} INFO - Setting next_dagrun for example_nested_branch_dag to 2023-06-20T00:00:00+00:00, run_after=2023-06-21T00:00:00+00:00
[2023-06-21T01:24:59.069+0100] {processor.py:179} INFO - Processing /home/opeyemi/.local/lib/python3.10/site-packages/airflow/example_dags/example_nested_branch_dag.py took 0.177 seconds
[2023-06-21T01:26:11.627+0100] {processor.py:157} INFO - Started process (PID=21676) to work on /home/opeyemi/.local/lib/python3.10/site-packages/airflow/example_dags/example_nested_branch_dag.py
[2023-06-21T01:26:11.629+0100] {processor.py:826} INFO - Processing file /home/opeyemi/.local/lib/python3.10/site-packages/airflow/example_dags/example_nested_branch_dag.py for tasks to queue
[2023-06-21T01:26:11.630+0100] {logging_mixin.py:149} INFO - [2023-06-21T01:26:11.629+0100] {dagbag.py:541} INFO - Filling up the DagBag from /home/opeyemi/.local/lib/python3.10/site-packages/airflow/example_dags/example_nested_branch_dag.py
[2023-06-21T01:26:11.652+0100] {processor.py:836} INFO - DAG(s) dict_keys(['example_nested_branch_dag']) retrieved from /home/opeyemi/.local/lib/python3.10/site-packages/airflow/example_dags/example_nested_branch_dag.py
[2023-06-21T01:26:11.740+0100] {logging_mixin.py:149} INFO - [2023-06-21T01:26:11.740+0100] {dag.py:2726} INFO - Sync 1 DAGs
[2023-06-21T01:26:11.852+0100] {logging_mixin.py:149} INFO - [2023-06-21T01:26:11.851+0100] {dag.py:3486} INFO - Setting next_dagrun for example_nested_branch_dag to 2023-06-20T00:00:00+00:00, run_after=2023-06-21T00:00:00+00:00
[2023-06-21T01:26:11.939+0100] {processor.py:179} INFO - Processing /home/opeyemi/.local/lib/python3.10/site-packages/airflow/example_dags/example_nested_branch_dag.py took 0.317 seconds
[2023-06-21T01:28:04.235+0100] {processor.py:157} INFO - Started process (PID=21784) to work on /home/opeyemi/.local/lib/python3.10/site-packages/airflow/example_dags/example_nested_branch_dag.py
[2023-06-21T01:28:04.451+0100] {processor.py:826} INFO - Processing file /home/opeyemi/.local/lib/python3.10/site-packages/airflow/example_dags/example_nested_branch_dag.py for tasks to queue
[2023-06-21T01:28:04.455+0100] {logging_mixin.py:149} INFO - [2023-06-21T01:28:04.455+0100] {dagbag.py:541} INFO - Filling up the DagBag from /home/opeyemi/.local/lib/python3.10/site-packages/airflow/example_dags/example_nested_branch_dag.py
[2023-06-21T01:28:04.509+0100] {processor.py:836} INFO - DAG(s) dict_keys(['example_nested_branch_dag']) retrieved from /home/opeyemi/.local/lib/python3.10/site-packages/airflow/example_dags/example_nested_branch_dag.py
[2023-06-21T01:28:04.616+0100] {logging_mixin.py:149} INFO - [2023-06-21T01:28:04.615+0100] {dag.py:2726} INFO - Sync 1 DAGs
[2023-06-21T01:28:04.660+0100] {logging_mixin.py:149} INFO - [2023-06-21T01:28:04.659+0100] {dag.py:3486} INFO - Setting next_dagrun for example_nested_branch_dag to 2023-06-20T00:00:00+00:00, run_after=2023-06-21T00:00:00+00:00
[2023-06-21T01:28:04.833+0100] {processor.py:179} INFO - Processing /home/opeyemi/.local/lib/python3.10/site-packages/airflow/example_dags/example_nested_branch_dag.py took 0.610 seconds
[2023-06-21T01:29:18.380+0100] {processor.py:157} INFO - Started process (PID=21848) to work on /home/opeyemi/.local/lib/python3.10/site-packages/airflow/example_dags/example_nested_branch_dag.py
[2023-06-21T01:29:18.397+0100] {processor.py:826} INFO - Processing file /home/opeyemi/.local/lib/python3.10/site-packages/airflow/example_dags/example_nested_branch_dag.py for tasks to queue
[2023-06-21T01:29:18.400+0100] {logging_mixin.py:149} INFO - [2023-06-21T01:29:18.399+0100] {dagbag.py:541} INFO - Filling up the DagBag from /home/opeyemi/.local/lib/python3.10/site-packages/airflow/example_dags/example_nested_branch_dag.py
[2023-06-21T01:29:18.448+0100] {processor.py:836} INFO - DAG(s) dict_keys(['example_nested_branch_dag']) retrieved from /home/opeyemi/.local/lib/python3.10/site-packages/airflow/example_dags/example_nested_branch_dag.py
[2023-06-21T01:29:18.519+0100] {logging_mixin.py:149} INFO - [2023-06-21T01:29:18.519+0100] {dag.py:2726} INFO - Sync 1 DAGs
[2023-06-21T01:29:18.558+0100] {logging_mixin.py:149} INFO - [2023-06-21T01:29:18.558+0100] {dag.py:3486} INFO - Setting next_dagrun for example_nested_branch_dag to 2023-06-20T00:00:00+00:00, run_after=2023-06-21T00:00:00+00:00
[2023-06-21T01:29:18.639+0100] {processor.py:179} INFO - Processing /home/opeyemi/.local/lib/python3.10/site-packages/airflow/example_dags/example_nested_branch_dag.py took 0.272 seconds
[2023-06-21T01:30:15.194+0100] {processor.py:157} INFO - Started process (PID=21899) to work on /home/opeyemi/.local/lib/python3.10/site-packages/airflow/example_dags/example_nested_branch_dag.py
[2023-06-21T01:30:15.201+0100] {processor.py:826} INFO - Processing file /home/opeyemi/.local/lib/python3.10/site-packages/airflow/example_dags/example_nested_branch_dag.py for tasks to queue
[2023-06-21T01:30:15.203+0100] {logging_mixin.py:149} INFO - [2023-06-21T01:30:15.202+0100] {dagbag.py:541} INFO - Filling up the DagBag from /home/opeyemi/.local/lib/python3.10/site-packages/airflow/example_dags/example_nested_branch_dag.py
[2023-06-21T01:30:15.226+0100] {processor.py:836} INFO - DAG(s) dict_keys(['example_nested_branch_dag']) retrieved from /home/opeyemi/.local/lib/python3.10/site-packages/airflow/example_dags/example_nested_branch_dag.py
[2023-06-21T01:30:15.288+0100] {logging_mixin.py:149} INFO - [2023-06-21T01:30:15.287+0100] {dag.py:2726} INFO - Sync 1 DAGs
[2023-06-21T01:30:15.368+0100] {logging_mixin.py:149} INFO - [2023-06-21T01:30:15.368+0100] {dag.py:3486} INFO - Setting next_dagrun for example_nested_branch_dag to 2023-06-20T00:00:00+00:00, run_after=2023-06-21T00:00:00+00:00
[2023-06-21T01:30:15.443+0100] {processor.py:179} INFO - Processing /home/opeyemi/.local/lib/python3.10/site-packages/airflow/example_dags/example_nested_branch_dag.py took 0.257 seconds
[2023-06-21T01:31:15.079+0100] {processor.py:157} INFO - Started process (PID=21946) to work on /home/opeyemi/.local/lib/python3.10/site-packages/airflow/example_dags/example_nested_branch_dag.py
[2023-06-21T01:31:15.130+0100] {processor.py:826} INFO - Processing file /home/opeyemi/.local/lib/python3.10/site-packages/airflow/example_dags/example_nested_branch_dag.py for tasks to queue
[2023-06-21T01:31:15.137+0100] {logging_mixin.py:149} INFO - [2023-06-21T01:31:15.135+0100] {dagbag.py:541} INFO - Filling up the DagBag from /home/opeyemi/.local/lib/python3.10/site-packages/airflow/example_dags/example_nested_branch_dag.py
[2023-06-21T01:31:15.195+0100] {processor.py:836} INFO - DAG(s) dict_keys(['example_nested_branch_dag']) retrieved from /home/opeyemi/.local/lib/python3.10/site-packages/airflow/example_dags/example_nested_branch_dag.py
[2023-06-21T01:31:15.286+0100] {logging_mixin.py:149} INFO - [2023-06-21T01:31:15.285+0100] {dag.py:2726} INFO - Sync 1 DAGs
[2023-06-21T01:31:15.331+0100] {logging_mixin.py:149} INFO - [2023-06-21T01:31:15.331+0100] {dag.py:3486} INFO - Setting next_dagrun for example_nested_branch_dag to 2023-06-20T00:00:00+00:00, run_after=2023-06-21T00:00:00+00:00
[2023-06-21T01:31:15.538+0100] {processor.py:179} INFO - Processing /home/opeyemi/.local/lib/python3.10/site-packages/airflow/example_dags/example_nested_branch_dag.py took 0.470 seconds
[2023-06-21T01:32:15.958+0100] {processor.py:157} INFO - Started process (PID=22000) to work on /home/opeyemi/.local/lib/python3.10/site-packages/airflow/example_dags/example_nested_branch_dag.py
[2023-06-21T01:32:15.963+0100] {processor.py:826} INFO - Processing file /home/opeyemi/.local/lib/python3.10/site-packages/airflow/example_dags/example_nested_branch_dag.py for tasks to queue
[2023-06-21T01:32:15.965+0100] {logging_mixin.py:149} INFO - [2023-06-21T01:32:15.964+0100] {dagbag.py:541} INFO - Filling up the DagBag from /home/opeyemi/.local/lib/python3.10/site-packages/airflow/example_dags/example_nested_branch_dag.py
[2023-06-21T01:32:15.994+0100] {processor.py:836} INFO - DAG(s) dict_keys(['example_nested_branch_dag']) retrieved from /home/opeyemi/.local/lib/python3.10/site-packages/airflow/example_dags/example_nested_branch_dag.py
[2023-06-21T01:32:16.052+0100] {logging_mixin.py:149} INFO - [2023-06-21T01:32:16.052+0100] {dag.py:2726} INFO - Sync 1 DAGs
[2023-06-21T01:32:16.079+0100] {logging_mixin.py:149} INFO - [2023-06-21T01:32:16.079+0100] {dag.py:3486} INFO - Setting next_dagrun for example_nested_branch_dag to 2023-06-20T00:00:00+00:00, run_after=2023-06-21T00:00:00+00:00
[2023-06-21T01:32:16.169+0100] {processor.py:179} INFO - Processing /home/opeyemi/.local/lib/python3.10/site-packages/airflow/example_dags/example_nested_branch_dag.py took 0.222 seconds
[2023-06-21T01:33:13.612+0100] {processor.py:157} INFO - Started process (PID=22059) to work on /home/opeyemi/.local/lib/python3.10/site-packages/airflow/example_dags/example_nested_branch_dag.py
[2023-06-21T01:33:13.624+0100] {processor.py:826} INFO - Processing file /home/opeyemi/.local/lib/python3.10/site-packages/airflow/example_dags/example_nested_branch_dag.py for tasks to queue
[2023-06-21T01:33:13.627+0100] {logging_mixin.py:149} INFO - [2023-06-21T01:33:13.627+0100] {dagbag.py:541} INFO - Filling up the DagBag from /home/opeyemi/.local/lib/python3.10/site-packages/airflow/example_dags/example_nested_branch_dag.py
[2023-06-21T01:33:13.731+0100] {processor.py:836} INFO - DAG(s) dict_keys(['example_nested_branch_dag']) retrieved from /home/opeyemi/.local/lib/python3.10/site-packages/airflow/example_dags/example_nested_branch_dag.py
[2023-06-21T01:33:13.796+0100] {logging_mixin.py:149} INFO - [2023-06-21T01:33:13.796+0100] {dag.py:2726} INFO - Sync 1 DAGs
[2023-06-21T01:33:13.834+0100] {logging_mixin.py:149} INFO - [2023-06-21T01:33:13.834+0100] {dag.py:3486} INFO - Setting next_dagrun for example_nested_branch_dag to 2023-06-20T00:00:00+00:00, run_after=2023-06-21T00:00:00+00:00
[2023-06-21T01:33:13.892+0100] {processor.py:179} INFO - Processing /home/opeyemi/.local/lib/python3.10/site-packages/airflow/example_dags/example_nested_branch_dag.py took 0.300 seconds
[2023-06-21T01:34:07.062+0100] {processor.py:157} INFO - Started process (PID=22216) to work on /home/opeyemi/.local/lib/python3.10/site-packages/airflow/example_dags/example_nested_branch_dag.py
[2023-06-21T01:34:07.082+0100] {processor.py:826} INFO - Processing file /home/opeyemi/.local/lib/python3.10/site-packages/airflow/example_dags/example_nested_branch_dag.py for tasks to queue
[2023-06-21T01:34:07.084+0100] {logging_mixin.py:149} INFO - [2023-06-21T01:34:07.084+0100] {dagbag.py:541} INFO - Filling up the DagBag from /home/opeyemi/.local/lib/python3.10/site-packages/airflow/example_dags/example_nested_branch_dag.py
[2023-06-21T01:34:07.131+0100] {processor.py:836} INFO - DAG(s) dict_keys(['example_nested_branch_dag']) retrieved from /home/opeyemi/.local/lib/python3.10/site-packages/airflow/example_dags/example_nested_branch_dag.py
[2023-06-21T01:34:07.238+0100] {logging_mixin.py:149} INFO - [2023-06-21T01:34:07.238+0100] {dag.py:2726} INFO - Sync 1 DAGs
[2023-06-21T01:34:07.278+0100] {logging_mixin.py:149} INFO - [2023-06-21T01:34:07.278+0100] {dag.py:3486} INFO - Setting next_dagrun for example_nested_branch_dag to 2023-06-20T00:00:00+00:00, run_after=2023-06-21T00:00:00+00:00
[2023-06-21T01:34:07.335+0100] {processor.py:179} INFO - Processing /home/opeyemi/.local/lib/python3.10/site-packages/airflow/example_dags/example_nested_branch_dag.py took 0.286 seconds
[2023-06-21T01:34:59.577+0100] {processor.py:157} INFO - Started process (PID=22445) to work on /home/opeyemi/.local/lib/python3.10/site-packages/airflow/example_dags/example_nested_branch_dag.py
[2023-06-21T01:34:59.581+0100] {processor.py:826} INFO - Processing file /home/opeyemi/.local/lib/python3.10/site-packages/airflow/example_dags/example_nested_branch_dag.py for tasks to queue
[2023-06-21T01:34:59.583+0100] {logging_mixin.py:149} INFO - [2023-06-21T01:34:59.583+0100] {dagbag.py:541} INFO - Filling up the DagBag from /home/opeyemi/.local/lib/python3.10/site-packages/airflow/example_dags/example_nested_branch_dag.py
[2023-06-21T01:34:59.619+0100] {processor.py:836} INFO - DAG(s) dict_keys(['example_nested_branch_dag']) retrieved from /home/opeyemi/.local/lib/python3.10/site-packages/airflow/example_dags/example_nested_branch_dag.py
[2023-06-21T01:34:59.675+0100] {logging_mixin.py:149} INFO - [2023-06-21T01:34:59.675+0100] {dag.py:2726} INFO - Sync 1 DAGs
[2023-06-21T01:34:59.702+0100] {logging_mixin.py:149} INFO - [2023-06-21T01:34:59.702+0100] {dag.py:3486} INFO - Setting next_dagrun for example_nested_branch_dag to 2023-06-20T00:00:00+00:00, run_after=2023-06-21T00:00:00+00:00
[2023-06-21T01:34:59.740+0100] {processor.py:179} INFO - Processing /home/opeyemi/.local/lib/python3.10/site-packages/airflow/example_dags/example_nested_branch_dag.py took 0.174 seconds
[2023-06-21T01:35:54.570+0100] {processor.py:157} INFO - Started process (PID=22654) to work on /home/opeyemi/.local/lib/python3.10/site-packages/airflow/example_dags/example_nested_branch_dag.py
[2023-06-21T01:35:54.573+0100] {processor.py:826} INFO - Processing file /home/opeyemi/.local/lib/python3.10/site-packages/airflow/example_dags/example_nested_branch_dag.py for tasks to queue
[2023-06-21T01:35:54.575+0100] {logging_mixin.py:149} INFO - [2023-06-21T01:35:54.574+0100] {dagbag.py:541} INFO - Filling up the DagBag from /home/opeyemi/.local/lib/python3.10/site-packages/airflow/example_dags/example_nested_branch_dag.py
[2023-06-21T01:35:54.595+0100] {processor.py:836} INFO - DAG(s) dict_keys(['example_nested_branch_dag']) retrieved from /home/opeyemi/.local/lib/python3.10/site-packages/airflow/example_dags/example_nested_branch_dag.py
[2023-06-21T01:35:54.652+0100] {logging_mixin.py:149} INFO - [2023-06-21T01:35:54.652+0100] {dag.py:2726} INFO - Sync 1 DAGs
[2023-06-21T01:35:54.698+0100] {logging_mixin.py:149} INFO - [2023-06-21T01:35:54.697+0100] {dag.py:3486} INFO - Setting next_dagrun for example_nested_branch_dag to 2023-06-20T00:00:00+00:00, run_after=2023-06-21T00:00:00+00:00
[2023-06-21T01:35:54.750+0100] {processor.py:179} INFO - Processing /home/opeyemi/.local/lib/python3.10/site-packages/airflow/example_dags/example_nested_branch_dag.py took 0.187 seconds
[2023-06-21T01:36:49.335+0100] {processor.py:157} INFO - Started process (PID=22766) to work on /home/opeyemi/.local/lib/python3.10/site-packages/airflow/example_dags/example_nested_branch_dag.py
[2023-06-21T01:36:49.340+0100] {processor.py:826} INFO - Processing file /home/opeyemi/.local/lib/python3.10/site-packages/airflow/example_dags/example_nested_branch_dag.py for tasks to queue
[2023-06-21T01:36:49.342+0100] {logging_mixin.py:149} INFO - [2023-06-21T01:36:49.342+0100] {dagbag.py:541} INFO - Filling up the DagBag from /home/opeyemi/.local/lib/python3.10/site-packages/airflow/example_dags/example_nested_branch_dag.py
[2023-06-21T01:36:49.382+0100] {processor.py:836} INFO - DAG(s) dict_keys(['example_nested_branch_dag']) retrieved from /home/opeyemi/.local/lib/python3.10/site-packages/airflow/example_dags/example_nested_branch_dag.py
[2023-06-21T01:36:49.450+0100] {logging_mixin.py:149} INFO - [2023-06-21T01:36:49.450+0100] {dag.py:2726} INFO - Sync 1 DAGs
[2023-06-21T01:36:49.518+0100] {logging_mixin.py:149} INFO - [2023-06-21T01:36:49.517+0100] {dag.py:3486} INFO - Setting next_dagrun for example_nested_branch_dag to 2023-06-20T00:00:00+00:00, run_after=2023-06-21T00:00:00+00:00
[2023-06-21T01:36:49.583+0100] {processor.py:179} INFO - Processing /home/opeyemi/.local/lib/python3.10/site-packages/airflow/example_dags/example_nested_branch_dag.py took 0.260 seconds
[2023-06-21T01:37:46.201+0100] {processor.py:157} INFO - Started process (PID=23075) to work on /home/opeyemi/.local/lib/python3.10/site-packages/airflow/example_dags/example_nested_branch_dag.py
[2023-06-21T01:37:46.205+0100] {processor.py:826} INFO - Processing file /home/opeyemi/.local/lib/python3.10/site-packages/airflow/example_dags/example_nested_branch_dag.py for tasks to queue
[2023-06-21T01:37:46.207+0100] {logging_mixin.py:149} INFO - [2023-06-21T01:37:46.207+0100] {dagbag.py:541} INFO - Filling up the DagBag from /home/opeyemi/.local/lib/python3.10/site-packages/airflow/example_dags/example_nested_branch_dag.py
[2023-06-21T01:37:46.237+0100] {processor.py:836} INFO - DAG(s) dict_keys(['example_nested_branch_dag']) retrieved from /home/opeyemi/.local/lib/python3.10/site-packages/airflow/example_dags/example_nested_branch_dag.py
[2023-06-21T01:37:46.298+0100] {logging_mixin.py:149} INFO - [2023-06-21T01:37:46.297+0100] {dag.py:2726} INFO - Sync 1 DAGs
[2023-06-21T01:37:46.345+0100] {logging_mixin.py:149} INFO - [2023-06-21T01:37:46.345+0100] {dag.py:3486} INFO - Setting next_dagrun for example_nested_branch_dag to 2023-06-20T00:00:00+00:00, run_after=2023-06-21T00:00:00+00:00
[2023-06-21T01:37:46.397+0100] {processor.py:179} INFO - Processing /home/opeyemi/.local/lib/python3.10/site-packages/airflow/example_dags/example_nested_branch_dag.py took 0.207 seconds
[2023-06-21T01:38:43.253+0100] {processor.py:157} INFO - Started process (PID=23273) to work on /home/opeyemi/.local/lib/python3.10/site-packages/airflow/example_dags/example_nested_branch_dag.py
[2023-06-21T01:38:43.255+0100] {processor.py:826} INFO - Processing file /home/opeyemi/.local/lib/python3.10/site-packages/airflow/example_dags/example_nested_branch_dag.py for tasks to queue
[2023-06-21T01:38:43.257+0100] {logging_mixin.py:149} INFO - [2023-06-21T01:38:43.256+0100] {dagbag.py:541} INFO - Filling up the DagBag from /home/opeyemi/.local/lib/python3.10/site-packages/airflow/example_dags/example_nested_branch_dag.py
[2023-06-21T01:38:43.275+0100] {processor.py:836} INFO - DAG(s) dict_keys(['example_nested_branch_dag']) retrieved from /home/opeyemi/.local/lib/python3.10/site-packages/airflow/example_dags/example_nested_branch_dag.py
[2023-06-21T01:38:43.313+0100] {logging_mixin.py:149} INFO - [2023-06-21T01:38:43.312+0100] {dag.py:2726} INFO - Sync 1 DAGs
[2023-06-21T01:38:43.338+0100] {logging_mixin.py:149} INFO - [2023-06-21T01:38:43.338+0100] {dag.py:3486} INFO - Setting next_dagrun for example_nested_branch_dag to 2023-06-20T00:00:00+00:00, run_after=2023-06-21T00:00:00+00:00
[2023-06-21T01:38:43.369+0100] {processor.py:179} INFO - Processing /home/opeyemi/.local/lib/python3.10/site-packages/airflow/example_dags/example_nested_branch_dag.py took 0.127 seconds
[2023-06-21T01:39:37.984+0100] {processor.py:157} INFO - Started process (PID=23320) to work on /home/opeyemi/.local/lib/python3.10/site-packages/airflow/example_dags/example_nested_branch_dag.py
[2023-06-21T01:39:37.988+0100] {processor.py:826} INFO - Processing file /home/opeyemi/.local/lib/python3.10/site-packages/airflow/example_dags/example_nested_branch_dag.py for tasks to queue
[2023-06-21T01:39:37.992+0100] {logging_mixin.py:149} INFO - [2023-06-21T01:39:37.991+0100] {dagbag.py:541} INFO - Filling up the DagBag from /home/opeyemi/.local/lib/python3.10/site-packages/airflow/example_dags/example_nested_branch_dag.py
[2023-06-21T01:39:38.032+0100] {processor.py:836} INFO - DAG(s) dict_keys(['example_nested_branch_dag']) retrieved from /home/opeyemi/.local/lib/python3.10/site-packages/airflow/example_dags/example_nested_branch_dag.py
[2023-06-21T01:39:38.089+0100] {logging_mixin.py:149} INFO - [2023-06-21T01:39:38.089+0100] {dag.py:2726} INFO - Sync 1 DAGs
[2023-06-21T01:39:38.120+0100] {logging_mixin.py:149} INFO - [2023-06-21T01:39:38.120+0100] {dag.py:3486} INFO - Setting next_dagrun for example_nested_branch_dag to 2023-06-20T00:00:00+00:00, run_after=2023-06-21T00:00:00+00:00
[2023-06-21T01:39:38.156+0100] {processor.py:179} INFO - Processing /home/opeyemi/.local/lib/python3.10/site-packages/airflow/example_dags/example_nested_branch_dag.py took 0.182 seconds
[2023-06-21T01:40:29.691+0100] {processor.py:157} INFO - Started process (PID=23376) to work on /home/opeyemi/.local/lib/python3.10/site-packages/airflow/example_dags/example_nested_branch_dag.py
[2023-06-21T01:40:29.695+0100] {processor.py:826} INFO - Processing file /home/opeyemi/.local/lib/python3.10/site-packages/airflow/example_dags/example_nested_branch_dag.py for tasks to queue
[2023-06-21T01:40:29.697+0100] {logging_mixin.py:149} INFO - [2023-06-21T01:40:29.696+0100] {dagbag.py:541} INFO - Filling up the DagBag from /home/opeyemi/.local/lib/python3.10/site-packages/airflow/example_dags/example_nested_branch_dag.py
[2023-06-21T01:40:29.726+0100] {processor.py:836} INFO - DAG(s) dict_keys(['example_nested_branch_dag']) retrieved from /home/opeyemi/.local/lib/python3.10/site-packages/airflow/example_dags/example_nested_branch_dag.py
[2023-06-21T01:40:29.809+0100] {logging_mixin.py:149} INFO - [2023-06-21T01:40:29.809+0100] {dag.py:2726} INFO - Sync 1 DAGs
[2023-06-21T01:40:29.847+0100] {logging_mixin.py:149} INFO - [2023-06-21T01:40:29.847+0100] {dag.py:3486} INFO - Setting next_dagrun for example_nested_branch_dag to 2023-06-20T00:00:00+00:00, run_after=2023-06-21T00:00:00+00:00
[2023-06-21T01:40:29.895+0100] {processor.py:179} INFO - Processing /home/opeyemi/.local/lib/python3.10/site-packages/airflow/example_dags/example_nested_branch_dag.py took 0.214 seconds
