[2023-06-21T01:01:11.453+0100] {processor.py:157} INFO - Started process (PID=20562) to work on /home/opeyemi/.local/lib/python3.10/site-packages/airflow/example_dags/example_datasets.py
[2023-06-21T01:01:11.457+0100] {processor.py:826} INFO - Processing file /home/opeyemi/.local/lib/python3.10/site-packages/airflow/example_dags/example_datasets.py for tasks to queue
[2023-06-21T01:01:11.460+0100] {logging_mixin.py:149} INFO - [2023-06-21T01:01:11.459+0100] {dagbag.py:541} INFO - Filling up the DagBag from /home/opeyemi/.local/lib/python3.10/site-packages/airflow/example_dags/example_datasets.py
[2023-06-21T01:01:11.507+0100] {processor.py:836} INFO - DAG(s) dict_keys(['dataset_consumes_1_and_2', 'dataset_produces_2', 'dataset_consumes_1_never_scheduled', 'dataset_consumes_1', 'dataset_produces_1', 'dataset_consumes_unknown_never_scheduled']) retrieved from /home/opeyemi/.local/lib/python3.10/site-packages/airflow/example_dags/example_datasets.py
[2023-06-21T01:01:11.686+0100] {logging_mixin.py:149} INFO - [2023-06-21T01:01:11.681+0100] {dag.py:2726} INFO - Sync 6 DAGs
[2023-06-21T01:01:11.806+0100] {logging_mixin.py:149} INFO - [2023-06-21T01:01:11.805+0100] {dag.py:3486} INFO - Setting next_dagrun for dataset_consumes_1 to None, run_after=None
[2023-06-21T01:01:11.830+0100] {logging_mixin.py:149} INFO - [2023-06-21T01:01:11.829+0100] {dag.py:3486} INFO - Setting next_dagrun for dataset_consumes_1_and_2 to None, run_after=None
[2023-06-21T01:01:11.836+0100] {logging_mixin.py:149} INFO - [2023-06-21T01:01:11.835+0100] {dag.py:3486} INFO - Setting next_dagrun for dataset_consumes_1_never_scheduled to None, run_after=None
[2023-06-21T01:01:11.842+0100] {logging_mixin.py:149} INFO - [2023-06-21T01:01:11.842+0100] {dag.py:3486} INFO - Setting next_dagrun for dataset_consumes_unknown_never_scheduled to None, run_after=None
[2023-06-21T01:01:11.863+0100] {logging_mixin.py:149} INFO - [2023-06-21T01:01:11.862+0100] {dag.py:3486} INFO - Setting next_dagrun for dataset_produces_1 to 2023-06-20T00:00:00+00:00, run_after=2023-06-21T00:00:00+00:00
[2023-06-21T01:01:11.869+0100] {logging_mixin.py:149} INFO - [2023-06-21T01:01:11.868+0100] {dag.py:3486} INFO - Setting next_dagrun for dataset_produces_2 to None, run_after=None
[2023-06-21T01:01:12.042+0100] {processor.py:179} INFO - Processing /home/opeyemi/.local/lib/python3.10/site-packages/airflow/example_dags/example_datasets.py took 0.601 seconds
[2023-06-21T01:03:41.753+0100] {processor.py:157} INFO - Started process (PID=20643) to work on /home/opeyemi/.local/lib/python3.10/site-packages/airflow/example_dags/example_datasets.py
[2023-06-21T01:03:41.795+0100] {processor.py:826} INFO - Processing file /home/opeyemi/.local/lib/python3.10/site-packages/airflow/example_dags/example_datasets.py for tasks to queue
[2023-06-21T01:03:41.796+0100] {logging_mixin.py:149} INFO - [2023-06-21T01:03:41.796+0100] {dagbag.py:541} INFO - Filling up the DagBag from /home/opeyemi/.local/lib/python3.10/site-packages/airflow/example_dags/example_datasets.py
[2023-06-21T01:03:41.821+0100] {processor.py:836} INFO - DAG(s) dict_keys(['dataset_consumes_1_never_scheduled', 'dataset_consumes_1_and_2', 'dataset_consumes_1', 'dataset_produces_1', 'dataset_consumes_unknown_never_scheduled', 'dataset_produces_2']) retrieved from /home/opeyemi/.local/lib/python3.10/site-packages/airflow/example_dags/example_datasets.py
[2023-06-21T01:03:41.879+0100] {logging_mixin.py:149} INFO - [2023-06-21T01:03:41.879+0100] {dag.py:2726} INFO - Sync 6 DAGs
[2023-06-21T01:03:41.917+0100] {logging_mixin.py:149} INFO - [2023-06-21T01:03:41.916+0100] {dag.py:3486} INFO - Setting next_dagrun for dataset_consumes_1 to None, run_after=None
[2023-06-21T01:03:41.920+0100] {logging_mixin.py:149} INFO - [2023-06-21T01:03:41.920+0100] {dag.py:3486} INFO - Setting next_dagrun for dataset_consumes_1_and_2 to None, run_after=None
[2023-06-21T01:03:41.921+0100] {logging_mixin.py:149} INFO - [2023-06-21T01:03:41.921+0100] {dag.py:3486} INFO - Setting next_dagrun for dataset_consumes_1_never_scheduled to None, run_after=None
[2023-06-21T01:03:41.922+0100] {logging_mixin.py:149} INFO - [2023-06-21T01:03:41.922+0100] {dag.py:3486} INFO - Setting next_dagrun for dataset_consumes_unknown_never_scheduled to None, run_after=None
[2023-06-21T01:03:41.925+0100] {logging_mixin.py:149} INFO - [2023-06-21T01:03:41.925+0100] {dag.py:3486} INFO - Setting next_dagrun for dataset_produces_1 to 2023-06-20T00:00:00+00:00, run_after=2023-06-21T00:00:00+00:00
[2023-06-21T01:03:41.926+0100] {logging_mixin.py:149} INFO - [2023-06-21T01:03:41.926+0100] {dag.py:3486} INFO - Setting next_dagrun for dataset_produces_2 to None, run_after=None
[2023-06-21T01:03:42.131+0100] {processor.py:179} INFO - Processing /home/opeyemi/.local/lib/python3.10/site-packages/airflow/example_dags/example_datasets.py took 0.382 seconds
[2023-06-21T01:06:09.913+0100] {processor.py:157} INFO - Started process (PID=20714) to work on /home/opeyemi/.local/lib/python3.10/site-packages/airflow/example_dags/example_datasets.py
[2023-06-21T01:06:09.977+0100] {processor.py:826} INFO - Processing file /home/opeyemi/.local/lib/python3.10/site-packages/airflow/example_dags/example_datasets.py for tasks to queue
[2023-06-21T01:06:09.979+0100] {logging_mixin.py:149} INFO - [2023-06-21T01:06:09.978+0100] {dagbag.py:541} INFO - Filling up the DagBag from /home/opeyemi/.local/lib/python3.10/site-packages/airflow/example_dags/example_datasets.py
[2023-06-21T01:06:10.002+0100] {processor.py:836} INFO - DAG(s) dict_keys(['dataset_produces_1', 'dataset_consumes_unknown_never_scheduled', 'dataset_produces_2', 'dataset_consumes_1', 'dataset_consumes_1_and_2', 'dataset_consumes_1_never_scheduled']) retrieved from /home/opeyemi/.local/lib/python3.10/site-packages/airflow/example_dags/example_datasets.py
[2023-06-21T01:06:10.062+0100] {logging_mixin.py:149} INFO - [2023-06-21T01:06:10.061+0100] {dag.py:2726} INFO - Sync 6 DAGs
[2023-06-21T01:06:10.095+0100] {logging_mixin.py:149} INFO - [2023-06-21T01:06:10.095+0100] {dag.py:3486} INFO - Setting next_dagrun for dataset_consumes_1 to None, run_after=None
[2023-06-21T01:06:10.101+0100] {logging_mixin.py:149} INFO - [2023-06-21T01:06:10.101+0100] {dag.py:3486} INFO - Setting next_dagrun for dataset_consumes_1_and_2 to None, run_after=None
[2023-06-21T01:06:10.102+0100] {logging_mixin.py:149} INFO - [2023-06-21T01:06:10.102+0100] {dag.py:3486} INFO - Setting next_dagrun for dataset_consumes_1_never_scheduled to None, run_after=None
[2023-06-21T01:06:10.104+0100] {logging_mixin.py:149} INFO - [2023-06-21T01:06:10.103+0100] {dag.py:3486} INFO - Setting next_dagrun for dataset_consumes_unknown_never_scheduled to None, run_after=None
[2023-06-21T01:06:10.109+0100] {logging_mixin.py:149} INFO - [2023-06-21T01:06:10.108+0100] {dag.py:3486} INFO - Setting next_dagrun for dataset_produces_1 to 2023-06-20T00:00:00+00:00, run_after=2023-06-21T00:00:00+00:00
[2023-06-21T01:06:10.110+0100] {logging_mixin.py:149} INFO - [2023-06-21T01:06:10.110+0100] {dag.py:3486} INFO - Setting next_dagrun for dataset_produces_2 to None, run_after=None
[2023-06-21T01:06:10.418+0100] {processor.py:179} INFO - Processing /home/opeyemi/.local/lib/python3.10/site-packages/airflow/example_dags/example_datasets.py took 0.512 seconds
[2023-06-21T01:08:26.694+0100] {processor.py:157} INFO - Started process (PID=20799) to work on /home/opeyemi/.local/lib/python3.10/site-packages/airflow/example_dags/example_datasets.py
[2023-06-21T01:08:26.759+0100] {processor.py:826} INFO - Processing file /home/opeyemi/.local/lib/python3.10/site-packages/airflow/example_dags/example_datasets.py for tasks to queue
[2023-06-21T01:08:26.761+0100] {logging_mixin.py:149} INFO - [2023-06-21T01:08:26.761+0100] {dagbag.py:541} INFO - Filling up the DagBag from /home/opeyemi/.local/lib/python3.10/site-packages/airflow/example_dags/example_datasets.py
[2023-06-21T01:08:26.788+0100] {processor.py:836} INFO - DAG(s) dict_keys(['dataset_consumes_unknown_never_scheduled', 'dataset_produces_2', 'dataset_produces_1', 'dataset_consumes_1_never_scheduled', 'dataset_consumes_1_and_2', 'dataset_consumes_1']) retrieved from /home/opeyemi/.local/lib/python3.10/site-packages/airflow/example_dags/example_datasets.py
[2023-06-21T01:08:26.900+0100] {logging_mixin.py:149} INFO - [2023-06-21T01:08:26.900+0100] {dag.py:2726} INFO - Sync 6 DAGs
[2023-06-21T01:08:26.931+0100] {logging_mixin.py:149} INFO - [2023-06-21T01:08:26.931+0100] {dag.py:3486} INFO - Setting next_dagrun for dataset_consumes_1 to None, run_after=None
[2023-06-21T01:08:26.934+0100] {logging_mixin.py:149} INFO - [2023-06-21T01:08:26.934+0100] {dag.py:3486} INFO - Setting next_dagrun for dataset_consumes_1_and_2 to None, run_after=None
[2023-06-21T01:08:26.935+0100] {logging_mixin.py:149} INFO - [2023-06-21T01:08:26.935+0100] {dag.py:3486} INFO - Setting next_dagrun for dataset_consumes_1_never_scheduled to None, run_after=None
[2023-06-21T01:08:26.936+0100] {logging_mixin.py:149} INFO - [2023-06-21T01:08:26.936+0100] {dag.py:3486} INFO - Setting next_dagrun for dataset_consumes_unknown_never_scheduled to None, run_after=None
[2023-06-21T01:08:26.939+0100] {logging_mixin.py:149} INFO - [2023-06-21T01:08:26.939+0100] {dag.py:3486} INFO - Setting next_dagrun for dataset_produces_1 to 2023-06-20T00:00:00+00:00, run_after=2023-06-21T00:00:00+00:00
[2023-06-21T01:08:26.940+0100] {logging_mixin.py:149} INFO - [2023-06-21T01:08:26.940+0100] {dag.py:3486} INFO - Setting next_dagrun for dataset_produces_2 to None, run_after=None
[2023-06-21T01:08:27.179+0100] {processor.py:179} INFO - Processing /home/opeyemi/.local/lib/python3.10/site-packages/airflow/example_dags/example_datasets.py took 0.498 seconds
[2023-06-21T01:10:17.314+0100] {processor.py:157} INFO - Started process (PID=20866) to work on /home/opeyemi/.local/lib/python3.10/site-packages/airflow/example_dags/example_datasets.py
[2023-06-21T01:10:17.347+0100] {processor.py:826} INFO - Processing file /home/opeyemi/.local/lib/python3.10/site-packages/airflow/example_dags/example_datasets.py for tasks to queue
[2023-06-21T01:10:17.349+0100] {logging_mixin.py:149} INFO - [2023-06-21T01:10:17.348+0100] {dagbag.py:541} INFO - Filling up the DagBag from /home/opeyemi/.local/lib/python3.10/site-packages/airflow/example_dags/example_datasets.py
[2023-06-21T01:10:17.399+0100] {processor.py:836} INFO - DAG(s) dict_keys(['dataset_produces_1', 'dataset_produces_2', 'dataset_consumes_1', 'dataset_consumes_1_never_scheduled', 'dataset_consumes_unknown_never_scheduled', 'dataset_consumes_1_and_2']) retrieved from /home/opeyemi/.local/lib/python3.10/site-packages/airflow/example_dags/example_datasets.py
[2023-06-21T01:10:17.489+0100] {logging_mixin.py:149} INFO - [2023-06-21T01:10:17.489+0100] {dag.py:2726} INFO - Sync 6 DAGs
[2023-06-21T01:10:17.577+0100] {logging_mixin.py:149} INFO - [2023-06-21T01:10:17.577+0100] {dag.py:3486} INFO - Setting next_dagrun for dataset_consumes_1 to None, run_after=None
[2023-06-21T01:10:17.582+0100] {logging_mixin.py:149} INFO - [2023-06-21T01:10:17.581+0100] {dag.py:3486} INFO - Setting next_dagrun for dataset_consumes_1_and_2 to None, run_after=None
[2023-06-21T01:10:17.584+0100] {logging_mixin.py:149} INFO - [2023-06-21T01:10:17.583+0100] {dag.py:3486} INFO - Setting next_dagrun for dataset_consumes_1_never_scheduled to None, run_after=None
[2023-06-21T01:10:17.585+0100] {logging_mixin.py:149} INFO - [2023-06-21T01:10:17.585+0100] {dag.py:3486} INFO - Setting next_dagrun for dataset_consumes_unknown_never_scheduled to None, run_after=None
[2023-06-21T01:10:17.590+0100] {logging_mixin.py:149} INFO - [2023-06-21T01:10:17.590+0100] {dag.py:3486} INFO - Setting next_dagrun for dataset_produces_1 to 2023-06-20T00:00:00+00:00, run_after=2023-06-21T00:00:00+00:00
[2023-06-21T01:10:17.593+0100] {logging_mixin.py:149} INFO - [2023-06-21T01:10:17.592+0100] {dag.py:3486} INFO - Setting next_dagrun for dataset_produces_2 to None, run_after=None
[2023-06-21T01:10:17.856+0100] {processor.py:179} INFO - Processing /home/opeyemi/.local/lib/python3.10/site-packages/airflow/example_dags/example_datasets.py took 0.546 seconds
[2023-06-21T01:12:42.420+0100] {processor.py:157} INFO - Started process (PID=20953) to work on /home/opeyemi/.local/lib/python3.10/site-packages/airflow/example_dags/example_datasets.py
[2023-06-21T01:12:42.488+0100] {processor.py:826} INFO - Processing file /home/opeyemi/.local/lib/python3.10/site-packages/airflow/example_dags/example_datasets.py for tasks to queue
[2023-06-21T01:12:42.490+0100] {logging_mixin.py:149} INFO - [2023-06-21T01:12:42.489+0100] {dagbag.py:541} INFO - Filling up the DagBag from /home/opeyemi/.local/lib/python3.10/site-packages/airflow/example_dags/example_datasets.py
[2023-06-21T01:12:42.532+0100] {processor.py:836} INFO - DAG(s) dict_keys(['dataset_consumes_1', 'dataset_consumes_1_and_2', 'dataset_consumes_unknown_never_scheduled', 'dataset_produces_1', 'dataset_produces_2', 'dataset_consumes_1_never_scheduled']) retrieved from /home/opeyemi/.local/lib/python3.10/site-packages/airflow/example_dags/example_datasets.py
[2023-06-21T01:12:42.678+0100] {logging_mixin.py:149} INFO - [2023-06-21T01:12:42.678+0100] {dag.py:2726} INFO - Sync 6 DAGs
[2023-06-21T01:12:42.708+0100] {logging_mixin.py:149} INFO - [2023-06-21T01:12:42.708+0100] {dag.py:3486} INFO - Setting next_dagrun for dataset_consumes_1 to None, run_after=None
[2023-06-21T01:12:42.712+0100] {logging_mixin.py:149} INFO - [2023-06-21T01:12:42.712+0100] {dag.py:3486} INFO - Setting next_dagrun for dataset_consumes_1_and_2 to None, run_after=None
[2023-06-21T01:12:42.713+0100] {logging_mixin.py:149} INFO - [2023-06-21T01:12:42.713+0100] {dag.py:3486} INFO - Setting next_dagrun for dataset_consumes_1_never_scheduled to None, run_after=None
[2023-06-21T01:12:42.714+0100] {logging_mixin.py:149} INFO - [2023-06-21T01:12:42.714+0100] {dag.py:3486} INFO - Setting next_dagrun for dataset_consumes_unknown_never_scheduled to None, run_after=None
[2023-06-21T01:12:42.723+0100] {logging_mixin.py:149} INFO - [2023-06-21T01:12:42.723+0100] {dag.py:3486} INFO - Setting next_dagrun for dataset_produces_1 to 2023-06-20T00:00:00+00:00, run_after=2023-06-21T00:00:00+00:00
[2023-06-21T01:12:42.727+0100] {logging_mixin.py:149} INFO - [2023-06-21T01:12:42.726+0100] {dag.py:3486} INFO - Setting next_dagrun for dataset_produces_2 to None, run_after=None
[2023-06-21T01:12:43.238+0100] {processor.py:179} INFO - Processing /home/opeyemi/.local/lib/python3.10/site-packages/airflow/example_dags/example_datasets.py took 0.832 seconds
[2023-06-21T01:14:42.583+0100] {processor.py:157} INFO - Started process (PID=21021) to work on /home/opeyemi/.local/lib/python3.10/site-packages/airflow/example_dags/example_datasets.py
[2023-06-21T01:14:42.585+0100] {processor.py:826} INFO - Processing file /home/opeyemi/.local/lib/python3.10/site-packages/airflow/example_dags/example_datasets.py for tasks to queue
[2023-06-21T01:14:42.585+0100] {logging_mixin.py:149} INFO - [2023-06-21T01:14:42.585+0100] {dagbag.py:541} INFO - Filling up the DagBag from /home/opeyemi/.local/lib/python3.10/site-packages/airflow/example_dags/example_datasets.py
[2023-06-21T01:14:42.600+0100] {processor.py:836} INFO - DAG(s) dict_keys(['dataset_consumes_1_and_2', 'dataset_produces_2', 'dataset_consumes_1_never_scheduled', 'dataset_produces_1', 'dataset_consumes_1', 'dataset_consumes_unknown_never_scheduled']) retrieved from /home/opeyemi/.local/lib/python3.10/site-packages/airflow/example_dags/example_datasets.py
[2023-06-21T01:14:42.647+0100] {logging_mixin.py:149} INFO - [2023-06-21T01:14:42.647+0100] {dag.py:2726} INFO - Sync 6 DAGs
[2023-06-21T01:14:42.673+0100] {logging_mixin.py:149} INFO - [2023-06-21T01:14:42.673+0100] {dag.py:3486} INFO - Setting next_dagrun for dataset_consumes_1 to None, run_after=None
[2023-06-21T01:14:42.676+0100] {logging_mixin.py:149} INFO - [2023-06-21T01:14:42.676+0100] {dag.py:3486} INFO - Setting next_dagrun for dataset_consumes_1_and_2 to None, run_after=None
[2023-06-21T01:14:42.678+0100] {logging_mixin.py:149} INFO - [2023-06-21T01:14:42.678+0100] {dag.py:3486} INFO - Setting next_dagrun for dataset_consumes_1_never_scheduled to None, run_after=None
[2023-06-21T01:14:42.679+0100] {logging_mixin.py:149} INFO - [2023-06-21T01:14:42.678+0100] {dag.py:3486} INFO - Setting next_dagrun for dataset_consumes_unknown_never_scheduled to None, run_after=None
[2023-06-21T01:14:42.681+0100] {logging_mixin.py:149} INFO - [2023-06-21T01:14:42.681+0100] {dag.py:3486} INFO - Setting next_dagrun for dataset_produces_1 to 2023-06-20T00:00:00+00:00, run_after=2023-06-21T00:00:00+00:00
[2023-06-21T01:14:42.683+0100] {logging_mixin.py:149} INFO - [2023-06-21T01:14:42.682+0100] {dag.py:3486} INFO - Setting next_dagrun for dataset_produces_2 to None, run_after=None
[2023-06-21T01:14:42.910+0100] {processor.py:179} INFO - Processing /home/opeyemi/.local/lib/python3.10/site-packages/airflow/example_dags/example_datasets.py took 0.332 seconds
[2023-06-21T01:16:38.208+0100] {processor.py:157} INFO - Started process (PID=21066) to work on /home/opeyemi/.local/lib/python3.10/site-packages/airflow/example_dags/example_datasets.py
[2023-06-21T01:16:38.283+0100] {processor.py:826} INFO - Processing file /home/opeyemi/.local/lib/python3.10/site-packages/airflow/example_dags/example_datasets.py for tasks to queue
[2023-06-21T01:16:38.286+0100] {logging_mixin.py:149} INFO - [2023-06-21T01:16:38.285+0100] {dagbag.py:541} INFO - Filling up the DagBag from /home/opeyemi/.local/lib/python3.10/site-packages/airflow/example_dags/example_datasets.py
[2023-06-21T01:16:38.320+0100] {processor.py:836} INFO - DAG(s) dict_keys(['dataset_consumes_1', 'dataset_consumes_1_and_2', 'dataset_produces_2', 'dataset_consumes_1_never_scheduled', 'dataset_produces_1', 'dataset_consumes_unknown_never_scheduled']) retrieved from /home/opeyemi/.local/lib/python3.10/site-packages/airflow/example_dags/example_datasets.py
[2023-06-21T01:16:38.459+0100] {logging_mixin.py:149} INFO - [2023-06-21T01:16:38.459+0100] {dag.py:2726} INFO - Sync 6 DAGs
[2023-06-21T01:16:38.502+0100] {logging_mixin.py:149} INFO - [2023-06-21T01:16:38.502+0100] {dag.py:3486} INFO - Setting next_dagrun for dataset_consumes_1 to None, run_after=None
[2023-06-21T01:16:38.505+0100] {logging_mixin.py:149} INFO - [2023-06-21T01:16:38.505+0100] {dag.py:3486} INFO - Setting next_dagrun for dataset_consumes_1_and_2 to None, run_after=None
[2023-06-21T01:16:38.506+0100] {logging_mixin.py:149} INFO - [2023-06-21T01:16:38.506+0100] {dag.py:3486} INFO - Setting next_dagrun for dataset_consumes_1_never_scheduled to None, run_after=None
[2023-06-21T01:16:38.507+0100] {logging_mixin.py:149} INFO - [2023-06-21T01:16:38.507+0100] {dag.py:3486} INFO - Setting next_dagrun for dataset_consumes_unknown_never_scheduled to None, run_after=None
[2023-06-21T01:16:38.510+0100] {logging_mixin.py:149} INFO - [2023-06-21T01:16:38.510+0100] {dag.py:3486} INFO - Setting next_dagrun for dataset_produces_1 to 2023-06-20T00:00:00+00:00, run_after=2023-06-21T00:00:00+00:00
[2023-06-21T01:16:38.511+0100] {logging_mixin.py:149} INFO - [2023-06-21T01:16:38.511+0100] {dag.py:3486} INFO - Setting next_dagrun for dataset_produces_2 to None, run_after=None
[2023-06-21T01:16:39.075+0100] {processor.py:179} INFO - Processing /home/opeyemi/.local/lib/python3.10/site-packages/airflow/example_dags/example_datasets.py took 0.881 seconds
[2023-06-21T01:17:54.067+0100] {processor.py:157} INFO - Started process (PID=21125) to work on /home/opeyemi/.local/lib/python3.10/site-packages/airflow/example_dags/example_datasets.py
[2023-06-21T01:17:54.141+0100] {processor.py:826} INFO - Processing file /home/opeyemi/.local/lib/python3.10/site-packages/airflow/example_dags/example_datasets.py for tasks to queue
[2023-06-21T01:17:54.143+0100] {logging_mixin.py:149} INFO - [2023-06-21T01:17:54.143+0100] {dagbag.py:541} INFO - Filling up the DagBag from /home/opeyemi/.local/lib/python3.10/site-packages/airflow/example_dags/example_datasets.py
[2023-06-21T01:17:54.203+0100] {processor.py:836} INFO - DAG(s) dict_keys(['dataset_produces_1', 'dataset_consumes_1', 'dataset_consumes_1_never_scheduled', 'dataset_consumes_unknown_never_scheduled', 'dataset_produces_2', 'dataset_consumes_1_and_2']) retrieved from /home/opeyemi/.local/lib/python3.10/site-packages/airflow/example_dags/example_datasets.py
[2023-06-21T01:17:54.282+0100] {logging_mixin.py:149} INFO - [2023-06-21T01:17:54.282+0100] {dag.py:2726} INFO - Sync 6 DAGs
[2023-06-21T01:17:54.325+0100] {logging_mixin.py:149} INFO - [2023-06-21T01:17:54.324+0100] {dag.py:3486} INFO - Setting next_dagrun for dataset_consumes_1 to None, run_after=None
[2023-06-21T01:17:54.330+0100] {logging_mixin.py:149} INFO - [2023-06-21T01:17:54.330+0100] {dag.py:3486} INFO - Setting next_dagrun for dataset_consumes_1_and_2 to None, run_after=None
[2023-06-21T01:17:54.332+0100] {logging_mixin.py:149} INFO - [2023-06-21T01:17:54.332+0100] {dag.py:3486} INFO - Setting next_dagrun for dataset_consumes_1_never_scheduled to None, run_after=None
[2023-06-21T01:17:54.334+0100] {logging_mixin.py:149} INFO - [2023-06-21T01:17:54.333+0100] {dag.py:3486} INFO - Setting next_dagrun for dataset_consumes_unknown_never_scheduled to None, run_after=None
[2023-06-21T01:17:54.344+0100] {logging_mixin.py:149} INFO - [2023-06-21T01:17:54.338+0100] {dag.py:3486} INFO - Setting next_dagrun for dataset_produces_1 to 2023-06-20T00:00:00+00:00, run_after=2023-06-21T00:00:00+00:00
[2023-06-21T01:17:54.346+0100] {logging_mixin.py:149} INFO - [2023-06-21T01:17:54.346+0100] {dag.py:3486} INFO - Setting next_dagrun for dataset_produces_2 to None, run_after=None
[2023-06-21T01:17:54.682+0100] {processor.py:179} INFO - Processing /home/opeyemi/.local/lib/python3.10/site-packages/airflow/example_dags/example_datasets.py took 0.624 seconds
[2023-06-21T01:19:11.877+0100] {processor.py:157} INFO - Started process (PID=21184) to work on /home/opeyemi/.local/lib/python3.10/site-packages/airflow/example_dags/example_datasets.py
[2023-06-21T01:19:11.887+0100] {processor.py:826} INFO - Processing file /home/opeyemi/.local/lib/python3.10/site-packages/airflow/example_dags/example_datasets.py for tasks to queue
[2023-06-21T01:19:11.890+0100] {logging_mixin.py:149} INFO - [2023-06-21T01:19:11.889+0100] {dagbag.py:541} INFO - Filling up the DagBag from /home/opeyemi/.local/lib/python3.10/site-packages/airflow/example_dags/example_datasets.py
[2023-06-21T01:19:11.926+0100] {processor.py:836} INFO - DAG(s) dict_keys(['dataset_consumes_1_and_2', 'dataset_produces_2', 'dataset_consumes_1_never_scheduled', 'dataset_produces_1', 'dataset_consumes_1', 'dataset_consumes_unknown_never_scheduled']) retrieved from /home/opeyemi/.local/lib/python3.10/site-packages/airflow/example_dags/example_datasets.py
[2023-06-21T01:19:12.110+0100] {logging_mixin.py:149} INFO - [2023-06-21T01:19:12.110+0100] {dag.py:2726} INFO - Sync 6 DAGs
[2023-06-21T01:19:12.191+0100] {logging_mixin.py:149} INFO - [2023-06-21T01:19:12.190+0100] {dag.py:3486} INFO - Setting next_dagrun for dataset_consumes_1 to None, run_after=None
[2023-06-21T01:19:12.196+0100] {logging_mixin.py:149} INFO - [2023-06-21T01:19:12.196+0100] {dag.py:3486} INFO - Setting next_dagrun for dataset_consumes_1_and_2 to None, run_after=None
[2023-06-21T01:19:12.207+0100] {logging_mixin.py:149} INFO - [2023-06-21T01:19:12.206+0100] {dag.py:3486} INFO - Setting next_dagrun for dataset_consumes_1_never_scheduled to None, run_after=None
[2023-06-21T01:19:12.208+0100] {logging_mixin.py:149} INFO - [2023-06-21T01:19:12.208+0100] {dag.py:3486} INFO - Setting next_dagrun for dataset_consumes_unknown_never_scheduled to None, run_after=None
[2023-06-21T01:19:12.212+0100] {logging_mixin.py:149} INFO - [2023-06-21T01:19:12.212+0100] {dag.py:3486} INFO - Setting next_dagrun for dataset_produces_1 to 2023-06-20T00:00:00+00:00, run_after=2023-06-21T00:00:00+00:00
[2023-06-21T01:19:12.214+0100] {logging_mixin.py:149} INFO - [2023-06-21T01:19:12.213+0100] {dag.py:3486} INFO - Setting next_dagrun for dataset_produces_2 to None, run_after=None
[2023-06-21T01:19:12.387+0100] {processor.py:179} INFO - Processing /home/opeyemi/.local/lib/python3.10/site-packages/airflow/example_dags/example_datasets.py took 0.516 seconds
[2023-06-21T01:20:39.820+0100] {processor.py:157} INFO - Started process (PID=21242) to work on /home/opeyemi/.local/lib/python3.10/site-packages/airflow/example_dags/example_datasets.py
[2023-06-21T01:20:39.827+0100] {processor.py:826} INFO - Processing file /home/opeyemi/.local/lib/python3.10/site-packages/airflow/example_dags/example_datasets.py for tasks to queue
[2023-06-21T01:20:39.829+0100] {logging_mixin.py:149} INFO - [2023-06-21T01:20:39.829+0100] {dagbag.py:541} INFO - Filling up the DagBag from /home/opeyemi/.local/lib/python3.10/site-packages/airflow/example_dags/example_datasets.py
[2023-06-21T01:20:39.911+0100] {processor.py:836} INFO - DAG(s) dict_keys(['dataset_consumes_unknown_never_scheduled', 'dataset_consumes_1', 'dataset_consumes_1_never_scheduled', 'dataset_produces_2', 'dataset_produces_1', 'dataset_consumes_1_and_2']) retrieved from /home/opeyemi/.local/lib/python3.10/site-packages/airflow/example_dags/example_datasets.py
[2023-06-21T01:20:40.047+0100] {logging_mixin.py:149} INFO - [2023-06-21T01:20:40.047+0100] {dag.py:2726} INFO - Sync 6 DAGs
[2023-06-21T01:20:40.075+0100] {logging_mixin.py:149} INFO - [2023-06-21T01:20:40.075+0100] {dag.py:3486} INFO - Setting next_dagrun for dataset_consumes_1 to None, run_after=None
[2023-06-21T01:20:40.078+0100] {logging_mixin.py:149} INFO - [2023-06-21T01:20:40.078+0100] {dag.py:3486} INFO - Setting next_dagrun for dataset_consumes_1_and_2 to None, run_after=None
[2023-06-21T01:20:40.079+0100] {logging_mixin.py:149} INFO - [2023-06-21T01:20:40.079+0100] {dag.py:3486} INFO - Setting next_dagrun for dataset_consumes_1_never_scheduled to None, run_after=None
[2023-06-21T01:20:40.080+0100] {logging_mixin.py:149} INFO - [2023-06-21T01:20:40.080+0100] {dag.py:3486} INFO - Setting next_dagrun for dataset_consumes_unknown_never_scheduled to None, run_after=None
[2023-06-21T01:20:40.083+0100] {logging_mixin.py:149} INFO - [2023-06-21T01:20:40.083+0100] {dag.py:3486} INFO - Setting next_dagrun for dataset_produces_1 to 2023-06-20T00:00:00+00:00, run_after=2023-06-21T00:00:00+00:00
[2023-06-21T01:20:40.086+0100] {logging_mixin.py:149} INFO - [2023-06-21T01:20:40.085+0100] {dag.py:3486} INFO - Setting next_dagrun for dataset_produces_2 to None, run_after=None
[2023-06-21T01:20:40.218+0100] {processor.py:179} INFO - Processing /home/opeyemi/.local/lib/python3.10/site-packages/airflow/example_dags/example_datasets.py took 0.410 seconds
[2023-06-21T01:22:18.594+0100] {processor.py:157} INFO - Started process (PID=21285) to work on /home/opeyemi/.local/lib/python3.10/site-packages/airflow/example_dags/example_datasets.py
[2023-06-21T01:22:18.620+0100] {processor.py:826} INFO - Processing file /home/opeyemi/.local/lib/python3.10/site-packages/airflow/example_dags/example_datasets.py for tasks to queue
[2023-06-21T01:22:18.622+0100] {logging_mixin.py:149} INFO - [2023-06-21T01:22:18.622+0100] {dagbag.py:541} INFO - Filling up the DagBag from /home/opeyemi/.local/lib/python3.10/site-packages/airflow/example_dags/example_datasets.py
[2023-06-21T01:22:18.651+0100] {processor.py:836} INFO - DAG(s) dict_keys(['dataset_consumes_unknown_never_scheduled', 'dataset_produces_1', 'dataset_consumes_1_and_2', 'dataset_consumes_1', 'dataset_consumes_1_never_scheduled', 'dataset_produces_2']) retrieved from /home/opeyemi/.local/lib/python3.10/site-packages/airflow/example_dags/example_datasets.py
[2023-06-21T01:22:18.732+0100] {logging_mixin.py:149} INFO - [2023-06-21T01:22:18.732+0100] {dag.py:2726} INFO - Sync 6 DAGs
[2023-06-21T01:22:18.766+0100] {logging_mixin.py:149} INFO - [2023-06-21T01:22:18.766+0100] {dag.py:3486} INFO - Setting next_dagrun for dataset_consumes_1 to None, run_after=None
[2023-06-21T01:22:18.773+0100] {logging_mixin.py:149} INFO - [2023-06-21T01:22:18.772+0100] {dag.py:3486} INFO - Setting next_dagrun for dataset_consumes_1_and_2 to None, run_after=None
[2023-06-21T01:22:18.774+0100] {logging_mixin.py:149} INFO - [2023-06-21T01:22:18.774+0100] {dag.py:3486} INFO - Setting next_dagrun for dataset_consumes_1_never_scheduled to None, run_after=None
[2023-06-21T01:22:18.776+0100] {logging_mixin.py:149} INFO - [2023-06-21T01:22:18.776+0100] {dag.py:3486} INFO - Setting next_dagrun for dataset_consumes_unknown_never_scheduled to None, run_after=None
[2023-06-21T01:22:18.780+0100] {logging_mixin.py:149} INFO - [2023-06-21T01:22:18.780+0100] {dag.py:3486} INFO - Setting next_dagrun for dataset_produces_1 to 2023-06-20T00:00:00+00:00, run_after=2023-06-21T00:00:00+00:00
[2023-06-21T01:22:18.782+0100] {logging_mixin.py:149} INFO - [2023-06-21T01:22:18.782+0100] {dag.py:3486} INFO - Setting next_dagrun for dataset_produces_2 to None, run_after=None
[2023-06-21T01:22:18.921+0100] {processor.py:179} INFO - Processing /home/opeyemi/.local/lib/python3.10/site-packages/airflow/example_dags/example_datasets.py took 0.335 seconds
[2023-06-21T01:23:53.705+0100] {processor.py:157} INFO - Started process (PID=21348) to work on /home/opeyemi/.local/lib/python3.10/site-packages/airflow/example_dags/example_datasets.py
[2023-06-21T01:23:53.729+0100] {processor.py:826} INFO - Processing file /home/opeyemi/.local/lib/python3.10/site-packages/airflow/example_dags/example_datasets.py for tasks to queue
[2023-06-21T01:23:53.732+0100] {logging_mixin.py:149} INFO - [2023-06-21T01:23:53.731+0100] {dagbag.py:541} INFO - Filling up the DagBag from /home/opeyemi/.local/lib/python3.10/site-packages/airflow/example_dags/example_datasets.py
[2023-06-21T01:23:53.781+0100] {processor.py:836} INFO - DAG(s) dict_keys(['dataset_consumes_unknown_never_scheduled', 'dataset_produces_1', 'dataset_produces_2', 'dataset_consumes_1_and_2', 'dataset_consumes_1_never_scheduled', 'dataset_consumes_1']) retrieved from /home/opeyemi/.local/lib/python3.10/site-packages/airflow/example_dags/example_datasets.py
[2023-06-21T01:23:54.000+0100] {logging_mixin.py:149} INFO - [2023-06-21T01:23:54.000+0100] {dag.py:2726} INFO - Sync 6 DAGs
[2023-06-21T01:23:54.159+0100] {logging_mixin.py:149} INFO - [2023-06-21T01:23:54.158+0100] {dag.py:3486} INFO - Setting next_dagrun for dataset_consumes_1 to None, run_after=None
[2023-06-21T01:23:54.174+0100] {logging_mixin.py:149} INFO - [2023-06-21T01:23:54.174+0100] {dag.py:3486} INFO - Setting next_dagrun for dataset_consumes_1_and_2 to None, run_after=None
[2023-06-21T01:23:54.176+0100] {logging_mixin.py:149} INFO - [2023-06-21T01:23:54.176+0100] {dag.py:3486} INFO - Setting next_dagrun for dataset_consumes_1_never_scheduled to None, run_after=None
[2023-06-21T01:23:54.178+0100] {logging_mixin.py:149} INFO - [2023-06-21T01:23:54.177+0100] {dag.py:3486} INFO - Setting next_dagrun for dataset_consumes_unknown_never_scheduled to None, run_after=None
[2023-06-21T01:23:54.193+0100] {logging_mixin.py:149} INFO - [2023-06-21T01:23:54.192+0100] {dag.py:3486} INFO - Setting next_dagrun for dataset_produces_1 to 2023-06-20T00:00:00+00:00, run_after=2023-06-21T00:00:00+00:00
[2023-06-21T01:23:54.204+0100] {logging_mixin.py:149} INFO - [2023-06-21T01:23:54.204+0100] {dag.py:3486} INFO - Setting next_dagrun for dataset_produces_2 to None, run_after=None
[2023-06-21T01:23:54.580+0100] {processor.py:179} INFO - Processing /home/opeyemi/.local/lib/python3.10/site-packages/airflow/example_dags/example_datasets.py took 0.892 seconds
[2023-06-21T01:25:05.953+0100] {processor.py:157} INFO - Started process (PID=21584) to work on /home/opeyemi/.local/lib/python3.10/site-packages/airflow/example_dags/example_datasets.py
[2023-06-21T01:25:06.006+0100] {processor.py:826} INFO - Processing file /home/opeyemi/.local/lib/python3.10/site-packages/airflow/example_dags/example_datasets.py for tasks to queue
[2023-06-21T01:25:06.007+0100] {logging_mixin.py:149} INFO - [2023-06-21T01:25:06.007+0100] {dagbag.py:541} INFO - Filling up the DagBag from /home/opeyemi/.local/lib/python3.10/site-packages/airflow/example_dags/example_datasets.py
[2023-06-21T01:25:06.029+0100] {processor.py:836} INFO - DAG(s) dict_keys(['dataset_produces_2', 'dataset_produces_1', 'dataset_consumes_unknown_never_scheduled', 'dataset_consumes_1_never_scheduled', 'dataset_consumes_1_and_2', 'dataset_consumes_1']) retrieved from /home/opeyemi/.local/lib/python3.10/site-packages/airflow/example_dags/example_datasets.py
[2023-06-21T01:25:06.113+0100] {logging_mixin.py:149} INFO - [2023-06-21T01:25:06.112+0100] {dag.py:2726} INFO - Sync 6 DAGs
[2023-06-21T01:25:06.171+0100] {logging_mixin.py:149} INFO - [2023-06-21T01:25:06.170+0100] {dag.py:3486} INFO - Setting next_dagrun for dataset_consumes_1 to None, run_after=None
[2023-06-21T01:25:06.177+0100] {logging_mixin.py:149} INFO - [2023-06-21T01:25:06.177+0100] {dag.py:3486} INFO - Setting next_dagrun for dataset_consumes_1_and_2 to None, run_after=None
[2023-06-21T01:25:06.179+0100] {logging_mixin.py:149} INFO - [2023-06-21T01:25:06.179+0100] {dag.py:3486} INFO - Setting next_dagrun for dataset_consumes_1_never_scheduled to None, run_after=None
[2023-06-21T01:25:06.188+0100] {logging_mixin.py:149} INFO - [2023-06-21T01:25:06.188+0100] {dag.py:3486} INFO - Setting next_dagrun for dataset_consumes_unknown_never_scheduled to None, run_after=None
[2023-06-21T01:25:06.195+0100] {logging_mixin.py:149} INFO - [2023-06-21T01:25:06.195+0100] {dag.py:3486} INFO - Setting next_dagrun for dataset_produces_1 to 2023-06-20T00:00:00+00:00, run_after=2023-06-21T00:00:00+00:00
[2023-06-21T01:25:06.197+0100] {logging_mixin.py:149} INFO - [2023-06-21T01:25:06.197+0100] {dag.py:3486} INFO - Setting next_dagrun for dataset_produces_2 to None, run_after=None
[2023-06-21T01:25:06.298+0100] {processor.py:179} INFO - Processing /home/opeyemi/.local/lib/python3.10/site-packages/airflow/example_dags/example_datasets.py took 0.352 seconds
[2023-06-21T01:26:20.230+0100] {processor.py:157} INFO - Started process (PID=21682) to work on /home/opeyemi/.local/lib/python3.10/site-packages/airflow/example_dags/example_datasets.py
[2023-06-21T01:26:20.593+0100] {processor.py:826} INFO - Processing file /home/opeyemi/.local/lib/python3.10/site-packages/airflow/example_dags/example_datasets.py for tasks to queue
[2023-06-21T01:26:20.596+0100] {logging_mixin.py:149} INFO - [2023-06-21T01:26:20.595+0100] {dagbag.py:541} INFO - Filling up the DagBag from /home/opeyemi/.local/lib/python3.10/site-packages/airflow/example_dags/example_datasets.py
[2023-06-21T01:26:20.644+0100] {processor.py:836} INFO - DAG(s) dict_keys(['dataset_consumes_1', 'dataset_consumes_1_and_2', 'dataset_produces_2', 'dataset_consumes_1_never_scheduled', 'dataset_consumes_unknown_never_scheduled', 'dataset_produces_1']) retrieved from /home/opeyemi/.local/lib/python3.10/site-packages/airflow/example_dags/example_datasets.py
[2023-06-21T01:26:20.801+0100] {logging_mixin.py:149} INFO - [2023-06-21T01:26:20.800+0100] {dag.py:2726} INFO - Sync 6 DAGs
[2023-06-21T01:26:20.826+0100] {logging_mixin.py:149} INFO - [2023-06-21T01:26:20.826+0100] {dag.py:3486} INFO - Setting next_dagrun for dataset_consumes_1 to None, run_after=None
[2023-06-21T01:26:20.829+0100] {logging_mixin.py:149} INFO - [2023-06-21T01:26:20.829+0100] {dag.py:3486} INFO - Setting next_dagrun for dataset_consumes_1_and_2 to None, run_after=None
[2023-06-21T01:26:20.830+0100] {logging_mixin.py:149} INFO - [2023-06-21T01:26:20.830+0100] {dag.py:3486} INFO - Setting next_dagrun for dataset_consumes_1_never_scheduled to None, run_after=None
[2023-06-21T01:26:20.831+0100] {logging_mixin.py:149} INFO - [2023-06-21T01:26:20.831+0100] {dag.py:3486} INFO - Setting next_dagrun for dataset_consumes_unknown_never_scheduled to None, run_after=None
[2023-06-21T01:26:20.834+0100] {logging_mixin.py:149} INFO - [2023-06-21T01:26:20.834+0100] {dag.py:3486} INFO - Setting next_dagrun for dataset_produces_1 to 2023-06-20T00:00:00+00:00, run_after=2023-06-21T00:00:00+00:00
[2023-06-21T01:26:20.835+0100] {logging_mixin.py:149} INFO - [2023-06-21T01:26:20.835+0100] {dag.py:3486} INFO - Setting next_dagrun for dataset_produces_2 to None, run_after=None
[2023-06-21T01:26:21.815+0100] {processor.py:179} INFO - Processing /home/opeyemi/.local/lib/python3.10/site-packages/airflow/example_dags/example_datasets.py took 1.591 seconds
[2023-06-21T01:28:17.712+0100] {processor.py:157} INFO - Started process (PID=21796) to work on /home/opeyemi/.local/lib/python3.10/site-packages/airflow/example_dags/example_datasets.py
[2023-06-21T01:28:17.823+0100] {processor.py:826} INFO - Processing file /home/opeyemi/.local/lib/python3.10/site-packages/airflow/example_dags/example_datasets.py for tasks to queue
[2023-06-21T01:28:17.826+0100] {logging_mixin.py:149} INFO - [2023-06-21T01:28:17.825+0100] {dagbag.py:541} INFO - Filling up the DagBag from /home/opeyemi/.local/lib/python3.10/site-packages/airflow/example_dags/example_datasets.py
[2023-06-21T01:28:17.850+0100] {processor.py:836} INFO - DAG(s) dict_keys(['dataset_produces_1', 'dataset_produces_2', 'dataset_consumes_unknown_never_scheduled', 'dataset_consumes_1', 'dataset_consumes_1_and_2', 'dataset_consumes_1_never_scheduled']) retrieved from /home/opeyemi/.local/lib/python3.10/site-packages/airflow/example_dags/example_datasets.py
[2023-06-21T01:28:17.937+0100] {logging_mixin.py:149} INFO - [2023-06-21T01:28:17.937+0100] {dag.py:2726} INFO - Sync 6 DAGs
[2023-06-21T01:28:17.982+0100] {logging_mixin.py:149} INFO - [2023-06-21T01:28:17.982+0100] {dag.py:3486} INFO - Setting next_dagrun for dataset_consumes_1 to None, run_after=None
[2023-06-21T01:28:17.987+0100] {logging_mixin.py:149} INFO - [2023-06-21T01:28:17.986+0100] {dag.py:3486} INFO - Setting next_dagrun for dataset_consumes_1_and_2 to None, run_after=None
[2023-06-21T01:28:17.988+0100] {logging_mixin.py:149} INFO - [2023-06-21T01:28:17.988+0100] {dag.py:3486} INFO - Setting next_dagrun for dataset_consumes_1_never_scheduled to None, run_after=None
[2023-06-21T01:28:17.989+0100] {logging_mixin.py:149} INFO - [2023-06-21T01:28:17.988+0100] {dag.py:3486} INFO - Setting next_dagrun for dataset_consumes_unknown_never_scheduled to None, run_after=None
[2023-06-21T01:28:17.991+0100] {logging_mixin.py:149} INFO - [2023-06-21T01:28:17.991+0100] {dag.py:3486} INFO - Setting next_dagrun for dataset_produces_1 to 2023-06-20T00:00:00+00:00, run_after=2023-06-21T00:00:00+00:00
[2023-06-21T01:28:17.992+0100] {logging_mixin.py:149} INFO - [2023-06-21T01:28:17.992+0100] {dag.py:3486} INFO - Setting next_dagrun for dataset_produces_2 to None, run_after=None
[2023-06-21T01:28:18.317+0100] {processor.py:179} INFO - Processing /home/opeyemi/.local/lib/python3.10/site-packages/airflow/example_dags/example_datasets.py took 0.613 seconds
[2023-06-21T01:29:26.200+0100] {processor.py:157} INFO - Started process (PID=21854) to work on /home/opeyemi/.local/lib/python3.10/site-packages/airflow/example_dags/example_datasets.py
[2023-06-21T01:29:26.206+0100] {processor.py:826} INFO - Processing file /home/opeyemi/.local/lib/python3.10/site-packages/airflow/example_dags/example_datasets.py for tasks to queue
[2023-06-21T01:29:26.208+0100] {logging_mixin.py:149} INFO - [2023-06-21T01:29:26.208+0100] {dagbag.py:541} INFO - Filling up the DagBag from /home/opeyemi/.local/lib/python3.10/site-packages/airflow/example_dags/example_datasets.py
[2023-06-21T01:29:26.234+0100] {processor.py:836} INFO - DAG(s) dict_keys(['dataset_produces_2', 'dataset_consumes_1_never_scheduled', 'dataset_consumes_1', 'dataset_consumes_1_and_2', 'dataset_consumes_unknown_never_scheduled', 'dataset_produces_1']) retrieved from /home/opeyemi/.local/lib/python3.10/site-packages/airflow/example_dags/example_datasets.py
[2023-06-21T01:29:26.319+0100] {logging_mixin.py:149} INFO - [2023-06-21T01:29:26.318+0100] {dag.py:2726} INFO - Sync 6 DAGs
[2023-06-21T01:29:26.342+0100] {logging_mixin.py:149} INFO - [2023-06-21T01:29:26.341+0100] {dag.py:3486} INFO - Setting next_dagrun for dataset_consumes_1 to None, run_after=None
[2023-06-21T01:29:26.344+0100] {logging_mixin.py:149} INFO - [2023-06-21T01:29:26.344+0100] {dag.py:3486} INFO - Setting next_dagrun for dataset_consumes_1_and_2 to None, run_after=None
[2023-06-21T01:29:26.346+0100] {logging_mixin.py:149} INFO - [2023-06-21T01:29:26.345+0100] {dag.py:3486} INFO - Setting next_dagrun for dataset_consumes_1_never_scheduled to None, run_after=None
[2023-06-21T01:29:26.346+0100] {logging_mixin.py:149} INFO - [2023-06-21T01:29:26.346+0100] {dag.py:3486} INFO - Setting next_dagrun for dataset_consumes_unknown_never_scheduled to None, run_after=None
[2023-06-21T01:29:26.349+0100] {logging_mixin.py:149} INFO - [2023-06-21T01:29:26.349+0100] {dag.py:3486} INFO - Setting next_dagrun for dataset_produces_1 to 2023-06-20T00:00:00+00:00, run_after=2023-06-21T00:00:00+00:00
[2023-06-21T01:29:26.350+0100] {logging_mixin.py:149} INFO - [2023-06-21T01:29:26.350+0100] {dag.py:3486} INFO - Setting next_dagrun for dataset_produces_2 to None, run_after=None
[2023-06-21T01:29:26.401+0100] {processor.py:179} INFO - Processing /home/opeyemi/.local/lib/python3.10/site-packages/airflow/example_dags/example_datasets.py took 0.210 seconds
[2023-06-21T01:30:21.762+0100] {processor.py:157} INFO - Started process (PID=21905) to work on /home/opeyemi/.local/lib/python3.10/site-packages/airflow/example_dags/example_datasets.py
[2023-06-21T01:30:21.767+0100] {processor.py:826} INFO - Processing file /home/opeyemi/.local/lib/python3.10/site-packages/airflow/example_dags/example_datasets.py for tasks to queue
[2023-06-21T01:30:21.769+0100] {logging_mixin.py:149} INFO - [2023-06-21T01:30:21.769+0100] {dagbag.py:541} INFO - Filling up the DagBag from /home/opeyemi/.local/lib/python3.10/site-packages/airflow/example_dags/example_datasets.py
[2023-06-21T01:30:21.800+0100] {processor.py:836} INFO - DAG(s) dict_keys(['dataset_consumes_1', 'dataset_produces_1', 'dataset_consumes_1_never_scheduled', 'dataset_produces_2', 'dataset_consumes_1_and_2', 'dataset_consumes_unknown_never_scheduled']) retrieved from /home/opeyemi/.local/lib/python3.10/site-packages/airflow/example_dags/example_datasets.py
[2023-06-21T01:30:21.900+0100] {logging_mixin.py:149} INFO - [2023-06-21T01:30:21.900+0100] {dag.py:2726} INFO - Sync 6 DAGs
[2023-06-21T01:30:21.922+0100] {logging_mixin.py:149} INFO - [2023-06-21T01:30:21.922+0100] {dag.py:3486} INFO - Setting next_dagrun for dataset_consumes_1 to None, run_after=None
[2023-06-21T01:30:21.925+0100] {logging_mixin.py:149} INFO - [2023-06-21T01:30:21.925+0100] {dag.py:3486} INFO - Setting next_dagrun for dataset_consumes_1_and_2 to None, run_after=None
[2023-06-21T01:30:21.926+0100] {logging_mixin.py:149} INFO - [2023-06-21T01:30:21.926+0100] {dag.py:3486} INFO - Setting next_dagrun for dataset_consumes_1_never_scheduled to None, run_after=None
[2023-06-21T01:30:21.927+0100] {logging_mixin.py:149} INFO - [2023-06-21T01:30:21.927+0100] {dag.py:3486} INFO - Setting next_dagrun for dataset_consumes_unknown_never_scheduled to None, run_after=None
[2023-06-21T01:30:21.934+0100] {logging_mixin.py:149} INFO - [2023-06-21T01:30:21.934+0100] {dag.py:3486} INFO - Setting next_dagrun for dataset_produces_1 to 2023-06-20T00:00:00+00:00, run_after=2023-06-21T00:00:00+00:00
[2023-06-21T01:30:21.937+0100] {logging_mixin.py:149} INFO - [2023-06-21T01:30:21.936+0100] {dag.py:3486} INFO - Setting next_dagrun for dataset_produces_2 to None, run_after=None
[2023-06-21T01:30:22.043+0100] {processor.py:179} INFO - Processing /home/opeyemi/.local/lib/python3.10/site-packages/airflow/example_dags/example_datasets.py took 0.291 seconds
[2023-06-21T01:31:21.951+0100] {processor.py:157} INFO - Started process (PID=21952) to work on /home/opeyemi/.local/lib/python3.10/site-packages/airflow/example_dags/example_datasets.py
[2023-06-21T01:31:21.968+0100] {processor.py:826} INFO - Processing file /home/opeyemi/.local/lib/python3.10/site-packages/airflow/example_dags/example_datasets.py for tasks to queue
[2023-06-21T01:31:21.970+0100] {logging_mixin.py:149} INFO - [2023-06-21T01:31:21.970+0100] {dagbag.py:541} INFO - Filling up the DagBag from /home/opeyemi/.local/lib/python3.10/site-packages/airflow/example_dags/example_datasets.py
[2023-06-21T01:31:22.024+0100] {processor.py:836} INFO - DAG(s) dict_keys(['dataset_produces_1', 'dataset_produces_2', 'dataset_consumes_unknown_never_scheduled', 'dataset_consumes_1_and_2', 'dataset_consumes_1_never_scheduled', 'dataset_consumes_1']) retrieved from /home/opeyemi/.local/lib/python3.10/site-packages/airflow/example_dags/example_datasets.py
[2023-06-21T01:31:22.210+0100] {logging_mixin.py:149} INFO - [2023-06-21T01:31:22.209+0100] {dag.py:2726} INFO - Sync 6 DAGs
[2023-06-21T01:31:22.275+0100] {logging_mixin.py:149} INFO - [2023-06-21T01:31:22.275+0100] {dag.py:3486} INFO - Setting next_dagrun for dataset_consumes_1 to None, run_after=None
[2023-06-21T01:31:22.280+0100] {logging_mixin.py:149} INFO - [2023-06-21T01:31:22.280+0100] {dag.py:3486} INFO - Setting next_dagrun for dataset_consumes_1_and_2 to None, run_after=None
[2023-06-21T01:31:22.283+0100] {logging_mixin.py:149} INFO - [2023-06-21T01:31:22.282+0100] {dag.py:3486} INFO - Setting next_dagrun for dataset_consumes_1_never_scheduled to None, run_after=None
[2023-06-21T01:31:22.284+0100] {logging_mixin.py:149} INFO - [2023-06-21T01:31:22.284+0100] {dag.py:3486} INFO - Setting next_dagrun for dataset_consumes_unknown_never_scheduled to None, run_after=None
[2023-06-21T01:31:22.289+0100] {logging_mixin.py:149} INFO - [2023-06-21T01:31:22.289+0100] {dag.py:3486} INFO - Setting next_dagrun for dataset_produces_1 to 2023-06-20T00:00:00+00:00, run_after=2023-06-21T00:00:00+00:00
[2023-06-21T01:31:22.291+0100] {logging_mixin.py:149} INFO - [2023-06-21T01:31:22.290+0100] {dag.py:3486} INFO - Setting next_dagrun for dataset_produces_2 to None, run_after=None
[2023-06-21T01:31:22.421+0100] {processor.py:179} INFO - Processing /home/opeyemi/.local/lib/python3.10/site-packages/airflow/example_dags/example_datasets.py took 0.482 seconds
[2023-06-21T01:32:23.662+0100] {processor.py:157} INFO - Started process (PID=22006) to work on /home/opeyemi/.local/lib/python3.10/site-packages/airflow/example_dags/example_datasets.py
[2023-06-21T01:32:23.674+0100] {processor.py:826} INFO - Processing file /home/opeyemi/.local/lib/python3.10/site-packages/airflow/example_dags/example_datasets.py for tasks to queue
[2023-06-21T01:32:23.676+0100] {logging_mixin.py:149} INFO - [2023-06-21T01:32:23.675+0100] {dagbag.py:541} INFO - Filling up the DagBag from /home/opeyemi/.local/lib/python3.10/site-packages/airflow/example_dags/example_datasets.py
[2023-06-21T01:32:23.700+0100] {processor.py:836} INFO - DAG(s) dict_keys(['dataset_consumes_1_never_scheduled', 'dataset_produces_1', 'dataset_produces_2', 'dataset_consumes_1_and_2', 'dataset_consumes_unknown_never_scheduled', 'dataset_consumes_1']) retrieved from /home/opeyemi/.local/lib/python3.10/site-packages/airflow/example_dags/example_datasets.py
[2023-06-21T01:32:23.804+0100] {logging_mixin.py:149} INFO - [2023-06-21T01:32:23.802+0100] {dag.py:2726} INFO - Sync 6 DAGs
[2023-06-21T01:32:23.839+0100] {logging_mixin.py:149} INFO - [2023-06-21T01:32:23.839+0100] {dag.py:3486} INFO - Setting next_dagrun for dataset_consumes_1 to None, run_after=None
[2023-06-21T01:32:23.844+0100] {logging_mixin.py:149} INFO - [2023-06-21T01:32:23.844+0100] {dag.py:3486} INFO - Setting next_dagrun for dataset_consumes_1_and_2 to None, run_after=None
[2023-06-21T01:32:23.846+0100] {logging_mixin.py:149} INFO - [2023-06-21T01:32:23.846+0100] {dag.py:3486} INFO - Setting next_dagrun for dataset_consumes_1_never_scheduled to None, run_after=None
[2023-06-21T01:32:23.847+0100] {logging_mixin.py:149} INFO - [2023-06-21T01:32:23.847+0100] {dag.py:3486} INFO - Setting next_dagrun for dataset_consumes_unknown_never_scheduled to None, run_after=None
[2023-06-21T01:32:23.850+0100] {logging_mixin.py:149} INFO - [2023-06-21T01:32:23.850+0100] {dag.py:3486} INFO - Setting next_dagrun for dataset_produces_1 to 2023-06-20T00:00:00+00:00, run_after=2023-06-21T00:00:00+00:00
[2023-06-21T01:32:23.852+0100] {logging_mixin.py:149} INFO - [2023-06-21T01:32:23.851+0100] {dag.py:3486} INFO - Setting next_dagrun for dataset_produces_2 to None, run_after=None
[2023-06-21T01:32:23.928+0100] {processor.py:179} INFO - Processing /home/opeyemi/.local/lib/python3.10/site-packages/airflow/example_dags/example_datasets.py took 0.274 seconds
[2023-06-21T01:33:20.262+0100] {processor.py:157} INFO - Started process (PID=22065) to work on /home/opeyemi/.local/lib/python3.10/site-packages/airflow/example_dags/example_datasets.py
[2023-06-21T01:33:20.303+0100] {processor.py:826} INFO - Processing file /home/opeyemi/.local/lib/python3.10/site-packages/airflow/example_dags/example_datasets.py for tasks to queue
[2023-06-21T01:33:20.305+0100] {logging_mixin.py:149} INFO - [2023-06-21T01:33:20.304+0100] {dagbag.py:541} INFO - Filling up the DagBag from /home/opeyemi/.local/lib/python3.10/site-packages/airflow/example_dags/example_datasets.py
[2023-06-21T01:33:20.330+0100] {processor.py:836} INFO - DAG(s) dict_keys(['dataset_consumes_1_and_2', 'dataset_consumes_1_never_scheduled', 'dataset_produces_2', 'dataset_produces_1', 'dataset_consumes_1', 'dataset_consumes_unknown_never_scheduled']) retrieved from /home/opeyemi/.local/lib/python3.10/site-packages/airflow/example_dags/example_datasets.py
[2023-06-21T01:33:20.425+0100] {logging_mixin.py:149} INFO - [2023-06-21T01:33:20.425+0100] {dag.py:2726} INFO - Sync 6 DAGs
[2023-06-21T01:33:20.472+0100] {logging_mixin.py:149} INFO - [2023-06-21T01:33:20.471+0100] {dag.py:3486} INFO - Setting next_dagrun for dataset_consumes_1 to None, run_after=None
[2023-06-21T01:33:20.479+0100] {logging_mixin.py:149} INFO - [2023-06-21T01:33:20.479+0100] {dag.py:3486} INFO - Setting next_dagrun for dataset_consumes_1_and_2 to None, run_after=None
[2023-06-21T01:33:20.480+0100] {logging_mixin.py:149} INFO - [2023-06-21T01:33:20.480+0100] {dag.py:3486} INFO - Setting next_dagrun for dataset_consumes_1_never_scheduled to None, run_after=None
[2023-06-21T01:33:20.483+0100] {logging_mixin.py:149} INFO - [2023-06-21T01:33:20.483+0100] {dag.py:3486} INFO - Setting next_dagrun for dataset_consumes_unknown_never_scheduled to None, run_after=None
[2023-06-21T01:33:20.488+0100] {logging_mixin.py:149} INFO - [2023-06-21T01:33:20.487+0100] {dag.py:3486} INFO - Setting next_dagrun for dataset_produces_1 to 2023-06-20T00:00:00+00:00, run_after=2023-06-21T00:00:00+00:00
[2023-06-21T01:33:20.490+0100] {logging_mixin.py:149} INFO - [2023-06-21T01:33:20.489+0100] {dag.py:3486} INFO - Setting next_dagrun for dataset_produces_2 to None, run_after=None
[2023-06-21T01:33:20.644+0100] {processor.py:179} INFO - Processing /home/opeyemi/.local/lib/python3.10/site-packages/airflow/example_dags/example_datasets.py took 0.393 seconds
[2023-06-21T01:34:14.124+0100] {processor.py:157} INFO - Started process (PID=22261) to work on /home/opeyemi/.local/lib/python3.10/site-packages/airflow/example_dags/example_datasets.py
[2023-06-21T01:34:14.135+0100] {processor.py:826} INFO - Processing file /home/opeyemi/.local/lib/python3.10/site-packages/airflow/example_dags/example_datasets.py for tasks to queue
[2023-06-21T01:34:14.137+0100] {logging_mixin.py:149} INFO - [2023-06-21T01:34:14.136+0100] {dagbag.py:541} INFO - Filling up the DagBag from /home/opeyemi/.local/lib/python3.10/site-packages/airflow/example_dags/example_datasets.py
[2023-06-21T01:34:14.163+0100] {processor.py:836} INFO - DAG(s) dict_keys(['dataset_consumes_1_never_scheduled', 'dataset_consumes_1', 'dataset_consumes_1_and_2', 'dataset_produces_1', 'dataset_consumes_unknown_never_scheduled', 'dataset_produces_2']) retrieved from /home/opeyemi/.local/lib/python3.10/site-packages/airflow/example_dags/example_datasets.py
[2023-06-21T01:34:14.239+0100] {logging_mixin.py:149} INFO - [2023-06-21T01:34:14.238+0100] {dag.py:2726} INFO - Sync 6 DAGs
[2023-06-21T01:34:14.278+0100] {logging_mixin.py:149} INFO - [2023-06-21T01:34:14.278+0100] {dag.py:3486} INFO - Setting next_dagrun for dataset_consumes_1 to None, run_after=None
[2023-06-21T01:34:14.283+0100] {logging_mixin.py:149} INFO - [2023-06-21T01:34:14.283+0100] {dag.py:3486} INFO - Setting next_dagrun for dataset_consumes_1_and_2 to None, run_after=None
[2023-06-21T01:34:14.285+0100] {logging_mixin.py:149} INFO - [2023-06-21T01:34:14.285+0100] {dag.py:3486} INFO - Setting next_dagrun for dataset_consumes_1_never_scheduled to None, run_after=None
[2023-06-21T01:34:14.286+0100] {logging_mixin.py:149} INFO - [2023-06-21T01:34:14.286+0100] {dag.py:3486} INFO - Setting next_dagrun for dataset_consumes_unknown_never_scheduled to None, run_after=None
[2023-06-21T01:34:14.292+0100] {logging_mixin.py:149} INFO - [2023-06-21T01:34:14.291+0100] {dag.py:3486} INFO - Setting next_dagrun for dataset_produces_1 to 2023-06-20T00:00:00+00:00, run_after=2023-06-21T00:00:00+00:00
[2023-06-21T01:34:14.293+0100] {logging_mixin.py:149} INFO - [2023-06-21T01:34:14.293+0100] {dag.py:3486} INFO - Setting next_dagrun for dataset_produces_2 to None, run_after=None
[2023-06-21T01:34:14.353+0100] {processor.py:179} INFO - Processing /home/opeyemi/.local/lib/python3.10/site-packages/airflow/example_dags/example_datasets.py took 0.245 seconds
[2023-06-21T01:35:07.079+0100] {processor.py:157} INFO - Started process (PID=22451) to work on /home/opeyemi/.local/lib/python3.10/site-packages/airflow/example_dags/example_datasets.py
[2023-06-21T01:35:07.083+0100] {processor.py:826} INFO - Processing file /home/opeyemi/.local/lib/python3.10/site-packages/airflow/example_dags/example_datasets.py for tasks to queue
[2023-06-21T01:35:07.086+0100] {logging_mixin.py:149} INFO - [2023-06-21T01:35:07.085+0100] {dagbag.py:541} INFO - Filling up the DagBag from /home/opeyemi/.local/lib/python3.10/site-packages/airflow/example_dags/example_datasets.py
[2023-06-21T01:35:07.131+0100] {processor.py:836} INFO - DAG(s) dict_keys(['dataset_consumes_1_and_2', 'dataset_consumes_1', 'dataset_consumes_unknown_never_scheduled', 'dataset_consumes_1_never_scheduled', 'dataset_produces_2', 'dataset_produces_1']) retrieved from /home/opeyemi/.local/lib/python3.10/site-packages/airflow/example_dags/example_datasets.py
[2023-06-21T01:35:07.291+0100] {logging_mixin.py:149} INFO - [2023-06-21T01:35:07.291+0100] {dag.py:2726} INFO - Sync 6 DAGs
[2023-06-21T01:35:07.341+0100] {logging_mixin.py:149} INFO - [2023-06-21T01:35:07.340+0100] {dag.py:3486} INFO - Setting next_dagrun for dataset_consumes_1 to None, run_after=None
[2023-06-21T01:35:07.344+0100] {logging_mixin.py:149} INFO - [2023-06-21T01:35:07.344+0100] {dag.py:3486} INFO - Setting next_dagrun for dataset_consumes_1_and_2 to None, run_after=None
[2023-06-21T01:35:07.346+0100] {logging_mixin.py:149} INFO - [2023-06-21T01:35:07.345+0100] {dag.py:3486} INFO - Setting next_dagrun for dataset_consumes_1_never_scheduled to None, run_after=None
[2023-06-21T01:35:07.347+0100] {logging_mixin.py:149} INFO - [2023-06-21T01:35:07.347+0100] {dag.py:3486} INFO - Setting next_dagrun for dataset_consumes_unknown_never_scheduled to None, run_after=None
[2023-06-21T01:35:07.349+0100] {logging_mixin.py:149} INFO - [2023-06-21T01:35:07.349+0100] {dag.py:3486} INFO - Setting next_dagrun for dataset_produces_1 to 2023-06-20T00:00:00+00:00, run_after=2023-06-21T00:00:00+00:00
[2023-06-21T01:35:07.351+0100] {logging_mixin.py:149} INFO - [2023-06-21T01:35:07.350+0100] {dag.py:3486} INFO - Setting next_dagrun for dataset_produces_2 to None, run_after=None
[2023-06-21T01:35:07.410+0100] {processor.py:179} INFO - Processing /home/opeyemi/.local/lib/python3.10/site-packages/airflow/example_dags/example_datasets.py took 0.344 seconds
[2023-06-21T01:36:00.615+0100] {processor.py:157} INFO - Started process (PID=22689) to work on /home/opeyemi/.local/lib/python3.10/site-packages/airflow/example_dags/example_datasets.py
[2023-06-21T01:36:00.619+0100] {processor.py:826} INFO - Processing file /home/opeyemi/.local/lib/python3.10/site-packages/airflow/example_dags/example_datasets.py for tasks to queue
[2023-06-21T01:36:00.621+0100] {logging_mixin.py:149} INFO - [2023-06-21T01:36:00.621+0100] {dagbag.py:541} INFO - Filling up the DagBag from /home/opeyemi/.local/lib/python3.10/site-packages/airflow/example_dags/example_datasets.py
[2023-06-21T01:36:00.657+0100] {processor.py:836} INFO - DAG(s) dict_keys(['dataset_consumes_1', 'dataset_consumes_unknown_never_scheduled', 'dataset_produces_1', 'dataset_consumes_1_never_scheduled', 'dataset_consumes_1_and_2', 'dataset_produces_2']) retrieved from /home/opeyemi/.local/lib/python3.10/site-packages/airflow/example_dags/example_datasets.py
[2023-06-21T01:36:00.737+0100] {logging_mixin.py:149} INFO - [2023-06-21T01:36:00.737+0100] {dag.py:2726} INFO - Sync 6 DAGs
[2023-06-21T01:36:00.771+0100] {logging_mixin.py:149} INFO - [2023-06-21T01:36:00.771+0100] {dag.py:3486} INFO - Setting next_dagrun for dataset_consumes_1 to None, run_after=None
[2023-06-21T01:36:00.777+0100] {logging_mixin.py:149} INFO - [2023-06-21T01:36:00.776+0100] {dag.py:3486} INFO - Setting next_dagrun for dataset_consumes_1_and_2 to None, run_after=None
[2023-06-21T01:36:00.778+0100] {logging_mixin.py:149} INFO - [2023-06-21T01:36:00.778+0100] {dag.py:3486} INFO - Setting next_dagrun for dataset_consumes_1_never_scheduled to None, run_after=None
[2023-06-21T01:36:00.780+0100] {logging_mixin.py:149} INFO - [2023-06-21T01:36:00.780+0100] {dag.py:3486} INFO - Setting next_dagrun for dataset_consumes_unknown_never_scheduled to None, run_after=None
[2023-06-21T01:36:00.784+0100] {logging_mixin.py:149} INFO - [2023-06-21T01:36:00.784+0100] {dag.py:3486} INFO - Setting next_dagrun for dataset_produces_1 to 2023-06-20T00:00:00+00:00, run_after=2023-06-21T00:00:00+00:00
[2023-06-21T01:36:00.786+0100] {logging_mixin.py:149} INFO - [2023-06-21T01:36:00.786+0100] {dag.py:3486} INFO - Setting next_dagrun for dataset_produces_2 to None, run_after=None
[2023-06-21T01:36:00.856+0100] {processor.py:179} INFO - Processing /home/opeyemi/.local/lib/python3.10/site-packages/airflow/example_dags/example_datasets.py took 0.251 seconds
[2023-06-21T01:36:55.972+0100] {processor.py:157} INFO - Started process (PID=22772) to work on /home/opeyemi/.local/lib/python3.10/site-packages/airflow/example_dags/example_datasets.py
[2023-06-21T01:36:55.976+0100] {processor.py:826} INFO - Processing file /home/opeyemi/.local/lib/python3.10/site-packages/airflow/example_dags/example_datasets.py for tasks to queue
[2023-06-21T01:36:55.978+0100] {logging_mixin.py:149} INFO - [2023-06-21T01:36:55.978+0100] {dagbag.py:541} INFO - Filling up the DagBag from /home/opeyemi/.local/lib/python3.10/site-packages/airflow/example_dags/example_datasets.py
[2023-06-21T01:36:56.007+0100] {processor.py:836} INFO - DAG(s) dict_keys(['dataset_consumes_1', 'dataset_produces_1', 'dataset_produces_2', 'dataset_consumes_unknown_never_scheduled', 'dataset_consumes_1_and_2', 'dataset_consumes_1_never_scheduled']) retrieved from /home/opeyemi/.local/lib/python3.10/site-packages/airflow/example_dags/example_datasets.py
[2023-06-21T01:36:56.090+0100] {logging_mixin.py:149} INFO - [2023-06-21T01:36:56.090+0100] {dag.py:2726} INFO - Sync 6 DAGs
[2023-06-21T01:36:56.112+0100] {logging_mixin.py:149} INFO - [2023-06-21T01:36:56.112+0100] {dag.py:3486} INFO - Setting next_dagrun for dataset_consumes_1 to None, run_after=None
[2023-06-21T01:36:56.115+0100] {logging_mixin.py:149} INFO - [2023-06-21T01:36:56.115+0100] {dag.py:3486} INFO - Setting next_dagrun for dataset_consumes_1_and_2 to None, run_after=None
[2023-06-21T01:36:56.116+0100] {logging_mixin.py:149} INFO - [2023-06-21T01:36:56.116+0100] {dag.py:3486} INFO - Setting next_dagrun for dataset_consumes_1_never_scheduled to None, run_after=None
[2023-06-21T01:36:56.117+0100] {logging_mixin.py:149} INFO - [2023-06-21T01:36:56.117+0100] {dag.py:3486} INFO - Setting next_dagrun for dataset_consumes_unknown_never_scheduled to None, run_after=None
[2023-06-21T01:36:56.119+0100] {logging_mixin.py:149} INFO - [2023-06-21T01:36:56.119+0100] {dag.py:3486} INFO - Setting next_dagrun for dataset_produces_1 to 2023-06-20T00:00:00+00:00, run_after=2023-06-21T00:00:00+00:00
[2023-06-21T01:36:56.120+0100] {logging_mixin.py:149} INFO - [2023-06-21T01:36:56.120+0100] {dag.py:3486} INFO - Setting next_dagrun for dataset_produces_2 to None, run_after=None
[2023-06-21T01:36:56.162+0100] {processor.py:179} INFO - Processing /home/opeyemi/.local/lib/python3.10/site-packages/airflow/example_dags/example_datasets.py took 0.200 seconds
[2023-06-21T01:37:53.458+0100] {processor.py:157} INFO - Started process (PID=23083) to work on /home/opeyemi/.local/lib/python3.10/site-packages/airflow/example_dags/example_datasets.py
[2023-06-21T01:37:53.461+0100] {processor.py:826} INFO - Processing file /home/opeyemi/.local/lib/python3.10/site-packages/airflow/example_dags/example_datasets.py for tasks to queue
[2023-06-21T01:37:53.463+0100] {logging_mixin.py:149} INFO - [2023-06-21T01:37:53.463+0100] {dagbag.py:541} INFO - Filling up the DagBag from /home/opeyemi/.local/lib/python3.10/site-packages/airflow/example_dags/example_datasets.py
[2023-06-21T01:37:53.504+0100] {processor.py:836} INFO - DAG(s) dict_keys(['dataset_produces_2', 'dataset_consumes_unknown_never_scheduled', 'dataset_consumes_1_never_scheduled', 'dataset_consumes_1_and_2', 'dataset_produces_1', 'dataset_consumes_1']) retrieved from /home/opeyemi/.local/lib/python3.10/site-packages/airflow/example_dags/example_datasets.py
[2023-06-21T01:37:53.593+0100] {logging_mixin.py:149} INFO - [2023-06-21T01:37:53.593+0100] {dag.py:2726} INFO - Sync 6 DAGs
[2023-06-21T01:37:53.653+0100] {logging_mixin.py:149} INFO - [2023-06-21T01:37:53.652+0100] {dag.py:3486} INFO - Setting next_dagrun for dataset_consumes_1 to None, run_after=None
[2023-06-21T01:37:53.658+0100] {logging_mixin.py:149} INFO - [2023-06-21T01:37:53.658+0100] {dag.py:3486} INFO - Setting next_dagrun for dataset_consumes_1_and_2 to None, run_after=None
[2023-06-21T01:37:53.660+0100] {logging_mixin.py:149} INFO - [2023-06-21T01:37:53.660+0100] {dag.py:3486} INFO - Setting next_dagrun for dataset_consumes_1_never_scheduled to None, run_after=None
[2023-06-21T01:37:53.662+0100] {logging_mixin.py:149} INFO - [2023-06-21T01:37:53.661+0100] {dag.py:3486} INFO - Setting next_dagrun for dataset_consumes_unknown_never_scheduled to None, run_after=None
[2023-06-21T01:37:53.666+0100] {logging_mixin.py:149} INFO - [2023-06-21T01:37:53.666+0100] {dag.py:3486} INFO - Setting next_dagrun for dataset_produces_1 to 2023-06-20T00:00:00+00:00, run_after=2023-06-21T00:00:00+00:00
[2023-06-21T01:37:53.668+0100] {logging_mixin.py:149} INFO - [2023-06-21T01:37:53.668+0100] {dag.py:3486} INFO - Setting next_dagrun for dataset_produces_2 to None, run_after=None
[2023-06-21T01:37:53.762+0100] {processor.py:179} INFO - Processing /home/opeyemi/.local/lib/python3.10/site-packages/airflow/example_dags/example_datasets.py took 0.313 seconds
[2023-06-21T01:38:49.653+0100] {processor.py:157} INFO - Started process (PID=23279) to work on /home/opeyemi/.local/lib/python3.10/site-packages/airflow/example_dags/example_datasets.py
[2023-06-21T01:38:49.657+0100] {processor.py:826} INFO - Processing file /home/opeyemi/.local/lib/python3.10/site-packages/airflow/example_dags/example_datasets.py for tasks to queue
[2023-06-21T01:38:49.659+0100] {logging_mixin.py:149} INFO - [2023-06-21T01:38:49.659+0100] {dagbag.py:541} INFO - Filling up the DagBag from /home/opeyemi/.local/lib/python3.10/site-packages/airflow/example_dags/example_datasets.py
[2023-06-21T01:38:49.691+0100] {processor.py:836} INFO - DAG(s) dict_keys(['dataset_consumes_1', 'dataset_consumes_1_never_scheduled', 'dataset_produces_1', 'dataset_consumes_1_and_2', 'dataset_consumes_unknown_never_scheduled', 'dataset_produces_2']) retrieved from /home/opeyemi/.local/lib/python3.10/site-packages/airflow/example_dags/example_datasets.py
[2023-06-21T01:38:49.759+0100] {logging_mixin.py:149} INFO - [2023-06-21T01:38:49.759+0100] {dag.py:2726} INFO - Sync 6 DAGs
[2023-06-21T01:38:49.781+0100] {logging_mixin.py:149} INFO - [2023-06-21T01:38:49.781+0100] {dag.py:3486} INFO - Setting next_dagrun for dataset_consumes_1 to None, run_after=None
[2023-06-21T01:38:49.784+0100] {logging_mixin.py:149} INFO - [2023-06-21T01:38:49.784+0100] {dag.py:3486} INFO - Setting next_dagrun for dataset_consumes_1_and_2 to None, run_after=None
[2023-06-21T01:38:49.785+0100] {logging_mixin.py:149} INFO - [2023-06-21T01:38:49.785+0100] {dag.py:3486} INFO - Setting next_dagrun for dataset_consumes_1_never_scheduled to None, run_after=None
[2023-06-21T01:38:49.786+0100] {logging_mixin.py:149} INFO - [2023-06-21T01:38:49.786+0100] {dag.py:3486} INFO - Setting next_dagrun for dataset_consumes_unknown_never_scheduled to None, run_after=None
[2023-06-21T01:38:49.788+0100] {logging_mixin.py:149} INFO - [2023-06-21T01:38:49.788+0100] {dag.py:3486} INFO - Setting next_dagrun for dataset_produces_1 to 2023-06-20T00:00:00+00:00, run_after=2023-06-21T00:00:00+00:00
[2023-06-21T01:38:49.789+0100] {logging_mixin.py:149} INFO - [2023-06-21T01:38:49.789+0100] {dag.py:3486} INFO - Setting next_dagrun for dataset_produces_2 to None, run_after=None
[2023-06-21T01:38:49.831+0100] {processor.py:179} INFO - Processing /home/opeyemi/.local/lib/python3.10/site-packages/airflow/example_dags/example_datasets.py took 0.188 seconds
[2023-06-21T01:39:44.216+0100] {processor.py:157} INFO - Started process (PID=23326) to work on /home/opeyemi/.local/lib/python3.10/site-packages/airflow/example_dags/example_datasets.py
[2023-06-21T01:39:44.221+0100] {processor.py:826} INFO - Processing file /home/opeyemi/.local/lib/python3.10/site-packages/airflow/example_dags/example_datasets.py for tasks to queue
[2023-06-21T01:39:44.223+0100] {logging_mixin.py:149} INFO - [2023-06-21T01:39:44.223+0100] {dagbag.py:541} INFO - Filling up the DagBag from /home/opeyemi/.local/lib/python3.10/site-packages/airflow/example_dags/example_datasets.py
[2023-06-21T01:39:44.262+0100] {processor.py:836} INFO - DAG(s) dict_keys(['dataset_consumes_1', 'dataset_consumes_1_and_2', 'dataset_produces_1', 'dataset_consumes_1_never_scheduled', 'dataset_consumes_unknown_never_scheduled', 'dataset_produces_2']) retrieved from /home/opeyemi/.local/lib/python3.10/site-packages/airflow/example_dags/example_datasets.py
[2023-06-21T01:39:44.352+0100] {logging_mixin.py:149} INFO - [2023-06-21T01:39:44.351+0100] {dag.py:2726} INFO - Sync 6 DAGs
[2023-06-21T01:39:44.381+0100] {logging_mixin.py:149} INFO - [2023-06-21T01:39:44.380+0100] {dag.py:3486} INFO - Setting next_dagrun for dataset_consumes_1 to None, run_after=None
[2023-06-21T01:39:44.386+0100] {logging_mixin.py:149} INFO - [2023-06-21T01:39:44.385+0100] {dag.py:3486} INFO - Setting next_dagrun for dataset_consumes_1_and_2 to None, run_after=None
[2023-06-21T01:39:44.387+0100] {logging_mixin.py:149} INFO - [2023-06-21T01:39:44.387+0100] {dag.py:3486} INFO - Setting next_dagrun for dataset_consumes_1_never_scheduled to None, run_after=None
[2023-06-21T01:39:44.390+0100] {logging_mixin.py:149} INFO - [2023-06-21T01:39:44.390+0100] {dag.py:3486} INFO - Setting next_dagrun for dataset_consumes_unknown_never_scheduled to None, run_after=None
[2023-06-21T01:39:44.393+0100] {logging_mixin.py:149} INFO - [2023-06-21T01:39:44.393+0100] {dag.py:3486} INFO - Setting next_dagrun for dataset_produces_1 to 2023-06-20T00:00:00+00:00, run_after=2023-06-21T00:00:00+00:00
[2023-06-21T01:39:44.395+0100] {logging_mixin.py:149} INFO - [2023-06-21T01:39:44.395+0100] {dag.py:3486} INFO - Setting next_dagrun for dataset_produces_2 to None, run_after=None
[2023-06-21T01:39:44.461+0100] {processor.py:179} INFO - Processing /home/opeyemi/.local/lib/python3.10/site-packages/airflow/example_dags/example_datasets.py took 0.258 seconds
[2023-06-21T01:40:37.636+0100] {processor.py:157} INFO - Started process (PID=23388) to work on /home/opeyemi/.local/lib/python3.10/site-packages/airflow/example_dags/example_datasets.py
[2023-06-21T01:40:37.640+0100] {processor.py:826} INFO - Processing file /home/opeyemi/.local/lib/python3.10/site-packages/airflow/example_dags/example_datasets.py for tasks to queue
[2023-06-21T01:40:37.641+0100] {logging_mixin.py:149} INFO - [2023-06-21T01:40:37.641+0100] {dagbag.py:541} INFO - Filling up the DagBag from /home/opeyemi/.local/lib/python3.10/site-packages/airflow/example_dags/example_datasets.py
[2023-06-21T01:40:37.674+0100] {processor.py:836} INFO - DAG(s) dict_keys(['dataset_produces_1', 'dataset_consumes_unknown_never_scheduled', 'dataset_produces_2', 'dataset_consumes_1', 'dataset_consumes_1_and_2', 'dataset_consumes_1_never_scheduled']) retrieved from /home/opeyemi/.local/lib/python3.10/site-packages/airflow/example_dags/example_datasets.py
[2023-06-21T01:40:37.788+0100] {logging_mixin.py:149} INFO - [2023-06-21T01:40:37.788+0100] {dag.py:2726} INFO - Sync 6 DAGs
[2023-06-21T01:40:37.855+0100] {logging_mixin.py:149} INFO - [2023-06-21T01:40:37.854+0100] {dag.py:3486} INFO - Setting next_dagrun for dataset_consumes_1 to None, run_after=None
[2023-06-21T01:40:37.859+0100] {logging_mixin.py:149} INFO - [2023-06-21T01:40:37.859+0100] {dag.py:3486} INFO - Setting next_dagrun for dataset_consumes_1_and_2 to None, run_after=None
[2023-06-21T01:40:37.861+0100] {logging_mixin.py:149} INFO - [2023-06-21T01:40:37.861+0100] {dag.py:3486} INFO - Setting next_dagrun for dataset_consumes_1_never_scheduled to None, run_after=None
[2023-06-21T01:40:37.865+0100] {logging_mixin.py:149} INFO - [2023-06-21T01:40:37.865+0100] {dag.py:3486} INFO - Setting next_dagrun for dataset_consumes_unknown_never_scheduled to None, run_after=None
[2023-06-21T01:40:37.870+0100] {logging_mixin.py:149} INFO - [2023-06-21T01:40:37.869+0100] {dag.py:3486} INFO - Setting next_dagrun for dataset_produces_1 to 2023-06-20T00:00:00+00:00, run_after=2023-06-21T00:00:00+00:00
[2023-06-21T01:40:37.871+0100] {logging_mixin.py:149} INFO - [2023-06-21T01:40:37.871+0100] {dag.py:3486} INFO - Setting next_dagrun for dataset_produces_2 to None, run_after=None
[2023-06-21T01:40:37.994+0100] {processor.py:179} INFO - Processing /home/opeyemi/.local/lib/python3.10/site-packages/airflow/example_dags/example_datasets.py took 0.372 seconds
