[2023-06-21T01:00:21.196+0100] {processor.py:157} INFO - Started process (PID=20530) to work on /home/opeyemi/.local/lib/python3.10/site-packages/airflow/example_dags/example_branch_python_dop_operator_3.py
[2023-06-21T01:00:21.199+0100] {processor.py:826} INFO - Processing file /home/opeyemi/.local/lib/python3.10/site-packages/airflow/example_dags/example_branch_python_dop_operator_3.py for tasks to queue
[2023-06-21T01:00:21.202+0100] {logging_mixin.py:149} INFO - [2023-06-21T01:00:21.201+0100] {dagbag.py:541} INFO - Filling up the DagBag from /home/opeyemi/.local/lib/python3.10/site-packages/airflow/example_dags/example_branch_python_dop_operator_3.py
[2023-06-21T01:00:21.229+0100] {processor.py:836} INFO - DAG(s) dict_keys(['example_branch_dop_operator_v3']) retrieved from /home/opeyemi/.local/lib/python3.10/site-packages/airflow/example_dags/example_branch_python_dop_operator_3.py
[2023-06-21T01:00:21.301+0100] {logging_mixin.py:149} INFO - [2023-06-21T01:00:21.300+0100] {dag.py:2726} INFO - Sync 1 DAGs
[2023-06-21T01:00:21.374+0100] {logging_mixin.py:149} INFO - [2023-06-21T01:00:21.374+0100] {dag.py:3486} INFO - Setting next_dagrun for example_branch_dop_operator_v3 to 2023-06-20T23:59:00+00:00, run_after=2023-06-21T00:00:00+00:00
[2023-06-21T01:00:21.565+0100] {processor.py:179} INFO - Processing /home/opeyemi/.local/lib/python3.10/site-packages/airflow/example_dags/example_branch_python_dop_operator_3.py took 0.383 seconds
[2023-06-21T01:02:38.590+0100] {processor.py:157} INFO - Started process (PID=20608) to work on /home/opeyemi/.local/lib/python3.10/site-packages/airflow/example_dags/example_branch_python_dop_operator_3.py
[2023-06-21T01:02:38.621+0100] {processor.py:826} INFO - Processing file /home/opeyemi/.local/lib/python3.10/site-packages/airflow/example_dags/example_branch_python_dop_operator_3.py for tasks to queue
[2023-06-21T01:02:38.625+0100] {logging_mixin.py:149} INFO - [2023-06-21T01:02:38.624+0100] {dagbag.py:541} INFO - Filling up the DagBag from /home/opeyemi/.local/lib/python3.10/site-packages/airflow/example_dags/example_branch_python_dop_operator_3.py
[2023-06-21T01:02:38.675+0100] {processor.py:836} INFO - DAG(s) dict_keys(['example_branch_dop_operator_v3']) retrieved from /home/opeyemi/.local/lib/python3.10/site-packages/airflow/example_dags/example_branch_python_dop_operator_3.py
[2023-06-21T01:02:38.764+0100] {logging_mixin.py:149} INFO - [2023-06-21T01:02:38.763+0100] {dag.py:2726} INFO - Sync 1 DAGs
[2023-06-21T01:02:38.841+0100] {logging_mixin.py:149} INFO - [2023-06-21T01:02:38.840+0100] {dag.py:3486} INFO - Setting next_dagrun for example_branch_dop_operator_v3 to 2023-06-21T00:01:00+00:00, run_after=2023-06-21T00:02:00+00:00
[2023-06-21T01:02:38.893+0100] {processor.py:179} INFO - Processing /home/opeyemi/.local/lib/python3.10/site-packages/airflow/example_dags/example_branch_python_dop_operator_3.py took 0.322 seconds
[2023-06-21T01:05:21.220+0100] {processor.py:157} INFO - Started process (PID=20686) to work on /home/opeyemi/.local/lib/python3.10/site-packages/airflow/example_dags/example_branch_python_dop_operator_3.py
[2023-06-21T01:05:21.257+0100] {processor.py:826} INFO - Processing file /home/opeyemi/.local/lib/python3.10/site-packages/airflow/example_dags/example_branch_python_dop_operator_3.py for tasks to queue
[2023-06-21T01:05:21.260+0100] {logging_mixin.py:149} INFO - [2023-06-21T01:05:21.260+0100] {dagbag.py:541} INFO - Filling up the DagBag from /home/opeyemi/.local/lib/python3.10/site-packages/airflow/example_dags/example_branch_python_dop_operator_3.py
[2023-06-21T01:05:21.302+0100] {processor.py:836} INFO - DAG(s) dict_keys(['example_branch_dop_operator_v3']) retrieved from /home/opeyemi/.local/lib/python3.10/site-packages/airflow/example_dags/example_branch_python_dop_operator_3.py
[2023-06-21T01:05:21.422+0100] {logging_mixin.py:149} INFO - [2023-06-21T01:05:21.422+0100] {dag.py:2726} INFO - Sync 1 DAGs
[2023-06-21T01:05:21.459+0100] {logging_mixin.py:149} INFO - [2023-06-21T01:05:21.459+0100] {dag.py:3486} INFO - Setting next_dagrun for example_branch_dop_operator_v3 to 2023-06-21T00:04:00+00:00, run_after=2023-06-21T00:05:00+00:00
[2023-06-21T01:05:21.734+0100] {processor.py:179} INFO - Processing /home/opeyemi/.local/lib/python3.10/site-packages/airflow/example_dags/example_branch_python_dop_operator_3.py took 0.532 seconds
[2023-06-21T01:07:38.718+0100] {processor.py:157} INFO - Started process (PID=20754) to work on /home/opeyemi/.local/lib/python3.10/site-packages/airflow/example_dags/example_branch_python_dop_operator_3.py
[2023-06-21T01:07:38.745+0100] {processor.py:826} INFO - Processing file /home/opeyemi/.local/lib/python3.10/site-packages/airflow/example_dags/example_branch_python_dop_operator_3.py for tasks to queue
[2023-06-21T01:07:38.749+0100] {logging_mixin.py:149} INFO - [2023-06-21T01:07:38.748+0100] {dagbag.py:541} INFO - Filling up the DagBag from /home/opeyemi/.local/lib/python3.10/site-packages/airflow/example_dags/example_branch_python_dop_operator_3.py
[2023-06-21T01:07:38.812+0100] {processor.py:836} INFO - DAG(s) dict_keys(['example_branch_dop_operator_v3']) retrieved from /home/opeyemi/.local/lib/python3.10/site-packages/airflow/example_dags/example_branch_python_dop_operator_3.py
[2023-06-21T01:07:38.907+0100] {logging_mixin.py:149} INFO - [2023-06-21T01:07:38.907+0100] {dag.py:2726} INFO - Sync 1 DAGs
[2023-06-21T01:07:38.983+0100] {logging_mixin.py:149} INFO - [2023-06-21T01:07:38.983+0100] {dag.py:3486} INFO - Setting next_dagrun for example_branch_dop_operator_v3 to 2023-06-21T00:06:00+00:00, run_after=2023-06-21T00:07:00+00:00
[2023-06-21T01:07:39.084+0100] {processor.py:179} INFO - Processing /home/opeyemi/.local/lib/python3.10/site-packages/airflow/example_dags/example_branch_python_dop_operator_3.py took 0.377 seconds
[2023-06-21T01:09:33.773+0100] {processor.py:157} INFO - Started process (PID=20833) to work on /home/opeyemi/.local/lib/python3.10/site-packages/airflow/example_dags/example_branch_python_dop_operator_3.py
[2023-06-21T01:09:33.800+0100] {processor.py:826} INFO - Processing file /home/opeyemi/.local/lib/python3.10/site-packages/airflow/example_dags/example_branch_python_dop_operator_3.py for tasks to queue
[2023-06-21T01:09:33.803+0100] {logging_mixin.py:149} INFO - [2023-06-21T01:09:33.802+0100] {dagbag.py:541} INFO - Filling up the DagBag from /home/opeyemi/.local/lib/python3.10/site-packages/airflow/example_dags/example_branch_python_dop_operator_3.py
[2023-06-21T01:09:33.848+0100] {processor.py:836} INFO - DAG(s) dict_keys(['example_branch_dop_operator_v3']) retrieved from /home/opeyemi/.local/lib/python3.10/site-packages/airflow/example_dags/example_branch_python_dop_operator_3.py
[2023-06-21T01:09:33.960+0100] {logging_mixin.py:149} INFO - [2023-06-21T01:09:33.959+0100] {dag.py:2726} INFO - Sync 1 DAGs
[2023-06-21T01:09:34.127+0100] {logging_mixin.py:149} INFO - [2023-06-21T01:09:34.127+0100] {dag.py:3486} INFO - Setting next_dagrun for example_branch_dop_operator_v3 to 2023-06-21T00:08:00+00:00, run_after=2023-06-21T00:09:00+00:00
[2023-06-21T01:09:34.264+0100] {processor.py:179} INFO - Processing /home/opeyemi/.local/lib/python3.10/site-packages/airflow/example_dags/example_branch_python_dop_operator_3.py took 0.504 seconds
[2023-06-21T01:11:30.375+0100] {processor.py:157} INFO - Started process (PID=20900) to work on /home/opeyemi/.local/lib/python3.10/site-packages/airflow/example_dags/example_branch_python_dop_operator_3.py
[2023-06-21T01:11:30.488+0100] {processor.py:826} INFO - Processing file /home/opeyemi/.local/lib/python3.10/site-packages/airflow/example_dags/example_branch_python_dop_operator_3.py for tasks to queue
[2023-06-21T01:11:30.490+0100] {logging_mixin.py:149} INFO - [2023-06-21T01:11:30.490+0100] {dagbag.py:541} INFO - Filling up the DagBag from /home/opeyemi/.local/lib/python3.10/site-packages/airflow/example_dags/example_branch_python_dop_operator_3.py
[2023-06-21T01:11:30.509+0100] {processor.py:836} INFO - DAG(s) dict_keys(['example_branch_dop_operator_v3']) retrieved from /home/opeyemi/.local/lib/python3.10/site-packages/airflow/example_dags/example_branch_python_dop_operator_3.py
[2023-06-21T01:11:30.554+0100] {logging_mixin.py:149} INFO - [2023-06-21T01:11:30.553+0100] {dag.py:2726} INFO - Sync 1 DAGs
[2023-06-21T01:11:30.605+0100] {logging_mixin.py:149} INFO - [2023-06-21T01:11:30.605+0100] {dag.py:3486} INFO - Setting next_dagrun for example_branch_dop_operator_v3 to 2023-06-21T00:10:00+00:00, run_after=2023-06-21T00:11:00+00:00
[2023-06-21T01:11:30.679+0100] {processor.py:179} INFO - Processing /home/opeyemi/.local/lib/python3.10/site-packages/airflow/example_dags/example_branch_python_dop_operator_3.py took 0.316 seconds
[2023-06-21T01:13:44.814+0100] {processor.py:157} INFO - Started process (PID=20996) to work on /home/opeyemi/.local/lib/python3.10/site-packages/airflow/example_dags/example_branch_python_dop_operator_3.py
[2023-06-21T01:13:44.875+0100] {processor.py:826} INFO - Processing file /home/opeyemi/.local/lib/python3.10/site-packages/airflow/example_dags/example_branch_python_dop_operator_3.py for tasks to queue
[2023-06-21T01:13:44.878+0100] {logging_mixin.py:149} INFO - [2023-06-21T01:13:44.878+0100] {dagbag.py:541} INFO - Filling up the DagBag from /home/opeyemi/.local/lib/python3.10/site-packages/airflow/example_dags/example_branch_python_dop_operator_3.py
[2023-06-21T01:13:44.911+0100] {processor.py:836} INFO - DAG(s) dict_keys(['example_branch_dop_operator_v3']) retrieved from /home/opeyemi/.local/lib/python3.10/site-packages/airflow/example_dags/example_branch_python_dop_operator_3.py
[2023-06-21T01:13:45.002+0100] {logging_mixin.py:149} INFO - [2023-06-21T01:13:45.001+0100] {dag.py:2726} INFO - Sync 1 DAGs
[2023-06-21T01:13:45.101+0100] {logging_mixin.py:149} INFO - [2023-06-21T01:13:45.101+0100] {dag.py:3486} INFO - Setting next_dagrun for example_branch_dop_operator_v3 to 2023-06-21T00:12:00+00:00, run_after=2023-06-21T00:13:00+00:00
[2023-06-21T01:13:45.425+0100] {processor.py:179} INFO - Processing /home/opeyemi/.local/lib/python3.10/site-packages/airflow/example_dags/example_branch_python_dop_operator_3.py took 0.624 seconds
[2023-06-21T01:16:46.289+0100] {processor.py:157} INFO - Started process (PID=21071) to work on /home/opeyemi/.local/lib/python3.10/site-packages/airflow/example_dags/example_branch_python_dop_operator_3.py
[2023-06-21T01:16:46.306+0100] {processor.py:826} INFO - Processing file /home/opeyemi/.local/lib/python3.10/site-packages/airflow/example_dags/example_branch_python_dop_operator_3.py for tasks to queue
[2023-06-21T01:16:46.310+0100] {logging_mixin.py:149} INFO - [2023-06-21T01:16:46.309+0100] {dagbag.py:541} INFO - Filling up the DagBag from /home/opeyemi/.local/lib/python3.10/site-packages/airflow/example_dags/example_branch_python_dop_operator_3.py
[2023-06-21T01:16:46.373+0100] {processor.py:836} INFO - DAG(s) dict_keys(['example_branch_dop_operator_v3']) retrieved from /home/opeyemi/.local/lib/python3.10/site-packages/airflow/example_dags/example_branch_python_dop_operator_3.py
[2023-06-21T01:16:46.407+0100] {logging_mixin.py:149} INFO - [2023-06-21T01:16:46.406+0100] {dag.py:2726} INFO - Sync 1 DAGs
[2023-06-21T01:16:46.438+0100] {logging_mixin.py:149} INFO - [2023-06-21T01:16:46.438+0100] {dag.py:3486} INFO - Setting next_dagrun for example_branch_dop_operator_v3 to 2023-06-21T00:15:00+00:00, run_after=2023-06-21T00:16:00+00:00
[2023-06-21T01:16:46.627+0100] {processor.py:179} INFO - Processing /home/opeyemi/.local/lib/python3.10/site-packages/airflow/example_dags/example_branch_python_dop_operator_3.py took 0.363 seconds
[2023-06-21T01:18:02.053+0100] {processor.py:157} INFO - Started process (PID=21130) to work on /home/opeyemi/.local/lib/python3.10/site-packages/airflow/example_dags/example_branch_python_dop_operator_3.py
[2023-06-21T01:18:02.111+0100] {processor.py:826} INFO - Processing file /home/opeyemi/.local/lib/python3.10/site-packages/airflow/example_dags/example_branch_python_dop_operator_3.py for tasks to queue
[2023-06-21T01:18:02.115+0100] {logging_mixin.py:149} INFO - [2023-06-21T01:18:02.114+0100] {dagbag.py:541} INFO - Filling up the DagBag from /home/opeyemi/.local/lib/python3.10/site-packages/airflow/example_dags/example_branch_python_dop_operator_3.py
[2023-06-21T01:18:02.153+0100] {processor.py:836} INFO - DAG(s) dict_keys(['example_branch_dop_operator_v3']) retrieved from /home/opeyemi/.local/lib/python3.10/site-packages/airflow/example_dags/example_branch_python_dop_operator_3.py
[2023-06-21T01:18:02.228+0100] {logging_mixin.py:149} INFO - [2023-06-21T01:18:02.228+0100] {dag.py:2726} INFO - Sync 1 DAGs
[2023-06-21T01:18:02.270+0100] {logging_mixin.py:149} INFO - [2023-06-21T01:18:02.270+0100] {dag.py:3486} INFO - Setting next_dagrun for example_branch_dop_operator_v3 to 2023-06-21T00:17:00+00:00, run_after=2023-06-21T00:18:00+00:00
[2023-06-21T01:18:02.387+0100] {processor.py:179} INFO - Processing /home/opeyemi/.local/lib/python3.10/site-packages/airflow/example_dags/example_branch_python_dop_operator_3.py took 0.351 seconds
[2023-06-21T01:19:19.385+0100] {processor.py:157} INFO - Started process (PID=21189) to work on /home/opeyemi/.local/lib/python3.10/site-packages/airflow/example_dags/example_branch_python_dop_operator_3.py
[2023-06-21T01:19:19.929+0100] {processor.py:826} INFO - Processing file /home/opeyemi/.local/lib/python3.10/site-packages/airflow/example_dags/example_branch_python_dop_operator_3.py for tasks to queue
[2023-06-21T01:19:19.932+0100] {logging_mixin.py:149} INFO - [2023-06-21T01:19:19.932+0100] {dagbag.py:541} INFO - Filling up the DagBag from /home/opeyemi/.local/lib/python3.10/site-packages/airflow/example_dags/example_branch_python_dop_operator_3.py
[2023-06-21T01:19:19.986+0100] {processor.py:836} INFO - DAG(s) dict_keys(['example_branch_dop_operator_v3']) retrieved from /home/opeyemi/.local/lib/python3.10/site-packages/airflow/example_dags/example_branch_python_dop_operator_3.py
[2023-06-21T01:19:20.095+0100] {logging_mixin.py:149} INFO - [2023-06-21T01:19:20.094+0100] {dag.py:2726} INFO - Sync 1 DAGs
[2023-06-21T01:19:20.213+0100] {logging_mixin.py:149} INFO - [2023-06-21T01:19:20.213+0100] {dag.py:3486} INFO - Setting next_dagrun for example_branch_dop_operator_v3 to 2023-06-21T00:18:00+00:00, run_after=2023-06-21T00:19:00+00:00
[2023-06-21T01:19:20.288+0100] {processor.py:179} INFO - Processing /home/opeyemi/.local/lib/python3.10/site-packages/airflow/example_dags/example_branch_python_dop_operator_3.py took 0.911 seconds
[2023-06-21T01:21:04.558+0100] {processor.py:157} INFO - Started process (PID=21247) to work on /home/opeyemi/.local/lib/python3.10/site-packages/airflow/example_dags/example_branch_python_dop_operator_3.py
[2023-06-21T01:21:04.601+0100] {processor.py:826} INFO - Processing file /home/opeyemi/.local/lib/python3.10/site-packages/airflow/example_dags/example_branch_python_dop_operator_3.py for tasks to queue
[2023-06-21T01:21:04.604+0100] {logging_mixin.py:149} INFO - [2023-06-21T01:21:04.603+0100] {dagbag.py:541} INFO - Filling up the DagBag from /home/opeyemi/.local/lib/python3.10/site-packages/airflow/example_dags/example_branch_python_dop_operator_3.py
[2023-06-21T01:21:04.644+0100] {processor.py:836} INFO - DAG(s) dict_keys(['example_branch_dop_operator_v3']) retrieved from /home/opeyemi/.local/lib/python3.10/site-packages/airflow/example_dags/example_branch_python_dop_operator_3.py
[2023-06-21T01:21:04.766+0100] {logging_mixin.py:149} INFO - [2023-06-21T01:21:04.765+0100] {dag.py:2726} INFO - Sync 1 DAGs
[2023-06-21T01:21:04.889+0100] {logging_mixin.py:149} INFO - [2023-06-21T01:21:04.889+0100] {dag.py:3486} INFO - Setting next_dagrun for example_branch_dop_operator_v3 to 2023-06-21T00:20:00+00:00, run_after=2023-06-21T00:21:00+00:00
[2023-06-21T01:21:05.146+0100] {processor.py:179} INFO - Processing /home/opeyemi/.local/lib/python3.10/site-packages/airflow/example_dags/example_branch_python_dop_operator_3.py took 0.610 seconds
[2023-06-21T01:23:12.974+0100] {processor.py:157} INFO - Started process (PID=21326) to work on /home/opeyemi/.local/lib/python3.10/site-packages/airflow/example_dags/example_branch_python_dop_operator_3.py
[2023-06-21T01:23:12.977+0100] {processor.py:826} INFO - Processing file /home/opeyemi/.local/lib/python3.10/site-packages/airflow/example_dags/example_branch_python_dop_operator_3.py for tasks to queue
[2023-06-21T01:23:12.982+0100] {logging_mixin.py:149} INFO - [2023-06-21T01:23:12.982+0100] {dagbag.py:541} INFO - Filling up the DagBag from /home/opeyemi/.local/lib/python3.10/site-packages/airflow/example_dags/example_branch_python_dop_operator_3.py
[2023-06-21T01:23:12.999+0100] {processor.py:836} INFO - DAG(s) dict_keys(['example_branch_dop_operator_v3']) retrieved from /home/opeyemi/.local/lib/python3.10/site-packages/airflow/example_dags/example_branch_python_dop_operator_3.py
[2023-06-21T01:23:13.040+0100] {logging_mixin.py:149} INFO - [2023-06-21T01:23:13.040+0100] {dag.py:2726} INFO - Sync 1 DAGs
[2023-06-21T01:23:13.087+0100] {logging_mixin.py:149} INFO - [2023-06-21T01:23:13.087+0100] {dag.py:3486} INFO - Setting next_dagrun for example_branch_dop_operator_v3 to 2023-06-21T00:22:00+00:00, run_after=2023-06-21T00:23:00+00:00
[2023-06-21T01:23:13.129+0100] {processor.py:179} INFO - Processing /home/opeyemi/.local/lib/python3.10/site-packages/airflow/example_dags/example_branch_python_dop_operator_3.py took 0.159 seconds
[2023-06-21T01:24:45.939+0100] {processor.py:157} INFO - Started process (PID=21499) to work on /home/opeyemi/.local/lib/python3.10/site-packages/airflow/example_dags/example_branch_python_dop_operator_3.py
[2023-06-21T01:24:45.952+0100] {processor.py:826} INFO - Processing file /home/opeyemi/.local/lib/python3.10/site-packages/airflow/example_dags/example_branch_python_dop_operator_3.py for tasks to queue
[2023-06-21T01:24:45.953+0100] {logging_mixin.py:149} INFO - [2023-06-21T01:24:45.953+0100] {dagbag.py:541} INFO - Filling up the DagBag from /home/opeyemi/.local/lib/python3.10/site-packages/airflow/example_dags/example_branch_python_dop_operator_3.py
[2023-06-21T01:24:45.971+0100] {processor.py:836} INFO - DAG(s) dict_keys(['example_branch_dop_operator_v3']) retrieved from /home/opeyemi/.local/lib/python3.10/site-packages/airflow/example_dags/example_branch_python_dop_operator_3.py
[2023-06-21T01:24:46.020+0100] {logging_mixin.py:149} INFO - [2023-06-21T01:24:46.019+0100] {dag.py:2726} INFO - Sync 1 DAGs
[2023-06-21T01:24:46.079+0100] {logging_mixin.py:149} INFO - [2023-06-21T01:24:46.079+0100] {dag.py:3486} INFO - Setting next_dagrun for example_branch_dop_operator_v3 to 2023-06-21T00:23:00+00:00, run_after=2023-06-21T00:24:00+00:00
[2023-06-21T01:24:46.169+0100] {processor.py:179} INFO - Processing /home/opeyemi/.local/lib/python3.10/site-packages/airflow/example_dags/example_branch_python_dop_operator_3.py took 0.239 seconds
[2023-06-21T01:25:50.918+0100] {processor.py:157} INFO - Started process (PID=21658) to work on /home/opeyemi/.local/lib/python3.10/site-packages/airflow/example_dags/example_branch_python_dop_operator_3.py
[2023-06-21T01:25:50.923+0100] {processor.py:826} INFO - Processing file /home/opeyemi/.local/lib/python3.10/site-packages/airflow/example_dags/example_branch_python_dop_operator_3.py for tasks to queue
[2023-06-21T01:25:50.926+0100] {logging_mixin.py:149} INFO - [2023-06-21T01:25:50.925+0100] {dagbag.py:541} INFO - Filling up the DagBag from /home/opeyemi/.local/lib/python3.10/site-packages/airflow/example_dags/example_branch_python_dop_operator_3.py
[2023-06-21T01:25:50.944+0100] {processor.py:836} INFO - DAG(s) dict_keys(['example_branch_dop_operator_v3']) retrieved from /home/opeyemi/.local/lib/python3.10/site-packages/airflow/example_dags/example_branch_python_dop_operator_3.py
[2023-06-21T01:25:50.995+0100] {logging_mixin.py:149} INFO - [2023-06-21T01:25:50.995+0100] {dag.py:2726} INFO - Sync 1 DAGs
[2023-06-21T01:25:51.063+0100] {logging_mixin.py:149} INFO - [2023-06-21T01:25:51.063+0100] {dag.py:3486} INFO - Setting next_dagrun for example_branch_dop_operator_v3 to 2023-06-21T00:24:00+00:00, run_after=2023-06-21T00:25:00+00:00
[2023-06-21T01:25:51.121+0100] {processor.py:179} INFO - Processing /home/opeyemi/.local/lib/python3.10/site-packages/airflow/example_dags/example_branch_python_dop_operator_3.py took 0.210 seconds
[2023-06-21T01:27:30.062+0100] {processor.py:157} INFO - Started process (PID=21722) to work on /home/opeyemi/.local/lib/python3.10/site-packages/airflow/example_dags/example_branch_python_dop_operator_3.py
[2023-06-21T01:27:31.090+0100] {processor.py:826} INFO - Processing file /home/opeyemi/.local/lib/python3.10/site-packages/airflow/example_dags/example_branch_python_dop_operator_3.py for tasks to queue
[2023-06-21T01:27:31.094+0100] {logging_mixin.py:149} INFO - [2023-06-21T01:27:31.093+0100] {dagbag.py:541} INFO - Filling up the DagBag from /home/opeyemi/.local/lib/python3.10/site-packages/airflow/example_dags/example_branch_python_dop_operator_3.py
[2023-06-21T01:27:31.159+0100] {processor.py:836} INFO - DAG(s) dict_keys(['example_branch_dop_operator_v3']) retrieved from /home/opeyemi/.local/lib/python3.10/site-packages/airflow/example_dags/example_branch_python_dop_operator_3.py
[2023-06-21T01:27:31.255+0100] {logging_mixin.py:149} INFO - [2023-06-21T01:27:31.255+0100] {dag.py:2726} INFO - Sync 1 DAGs
[2023-06-21T01:27:31.317+0100] {logging_mixin.py:149} INFO - [2023-06-21T01:27:31.317+0100] {dag.py:3486} INFO - Setting next_dagrun for example_branch_dop_operator_v3 to 2023-06-21T00:26:00+00:00, run_after=2023-06-21T00:27:00+00:00
[2023-06-21T01:27:32.249+0100] {processor.py:179} INFO - Processing /home/opeyemi/.local/lib/python3.10/site-packages/airflow/example_dags/example_branch_python_dop_operator_3.py took 2.197 seconds
[2023-06-21T01:29:05.626+0100] {processor.py:157} INFO - Started process (PID=21835) to work on /home/opeyemi/.local/lib/python3.10/site-packages/airflow/example_dags/example_branch_python_dop_operator_3.py
[2023-06-21T01:29:05.658+0100] {processor.py:826} INFO - Processing file /home/opeyemi/.local/lib/python3.10/site-packages/airflow/example_dags/example_branch_python_dop_operator_3.py for tasks to queue
[2023-06-21T01:29:05.660+0100] {logging_mixin.py:149} INFO - [2023-06-21T01:29:05.660+0100] {dagbag.py:541} INFO - Filling up the DagBag from /home/opeyemi/.local/lib/python3.10/site-packages/airflow/example_dags/example_branch_python_dop_operator_3.py
[2023-06-21T01:29:05.688+0100] {processor.py:836} INFO - DAG(s) dict_keys(['example_branch_dop_operator_v3']) retrieved from /home/opeyemi/.local/lib/python3.10/site-packages/airflow/example_dags/example_branch_python_dop_operator_3.py
[2023-06-21T01:29:05.753+0100] {logging_mixin.py:149} INFO - [2023-06-21T01:29:05.753+0100] {dag.py:2726} INFO - Sync 1 DAGs
[2023-06-21T01:29:05.811+0100] {logging_mixin.py:149} INFO - [2023-06-21T01:29:05.811+0100] {dag.py:3486} INFO - Setting next_dagrun for example_branch_dop_operator_v3 to 2023-06-21T00:28:00+00:00, run_after=2023-06-21T00:29:00+00:00
[2023-06-21T01:29:05.859+0100] {processor.py:179} INFO - Processing /home/opeyemi/.local/lib/python3.10/site-packages/airflow/example_dags/example_branch_python_dop_operator_3.py took 0.251 seconds
[2023-06-21T01:30:29.895+0100] {processor.py:157} INFO - Started process (PID=21911) to work on /home/opeyemi/.local/lib/python3.10/site-packages/airflow/example_dags/example_branch_python_dop_operator_3.py
[2023-06-21T01:30:29.900+0100] {processor.py:826} INFO - Processing file /home/opeyemi/.local/lib/python3.10/site-packages/airflow/example_dags/example_branch_python_dop_operator_3.py for tasks to queue
[2023-06-21T01:30:29.902+0100] {logging_mixin.py:149} INFO - [2023-06-21T01:30:29.901+0100] {dagbag.py:541} INFO - Filling up the DagBag from /home/opeyemi/.local/lib/python3.10/site-packages/airflow/example_dags/example_branch_python_dop_operator_3.py
[2023-06-21T01:30:29.931+0100] {processor.py:836} INFO - DAG(s) dict_keys(['example_branch_dop_operator_v3']) retrieved from /home/opeyemi/.local/lib/python3.10/site-packages/airflow/example_dags/example_branch_python_dop_operator_3.py
[2023-06-21T01:30:30.007+0100] {logging_mixin.py:149} INFO - [2023-06-21T01:30:30.006+0100] {dag.py:2726} INFO - Sync 1 DAGs
[2023-06-21T01:30:30.094+0100] {logging_mixin.py:149} INFO - [2023-06-21T01:30:30.094+0100] {dag.py:3486} INFO - Setting next_dagrun for example_branch_dop_operator_v3 to 2023-06-21T00:29:00+00:00, run_after=2023-06-21T00:30:00+00:00
[2023-06-21T01:30:30.159+0100] {processor.py:179} INFO - Processing /home/opeyemi/.local/lib/python3.10/site-packages/airflow/example_dags/example_branch_python_dop_operator_3.py took 0.275 seconds
[2023-06-21T01:32:01.516+0100] {processor.py:157} INFO - Started process (PID=21986) to work on /home/opeyemi/.local/lib/python3.10/site-packages/airflow/example_dags/example_branch_python_dop_operator_3.py
[2023-06-21T01:32:01.539+0100] {processor.py:826} INFO - Processing file /home/opeyemi/.local/lib/python3.10/site-packages/airflow/example_dags/example_branch_python_dop_operator_3.py for tasks to queue
[2023-06-21T01:32:01.541+0100] {logging_mixin.py:149} INFO - [2023-06-21T01:32:01.541+0100] {dagbag.py:541} INFO - Filling up the DagBag from /home/opeyemi/.local/lib/python3.10/site-packages/airflow/example_dags/example_branch_python_dop_operator_3.py
[2023-06-21T01:32:01.573+0100] {processor.py:836} INFO - DAG(s) dict_keys(['example_branch_dop_operator_v3']) retrieved from /home/opeyemi/.local/lib/python3.10/site-packages/airflow/example_dags/example_branch_python_dop_operator_3.py
[2023-06-21T01:32:01.645+0100] {logging_mixin.py:149} INFO - [2023-06-21T01:32:01.644+0100] {dag.py:2726} INFO - Sync 1 DAGs
[2023-06-21T01:32:01.736+0100] {logging_mixin.py:149} INFO - [2023-06-21T01:32:01.735+0100] {dag.py:3486} INFO - Setting next_dagrun for example_branch_dop_operator_v3 to 2023-06-21T00:31:00+00:00, run_after=2023-06-21T00:32:00+00:00
[2023-06-21T01:32:01.799+0100] {processor.py:179} INFO - Processing /home/opeyemi/.local/lib/python3.10/site-packages/airflow/example_dags/example_branch_python_dop_operator_3.py took 0.295 seconds
[2023-06-21T01:32:58.767+0100] {processor.py:157} INFO - Started process (PID=22045) to work on /home/opeyemi/.local/lib/python3.10/site-packages/airflow/example_dags/example_branch_python_dop_operator_3.py
[2023-06-21T01:32:58.778+0100] {processor.py:826} INFO - Processing file /home/opeyemi/.local/lib/python3.10/site-packages/airflow/example_dags/example_branch_python_dop_operator_3.py for tasks to queue
[2023-06-21T01:32:58.780+0100] {logging_mixin.py:149} INFO - [2023-06-21T01:32:58.780+0100] {dagbag.py:541} INFO - Filling up the DagBag from /home/opeyemi/.local/lib/python3.10/site-packages/airflow/example_dags/example_branch_python_dop_operator_3.py
[2023-06-21T01:32:58.802+0100] {processor.py:836} INFO - DAG(s) dict_keys(['example_branch_dop_operator_v3']) retrieved from /home/opeyemi/.local/lib/python3.10/site-packages/airflow/example_dags/example_branch_python_dop_operator_3.py
[2023-06-21T01:32:58.885+0100] {logging_mixin.py:149} INFO - [2023-06-21T01:32:58.885+0100] {dag.py:2726} INFO - Sync 1 DAGs
[2023-06-21T01:32:58.958+0100] {logging_mixin.py:149} INFO - [2023-06-21T01:32:58.957+0100] {dag.py:3486} INFO - Setting next_dagrun for example_branch_dop_operator_v3 to 2023-06-21T00:31:00+00:00, run_after=2023-06-21T00:32:00+00:00
[2023-06-21T01:32:59.021+0100] {processor.py:179} INFO - Processing /home/opeyemi/.local/lib/python3.10/site-packages/airflow/example_dags/example_branch_python_dop_operator_3.py took 0.263 seconds
[2023-06-21T01:34:20.653+0100] {processor.py:157} INFO - Started process (PID=22284) to work on /home/opeyemi/.local/lib/python3.10/site-packages/airflow/example_dags/example_branch_python_dop_operator_3.py
[2023-06-21T01:34:20.660+0100] {processor.py:826} INFO - Processing file /home/opeyemi/.local/lib/python3.10/site-packages/airflow/example_dags/example_branch_python_dop_operator_3.py for tasks to queue
[2023-06-21T01:34:20.662+0100] {logging_mixin.py:149} INFO - [2023-06-21T01:34:20.662+0100] {dagbag.py:541} INFO - Filling up the DagBag from /home/opeyemi/.local/lib/python3.10/site-packages/airflow/example_dags/example_branch_python_dop_operator_3.py
[2023-06-21T01:34:20.682+0100] {processor.py:836} INFO - DAG(s) dict_keys(['example_branch_dop_operator_v3']) retrieved from /home/opeyemi/.local/lib/python3.10/site-packages/airflow/example_dags/example_branch_python_dop_operator_3.py
[2023-06-21T01:34:20.741+0100] {logging_mixin.py:149} INFO - [2023-06-21T01:34:20.741+0100] {dag.py:2726} INFO - Sync 1 DAGs
[2023-06-21T01:34:20.797+0100] {logging_mixin.py:149} INFO - [2023-06-21T01:34:20.796+0100] {dag.py:3486} INFO - Setting next_dagrun for example_branch_dop_operator_v3 to 2023-06-21T00:33:00+00:00, run_after=2023-06-21T00:34:00+00:00
[2023-06-21T01:34:20.860+0100] {processor.py:179} INFO - Processing /home/opeyemi/.local/lib/python3.10/site-packages/airflow/example_dags/example_branch_python_dop_operator_3.py took 0.216 seconds
[2023-06-21T01:35:41.721+0100] {processor.py:157} INFO - Started process (PID=22532) to work on /home/opeyemi/.local/lib/python3.10/site-packages/airflow/example_dags/example_branch_python_dop_operator_3.py
[2023-06-21T01:35:41.725+0100] {processor.py:826} INFO - Processing file /home/opeyemi/.local/lib/python3.10/site-packages/airflow/example_dags/example_branch_python_dop_operator_3.py for tasks to queue
[2023-06-21T01:35:41.727+0100] {logging_mixin.py:149} INFO - [2023-06-21T01:35:41.727+0100] {dagbag.py:541} INFO - Filling up the DagBag from /home/opeyemi/.local/lib/python3.10/site-packages/airflow/example_dags/example_branch_python_dop_operator_3.py
[2023-06-21T01:35:41.752+0100] {processor.py:836} INFO - DAG(s) dict_keys(['example_branch_dop_operator_v3']) retrieved from /home/opeyemi/.local/lib/python3.10/site-packages/airflow/example_dags/example_branch_python_dop_operator_3.py
[2023-06-21T01:35:41.809+0100] {logging_mixin.py:149} INFO - [2023-06-21T01:35:41.808+0100] {dag.py:2726} INFO - Sync 1 DAGs
[2023-06-21T01:35:41.852+0100] {logging_mixin.py:149} INFO - [2023-06-21T01:35:41.852+0100] {dag.py:3486} INFO - Setting next_dagrun for example_branch_dop_operator_v3 to 2023-06-21T00:34:00+00:00, run_after=2023-06-21T00:35:00+00:00
[2023-06-21T01:35:41.899+0100] {processor.py:179} INFO - Processing /home/opeyemi/.local/lib/python3.10/site-packages/airflow/example_dags/example_branch_python_dop_operator_3.py took 0.189 seconds
[2023-06-21T01:37:03.808+0100] {processor.py:157} INFO - Started process (PID=22778) to work on /home/opeyemi/.local/lib/python3.10/site-packages/airflow/example_dags/example_branch_python_dop_operator_3.py
[2023-06-21T01:37:03.810+0100] {processor.py:826} INFO - Processing file /home/opeyemi/.local/lib/python3.10/site-packages/airflow/example_dags/example_branch_python_dop_operator_3.py for tasks to queue
[2023-06-21T01:37:03.812+0100] {logging_mixin.py:149} INFO - [2023-06-21T01:37:03.812+0100] {dagbag.py:541} INFO - Filling up the DagBag from /home/opeyemi/.local/lib/python3.10/site-packages/airflow/example_dags/example_branch_python_dop_operator_3.py
[2023-06-21T01:37:03.832+0100] {processor.py:836} INFO - DAG(s) dict_keys(['example_branch_dop_operator_v3']) retrieved from /home/opeyemi/.local/lib/python3.10/site-packages/airflow/example_dags/example_branch_python_dop_operator_3.py
[2023-06-21T01:37:03.867+0100] {logging_mixin.py:149} INFO - [2023-06-21T01:37:03.866+0100] {dag.py:2726} INFO - Sync 1 DAGs
[2023-06-21T01:37:03.912+0100] {logging_mixin.py:149} INFO - [2023-06-21T01:37:03.910+0100] {dag.py:3486} INFO - Setting next_dagrun for example_branch_dop_operator_v3 to 2023-06-21T00:36:00+00:00, run_after=2023-06-21T00:37:00+00:00
[2023-06-21T01:37:03.964+0100] {processor.py:179} INFO - Processing /home/opeyemi/.local/lib/python3.10/site-packages/airflow/example_dags/example_branch_python_dop_operator_3.py took 0.173 seconds
[2023-06-21T01:38:02.777+0100] {processor.py:157} INFO - Started process (PID=23123) to work on /home/opeyemi/.local/lib/python3.10/site-packages/airflow/example_dags/example_branch_python_dop_operator_3.py
[2023-06-21T01:38:02.779+0100] {processor.py:826} INFO - Processing file /home/opeyemi/.local/lib/python3.10/site-packages/airflow/example_dags/example_branch_python_dop_operator_3.py for tasks to queue
[2023-06-21T01:38:02.780+0100] {logging_mixin.py:149} INFO - [2023-06-21T01:38:02.780+0100] {dagbag.py:541} INFO - Filling up the DagBag from /home/opeyemi/.local/lib/python3.10/site-packages/airflow/example_dags/example_branch_python_dop_operator_3.py
[2023-06-21T01:38:02.790+0100] {processor.py:836} INFO - DAG(s) dict_keys(['example_branch_dop_operator_v3']) retrieved from /home/opeyemi/.local/lib/python3.10/site-packages/airflow/example_dags/example_branch_python_dop_operator_3.py
[2023-06-21T01:38:02.823+0100] {logging_mixin.py:149} INFO - [2023-06-21T01:38:02.823+0100] {dag.py:2726} INFO - Sync 1 DAGs
[2023-06-21T01:38:02.879+0100] {logging_mixin.py:149} INFO - [2023-06-21T01:38:02.879+0100] {dag.py:3486} INFO - Setting next_dagrun for example_branch_dop_operator_v3 to 2023-06-21T00:37:00+00:00, run_after=2023-06-21T00:38:00+00:00
[2023-06-21T01:38:02.950+0100] {processor.py:179} INFO - Processing /home/opeyemi/.local/lib/python3.10/site-packages/airflow/example_dags/example_branch_python_dop_operator_3.py took 0.180 seconds
[2023-06-21T01:38:58.518+0100] {processor.py:157} INFO - Started process (PID=23286) to work on /home/opeyemi/.local/lib/python3.10/site-packages/airflow/example_dags/example_branch_python_dop_operator_3.py
[2023-06-21T01:38:58.520+0100] {processor.py:826} INFO - Processing file /home/opeyemi/.local/lib/python3.10/site-packages/airflow/example_dags/example_branch_python_dop_operator_3.py for tasks to queue
[2023-06-21T01:38:58.522+0100] {logging_mixin.py:149} INFO - [2023-06-21T01:38:58.522+0100] {dagbag.py:541} INFO - Filling up the DagBag from /home/opeyemi/.local/lib/python3.10/site-packages/airflow/example_dags/example_branch_python_dop_operator_3.py
[2023-06-21T01:38:58.537+0100] {processor.py:836} INFO - DAG(s) dict_keys(['example_branch_dop_operator_v3']) retrieved from /home/opeyemi/.local/lib/python3.10/site-packages/airflow/example_dags/example_branch_python_dop_operator_3.py
[2023-06-21T01:38:58.577+0100] {logging_mixin.py:149} INFO - [2023-06-21T01:38:58.576+0100] {dag.py:2726} INFO - Sync 1 DAGs
[2023-06-21T01:38:58.623+0100] {logging_mixin.py:149} INFO - [2023-06-21T01:38:58.622+0100] {dag.py:3486} INFO - Setting next_dagrun for example_branch_dop_operator_v3 to 2023-06-21T00:37:00+00:00, run_after=2023-06-21T00:38:00+00:00
[2023-06-21T01:38:58.683+0100] {processor.py:179} INFO - Processing /home/opeyemi/.local/lib/python3.10/site-packages/airflow/example_dags/example_branch_python_dop_operator_3.py took 0.171 seconds
[2023-06-21T01:40:16.062+0100] {processor.py:157} INFO - Started process (PID=23362) to work on /home/opeyemi/.local/lib/python3.10/site-packages/airflow/example_dags/example_branch_python_dop_operator_3.py
[2023-06-21T01:40:16.067+0100] {processor.py:826} INFO - Processing file /home/opeyemi/.local/lib/python3.10/site-packages/airflow/example_dags/example_branch_python_dop_operator_3.py for tasks to queue
[2023-06-21T01:40:16.070+0100] {logging_mixin.py:149} INFO - [2023-06-21T01:40:16.070+0100] {dagbag.py:541} INFO - Filling up the DagBag from /home/opeyemi/.local/lib/python3.10/site-packages/airflow/example_dags/example_branch_python_dop_operator_3.py
[2023-06-21T01:40:16.096+0100] {processor.py:836} INFO - DAG(s) dict_keys(['example_branch_dop_operator_v3']) retrieved from /home/opeyemi/.local/lib/python3.10/site-packages/airflow/example_dags/example_branch_python_dop_operator_3.py
[2023-06-21T01:40:16.135+0100] {logging_mixin.py:149} INFO - [2023-06-21T01:40:16.134+0100] {dag.py:2726} INFO - Sync 1 DAGs
[2023-06-21T01:40:16.180+0100] {logging_mixin.py:149} INFO - [2023-06-21T01:40:16.179+0100] {dag.py:3486} INFO - Setting next_dagrun for example_branch_dop_operator_v3 to 2023-06-21T00:39:00+00:00, run_after=2023-06-21T00:40:00+00:00
[2023-06-21T01:40:16.230+0100] {processor.py:179} INFO - Processing /home/opeyemi/.local/lib/python3.10/site-packages/airflow/example_dags/example_branch_python_dop_operator_3.py took 0.177 seconds
