[2023-06-21T01:00:39.492+0100] {processor.py:157} INFO - Started process (PID=20546) to work on /home/opeyemi/.local/lib/python3.10/site-packages/airflow/example_dags/example_sla_dag.py
[2023-06-21T01:00:39.498+0100] {processor.py:826} INFO - Processing file /home/opeyemi/.local/lib/python3.10/site-packages/airflow/example_dags/example_sla_dag.py for tasks to queue
[2023-06-21T01:00:39.499+0100] {logging_mixin.py:149} INFO - [2023-06-21T01:00:39.499+0100] {dagbag.py:541} INFO - Filling up the DagBag from /home/opeyemi/.local/lib/python3.10/site-packages/airflow/example_dags/example_sla_dag.py
[2023-06-21T01:00:39.518+0100] {processor.py:836} INFO - DAG(s) dict_keys(['example_sla_dag']) retrieved from /home/opeyemi/.local/lib/python3.10/site-packages/airflow/example_dags/example_sla_dag.py
[2023-06-21T01:00:39.557+0100] {logging_mixin.py:149} INFO - [2023-06-21T01:00:39.557+0100] {dag.py:2726} INFO - Sync 1 DAGs
[2023-06-21T01:00:39.597+0100] {logging_mixin.py:149} INFO - [2023-06-21T01:00:39.597+0100] {dag.py:3486} INFO - Setting next_dagrun for example_sla_dag to 2023-06-20T23:58:00+00:00, run_after=2023-06-21T00:00:00+00:00
[2023-06-21T01:00:40.524+0100] {processor.py:179} INFO - Processing /home/opeyemi/.local/lib/python3.10/site-packages/airflow/example_dags/example_sla_dag.py took 1.040 seconds
[2023-06-21T01:01:50.377+0100] {processor.py:157} INFO - Started process (PID=20586) to work on /home/opeyemi/.local/lib/python3.10/site-packages/airflow/example_dags/example_sla_dag.py
[2023-06-21T01:01:50.419+0100] {processor.py:826} INFO - Processing file /home/opeyemi/.local/lib/python3.10/site-packages/airflow/example_dags/example_sla_dag.py for tasks to queue
[2023-06-21T01:01:50.422+0100] {logging_mixin.py:149} INFO - [2023-06-21T01:01:50.421+0100] {dagbag.py:541} INFO - Filling up the DagBag from /home/opeyemi/.local/lib/python3.10/site-packages/airflow/example_dags/example_sla_dag.py
[2023-06-21T01:01:50.463+0100] {processor.py:836} INFO - DAG(s) dict_keys(['example_sla_dag']) retrieved from /home/opeyemi/.local/lib/python3.10/site-packages/airflow/example_dags/example_sla_dag.py
[2023-06-21T01:01:50.494+0100] {logging_mixin.py:149} INFO - [2023-06-21T01:01:50.494+0100] {dag.py:2726} INFO - Sync 1 DAGs
[2023-06-21T01:01:50.542+0100] {logging_mixin.py:149} INFO - [2023-06-21T01:01:50.542+0100] {dag.py:3486} INFO - Setting next_dagrun for example_sla_dag to 2023-06-20T23:58:00+00:00, run_after=2023-06-21T00:00:00+00:00
[2023-06-21T01:01:50.952+0100] {processor.py:179} INFO - Processing /home/opeyemi/.local/lib/python3.10/site-packages/airflow/example_dags/example_sla_dag.py took 0.599 seconds
[2023-06-21T01:03:05.546+0100] {processor.py:157} INFO - Started process (PID=20629) to work on /home/opeyemi/.local/lib/python3.10/site-packages/airflow/example_dags/example_sla_dag.py
[2023-06-21T01:03:06.629+0100] {processor.py:826} INFO - Processing file /home/opeyemi/.local/lib/python3.10/site-packages/airflow/example_dags/example_sla_dag.py for tasks to queue
[2023-06-21T01:03:06.630+0100] {logging_mixin.py:149} INFO - [2023-06-21T01:03:06.630+0100] {dagbag.py:541} INFO - Filling up the DagBag from /home/opeyemi/.local/lib/python3.10/site-packages/airflow/example_dags/example_sla_dag.py
[2023-06-21T01:03:06.672+0100] {processor.py:836} INFO - DAG(s) dict_keys(['example_sla_dag']) retrieved from /home/opeyemi/.local/lib/python3.10/site-packages/airflow/example_dags/example_sla_dag.py
[2023-06-21T01:03:06.758+0100] {logging_mixin.py:149} INFO - [2023-06-21T01:03:06.757+0100] {dag.py:2726} INFO - Sync 1 DAGs
[2023-06-21T01:03:06.813+0100] {logging_mixin.py:149} INFO - [2023-06-21T01:03:06.813+0100] {dag.py:3486} INFO - Setting next_dagrun for example_sla_dag to 2023-06-21T00:00:00+00:00, run_after=2023-06-21T00:02:00+00:00
[2023-06-21T01:03:12.637+0100] {processor.py:179} INFO - Processing /home/opeyemi/.local/lib/python3.10/site-packages/airflow/example_dags/example_sla_dag.py took 7.102 seconds
[2023-06-21T01:04:12.108+0100] {processor.py:157} INFO - Started process (PID=20666) to work on /home/opeyemi/.local/lib/python3.10/site-packages/airflow/example_dags/example_sla_dag.py
[2023-06-21T01:04:12.188+0100] {processor.py:826} INFO - Processing file /home/opeyemi/.local/lib/python3.10/site-packages/airflow/example_dags/example_sla_dag.py for tasks to queue
[2023-06-21T01:04:12.189+0100] {logging_mixin.py:149} INFO - [2023-06-21T01:04:12.189+0100] {dagbag.py:541} INFO - Filling up the DagBag from /home/opeyemi/.local/lib/python3.10/site-packages/airflow/example_dags/example_sla_dag.py
[2023-06-21T01:04:12.213+0100] {processor.py:836} INFO - DAG(s) dict_keys(['example_sla_dag']) retrieved from /home/opeyemi/.local/lib/python3.10/site-packages/airflow/example_dags/example_sla_dag.py
[2023-06-21T01:04:12.298+0100] {logging_mixin.py:149} INFO - [2023-06-21T01:04:12.297+0100] {dag.py:2726} INFO - Sync 1 DAGs
[2023-06-21T01:04:12.410+0100] {logging_mixin.py:149} INFO - [2023-06-21T01:04:12.410+0100] {dag.py:3486} INFO - Setting next_dagrun for example_sla_dag to 2023-06-21T00:02:00+00:00, run_after=2023-06-21T00:04:00+00:00
[2023-06-21T01:04:12.642+0100] {processor.py:179} INFO - Processing /home/opeyemi/.local/lib/python3.10/site-packages/airflow/example_dags/example_sla_dag.py took 0.552 seconds
[2023-06-21T01:05:41.478+0100] {processor.py:157} INFO - Started process (PID=20702) to work on /home/opeyemi/.local/lib/python3.10/site-packages/airflow/example_dags/example_sla_dag.py
[2023-06-21T01:05:41.540+0100] {processor.py:826} INFO - Processing file /home/opeyemi/.local/lib/python3.10/site-packages/airflow/example_dags/example_sla_dag.py for tasks to queue
[2023-06-21T01:05:41.542+0100] {logging_mixin.py:149} INFO - [2023-06-21T01:05:41.541+0100] {dagbag.py:541} INFO - Filling up the DagBag from /home/opeyemi/.local/lib/python3.10/site-packages/airflow/example_dags/example_sla_dag.py
[2023-06-21T01:05:41.577+0100] {processor.py:836} INFO - DAG(s) dict_keys(['example_sla_dag']) retrieved from /home/opeyemi/.local/lib/python3.10/site-packages/airflow/example_dags/example_sla_dag.py
[2023-06-21T01:05:41.650+0100] {logging_mixin.py:149} INFO - [2023-06-21T01:05:41.649+0100] {dag.py:2726} INFO - Sync 1 DAGs
[2023-06-21T01:05:41.750+0100] {logging_mixin.py:149} INFO - [2023-06-21T01:05:41.750+0100] {dag.py:3486} INFO - Setting next_dagrun for example_sla_dag to 2023-06-21T00:02:00+00:00, run_after=2023-06-21T00:04:00+00:00
[2023-06-21T01:05:41.932+0100] {processor.py:179} INFO - Processing /home/opeyemi/.local/lib/python3.10/site-packages/airflow/example_dags/example_sla_dag.py took 0.465 seconds
[2023-06-21T01:06:43.727+0100] {processor.py:157} INFO - Started process (PID=20737) to work on /home/opeyemi/.local/lib/python3.10/site-packages/airflow/example_dags/example_sla_dag.py
[2023-06-21T01:06:43.735+0100] {processor.py:826} INFO - Processing file /home/opeyemi/.local/lib/python3.10/site-packages/airflow/example_dags/example_sla_dag.py for tasks to queue
[2023-06-21T01:06:43.736+0100] {logging_mixin.py:149} INFO - [2023-06-21T01:06:43.736+0100] {dagbag.py:541} INFO - Filling up the DagBag from /home/opeyemi/.local/lib/python3.10/site-packages/airflow/example_dags/example_sla_dag.py
[2023-06-21T01:06:43.757+0100] {processor.py:836} INFO - DAG(s) dict_keys(['example_sla_dag']) retrieved from /home/opeyemi/.local/lib/python3.10/site-packages/airflow/example_dags/example_sla_dag.py
[2023-06-21T01:06:43.791+0100] {logging_mixin.py:149} INFO - [2023-06-21T01:06:43.791+0100] {dag.py:2726} INFO - Sync 1 DAGs
[2023-06-21T01:06:43.834+0100] {logging_mixin.py:149} INFO - [2023-06-21T01:06:43.833+0100] {dag.py:3486} INFO - Setting next_dagrun for example_sla_dag to 2023-06-21T00:04:00+00:00, run_after=2023-06-21T00:06:00+00:00
[2023-06-21T01:06:43.955+0100] {processor.py:179} INFO - Processing /home/opeyemi/.local/lib/python3.10/site-packages/airflow/example_dags/example_sla_dag.py took 0.232 seconds
[2023-06-21T01:08:03.534+0100] {processor.py:157} INFO - Started process (PID=20770) to work on /home/opeyemi/.local/lib/python3.10/site-packages/airflow/example_dags/example_sla_dag.py
[2023-06-21T01:08:03.591+0100] {processor.py:826} INFO - Processing file /home/opeyemi/.local/lib/python3.10/site-packages/airflow/example_dags/example_sla_dag.py for tasks to queue
[2023-06-21T01:08:03.594+0100] {logging_mixin.py:149} INFO - [2023-06-21T01:08:03.593+0100] {dagbag.py:541} INFO - Filling up the DagBag from /home/opeyemi/.local/lib/python3.10/site-packages/airflow/example_dags/example_sla_dag.py
[2023-06-21T01:08:03.687+0100] {processor.py:836} INFO - DAG(s) dict_keys(['example_sla_dag']) retrieved from /home/opeyemi/.local/lib/python3.10/site-packages/airflow/example_dags/example_sla_dag.py
[2023-06-21T01:08:03.781+0100] {logging_mixin.py:149} INFO - [2023-06-21T01:08:03.780+0100] {dag.py:2726} INFO - Sync 1 DAGs
[2023-06-21T01:08:03.842+0100] {logging_mixin.py:149} INFO - [2023-06-21T01:08:03.842+0100] {dag.py:3486} INFO - Setting next_dagrun for example_sla_dag to 2023-06-21T00:06:00+00:00, run_after=2023-06-21T00:08:00+00:00
[2023-06-21T01:08:03.921+0100] {processor.py:179} INFO - Processing /home/opeyemi/.local/lib/python3.10/site-packages/airflow/example_dags/example_sla_dag.py took 0.400 seconds
[2023-06-21T01:08:53.824+0100] {processor.py:157} INFO - Started process (PID=20822) to work on /home/opeyemi/.local/lib/python3.10/site-packages/airflow/example_dags/example_sla_dag.py
[2023-06-21T01:08:53.832+0100] {processor.py:826} INFO - Processing file /home/opeyemi/.local/lib/python3.10/site-packages/airflow/example_dags/example_sla_dag.py for tasks to queue
[2023-06-21T01:08:53.833+0100] {logging_mixin.py:149} INFO - [2023-06-21T01:08:53.833+0100] {dagbag.py:541} INFO - Filling up the DagBag from /home/opeyemi/.local/lib/python3.10/site-packages/airflow/example_dags/example_sla_dag.py
[2023-06-21T01:08:53.850+0100] {processor.py:836} INFO - DAG(s) dict_keys(['example_sla_dag']) retrieved from /home/opeyemi/.local/lib/python3.10/site-packages/airflow/example_dags/example_sla_dag.py
[2023-06-21T01:08:53.884+0100] {logging_mixin.py:149} INFO - [2023-06-21T01:08:53.883+0100] {dag.py:2726} INFO - Sync 1 DAGs
[2023-06-21T01:08:53.951+0100] {logging_mixin.py:149} INFO - [2023-06-21T01:08:53.950+0100] {dag.py:3486} INFO - Setting next_dagrun for example_sla_dag to 2023-06-21T00:06:00+00:00, run_after=2023-06-21T00:08:00+00:00
[2023-06-21T01:08:54.399+0100] {processor.py:179} INFO - Processing /home/opeyemi/.local/lib/python3.10/site-packages/airflow/example_dags/example_sla_dag.py took 0.581 seconds
[2023-06-21T01:09:53.775+0100] {processor.py:157} INFO - Started process (PID=20849) to work on /home/opeyemi/.local/lib/python3.10/site-packages/airflow/example_dags/example_sla_dag.py
[2023-06-21T01:09:53.841+0100] {processor.py:826} INFO - Processing file /home/opeyemi/.local/lib/python3.10/site-packages/airflow/example_dags/example_sla_dag.py for tasks to queue
[2023-06-21T01:09:53.844+0100] {logging_mixin.py:149} INFO - [2023-06-21T01:09:53.844+0100] {dagbag.py:541} INFO - Filling up the DagBag from /home/opeyemi/.local/lib/python3.10/site-packages/airflow/example_dags/example_sla_dag.py
[2023-06-21T01:09:53.889+0100] {processor.py:836} INFO - DAG(s) dict_keys(['example_sla_dag']) retrieved from /home/opeyemi/.local/lib/python3.10/site-packages/airflow/example_dags/example_sla_dag.py
[2023-06-21T01:09:53.982+0100] {logging_mixin.py:149} INFO - [2023-06-21T01:09:53.982+0100] {dag.py:2726} INFO - Sync 1 DAGs
[2023-06-21T01:09:54.027+0100] {logging_mixin.py:149} INFO - [2023-06-21T01:09:54.027+0100] {dag.py:3486} INFO - Setting next_dagrun for example_sla_dag to 2023-06-21T00:06:00+00:00, run_after=2023-06-21T00:08:00+00:00
[2023-06-21T01:09:54.223+0100] {processor.py:179} INFO - Processing /home/opeyemi/.local/lib/python3.10/site-packages/airflow/example_dags/example_sla_dag.py took 0.465 seconds
[2023-06-21T01:11:15.372+0100] {processor.py:157} INFO - Started process (PID=20889) to work on /home/opeyemi/.local/lib/python3.10/site-packages/airflow/example_dags/example_sla_dag.py
[2023-06-21T01:11:15.382+0100] {processor.py:826} INFO - Processing file /home/opeyemi/.local/lib/python3.10/site-packages/airflow/example_dags/example_sla_dag.py for tasks to queue
[2023-06-21T01:11:15.383+0100] {logging_mixin.py:149} INFO - [2023-06-21T01:11:15.383+0100] {dagbag.py:541} INFO - Filling up the DagBag from /home/opeyemi/.local/lib/python3.10/site-packages/airflow/example_dags/example_sla_dag.py
[2023-06-21T01:11:15.403+0100] {processor.py:836} INFO - DAG(s) dict_keys(['example_sla_dag']) retrieved from /home/opeyemi/.local/lib/python3.10/site-packages/airflow/example_dags/example_sla_dag.py
[2023-06-21T01:11:15.444+0100] {logging_mixin.py:149} INFO - [2023-06-21T01:11:15.443+0100] {dag.py:2726} INFO - Sync 1 DAGs
[2023-06-21T01:11:15.484+0100] {logging_mixin.py:149} INFO - [2023-06-21T01:11:15.484+0100] {dag.py:3486} INFO - Setting next_dagrun for example_sla_dag to 2023-06-21T00:08:00+00:00, run_after=2023-06-21T00:10:00+00:00
[2023-06-21T01:11:15.570+0100] {processor.py:179} INFO - Processing /home/opeyemi/.local/lib/python3.10/site-packages/airflow/example_dags/example_sla_dag.py took 0.207 seconds
[2023-06-21T01:13:13.730+0100] {processor.py:157} INFO - Started process (PID=20976) to work on /home/opeyemi/.local/lib/python3.10/site-packages/airflow/example_dags/example_sla_dag.py
[2023-06-21T01:13:13.742+0100] {processor.py:826} INFO - Processing file /home/opeyemi/.local/lib/python3.10/site-packages/airflow/example_dags/example_sla_dag.py for tasks to queue
[2023-06-21T01:13:13.744+0100] {logging_mixin.py:149} INFO - [2023-06-21T01:13:13.744+0100] {dagbag.py:541} INFO - Filling up the DagBag from /home/opeyemi/.local/lib/python3.10/site-packages/airflow/example_dags/example_sla_dag.py
[2023-06-21T01:13:13.778+0100] {processor.py:836} INFO - DAG(s) dict_keys(['example_sla_dag']) retrieved from /home/opeyemi/.local/lib/python3.10/site-packages/airflow/example_dags/example_sla_dag.py
[2023-06-21T01:13:13.813+0100] {logging_mixin.py:149} INFO - [2023-06-21T01:13:13.813+0100] {dag.py:2726} INFO - Sync 1 DAGs
[2023-06-21T01:13:13.853+0100] {logging_mixin.py:149} INFO - [2023-06-21T01:13:13.852+0100] {dag.py:3486} INFO - Setting next_dagrun for example_sla_dag to 2023-06-21T00:10:00+00:00, run_after=2023-06-21T00:12:00+00:00
[2023-06-21T01:13:14.029+0100] {processor.py:179} INFO - Processing /home/opeyemi/.local/lib/python3.10/site-packages/airflow/example_dags/example_sla_dag.py took 0.315 seconds
[2023-06-21T01:14:32.681+0100] {processor.py:157} INFO - Started process (PID=21014) to work on /home/opeyemi/.local/lib/python3.10/site-packages/airflow/example_dags/example_sla_dag.py
[2023-06-21T01:14:32.782+0100] {processor.py:826} INFO - Processing file /home/opeyemi/.local/lib/python3.10/site-packages/airflow/example_dags/example_sla_dag.py for tasks to queue
[2023-06-21T01:14:32.783+0100] {logging_mixin.py:149} INFO - [2023-06-21T01:14:32.783+0100] {dagbag.py:541} INFO - Filling up the DagBag from /home/opeyemi/.local/lib/python3.10/site-packages/airflow/example_dags/example_sla_dag.py
[2023-06-21T01:14:32.806+0100] {processor.py:836} INFO - DAG(s) dict_keys(['example_sla_dag']) retrieved from /home/opeyemi/.local/lib/python3.10/site-packages/airflow/example_dags/example_sla_dag.py
[2023-06-21T01:14:32.883+0100] {logging_mixin.py:149} INFO - [2023-06-21T01:14:32.883+0100] {dag.py:2726} INFO - Sync 1 DAGs
[2023-06-21T01:14:32.967+0100] {logging_mixin.py:149} INFO - [2023-06-21T01:14:32.967+0100] {dag.py:3486} INFO - Setting next_dagrun for example_sla_dag to 2023-06-21T00:12:00+00:00, run_after=2023-06-21T00:14:00+00:00
[2023-06-21T01:14:33.163+0100] {processor.py:179} INFO - Processing /home/opeyemi/.local/lib/python3.10/site-packages/airflow/example_dags/example_sla_dag.py took 0.496 seconds
[2023-06-21T01:15:31.427+0100] {processor.py:157} INFO - Started process (PID=21044) to work on /home/opeyemi/.local/lib/python3.10/site-packages/airflow/example_dags/example_sla_dag.py
[2023-06-21T01:15:31.520+0100] {processor.py:826} INFO - Processing file /home/opeyemi/.local/lib/python3.10/site-packages/airflow/example_dags/example_sla_dag.py for tasks to queue
[2023-06-21T01:15:31.523+0100] {logging_mixin.py:149} INFO - [2023-06-21T01:15:31.523+0100] {dagbag.py:541} INFO - Filling up the DagBag from /home/opeyemi/.local/lib/python3.10/site-packages/airflow/example_dags/example_sla_dag.py
[2023-06-21T01:15:31.583+0100] {processor.py:836} INFO - DAG(s) dict_keys(['example_sla_dag']) retrieved from /home/opeyemi/.local/lib/python3.10/site-packages/airflow/example_dags/example_sla_dag.py
[2023-06-21T01:15:31.732+0100] {logging_mixin.py:149} INFO - [2023-06-21T01:15:31.732+0100] {dag.py:2726} INFO - Sync 1 DAGs
[2023-06-21T01:15:31.775+0100] {logging_mixin.py:149} INFO - [2023-06-21T01:15:31.774+0100] {dag.py:3486} INFO - Setting next_dagrun for example_sla_dag to 2023-06-21T00:12:00+00:00, run_after=2023-06-21T00:14:00+00:00
[2023-06-21T01:15:32.139+0100] {processor.py:179} INFO - Processing /home/opeyemi/.local/lib/python3.10/site-packages/airflow/example_dags/example_sla_dag.py took 0.725 seconds
[2023-06-21T01:17:04.611+0100] {processor.py:157} INFO - Started process (PID=21087) to work on /home/opeyemi/.local/lib/python3.10/site-packages/airflow/example_dags/example_sla_dag.py
[2023-06-21T01:17:04.617+0100] {processor.py:826} INFO - Processing file /home/opeyemi/.local/lib/python3.10/site-packages/airflow/example_dags/example_sla_dag.py for tasks to queue
[2023-06-21T01:17:04.628+0100] {logging_mixin.py:149} INFO - [2023-06-21T01:17:04.624+0100] {dagbag.py:541} INFO - Filling up the DagBag from /home/opeyemi/.local/lib/python3.10/site-packages/airflow/example_dags/example_sla_dag.py
[2023-06-21T01:17:04.658+0100] {processor.py:836} INFO - DAG(s) dict_keys(['example_sla_dag']) retrieved from /home/opeyemi/.local/lib/python3.10/site-packages/airflow/example_dags/example_sla_dag.py
[2023-06-21T01:17:04.681+0100] {logging_mixin.py:149} INFO - [2023-06-21T01:17:04.681+0100] {dag.py:2726} INFO - Sync 1 DAGs
[2023-06-21T01:17:04.720+0100] {logging_mixin.py:149} INFO - [2023-06-21T01:17:04.720+0100] {dag.py:3486} INFO - Setting next_dagrun for example_sla_dag to 2023-06-21T00:14:00+00:00, run_after=2023-06-21T00:16:00+00:00
[2023-06-21T01:17:04.792+0100] {processor.py:179} INFO - Processing /home/opeyemi/.local/lib/python3.10/site-packages/airflow/example_dags/example_sla_dag.py took 0.194 seconds
[2023-06-21T01:18:17.388+0100] {processor.py:157} INFO - Started process (PID=21144) to work on /home/opeyemi/.local/lib/python3.10/site-packages/airflow/example_dags/example_sla_dag.py
[2023-06-21T01:18:17.411+0100] {processor.py:826} INFO - Processing file /home/opeyemi/.local/lib/python3.10/site-packages/airflow/example_dags/example_sla_dag.py for tasks to queue
[2023-06-21T01:18:17.412+0100] {logging_mixin.py:149} INFO - [2023-06-21T01:18:17.411+0100] {dagbag.py:541} INFO - Filling up the DagBag from /home/opeyemi/.local/lib/python3.10/site-packages/airflow/example_dags/example_sla_dag.py
[2023-06-21T01:18:17.425+0100] {processor.py:836} INFO - DAG(s) dict_keys(['example_sla_dag']) retrieved from /home/opeyemi/.local/lib/python3.10/site-packages/airflow/example_dags/example_sla_dag.py
[2023-06-21T01:18:17.457+0100] {logging_mixin.py:149} INFO - [2023-06-21T01:18:17.457+0100] {dag.py:2726} INFO - Sync 1 DAGs
[2023-06-21T01:18:17.498+0100] {logging_mixin.py:149} INFO - [2023-06-21T01:18:17.498+0100] {dag.py:3486} INFO - Setting next_dagrun for example_sla_dag to 2023-06-21T00:16:00+00:00, run_after=2023-06-21T00:18:00+00:00
[2023-06-21T01:18:17.800+0100] {processor.py:179} INFO - Processing /home/opeyemi/.local/lib/python3.10/site-packages/airflow/example_dags/example_sla_dag.py took 0.421 seconds
[2023-06-21T01:19:33.942+0100] {processor.py:157} INFO - Started process (PID=21203) to work on /home/opeyemi/.local/lib/python3.10/site-packages/airflow/example_dags/example_sla_dag.py
[2023-06-21T01:19:34.032+0100] {processor.py:826} INFO - Processing file /home/opeyemi/.local/lib/python3.10/site-packages/airflow/example_dags/example_sla_dag.py for tasks to queue
[2023-06-21T01:19:34.034+0100] {logging_mixin.py:149} INFO - [2023-06-21T01:19:34.033+0100] {dagbag.py:541} INFO - Filling up the DagBag from /home/opeyemi/.local/lib/python3.10/site-packages/airflow/example_dags/example_sla_dag.py
[2023-06-21T01:19:34.127+0100] {processor.py:836} INFO - DAG(s) dict_keys(['example_sla_dag']) retrieved from /home/opeyemi/.local/lib/python3.10/site-packages/airflow/example_dags/example_sla_dag.py
[2023-06-21T01:19:34.243+0100] {logging_mixin.py:149} INFO - [2023-06-21T01:19:34.243+0100] {dag.py:2726} INFO - Sync 1 DAGs
[2023-06-21T01:19:34.286+0100] {logging_mixin.py:149} INFO - [2023-06-21T01:19:34.286+0100] {dag.py:3486} INFO - Setting next_dagrun for example_sla_dag to 2023-06-21T00:16:00+00:00, run_after=2023-06-21T00:18:00+00:00
[2023-06-21T01:19:34.401+0100] {processor.py:179} INFO - Processing /home/opeyemi/.local/lib/python3.10/site-packages/airflow/example_dags/example_sla_dag.py took 0.465 seconds
[2023-06-21T01:21:29.536+0100] {processor.py:157} INFO - Started process (PID=21263) to work on /home/opeyemi/.local/lib/python3.10/site-packages/airflow/example_dags/example_sla_dag.py
[2023-06-21T01:21:29.650+0100] {processor.py:826} INFO - Processing file /home/opeyemi/.local/lib/python3.10/site-packages/airflow/example_dags/example_sla_dag.py for tasks to queue
[2023-06-21T01:21:29.653+0100] {logging_mixin.py:149} INFO - [2023-06-21T01:21:29.653+0100] {dagbag.py:541} INFO - Filling up the DagBag from /home/opeyemi/.local/lib/python3.10/site-packages/airflow/example_dags/example_sla_dag.py
[2023-06-21T01:21:29.701+0100] {processor.py:836} INFO - DAG(s) dict_keys(['example_sla_dag']) retrieved from /home/opeyemi/.local/lib/python3.10/site-packages/airflow/example_dags/example_sla_dag.py
[2023-06-21T01:21:29.809+0100] {logging_mixin.py:149} INFO - [2023-06-21T01:21:29.808+0100] {dag.py:2726} INFO - Sync 1 DAGs
[2023-06-21T01:21:29.956+0100] {logging_mixin.py:149} INFO - [2023-06-21T01:21:29.956+0100] {dag.py:3486} INFO - Setting next_dagrun for example_sla_dag to 2023-06-21T00:18:00+00:00, run_after=2023-06-21T00:20:00+00:00
[2023-06-21T01:21:30.084+0100] {processor.py:179} INFO - Processing /home/opeyemi/.local/lib/python3.10/site-packages/airflow/example_dags/example_sla_dag.py took 0.570 seconds
[2023-06-21T01:22:45.777+0100] {processor.py:157} INFO - Started process (PID=21308) to work on /home/opeyemi/.local/lib/python3.10/site-packages/airflow/example_dags/example_sla_dag.py
[2023-06-21T01:22:45.823+0100] {processor.py:826} INFO - Processing file /home/opeyemi/.local/lib/python3.10/site-packages/airflow/example_dags/example_sla_dag.py for tasks to queue
[2023-06-21T01:22:45.825+0100] {logging_mixin.py:149} INFO - [2023-06-21T01:22:45.825+0100] {dagbag.py:541} INFO - Filling up the DagBag from /home/opeyemi/.local/lib/python3.10/site-packages/airflow/example_dags/example_sla_dag.py
[2023-06-21T01:22:45.847+0100] {processor.py:836} INFO - DAG(s) dict_keys(['example_sla_dag']) retrieved from /home/opeyemi/.local/lib/python3.10/site-packages/airflow/example_dags/example_sla_dag.py
[2023-06-21T01:22:45.907+0100] {logging_mixin.py:149} INFO - [2023-06-21T01:22:45.906+0100] {dag.py:2726} INFO - Sync 1 DAGs
[2023-06-21T01:22:45.963+0100] {logging_mixin.py:149} INFO - [2023-06-21T01:22:45.963+0100] {dag.py:3486} INFO - Setting next_dagrun for example_sla_dag to 2023-06-21T00:20:00+00:00, run_after=2023-06-21T00:22:00+00:00
[2023-06-21T01:22:46.083+0100] {processor.py:179} INFO - Processing /home/opeyemi/.local/lib/python3.10/site-packages/airflow/example_dags/example_sla_dag.py took 0.313 seconds
[2023-06-21T01:24:23.140+0100] {processor.py:157} INFO - Started process (PID=21395) to work on /home/opeyemi/.local/lib/python3.10/site-packages/airflow/example_dags/example_sla_dag.py
[2023-06-21T01:24:23.144+0100] {processor.py:826} INFO - Processing file /home/opeyemi/.local/lib/python3.10/site-packages/airflow/example_dags/example_sla_dag.py for tasks to queue
[2023-06-21T01:24:23.152+0100] {logging_mixin.py:149} INFO - [2023-06-21T01:24:23.145+0100] {dagbag.py:541} INFO - Filling up the DagBag from /home/opeyemi/.local/lib/python3.10/site-packages/airflow/example_dags/example_sla_dag.py
[2023-06-21T01:24:23.186+0100] {processor.py:836} INFO - DAG(s) dict_keys(['example_sla_dag']) retrieved from /home/opeyemi/.local/lib/python3.10/site-packages/airflow/example_dags/example_sla_dag.py
[2023-06-21T01:24:23.256+0100] {logging_mixin.py:149} INFO - [2023-06-21T01:24:23.256+0100] {dag.py:2726} INFO - Sync 1 DAGs
[2023-06-21T01:24:23.362+0100] {logging_mixin.py:149} INFO - [2023-06-21T01:24:23.361+0100] {dag.py:3486} INFO - Setting next_dagrun for example_sla_dag to 2023-06-21T00:22:00+00:00, run_after=2023-06-21T00:24:00+00:00
[2023-06-21T01:24:23.438+0100] {processor.py:179} INFO - Processing /home/opeyemi/.local/lib/python3.10/site-packages/airflow/example_dags/example_sla_dag.py took 0.302 seconds
[2023-06-21T01:25:21.851+0100] {processor.py:157} INFO - Started process (PID=21628) to work on /home/opeyemi/.local/lib/python3.10/site-packages/airflow/example_dags/example_sla_dag.py
[2023-06-21T01:25:21.876+0100] {processor.py:826} INFO - Processing file /home/opeyemi/.local/lib/python3.10/site-packages/airflow/example_dags/example_sla_dag.py for tasks to queue
[2023-06-21T01:25:21.877+0100] {logging_mixin.py:149} INFO - [2023-06-21T01:25:21.876+0100] {dagbag.py:541} INFO - Filling up the DagBag from /home/opeyemi/.local/lib/python3.10/site-packages/airflow/example_dags/example_sla_dag.py
[2023-06-21T01:25:21.887+0100] {processor.py:836} INFO - DAG(s) dict_keys(['example_sla_dag']) retrieved from /home/opeyemi/.local/lib/python3.10/site-packages/airflow/example_dags/example_sla_dag.py
[2023-06-21T01:25:21.914+0100] {logging_mixin.py:149} INFO - [2023-06-21T01:25:21.914+0100] {dag.py:2726} INFO - Sync 1 DAGs
[2023-06-21T01:25:21.966+0100] {logging_mixin.py:149} INFO - [2023-06-21T01:25:21.966+0100] {dag.py:3486} INFO - Setting next_dagrun for example_sla_dag to 2023-06-21T00:22:00+00:00, run_after=2023-06-21T00:24:00+00:00
[2023-06-21T01:25:22.024+0100] {processor.py:179} INFO - Processing /home/opeyemi/.local/lib/python3.10/site-packages/airflow/example_dags/example_sla_dag.py took 0.182 seconds
[2023-06-21T01:26:08.746+0100] {processor.py:157} INFO - Started process (PID=21674) to work on /home/opeyemi/.local/lib/python3.10/site-packages/airflow/example_dags/example_sla_dag.py
[2023-06-21T01:26:08.752+0100] {processor.py:826} INFO - Processing file /home/opeyemi/.local/lib/python3.10/site-packages/airflow/example_dags/example_sla_dag.py for tasks to queue
[2023-06-21T01:26:08.753+0100] {logging_mixin.py:149} INFO - [2023-06-21T01:26:08.753+0100] {dagbag.py:541} INFO - Filling up the DagBag from /home/opeyemi/.local/lib/python3.10/site-packages/airflow/example_dags/example_sla_dag.py
[2023-06-21T01:26:08.781+0100] {processor.py:836} INFO - DAG(s) dict_keys(['example_sla_dag']) retrieved from /home/opeyemi/.local/lib/python3.10/site-packages/airflow/example_dags/example_sla_dag.py
[2023-06-21T01:26:08.853+0100] {logging_mixin.py:149} INFO - [2023-06-21T01:26:08.852+0100] {dag.py:2726} INFO - Sync 1 DAGs
[2023-06-21T01:26:08.972+0100] {logging_mixin.py:149} INFO - [2023-06-21T01:26:08.971+0100] {dag.py:3486} INFO - Setting next_dagrun for example_sla_dag to 2023-06-21T00:24:00+00:00, run_after=2023-06-21T00:26:00+00:00
[2023-06-21T01:26:09.096+0100] {processor.py:179} INFO - Processing /home/opeyemi/.local/lib/python3.10/site-packages/airflow/example_dags/example_sla_dag.py took 0.359 seconds
[2023-06-21T01:27:52.140+0100] {processor.py:157} INFO - Started process (PID=21740) to work on /home/opeyemi/.local/lib/python3.10/site-packages/airflow/example_dags/example_sla_dag.py
[2023-06-21T01:27:52.189+0100] {processor.py:826} INFO - Processing file /home/opeyemi/.local/lib/python3.10/site-packages/airflow/example_dags/example_sla_dag.py for tasks to queue
[2023-06-21T01:27:52.193+0100] {logging_mixin.py:149} INFO - [2023-06-21T01:27:52.192+0100] {dagbag.py:541} INFO - Filling up the DagBag from /home/opeyemi/.local/lib/python3.10/site-packages/airflow/example_dags/example_sla_dag.py
[2023-06-21T01:27:52.249+0100] {processor.py:836} INFO - DAG(s) dict_keys(['example_sla_dag']) retrieved from /home/opeyemi/.local/lib/python3.10/site-packages/airflow/example_dags/example_sla_dag.py
[2023-06-21T01:27:52.368+0100] {logging_mixin.py:149} INFO - [2023-06-21T01:27:52.368+0100] {dag.py:2726} INFO - Sync 1 DAGs
[2023-06-21T01:27:52.408+0100] {logging_mixin.py:149} INFO - [2023-06-21T01:27:52.408+0100] {dag.py:3486} INFO - Setting next_dagrun for example_sla_dag to 2023-06-21T00:24:00+00:00, run_after=2023-06-21T00:26:00+00:00
[2023-06-21T01:27:52.459+0100] {processor.py:179} INFO - Processing /home/opeyemi/.local/lib/python3.10/site-packages/airflow/example_dags/example_sla_dag.py took 0.332 seconds
[2023-06-21T01:28:45.046+0100] {processor.py:157} INFO - Started process (PID=21819) to work on /home/opeyemi/.local/lib/python3.10/site-packages/airflow/example_dags/example_sla_dag.py
[2023-06-21T01:28:45.057+0100] {processor.py:826} INFO - Processing file /home/opeyemi/.local/lib/python3.10/site-packages/airflow/example_dags/example_sla_dag.py for tasks to queue
[2023-06-21T01:28:45.058+0100] {logging_mixin.py:149} INFO - [2023-06-21T01:28:45.058+0100] {dagbag.py:541} INFO - Filling up the DagBag from /home/opeyemi/.local/lib/python3.10/site-packages/airflow/example_dags/example_sla_dag.py
[2023-06-21T01:28:45.081+0100] {processor.py:836} INFO - DAG(s) dict_keys(['example_sla_dag']) retrieved from /home/opeyemi/.local/lib/python3.10/site-packages/airflow/example_dags/example_sla_dag.py
[2023-06-21T01:28:45.134+0100] {logging_mixin.py:149} INFO - [2023-06-21T01:28:45.134+0100] {dag.py:2726} INFO - Sync 1 DAGs
[2023-06-21T01:28:45.193+0100] {logging_mixin.py:149} INFO - [2023-06-21T01:28:45.192+0100] {dag.py:3486} INFO - Setting next_dagrun for example_sla_dag to 2023-06-21T00:26:00+00:00, run_after=2023-06-21T00:28:00+00:00
[2023-06-21T01:28:45.260+0100] {processor.py:179} INFO - Processing /home/opeyemi/.local/lib/python3.10/site-packages/airflow/example_dags/example_sla_dag.py took 0.222 seconds
[2023-06-21T01:29:43.609+0100] {processor.py:157} INFO - Started process (PID=21869) to work on /home/opeyemi/.local/lib/python3.10/site-packages/airflow/example_dags/example_sla_dag.py
[2023-06-21T01:29:43.624+0100] {processor.py:826} INFO - Processing file /home/opeyemi/.local/lib/python3.10/site-packages/airflow/example_dags/example_sla_dag.py for tasks to queue
[2023-06-21T01:29:43.626+0100] {logging_mixin.py:149} INFO - [2023-06-21T01:29:43.625+0100] {dagbag.py:541} INFO - Filling up the DagBag from /home/opeyemi/.local/lib/python3.10/site-packages/airflow/example_dags/example_sla_dag.py
[2023-06-21T01:29:43.649+0100] {processor.py:836} INFO - DAG(s) dict_keys(['example_sla_dag']) retrieved from /home/opeyemi/.local/lib/python3.10/site-packages/airflow/example_dags/example_sla_dag.py
[2023-06-21T01:29:43.725+0100] {logging_mixin.py:149} INFO - [2023-06-21T01:29:43.724+0100] {dag.py:2726} INFO - Sync 1 DAGs
[2023-06-21T01:29:43.825+0100] {logging_mixin.py:149} INFO - [2023-06-21T01:29:43.824+0100] {dag.py:3486} INFO - Setting next_dagrun for example_sla_dag to 2023-06-21T00:26:00+00:00, run_after=2023-06-21T00:28:00+00:00
[2023-06-21T01:29:43.930+0100] {processor.py:179} INFO - Processing /home/opeyemi/.local/lib/python3.10/site-packages/airflow/example_dags/example_sla_dag.py took 0.330 seconds
[2023-06-21T01:30:38.293+0100] {processor.py:157} INFO - Started process (PID=21918) to work on /home/opeyemi/.local/lib/python3.10/site-packages/airflow/example_dags/example_sla_dag.py
[2023-06-21T01:30:38.302+0100] {processor.py:826} INFO - Processing file /home/opeyemi/.local/lib/python3.10/site-packages/airflow/example_dags/example_sla_dag.py for tasks to queue
[2023-06-21T01:30:38.304+0100] {logging_mixin.py:149} INFO - [2023-06-21T01:30:38.304+0100] {dagbag.py:541} INFO - Filling up the DagBag from /home/opeyemi/.local/lib/python3.10/site-packages/airflow/example_dags/example_sla_dag.py
[2023-06-21T01:30:38.324+0100] {processor.py:836} INFO - DAG(s) dict_keys(['example_sla_dag']) retrieved from /home/opeyemi/.local/lib/python3.10/site-packages/airflow/example_dags/example_sla_dag.py
[2023-06-21T01:30:38.382+0100] {logging_mixin.py:149} INFO - [2023-06-21T01:30:38.381+0100] {dag.py:2726} INFO - Sync 1 DAGs
[2023-06-21T01:30:38.449+0100] {logging_mixin.py:149} INFO - [2023-06-21T01:30:38.448+0100] {dag.py:3486} INFO - Setting next_dagrun for example_sla_dag to 2023-06-21T00:28:00+00:00, run_after=2023-06-21T00:30:00+00:00
[2023-06-21T01:30:38.524+0100] {processor.py:179} INFO - Processing /home/opeyemi/.local/lib/python3.10/site-packages/airflow/example_dags/example_sla_dag.py took 0.239 seconds
[2023-06-21T01:31:42.880+0100] {processor.py:157} INFO - Started process (PID=21971) to work on /home/opeyemi/.local/lib/python3.10/site-packages/airflow/example_dags/example_sla_dag.py
[2023-06-21T01:31:42.890+0100] {processor.py:826} INFO - Processing file /home/opeyemi/.local/lib/python3.10/site-packages/airflow/example_dags/example_sla_dag.py for tasks to queue
[2023-06-21T01:31:42.892+0100] {logging_mixin.py:149} INFO - [2023-06-21T01:31:42.892+0100] {dagbag.py:541} INFO - Filling up the DagBag from /home/opeyemi/.local/lib/python3.10/site-packages/airflow/example_dags/example_sla_dag.py
[2023-06-21T01:31:42.916+0100] {processor.py:836} INFO - DAG(s) dict_keys(['example_sla_dag']) retrieved from /home/opeyemi/.local/lib/python3.10/site-packages/airflow/example_dags/example_sla_dag.py
[2023-06-21T01:31:42.976+0100] {logging_mixin.py:149} INFO - [2023-06-21T01:31:42.976+0100] {dag.py:2726} INFO - Sync 1 DAGs
[2023-06-21T01:31:43.049+0100] {logging_mixin.py:149} INFO - [2023-06-21T01:31:43.049+0100] {dag.py:3486} INFO - Setting next_dagrun for example_sla_dag to 2023-06-21T00:28:00+00:00, run_after=2023-06-21T00:30:00+00:00
[2023-06-21T01:31:43.113+0100] {processor.py:179} INFO - Processing /home/opeyemi/.local/lib/python3.10/site-packages/airflow/example_dags/example_sla_dag.py took 0.241 seconds
[2023-06-21T01:32:40.117+0100] {processor.py:157} INFO - Started process (PID=22020) to work on /home/opeyemi/.local/lib/python3.10/site-packages/airflow/example_dags/example_sla_dag.py
[2023-06-21T01:32:40.129+0100] {processor.py:826} INFO - Processing file /home/opeyemi/.local/lib/python3.10/site-packages/airflow/example_dags/example_sla_dag.py for tasks to queue
[2023-06-21T01:32:40.131+0100] {logging_mixin.py:149} INFO - [2023-06-21T01:32:40.131+0100] {dagbag.py:541} INFO - Filling up the DagBag from /home/opeyemi/.local/lib/python3.10/site-packages/airflow/example_dags/example_sla_dag.py
[2023-06-21T01:32:40.147+0100] {processor.py:836} INFO - DAG(s) dict_keys(['example_sla_dag']) retrieved from /home/opeyemi/.local/lib/python3.10/site-packages/airflow/example_dags/example_sla_dag.py
[2023-06-21T01:32:40.169+0100] {logging_mixin.py:149} INFO - [2023-06-21T01:32:40.169+0100] {dag.py:2726} INFO - Sync 1 DAGs
[2023-06-21T01:32:40.197+0100] {logging_mixin.py:149} INFO - [2023-06-21T01:32:40.196+0100] {dag.py:3486} INFO - Setting next_dagrun for example_sla_dag to 2023-06-21T00:30:00+00:00, run_after=2023-06-21T00:32:00+00:00
[2023-06-21T01:32:40.238+0100] {processor.py:179} INFO - Processing /home/opeyemi/.local/lib/python3.10/site-packages/airflow/example_dags/example_sla_dag.py took 0.126 seconds
[2023-06-21T01:33:36.090+0100] {processor.py:157} INFO - Started process (PID=22121) to work on /home/opeyemi/.local/lib/python3.10/site-packages/airflow/example_dags/example_sla_dag.py
[2023-06-21T01:33:36.094+0100] {processor.py:826} INFO - Processing file /home/opeyemi/.local/lib/python3.10/site-packages/airflow/example_dags/example_sla_dag.py for tasks to queue
[2023-06-21T01:33:36.096+0100] {logging_mixin.py:149} INFO - [2023-06-21T01:33:36.096+0100] {dagbag.py:541} INFO - Filling up the DagBag from /home/opeyemi/.local/lib/python3.10/site-packages/airflow/example_dags/example_sla_dag.py
[2023-06-21T01:33:36.123+0100] {processor.py:836} INFO - DAG(s) dict_keys(['example_sla_dag']) retrieved from /home/opeyemi/.local/lib/python3.10/site-packages/airflow/example_dags/example_sla_dag.py
[2023-06-21T01:33:36.176+0100] {logging_mixin.py:149} INFO - [2023-06-21T01:33:36.175+0100] {dag.py:2726} INFO - Sync 1 DAGs
[2023-06-21T01:33:36.218+0100] {logging_mixin.py:149} INFO - [2023-06-21T01:33:36.218+0100] {dag.py:3486} INFO - Setting next_dagrun for example_sla_dag to 2023-06-21T00:30:00+00:00, run_after=2023-06-21T00:32:00+00:00
[2023-06-21T01:33:36.275+0100] {processor.py:179} INFO - Processing /home/opeyemi/.local/lib/python3.10/site-packages/airflow/example_dags/example_sla_dag.py took 0.194 seconds
[2023-06-21T01:34:29.644+0100] {processor.py:157} INFO - Started process (PID=22292) to work on /home/opeyemi/.local/lib/python3.10/site-packages/airflow/example_dags/example_sla_dag.py
[2023-06-21T01:34:29.651+0100] {processor.py:826} INFO - Processing file /home/opeyemi/.local/lib/python3.10/site-packages/airflow/example_dags/example_sla_dag.py for tasks to queue
[2023-06-21T01:34:29.653+0100] {logging_mixin.py:149} INFO - [2023-06-21T01:34:29.652+0100] {dagbag.py:541} INFO - Filling up the DagBag from /home/opeyemi/.local/lib/python3.10/site-packages/airflow/example_dags/example_sla_dag.py
[2023-06-21T01:34:29.671+0100] {processor.py:836} INFO - DAG(s) dict_keys(['example_sla_dag']) retrieved from /home/opeyemi/.local/lib/python3.10/site-packages/airflow/example_dags/example_sla_dag.py
[2023-06-21T01:34:29.712+0100] {logging_mixin.py:149} INFO - [2023-06-21T01:34:29.712+0100] {dag.py:2726} INFO - Sync 1 DAGs
[2023-06-21T01:34:29.761+0100] {logging_mixin.py:149} INFO - [2023-06-21T01:34:29.760+0100] {dag.py:3486} INFO - Setting next_dagrun for example_sla_dag to 2023-06-21T00:32:00+00:00, run_after=2023-06-21T00:34:00+00:00
[2023-06-21T01:34:29.871+0100] {processor.py:179} INFO - Processing /home/opeyemi/.local/lib/python3.10/site-packages/airflow/example_dags/example_sla_dag.py took 0.235 seconds
[2023-06-21T01:35:22.566+0100] {processor.py:157} INFO - Started process (PID=22499) to work on /home/opeyemi/.local/lib/python3.10/site-packages/airflow/example_dags/example_sla_dag.py
[2023-06-21T01:35:22.570+0100] {processor.py:826} INFO - Processing file /home/opeyemi/.local/lib/python3.10/site-packages/airflow/example_dags/example_sla_dag.py for tasks to queue
[2023-06-21T01:35:22.571+0100] {logging_mixin.py:149} INFO - [2023-06-21T01:35:22.571+0100] {dagbag.py:541} INFO - Filling up the DagBag from /home/opeyemi/.local/lib/python3.10/site-packages/airflow/example_dags/example_sla_dag.py
[2023-06-21T01:35:22.594+0100] {processor.py:836} INFO - DAG(s) dict_keys(['example_sla_dag']) retrieved from /home/opeyemi/.local/lib/python3.10/site-packages/airflow/example_dags/example_sla_dag.py
[2023-06-21T01:35:22.636+0100] {logging_mixin.py:149} INFO - [2023-06-21T01:35:22.636+0100] {dag.py:2726} INFO - Sync 1 DAGs
[2023-06-21T01:35:22.685+0100] {logging_mixin.py:149} INFO - [2023-06-21T01:35:22.685+0100] {dag.py:3486} INFO - Setting next_dagrun for example_sla_dag to 2023-06-21T00:32:00+00:00, run_after=2023-06-21T00:34:00+00:00
[2023-06-21T01:35:22.739+0100] {processor.py:179} INFO - Processing /home/opeyemi/.local/lib/python3.10/site-packages/airflow/example_dags/example_sla_dag.py took 0.180 seconds
[2023-06-21T01:36:19.424+0100] {processor.py:157} INFO - Started process (PID=22729) to work on /home/opeyemi/.local/lib/python3.10/site-packages/airflow/example_dags/example_sla_dag.py
[2023-06-21T01:36:19.428+0100] {processor.py:826} INFO - Processing file /home/opeyemi/.local/lib/python3.10/site-packages/airflow/example_dags/example_sla_dag.py for tasks to queue
[2023-06-21T01:36:19.430+0100] {logging_mixin.py:149} INFO - [2023-06-21T01:36:19.430+0100] {dagbag.py:541} INFO - Filling up the DagBag from /home/opeyemi/.local/lib/python3.10/site-packages/airflow/example_dags/example_sla_dag.py
[2023-06-21T01:36:19.462+0100] {processor.py:836} INFO - DAG(s) dict_keys(['example_sla_dag']) retrieved from /home/opeyemi/.local/lib/python3.10/site-packages/airflow/example_dags/example_sla_dag.py
[2023-06-21T01:36:19.521+0100] {logging_mixin.py:149} INFO - [2023-06-21T01:36:19.521+0100] {dag.py:2726} INFO - Sync 1 DAGs
[2023-06-21T01:36:19.569+0100] {logging_mixin.py:149} INFO - [2023-06-21T01:36:19.568+0100] {dag.py:3486} INFO - Setting next_dagrun for example_sla_dag to 2023-06-21T00:34:00+00:00, run_after=2023-06-21T00:36:00+00:00
[2023-06-21T01:36:19.601+0100] {processor.py:179} INFO - Processing /home/opeyemi/.local/lib/python3.10/site-packages/airflow/example_dags/example_sla_dag.py took 0.188 seconds
[2023-06-21T01:37:13.489+0100] {processor.py:157} INFO - Started process (PID=22821) to work on /home/opeyemi/.local/lib/python3.10/site-packages/airflow/example_dags/example_sla_dag.py
[2023-06-21T01:37:13.501+0100] {processor.py:826} INFO - Processing file /home/opeyemi/.local/lib/python3.10/site-packages/airflow/example_dags/example_sla_dag.py for tasks to queue
[2023-06-21T01:37:13.505+0100] {logging_mixin.py:149} INFO - [2023-06-21T01:37:13.504+0100] {dagbag.py:541} INFO - Filling up the DagBag from /home/opeyemi/.local/lib/python3.10/site-packages/airflow/example_dags/example_sla_dag.py
[2023-06-21T01:37:13.564+0100] {processor.py:836} INFO - DAG(s) dict_keys(['example_sla_dag']) retrieved from /home/opeyemi/.local/lib/python3.10/site-packages/airflow/example_dags/example_sla_dag.py
[2023-06-21T01:37:13.654+0100] {logging_mixin.py:149} INFO - [2023-06-21T01:37:13.654+0100] {dag.py:2726} INFO - Sync 1 DAGs
[2023-06-21T01:37:13.782+0100] {logging_mixin.py:149} INFO - [2023-06-21T01:37:13.782+0100] {dag.py:3486} INFO - Setting next_dagrun for example_sla_dag to 2023-06-21T00:34:00+00:00, run_after=2023-06-21T00:36:00+00:00
[2023-06-21T01:37:14.274+0100] {processor.py:179} INFO - Processing /home/opeyemi/.local/lib/python3.10/site-packages/airflow/example_dags/example_sla_dag.py took 0.819 seconds
[2023-06-21T01:38:12.297+0100] {processor.py:157} INFO - Started process (PID=23177) to work on /home/opeyemi/.local/lib/python3.10/site-packages/airflow/example_dags/example_sla_dag.py
[2023-06-21T01:38:12.299+0100] {processor.py:826} INFO - Processing file /home/opeyemi/.local/lib/python3.10/site-packages/airflow/example_dags/example_sla_dag.py for tasks to queue
[2023-06-21T01:38:12.300+0100] {logging_mixin.py:149} INFO - [2023-06-21T01:38:12.300+0100] {dagbag.py:541} INFO - Filling up the DagBag from /home/opeyemi/.local/lib/python3.10/site-packages/airflow/example_dags/example_sla_dag.py
[2023-06-21T01:38:12.320+0100] {processor.py:836} INFO - DAG(s) dict_keys(['example_sla_dag']) retrieved from /home/opeyemi/.local/lib/python3.10/site-packages/airflow/example_dags/example_sla_dag.py
[2023-06-21T01:38:12.352+0100] {logging_mixin.py:149} INFO - [2023-06-21T01:38:12.352+0100] {dag.py:2726} INFO - Sync 1 DAGs
[2023-06-21T01:38:12.387+0100] {logging_mixin.py:149} INFO - [2023-06-21T01:38:12.387+0100] {dag.py:3486} INFO - Setting next_dagrun for example_sla_dag to 2023-06-21T00:36:00+00:00, run_after=2023-06-21T00:38:00+00:00
[2023-06-21T01:38:12.441+0100] {processor.py:179} INFO - Processing /home/opeyemi/.local/lib/python3.10/site-packages/airflow/example_dags/example_sla_dag.py took 0.152 seconds
[2023-06-21T01:39:07.537+0100] {processor.py:157} INFO - Started process (PID=23293) to work on /home/opeyemi/.local/lib/python3.10/site-packages/airflow/example_dags/example_sla_dag.py
[2023-06-21T01:39:07.539+0100] {processor.py:826} INFO - Processing file /home/opeyemi/.local/lib/python3.10/site-packages/airflow/example_dags/example_sla_dag.py for tasks to queue
[2023-06-21T01:39:07.541+0100] {logging_mixin.py:149} INFO - [2023-06-21T01:39:07.540+0100] {dagbag.py:541} INFO - Filling up the DagBag from /home/opeyemi/.local/lib/python3.10/site-packages/airflow/example_dags/example_sla_dag.py
[2023-06-21T01:39:07.560+0100] {processor.py:836} INFO - DAG(s) dict_keys(['example_sla_dag']) retrieved from /home/opeyemi/.local/lib/python3.10/site-packages/airflow/example_dags/example_sla_dag.py
[2023-06-21T01:39:07.611+0100] {logging_mixin.py:149} INFO - [2023-06-21T01:39:07.611+0100] {dag.py:2726} INFO - Sync 1 DAGs
[2023-06-21T01:39:07.651+0100] {logging_mixin.py:149} INFO - [2023-06-21T01:39:07.651+0100] {dag.py:3486} INFO - Setting next_dagrun for example_sla_dag to 2023-06-21T00:36:00+00:00, run_after=2023-06-21T00:38:00+00:00
[2023-06-21T01:39:07.713+0100] {processor.py:179} INFO - Processing /home/opeyemi/.local/lib/python3.10/site-packages/airflow/example_dags/example_sla_dag.py took 0.190 seconds
[2023-06-21T01:40:00.437+0100] {processor.py:157} INFO - Started process (PID=23349) to work on /home/opeyemi/.local/lib/python3.10/site-packages/airflow/example_dags/example_sla_dag.py
[2023-06-21T01:40:00.441+0100] {processor.py:826} INFO - Processing file /home/opeyemi/.local/lib/python3.10/site-packages/airflow/example_dags/example_sla_dag.py for tasks to queue
[2023-06-21T01:40:00.443+0100] {logging_mixin.py:149} INFO - [2023-06-21T01:40:00.443+0100] {dagbag.py:541} INFO - Filling up the DagBag from /home/opeyemi/.local/lib/python3.10/site-packages/airflow/example_dags/example_sla_dag.py
[2023-06-21T01:40:00.466+0100] {processor.py:836} INFO - DAG(s) dict_keys(['example_sla_dag']) retrieved from /home/opeyemi/.local/lib/python3.10/site-packages/airflow/example_dags/example_sla_dag.py
[2023-06-21T01:40:00.523+0100] {logging_mixin.py:149} INFO - [2023-06-21T01:40:00.523+0100] {dag.py:2726} INFO - Sync 1 DAGs
[2023-06-21T01:40:00.585+0100] {logging_mixin.py:149} INFO - [2023-06-21T01:40:00.584+0100] {dag.py:3486} INFO - Setting next_dagrun for example_sla_dag to 2023-06-21T00:38:00+00:00, run_after=2023-06-21T00:40:00+00:00
[2023-06-21T01:40:00.695+0100] {processor.py:179} INFO - Processing /home/opeyemi/.local/lib/python3.10/site-packages/airflow/example_dags/example_sla_dag.py took 0.268 seconds
[2023-06-21T01:40:50.892+0100] {processor.py:157} INFO - Started process (PID=23399) to work on /home/opeyemi/.local/lib/python3.10/site-packages/airflow/example_dags/example_sla_dag.py
[2023-06-21T01:40:50.897+0100] {processor.py:826} INFO - Processing file /home/opeyemi/.local/lib/python3.10/site-packages/airflow/example_dags/example_sla_dag.py for tasks to queue
[2023-06-21T01:40:50.900+0100] {logging_mixin.py:149} INFO - [2023-06-21T01:40:50.899+0100] {dagbag.py:541} INFO - Filling up the DagBag from /home/opeyemi/.local/lib/python3.10/site-packages/airflow/example_dags/example_sla_dag.py
[2023-06-21T01:40:50.934+0100] {processor.py:836} INFO - DAG(s) dict_keys(['example_sla_dag']) retrieved from /home/opeyemi/.local/lib/python3.10/site-packages/airflow/example_dags/example_sla_dag.py
[2023-06-21T01:40:51.007+0100] {logging_mixin.py:149} INFO - [2023-06-21T01:40:51.007+0100] {dag.py:2726} INFO - Sync 1 DAGs
[2023-06-21T01:40:51.099+0100] {logging_mixin.py:149} INFO - [2023-06-21T01:40:51.098+0100] {dag.py:3486} INFO - Setting next_dagrun for example_sla_dag to 2023-06-21T00:38:00+00:00, run_after=2023-06-21T00:40:00+00:00
[2023-06-21T01:40:51.181+0100] {processor.py:179} INFO - Processing /home/opeyemi/.local/lib/python3.10/site-packages/airflow/example_dags/example_sla_dag.py took 0.303 seconds
