[2023-06-21T01:00:34.067+0100] {processor.py:157} INFO - Started process (PID=20542) to work on /home/opeyemi/.local/lib/python3.10/site-packages/airflow/example_dags/example_short_circuit_decorator.py
[2023-06-21T01:00:34.068+0100] {processor.py:826} INFO - Processing file /home/opeyemi/.local/lib/python3.10/site-packages/airflow/example_dags/example_short_circuit_decorator.py for tasks to queue
[2023-06-21T01:00:34.069+0100] {logging_mixin.py:149} INFO - [2023-06-21T01:00:34.069+0100] {dagbag.py:541} INFO - Filling up the DagBag from /home/opeyemi/.local/lib/python3.10/site-packages/airflow/example_dags/example_short_circuit_decorator.py
[2023-06-21T01:00:34.085+0100] {processor.py:836} INFO - DAG(s) dict_keys(['example_short_circuit_decorator']) retrieved from /home/opeyemi/.local/lib/python3.10/site-packages/airflow/example_dags/example_short_circuit_decorator.py
[2023-06-21T01:00:34.116+0100] {logging_mixin.py:149} INFO - [2023-06-21T01:00:34.116+0100] {dag.py:2726} INFO - Sync 1 DAGs
[2023-06-21T01:00:34.138+0100] {logging_mixin.py:149} INFO - [2023-06-21T01:00:34.138+0100] {dag.py:3486} INFO - Setting next_dagrun for example_short_circuit_decorator to 2023-06-20T00:00:34.137904+00:00, run_after=2023-06-21T00:00:34.137904+00:00
[2023-06-21T01:00:34.313+0100] {processor.py:179} INFO - Processing /home/opeyemi/.local/lib/python3.10/site-packages/airflow/example_dags/example_short_circuit_decorator.py took 0.252 seconds
[2023-06-21T01:01:44.216+0100] {processor.py:157} INFO - Started process (PID=20582) to work on /home/opeyemi/.local/lib/python3.10/site-packages/airflow/example_dags/example_short_circuit_decorator.py
[2023-06-21T01:01:44.317+0100] {processor.py:826} INFO - Processing file /home/opeyemi/.local/lib/python3.10/site-packages/airflow/example_dags/example_short_circuit_decorator.py for tasks to queue
[2023-06-21T01:01:44.318+0100] {logging_mixin.py:149} INFO - [2023-06-21T01:01:44.318+0100] {dagbag.py:541} INFO - Filling up the DagBag from /home/opeyemi/.local/lib/python3.10/site-packages/airflow/example_dags/example_short_circuit_decorator.py
[2023-06-21T01:01:44.338+0100] {processor.py:836} INFO - DAG(s) dict_keys(['example_short_circuit_decorator']) retrieved from /home/opeyemi/.local/lib/python3.10/site-packages/airflow/example_dags/example_short_circuit_decorator.py
[2023-06-21T01:01:44.379+0100] {logging_mixin.py:149} INFO - [2023-06-21T01:01:44.379+0100] {dag.py:2726} INFO - Sync 1 DAGs
[2023-06-21T01:01:44.400+0100] {logging_mixin.py:149} INFO - [2023-06-21T01:01:44.400+0100] {dag.py:3486} INFO - Setting next_dagrun for example_short_circuit_decorator to 2023-06-20T00:01:44.400269+00:00, run_after=2023-06-21T00:01:44.400269+00:00
[2023-06-21T01:01:44.553+0100] {processor.py:179} INFO - Processing /home/opeyemi/.local/lib/python3.10/site-packages/airflow/example_dags/example_short_circuit_decorator.py took 0.348 seconds
[2023-06-21T01:02:51.991+0100] {processor.py:157} INFO - Started process (PID=20620) to work on /home/opeyemi/.local/lib/python3.10/site-packages/airflow/example_dags/example_short_circuit_decorator.py
[2023-06-21T01:02:52.061+0100] {processor.py:826} INFO - Processing file /home/opeyemi/.local/lib/python3.10/site-packages/airflow/example_dags/example_short_circuit_decorator.py for tasks to queue
[2023-06-21T01:02:52.063+0100] {logging_mixin.py:149} INFO - [2023-06-21T01:02:52.063+0100] {dagbag.py:541} INFO - Filling up the DagBag from /home/opeyemi/.local/lib/python3.10/site-packages/airflow/example_dags/example_short_circuit_decorator.py
[2023-06-21T01:02:52.080+0100] {processor.py:836} INFO - DAG(s) dict_keys(['example_short_circuit_decorator']) retrieved from /home/opeyemi/.local/lib/python3.10/site-packages/airflow/example_dags/example_short_circuit_decorator.py
[2023-06-21T01:02:52.123+0100] {logging_mixin.py:149} INFO - [2023-06-21T01:02:52.123+0100] {dag.py:2726} INFO - Sync 1 DAGs
[2023-06-21T01:02:52.178+0100] {logging_mixin.py:149} INFO - [2023-06-21T01:02:52.178+0100] {dag.py:3486} INFO - Setting next_dagrun for example_short_circuit_decorator to 2023-06-20T00:02:52.175312+00:00, run_after=2023-06-21T00:02:52.175312+00:00
[2023-06-21T01:02:52.496+0100] {processor.py:179} INFO - Processing /home/opeyemi/.local/lib/python3.10/site-packages/airflow/example_dags/example_short_circuit_decorator.py took 0.542 seconds
[2023-06-21T01:04:06.369+0100] {processor.py:157} INFO - Started process (PID=20662) to work on /home/opeyemi/.local/lib/python3.10/site-packages/airflow/example_dags/example_short_circuit_decorator.py
[2023-06-21T01:04:06.414+0100] {processor.py:826} INFO - Processing file /home/opeyemi/.local/lib/python3.10/site-packages/airflow/example_dags/example_short_circuit_decorator.py for tasks to queue
[2023-06-21T01:04:06.416+0100] {logging_mixin.py:149} INFO - [2023-06-21T01:04:06.415+0100] {dagbag.py:541} INFO - Filling up the DagBag from /home/opeyemi/.local/lib/python3.10/site-packages/airflow/example_dags/example_short_circuit_decorator.py
[2023-06-21T01:04:06.461+0100] {processor.py:836} INFO - DAG(s) dict_keys(['example_short_circuit_decorator']) retrieved from /home/opeyemi/.local/lib/python3.10/site-packages/airflow/example_dags/example_short_circuit_decorator.py
[2023-06-21T01:04:06.589+0100] {logging_mixin.py:149} INFO - [2023-06-21T01:04:06.588+0100] {dag.py:2726} INFO - Sync 1 DAGs
[2023-06-21T01:04:06.688+0100] {logging_mixin.py:149} INFO - [2023-06-21T01:04:06.688+0100] {dag.py:3486} INFO - Setting next_dagrun for example_short_circuit_decorator to 2023-06-20T00:04:06.688121+00:00, run_after=2023-06-21T00:04:06.688121+00:00
[2023-06-21T01:04:06.893+0100] {processor.py:179} INFO - Processing /home/opeyemi/.local/lib/python3.10/site-packages/airflow/example_dags/example_short_circuit_decorator.py took 0.538 seconds
[2023-06-21T01:05:33.828+0100] {processor.py:157} INFO - Started process (PID=20698) to work on /home/opeyemi/.local/lib/python3.10/site-packages/airflow/example_dags/example_short_circuit_decorator.py
[2023-06-21T01:05:33.914+0100] {processor.py:826} INFO - Processing file /home/opeyemi/.local/lib/python3.10/site-packages/airflow/example_dags/example_short_circuit_decorator.py for tasks to queue
[2023-06-21T01:05:33.918+0100] {logging_mixin.py:149} INFO - [2023-06-21T01:05:33.917+0100] {dagbag.py:541} INFO - Filling up the DagBag from /home/opeyemi/.local/lib/python3.10/site-packages/airflow/example_dags/example_short_circuit_decorator.py
[2023-06-21T01:05:34.010+0100] {processor.py:836} INFO - DAG(s) dict_keys(['example_short_circuit_decorator']) retrieved from /home/opeyemi/.local/lib/python3.10/site-packages/airflow/example_dags/example_short_circuit_decorator.py
[2023-06-21T01:05:34.083+0100] {logging_mixin.py:149} INFO - [2023-06-21T01:05:34.083+0100] {dag.py:2726} INFO - Sync 1 DAGs
[2023-06-21T01:05:34.120+0100] {logging_mixin.py:149} INFO - [2023-06-21T01:05:34.120+0100] {dag.py:3486} INFO - Setting next_dagrun for example_short_circuit_decorator to 2023-06-20T00:05:34.120094+00:00, run_after=2023-06-21T00:05:34.120094+00:00
[2023-06-21T01:05:34.357+0100] {processor.py:179} INFO - Processing /home/opeyemi/.local/lib/python3.10/site-packages/airflow/example_dags/example_short_circuit_decorator.py took 0.543 seconds
[2023-06-21T01:06:36.495+0100] {processor.py:157} INFO - Started process (PID=20733) to work on /home/opeyemi/.local/lib/python3.10/site-packages/airflow/example_dags/example_short_circuit_decorator.py
[2023-06-21T01:06:36.513+0100] {processor.py:826} INFO - Processing file /home/opeyemi/.local/lib/python3.10/site-packages/airflow/example_dags/example_short_circuit_decorator.py for tasks to queue
[2023-06-21T01:06:36.516+0100] {logging_mixin.py:149} INFO - [2023-06-21T01:06:36.515+0100] {dagbag.py:541} INFO - Filling up the DagBag from /home/opeyemi/.local/lib/python3.10/site-packages/airflow/example_dags/example_short_circuit_decorator.py
[2023-06-21T01:06:36.549+0100] {processor.py:836} INFO - DAG(s) dict_keys(['example_short_circuit_decorator']) retrieved from /home/opeyemi/.local/lib/python3.10/site-packages/airflow/example_dags/example_short_circuit_decorator.py
[2023-06-21T01:06:36.602+0100] {logging_mixin.py:149} INFO - [2023-06-21T01:06:36.602+0100] {dag.py:2726} INFO - Sync 1 DAGs
[2023-06-21T01:06:36.659+0100] {logging_mixin.py:149} INFO - [2023-06-21T01:06:36.659+0100] {dag.py:3486} INFO - Setting next_dagrun for example_short_circuit_decorator to 2023-06-20T00:06:36.658748+00:00, run_after=2023-06-21T00:06:36.658748+00:00
[2023-06-21T01:06:37.174+0100] {processor.py:179} INFO - Processing /home/opeyemi/.local/lib/python3.10/site-packages/airflow/example_dags/example_short_circuit_decorator.py took 0.683 seconds
[2023-06-21T01:07:57.358+0100] {processor.py:157} INFO - Started process (PID=20766) to work on /home/opeyemi/.local/lib/python3.10/site-packages/airflow/example_dags/example_short_circuit_decorator.py
[2023-06-21T01:07:57.368+0100] {processor.py:826} INFO - Processing file /home/opeyemi/.local/lib/python3.10/site-packages/airflow/example_dags/example_short_circuit_decorator.py for tasks to queue
[2023-06-21T01:07:57.369+0100] {logging_mixin.py:149} INFO - [2023-06-21T01:07:57.368+0100] {dagbag.py:541} INFO - Filling up the DagBag from /home/opeyemi/.local/lib/python3.10/site-packages/airflow/example_dags/example_short_circuit_decorator.py
[2023-06-21T01:07:57.406+0100] {processor.py:836} INFO - DAG(s) dict_keys(['example_short_circuit_decorator']) retrieved from /home/opeyemi/.local/lib/python3.10/site-packages/airflow/example_dags/example_short_circuit_decorator.py
[2023-06-21T01:07:57.516+0100] {logging_mixin.py:149} INFO - [2023-06-21T01:07:57.506+0100] {dag.py:2726} INFO - Sync 1 DAGs
[2023-06-21T01:07:57.580+0100] {logging_mixin.py:149} INFO - [2023-06-21T01:07:57.580+0100] {dag.py:3486} INFO - Setting next_dagrun for example_short_circuit_decorator to 2023-06-20T00:07:57.579749+00:00, run_after=2023-06-21T00:07:57.579749+00:00
[2023-06-21T01:07:57.647+0100] {processor.py:179} INFO - Processing /home/opeyemi/.local/lib/python3.10/site-packages/airflow/example_dags/example_short_circuit_decorator.py took 0.304 seconds
[2023-06-21T01:08:47.997+0100] {processor.py:157} INFO - Started process (PID=20818) to work on /home/opeyemi/.local/lib/python3.10/site-packages/airflow/example_dags/example_short_circuit_decorator.py
[2023-06-21T01:08:48.054+0100] {processor.py:826} INFO - Processing file /home/opeyemi/.local/lib/python3.10/site-packages/airflow/example_dags/example_short_circuit_decorator.py for tasks to queue
[2023-06-21T01:08:48.055+0100] {logging_mixin.py:149} INFO - [2023-06-21T01:08:48.055+0100] {dagbag.py:541} INFO - Filling up the DagBag from /home/opeyemi/.local/lib/python3.10/site-packages/airflow/example_dags/example_short_circuit_decorator.py
[2023-06-21T01:08:48.081+0100] {processor.py:836} INFO - DAG(s) dict_keys(['example_short_circuit_decorator']) retrieved from /home/opeyemi/.local/lib/python3.10/site-packages/airflow/example_dags/example_short_circuit_decorator.py
[2023-06-21T01:08:48.143+0100] {logging_mixin.py:149} INFO - [2023-06-21T01:08:48.142+0100] {dag.py:2726} INFO - Sync 1 DAGs
[2023-06-21T01:08:48.189+0100] {logging_mixin.py:149} INFO - [2023-06-21T01:08:48.189+0100] {dag.py:3486} INFO - Setting next_dagrun for example_short_circuit_decorator to 2023-06-20T00:08:48.188567+00:00, run_after=2023-06-21T00:08:48.188567+00:00
[2023-06-21T01:08:48.380+0100] {processor.py:179} INFO - Processing /home/opeyemi/.local/lib/python3.10/site-packages/airflow/example_dags/example_short_circuit_decorator.py took 0.392 seconds
[2023-06-21T01:09:46.775+0100] {processor.py:157} INFO - Started process (PID=20845) to work on /home/opeyemi/.local/lib/python3.10/site-packages/airflow/example_dags/example_short_circuit_decorator.py
[2023-06-21T01:09:46.876+0100] {processor.py:826} INFO - Processing file /home/opeyemi/.local/lib/python3.10/site-packages/airflow/example_dags/example_short_circuit_decorator.py for tasks to queue
[2023-06-21T01:09:46.879+0100] {logging_mixin.py:149} INFO - [2023-06-21T01:09:46.878+0100] {dagbag.py:541} INFO - Filling up the DagBag from /home/opeyemi/.local/lib/python3.10/site-packages/airflow/example_dags/example_short_circuit_decorator.py
[2023-06-21T01:09:46.913+0100] {processor.py:836} INFO - DAG(s) dict_keys(['example_short_circuit_decorator']) retrieved from /home/opeyemi/.local/lib/python3.10/site-packages/airflow/example_dags/example_short_circuit_decorator.py
[2023-06-21T01:09:47.024+0100] {logging_mixin.py:149} INFO - [2023-06-21T01:09:47.023+0100] {dag.py:2726} INFO - Sync 1 DAGs
[2023-06-21T01:09:47.133+0100] {logging_mixin.py:149} INFO - [2023-06-21T01:09:47.132+0100] {dag.py:3486} INFO - Setting next_dagrun for example_short_circuit_decorator to 2023-06-20T00:09:47.132667+00:00, run_after=2023-06-21T00:09:47.132667+00:00
[2023-06-21T01:09:47.382+0100] {processor.py:179} INFO - Processing /home/opeyemi/.local/lib/python3.10/site-packages/airflow/example_dags/example_short_circuit_decorator.py took 0.619 seconds
[2023-06-21T01:10:40.319+0100] {processor.py:157} INFO - Started process (PID=20885) to work on /home/opeyemi/.local/lib/python3.10/site-packages/airflow/example_dags/example_short_circuit_decorator.py
[2023-06-21T01:10:40.325+0100] {processor.py:826} INFO - Processing file /home/opeyemi/.local/lib/python3.10/site-packages/airflow/example_dags/example_short_circuit_decorator.py for tasks to queue
[2023-06-21T01:10:40.326+0100] {logging_mixin.py:149} INFO - [2023-06-21T01:10:40.326+0100] {dagbag.py:541} INFO - Filling up the DagBag from /home/opeyemi/.local/lib/python3.10/site-packages/airflow/example_dags/example_short_circuit_decorator.py
[2023-06-21T01:10:40.349+0100] {processor.py:836} INFO - DAG(s) dict_keys(['example_short_circuit_decorator']) retrieved from /home/opeyemi/.local/lib/python3.10/site-packages/airflow/example_dags/example_short_circuit_decorator.py
[2023-06-21T01:10:40.416+0100] {logging_mixin.py:149} INFO - [2023-06-21T01:10:40.416+0100] {dag.py:2726} INFO - Sync 1 DAGs
[2023-06-21T01:10:40.437+0100] {logging_mixin.py:149} INFO - [2023-06-21T01:10:40.437+0100] {dag.py:3486} INFO - Setting next_dagrun for example_short_circuit_decorator to 2023-06-20T00:10:40.436992+00:00, run_after=2023-06-21T00:10:40.436992+00:00
[2023-06-21T01:10:41.102+0100] {processor.py:179} INFO - Processing /home/opeyemi/.local/lib/python3.10/site-packages/airflow/example_dags/example_short_circuit_decorator.py took 0.788 seconds
[2023-06-21T01:11:42.279+0100] {processor.py:157} INFO - Started process (PID=20917) to work on /home/opeyemi/.local/lib/python3.10/site-packages/airflow/example_dags/example_short_circuit_decorator.py
[2023-06-21T01:11:42.351+0100] {processor.py:826} INFO - Processing file /home/opeyemi/.local/lib/python3.10/site-packages/airflow/example_dags/example_short_circuit_decorator.py for tasks to queue
[2023-06-21T01:11:42.353+0100] {logging_mixin.py:149} INFO - [2023-06-21T01:11:42.352+0100] {dagbag.py:541} INFO - Filling up the DagBag from /home/opeyemi/.local/lib/python3.10/site-packages/airflow/example_dags/example_short_circuit_decorator.py
[2023-06-21T01:11:42.388+0100] {processor.py:836} INFO - DAG(s) dict_keys(['example_short_circuit_decorator']) retrieved from /home/opeyemi/.local/lib/python3.10/site-packages/airflow/example_dags/example_short_circuit_decorator.py
[2023-06-21T01:11:42.421+0100] {logging_mixin.py:149} INFO - [2023-06-21T01:11:42.421+0100] {dag.py:2726} INFO - Sync 1 DAGs
[2023-06-21T01:11:42.460+0100] {logging_mixin.py:149} INFO - [2023-06-21T01:11:42.460+0100] {dag.py:3486} INFO - Setting next_dagrun for example_short_circuit_decorator to 2023-06-20T00:11:42.459909+00:00, run_after=2023-06-21T00:11:42.459909+00:00
[2023-06-21T01:11:42.511+0100] {processor.py:179} INFO - Processing /home/opeyemi/.local/lib/python3.10/site-packages/airflow/example_dags/example_short_circuit_decorator.py took 0.245 seconds
[2023-06-21T01:13:06.095+0100] {processor.py:157} INFO - Started process (PID=20972) to work on /home/opeyemi/.local/lib/python3.10/site-packages/airflow/example_dags/example_short_circuit_decorator.py
[2023-06-21T01:13:06.114+0100] {processor.py:826} INFO - Processing file /home/opeyemi/.local/lib/python3.10/site-packages/airflow/example_dags/example_short_circuit_decorator.py for tasks to queue
[2023-06-21T01:13:06.119+0100] {logging_mixin.py:149} INFO - [2023-06-21T01:13:06.118+0100] {dagbag.py:541} INFO - Filling up the DagBag from /home/opeyemi/.local/lib/python3.10/site-packages/airflow/example_dags/example_short_circuit_decorator.py
[2023-06-21T01:13:06.186+0100] {processor.py:836} INFO - DAG(s) dict_keys(['example_short_circuit_decorator']) retrieved from /home/opeyemi/.local/lib/python3.10/site-packages/airflow/example_dags/example_short_circuit_decorator.py
[2023-06-21T01:13:06.242+0100] {logging_mixin.py:149} INFO - [2023-06-21T01:13:06.242+0100] {dag.py:2726} INFO - Sync 1 DAGs
[2023-06-21T01:13:06.287+0100] {logging_mixin.py:149} INFO - [2023-06-21T01:13:06.287+0100] {dag.py:3486} INFO - Setting next_dagrun for example_short_circuit_decorator to 2023-06-20T00:13:06.286675+00:00, run_after=2023-06-21T00:13:06.286675+00:00
[2023-06-21T01:13:06.923+0100] {processor.py:179} INFO - Processing /home/opeyemi/.local/lib/python3.10/site-packages/airflow/example_dags/example_short_circuit_decorator.py took 0.847 seconds
[2023-06-21T01:14:27.181+0100] {processor.py:157} INFO - Started process (PID=21010) to work on /home/opeyemi/.local/lib/python3.10/site-packages/airflow/example_dags/example_short_circuit_decorator.py
[2023-06-21T01:14:27.205+0100] {processor.py:826} INFO - Processing file /home/opeyemi/.local/lib/python3.10/site-packages/airflow/example_dags/example_short_circuit_decorator.py for tasks to queue
[2023-06-21T01:14:27.206+0100] {logging_mixin.py:149} INFO - [2023-06-21T01:14:27.206+0100] {dagbag.py:541} INFO - Filling up the DagBag from /home/opeyemi/.local/lib/python3.10/site-packages/airflow/example_dags/example_short_circuit_decorator.py
[2023-06-21T01:14:27.234+0100] {processor.py:836} INFO - DAG(s) dict_keys(['example_short_circuit_decorator']) retrieved from /home/opeyemi/.local/lib/python3.10/site-packages/airflow/example_dags/example_short_circuit_decorator.py
[2023-06-21T01:14:27.321+0100] {logging_mixin.py:149} INFO - [2023-06-21T01:14:27.320+0100] {dag.py:2726} INFO - Sync 1 DAGs
[2023-06-21T01:14:27.408+0100] {logging_mixin.py:149} INFO - [2023-06-21T01:14:27.408+0100] {dag.py:3486} INFO - Setting next_dagrun for example_short_circuit_decorator to 2023-06-20T00:14:27.407621+00:00, run_after=2023-06-21T00:14:27.407621+00:00
[2023-06-21T01:14:27.495+0100] {processor.py:179} INFO - Processing /home/opeyemi/.local/lib/python3.10/site-packages/airflow/example_dags/example_short_circuit_decorator.py took 0.329 seconds
[2023-06-21T01:15:25.620+0100] {processor.py:157} INFO - Started process (PID=21040) to work on /home/opeyemi/.local/lib/python3.10/site-packages/airflow/example_dags/example_short_circuit_decorator.py
[2023-06-21T01:15:25.722+0100] {processor.py:826} INFO - Processing file /home/opeyemi/.local/lib/python3.10/site-packages/airflow/example_dags/example_short_circuit_decorator.py for tasks to queue
[2023-06-21T01:15:25.724+0100] {logging_mixin.py:149} INFO - [2023-06-21T01:15:25.723+0100] {dagbag.py:541} INFO - Filling up the DagBag from /home/opeyemi/.local/lib/python3.10/site-packages/airflow/example_dags/example_short_circuit_decorator.py
[2023-06-21T01:15:25.765+0100] {processor.py:836} INFO - DAG(s) dict_keys(['example_short_circuit_decorator']) retrieved from /home/opeyemi/.local/lib/python3.10/site-packages/airflow/example_dags/example_short_circuit_decorator.py
[2023-06-21T01:15:25.842+0100] {logging_mixin.py:149} INFO - [2023-06-21T01:15:25.841+0100] {dag.py:2726} INFO - Sync 1 DAGs
[2023-06-21T01:15:25.915+0100] {logging_mixin.py:149} INFO - [2023-06-21T01:15:25.915+0100] {dag.py:3486} INFO - Setting next_dagrun for example_short_circuit_decorator to 2023-06-20T00:15:25.914845+00:00, run_after=2023-06-21T00:15:25.914845+00:00
[2023-06-21T01:15:26.031+0100] {processor.py:179} INFO - Processing /home/opeyemi/.local/lib/python3.10/site-packages/airflow/example_dags/example_short_circuit_decorator.py took 0.425 seconds
[2023-06-21T01:16:58.614+0100] {processor.py:157} INFO - Started process (PID=21083) to work on /home/opeyemi/.local/lib/python3.10/site-packages/airflow/example_dags/example_short_circuit_decorator.py
[2023-06-21T01:16:58.691+0100] {processor.py:826} INFO - Processing file /home/opeyemi/.local/lib/python3.10/site-packages/airflow/example_dags/example_short_circuit_decorator.py for tasks to queue
[2023-06-21T01:16:58.693+0100] {logging_mixin.py:149} INFO - [2023-06-21T01:16:58.693+0100] {dagbag.py:541} INFO - Filling up the DagBag from /home/opeyemi/.local/lib/python3.10/site-packages/airflow/example_dags/example_short_circuit_decorator.py
[2023-06-21T01:16:58.757+0100] {processor.py:836} INFO - DAG(s) dict_keys(['example_short_circuit_decorator']) retrieved from /home/opeyemi/.local/lib/python3.10/site-packages/airflow/example_dags/example_short_circuit_decorator.py
[2023-06-21T01:16:58.872+0100] {logging_mixin.py:149} INFO - [2023-06-21T01:16:58.872+0100] {dag.py:2726} INFO - Sync 1 DAGs
[2023-06-21T01:16:58.935+0100] {logging_mixin.py:149} INFO - [2023-06-21T01:16:58.935+0100] {dag.py:3486} INFO - Setting next_dagrun for example_short_circuit_decorator to 2023-06-20T00:16:58.934760+00:00, run_after=2023-06-21T00:16:58.934760+00:00
[2023-06-21T01:16:59.306+0100] {processor.py:179} INFO - Processing /home/opeyemi/.local/lib/python3.10/site-packages/airflow/example_dags/example_short_circuit_decorator.py took 0.700 seconds
[2023-06-21T01:18:11.105+0100] {processor.py:157} INFO - Started process (PID=21140) to work on /home/opeyemi/.local/lib/python3.10/site-packages/airflow/example_dags/example_short_circuit_decorator.py
[2023-06-21T01:18:11.164+0100] {processor.py:826} INFO - Processing file /home/opeyemi/.local/lib/python3.10/site-packages/airflow/example_dags/example_short_circuit_decorator.py for tasks to queue
[2023-06-21T01:18:11.167+0100] {logging_mixin.py:149} INFO - [2023-06-21T01:18:11.167+0100] {dagbag.py:541} INFO - Filling up the DagBag from /home/opeyemi/.local/lib/python3.10/site-packages/airflow/example_dags/example_short_circuit_decorator.py
[2023-06-21T01:18:11.192+0100] {processor.py:836} INFO - DAG(s) dict_keys(['example_short_circuit_decorator']) retrieved from /home/opeyemi/.local/lib/python3.10/site-packages/airflow/example_dags/example_short_circuit_decorator.py
[2023-06-21T01:18:11.226+0100] {logging_mixin.py:149} INFO - [2023-06-21T01:18:11.226+0100] {dag.py:2726} INFO - Sync 1 DAGs
[2023-06-21T01:18:11.246+0100] {logging_mixin.py:149} INFO - [2023-06-21T01:18:11.246+0100] {dag.py:3486} INFO - Setting next_dagrun for example_short_circuit_decorator to 2023-06-20T00:18:11.246612+00:00, run_after=2023-06-21T00:18:11.246612+00:00
[2023-06-21T01:18:11.480+0100] {processor.py:179} INFO - Processing /home/opeyemi/.local/lib/python3.10/site-packages/airflow/example_dags/example_short_circuit_decorator.py took 0.382 seconds
[2023-06-21T01:18:52.557+0100] {processor.py:157} INFO - Started process (PID=21171) to work on /home/opeyemi/.local/lib/python3.10/site-packages/airflow/example_dags/example_short_circuit_decorator.py
[2023-06-21T01:18:52.572+0100] {processor.py:826} INFO - Processing file /home/opeyemi/.local/lib/python3.10/site-packages/airflow/example_dags/example_short_circuit_decorator.py for tasks to queue
[2023-06-21T01:18:52.573+0100] {logging_mixin.py:149} INFO - [2023-06-21T01:18:52.573+0100] {dagbag.py:541} INFO - Filling up the DagBag from /home/opeyemi/.local/lib/python3.10/site-packages/airflow/example_dags/example_short_circuit_decorator.py
[2023-06-21T01:18:52.593+0100] {processor.py:836} INFO - DAG(s) dict_keys(['example_short_circuit_decorator']) retrieved from /home/opeyemi/.local/lib/python3.10/site-packages/airflow/example_dags/example_short_circuit_decorator.py
[2023-06-21T01:18:52.621+0100] {logging_mixin.py:149} INFO - [2023-06-21T01:18:52.621+0100] {dag.py:2726} INFO - Sync 1 DAGs
[2023-06-21T01:18:52.647+0100] {logging_mixin.py:149} INFO - [2023-06-21T01:18:52.647+0100] {dag.py:3486} INFO - Setting next_dagrun for example_short_circuit_decorator to 2023-06-20T00:18:52.647204+00:00, run_after=2023-06-21T00:18:52.647204+00:00
[2023-06-21T01:18:52.698+0100] {processor.py:179} INFO - Processing /home/opeyemi/.local/lib/python3.10/site-packages/airflow/example_dags/example_short_circuit_decorator.py took 0.146 seconds
[2023-06-21T01:20:08.438+0100] {processor.py:157} INFO - Started process (PID=21229) to work on /home/opeyemi/.local/lib/python3.10/site-packages/airflow/example_dags/example_short_circuit_decorator.py
[2023-06-21T01:20:08.453+0100] {processor.py:826} INFO - Processing file /home/opeyemi/.local/lib/python3.10/site-packages/airflow/example_dags/example_short_circuit_decorator.py for tasks to queue
[2023-06-21T01:20:08.455+0100] {logging_mixin.py:149} INFO - [2023-06-21T01:20:08.454+0100] {dagbag.py:541} INFO - Filling up the DagBag from /home/opeyemi/.local/lib/python3.10/site-packages/airflow/example_dags/example_short_circuit_decorator.py
[2023-06-21T01:20:08.492+0100] {processor.py:836} INFO - DAG(s) dict_keys(['example_short_circuit_decorator']) retrieved from /home/opeyemi/.local/lib/python3.10/site-packages/airflow/example_dags/example_short_circuit_decorator.py
[2023-06-21T01:20:08.566+0100] {logging_mixin.py:149} INFO - [2023-06-21T01:20:08.565+0100] {dag.py:2726} INFO - Sync 1 DAGs
[2023-06-21T01:20:08.649+0100] {logging_mixin.py:149} INFO - [2023-06-21T01:20:08.649+0100] {dag.py:3486} INFO - Setting next_dagrun for example_short_circuit_decorator to 2023-06-20T00:20:08.648672+00:00, run_after=2023-06-21T00:20:08.648672+00:00
[2023-06-21T01:20:09.131+0100] {processor.py:179} INFO - Processing /home/opeyemi/.local/lib/python3.10/site-packages/airflow/example_dags/example_short_circuit_decorator.py took 0.705 seconds
[2023-06-21T01:21:23.154+0100] {processor.py:157} INFO - Started process (PID=21259) to work on /home/opeyemi/.local/lib/python3.10/site-packages/airflow/example_dags/example_short_circuit_decorator.py
[2023-06-21T01:21:23.166+0100] {processor.py:826} INFO - Processing file /home/opeyemi/.local/lib/python3.10/site-packages/airflow/example_dags/example_short_circuit_decorator.py for tasks to queue
[2023-06-21T01:21:23.168+0100] {logging_mixin.py:149} INFO - [2023-06-21T01:21:23.168+0100] {dagbag.py:541} INFO - Filling up the DagBag from /home/opeyemi/.local/lib/python3.10/site-packages/airflow/example_dags/example_short_circuit_decorator.py
[2023-06-21T01:21:23.204+0100] {processor.py:836} INFO - DAG(s) dict_keys(['example_short_circuit_decorator']) retrieved from /home/opeyemi/.local/lib/python3.10/site-packages/airflow/example_dags/example_short_circuit_decorator.py
[2023-06-21T01:21:23.265+0100] {logging_mixin.py:149} INFO - [2023-06-21T01:21:23.265+0100] {dag.py:2726} INFO - Sync 1 DAGs
[2023-06-21T01:21:23.305+0100] {logging_mixin.py:149} INFO - [2023-06-21T01:21:23.305+0100] {dag.py:3486} INFO - Setting next_dagrun for example_short_circuit_decorator to 2023-06-20T00:21:23.304811+00:00, run_after=2023-06-21T00:21:23.304811+00:00
[2023-06-21T01:21:23.491+0100] {processor.py:179} INFO - Processing /home/opeyemi/.local/lib/python3.10/site-packages/airflow/example_dags/example_short_circuit_decorator.py took 0.345 seconds
[2023-06-21T01:22:42.184+0100] {processor.py:157} INFO - Started process (PID=21304) to work on /home/opeyemi/.local/lib/python3.10/site-packages/airflow/example_dags/example_short_circuit_decorator.py
[2023-06-21T01:22:42.193+0100] {processor.py:826} INFO - Processing file /home/opeyemi/.local/lib/python3.10/site-packages/airflow/example_dags/example_short_circuit_decorator.py for tasks to queue
[2023-06-21T01:22:42.194+0100] {logging_mixin.py:149} INFO - [2023-06-21T01:22:42.194+0100] {dagbag.py:541} INFO - Filling up the DagBag from /home/opeyemi/.local/lib/python3.10/site-packages/airflow/example_dags/example_short_circuit_decorator.py
[2023-06-21T01:22:42.209+0100] {processor.py:836} INFO - DAG(s) dict_keys(['example_short_circuit_decorator']) retrieved from /home/opeyemi/.local/lib/python3.10/site-packages/airflow/example_dags/example_short_circuit_decorator.py
[2023-06-21T01:22:42.250+0100] {logging_mixin.py:149} INFO - [2023-06-21T01:22:42.249+0100] {dag.py:2726} INFO - Sync 1 DAGs
[2023-06-21T01:22:42.289+0100] {logging_mixin.py:149} INFO - [2023-06-21T01:22:42.289+0100] {dag.py:3486} INFO - Setting next_dagrun for example_short_circuit_decorator to 2023-06-20T00:22:42.289136+00:00, run_after=2023-06-21T00:22:42.289136+00:00
[2023-06-21T01:22:42.367+0100] {processor.py:179} INFO - Processing /home/opeyemi/.local/lib/python3.10/site-packages/airflow/example_dags/example_short_circuit_decorator.py took 0.188 seconds
[2023-06-21T01:23:25.177+0100] {processor.py:157} INFO - Started process (PID=21338) to work on /home/opeyemi/.local/lib/python3.10/site-packages/airflow/example_dags/example_short_circuit_decorator.py
[2023-06-21T01:23:25.300+0100] {processor.py:826} INFO - Processing file /home/opeyemi/.local/lib/python3.10/site-packages/airflow/example_dags/example_short_circuit_decorator.py for tasks to queue
[2023-06-21T01:23:25.302+0100] {logging_mixin.py:149} INFO - [2023-06-21T01:23:25.301+0100] {dagbag.py:541} INFO - Filling up the DagBag from /home/opeyemi/.local/lib/python3.10/site-packages/airflow/example_dags/example_short_circuit_decorator.py
[2023-06-21T01:23:25.329+0100] {processor.py:836} INFO - DAG(s) dict_keys(['example_short_circuit_decorator']) retrieved from /home/opeyemi/.local/lib/python3.10/site-packages/airflow/example_dags/example_short_circuit_decorator.py
[2023-06-21T01:23:25.389+0100] {logging_mixin.py:149} INFO - [2023-06-21T01:23:25.388+0100] {dag.py:2726} INFO - Sync 1 DAGs
[2023-06-21T01:23:25.459+0100] {logging_mixin.py:149} INFO - [2023-06-21T01:23:25.458+0100] {dag.py:3486} INFO - Setting next_dagrun for example_short_circuit_decorator to 2023-06-20T00:23:25.458040+00:00, run_after=2023-06-21T00:23:25.458040+00:00
[2023-06-21T01:23:25.587+0100] {processor.py:179} INFO - Processing /home/opeyemi/.local/lib/python3.10/site-packages/airflow/example_dags/example_short_circuit_decorator.py took 0.446 seconds
[2023-06-21T01:24:18.192+0100] {processor.py:157} INFO - Started process (PID=21383) to work on /home/opeyemi/.local/lib/python3.10/site-packages/airflow/example_dags/example_short_circuit_decorator.py
[2023-06-21T01:24:18.208+0100] {processor.py:826} INFO - Processing file /home/opeyemi/.local/lib/python3.10/site-packages/airflow/example_dags/example_short_circuit_decorator.py for tasks to queue
[2023-06-21T01:24:18.209+0100] {logging_mixin.py:149} INFO - [2023-06-21T01:24:18.209+0100] {dagbag.py:541} INFO - Filling up the DagBag from /home/opeyemi/.local/lib/python3.10/site-packages/airflow/example_dags/example_short_circuit_decorator.py
[2023-06-21T01:24:18.234+0100] {processor.py:836} INFO - DAG(s) dict_keys(['example_short_circuit_decorator']) retrieved from /home/opeyemi/.local/lib/python3.10/site-packages/airflow/example_dags/example_short_circuit_decorator.py
[2023-06-21T01:24:18.336+0100] {logging_mixin.py:149} INFO - [2023-06-21T01:24:18.336+0100] {dag.py:2726} INFO - Sync 1 DAGs
[2023-06-21T01:24:18.418+0100] {logging_mixin.py:149} INFO - [2023-06-21T01:24:18.418+0100] {dag.py:3486} INFO - Setting next_dagrun for example_short_circuit_decorator to 2023-06-20T00:24:18.418239+00:00, run_after=2023-06-21T00:24:18.418239+00:00
[2023-06-21T01:24:18.541+0100] {processor.py:179} INFO - Processing /home/opeyemi/.local/lib/python3.10/site-packages/airflow/example_dags/example_short_circuit_decorator.py took 0.355 seconds
[2023-06-21T01:25:17.842+0100] {processor.py:157} INFO - Started process (PID=21593) to work on /home/opeyemi/.local/lib/python3.10/site-packages/airflow/example_dags/example_short_circuit_decorator.py
[2023-06-21T01:25:17.845+0100] {processor.py:826} INFO - Processing file /home/opeyemi/.local/lib/python3.10/site-packages/airflow/example_dags/example_short_circuit_decorator.py for tasks to queue
[2023-06-21T01:25:17.846+0100] {logging_mixin.py:149} INFO - [2023-06-21T01:25:17.846+0100] {dagbag.py:541} INFO - Filling up the DagBag from /home/opeyemi/.local/lib/python3.10/site-packages/airflow/example_dags/example_short_circuit_decorator.py
[2023-06-21T01:25:17.868+0100] {processor.py:836} INFO - DAG(s) dict_keys(['example_short_circuit_decorator']) retrieved from /home/opeyemi/.local/lib/python3.10/site-packages/airflow/example_dags/example_short_circuit_decorator.py
[2023-06-21T01:25:17.916+0100] {logging_mixin.py:149} INFO - [2023-06-21T01:25:17.916+0100] {dag.py:2726} INFO - Sync 1 DAGs
[2023-06-21T01:25:17.947+0100] {logging_mixin.py:149} INFO - [2023-06-21T01:25:17.947+0100] {dag.py:3486} INFO - Setting next_dagrun for example_short_circuit_decorator to 2023-06-20T00:25:17.947223+00:00, run_after=2023-06-21T00:25:17.947223+00:00
[2023-06-21T01:25:18.015+0100] {processor.py:179} INFO - Processing /home/opeyemi/.local/lib/python3.10/site-packages/airflow/example_dags/example_short_circuit_decorator.py took 0.178 seconds
[2023-06-21T01:26:02.460+0100] {processor.py:157} INFO - Started process (PID=21670) to work on /home/opeyemi/.local/lib/python3.10/site-packages/airflow/example_dags/example_short_circuit_decorator.py
[2023-06-21T01:26:02.517+0100] {processor.py:826} INFO - Processing file /home/opeyemi/.local/lib/python3.10/site-packages/airflow/example_dags/example_short_circuit_decorator.py for tasks to queue
[2023-06-21T01:26:02.520+0100] {logging_mixin.py:149} INFO - [2023-06-21T01:26:02.519+0100] {dagbag.py:541} INFO - Filling up the DagBag from /home/opeyemi/.local/lib/python3.10/site-packages/airflow/example_dags/example_short_circuit_decorator.py
[2023-06-21T01:26:02.575+0100] {processor.py:836} INFO - DAG(s) dict_keys(['example_short_circuit_decorator']) retrieved from /home/opeyemi/.local/lib/python3.10/site-packages/airflow/example_dags/example_short_circuit_decorator.py
[2023-06-21T01:26:02.691+0100] {logging_mixin.py:149} INFO - [2023-06-21T01:26:02.691+0100] {dag.py:2726} INFO - Sync 1 DAGs
[2023-06-21T01:26:02.817+0100] {logging_mixin.py:149} INFO - [2023-06-21T01:26:02.817+0100] {dag.py:3486} INFO - Setting next_dagrun for example_short_circuit_decorator to 2023-06-20T00:26:02.816740+00:00, run_after=2023-06-21T00:26:02.816740+00:00
[2023-06-21T01:26:02.985+0100] {processor.py:179} INFO - Processing /home/opeyemi/.local/lib/python3.10/site-packages/airflow/example_dags/example_short_circuit_decorator.py took 0.536 seconds
[2023-06-21T01:26:52.717+0100] {processor.py:157} INFO - Started process (PID=21701) to work on /home/opeyemi/.local/lib/python3.10/site-packages/airflow/example_dags/example_short_circuit_decorator.py
[2023-06-21T01:26:52.730+0100] {processor.py:826} INFO - Processing file /home/opeyemi/.local/lib/python3.10/site-packages/airflow/example_dags/example_short_circuit_decorator.py for tasks to queue
[2023-06-21T01:26:52.731+0100] {logging_mixin.py:149} INFO - [2023-06-21T01:26:52.731+0100] {dagbag.py:541} INFO - Filling up the DagBag from /home/opeyemi/.local/lib/python3.10/site-packages/airflow/example_dags/example_short_circuit_decorator.py
[2023-06-21T01:26:52.768+0100] {processor.py:836} INFO - DAG(s) dict_keys(['example_short_circuit_decorator']) retrieved from /home/opeyemi/.local/lib/python3.10/site-packages/airflow/example_dags/example_short_circuit_decorator.py
[2023-06-21T01:26:52.859+0100] {logging_mixin.py:149} INFO - [2023-06-21T01:26:52.849+0100] {dag.py:2726} INFO - Sync 1 DAGs
[2023-06-21T01:26:52.958+0100] {logging_mixin.py:149} INFO - [2023-06-21T01:26:52.958+0100] {dag.py:3486} INFO - Setting next_dagrun for example_short_circuit_decorator to 2023-06-20T00:26:52.957995+00:00, run_after=2023-06-21T00:26:52.957995+00:00
[2023-06-21T01:26:53.066+0100] {processor.py:179} INFO - Processing /home/opeyemi/.local/lib/python3.10/site-packages/airflow/example_dags/example_short_circuit_decorator.py took 0.353 seconds
[2023-06-21T01:27:45.597+0100] {processor.py:157} INFO - Started process (PID=21736) to work on /home/opeyemi/.local/lib/python3.10/site-packages/airflow/example_dags/example_short_circuit_decorator.py
[2023-06-21T01:27:45.631+0100] {processor.py:826} INFO - Processing file /home/opeyemi/.local/lib/python3.10/site-packages/airflow/example_dags/example_short_circuit_decorator.py for tasks to queue
[2023-06-21T01:27:45.633+0100] {logging_mixin.py:149} INFO - [2023-06-21T01:27:45.633+0100] {dagbag.py:541} INFO - Filling up the DagBag from /home/opeyemi/.local/lib/python3.10/site-packages/airflow/example_dags/example_short_circuit_decorator.py
[2023-06-21T01:27:45.660+0100] {processor.py:836} INFO - DAG(s) dict_keys(['example_short_circuit_decorator']) retrieved from /home/opeyemi/.local/lib/python3.10/site-packages/airflow/example_dags/example_short_circuit_decorator.py
[2023-06-21T01:27:45.751+0100] {logging_mixin.py:149} INFO - [2023-06-21T01:27:45.751+0100] {dag.py:2726} INFO - Sync 1 DAGs
[2023-06-21T01:27:45.773+0100] {logging_mixin.py:149} INFO - [2023-06-21T01:27:45.773+0100] {dag.py:3486} INFO - Setting next_dagrun for example_short_circuit_decorator to 2023-06-20T00:27:45.773417+00:00, run_after=2023-06-21T00:27:45.773417+00:00
[2023-06-21T01:27:45.893+0100] {processor.py:179} INFO - Processing /home/opeyemi/.local/lib/python3.10/site-packages/airflow/example_dags/example_short_circuit_decorator.py took 0.306 seconds
[2023-06-21T01:28:39.733+0100] {processor.py:157} INFO - Started process (PID=21815) to work on /home/opeyemi/.local/lib/python3.10/site-packages/airflow/example_dags/example_short_circuit_decorator.py
[2023-06-21T01:28:39.748+0100] {processor.py:826} INFO - Processing file /home/opeyemi/.local/lib/python3.10/site-packages/airflow/example_dags/example_short_circuit_decorator.py for tasks to queue
[2023-06-21T01:28:39.750+0100] {logging_mixin.py:149} INFO - [2023-06-21T01:28:39.750+0100] {dagbag.py:541} INFO - Filling up the DagBag from /home/opeyemi/.local/lib/python3.10/site-packages/airflow/example_dags/example_short_circuit_decorator.py
[2023-06-21T01:28:39.778+0100] {processor.py:836} INFO - DAG(s) dict_keys(['example_short_circuit_decorator']) retrieved from /home/opeyemi/.local/lib/python3.10/site-packages/airflow/example_dags/example_short_circuit_decorator.py
[2023-06-21T01:28:39.841+0100] {logging_mixin.py:149} INFO - [2023-06-21T01:28:39.841+0100] {dag.py:2726} INFO - Sync 1 DAGs
[2023-06-21T01:28:39.898+0100] {logging_mixin.py:149} INFO - [2023-06-21T01:28:39.897+0100] {dag.py:3486} INFO - Setting next_dagrun for example_short_circuit_decorator to 2023-06-20T00:28:39.897176+00:00, run_after=2023-06-21T00:28:39.897176+00:00
[2023-06-21T01:28:39.996+0100] {processor.py:179} INFO - Processing /home/opeyemi/.local/lib/python3.10/site-packages/airflow/example_dags/example_short_circuit_decorator.py took 0.272 seconds
[2023-06-21T01:29:38.257+0100] {processor.py:157} INFO - Started process (PID=21864) to work on /home/opeyemi/.local/lib/python3.10/site-packages/airflow/example_dags/example_short_circuit_decorator.py
[2023-06-21T01:29:38.271+0100] {processor.py:826} INFO - Processing file /home/opeyemi/.local/lib/python3.10/site-packages/airflow/example_dags/example_short_circuit_decorator.py for tasks to queue
[2023-06-21T01:29:38.273+0100] {logging_mixin.py:149} INFO - [2023-06-21T01:29:38.273+0100] {dagbag.py:541} INFO - Filling up the DagBag from /home/opeyemi/.local/lib/python3.10/site-packages/airflow/example_dags/example_short_circuit_decorator.py
[2023-06-21T01:29:38.298+0100] {processor.py:836} INFO - DAG(s) dict_keys(['example_short_circuit_decorator']) retrieved from /home/opeyemi/.local/lib/python3.10/site-packages/airflow/example_dags/example_short_circuit_decorator.py
[2023-06-21T01:29:38.333+0100] {logging_mixin.py:149} INFO - [2023-06-21T01:29:38.333+0100] {dag.py:2726} INFO - Sync 1 DAGs
[2023-06-21T01:29:38.355+0100] {logging_mixin.py:149} INFO - [2023-06-21T01:29:38.355+0100] {dag.py:3486} INFO - Setting next_dagrun for example_short_circuit_decorator to 2023-06-20T00:29:38.355499+00:00, run_after=2023-06-21T00:29:38.355499+00:00
[2023-06-21T01:29:38.391+0100] {processor.py:179} INFO - Processing /home/opeyemi/.local/lib/python3.10/site-packages/airflow/example_dags/example_short_circuit_decorator.py took 0.142 seconds
[2023-06-21T01:30:33.219+0100] {processor.py:157} INFO - Started process (PID=21914) to work on /home/opeyemi/.local/lib/python3.10/site-packages/airflow/example_dags/example_short_circuit_decorator.py
[2023-06-21T01:30:33.224+0100] {processor.py:826} INFO - Processing file /home/opeyemi/.local/lib/python3.10/site-packages/airflow/example_dags/example_short_circuit_decorator.py for tasks to queue
[2023-06-21T01:30:33.226+0100] {logging_mixin.py:149} INFO - [2023-06-21T01:30:33.226+0100] {dagbag.py:541} INFO - Filling up the DagBag from /home/opeyemi/.local/lib/python3.10/site-packages/airflow/example_dags/example_short_circuit_decorator.py
[2023-06-21T01:30:33.255+0100] {processor.py:836} INFO - DAG(s) dict_keys(['example_short_circuit_decorator']) retrieved from /home/opeyemi/.local/lib/python3.10/site-packages/airflow/example_dags/example_short_circuit_decorator.py
[2023-06-21T01:30:33.325+0100] {logging_mixin.py:149} INFO - [2023-06-21T01:30:33.324+0100] {dag.py:2726} INFO - Sync 1 DAGs
[2023-06-21T01:30:33.378+0100] {logging_mixin.py:149} INFO - [2023-06-21T01:30:33.378+0100] {dag.py:3486} INFO - Setting next_dagrun for example_short_circuit_decorator to 2023-06-20T00:30:33.377839+00:00, run_after=2023-06-21T00:30:33.377839+00:00
[2023-06-21T01:30:33.436+0100] {processor.py:179} INFO - Processing /home/opeyemi/.local/lib/python3.10/site-packages/airflow/example_dags/example_short_circuit_decorator.py took 0.228 seconds
[2023-06-21T01:31:37.474+0100] {processor.py:157} INFO - Started process (PID=21967) to work on /home/opeyemi/.local/lib/python3.10/site-packages/airflow/example_dags/example_short_circuit_decorator.py
[2023-06-21T01:31:37.488+0100] {processor.py:826} INFO - Processing file /home/opeyemi/.local/lib/python3.10/site-packages/airflow/example_dags/example_short_circuit_decorator.py for tasks to queue
[2023-06-21T01:31:37.490+0100] {logging_mixin.py:149} INFO - [2023-06-21T01:31:37.490+0100] {dagbag.py:541} INFO - Filling up the DagBag from /home/opeyemi/.local/lib/python3.10/site-packages/airflow/example_dags/example_short_circuit_decorator.py
[2023-06-21T01:31:37.537+0100] {processor.py:836} INFO - DAG(s) dict_keys(['example_short_circuit_decorator']) retrieved from /home/opeyemi/.local/lib/python3.10/site-packages/airflow/example_dags/example_short_circuit_decorator.py
[2023-06-21T01:31:37.658+0100] {logging_mixin.py:149} INFO - [2023-06-21T01:31:37.658+0100] {dag.py:2726} INFO - Sync 1 DAGs
[2023-06-21T01:31:37.712+0100] {logging_mixin.py:149} INFO - [2023-06-21T01:31:37.711+0100] {dag.py:3486} INFO - Setting next_dagrun for example_short_circuit_decorator to 2023-06-20T00:31:37.711171+00:00, run_after=2023-06-21T00:31:37.711171+00:00
[2023-06-21T01:31:37.775+0100] {processor.py:179} INFO - Processing /home/opeyemi/.local/lib/python3.10/site-packages/airflow/example_dags/example_short_circuit_decorator.py took 0.314 seconds
[2023-06-21T01:32:35.488+0100] {processor.py:157} INFO - Started process (PID=22016) to work on /home/opeyemi/.local/lib/python3.10/site-packages/airflow/example_dags/example_short_circuit_decorator.py
[2023-06-21T01:32:35.494+0100] {processor.py:826} INFO - Processing file /home/opeyemi/.local/lib/python3.10/site-packages/airflow/example_dags/example_short_circuit_decorator.py for tasks to queue
[2023-06-21T01:32:35.495+0100] {logging_mixin.py:149} INFO - [2023-06-21T01:32:35.495+0100] {dagbag.py:541} INFO - Filling up the DagBag from /home/opeyemi/.local/lib/python3.10/site-packages/airflow/example_dags/example_short_circuit_decorator.py
[2023-06-21T01:32:35.513+0100] {processor.py:836} INFO - DAG(s) dict_keys(['example_short_circuit_decorator']) retrieved from /home/opeyemi/.local/lib/python3.10/site-packages/airflow/example_dags/example_short_circuit_decorator.py
[2023-06-21T01:32:35.545+0100] {logging_mixin.py:149} INFO - [2023-06-21T01:32:35.545+0100] {dag.py:2726} INFO - Sync 1 DAGs
[2023-06-21T01:32:35.565+0100] {logging_mixin.py:149} INFO - [2023-06-21T01:32:35.565+0100] {dag.py:3486} INFO - Setting next_dagrun for example_short_circuit_decorator to 2023-06-20T00:32:35.565485+00:00, run_after=2023-06-21T00:32:35.565485+00:00
[2023-06-21T01:32:35.604+0100] {processor.py:179} INFO - Processing /home/opeyemi/.local/lib/python3.10/site-packages/airflow/example_dags/example_short_circuit_decorator.py took 0.120 seconds
[2023-06-21T01:33:31.307+0100] {processor.py:157} INFO - Started process (PID=22117) to work on /home/opeyemi/.local/lib/python3.10/site-packages/airflow/example_dags/example_short_circuit_decorator.py
[2023-06-21T01:33:31.319+0100] {processor.py:826} INFO - Processing file /home/opeyemi/.local/lib/python3.10/site-packages/airflow/example_dags/example_short_circuit_decorator.py for tasks to queue
[2023-06-21T01:33:31.322+0100] {logging_mixin.py:149} INFO - [2023-06-21T01:33:31.321+0100] {dagbag.py:541} INFO - Filling up the DagBag from /home/opeyemi/.local/lib/python3.10/site-packages/airflow/example_dags/example_short_circuit_decorator.py
[2023-06-21T01:33:31.355+0100] {processor.py:836} INFO - DAG(s) dict_keys(['example_short_circuit_decorator']) retrieved from /home/opeyemi/.local/lib/python3.10/site-packages/airflow/example_dags/example_short_circuit_decorator.py
[2023-06-21T01:33:31.412+0100] {logging_mixin.py:149} INFO - [2023-06-21T01:33:31.412+0100] {dag.py:2726} INFO - Sync 1 DAGs
[2023-06-21T01:33:31.442+0100] {logging_mixin.py:149} INFO - [2023-06-21T01:33:31.442+0100] {dag.py:3486} INFO - Setting next_dagrun for example_short_circuit_decorator to 2023-06-20T00:33:31.442107+00:00, run_after=2023-06-21T00:33:31.442107+00:00
[2023-06-21T01:33:31.517+0100] {processor.py:179} INFO - Processing /home/opeyemi/.local/lib/python3.10/site-packages/airflow/example_dags/example_short_circuit_decorator.py took 0.221 seconds
[2023-06-21T01:34:24.662+0100] {processor.py:157} INFO - Started process (PID=22288) to work on /home/opeyemi/.local/lib/python3.10/site-packages/airflow/example_dags/example_short_circuit_decorator.py
[2023-06-21T01:34:24.672+0100] {processor.py:826} INFO - Processing file /home/opeyemi/.local/lib/python3.10/site-packages/airflow/example_dags/example_short_circuit_decorator.py for tasks to queue
[2023-06-21T01:34:24.674+0100] {logging_mixin.py:149} INFO - [2023-06-21T01:34:24.673+0100] {dagbag.py:541} INFO - Filling up the DagBag from /home/opeyemi/.local/lib/python3.10/site-packages/airflow/example_dags/example_short_circuit_decorator.py
[2023-06-21T01:34:24.704+0100] {processor.py:836} INFO - DAG(s) dict_keys(['example_short_circuit_decorator']) retrieved from /home/opeyemi/.local/lib/python3.10/site-packages/airflow/example_dags/example_short_circuit_decorator.py
[2023-06-21T01:34:24.777+0100] {logging_mixin.py:149} INFO - [2023-06-21T01:34:24.777+0100] {dag.py:2726} INFO - Sync 1 DAGs
[2023-06-21T01:34:24.822+0100] {logging_mixin.py:149} INFO - [2023-06-21T01:34:24.822+0100] {dag.py:3486} INFO - Setting next_dagrun for example_short_circuit_decorator to 2023-06-20T00:34:24.822044+00:00, run_after=2023-06-21T00:34:24.822044+00:00
[2023-06-21T01:34:24.877+0100] {processor.py:179} INFO - Processing /home/opeyemi/.local/lib/python3.10/site-packages/airflow/example_dags/example_short_circuit_decorator.py took 0.226 seconds
[2023-06-21T01:35:17.560+0100] {processor.py:157} INFO - Started process (PID=22495) to work on /home/opeyemi/.local/lib/python3.10/site-packages/airflow/example_dags/example_short_circuit_decorator.py
[2023-06-21T01:35:17.564+0100] {processor.py:826} INFO - Processing file /home/opeyemi/.local/lib/python3.10/site-packages/airflow/example_dags/example_short_circuit_decorator.py for tasks to queue
[2023-06-21T01:35:17.567+0100] {logging_mixin.py:149} INFO - [2023-06-21T01:35:17.566+0100] {dagbag.py:541} INFO - Filling up the DagBag from /home/opeyemi/.local/lib/python3.10/site-packages/airflow/example_dags/example_short_circuit_decorator.py
[2023-06-21T01:35:17.613+0100] {processor.py:836} INFO - DAG(s) dict_keys(['example_short_circuit_decorator']) retrieved from /home/opeyemi/.local/lib/python3.10/site-packages/airflow/example_dags/example_short_circuit_decorator.py
[2023-06-21T01:35:17.691+0100] {logging_mixin.py:149} INFO - [2023-06-21T01:35:17.691+0100] {dag.py:2726} INFO - Sync 1 DAGs
[2023-06-21T01:35:17.775+0100] {logging_mixin.py:149} INFO - [2023-06-21T01:35:17.774+0100] {dag.py:3486} INFO - Setting next_dagrun for example_short_circuit_decorator to 2023-06-20T00:35:17.773956+00:00, run_after=2023-06-21T00:35:17.773956+00:00
[2023-06-21T01:35:17.887+0100] {processor.py:179} INFO - Processing /home/opeyemi/.local/lib/python3.10/site-packages/airflow/example_dags/example_short_circuit_decorator.py took 0.345 seconds
[2023-06-21T01:36:13.804+0100] {processor.py:157} INFO - Started process (PID=22724) to work on /home/opeyemi/.local/lib/python3.10/site-packages/airflow/example_dags/example_short_circuit_decorator.py
[2023-06-21T01:36:13.808+0100] {processor.py:826} INFO - Processing file /home/opeyemi/.local/lib/python3.10/site-packages/airflow/example_dags/example_short_circuit_decorator.py for tasks to queue
[2023-06-21T01:36:13.811+0100] {logging_mixin.py:149} INFO - [2023-06-21T01:36:13.810+0100] {dagbag.py:541} INFO - Filling up the DagBag from /home/opeyemi/.local/lib/python3.10/site-packages/airflow/example_dags/example_short_circuit_decorator.py
[2023-06-21T01:36:13.844+0100] {processor.py:836} INFO - DAG(s) dict_keys(['example_short_circuit_decorator']) retrieved from /home/opeyemi/.local/lib/python3.10/site-packages/airflow/example_dags/example_short_circuit_decorator.py
[2023-06-21T01:36:13.932+0100] {logging_mixin.py:149} INFO - [2023-06-21T01:36:13.931+0100] {dag.py:2726} INFO - Sync 1 DAGs
[2023-06-21T01:36:14.003+0100] {logging_mixin.py:149} INFO - [2023-06-21T01:36:14.003+0100] {dag.py:3486} INFO - Setting next_dagrun for example_short_circuit_decorator to 2023-06-20T00:36:14.002242+00:00, run_after=2023-06-21T00:36:14.002242+00:00
[2023-06-21T01:36:14.079+0100] {processor.py:179} INFO - Processing /home/opeyemi/.local/lib/python3.10/site-packages/airflow/example_dags/example_short_circuit_decorator.py took 0.291 seconds
[2023-06-21T01:37:09.158+0100] {processor.py:157} INFO - Started process (PID=22817) to work on /home/opeyemi/.local/lib/python3.10/site-packages/airflow/example_dags/example_short_circuit_decorator.py
[2023-06-21T01:37:09.160+0100] {processor.py:826} INFO - Processing file /home/opeyemi/.local/lib/python3.10/site-packages/airflow/example_dags/example_short_circuit_decorator.py for tasks to queue
[2023-06-21T01:37:09.161+0100] {logging_mixin.py:149} INFO - [2023-06-21T01:37:09.161+0100] {dagbag.py:541} INFO - Filling up the DagBag from /home/opeyemi/.local/lib/python3.10/site-packages/airflow/example_dags/example_short_circuit_decorator.py
[2023-06-21T01:37:09.182+0100] {processor.py:836} INFO - DAG(s) dict_keys(['example_short_circuit_decorator']) retrieved from /home/opeyemi/.local/lib/python3.10/site-packages/airflow/example_dags/example_short_circuit_decorator.py
[2023-06-21T01:37:09.210+0100] {logging_mixin.py:149} INFO - [2023-06-21T01:37:09.210+0100] {dag.py:2726} INFO - Sync 1 DAGs
[2023-06-21T01:37:09.231+0100] {logging_mixin.py:149} INFO - [2023-06-21T01:37:09.231+0100] {dag.py:3486} INFO - Setting next_dagrun for example_short_circuit_decorator to 2023-06-20T00:37:09.231557+00:00, run_after=2023-06-21T00:37:09.231557+00:00
[2023-06-21T01:37:09.268+0100] {processor.py:179} INFO - Processing /home/opeyemi/.local/lib/python3.10/site-packages/airflow/example_dags/example_short_circuit_decorator.py took 0.116 seconds
[2023-06-21T01:38:07.342+0100] {processor.py:157} INFO - Started process (PID=23131) to work on /home/opeyemi/.local/lib/python3.10/site-packages/airflow/example_dags/example_short_circuit_decorator.py
[2023-06-21T01:38:07.345+0100] {processor.py:826} INFO - Processing file /home/opeyemi/.local/lib/python3.10/site-packages/airflow/example_dags/example_short_circuit_decorator.py for tasks to queue
[2023-06-21T01:38:07.347+0100] {logging_mixin.py:149} INFO - [2023-06-21T01:38:07.347+0100] {dagbag.py:541} INFO - Filling up the DagBag from /home/opeyemi/.local/lib/python3.10/site-packages/airflow/example_dags/example_short_circuit_decorator.py
[2023-06-21T01:38:07.367+0100] {processor.py:836} INFO - DAG(s) dict_keys(['example_short_circuit_decorator']) retrieved from /home/opeyemi/.local/lib/python3.10/site-packages/airflow/example_dags/example_short_circuit_decorator.py
[2023-06-21T01:38:07.403+0100] {logging_mixin.py:149} INFO - [2023-06-21T01:38:07.402+0100] {dag.py:2726} INFO - Sync 1 DAGs
[2023-06-21T01:38:07.443+0100] {logging_mixin.py:149} INFO - [2023-06-21T01:38:07.443+0100] {dag.py:3486} INFO - Setting next_dagrun for example_short_circuit_decorator to 2023-06-20T00:38:07.443104+00:00, run_after=2023-06-21T00:38:07.443104+00:00
[2023-06-21T01:38:07.493+0100] {processor.py:179} INFO - Processing /home/opeyemi/.local/lib/python3.10/site-packages/airflow/example_dags/example_short_circuit_decorator.py took 0.160 seconds
[2023-06-21T01:39:02.383+0100] {processor.py:157} INFO - Started process (PID=23289) to work on /home/opeyemi/.local/lib/python3.10/site-packages/airflow/example_dags/example_short_circuit_decorator.py
[2023-06-21T01:39:02.385+0100] {processor.py:826} INFO - Processing file /home/opeyemi/.local/lib/python3.10/site-packages/airflow/example_dags/example_short_circuit_decorator.py for tasks to queue
[2023-06-21T01:39:02.390+0100] {logging_mixin.py:149} INFO - [2023-06-21T01:39:02.386+0100] {dagbag.py:541} INFO - Filling up the DagBag from /home/opeyemi/.local/lib/python3.10/site-packages/airflow/example_dags/example_short_circuit_decorator.py
[2023-06-21T01:39:02.410+0100] {processor.py:836} INFO - DAG(s) dict_keys(['example_short_circuit_decorator']) retrieved from /home/opeyemi/.local/lib/python3.10/site-packages/airflow/example_dags/example_short_circuit_decorator.py
[2023-06-21T01:39:02.455+0100] {logging_mixin.py:149} INFO - [2023-06-21T01:39:02.454+0100] {dag.py:2726} INFO - Sync 1 DAGs
[2023-06-21T01:39:02.519+0100] {logging_mixin.py:149} INFO - [2023-06-21T01:39:02.518+0100] {dag.py:3486} INFO - Setting next_dagrun for example_short_circuit_decorator to 2023-06-20T00:39:02.518430+00:00, run_after=2023-06-21T00:39:02.518430+00:00
[2023-06-21T01:39:02.580+0100] {processor.py:179} INFO - Processing /home/opeyemi/.local/lib/python3.10/site-packages/airflow/example_dags/example_short_circuit_decorator.py took 0.202 seconds
[2023-06-21T01:39:55.483+0100] {processor.py:157} INFO - Started process (PID=23345) to work on /home/opeyemi/.local/lib/python3.10/site-packages/airflow/example_dags/example_short_circuit_decorator.py
[2023-06-21T01:39:55.488+0100] {processor.py:826} INFO - Processing file /home/opeyemi/.local/lib/python3.10/site-packages/airflow/example_dags/example_short_circuit_decorator.py for tasks to queue
[2023-06-21T01:39:55.490+0100] {logging_mixin.py:149} INFO - [2023-06-21T01:39:55.490+0100] {dagbag.py:541} INFO - Filling up the DagBag from /home/opeyemi/.local/lib/python3.10/site-packages/airflow/example_dags/example_short_circuit_decorator.py
[2023-06-21T01:39:55.537+0100] {processor.py:836} INFO - DAG(s) dict_keys(['example_short_circuit_decorator']) retrieved from /home/opeyemi/.local/lib/python3.10/site-packages/airflow/example_dags/example_short_circuit_decorator.py
[2023-06-21T01:39:55.584+0100] {logging_mixin.py:149} INFO - [2023-06-21T01:39:55.584+0100] {dag.py:2726} INFO - Sync 1 DAGs
[2023-06-21T01:39:55.623+0100] {logging_mixin.py:149} INFO - [2023-06-21T01:39:55.623+0100] {dag.py:3486} INFO - Setting next_dagrun for example_short_circuit_decorator to 2023-06-20T00:39:55.623092+00:00, run_after=2023-06-21T00:39:55.623092+00:00
[2023-06-21T01:39:55.663+0100] {processor.py:179} INFO - Processing /home/opeyemi/.local/lib/python3.10/site-packages/airflow/example_dags/example_short_circuit_decorator.py took 0.193 seconds
[2023-06-21T01:40:46.085+0100] {processor.py:157} INFO - Started process (PID=23395) to work on /home/opeyemi/.local/lib/python3.10/site-packages/airflow/example_dags/example_short_circuit_decorator.py
[2023-06-21T01:40:46.089+0100] {processor.py:826} INFO - Processing file /home/opeyemi/.local/lib/python3.10/site-packages/airflow/example_dags/example_short_circuit_decorator.py for tasks to queue
[2023-06-21T01:40:46.092+0100] {logging_mixin.py:149} INFO - [2023-06-21T01:40:46.091+0100] {dagbag.py:541} INFO - Filling up the DagBag from /home/opeyemi/.local/lib/python3.10/site-packages/airflow/example_dags/example_short_circuit_decorator.py
[2023-06-21T01:40:46.124+0100] {processor.py:836} INFO - DAG(s) dict_keys(['example_short_circuit_decorator']) retrieved from /home/opeyemi/.local/lib/python3.10/site-packages/airflow/example_dags/example_short_circuit_decorator.py
[2023-06-21T01:40:46.195+0100] {logging_mixin.py:149} INFO - [2023-06-21T01:40:46.195+0100] {dag.py:2726} INFO - Sync 1 DAGs
[2023-06-21T01:40:46.222+0100] {logging_mixin.py:149} INFO - [2023-06-21T01:40:46.222+0100] {dag.py:3486} INFO - Setting next_dagrun for example_short_circuit_decorator to 2023-06-20T00:40:46.222386+00:00, run_after=2023-06-21T00:40:46.222386+00:00
[2023-06-21T01:40:46.264+0100] {processor.py:179} INFO - Processing /home/opeyemi/.local/lib/python3.10/site-packages/airflow/example_dags/example_short_circuit_decorator.py took 0.189 seconds
