[2023-06-21T01:00:50.803+0100] {processor.py:157} INFO - Started process (PID=20550) to work on /home/opeyemi/.local/lib/python3.10/site-packages/airflow/example_dags/example_task_group_decorator.py
[2023-06-21T01:00:50.805+0100] {processor.py:826} INFO - Processing file /home/opeyemi/.local/lib/python3.10/site-packages/airflow/example_dags/example_task_group_decorator.py for tasks to queue
[2023-06-21T01:00:50.807+0100] {logging_mixin.py:149} INFO - [2023-06-21T01:00:50.807+0100] {dagbag.py:541} INFO - Filling up the DagBag from /home/opeyemi/.local/lib/python3.10/site-packages/airflow/example_dags/example_task_group_decorator.py
[2023-06-21T01:00:50.860+0100] {processor.py:836} INFO - DAG(s) dict_keys(['example_task_group_decorator']) retrieved from /home/opeyemi/.local/lib/python3.10/site-packages/airflow/example_dags/example_task_group_decorator.py
[2023-06-21T01:00:50.943+0100] {logging_mixin.py:149} INFO - [2023-06-21T01:00:50.943+0100] {dag.py:2726} INFO - Sync 1 DAGs
[2023-06-21T01:00:50.975+0100] {logging_mixin.py:149} INFO - [2023-06-21T01:00:50.975+0100] {dag.py:3486} INFO - Setting next_dagrun for example_task_group_decorator to 2023-06-20T00:00:50.974919+00:00, run_after=2023-06-21T00:00:50.974919+00:00
[2023-06-21T01:00:51.041+0100] {processor.py:179} INFO - Processing /home/opeyemi/.local/lib/python3.10/site-packages/airflow/example_dags/example_task_group_decorator.py took 0.248 seconds
[2023-06-21T01:01:57.181+0100] {processor.py:157} INFO - Started process (PID=20590) to work on /home/opeyemi/.local/lib/python3.10/site-packages/airflow/example_dags/example_task_group_decorator.py
[2023-06-21T01:01:57.234+0100] {processor.py:826} INFO - Processing file /home/opeyemi/.local/lib/python3.10/site-packages/airflow/example_dags/example_task_group_decorator.py for tasks to queue
[2023-06-21T01:01:57.236+0100] {logging_mixin.py:149} INFO - [2023-06-21T01:01:57.235+0100] {dagbag.py:541} INFO - Filling up the DagBag from /home/opeyemi/.local/lib/python3.10/site-packages/airflow/example_dags/example_task_group_decorator.py
[2023-06-21T01:01:57.315+0100] {processor.py:836} INFO - DAG(s) dict_keys(['example_task_group_decorator']) retrieved from /home/opeyemi/.local/lib/python3.10/site-packages/airflow/example_dags/example_task_group_decorator.py
[2023-06-21T01:01:57.380+0100] {logging_mixin.py:149} INFO - [2023-06-21T01:01:57.379+0100] {dag.py:2726} INFO - Sync 1 DAGs
[2023-06-21T01:01:57.409+0100] {logging_mixin.py:149} INFO - [2023-06-21T01:01:57.409+0100] {dag.py:3486} INFO - Setting next_dagrun for example_task_group_decorator to 2023-06-20T00:01:57.408872+00:00, run_after=2023-06-21T00:01:57.408872+00:00
[2023-06-21T01:01:57.698+0100] {processor.py:179} INFO - Processing /home/opeyemi/.local/lib/python3.10/site-packages/airflow/example_dags/example_task_group_decorator.py took 0.537 seconds
[2023-06-21T01:03:17.909+0100] {processor.py:157} INFO - Started process (PID=20633) to work on /home/opeyemi/.local/lib/python3.10/site-packages/airflow/example_dags/example_task_group_decorator.py
[2023-06-21T01:03:18.022+0100] {processor.py:826} INFO - Processing file /home/opeyemi/.local/lib/python3.10/site-packages/airflow/example_dags/example_task_group_decorator.py for tasks to queue
[2023-06-21T01:03:18.025+0100] {logging_mixin.py:149} INFO - [2023-06-21T01:03:18.024+0100] {dagbag.py:541} INFO - Filling up the DagBag from /home/opeyemi/.local/lib/python3.10/site-packages/airflow/example_dags/example_task_group_decorator.py
[2023-06-21T01:03:18.098+0100] {processor.py:836} INFO - DAG(s) dict_keys(['example_task_group_decorator']) retrieved from /home/opeyemi/.local/lib/python3.10/site-packages/airflow/example_dags/example_task_group_decorator.py
[2023-06-21T01:03:18.232+0100] {logging_mixin.py:149} INFO - [2023-06-21T01:03:18.231+0100] {dag.py:2726} INFO - Sync 1 DAGs
[2023-06-21T01:03:18.272+0100] {logging_mixin.py:149} INFO - [2023-06-21T01:03:18.272+0100] {dag.py:3486} INFO - Setting next_dagrun for example_task_group_decorator to 2023-06-20T00:03:18.271914+00:00, run_after=2023-06-21T00:03:18.271914+00:00
[2023-06-21T01:03:18.314+0100] {processor.py:179} INFO - Processing /home/opeyemi/.local/lib/python3.10/site-packages/airflow/example_dags/example_task_group_decorator.py took 0.411 seconds
[2023-06-21T01:04:19.078+0100] {processor.py:157} INFO - Started process (PID=20670) to work on /home/opeyemi/.local/lib/python3.10/site-packages/airflow/example_dags/example_task_group_decorator.py
[2023-06-21T01:04:19.163+0100] {processor.py:826} INFO - Processing file /home/opeyemi/.local/lib/python3.10/site-packages/airflow/example_dags/example_task_group_decorator.py for tasks to queue
[2023-06-21T01:04:19.166+0100] {logging_mixin.py:149} INFO - [2023-06-21T01:04:19.165+0100] {dagbag.py:541} INFO - Filling up the DagBag from /home/opeyemi/.local/lib/python3.10/site-packages/airflow/example_dags/example_task_group_decorator.py
[2023-06-21T01:04:19.238+0100] {processor.py:836} INFO - DAG(s) dict_keys(['example_task_group_decorator']) retrieved from /home/opeyemi/.local/lib/python3.10/site-packages/airflow/example_dags/example_task_group_decorator.py
[2023-06-21T01:04:19.382+0100] {logging_mixin.py:149} INFO - [2023-06-21T01:04:19.382+0100] {dag.py:2726} INFO - Sync 1 DAGs
[2023-06-21T01:04:19.462+0100] {logging_mixin.py:149} INFO - [2023-06-21T01:04:19.462+0100] {dag.py:3486} INFO - Setting next_dagrun for example_task_group_decorator to 2023-06-20T00:04:19.461690+00:00, run_after=2023-06-21T00:04:19.461690+00:00
[2023-06-21T01:04:20.171+0100] {processor.py:179} INFO - Processing /home/opeyemi/.local/lib/python3.10/site-packages/airflow/example_dags/example_task_group_decorator.py took 1.108 seconds
[2023-06-21T01:05:46.841+0100] {processor.py:157} INFO - Started process (PID=20706) to work on /home/opeyemi/.local/lib/python3.10/site-packages/airflow/example_dags/example_task_group_decorator.py
[2023-06-21T01:05:46.895+0100] {processor.py:826} INFO - Processing file /home/opeyemi/.local/lib/python3.10/site-packages/airflow/example_dags/example_task_group_decorator.py for tasks to queue
[2023-06-21T01:05:46.898+0100] {logging_mixin.py:149} INFO - [2023-06-21T01:05:46.897+0100] {dagbag.py:541} INFO - Filling up the DagBag from /home/opeyemi/.local/lib/python3.10/site-packages/airflow/example_dags/example_task_group_decorator.py
[2023-06-21T01:05:46.983+0100] {processor.py:836} INFO - DAG(s) dict_keys(['example_task_group_decorator']) retrieved from /home/opeyemi/.local/lib/python3.10/site-packages/airflow/example_dags/example_task_group_decorator.py
[2023-06-21T01:05:47.097+0100] {logging_mixin.py:149} INFO - [2023-06-21T01:05:47.097+0100] {dag.py:2726} INFO - Sync 1 DAGs
[2023-06-21T01:05:47.138+0100] {logging_mixin.py:149} INFO - [2023-06-21T01:05:47.137+0100] {dag.py:3486} INFO - Setting next_dagrun for example_task_group_decorator to 2023-06-20T00:05:47.137661+00:00, run_after=2023-06-21T00:05:47.137661+00:00
[2023-06-21T01:05:58.236+0100] {processor.py:179} INFO - Processing /home/opeyemi/.local/lib/python3.10/site-packages/airflow/example_dags/example_task_group_decorator.py took 11.404 seconds
[2023-06-21T01:08:09.100+0100] {processor.py:157} INFO - Started process (PID=20774) to work on /home/opeyemi/.local/lib/python3.10/site-packages/airflow/example_dags/example_task_group_decorator.py
[2023-06-21T01:08:09.105+0100] {processor.py:826} INFO - Processing file /home/opeyemi/.local/lib/python3.10/site-packages/airflow/example_dags/example_task_group_decorator.py for tasks to queue
[2023-06-21T01:08:09.107+0100] {logging_mixin.py:149} INFO - [2023-06-21T01:08:09.107+0100] {dagbag.py:541} INFO - Filling up the DagBag from /home/opeyemi/.local/lib/python3.10/site-packages/airflow/example_dags/example_task_group_decorator.py
[2023-06-21T01:08:09.135+0100] {processor.py:836} INFO - DAG(s) dict_keys(['example_task_group_decorator']) retrieved from /home/opeyemi/.local/lib/python3.10/site-packages/airflow/example_dags/example_task_group_decorator.py
[2023-06-21T01:08:09.180+0100] {logging_mixin.py:149} INFO - [2023-06-21T01:08:09.180+0100] {dag.py:2726} INFO - Sync 1 DAGs
[2023-06-21T01:08:09.217+0100] {logging_mixin.py:149} INFO - [2023-06-21T01:08:09.217+0100] {dag.py:3486} INFO - Setting next_dagrun for example_task_group_decorator to 2023-06-20T00:08:09.217357+00:00, run_after=2023-06-21T00:08:09.217357+00:00
[2023-06-21T01:08:09.268+0100] {processor.py:179} INFO - Processing /home/opeyemi/.local/lib/python3.10/site-packages/airflow/example_dags/example_task_group_decorator.py took 0.171 seconds
[2023-06-21T01:09:59.137+0100] {processor.py:157} INFO - Started process (PID=20853) to work on /home/opeyemi/.local/lib/python3.10/site-packages/airflow/example_dags/example_task_group_decorator.py
[2023-06-21T01:09:59.287+0100] {processor.py:826} INFO - Processing file /home/opeyemi/.local/lib/python3.10/site-packages/airflow/example_dags/example_task_group_decorator.py for tasks to queue
[2023-06-21T01:09:59.290+0100] {logging_mixin.py:149} INFO - [2023-06-21T01:09:59.289+0100] {dagbag.py:541} INFO - Filling up the DagBag from /home/opeyemi/.local/lib/python3.10/site-packages/airflow/example_dags/example_task_group_decorator.py
[2023-06-21T01:09:59.420+0100] {processor.py:836} INFO - DAG(s) dict_keys(['example_task_group_decorator']) retrieved from /home/opeyemi/.local/lib/python3.10/site-packages/airflow/example_dags/example_task_group_decorator.py
[2023-06-21T01:09:59.526+0100] {logging_mixin.py:149} INFO - [2023-06-21T01:09:59.526+0100] {dag.py:2726} INFO - Sync 1 DAGs
[2023-06-21T01:09:59.567+0100] {logging_mixin.py:149} INFO - [2023-06-21T01:09:59.567+0100] {dag.py:3486} INFO - Setting next_dagrun for example_task_group_decorator to 2023-06-20T00:09:59.566874+00:00, run_after=2023-06-21T00:09:59.566874+00:00
[2023-06-21T01:09:59.633+0100] {processor.py:179} INFO - Processing /home/opeyemi/.local/lib/python3.10/site-packages/airflow/example_dags/example_task_group_decorator.py took 0.522 seconds
[2023-06-21T01:11:46.263+0100] {processor.py:157} INFO - Started process (PID=20920) to work on /home/opeyemi/.local/lib/python3.10/site-packages/airflow/example_dags/example_task_group_decorator.py
[2023-06-21T01:11:46.350+0100] {processor.py:826} INFO - Processing file /home/opeyemi/.local/lib/python3.10/site-packages/airflow/example_dags/example_task_group_decorator.py for tasks to queue
[2023-06-21T01:11:46.353+0100] {logging_mixin.py:149} INFO - [2023-06-21T01:11:46.353+0100] {dagbag.py:541} INFO - Filling up the DagBag from /home/opeyemi/.local/lib/python3.10/site-packages/airflow/example_dags/example_task_group_decorator.py
[2023-06-21T01:11:46.415+0100] {processor.py:836} INFO - DAG(s) dict_keys(['example_task_group_decorator']) retrieved from /home/opeyemi/.local/lib/python3.10/site-packages/airflow/example_dags/example_task_group_decorator.py
[2023-06-21T01:11:46.501+0100] {logging_mixin.py:149} INFO - [2023-06-21T01:11:46.501+0100] {dag.py:2726} INFO - Sync 1 DAGs
[2023-06-21T01:11:46.531+0100] {logging_mixin.py:149} INFO - [2023-06-21T01:11:46.531+0100] {dag.py:3486} INFO - Setting next_dagrun for example_task_group_decorator to 2023-06-20T00:11:46.531462+00:00, run_after=2023-06-21T00:11:46.531462+00:00
[2023-06-21T01:11:46.751+0100] {processor.py:179} INFO - Processing /home/opeyemi/.local/lib/python3.10/site-packages/airflow/example_dags/example_task_group_decorator.py took 0.499 seconds
[2023-06-21T01:13:20.450+0100] {processor.py:157} INFO - Started process (PID=20980) to work on /home/opeyemi/.local/lib/python3.10/site-packages/airflow/example_dags/example_task_group_decorator.py
[2023-06-21T01:13:20.505+0100] {processor.py:826} INFO - Processing file /home/opeyemi/.local/lib/python3.10/site-packages/airflow/example_dags/example_task_group_decorator.py for tasks to queue
[2023-06-21T01:13:20.508+0100] {logging_mixin.py:149} INFO - [2023-06-21T01:13:20.508+0100] {dagbag.py:541} INFO - Filling up the DagBag from /home/opeyemi/.local/lib/python3.10/site-packages/airflow/example_dags/example_task_group_decorator.py
[2023-06-21T01:13:20.564+0100] {processor.py:836} INFO - DAG(s) dict_keys(['example_task_group_decorator']) retrieved from /home/opeyemi/.local/lib/python3.10/site-packages/airflow/example_dags/example_task_group_decorator.py
[2023-06-21T01:13:20.657+0100] {logging_mixin.py:149} INFO - [2023-06-21T01:13:20.656+0100] {dag.py:2726} INFO - Sync 1 DAGs
[2023-06-21T01:13:20.720+0100] {logging_mixin.py:149} INFO - [2023-06-21T01:13:20.719+0100] {dag.py:3486} INFO - Setting next_dagrun for example_task_group_decorator to 2023-06-20T00:13:20.719233+00:00, run_after=2023-06-21T00:13:20.719233+00:00
[2023-06-21T01:13:20.943+0100] {processor.py:179} INFO - Processing /home/opeyemi/.local/lib/python3.10/site-packages/airflow/example_dags/example_task_group_decorator.py took 0.504 seconds
[2023-06-21T01:15:36.311+0100] {processor.py:157} INFO - Started process (PID=21048) to work on /home/opeyemi/.local/lib/python3.10/site-packages/airflow/example_dags/example_task_group_decorator.py
[2023-06-21T01:15:36.335+0100] {processor.py:826} INFO - Processing file /home/opeyemi/.local/lib/python3.10/site-packages/airflow/example_dags/example_task_group_decorator.py for tasks to queue
[2023-06-21T01:15:36.337+0100] {logging_mixin.py:149} INFO - [2023-06-21T01:15:36.337+0100] {dagbag.py:541} INFO - Filling up the DagBag from /home/opeyemi/.local/lib/python3.10/site-packages/airflow/example_dags/example_task_group_decorator.py
[2023-06-21T01:15:36.384+0100] {processor.py:836} INFO - DAG(s) dict_keys(['example_task_group_decorator']) retrieved from /home/opeyemi/.local/lib/python3.10/site-packages/airflow/example_dags/example_task_group_decorator.py
[2023-06-21T01:15:36.437+0100] {logging_mixin.py:149} INFO - [2023-06-21T01:15:36.437+0100] {dag.py:2726} INFO - Sync 1 DAGs
[2023-06-21T01:15:36.494+0100] {logging_mixin.py:149} INFO - [2023-06-21T01:15:36.493+0100] {dag.py:3486} INFO - Setting next_dagrun for example_task_group_decorator to 2023-06-20T00:15:36.493133+00:00, run_after=2023-06-21T00:15:36.493133+00:00
[2023-06-21T01:15:36.843+0100] {processor.py:179} INFO - Processing /home/opeyemi/.local/lib/python3.10/site-packages/airflow/example_dags/example_task_group_decorator.py took 0.539 seconds
[2023-06-21T01:17:10.193+0100] {processor.py:157} INFO - Started process (PID=21091) to work on /home/opeyemi/.local/lib/python3.10/site-packages/airflow/example_dags/example_task_group_decorator.py
[2023-06-21T01:17:10.250+0100] {processor.py:826} INFO - Processing file /home/opeyemi/.local/lib/python3.10/site-packages/airflow/example_dags/example_task_group_decorator.py for tasks to queue
[2023-06-21T01:17:10.251+0100] {logging_mixin.py:149} INFO - [2023-06-21T01:17:10.251+0100] {dagbag.py:541} INFO - Filling up the DagBag from /home/opeyemi/.local/lib/python3.10/site-packages/airflow/example_dags/example_task_group_decorator.py
[2023-06-21T01:17:10.294+0100] {processor.py:836} INFO - DAG(s) dict_keys(['example_task_group_decorator']) retrieved from /home/opeyemi/.local/lib/python3.10/site-packages/airflow/example_dags/example_task_group_decorator.py
[2023-06-21T01:17:10.332+0100] {logging_mixin.py:149} INFO - [2023-06-21T01:17:10.332+0100] {dag.py:2726} INFO - Sync 1 DAGs
[2023-06-21T01:17:10.387+0100] {logging_mixin.py:149} INFO - [2023-06-21T01:17:10.387+0100] {dag.py:3486} INFO - Setting next_dagrun for example_task_group_decorator to 2023-06-20T00:17:10.387292+00:00, run_after=2023-06-21T00:17:10.387292+00:00
[2023-06-21T01:17:10.542+0100] {processor.py:179} INFO - Processing /home/opeyemi/.local/lib/python3.10/site-packages/airflow/example_dags/example_task_group_decorator.py took 0.355 seconds
[2023-06-21T01:18:23.460+0100] {processor.py:157} INFO - Started process (PID=21148) to work on /home/opeyemi/.local/lib/python3.10/site-packages/airflow/example_dags/example_task_group_decorator.py
[2023-06-21T01:18:23.504+0100] {processor.py:826} INFO - Processing file /home/opeyemi/.local/lib/python3.10/site-packages/airflow/example_dags/example_task_group_decorator.py for tasks to queue
[2023-06-21T01:18:23.505+0100] {logging_mixin.py:149} INFO - [2023-06-21T01:18:23.505+0100] {dagbag.py:541} INFO - Filling up the DagBag from /home/opeyemi/.local/lib/python3.10/site-packages/airflow/example_dags/example_task_group_decorator.py
[2023-06-21T01:18:23.552+0100] {processor.py:836} INFO - DAG(s) dict_keys(['example_task_group_decorator']) retrieved from /home/opeyemi/.local/lib/python3.10/site-packages/airflow/example_dags/example_task_group_decorator.py
[2023-06-21T01:18:23.577+0100] {logging_mixin.py:149} INFO - [2023-06-21T01:18:23.577+0100] {dag.py:2726} INFO - Sync 1 DAGs
[2023-06-21T01:18:23.597+0100] {logging_mixin.py:149} INFO - [2023-06-21T01:18:23.597+0100] {dag.py:3486} INFO - Setting next_dagrun for example_task_group_decorator to 2023-06-20T00:18:23.597509+00:00, run_after=2023-06-21T00:18:23.597509+00:00
[2023-06-21T01:18:23.955+0100] {processor.py:179} INFO - Processing /home/opeyemi/.local/lib/python3.10/site-packages/airflow/example_dags/example_task_group_decorator.py took 0.508 seconds
[2023-06-21T01:19:39.646+0100] {processor.py:157} INFO - Started process (PID=21207) to work on /home/opeyemi/.local/lib/python3.10/site-packages/airflow/example_dags/example_task_group_decorator.py
[2023-06-21T01:19:39.731+0100] {processor.py:826} INFO - Processing file /home/opeyemi/.local/lib/python3.10/site-packages/airflow/example_dags/example_task_group_decorator.py for tasks to queue
[2023-06-21T01:19:39.734+0100] {logging_mixin.py:149} INFO - [2023-06-21T01:19:39.733+0100] {dagbag.py:541} INFO - Filling up the DagBag from /home/opeyemi/.local/lib/python3.10/site-packages/airflow/example_dags/example_task_group_decorator.py
[2023-06-21T01:19:39.847+0100] {processor.py:836} INFO - DAG(s) dict_keys(['example_task_group_decorator']) retrieved from /home/opeyemi/.local/lib/python3.10/site-packages/airflow/example_dags/example_task_group_decorator.py
[2023-06-21T01:19:39.905+0100] {logging_mixin.py:149} INFO - [2023-06-21T01:19:39.905+0100] {dag.py:2726} INFO - Sync 1 DAGs
[2023-06-21T01:19:39.930+0100] {logging_mixin.py:149} INFO - [2023-06-21T01:19:39.930+0100] {dag.py:3486} INFO - Setting next_dagrun for example_task_group_decorator to 2023-06-20T00:19:39.930191+00:00, run_after=2023-06-21T00:19:39.930191+00:00
[2023-06-21T01:19:39.993+0100] {processor.py:179} INFO - Processing /home/opeyemi/.local/lib/python3.10/site-packages/airflow/example_dags/example_task_group_decorator.py took 0.350 seconds
[2023-06-21T01:21:34.836+0100] {processor.py:157} INFO - Started process (PID=21267) to work on /home/opeyemi/.local/lib/python3.10/site-packages/airflow/example_dags/example_task_group_decorator.py
[2023-06-21T01:21:34.944+0100] {processor.py:826} INFO - Processing file /home/opeyemi/.local/lib/python3.10/site-packages/airflow/example_dags/example_task_group_decorator.py for tasks to queue
[2023-06-21T01:21:34.947+0100] {logging_mixin.py:149} INFO - [2023-06-21T01:21:34.946+0100] {dagbag.py:541} INFO - Filling up the DagBag from /home/opeyemi/.local/lib/python3.10/site-packages/airflow/example_dags/example_task_group_decorator.py
[2023-06-21T01:21:35.022+0100] {processor.py:836} INFO - DAG(s) dict_keys(['example_task_group_decorator']) retrieved from /home/opeyemi/.local/lib/python3.10/site-packages/airflow/example_dags/example_task_group_decorator.py
[2023-06-21T01:21:35.137+0100] {logging_mixin.py:149} INFO - [2023-06-21T01:21:35.137+0100] {dag.py:2726} INFO - Sync 1 DAGs
[2023-06-21T01:21:35.209+0100] {logging_mixin.py:149} INFO - [2023-06-21T01:21:35.208+0100] {dag.py:3486} INFO - Setting next_dagrun for example_task_group_decorator to 2023-06-20T00:21:35.208443+00:00, run_after=2023-06-21T00:21:35.208443+00:00
[2023-06-21T01:21:35.370+0100] {processor.py:179} INFO - Processing /home/opeyemi/.local/lib/python3.10/site-packages/airflow/example_dags/example_task_group_decorator.py took 0.556 seconds
[2023-06-21T01:22:51.214+0100] {processor.py:157} INFO - Started process (PID=21312) to work on /home/opeyemi/.local/lib/python3.10/site-packages/airflow/example_dags/example_task_group_decorator.py
[2023-06-21T01:22:51.233+0100] {processor.py:826} INFO - Processing file /home/opeyemi/.local/lib/python3.10/site-packages/airflow/example_dags/example_task_group_decorator.py for tasks to queue
[2023-06-21T01:22:51.236+0100] {logging_mixin.py:149} INFO - [2023-06-21T01:22:51.235+0100] {dagbag.py:541} INFO - Filling up the DagBag from /home/opeyemi/.local/lib/python3.10/site-packages/airflow/example_dags/example_task_group_decorator.py
[2023-06-21T01:22:51.289+0100] {processor.py:836} INFO - DAG(s) dict_keys(['example_task_group_decorator']) retrieved from /home/opeyemi/.local/lib/python3.10/site-packages/airflow/example_dags/example_task_group_decorator.py
[2023-06-21T01:22:51.390+0100] {logging_mixin.py:149} INFO - [2023-06-21T01:22:51.389+0100] {dag.py:2726} INFO - Sync 1 DAGs
[2023-06-21T01:22:51.459+0100] {logging_mixin.py:149} INFO - [2023-06-21T01:22:51.458+0100] {dag.py:3486} INFO - Setting next_dagrun for example_task_group_decorator to 2023-06-20T00:22:51.458397+00:00, run_after=2023-06-21T00:22:51.458397+00:00
[2023-06-21T01:22:51.532+0100] {processor.py:179} INFO - Processing /home/opeyemi/.local/lib/python3.10/site-packages/airflow/example_dags/example_task_group_decorator.py took 0.330 seconds
[2023-06-21T01:24:27.995+0100] {processor.py:157} INFO - Started process (PID=21419) to work on /home/opeyemi/.local/lib/python3.10/site-packages/airflow/example_dags/example_task_group_decorator.py
[2023-06-21T01:24:28.011+0100] {processor.py:826} INFO - Processing file /home/opeyemi/.local/lib/python3.10/site-packages/airflow/example_dags/example_task_group_decorator.py for tasks to queue
[2023-06-21T01:24:28.012+0100] {logging_mixin.py:149} INFO - [2023-06-21T01:24:28.012+0100] {dagbag.py:541} INFO - Filling up the DagBag from /home/opeyemi/.local/lib/python3.10/site-packages/airflow/example_dags/example_task_group_decorator.py
[2023-06-21T01:24:28.049+0100] {processor.py:836} INFO - DAG(s) dict_keys(['example_task_group_decorator']) retrieved from /home/opeyemi/.local/lib/python3.10/site-packages/airflow/example_dags/example_task_group_decorator.py
[2023-06-21T01:24:28.089+0100] {logging_mixin.py:149} INFO - [2023-06-21T01:24:28.089+0100] {dag.py:2726} INFO - Sync 1 DAGs
[2023-06-21T01:24:28.125+0100] {logging_mixin.py:149} INFO - [2023-06-21T01:24:28.125+0100] {dag.py:3486} INFO - Setting next_dagrun for example_task_group_decorator to 2023-06-20T00:24:28.124967+00:00, run_after=2023-06-21T00:24:28.124967+00:00
[2023-06-21T01:24:28.192+0100] {processor.py:179} INFO - Processing /home/opeyemi/.local/lib/python3.10/site-packages/airflow/example_dags/example_task_group_decorator.py took 0.202 seconds
[2023-06-21T01:25:26.395+0100] {processor.py:157} INFO - Started process (PID=21641) to work on /home/opeyemi/.local/lib/python3.10/site-packages/airflow/example_dags/example_task_group_decorator.py
[2023-06-21T01:25:26.812+0100] {processor.py:826} INFO - Processing file /home/opeyemi/.local/lib/python3.10/site-packages/airflow/example_dags/example_task_group_decorator.py for tasks to queue
[2023-06-21T01:25:26.816+0100] {logging_mixin.py:149} INFO - [2023-06-21T01:25:26.815+0100] {dagbag.py:541} INFO - Filling up the DagBag from /home/opeyemi/.local/lib/python3.10/site-packages/airflow/example_dags/example_task_group_decorator.py
[2023-06-21T01:25:26.963+0100] {processor.py:836} INFO - DAG(s) dict_keys(['example_task_group_decorator']) retrieved from /home/opeyemi/.local/lib/python3.10/site-packages/airflow/example_dags/example_task_group_decorator.py
[2023-06-21T01:25:27.117+0100] {logging_mixin.py:149} INFO - [2023-06-21T01:25:27.116+0100] {dag.py:2726} INFO - Sync 1 DAGs
[2023-06-21T01:25:27.235+0100] {logging_mixin.py:149} INFO - [2023-06-21T01:25:27.235+0100] {dag.py:3486} INFO - Setting next_dagrun for example_task_group_decorator to 2023-06-20T00:25:27.234893+00:00, run_after=2023-06-21T00:25:27.234893+00:00
[2023-06-21T01:25:29.689+0100] {processor.py:179} INFO - Processing /home/opeyemi/.local/lib/python3.10/site-packages/airflow/example_dags/example_task_group_decorator.py took 3.315 seconds
[2023-06-21T01:27:01.124+0100] {processor.py:157} INFO - Started process (PID=21707) to work on /home/opeyemi/.local/lib/python3.10/site-packages/airflow/example_dags/example_task_group_decorator.py
[2023-06-21T01:27:01.127+0100] {processor.py:826} INFO - Processing file /home/opeyemi/.local/lib/python3.10/site-packages/airflow/example_dags/example_task_group_decorator.py for tasks to queue
[2023-06-21T01:27:01.128+0100] {logging_mixin.py:149} INFO - [2023-06-21T01:27:01.128+0100] {dagbag.py:541} INFO - Filling up the DagBag from /home/opeyemi/.local/lib/python3.10/site-packages/airflow/example_dags/example_task_group_decorator.py
[2023-06-21T01:27:01.171+0100] {processor.py:836} INFO - DAG(s) dict_keys(['example_task_group_decorator']) retrieved from /home/opeyemi/.local/lib/python3.10/site-packages/airflow/example_dags/example_task_group_decorator.py
[2023-06-21T01:27:01.286+0100] {logging_mixin.py:149} INFO - [2023-06-21T01:27:01.286+0100] {dag.py:2726} INFO - Sync 1 DAGs
[2023-06-21T01:27:01.383+0100] {logging_mixin.py:149} INFO - [2023-06-21T01:27:01.383+0100] {dag.py:3486} INFO - Setting next_dagrun for example_task_group_decorator to 2023-06-20T00:27:01.382756+00:00, run_after=2023-06-21T00:27:01.382756+00:00
[2023-06-21T01:27:01.490+0100] {processor.py:179} INFO - Processing /home/opeyemi/.local/lib/python3.10/site-packages/airflow/example_dags/example_task_group_decorator.py took 0.372 seconds
[2023-06-21T01:28:00.076+0100] {processor.py:157} INFO - Started process (PID=21776) to work on /home/opeyemi/.local/lib/python3.10/site-packages/airflow/example_dags/example_task_group_decorator.py
[2023-06-21T01:28:00.173+0100] {processor.py:826} INFO - Processing file /home/opeyemi/.local/lib/python3.10/site-packages/airflow/example_dags/example_task_group_decorator.py for tasks to queue
[2023-06-21T01:28:00.174+0100] {logging_mixin.py:149} INFO - [2023-06-21T01:28:00.174+0100] {dagbag.py:541} INFO - Filling up the DagBag from /home/opeyemi/.local/lib/python3.10/site-packages/airflow/example_dags/example_task_group_decorator.py
[2023-06-21T01:28:00.203+0100] {processor.py:836} INFO - DAG(s) dict_keys(['example_task_group_decorator']) retrieved from /home/opeyemi/.local/lib/python3.10/site-packages/airflow/example_dags/example_task_group_decorator.py
[2023-06-21T01:28:00.251+0100] {logging_mixin.py:149} INFO - [2023-06-21T01:28:00.250+0100] {dag.py:2726} INFO - Sync 1 DAGs
[2023-06-21T01:28:00.301+0100] {logging_mixin.py:149} INFO - [2023-06-21T01:28:00.300+0100] {dag.py:3486} INFO - Setting next_dagrun for example_task_group_decorator to 2023-06-20T00:28:00.299906+00:00, run_after=2023-06-21T00:28:00.299906+00:00
[2023-06-21T01:28:00.931+0100] {processor.py:179} INFO - Processing /home/opeyemi/.local/lib/python3.10/site-packages/airflow/example_dags/example_task_group_decorator.py took 0.862 seconds
[2023-06-21T01:29:14.314+0100] {processor.py:157} INFO - Started process (PID=21845) to work on /home/opeyemi/.local/lib/python3.10/site-packages/airflow/example_dags/example_task_group_decorator.py
[2023-06-21T01:29:14.329+0100] {processor.py:826} INFO - Processing file /home/opeyemi/.local/lib/python3.10/site-packages/airflow/example_dags/example_task_group_decorator.py for tasks to queue
[2023-06-21T01:29:14.333+0100] {logging_mixin.py:149} INFO - [2023-06-21T01:29:14.332+0100] {dagbag.py:541} INFO - Filling up the DagBag from /home/opeyemi/.local/lib/python3.10/site-packages/airflow/example_dags/example_task_group_decorator.py
[2023-06-21T01:29:14.386+0100] {processor.py:836} INFO - DAG(s) dict_keys(['example_task_group_decorator']) retrieved from /home/opeyemi/.local/lib/python3.10/site-packages/airflow/example_dags/example_task_group_decorator.py
[2023-06-21T01:29:14.461+0100] {logging_mixin.py:149} INFO - [2023-06-21T01:29:14.461+0100] {dag.py:2726} INFO - Sync 1 DAGs
[2023-06-21T01:29:14.506+0100] {logging_mixin.py:149} INFO - [2023-06-21T01:29:14.506+0100] {dag.py:3486} INFO - Setting next_dagrun for example_task_group_decorator to 2023-06-20T00:29:14.505528+00:00, run_after=2023-06-21T00:29:14.505528+00:00
[2023-06-21T01:29:14.592+0100] {processor.py:179} INFO - Processing /home/opeyemi/.local/lib/python3.10/site-packages/airflow/example_dags/example_task_group_decorator.py took 0.286 seconds
[2023-06-21T01:30:11.620+0100] {processor.py:157} INFO - Started process (PID=21896) to work on /home/opeyemi/.local/lib/python3.10/site-packages/airflow/example_dags/example_task_group_decorator.py
[2023-06-21T01:30:11.633+0100] {processor.py:826} INFO - Processing file /home/opeyemi/.local/lib/python3.10/site-packages/airflow/example_dags/example_task_group_decorator.py for tasks to queue
[2023-06-21T01:30:11.636+0100] {logging_mixin.py:149} INFO - [2023-06-21T01:30:11.635+0100] {dagbag.py:541} INFO - Filling up the DagBag from /home/opeyemi/.local/lib/python3.10/site-packages/airflow/example_dags/example_task_group_decorator.py
[2023-06-21T01:30:11.686+0100] {processor.py:836} INFO - DAG(s) dict_keys(['example_task_group_decorator']) retrieved from /home/opeyemi/.local/lib/python3.10/site-packages/airflow/example_dags/example_task_group_decorator.py
[2023-06-21T01:30:11.780+0100] {logging_mixin.py:149} INFO - [2023-06-21T01:30:11.779+0100] {dag.py:2726} INFO - Sync 1 DAGs
[2023-06-21T01:30:11.848+0100] {logging_mixin.py:149} INFO - [2023-06-21T01:30:11.847+0100] {dag.py:3486} INFO - Setting next_dagrun for example_task_group_decorator to 2023-06-20T00:30:11.847300+00:00, run_after=2023-06-21T00:30:11.847300+00:00
[2023-06-21T01:30:11.953+0100] {processor.py:179} INFO - Processing /home/opeyemi/.local/lib/python3.10/site-packages/airflow/example_dags/example_task_group_decorator.py took 0.344 seconds
[2023-06-21T01:31:09.637+0100] {processor.py:157} INFO - Started process (PID=21943) to work on /home/opeyemi/.local/lib/python3.10/site-packages/airflow/example_dags/example_task_group_decorator.py
[2023-06-21T01:31:10.047+0100] {processor.py:826} INFO - Processing file /home/opeyemi/.local/lib/python3.10/site-packages/airflow/example_dags/example_task_group_decorator.py for tasks to queue
[2023-06-21T01:31:10.051+0100] {logging_mixin.py:149} INFO - [2023-06-21T01:31:10.050+0100] {dagbag.py:541} INFO - Filling up the DagBag from /home/opeyemi/.local/lib/python3.10/site-packages/airflow/example_dags/example_task_group_decorator.py
[2023-06-21T01:31:10.209+0100] {processor.py:836} INFO - DAG(s) dict_keys(['example_task_group_decorator']) retrieved from /home/opeyemi/.local/lib/python3.10/site-packages/airflow/example_dags/example_task_group_decorator.py
[2023-06-21T01:31:10.264+0100] {logging_mixin.py:149} INFO - [2023-06-21T01:31:10.263+0100] {dag.py:2726} INFO - Sync 1 DAGs
[2023-06-21T01:31:10.294+0100] {logging_mixin.py:149} INFO - [2023-06-21T01:31:10.294+0100] {dag.py:3486} INFO - Setting next_dagrun for example_task_group_decorator to 2023-06-20T00:31:10.293760+00:00, run_after=2023-06-21T00:31:10.293760+00:00
[2023-06-21T01:31:10.794+0100] {processor.py:179} INFO - Processing /home/opeyemi/.local/lib/python3.10/site-packages/airflow/example_dags/example_task_group_decorator.py took 1.174 seconds
[2023-06-21T01:32:11.978+0100] {processor.py:157} INFO - Started process (PID=21997) to work on /home/opeyemi/.local/lib/python3.10/site-packages/airflow/example_dags/example_task_group_decorator.py
[2023-06-21T01:32:11.990+0100] {processor.py:826} INFO - Processing file /home/opeyemi/.local/lib/python3.10/site-packages/airflow/example_dags/example_task_group_decorator.py for tasks to queue
[2023-06-21T01:32:11.993+0100] {logging_mixin.py:149} INFO - [2023-06-21T01:32:11.992+0100] {dagbag.py:541} INFO - Filling up the DagBag from /home/opeyemi/.local/lib/python3.10/site-packages/airflow/example_dags/example_task_group_decorator.py
[2023-06-21T01:32:12.083+0100] {processor.py:836} INFO - DAG(s) dict_keys(['example_task_group_decorator']) retrieved from /home/opeyemi/.local/lib/python3.10/site-packages/airflow/example_dags/example_task_group_decorator.py
[2023-06-21T01:32:12.172+0100] {logging_mixin.py:149} INFO - [2023-06-21T01:32:12.172+0100] {dag.py:2726} INFO - Sync 1 DAGs
[2023-06-21T01:32:12.204+0100] {logging_mixin.py:149} INFO - [2023-06-21T01:32:12.204+0100] {dag.py:3486} INFO - Setting next_dagrun for example_task_group_decorator to 2023-06-20T00:32:12.204411+00:00, run_after=2023-06-21T00:32:12.204411+00:00
[2023-06-21T01:32:12.281+0100] {processor.py:179} INFO - Processing /home/opeyemi/.local/lib/python3.10/site-packages/airflow/example_dags/example_task_group_decorator.py took 0.318 seconds
[2023-06-21T01:33:09.473+0100] {processor.py:157} INFO - Started process (PID=22056) to work on /home/opeyemi/.local/lib/python3.10/site-packages/airflow/example_dags/example_task_group_decorator.py
[2023-06-21T01:33:09.499+0100] {processor.py:826} INFO - Processing file /home/opeyemi/.local/lib/python3.10/site-packages/airflow/example_dags/example_task_group_decorator.py for tasks to queue
[2023-06-21T01:33:09.501+0100] {logging_mixin.py:149} INFO - [2023-06-21T01:33:09.501+0100] {dagbag.py:541} INFO - Filling up the DagBag from /home/opeyemi/.local/lib/python3.10/site-packages/airflow/example_dags/example_task_group_decorator.py
[2023-06-21T01:33:09.545+0100] {processor.py:836} INFO - DAG(s) dict_keys(['example_task_group_decorator']) retrieved from /home/opeyemi/.local/lib/python3.10/site-packages/airflow/example_dags/example_task_group_decorator.py
[2023-06-21T01:33:09.585+0100] {logging_mixin.py:149} INFO - [2023-06-21T01:33:09.585+0100] {dag.py:2726} INFO - Sync 1 DAGs
[2023-06-21T01:33:09.604+0100] {logging_mixin.py:149} INFO - [2023-06-21T01:33:09.604+0100] {dag.py:3486} INFO - Setting next_dagrun for example_task_group_decorator to 2023-06-20T00:33:09.604563+00:00, run_after=2023-06-21T00:33:09.604563+00:00
[2023-06-21T01:33:09.669+0100] {processor.py:179} INFO - Processing /home/opeyemi/.local/lib/python3.10/site-packages/airflow/example_dags/example_task_group_decorator.py took 0.212 seconds
[2023-06-21T01:34:03.211+0100] {processor.py:157} INFO - Started process (PID=22201) to work on /home/opeyemi/.local/lib/python3.10/site-packages/airflow/example_dags/example_task_group_decorator.py
[2023-06-21T01:34:03.221+0100] {processor.py:826} INFO - Processing file /home/opeyemi/.local/lib/python3.10/site-packages/airflow/example_dags/example_task_group_decorator.py for tasks to queue
[2023-06-21T01:34:03.223+0100] {logging_mixin.py:149} INFO - [2023-06-21T01:34:03.222+0100] {dagbag.py:541} INFO - Filling up the DagBag from /home/opeyemi/.local/lib/python3.10/site-packages/airflow/example_dags/example_task_group_decorator.py
[2023-06-21T01:34:03.258+0100] {processor.py:836} INFO - DAG(s) dict_keys(['example_task_group_decorator']) retrieved from /home/opeyemi/.local/lib/python3.10/site-packages/airflow/example_dags/example_task_group_decorator.py
[2023-06-21T01:34:03.324+0100] {logging_mixin.py:149} INFO - [2023-06-21T01:34:03.324+0100] {dag.py:2726} INFO - Sync 1 DAGs
[2023-06-21T01:34:03.388+0100] {logging_mixin.py:149} INFO - [2023-06-21T01:34:03.387+0100] {dag.py:3486} INFO - Setting next_dagrun for example_task_group_decorator to 2023-06-20T00:34:03.386949+00:00, run_after=2023-06-21T00:34:03.386949+00:00
[2023-06-21T01:34:03.516+0100] {processor.py:179} INFO - Processing /home/opeyemi/.local/lib/python3.10/site-packages/airflow/example_dags/example_task_group_decorator.py took 0.315 seconds
[2023-06-21T01:34:55.593+0100] {processor.py:157} INFO - Started process (PID=22442) to work on /home/opeyemi/.local/lib/python3.10/site-packages/airflow/example_dags/example_task_group_decorator.py
[2023-06-21T01:34:55.597+0100] {processor.py:826} INFO - Processing file /home/opeyemi/.local/lib/python3.10/site-packages/airflow/example_dags/example_task_group_decorator.py for tasks to queue
[2023-06-21T01:34:55.599+0100] {logging_mixin.py:149} INFO - [2023-06-21T01:34:55.599+0100] {dagbag.py:541} INFO - Filling up the DagBag from /home/opeyemi/.local/lib/python3.10/site-packages/airflow/example_dags/example_task_group_decorator.py
[2023-06-21T01:34:55.647+0100] {processor.py:836} INFO - DAG(s) dict_keys(['example_task_group_decorator']) retrieved from /home/opeyemi/.local/lib/python3.10/site-packages/airflow/example_dags/example_task_group_decorator.py
[2023-06-21T01:34:55.704+0100] {logging_mixin.py:149} INFO - [2023-06-21T01:34:55.703+0100] {dag.py:2726} INFO - Sync 1 DAGs
[2023-06-21T01:34:55.727+0100] {logging_mixin.py:149} INFO - [2023-06-21T01:34:55.727+0100] {dag.py:3486} INFO - Setting next_dagrun for example_task_group_decorator to 2023-06-20T00:34:55.727159+00:00, run_after=2023-06-21T00:34:55.727159+00:00
[2023-06-21T01:34:55.760+0100] {processor.py:179} INFO - Processing /home/opeyemi/.local/lib/python3.10/site-packages/airflow/example_dags/example_task_group_decorator.py took 0.177 seconds
[2023-06-21T01:35:51.382+0100] {processor.py:157} INFO - Started process (PID=22633) to work on /home/opeyemi/.local/lib/python3.10/site-packages/airflow/example_dags/example_task_group_decorator.py
[2023-06-21T01:35:51.385+0100] {processor.py:826} INFO - Processing file /home/opeyemi/.local/lib/python3.10/site-packages/airflow/example_dags/example_task_group_decorator.py for tasks to queue
[2023-06-21T01:35:51.387+0100] {logging_mixin.py:149} INFO - [2023-06-21T01:35:51.387+0100] {dagbag.py:541} INFO - Filling up the DagBag from /home/opeyemi/.local/lib/python3.10/site-packages/airflow/example_dags/example_task_group_decorator.py
[2023-06-21T01:35:51.440+0100] {processor.py:836} INFO - DAG(s) dict_keys(['example_task_group_decorator']) retrieved from /home/opeyemi/.local/lib/python3.10/site-packages/airflow/example_dags/example_task_group_decorator.py
[2023-06-21T01:35:51.536+0100] {logging_mixin.py:149} INFO - [2023-06-21T01:35:51.535+0100] {dag.py:2726} INFO - Sync 1 DAGs
[2023-06-21T01:35:51.577+0100] {logging_mixin.py:149} INFO - [2023-06-21T01:35:51.576+0100] {dag.py:3486} INFO - Setting next_dagrun for example_task_group_decorator to 2023-06-20T00:35:51.576388+00:00, run_after=2023-06-21T00:35:51.576388+00:00
[2023-06-21T01:35:51.623+0100] {processor.py:179} INFO - Processing /home/opeyemi/.local/lib/python3.10/site-packages/airflow/example_dags/example_task_group_decorator.py took 0.251 seconds
[2023-06-21T01:36:45.717+0100] {processor.py:157} INFO - Started process (PID=22758) to work on /home/opeyemi/.local/lib/python3.10/site-packages/airflow/example_dags/example_task_group_decorator.py
[2023-06-21T01:36:45.719+0100] {processor.py:826} INFO - Processing file /home/opeyemi/.local/lib/python3.10/site-packages/airflow/example_dags/example_task_group_decorator.py for tasks to queue
[2023-06-21T01:36:45.720+0100] {logging_mixin.py:149} INFO - [2023-06-21T01:36:45.720+0100] {dagbag.py:541} INFO - Filling up the DagBag from /home/opeyemi/.local/lib/python3.10/site-packages/airflow/example_dags/example_task_group_decorator.py
[2023-06-21T01:36:45.750+0100] {processor.py:836} INFO - DAG(s) dict_keys(['example_task_group_decorator']) retrieved from /home/opeyemi/.local/lib/python3.10/site-packages/airflow/example_dags/example_task_group_decorator.py
[2023-06-21T01:36:45.801+0100] {logging_mixin.py:149} INFO - [2023-06-21T01:36:45.800+0100] {dag.py:2726} INFO - Sync 1 DAGs
[2023-06-21T01:36:45.845+0100] {logging_mixin.py:149} INFO - [2023-06-21T01:36:45.845+0100] {dag.py:3486} INFO - Setting next_dagrun for example_task_group_decorator to 2023-06-20T00:36:45.844525+00:00, run_after=2023-06-21T00:36:45.844525+00:00
[2023-06-21T01:36:45.894+0100] {processor.py:179} INFO - Processing /home/opeyemi/.local/lib/python3.10/site-packages/airflow/example_dags/example_task_group_decorator.py took 0.188 seconds
[2023-06-21T01:37:42.598+0100] {processor.py:157} INFO - Started process (PID=23048) to work on /home/opeyemi/.local/lib/python3.10/site-packages/airflow/example_dags/example_task_group_decorator.py
[2023-06-21T01:37:42.603+0100] {processor.py:826} INFO - Processing file /home/opeyemi/.local/lib/python3.10/site-packages/airflow/example_dags/example_task_group_decorator.py for tasks to queue
[2023-06-21T01:37:42.605+0100] {logging_mixin.py:149} INFO - [2023-06-21T01:37:42.604+0100] {dagbag.py:541} INFO - Filling up the DagBag from /home/opeyemi/.local/lib/python3.10/site-packages/airflow/example_dags/example_task_group_decorator.py
[2023-06-21T01:37:42.645+0100] {processor.py:836} INFO - DAG(s) dict_keys(['example_task_group_decorator']) retrieved from /home/opeyemi/.local/lib/python3.10/site-packages/airflow/example_dags/example_task_group_decorator.py
[2023-06-21T01:37:42.720+0100] {logging_mixin.py:149} INFO - [2023-06-21T01:37:42.719+0100] {dag.py:2726} INFO - Sync 1 DAGs
[2023-06-21T01:37:42.759+0100] {logging_mixin.py:149} INFO - [2023-06-21T01:37:42.759+0100] {dag.py:3486} INFO - Setting next_dagrun for example_task_group_decorator to 2023-06-20T00:37:42.758800+00:00, run_after=2023-06-21T00:37:42.758800+00:00
[2023-06-21T01:37:42.801+0100] {processor.py:179} INFO - Processing /home/opeyemi/.local/lib/python3.10/site-packages/airflow/example_dags/example_task_group_decorator.py took 0.214 seconds
[2023-06-21T01:38:40.822+0100] {processor.py:157} INFO - Started process (PID=23270) to work on /home/opeyemi/.local/lib/python3.10/site-packages/airflow/example_dags/example_task_group_decorator.py
[2023-06-21T01:38:40.825+0100] {processor.py:826} INFO - Processing file /home/opeyemi/.local/lib/python3.10/site-packages/airflow/example_dags/example_task_group_decorator.py for tasks to queue
[2023-06-21T01:38:40.828+0100] {logging_mixin.py:149} INFO - [2023-06-21T01:38:40.827+0100] {dagbag.py:541} INFO - Filling up the DagBag from /home/opeyemi/.local/lib/python3.10/site-packages/airflow/example_dags/example_task_group_decorator.py
[2023-06-21T01:38:40.872+0100] {processor.py:836} INFO - DAG(s) dict_keys(['example_task_group_decorator']) retrieved from /home/opeyemi/.local/lib/python3.10/site-packages/airflow/example_dags/example_task_group_decorator.py
[2023-06-21T01:38:40.937+0100] {logging_mixin.py:149} INFO - [2023-06-21T01:38:40.937+0100] {dag.py:2726} INFO - Sync 1 DAGs
[2023-06-21T01:38:40.997+0100] {logging_mixin.py:149} INFO - [2023-06-21T01:38:40.996+0100] {dag.py:3486} INFO - Setting next_dagrun for example_task_group_decorator to 2023-06-20T00:38:40.996367+00:00, run_after=2023-06-21T00:38:40.996367+00:00
[2023-06-21T01:38:41.063+0100] {processor.py:179} INFO - Processing /home/opeyemi/.local/lib/python3.10/site-packages/airflow/example_dags/example_task_group_decorator.py took 0.252 seconds
[2023-06-21T01:39:33.936+0100] {processor.py:157} INFO - Started process (PID=23317) to work on /home/opeyemi/.local/lib/python3.10/site-packages/airflow/example_dags/example_task_group_decorator.py
[2023-06-21T01:39:33.947+0100] {processor.py:826} INFO - Processing file /home/opeyemi/.local/lib/python3.10/site-packages/airflow/example_dags/example_task_group_decorator.py for tasks to queue
[2023-06-21T01:39:33.949+0100] {logging_mixin.py:149} INFO - [2023-06-21T01:39:33.948+0100] {dagbag.py:541} INFO - Filling up the DagBag from /home/opeyemi/.local/lib/python3.10/site-packages/airflow/example_dags/example_task_group_decorator.py
[2023-06-21T01:39:33.980+0100] {processor.py:836} INFO - DAG(s) dict_keys(['example_task_group_decorator']) retrieved from /home/opeyemi/.local/lib/python3.10/site-packages/airflow/example_dags/example_task_group_decorator.py
[2023-06-21T01:39:34.028+0100] {logging_mixin.py:149} INFO - [2023-06-21T01:39:34.028+0100] {dag.py:2726} INFO - Sync 1 DAGs
[2023-06-21T01:39:34.089+0100] {logging_mixin.py:149} INFO - [2023-06-21T01:39:34.089+0100] {dag.py:3486} INFO - Setting next_dagrun for example_task_group_decorator to 2023-06-20T00:39:34.089238+00:00, run_after=2023-06-21T00:39:34.089238+00:00
[2023-06-21T01:39:34.167+0100] {processor.py:179} INFO - Processing /home/opeyemi/.local/lib/python3.10/site-packages/airflow/example_dags/example_task_group_decorator.py took 0.242 seconds
[2023-06-21T01:40:24.543+0100] {processor.py:157} INFO - Started process (PID=23372) to work on /home/opeyemi/.local/lib/python3.10/site-packages/airflow/example_dags/example_task_group_decorator.py
[2023-06-21T01:40:24.547+0100] {processor.py:826} INFO - Processing file /home/opeyemi/.local/lib/python3.10/site-packages/airflow/example_dags/example_task_group_decorator.py for tasks to queue
[2023-06-21T01:40:24.549+0100] {logging_mixin.py:149} INFO - [2023-06-21T01:40:24.549+0100] {dagbag.py:541} INFO - Filling up the DagBag from /home/opeyemi/.local/lib/python3.10/site-packages/airflow/example_dags/example_task_group_decorator.py
[2023-06-21T01:40:24.590+0100] {processor.py:836} INFO - DAG(s) dict_keys(['example_task_group_decorator']) retrieved from /home/opeyemi/.local/lib/python3.10/site-packages/airflow/example_dags/example_task_group_decorator.py
[2023-06-21T01:40:24.623+0100] {logging_mixin.py:149} INFO - [2023-06-21T01:40:24.623+0100] {dag.py:2726} INFO - Sync 1 DAGs
[2023-06-21T01:40:24.643+0100] {logging_mixin.py:149} INFO - [2023-06-21T01:40:24.643+0100] {dag.py:3486} INFO - Setting next_dagrun for example_task_group_decorator to 2023-06-20T00:40:24.643069+00:00, run_after=2023-06-21T00:40:24.643069+00:00
[2023-06-21T01:40:24.685+0100] {processor.py:179} INFO - Processing /home/opeyemi/.local/lib/python3.10/site-packages/airflow/example_dags/example_task_group_decorator.py took 0.152 seconds
