[2023-06-21T01:01:13.256+0100] {processor.py:157} INFO - Started process (PID=20563) to work on /home/opeyemi/.local/lib/python3.10/site-packages/airflow/example_dags/example_dag_decorator.py
[2023-06-21T01:01:13.258+0100] {processor.py:826} INFO - Processing file /home/opeyemi/.local/lib/python3.10/site-packages/airflow/example_dags/example_dag_decorator.py for tasks to queue
[2023-06-21T01:01:13.258+0100] {logging_mixin.py:149} INFO - [2023-06-21T01:01:13.258+0100] {dagbag.py:541} INFO - Filling up the DagBag from /home/opeyemi/.local/lib/python3.10/site-packages/airflow/example_dags/example_dag_decorator.py
[2023-06-21T01:01:13.277+0100] {processor.py:836} INFO - DAG(s) dict_keys(['example_dag_decorator']) retrieved from /home/opeyemi/.local/lib/python3.10/site-packages/airflow/example_dags/example_dag_decorator.py
[2023-06-21T01:01:13.458+0100] {logging_mixin.py:149} INFO - [2023-06-21T01:01:13.458+0100] {dag.py:2726} INFO - Sync 1 DAGs
[2023-06-21T01:01:13.485+0100] {logging_mixin.py:149} INFO - [2023-06-21T01:01:13.484+0100] {dag.py:3486} INFO - Setting next_dagrun for example_dag_decorator to None, run_after=None
[2023-06-21T01:01:13.867+0100] {processor.py:179} INFO - Processing /home/opeyemi/.local/lib/python3.10/site-packages/airflow/example_dags/example_dag_decorator.py took 0.616 seconds
[2023-06-21T01:03:43.215+0100] {processor.py:157} INFO - Started process (PID=20644) to work on /home/opeyemi/.local/lib/python3.10/site-packages/airflow/example_dags/example_dag_decorator.py
[2023-06-21T01:03:43.262+0100] {processor.py:826} INFO - Processing file /home/opeyemi/.local/lib/python3.10/site-packages/airflow/example_dags/example_dag_decorator.py for tasks to queue
[2023-06-21T01:03:43.263+0100] {logging_mixin.py:149} INFO - [2023-06-21T01:03:43.263+0100] {dagbag.py:541} INFO - Filling up the DagBag from /home/opeyemi/.local/lib/python3.10/site-packages/airflow/example_dags/example_dag_decorator.py
[2023-06-21T01:03:43.304+0100] {processor.py:836} INFO - DAG(s) dict_keys(['example_dag_decorator']) retrieved from /home/opeyemi/.local/lib/python3.10/site-packages/airflow/example_dags/example_dag_decorator.py
[2023-06-21T01:03:43.619+0100] {logging_mixin.py:149} INFO - [2023-06-21T01:03:43.618+0100] {dag.py:2726} INFO - Sync 1 DAGs
[2023-06-21T01:03:43.660+0100] {logging_mixin.py:149} INFO - [2023-06-21T01:03:43.659+0100] {dag.py:3486} INFO - Setting next_dagrun for example_dag_decorator to None, run_after=None
[2023-06-21T01:03:43.750+0100] {processor.py:179} INFO - Processing /home/opeyemi/.local/lib/python3.10/site-packages/airflow/example_dags/example_dag_decorator.py took 0.540 seconds
[2023-06-21T01:06:11.757+0100] {processor.py:157} INFO - Started process (PID=20715) to work on /home/opeyemi/.local/lib/python3.10/site-packages/airflow/example_dags/example_dag_decorator.py
[2023-06-21T01:06:11.863+0100] {processor.py:826} INFO - Processing file /home/opeyemi/.local/lib/python3.10/site-packages/airflow/example_dags/example_dag_decorator.py for tasks to queue
[2023-06-21T01:06:11.867+0100] {logging_mixin.py:149} INFO - [2023-06-21T01:06:11.866+0100] {dagbag.py:541} INFO - Filling up the DagBag from /home/opeyemi/.local/lib/python3.10/site-packages/airflow/example_dags/example_dag_decorator.py
[2023-06-21T01:06:11.951+0100] {processor.py:836} INFO - DAG(s) dict_keys(['example_dag_decorator']) retrieved from /home/opeyemi/.local/lib/python3.10/site-packages/airflow/example_dags/example_dag_decorator.py
[2023-06-21T01:06:12.293+0100] {logging_mixin.py:149} INFO - [2023-06-21T01:06:12.293+0100] {dag.py:2726} INFO - Sync 1 DAGs
[2023-06-21T01:06:12.341+0100] {logging_mixin.py:149} INFO - [2023-06-21T01:06:12.341+0100] {dag.py:3486} INFO - Setting next_dagrun for example_dag_decorator to None, run_after=None
[2023-06-21T01:06:12.505+0100] {processor.py:179} INFO - Processing /home/opeyemi/.local/lib/python3.10/site-packages/airflow/example_dags/example_dag_decorator.py took 0.771 seconds
[2023-06-21T01:08:28.347+0100] {processor.py:157} INFO - Started process (PID=20800) to work on /home/opeyemi/.local/lib/python3.10/site-packages/airflow/example_dags/example_dag_decorator.py
[2023-06-21T01:08:28.477+0100] {processor.py:826} INFO - Processing file /home/opeyemi/.local/lib/python3.10/site-packages/airflow/example_dags/example_dag_decorator.py for tasks to queue
[2023-06-21T01:08:28.479+0100] {logging_mixin.py:149} INFO - [2023-06-21T01:08:28.479+0100] {dagbag.py:541} INFO - Filling up the DagBag from /home/opeyemi/.local/lib/python3.10/site-packages/airflow/example_dags/example_dag_decorator.py
[2023-06-21T01:08:28.528+0100] {processor.py:836} INFO - DAG(s) dict_keys(['example_dag_decorator']) retrieved from /home/opeyemi/.local/lib/python3.10/site-packages/airflow/example_dags/example_dag_decorator.py
[2023-06-21T01:08:28.787+0100] {logging_mixin.py:149} INFO - [2023-06-21T01:08:28.786+0100] {dag.py:2726} INFO - Sync 1 DAGs
[2023-06-21T01:08:28.815+0100] {logging_mixin.py:149} INFO - [2023-06-21T01:08:28.815+0100] {dag.py:3486} INFO - Setting next_dagrun for example_dag_decorator to None, run_after=None
[2023-06-21T01:08:28.951+0100] {processor.py:179} INFO - Processing /home/opeyemi/.local/lib/python3.10/site-packages/airflow/example_dags/example_dag_decorator.py took 0.608 seconds
[2023-06-21T01:10:18.190+0100] {processor.py:157} INFO - Started process (PID=20867) to work on /home/opeyemi/.local/lib/python3.10/site-packages/airflow/example_dags/example_dag_decorator.py
[2023-06-21T01:10:18.192+0100] {processor.py:826} INFO - Processing file /home/opeyemi/.local/lib/python3.10/site-packages/airflow/example_dags/example_dag_decorator.py for tasks to queue
[2023-06-21T01:10:18.194+0100] {logging_mixin.py:149} INFO - [2023-06-21T01:10:18.193+0100] {dagbag.py:541} INFO - Filling up the DagBag from /home/opeyemi/.local/lib/python3.10/site-packages/airflow/example_dags/example_dag_decorator.py
[2023-06-21T01:10:18.242+0100] {processor.py:836} INFO - DAG(s) dict_keys(['example_dag_decorator']) retrieved from /home/opeyemi/.local/lib/python3.10/site-packages/airflow/example_dags/example_dag_decorator.py
[2023-06-21T01:10:18.485+0100] {logging_mixin.py:149} INFO - [2023-06-21T01:10:18.484+0100] {dag.py:2726} INFO - Sync 1 DAGs
[2023-06-21T01:10:18.509+0100] {logging_mixin.py:149} INFO - [2023-06-21T01:10:18.508+0100] {dag.py:3486} INFO - Setting next_dagrun for example_dag_decorator to None, run_after=None
[2023-06-21T01:10:18.787+0100] {processor.py:179} INFO - Processing /home/opeyemi/.local/lib/python3.10/site-packages/airflow/example_dags/example_dag_decorator.py took 0.612 seconds
[2023-06-21T01:12:44.425+0100] {processor.py:157} INFO - Started process (PID=20954) to work on /home/opeyemi/.local/lib/python3.10/site-packages/airflow/example_dags/example_dag_decorator.py
[2023-06-21T01:12:44.426+0100] {processor.py:826} INFO - Processing file /home/opeyemi/.local/lib/python3.10/site-packages/airflow/example_dags/example_dag_decorator.py for tasks to queue
[2023-06-21T01:12:44.427+0100] {logging_mixin.py:149} INFO - [2023-06-21T01:12:44.427+0100] {dagbag.py:541} INFO - Filling up the DagBag from /home/opeyemi/.local/lib/python3.10/site-packages/airflow/example_dags/example_dag_decorator.py
[2023-06-21T01:12:44.447+0100] {processor.py:836} INFO - DAG(s) dict_keys(['example_dag_decorator']) retrieved from /home/opeyemi/.local/lib/python3.10/site-packages/airflow/example_dags/example_dag_decorator.py
[2023-06-21T01:12:44.604+0100] {logging_mixin.py:149} INFO - [2023-06-21T01:12:44.604+0100] {dag.py:2726} INFO - Sync 1 DAGs
[2023-06-21T01:12:44.639+0100] {logging_mixin.py:149} INFO - [2023-06-21T01:12:44.639+0100] {dag.py:3486} INFO - Setting next_dagrun for example_dag_decorator to None, run_after=None
[2023-06-21T01:12:44.826+0100] {processor.py:179} INFO - Processing /home/opeyemi/.local/lib/python3.10/site-packages/airflow/example_dags/example_dag_decorator.py took 0.407 seconds
[2023-06-21T01:14:43.580+0100] {processor.py:157} INFO - Started process (PID=21022) to work on /home/opeyemi/.local/lib/python3.10/site-packages/airflow/example_dags/example_dag_decorator.py
[2023-06-21T01:14:43.583+0100] {processor.py:826} INFO - Processing file /home/opeyemi/.local/lib/python3.10/site-packages/airflow/example_dags/example_dag_decorator.py for tasks to queue
[2023-06-21T01:14:43.584+0100] {logging_mixin.py:149} INFO - [2023-06-21T01:14:43.584+0100] {dagbag.py:541} INFO - Filling up the DagBag from /home/opeyemi/.local/lib/python3.10/site-packages/airflow/example_dags/example_dag_decorator.py
[2023-06-21T01:14:43.646+0100] {processor.py:836} INFO - DAG(s) dict_keys(['example_dag_decorator']) retrieved from /home/opeyemi/.local/lib/python3.10/site-packages/airflow/example_dags/example_dag_decorator.py
[2023-06-21T01:14:43.942+0100] {logging_mixin.py:149} INFO - [2023-06-21T01:14:43.942+0100] {dag.py:2726} INFO - Sync 1 DAGs
[2023-06-21T01:14:43.963+0100] {logging_mixin.py:149} INFO - [2023-06-21T01:14:43.962+0100] {dag.py:3486} INFO - Setting next_dagrun for example_dag_decorator to None, run_after=None
[2023-06-21T01:14:44.029+0100] {processor.py:179} INFO - Processing /home/opeyemi/.local/lib/python3.10/site-packages/airflow/example_dags/example_dag_decorator.py took 0.454 seconds
[2023-06-21T01:16:40.272+0100] {processor.py:157} INFO - Started process (PID=21067) to work on /home/opeyemi/.local/lib/python3.10/site-packages/airflow/example_dags/example_dag_decorator.py
[2023-06-21T01:16:40.306+0100] {processor.py:826} INFO - Processing file /home/opeyemi/.local/lib/python3.10/site-packages/airflow/example_dags/example_dag_decorator.py for tasks to queue
[2023-06-21T01:16:40.309+0100] {logging_mixin.py:149} INFO - [2023-06-21T01:16:40.309+0100] {dagbag.py:541} INFO - Filling up the DagBag from /home/opeyemi/.local/lib/python3.10/site-packages/airflow/example_dags/example_dag_decorator.py
[2023-06-21T01:16:40.394+0100] {processor.py:836} INFO - DAG(s) dict_keys(['example_dag_decorator']) retrieved from /home/opeyemi/.local/lib/python3.10/site-packages/airflow/example_dags/example_dag_decorator.py
[2023-06-21T01:16:40.627+0100] {logging_mixin.py:149} INFO - [2023-06-21T01:16:40.627+0100] {dag.py:2726} INFO - Sync 1 DAGs
[2023-06-21T01:16:40.660+0100] {logging_mixin.py:149} INFO - [2023-06-21T01:16:40.660+0100] {dag.py:3486} INFO - Setting next_dagrun for example_dag_decorator to None, run_after=None
[2023-06-21T01:16:40.909+0100] {processor.py:179} INFO - Processing /home/opeyemi/.local/lib/python3.10/site-packages/airflow/example_dags/example_dag_decorator.py took 0.650 seconds
[2023-06-21T01:17:55.762+0100] {processor.py:157} INFO - Started process (PID=21126) to work on /home/opeyemi/.local/lib/python3.10/site-packages/airflow/example_dags/example_dag_decorator.py
[2023-06-21T01:17:55.840+0100] {processor.py:826} INFO - Processing file /home/opeyemi/.local/lib/python3.10/site-packages/airflow/example_dags/example_dag_decorator.py for tasks to queue
[2023-06-21T01:17:55.842+0100] {logging_mixin.py:149} INFO - [2023-06-21T01:17:55.842+0100] {dagbag.py:541} INFO - Filling up the DagBag from /home/opeyemi/.local/lib/python3.10/site-packages/airflow/example_dags/example_dag_decorator.py
[2023-06-21T01:17:55.880+0100] {processor.py:836} INFO - DAG(s) dict_keys(['example_dag_decorator']) retrieved from /home/opeyemi/.local/lib/python3.10/site-packages/airflow/example_dags/example_dag_decorator.py
[2023-06-21T01:17:56.063+0100] {logging_mixin.py:149} INFO - [2023-06-21T01:17:56.062+0100] {dag.py:2726} INFO - Sync 1 DAGs
[2023-06-21T01:17:56.081+0100] {logging_mixin.py:149} INFO - [2023-06-21T01:17:56.081+0100] {dag.py:3486} INFO - Setting next_dagrun for example_dag_decorator to None, run_after=None
[2023-06-21T01:17:56.476+0100] {processor.py:179} INFO - Processing /home/opeyemi/.local/lib/python3.10/site-packages/airflow/example_dags/example_dag_decorator.py took 0.721 seconds
[2023-06-21T01:19:13.612+0100] {processor.py:157} INFO - Started process (PID=21185) to work on /home/opeyemi/.local/lib/python3.10/site-packages/airflow/example_dags/example_dag_decorator.py
[2023-06-21T01:19:13.618+0100] {processor.py:826} INFO - Processing file /home/opeyemi/.local/lib/python3.10/site-packages/airflow/example_dags/example_dag_decorator.py for tasks to queue
[2023-06-21T01:19:13.621+0100] {logging_mixin.py:149} INFO - [2023-06-21T01:19:13.620+0100] {dagbag.py:541} INFO - Filling up the DagBag from /home/opeyemi/.local/lib/python3.10/site-packages/airflow/example_dags/example_dag_decorator.py
[2023-06-21T01:19:13.665+0100] {processor.py:836} INFO - DAG(s) dict_keys(['example_dag_decorator']) retrieved from /home/opeyemi/.local/lib/python3.10/site-packages/airflow/example_dags/example_dag_decorator.py
[2023-06-21T01:19:13.871+0100] {logging_mixin.py:149} INFO - [2023-06-21T01:19:13.871+0100] {dag.py:2726} INFO - Sync 1 DAGs
[2023-06-21T01:19:13.902+0100] {logging_mixin.py:149} INFO - [2023-06-21T01:19:13.902+0100] {dag.py:3486} INFO - Setting next_dagrun for example_dag_decorator to None, run_after=None
[2023-06-21T01:19:13.980+0100] {processor.py:179} INFO - Processing /home/opeyemi/.local/lib/python3.10/site-packages/airflow/example_dags/example_dag_decorator.py took 0.385 seconds
[2023-06-21T01:20:41.432+0100] {processor.py:157} INFO - Started process (PID=21243) to work on /home/opeyemi/.local/lib/python3.10/site-packages/airflow/example_dags/example_dag_decorator.py
[2023-06-21T01:20:41.448+0100] {processor.py:826} INFO - Processing file /home/opeyemi/.local/lib/python3.10/site-packages/airflow/example_dags/example_dag_decorator.py for tasks to queue
[2023-06-21T01:20:41.450+0100] {logging_mixin.py:149} INFO - [2023-06-21T01:20:41.450+0100] {dagbag.py:541} INFO - Filling up the DagBag from /home/opeyemi/.local/lib/python3.10/site-packages/airflow/example_dags/example_dag_decorator.py
[2023-06-21T01:20:41.508+0100] {processor.py:836} INFO - DAG(s) dict_keys(['example_dag_decorator']) retrieved from /home/opeyemi/.local/lib/python3.10/site-packages/airflow/example_dags/example_dag_decorator.py
[2023-06-21T01:20:41.701+0100] {logging_mixin.py:149} INFO - [2023-06-21T01:20:41.701+0100] {dag.py:2726} INFO - Sync 1 DAGs
[2023-06-21T01:20:41.720+0100] {logging_mixin.py:149} INFO - [2023-06-21T01:20:41.720+0100] {dag.py:3486} INFO - Setting next_dagrun for example_dag_decorator to None, run_after=None
[2023-06-21T01:20:41.851+0100] {processor.py:179} INFO - Processing /home/opeyemi/.local/lib/python3.10/site-packages/airflow/example_dags/example_dag_decorator.py took 0.435 seconds
[2023-06-21T01:22:20.579+0100] {processor.py:157} INFO - Started process (PID=21286) to work on /home/opeyemi/.local/lib/python3.10/site-packages/airflow/example_dags/example_dag_decorator.py
[2023-06-21T01:22:20.673+0100] {processor.py:826} INFO - Processing file /home/opeyemi/.local/lib/python3.10/site-packages/airflow/example_dags/example_dag_decorator.py for tasks to queue
[2023-06-21T01:22:20.675+0100] {logging_mixin.py:149} INFO - [2023-06-21T01:22:20.675+0100] {dagbag.py:541} INFO - Filling up the DagBag from /home/opeyemi/.local/lib/python3.10/site-packages/airflow/example_dags/example_dag_decorator.py
[2023-06-21T01:22:20.722+0100] {processor.py:836} INFO - DAG(s) dict_keys(['example_dag_decorator']) retrieved from /home/opeyemi/.local/lib/python3.10/site-packages/airflow/example_dags/example_dag_decorator.py
[2023-06-21T01:22:20.971+0100] {logging_mixin.py:149} INFO - [2023-06-21T01:22:20.971+0100] {dag.py:2726} INFO - Sync 1 DAGs
[2023-06-21T01:22:20.996+0100] {logging_mixin.py:149} INFO - [2023-06-21T01:22:20.996+0100] {dag.py:3486} INFO - Setting next_dagrun for example_dag_decorator to None, run_after=None
[2023-06-21T01:22:21.269+0100] {processor.py:179} INFO - Processing /home/opeyemi/.local/lib/python3.10/site-packages/airflow/example_dags/example_dag_decorator.py took 0.701 seconds
[2023-06-21T01:23:55.696+0100] {processor.py:157} INFO - Started process (PID=21349) to work on /home/opeyemi/.local/lib/python3.10/site-packages/airflow/example_dags/example_dag_decorator.py
[2023-06-21T01:23:55.813+0100] {processor.py:826} INFO - Processing file /home/opeyemi/.local/lib/python3.10/site-packages/airflow/example_dags/example_dag_decorator.py for tasks to queue
[2023-06-21T01:23:55.815+0100] {logging_mixin.py:149} INFO - [2023-06-21T01:23:55.815+0100] {dagbag.py:541} INFO - Filling up the DagBag from /home/opeyemi/.local/lib/python3.10/site-packages/airflow/example_dags/example_dag_decorator.py
[2023-06-21T01:23:55.850+0100] {processor.py:836} INFO - DAG(s) dict_keys(['example_dag_decorator']) retrieved from /home/opeyemi/.local/lib/python3.10/site-packages/airflow/example_dags/example_dag_decorator.py
[2023-06-21T01:23:56.139+0100] {logging_mixin.py:149} INFO - [2023-06-21T01:23:56.139+0100] {dag.py:2726} INFO - Sync 1 DAGs
[2023-06-21T01:23:56.172+0100] {logging_mixin.py:149} INFO - [2023-06-21T01:23:56.172+0100] {dag.py:3486} INFO - Setting next_dagrun for example_dag_decorator to None, run_after=None
[2023-06-21T01:23:56.276+0100] {processor.py:179} INFO - Processing /home/opeyemi/.local/lib/python3.10/site-packages/airflow/example_dags/example_dag_decorator.py took 0.585 seconds
[2023-06-21T01:25:06.630+0100] {processor.py:157} INFO - Started process (PID=21585) to work on /home/opeyemi/.local/lib/python3.10/site-packages/airflow/example_dags/example_dag_decorator.py
[2023-06-21T01:25:07.027+0100] {processor.py:826} INFO - Processing file /home/opeyemi/.local/lib/python3.10/site-packages/airflow/example_dags/example_dag_decorator.py for tasks to queue
[2023-06-21T01:25:07.029+0100] {logging_mixin.py:149} INFO - [2023-06-21T01:25:07.029+0100] {dagbag.py:541} INFO - Filling up the DagBag from /home/opeyemi/.local/lib/python3.10/site-packages/airflow/example_dags/example_dag_decorator.py
[2023-06-21T01:25:07.095+0100] {processor.py:836} INFO - DAG(s) dict_keys(['example_dag_decorator']) retrieved from /home/opeyemi/.local/lib/python3.10/site-packages/airflow/example_dags/example_dag_decorator.py
[2023-06-21T01:25:07.388+0100] {logging_mixin.py:149} INFO - [2023-06-21T01:25:07.388+0100] {dag.py:2726} INFO - Sync 1 DAGs
[2023-06-21T01:25:07.415+0100] {logging_mixin.py:149} INFO - [2023-06-21T01:25:07.414+0100] {dag.py:3486} INFO - Setting next_dagrun for example_dag_decorator to None, run_after=None
[2023-06-21T01:25:07.673+0100] {processor.py:179} INFO - Processing /home/opeyemi/.local/lib/python3.10/site-packages/airflow/example_dags/example_dag_decorator.py took 1.050 seconds
[2023-06-21T01:26:22.148+0100] {processor.py:157} INFO - Started process (PID=21683) to work on /home/opeyemi/.local/lib/python3.10/site-packages/airflow/example_dags/example_dag_decorator.py
[2023-06-21T01:26:22.450+0100] {processor.py:826} INFO - Processing file /home/opeyemi/.local/lib/python3.10/site-packages/airflow/example_dags/example_dag_decorator.py for tasks to queue
[2023-06-21T01:26:22.454+0100] {logging_mixin.py:149} INFO - [2023-06-21T01:26:22.453+0100] {dagbag.py:541} INFO - Filling up the DagBag from /home/opeyemi/.local/lib/python3.10/site-packages/airflow/example_dags/example_dag_decorator.py
[2023-06-21T01:26:22.633+0100] {processor.py:836} INFO - DAG(s) dict_keys(['example_dag_decorator']) retrieved from /home/opeyemi/.local/lib/python3.10/site-packages/airflow/example_dags/example_dag_decorator.py
[2023-06-21T01:26:22.856+0100] {logging_mixin.py:149} INFO - [2023-06-21T01:26:22.856+0100] {dag.py:2726} INFO - Sync 1 DAGs
[2023-06-21T01:26:22.876+0100] {logging_mixin.py:149} INFO - [2023-06-21T01:26:22.875+0100] {dag.py:3486} INFO - Setting next_dagrun for example_dag_decorator to None, run_after=None
[2023-06-21T01:26:23.980+0100] {processor.py:179} INFO - Processing /home/opeyemi/.local/lib/python3.10/site-packages/airflow/example_dags/example_dag_decorator.py took 1.840 seconds
[2023-06-21T01:28:19.351+0100] {processor.py:157} INFO - Started process (PID=21797) to work on /home/opeyemi/.local/lib/python3.10/site-packages/airflow/example_dags/example_dag_decorator.py
[2023-06-21T01:28:19.372+0100] {processor.py:826} INFO - Processing file /home/opeyemi/.local/lib/python3.10/site-packages/airflow/example_dags/example_dag_decorator.py for tasks to queue
[2023-06-21T01:28:19.375+0100] {logging_mixin.py:149} INFO - [2023-06-21T01:28:19.374+0100] {dagbag.py:541} INFO - Filling up the DagBag from /home/opeyemi/.local/lib/python3.10/site-packages/airflow/example_dags/example_dag_decorator.py
[2023-06-21T01:28:19.413+0100] {processor.py:836} INFO - DAG(s) dict_keys(['example_dag_decorator']) retrieved from /home/opeyemi/.local/lib/python3.10/site-packages/airflow/example_dags/example_dag_decorator.py
[2023-06-21T01:28:19.618+0100] {logging_mixin.py:149} INFO - [2023-06-21T01:28:19.618+0100] {dag.py:2726} INFO - Sync 1 DAGs
[2023-06-21T01:28:19.636+0100] {logging_mixin.py:149} INFO - [2023-06-21T01:28:19.636+0100] {dag.py:3486} INFO - Setting next_dagrun for example_dag_decorator to None, run_after=None
[2023-06-21T01:28:19.798+0100] {processor.py:179} INFO - Processing /home/opeyemi/.local/lib/python3.10/site-packages/airflow/example_dags/example_dag_decorator.py took 0.457 seconds
[2023-06-21T01:29:27.626+0100] {processor.py:157} INFO - Started process (PID=21855) to work on /home/opeyemi/.local/lib/python3.10/site-packages/airflow/example_dags/example_dag_decorator.py
[2023-06-21T01:29:27.636+0100] {processor.py:826} INFO - Processing file /home/opeyemi/.local/lib/python3.10/site-packages/airflow/example_dags/example_dag_decorator.py for tasks to queue
[2023-06-21T01:29:27.637+0100] {logging_mixin.py:149} INFO - [2023-06-21T01:29:27.637+0100] {dagbag.py:541} INFO - Filling up the DagBag from /home/opeyemi/.local/lib/python3.10/site-packages/airflow/example_dags/example_dag_decorator.py
[2023-06-21T01:29:27.672+0100] {processor.py:836} INFO - DAG(s) dict_keys(['example_dag_decorator']) retrieved from /home/opeyemi/.local/lib/python3.10/site-packages/airflow/example_dags/example_dag_decorator.py
[2023-06-21T01:29:27.862+0100] {logging_mixin.py:149} INFO - [2023-06-21T01:29:27.862+0100] {dag.py:2726} INFO - Sync 1 DAGs
[2023-06-21T01:29:27.880+0100] {logging_mixin.py:149} INFO - [2023-06-21T01:29:27.880+0100] {dag.py:3486} INFO - Setting next_dagrun for example_dag_decorator to None, run_after=None
[2023-06-21T01:29:27.918+0100] {processor.py:179} INFO - Processing /home/opeyemi/.local/lib/python3.10/site-packages/airflow/example_dags/example_dag_decorator.py took 0.299 seconds
[2023-06-21T01:30:22.630+0100] {processor.py:157} INFO - Started process (PID=21906) to work on /home/opeyemi/.local/lib/python3.10/site-packages/airflow/example_dags/example_dag_decorator.py
[2023-06-21T01:30:22.662+0100] {processor.py:826} INFO - Processing file /home/opeyemi/.local/lib/python3.10/site-packages/airflow/example_dags/example_dag_decorator.py for tasks to queue
[2023-06-21T01:30:22.664+0100] {logging_mixin.py:149} INFO - [2023-06-21T01:30:22.663+0100] {dagbag.py:541} INFO - Filling up the DagBag from /home/opeyemi/.local/lib/python3.10/site-packages/airflow/example_dags/example_dag_decorator.py
[2023-06-21T01:30:22.710+0100] {processor.py:836} INFO - DAG(s) dict_keys(['example_dag_decorator']) retrieved from /home/opeyemi/.local/lib/python3.10/site-packages/airflow/example_dags/example_dag_decorator.py
[2023-06-21T01:30:23.073+0100] {logging_mixin.py:149} INFO - [2023-06-21T01:30:23.073+0100] {dag.py:2726} INFO - Sync 1 DAGs
[2023-06-21T01:30:23.094+0100] {logging_mixin.py:149} INFO - [2023-06-21T01:30:23.094+0100] {dag.py:3486} INFO - Setting next_dagrun for example_dag_decorator to None, run_after=None
[2023-06-21T01:30:23.146+0100] {processor.py:179} INFO - Processing /home/opeyemi/.local/lib/python3.10/site-packages/airflow/example_dags/example_dag_decorator.py took 0.528 seconds
[2023-06-21T01:31:22.734+0100] {processor.py:157} INFO - Started process (PID=21953) to work on /home/opeyemi/.local/lib/python3.10/site-packages/airflow/example_dags/example_dag_decorator.py
[2023-06-21T01:31:22.740+0100] {processor.py:826} INFO - Processing file /home/opeyemi/.local/lib/python3.10/site-packages/airflow/example_dags/example_dag_decorator.py for tasks to queue
[2023-06-21T01:31:22.741+0100] {logging_mixin.py:149} INFO - [2023-06-21T01:31:22.741+0100] {dagbag.py:541} INFO - Filling up the DagBag from /home/opeyemi/.local/lib/python3.10/site-packages/airflow/example_dags/example_dag_decorator.py
[2023-06-21T01:31:22.770+0100] {processor.py:836} INFO - DAG(s) dict_keys(['example_dag_decorator']) retrieved from /home/opeyemi/.local/lib/python3.10/site-packages/airflow/example_dags/example_dag_decorator.py
[2023-06-21T01:31:22.983+0100] {logging_mixin.py:149} INFO - [2023-06-21T01:31:22.982+0100] {dag.py:2726} INFO - Sync 1 DAGs
[2023-06-21T01:31:23.017+0100] {logging_mixin.py:149} INFO - [2023-06-21T01:31:23.017+0100] {dag.py:3486} INFO - Setting next_dagrun for example_dag_decorator to None, run_after=None
[2023-06-21T01:31:23.087+0100] {processor.py:179} INFO - Processing /home/opeyemi/.local/lib/python3.10/site-packages/airflow/example_dags/example_dag_decorator.py took 0.359 seconds
[2023-06-21T01:32:25.053+0100] {processor.py:157} INFO - Started process (PID=22007) to work on /home/opeyemi/.local/lib/python3.10/site-packages/airflow/example_dags/example_dag_decorator.py
[2023-06-21T01:32:25.060+0100] {processor.py:826} INFO - Processing file /home/opeyemi/.local/lib/python3.10/site-packages/airflow/example_dags/example_dag_decorator.py for tasks to queue
[2023-06-21T01:32:25.062+0100] {logging_mixin.py:149} INFO - [2023-06-21T01:32:25.062+0100] {dagbag.py:541} INFO - Filling up the DagBag from /home/opeyemi/.local/lib/python3.10/site-packages/airflow/example_dags/example_dag_decorator.py
[2023-06-21T01:32:25.108+0100] {processor.py:836} INFO - DAG(s) dict_keys(['example_dag_decorator']) retrieved from /home/opeyemi/.local/lib/python3.10/site-packages/airflow/example_dags/example_dag_decorator.py
[2023-06-21T01:32:25.255+0100] {logging_mixin.py:149} INFO - [2023-06-21T01:32:25.255+0100] {dag.py:2726} INFO - Sync 1 DAGs
[2023-06-21T01:32:25.272+0100] {logging_mixin.py:149} INFO - [2023-06-21T01:32:25.272+0100] {dag.py:3486} INFO - Setting next_dagrun for example_dag_decorator to None, run_after=None
[2023-06-21T01:32:25.314+0100] {processor.py:179} INFO - Processing /home/opeyemi/.local/lib/python3.10/site-packages/airflow/example_dags/example_dag_decorator.py took 0.272 seconds
[2023-06-21T01:33:21.766+0100] {processor.py:157} INFO - Started process (PID=22071) to work on /home/opeyemi/.local/lib/python3.10/site-packages/airflow/example_dags/example_dag_decorator.py
[2023-06-21T01:33:21.776+0100] {processor.py:826} INFO - Processing file /home/opeyemi/.local/lib/python3.10/site-packages/airflow/example_dags/example_dag_decorator.py for tasks to queue
[2023-06-21T01:33:21.778+0100] {logging_mixin.py:149} INFO - [2023-06-21T01:33:21.777+0100] {dagbag.py:541} INFO - Filling up the DagBag from /home/opeyemi/.local/lib/python3.10/site-packages/airflow/example_dags/example_dag_decorator.py
[2023-06-21T01:33:21.823+0100] {processor.py:836} INFO - DAG(s) dict_keys(['example_dag_decorator']) retrieved from /home/opeyemi/.local/lib/python3.10/site-packages/airflow/example_dags/example_dag_decorator.py
[2023-06-21T01:33:22.089+0100] {logging_mixin.py:149} INFO - [2023-06-21T01:33:22.089+0100] {dag.py:2726} INFO - Sync 1 DAGs
[2023-06-21T01:33:22.121+0100] {logging_mixin.py:149} INFO - [2023-06-21T01:33:22.120+0100] {dag.py:3486} INFO - Setting next_dagrun for example_dag_decorator to None, run_after=None
[2023-06-21T01:33:22.178+0100] {processor.py:179} INFO - Processing /home/opeyemi/.local/lib/python3.10/site-packages/airflow/example_dags/example_dag_decorator.py took 0.422 seconds
[2023-06-21T01:34:15.551+0100] {processor.py:157} INFO - Started process (PID=22262) to work on /home/opeyemi/.local/lib/python3.10/site-packages/airflow/example_dags/example_dag_decorator.py
[2023-06-21T01:34:15.562+0100] {processor.py:826} INFO - Processing file /home/opeyemi/.local/lib/python3.10/site-packages/airflow/example_dags/example_dag_decorator.py for tasks to queue
[2023-06-21T01:34:15.564+0100] {logging_mixin.py:149} INFO - [2023-06-21T01:34:15.564+0100] {dagbag.py:541} INFO - Filling up the DagBag from /home/opeyemi/.local/lib/python3.10/site-packages/airflow/example_dags/example_dag_decorator.py
[2023-06-21T01:34:15.608+0100] {processor.py:836} INFO - DAG(s) dict_keys(['example_dag_decorator']) retrieved from /home/opeyemi/.local/lib/python3.10/site-packages/airflow/example_dags/example_dag_decorator.py
[2023-06-21T01:34:15.836+0100] {logging_mixin.py:149} INFO - [2023-06-21T01:34:15.836+0100] {dag.py:2726} INFO - Sync 1 DAGs
[2023-06-21T01:34:15.853+0100] {logging_mixin.py:149} INFO - [2023-06-21T01:34:15.853+0100] {dag.py:3486} INFO - Setting next_dagrun for example_dag_decorator to None, run_after=None
[2023-06-21T01:34:15.913+0100] {processor.py:179} INFO - Processing /home/opeyemi/.local/lib/python3.10/site-packages/airflow/example_dags/example_dag_decorator.py took 0.373 seconds
[2023-06-21T01:35:08.590+0100] {processor.py:157} INFO - Started process (PID=22463) to work on /home/opeyemi/.local/lib/python3.10/site-packages/airflow/example_dags/example_dag_decorator.py
[2023-06-21T01:35:08.594+0100] {processor.py:826} INFO - Processing file /home/opeyemi/.local/lib/python3.10/site-packages/airflow/example_dags/example_dag_decorator.py for tasks to queue
[2023-06-21T01:35:08.596+0100] {logging_mixin.py:149} INFO - [2023-06-21T01:35:08.595+0100] {dagbag.py:541} INFO - Filling up the DagBag from /home/opeyemi/.local/lib/python3.10/site-packages/airflow/example_dags/example_dag_decorator.py
[2023-06-21T01:35:08.637+0100] {processor.py:836} INFO - DAG(s) dict_keys(['example_dag_decorator']) retrieved from /home/opeyemi/.local/lib/python3.10/site-packages/airflow/example_dags/example_dag_decorator.py
[2023-06-21T01:35:08.847+0100] {logging_mixin.py:149} INFO - [2023-06-21T01:35:08.846+0100] {dag.py:2726} INFO - Sync 1 DAGs
[2023-06-21T01:35:08.875+0100] {logging_mixin.py:149} INFO - [2023-06-21T01:35:08.874+0100] {dag.py:3486} INFO - Setting next_dagrun for example_dag_decorator to None, run_after=None
[2023-06-21T01:35:08.916+0100] {processor.py:179} INFO - Processing /home/opeyemi/.local/lib/python3.10/site-packages/airflow/example_dags/example_dag_decorator.py took 0.334 seconds
[2023-06-21T01:36:02.075+0100] {processor.py:157} INFO - Started process (PID=22697) to work on /home/opeyemi/.local/lib/python3.10/site-packages/airflow/example_dags/example_dag_decorator.py
[2023-06-21T01:36:02.078+0100] {processor.py:826} INFO - Processing file /home/opeyemi/.local/lib/python3.10/site-packages/airflow/example_dags/example_dag_decorator.py for tasks to queue
[2023-06-21T01:36:02.080+0100] {logging_mixin.py:149} INFO - [2023-06-21T01:36:02.080+0100] {dagbag.py:541} INFO - Filling up the DagBag from /home/opeyemi/.local/lib/python3.10/site-packages/airflow/example_dags/example_dag_decorator.py
[2023-06-21T01:36:02.107+0100] {processor.py:836} INFO - DAG(s) dict_keys(['example_dag_decorator']) retrieved from /home/opeyemi/.local/lib/python3.10/site-packages/airflow/example_dags/example_dag_decorator.py
[2023-06-21T01:36:02.318+0100] {logging_mixin.py:149} INFO - [2023-06-21T01:36:02.318+0100] {dag.py:2726} INFO - Sync 1 DAGs
[2023-06-21T01:36:02.362+0100] {logging_mixin.py:149} INFO - [2023-06-21T01:36:02.361+0100] {dag.py:3486} INFO - Setting next_dagrun for example_dag_decorator to None, run_after=None
[2023-06-21T01:36:02.417+0100] {processor.py:179} INFO - Processing /home/opeyemi/.local/lib/python3.10/site-packages/airflow/example_dags/example_dag_decorator.py took 0.353 seconds
[2023-06-21T01:36:57.348+0100] {processor.py:157} INFO - Started process (PID=22773) to work on /home/opeyemi/.local/lib/python3.10/site-packages/airflow/example_dags/example_dag_decorator.py
[2023-06-21T01:36:57.351+0100] {processor.py:826} INFO - Processing file /home/opeyemi/.local/lib/python3.10/site-packages/airflow/example_dags/example_dag_decorator.py for tasks to queue
[2023-06-21T01:36:57.352+0100] {logging_mixin.py:149} INFO - [2023-06-21T01:36:57.352+0100] {dagbag.py:541} INFO - Filling up the DagBag from /home/opeyemi/.local/lib/python3.10/site-packages/airflow/example_dags/example_dag_decorator.py
[2023-06-21T01:36:57.395+0100] {processor.py:836} INFO - DAG(s) dict_keys(['example_dag_decorator']) retrieved from /home/opeyemi/.local/lib/python3.10/site-packages/airflow/example_dags/example_dag_decorator.py
[2023-06-21T01:36:57.712+0100] {logging_mixin.py:149} INFO - [2023-06-21T01:36:57.712+0100] {dag.py:2726} INFO - Sync 1 DAGs
[2023-06-21T01:36:57.817+0100] {logging_mixin.py:149} INFO - [2023-06-21T01:36:57.817+0100] {dag.py:3486} INFO - Setting next_dagrun for example_dag_decorator to None, run_after=None
[2023-06-21T01:36:57.914+0100] {processor.py:179} INFO - Processing /home/opeyemi/.local/lib/python3.10/site-packages/airflow/example_dags/example_dag_decorator.py took 0.575 seconds
[2023-06-21T01:37:54.985+0100] {processor.py:157} INFO - Started process (PID=23089) to work on /home/opeyemi/.local/lib/python3.10/site-packages/airflow/example_dags/example_dag_decorator.py
[2023-06-21T01:37:54.988+0100] {processor.py:826} INFO - Processing file /home/opeyemi/.local/lib/python3.10/site-packages/airflow/example_dags/example_dag_decorator.py for tasks to queue
[2023-06-21T01:37:54.990+0100] {logging_mixin.py:149} INFO - [2023-06-21T01:37:54.989+0100] {dagbag.py:541} INFO - Filling up the DagBag from /home/opeyemi/.local/lib/python3.10/site-packages/airflow/example_dags/example_dag_decorator.py
[2023-06-21T01:37:55.031+0100] {processor.py:836} INFO - DAG(s) dict_keys(['example_dag_decorator']) retrieved from /home/opeyemi/.local/lib/python3.10/site-packages/airflow/example_dags/example_dag_decorator.py
[2023-06-21T01:37:55.271+0100] {logging_mixin.py:149} INFO - [2023-06-21T01:37:55.271+0100] {dag.py:2726} INFO - Sync 1 DAGs
[2023-06-21T01:37:55.290+0100] {logging_mixin.py:149} INFO - [2023-06-21T01:37:55.289+0100] {dag.py:3486} INFO - Setting next_dagrun for example_dag_decorator to None, run_after=None
[2023-06-21T01:37:55.335+0100] {processor.py:179} INFO - Processing /home/opeyemi/.local/lib/python3.10/site-packages/airflow/example_dags/example_dag_decorator.py took 0.357 seconds
[2023-06-21T01:38:50.093+0100] {processor.py:157} INFO - Started process (PID=23280) to work on /home/opeyemi/.local/lib/python3.10/site-packages/airflow/example_dags/example_dag_decorator.py
[2023-06-21T01:38:50.097+0100] {processor.py:826} INFO - Processing file /home/opeyemi/.local/lib/python3.10/site-packages/airflow/example_dags/example_dag_decorator.py for tasks to queue
[2023-06-21T01:38:50.100+0100] {logging_mixin.py:149} INFO - [2023-06-21T01:38:50.099+0100] {dagbag.py:541} INFO - Filling up the DagBag from /home/opeyemi/.local/lib/python3.10/site-packages/airflow/example_dags/example_dag_decorator.py
[2023-06-21T01:38:50.149+0100] {processor.py:836} INFO - DAG(s) dict_keys(['example_dag_decorator']) retrieved from /home/opeyemi/.local/lib/python3.10/site-packages/airflow/example_dags/example_dag_decorator.py
[2023-06-21T01:38:50.407+0100] {logging_mixin.py:149} INFO - [2023-06-21T01:38:50.406+0100] {dag.py:2726} INFO - Sync 1 DAGs
[2023-06-21T01:38:50.426+0100] {logging_mixin.py:149} INFO - [2023-06-21T01:38:50.426+0100] {dag.py:3486} INFO - Setting next_dagrun for example_dag_decorator to None, run_after=None
[2023-06-21T01:38:50.461+0100] {processor.py:179} INFO - Processing /home/opeyemi/.local/lib/python3.10/site-packages/airflow/example_dags/example_dag_decorator.py took 0.379 seconds
[2023-06-21T01:39:44.780+0100] {processor.py:157} INFO - Started process (PID=23327) to work on /home/opeyemi/.local/lib/python3.10/site-packages/airflow/example_dags/example_dag_decorator.py
[2023-06-21T01:39:44.784+0100] {processor.py:826} INFO - Processing file /home/opeyemi/.local/lib/python3.10/site-packages/airflow/example_dags/example_dag_decorator.py for tasks to queue
[2023-06-21T01:39:44.787+0100] {logging_mixin.py:149} INFO - [2023-06-21T01:39:44.786+0100] {dagbag.py:541} INFO - Filling up the DagBag from /home/opeyemi/.local/lib/python3.10/site-packages/airflow/example_dags/example_dag_decorator.py
[2023-06-21T01:39:44.834+0100] {processor.py:836} INFO - DAG(s) dict_keys(['example_dag_decorator']) retrieved from /home/opeyemi/.local/lib/python3.10/site-packages/airflow/example_dags/example_dag_decorator.py
[2023-06-21T01:39:44.973+0100] {logging_mixin.py:149} INFO - [2023-06-21T01:39:44.973+0100] {dag.py:2726} INFO - Sync 1 DAGs
[2023-06-21T01:39:44.991+0100] {logging_mixin.py:149} INFO - [2023-06-21T01:39:44.991+0100] {dag.py:3486} INFO - Setting next_dagrun for example_dag_decorator to None, run_after=None
[2023-06-21T01:39:45.044+0100] {processor.py:179} INFO - Processing /home/opeyemi/.local/lib/python3.10/site-packages/airflow/example_dags/example_dag_decorator.py took 0.277 seconds
[2023-06-21T01:40:39.142+0100] {processor.py:157} INFO - Started process (PID=23389) to work on /home/opeyemi/.local/lib/python3.10/site-packages/airflow/example_dags/example_dag_decorator.py
[2023-06-21T01:40:39.148+0100] {processor.py:826} INFO - Processing file /home/opeyemi/.local/lib/python3.10/site-packages/airflow/example_dags/example_dag_decorator.py for tasks to queue
[2023-06-21T01:40:39.150+0100] {logging_mixin.py:149} INFO - [2023-06-21T01:40:39.149+0100] {dagbag.py:541} INFO - Filling up the DagBag from /home/opeyemi/.local/lib/python3.10/site-packages/airflow/example_dags/example_dag_decorator.py
[2023-06-21T01:40:39.186+0100] {processor.py:836} INFO - DAG(s) dict_keys(['example_dag_decorator']) retrieved from /home/opeyemi/.local/lib/python3.10/site-packages/airflow/example_dags/example_dag_decorator.py
[2023-06-21T01:40:39.517+0100] {logging_mixin.py:149} INFO - [2023-06-21T01:40:39.517+0100] {dag.py:2726} INFO - Sync 1 DAGs
[2023-06-21T01:40:39.547+0100] {logging_mixin.py:149} INFO - [2023-06-21T01:40:39.546+0100] {dag.py:3486} INFO - Setting next_dagrun for example_dag_decorator to None, run_after=None
[2023-06-21T01:40:39.591+0100] {processor.py:179} INFO - Processing /home/opeyemi/.local/lib/python3.10/site-packages/airflow/example_dags/example_dag_decorator.py took 0.465 seconds
