[2023-06-21T01:00:51.751+0100] {processor.py:157} INFO - Started process (PID=20551) to work on /home/opeyemi/.local/lib/python3.10/site-packages/airflow/example_dags/example_kubernetes_executor.py
[2023-06-21T01:00:51.754+0100] {processor.py:826} INFO - Processing file /home/opeyemi/.local/lib/python3.10/site-packages/airflow/example_dags/example_kubernetes_executor.py for tasks to queue
[2023-06-21T01:00:51.756+0100] {logging_mixin.py:149} INFO - [2023-06-21T01:00:51.755+0100] {dagbag.py:541} INFO - Filling up the DagBag from /home/opeyemi/.local/lib/python3.10/site-packages/airflow/example_dags/example_kubernetes_executor.py
[2023-06-21T01:00:51.764+0100] {logging_mixin.py:149} INFO - [2023-06-21T01:00:51.764+0100] {example_kubernetes_executor.py:41} WARNING - The example_kubernetes_executor example DAG requires the kubernetes provider. Please install it with: pip install apache-airflow[cncf.kubernetes]
[2023-06-21T01:00:51.765+0100] {processor.py:838} WARNING - No viable dags retrieved from /home/opeyemi/.local/lib/python3.10/site-packages/airflow/example_dags/example_kubernetes_executor.py
[2023-06-21T01:00:51.800+0100] {processor.py:179} INFO - Processing /home/opeyemi/.local/lib/python3.10/site-packages/airflow/example_dags/example_kubernetes_executor.py took 0.067 seconds
[2023-06-21T01:01:58.120+0100] {processor.py:157} INFO - Started process (PID=20591) to work on /home/opeyemi/.local/lib/python3.10/site-packages/airflow/example_dags/example_kubernetes_executor.py
[2023-06-21T01:01:58.260+0100] {processor.py:826} INFO - Processing file /home/opeyemi/.local/lib/python3.10/site-packages/airflow/example_dags/example_kubernetes_executor.py for tasks to queue
[2023-06-21T01:01:58.261+0100] {logging_mixin.py:149} INFO - [2023-06-21T01:01:58.261+0100] {dagbag.py:541} INFO - Filling up the DagBag from /home/opeyemi/.local/lib/python3.10/site-packages/airflow/example_dags/example_kubernetes_executor.py
[2023-06-21T01:01:58.267+0100] {logging_mixin.py:149} INFO - [2023-06-21T01:01:58.266+0100] {example_kubernetes_executor.py:41} WARNING - The example_kubernetes_executor example DAG requires the kubernetes provider. Please install it with: pip install apache-airflow[cncf.kubernetes]
[2023-06-21T01:01:58.267+0100] {processor.py:838} WARNING - No viable dags retrieved from /home/opeyemi/.local/lib/python3.10/site-packages/airflow/example_dags/example_kubernetes_executor.py
[2023-06-21T01:01:58.283+0100] {processor.py:179} INFO - Processing /home/opeyemi/.local/lib/python3.10/site-packages/airflow/example_dags/example_kubernetes_executor.py took 0.187 seconds
[2023-06-21T01:03:19.545+0100] {processor.py:157} INFO - Started process (PID=20634) to work on /home/opeyemi/.local/lib/python3.10/site-packages/airflow/example_dags/example_kubernetes_executor.py
[2023-06-21T01:03:19.659+0100] {processor.py:826} INFO - Processing file /home/opeyemi/.local/lib/python3.10/site-packages/airflow/example_dags/example_kubernetes_executor.py for tasks to queue
[2023-06-21T01:03:19.660+0100] {logging_mixin.py:149} INFO - [2023-06-21T01:03:19.660+0100] {dagbag.py:541} INFO - Filling up the DagBag from /home/opeyemi/.local/lib/python3.10/site-packages/airflow/example_dags/example_kubernetes_executor.py
[2023-06-21T01:03:19.668+0100] {logging_mixin.py:149} INFO - [2023-06-21T01:03:19.668+0100] {example_kubernetes_executor.py:41} WARNING - The example_kubernetes_executor example DAG requires the kubernetes provider. Please install it with: pip install apache-airflow[cncf.kubernetes]
[2023-06-21T01:03:19.669+0100] {processor.py:838} WARNING - No viable dags retrieved from /home/opeyemi/.local/lib/python3.10/site-packages/airflow/example_dags/example_kubernetes_executor.py
[2023-06-21T01:03:19.717+0100] {processor.py:179} INFO - Processing /home/opeyemi/.local/lib/python3.10/site-packages/airflow/example_dags/example_kubernetes_executor.py took 0.184 seconds
[2023-06-21T01:04:21.366+0100] {processor.py:157} INFO - Started process (PID=20671) to work on /home/opeyemi/.local/lib/python3.10/site-packages/airflow/example_dags/example_kubernetes_executor.py
[2023-06-21T01:04:21.384+0100] {processor.py:826} INFO - Processing file /home/opeyemi/.local/lib/python3.10/site-packages/airflow/example_dags/example_kubernetes_executor.py for tasks to queue
[2023-06-21T01:04:21.386+0100] {logging_mixin.py:149} INFO - [2023-06-21T01:04:21.385+0100] {dagbag.py:541} INFO - Filling up the DagBag from /home/opeyemi/.local/lib/python3.10/site-packages/airflow/example_dags/example_kubernetes_executor.py
[2023-06-21T01:04:21.392+0100] {logging_mixin.py:149} INFO - [2023-06-21T01:04:21.391+0100] {example_kubernetes_executor.py:41} WARNING - The example_kubernetes_executor example DAG requires the kubernetes provider. Please install it with: pip install apache-airflow[cncf.kubernetes]
[2023-06-21T01:04:21.392+0100] {processor.py:838} WARNING - No viable dags retrieved from /home/opeyemi/.local/lib/python3.10/site-packages/airflow/example_dags/example_kubernetes_executor.py
[2023-06-21T01:04:21.437+0100] {processor.py:179} INFO - Processing /home/opeyemi/.local/lib/python3.10/site-packages/airflow/example_dags/example_kubernetes_executor.py took 0.075 seconds
[2023-06-21T01:06:01.026+0100] {processor.py:157} INFO - Started process (PID=20707) to work on /home/opeyemi/.local/lib/python3.10/site-packages/airflow/example_dags/example_kubernetes_executor.py
[2023-06-21T01:06:01.085+0100] {processor.py:826} INFO - Processing file /home/opeyemi/.local/lib/python3.10/site-packages/airflow/example_dags/example_kubernetes_executor.py for tasks to queue
[2023-06-21T01:06:01.088+0100] {logging_mixin.py:149} INFO - [2023-06-21T01:06:01.087+0100] {dagbag.py:541} INFO - Filling up the DagBag from /home/opeyemi/.local/lib/python3.10/site-packages/airflow/example_dags/example_kubernetes_executor.py
[2023-06-21T01:06:01.103+0100] {logging_mixin.py:149} INFO - [2023-06-21T01:06:01.102+0100] {example_kubernetes_executor.py:41} WARNING - The example_kubernetes_executor example DAG requires the kubernetes provider. Please install it with: pip install apache-airflow[cncf.kubernetes]
[2023-06-21T01:06:01.104+0100] {processor.py:838} WARNING - No viable dags retrieved from /home/opeyemi/.local/lib/python3.10/site-packages/airflow/example_dags/example_kubernetes_executor.py
[2023-06-21T01:06:01.169+0100] {processor.py:179} INFO - Processing /home/opeyemi/.local/lib/python3.10/site-packages/airflow/example_dags/example_kubernetes_executor.py took 0.147 seconds
[2023-06-21T01:08:10.437+0100] {processor.py:157} INFO - Started process (PID=20775) to work on /home/opeyemi/.local/lib/python3.10/site-packages/airflow/example_dags/example_kubernetes_executor.py
[2023-06-21T01:08:10.447+0100] {processor.py:826} INFO - Processing file /home/opeyemi/.local/lib/python3.10/site-packages/airflow/example_dags/example_kubernetes_executor.py for tasks to queue
[2023-06-21T01:08:10.452+0100] {logging_mixin.py:149} INFO - [2023-06-21T01:08:10.451+0100] {dagbag.py:541} INFO - Filling up the DagBag from /home/opeyemi/.local/lib/python3.10/site-packages/airflow/example_dags/example_kubernetes_executor.py
[2023-06-21T01:08:10.475+0100] {logging_mixin.py:149} INFO - [2023-06-21T01:08:10.474+0100] {example_kubernetes_executor.py:41} WARNING - The example_kubernetes_executor example DAG requires the kubernetes provider. Please install it with: pip install apache-airflow[cncf.kubernetes]
[2023-06-21T01:08:10.477+0100] {processor.py:838} WARNING - No viable dags retrieved from /home/opeyemi/.local/lib/python3.10/site-packages/airflow/example_dags/example_kubernetes_executor.py
[2023-06-21T01:08:10.509+0100] {processor.py:179} INFO - Processing /home/opeyemi/.local/lib/python3.10/site-packages/airflow/example_dags/example_kubernetes_executor.py took 0.090 seconds
[2023-06-21T01:10:00.805+0100] {processor.py:157} INFO - Started process (PID=20854) to work on /home/opeyemi/.local/lib/python3.10/site-packages/airflow/example_dags/example_kubernetes_executor.py
[2023-06-21T01:10:00.864+0100] {processor.py:826} INFO - Processing file /home/opeyemi/.local/lib/python3.10/site-packages/airflow/example_dags/example_kubernetes_executor.py for tasks to queue
[2023-06-21T01:10:00.866+0100] {logging_mixin.py:149} INFO - [2023-06-21T01:10:00.865+0100] {dagbag.py:541} INFO - Filling up the DagBag from /home/opeyemi/.local/lib/python3.10/site-packages/airflow/example_dags/example_kubernetes_executor.py
[2023-06-21T01:10:00.875+0100] {logging_mixin.py:149} INFO - [2023-06-21T01:10:00.875+0100] {example_kubernetes_executor.py:41} WARNING - The example_kubernetes_executor example DAG requires the kubernetes provider. Please install it with: pip install apache-airflow[cncf.kubernetes]
[2023-06-21T01:10:00.875+0100] {processor.py:838} WARNING - No viable dags retrieved from /home/opeyemi/.local/lib/python3.10/site-packages/airflow/example_dags/example_kubernetes_executor.py
[2023-06-21T01:10:00.890+0100] {processor.py:179} INFO - Processing /home/opeyemi/.local/lib/python3.10/site-packages/airflow/example_dags/example_kubernetes_executor.py took 0.094 seconds
[2023-06-21T01:11:48.070+0100] {processor.py:157} INFO - Started process (PID=20921) to work on /home/opeyemi/.local/lib/python3.10/site-packages/airflow/example_dags/example_kubernetes_executor.py
[2023-06-21T01:11:48.077+0100] {processor.py:826} INFO - Processing file /home/opeyemi/.local/lib/python3.10/site-packages/airflow/example_dags/example_kubernetes_executor.py for tasks to queue
[2023-06-21T01:11:48.079+0100] {logging_mixin.py:149} INFO - [2023-06-21T01:11:48.078+0100] {dagbag.py:541} INFO - Filling up the DagBag from /home/opeyemi/.local/lib/python3.10/site-packages/airflow/example_dags/example_kubernetes_executor.py
[2023-06-21T01:11:48.089+0100] {logging_mixin.py:149} INFO - [2023-06-21T01:11:48.089+0100] {example_kubernetes_executor.py:41} WARNING - The example_kubernetes_executor example DAG requires the kubernetes provider. Please install it with: pip install apache-airflow[cncf.kubernetes]
[2023-06-21T01:11:48.091+0100] {processor.py:838} WARNING - No viable dags retrieved from /home/opeyemi/.local/lib/python3.10/site-packages/airflow/example_dags/example_kubernetes_executor.py
[2023-06-21T01:11:48.126+0100] {processor.py:179} INFO - Processing /home/opeyemi/.local/lib/python3.10/site-packages/airflow/example_dags/example_kubernetes_executor.py took 0.066 seconds
[2023-06-21T01:13:22.211+0100] {processor.py:157} INFO - Started process (PID=20981) to work on /home/opeyemi/.local/lib/python3.10/site-packages/airflow/example_dags/example_kubernetes_executor.py
[2023-06-21T01:13:22.252+0100] {processor.py:826} INFO - Processing file /home/opeyemi/.local/lib/python3.10/site-packages/airflow/example_dags/example_kubernetes_executor.py for tasks to queue
[2023-06-21T01:13:22.253+0100] {logging_mixin.py:149} INFO - [2023-06-21T01:13:22.253+0100] {dagbag.py:541} INFO - Filling up the DagBag from /home/opeyemi/.local/lib/python3.10/site-packages/airflow/example_dags/example_kubernetes_executor.py
[2023-06-21T01:13:22.257+0100] {logging_mixin.py:149} INFO - [2023-06-21T01:13:22.256+0100] {example_kubernetes_executor.py:41} WARNING - The example_kubernetes_executor example DAG requires the kubernetes provider. Please install it with: pip install apache-airflow[cncf.kubernetes]
[2023-06-21T01:13:22.257+0100] {processor.py:838} WARNING - No viable dags retrieved from /home/opeyemi/.local/lib/python3.10/site-packages/airflow/example_dags/example_kubernetes_executor.py
[2023-06-21T01:13:22.279+0100] {processor.py:179} INFO - Processing /home/opeyemi/.local/lib/python3.10/site-packages/airflow/example_dags/example_kubernetes_executor.py took 0.081 seconds
[2023-06-21T01:15:38.049+0100] {processor.py:157} INFO - Started process (PID=21049) to work on /home/opeyemi/.local/lib/python3.10/site-packages/airflow/example_dags/example_kubernetes_executor.py
[2023-06-21T01:15:38.147+0100] {processor.py:826} INFO - Processing file /home/opeyemi/.local/lib/python3.10/site-packages/airflow/example_dags/example_kubernetes_executor.py for tasks to queue
[2023-06-21T01:15:38.150+0100] {logging_mixin.py:149} INFO - [2023-06-21T01:15:38.149+0100] {dagbag.py:541} INFO - Filling up the DagBag from /home/opeyemi/.local/lib/python3.10/site-packages/airflow/example_dags/example_kubernetes_executor.py
[2023-06-21T01:15:38.163+0100] {logging_mixin.py:149} INFO - [2023-06-21T01:15:38.161+0100] {example_kubernetes_executor.py:41} WARNING - The example_kubernetes_executor example DAG requires the kubernetes provider. Please install it with: pip install apache-airflow[cncf.kubernetes]
[2023-06-21T01:15:38.164+0100] {processor.py:838} WARNING - No viable dags retrieved from /home/opeyemi/.local/lib/python3.10/site-packages/airflow/example_dags/example_kubernetes_executor.py
[2023-06-21T01:15:38.209+0100] {processor.py:179} INFO - Processing /home/opeyemi/.local/lib/python3.10/site-packages/airflow/example_dags/example_kubernetes_executor.py took 0.172 seconds
[2023-06-21T01:17:11.857+0100] {processor.py:157} INFO - Started process (PID=21092) to work on /home/opeyemi/.local/lib/python3.10/site-packages/airflow/example_dags/example_kubernetes_executor.py
[2023-06-21T01:17:11.860+0100] {processor.py:826} INFO - Processing file /home/opeyemi/.local/lib/python3.10/site-packages/airflow/example_dags/example_kubernetes_executor.py for tasks to queue
[2023-06-21T01:17:11.861+0100] {logging_mixin.py:149} INFO - [2023-06-21T01:17:11.861+0100] {dagbag.py:541} INFO - Filling up the DagBag from /home/opeyemi/.local/lib/python3.10/site-packages/airflow/example_dags/example_kubernetes_executor.py
[2023-06-21T01:17:11.867+0100] {logging_mixin.py:149} INFO - [2023-06-21T01:17:11.867+0100] {example_kubernetes_executor.py:41} WARNING - The example_kubernetes_executor example DAG requires the kubernetes provider. Please install it with: pip install apache-airflow[cncf.kubernetes]
[2023-06-21T01:17:11.868+0100] {processor.py:838} WARNING - No viable dags retrieved from /home/opeyemi/.local/lib/python3.10/site-packages/airflow/example_dags/example_kubernetes_executor.py
[2023-06-21T01:17:11.896+0100] {processor.py:179} INFO - Processing /home/opeyemi/.local/lib/python3.10/site-packages/airflow/example_dags/example_kubernetes_executor.py took 0.047 seconds
[2023-06-21T01:18:25.185+0100] {processor.py:157} INFO - Started process (PID=21149) to work on /home/opeyemi/.local/lib/python3.10/site-packages/airflow/example_dags/example_kubernetes_executor.py
[2023-06-21T01:18:25.308+0100] {processor.py:826} INFO - Processing file /home/opeyemi/.local/lib/python3.10/site-packages/airflow/example_dags/example_kubernetes_executor.py for tasks to queue
[2023-06-21T01:18:25.309+0100] {logging_mixin.py:149} INFO - [2023-06-21T01:18:25.309+0100] {dagbag.py:541} INFO - Filling up the DagBag from /home/opeyemi/.local/lib/python3.10/site-packages/airflow/example_dags/example_kubernetes_executor.py
[2023-06-21T01:18:25.313+0100] {logging_mixin.py:149} INFO - [2023-06-21T01:18:25.313+0100] {example_kubernetes_executor.py:41} WARNING - The example_kubernetes_executor example DAG requires the kubernetes provider. Please install it with: pip install apache-airflow[cncf.kubernetes]
[2023-06-21T01:18:25.314+0100] {processor.py:838} WARNING - No viable dags retrieved from /home/opeyemi/.local/lib/python3.10/site-packages/airflow/example_dags/example_kubernetes_executor.py
[2023-06-21T01:18:25.360+0100] {processor.py:179} INFO - Processing /home/opeyemi/.local/lib/python3.10/site-packages/airflow/example_dags/example_kubernetes_executor.py took 0.179 seconds
[2023-06-21T01:19:41.166+0100] {processor.py:157} INFO - Started process (PID=21208) to work on /home/opeyemi/.local/lib/python3.10/site-packages/airflow/example_dags/example_kubernetes_executor.py
[2023-06-21T01:19:41.171+0100] {processor.py:826} INFO - Processing file /home/opeyemi/.local/lib/python3.10/site-packages/airflow/example_dags/example_kubernetes_executor.py for tasks to queue
[2023-06-21T01:19:41.172+0100] {logging_mixin.py:149} INFO - [2023-06-21T01:19:41.172+0100] {dagbag.py:541} INFO - Filling up the DagBag from /home/opeyemi/.local/lib/python3.10/site-packages/airflow/example_dags/example_kubernetes_executor.py
[2023-06-21T01:19:41.177+0100] {logging_mixin.py:149} INFO - [2023-06-21T01:19:41.177+0100] {example_kubernetes_executor.py:41} WARNING - The example_kubernetes_executor example DAG requires the kubernetes provider. Please install it with: pip install apache-airflow[cncf.kubernetes]
[2023-06-21T01:19:41.178+0100] {processor.py:838} WARNING - No viable dags retrieved from /home/opeyemi/.local/lib/python3.10/site-packages/airflow/example_dags/example_kubernetes_executor.py
[2023-06-21T01:19:41.195+0100] {processor.py:179} INFO - Processing /home/opeyemi/.local/lib/python3.10/site-packages/airflow/example_dags/example_kubernetes_executor.py took 0.037 seconds
[2023-06-21T01:21:36.569+0100] {processor.py:157} INFO - Started process (PID=21268) to work on /home/opeyemi/.local/lib/python3.10/site-packages/airflow/example_dags/example_kubernetes_executor.py
[2023-06-21T01:21:36.640+0100] {processor.py:826} INFO - Processing file /home/opeyemi/.local/lib/python3.10/site-packages/airflow/example_dags/example_kubernetes_executor.py for tasks to queue
[2023-06-21T01:21:36.643+0100] {logging_mixin.py:149} INFO - [2023-06-21T01:21:36.642+0100] {dagbag.py:541} INFO - Filling up the DagBag from /home/opeyemi/.local/lib/python3.10/site-packages/airflow/example_dags/example_kubernetes_executor.py
[2023-06-21T01:21:36.658+0100] {logging_mixin.py:149} INFO - [2023-06-21T01:21:36.657+0100] {example_kubernetes_executor.py:41} WARNING - The example_kubernetes_executor example DAG requires the kubernetes provider. Please install it with: pip install apache-airflow[cncf.kubernetes]
[2023-06-21T01:21:36.660+0100] {processor.py:838} WARNING - No viable dags retrieved from /home/opeyemi/.local/lib/python3.10/site-packages/airflow/example_dags/example_kubernetes_executor.py
[2023-06-21T01:21:36.734+0100] {processor.py:179} INFO - Processing /home/opeyemi/.local/lib/python3.10/site-packages/airflow/example_dags/example_kubernetes_executor.py took 0.169 seconds
[2023-06-21T01:22:52.782+0100] {processor.py:157} INFO - Started process (PID=21313) to work on /home/opeyemi/.local/lib/python3.10/site-packages/airflow/example_dags/example_kubernetes_executor.py
[2023-06-21T01:22:52.834+0100] {processor.py:826} INFO - Processing file /home/opeyemi/.local/lib/python3.10/site-packages/airflow/example_dags/example_kubernetes_executor.py for tasks to queue
[2023-06-21T01:22:52.835+0100] {logging_mixin.py:149} INFO - [2023-06-21T01:22:52.835+0100] {dagbag.py:541} INFO - Filling up the DagBag from /home/opeyemi/.local/lib/python3.10/site-packages/airflow/example_dags/example_kubernetes_executor.py
[2023-06-21T01:22:52.842+0100] {logging_mixin.py:149} INFO - [2023-06-21T01:22:52.841+0100] {example_kubernetes_executor.py:41} WARNING - The example_kubernetes_executor example DAG requires the kubernetes provider. Please install it with: pip install apache-airflow[cncf.kubernetes]
[2023-06-21T01:22:52.842+0100] {processor.py:838} WARNING - No viable dags retrieved from /home/opeyemi/.local/lib/python3.10/site-packages/airflow/example_dags/example_kubernetes_executor.py
[2023-06-21T01:22:52.892+0100] {processor.py:179} INFO - Processing /home/opeyemi/.local/lib/python3.10/site-packages/airflow/example_dags/example_kubernetes_executor.py took 0.126 seconds
[2023-06-21T01:24:29.171+0100] {processor.py:157} INFO - Started process (PID=21420) to work on /home/opeyemi/.local/lib/python3.10/site-packages/airflow/example_dags/example_kubernetes_executor.py
[2023-06-21T01:24:29.178+0100] {processor.py:826} INFO - Processing file /home/opeyemi/.local/lib/python3.10/site-packages/airflow/example_dags/example_kubernetes_executor.py for tasks to queue
[2023-06-21T01:24:29.179+0100] {logging_mixin.py:149} INFO - [2023-06-21T01:24:29.178+0100] {dagbag.py:541} INFO - Filling up the DagBag from /home/opeyemi/.local/lib/python3.10/site-packages/airflow/example_dags/example_kubernetes_executor.py
[2023-06-21T01:24:29.187+0100] {logging_mixin.py:149} INFO - [2023-06-21T01:24:29.187+0100] {example_kubernetes_executor.py:41} WARNING - The example_kubernetes_executor example DAG requires the kubernetes provider. Please install it with: pip install apache-airflow[cncf.kubernetes]
[2023-06-21T01:24:29.188+0100] {processor.py:838} WARNING - No viable dags retrieved from /home/opeyemi/.local/lib/python3.10/site-packages/airflow/example_dags/example_kubernetes_executor.py
[2023-06-21T01:24:29.237+0100] {processor.py:179} INFO - Processing /home/opeyemi/.local/lib/python3.10/site-packages/airflow/example_dags/example_kubernetes_executor.py took 0.079 seconds
[2023-06-21T01:25:30.943+0100] {processor.py:157} INFO - Started process (PID=21645) to work on /home/opeyemi/.local/lib/python3.10/site-packages/airflow/example_dags/example_kubernetes_executor.py
[2023-06-21T01:25:30.957+0100] {processor.py:826} INFO - Processing file /home/opeyemi/.local/lib/python3.10/site-packages/airflow/example_dags/example_kubernetes_executor.py for tasks to queue
[2023-06-21T01:25:30.959+0100] {logging_mixin.py:149} INFO - [2023-06-21T01:25:30.958+0100] {dagbag.py:541} INFO - Filling up the DagBag from /home/opeyemi/.local/lib/python3.10/site-packages/airflow/example_dags/example_kubernetes_executor.py
[2023-06-21T01:25:30.963+0100] {logging_mixin.py:149} INFO - [2023-06-21T01:25:30.963+0100] {example_kubernetes_executor.py:41} WARNING - The example_kubernetes_executor example DAG requires the kubernetes provider. Please install it with: pip install apache-airflow[cncf.kubernetes]
[2023-06-21T01:25:30.964+0100] {processor.py:838} WARNING - No viable dags retrieved from /home/opeyemi/.local/lib/python3.10/site-packages/airflow/example_dags/example_kubernetes_executor.py
[2023-06-21T01:25:30.983+0100] {processor.py:179} INFO - Processing /home/opeyemi/.local/lib/python3.10/site-packages/airflow/example_dags/example_kubernetes_executor.py took 0.048 seconds
[2023-06-21T01:27:02.605+0100] {processor.py:157} INFO - Started process (PID=21708) to work on /home/opeyemi/.local/lib/python3.10/site-packages/airflow/example_dags/example_kubernetes_executor.py
[2023-06-21T01:27:02.611+0100] {processor.py:826} INFO - Processing file /home/opeyemi/.local/lib/python3.10/site-packages/airflow/example_dags/example_kubernetes_executor.py for tasks to queue
[2023-06-21T01:27:02.612+0100] {logging_mixin.py:149} INFO - [2023-06-21T01:27:02.612+0100] {dagbag.py:541} INFO - Filling up the DagBag from /home/opeyemi/.local/lib/python3.10/site-packages/airflow/example_dags/example_kubernetes_executor.py
[2023-06-21T01:27:02.620+0100] {logging_mixin.py:149} INFO - [2023-06-21T01:27:02.620+0100] {example_kubernetes_executor.py:41} WARNING - The example_kubernetes_executor example DAG requires the kubernetes provider. Please install it with: pip install apache-airflow[cncf.kubernetes]
[2023-06-21T01:27:02.621+0100] {processor.py:838} WARNING - No viable dags retrieved from /home/opeyemi/.local/lib/python3.10/site-packages/airflow/example_dags/example_kubernetes_executor.py
[2023-06-21T01:27:02.647+0100] {processor.py:179} INFO - Processing /home/opeyemi/.local/lib/python3.10/site-packages/airflow/example_dags/example_kubernetes_executor.py took 0.047 seconds
[2023-06-21T01:28:02.173+0100] {processor.py:157} INFO - Started process (PID=21777) to work on /home/opeyemi/.local/lib/python3.10/site-packages/airflow/example_dags/example_kubernetes_executor.py
[2023-06-21T01:28:02.178+0100] {processor.py:826} INFO - Processing file /home/opeyemi/.local/lib/python3.10/site-packages/airflow/example_dags/example_kubernetes_executor.py for tasks to queue
[2023-06-21T01:28:02.183+0100] {logging_mixin.py:149} INFO - [2023-06-21T01:28:02.182+0100] {dagbag.py:541} INFO - Filling up the DagBag from /home/opeyemi/.local/lib/python3.10/site-packages/airflow/example_dags/example_kubernetes_executor.py
[2023-06-21T01:28:02.197+0100] {logging_mixin.py:149} INFO - [2023-06-21T01:28:02.197+0100] {example_kubernetes_executor.py:41} WARNING - The example_kubernetes_executor example DAG requires the kubernetes provider. Please install it with: pip install apache-airflow[cncf.kubernetes]
[2023-06-21T01:28:02.198+0100] {processor.py:838} WARNING - No viable dags retrieved from /home/opeyemi/.local/lib/python3.10/site-packages/airflow/example_dags/example_kubernetes_executor.py
[2023-06-21T01:28:02.254+0100] {processor.py:179} INFO - Processing /home/opeyemi/.local/lib/python3.10/site-packages/airflow/example_dags/example_kubernetes_executor.py took 0.097 seconds
[2023-06-21T01:29:15.707+0100] {processor.py:157} INFO - Started process (PID=21846) to work on /home/opeyemi/.local/lib/python3.10/site-packages/airflow/example_dags/example_kubernetes_executor.py
[2023-06-21T01:29:15.730+0100] {processor.py:826} INFO - Processing file /home/opeyemi/.local/lib/python3.10/site-packages/airflow/example_dags/example_kubernetes_executor.py for tasks to queue
[2023-06-21T01:29:15.732+0100] {logging_mixin.py:149} INFO - [2023-06-21T01:29:15.732+0100] {dagbag.py:541} INFO - Filling up the DagBag from /home/opeyemi/.local/lib/python3.10/site-packages/airflow/example_dags/example_kubernetes_executor.py
[2023-06-21T01:29:15.740+0100] {logging_mixin.py:149} INFO - [2023-06-21T01:29:15.740+0100] {example_kubernetes_executor.py:41} WARNING - The example_kubernetes_executor example DAG requires the kubernetes provider. Please install it with: pip install apache-airflow[cncf.kubernetes]
[2023-06-21T01:29:15.741+0100] {processor.py:838} WARNING - No viable dags retrieved from /home/opeyemi/.local/lib/python3.10/site-packages/airflow/example_dags/example_kubernetes_executor.py
[2023-06-21T01:29:15.772+0100] {processor.py:179} INFO - Processing /home/opeyemi/.local/lib/python3.10/site-packages/airflow/example_dags/example_kubernetes_executor.py took 0.074 seconds
[2023-06-21T01:30:13.203+0100] {processor.py:157} INFO - Started process (PID=21897) to work on /home/opeyemi/.local/lib/python3.10/site-packages/airflow/example_dags/example_kubernetes_executor.py
[2023-06-21T01:30:13.209+0100] {processor.py:826} INFO - Processing file /home/opeyemi/.local/lib/python3.10/site-packages/airflow/example_dags/example_kubernetes_executor.py for tasks to queue
[2023-06-21T01:30:13.211+0100] {logging_mixin.py:149} INFO - [2023-06-21T01:30:13.210+0100] {dagbag.py:541} INFO - Filling up the DagBag from /home/opeyemi/.local/lib/python3.10/site-packages/airflow/example_dags/example_kubernetes_executor.py
[2023-06-21T01:30:13.218+0100] {logging_mixin.py:149} INFO - [2023-06-21T01:30:13.217+0100] {example_kubernetes_executor.py:41} WARNING - The example_kubernetes_executor example DAG requires the kubernetes provider. Please install it with: pip install apache-airflow[cncf.kubernetes]
[2023-06-21T01:30:13.218+0100] {processor.py:838} WARNING - No viable dags retrieved from /home/opeyemi/.local/lib/python3.10/site-packages/airflow/example_dags/example_kubernetes_executor.py
[2023-06-21T01:30:13.247+0100] {processor.py:179} INFO - Processing /home/opeyemi/.local/lib/python3.10/site-packages/airflow/example_dags/example_kubernetes_executor.py took 0.052 seconds
[2023-06-21T01:31:11.515+0100] {processor.py:157} INFO - Started process (PID=21944) to work on /home/opeyemi/.local/lib/python3.10/site-packages/airflow/example_dags/example_kubernetes_executor.py
[2023-06-21T01:31:11.521+0100] {processor.py:826} INFO - Processing file /home/opeyemi/.local/lib/python3.10/site-packages/airflow/example_dags/example_kubernetes_executor.py for tasks to queue
[2023-06-21T01:31:11.523+0100] {logging_mixin.py:149} INFO - [2023-06-21T01:31:11.523+0100] {dagbag.py:541} INFO - Filling up the DagBag from /home/opeyemi/.local/lib/python3.10/site-packages/airflow/example_dags/example_kubernetes_executor.py
[2023-06-21T01:31:11.537+0100] {logging_mixin.py:149} INFO - [2023-06-21T01:31:11.535+0100] {example_kubernetes_executor.py:41} WARNING - The example_kubernetes_executor example DAG requires the kubernetes provider. Please install it with: pip install apache-airflow[cncf.kubernetes]
[2023-06-21T01:31:11.538+0100] {processor.py:838} WARNING - No viable dags retrieved from /home/opeyemi/.local/lib/python3.10/site-packages/airflow/example_dags/example_kubernetes_executor.py
[2023-06-21T01:31:11.601+0100] {processor.py:179} INFO - Processing /home/opeyemi/.local/lib/python3.10/site-packages/airflow/example_dags/example_kubernetes_executor.py took 0.100 seconds
[2023-06-21T01:32:13.446+0100] {processor.py:157} INFO - Started process (PID=21998) to work on /home/opeyemi/.local/lib/python3.10/site-packages/airflow/example_dags/example_kubernetes_executor.py
[2023-06-21T01:32:13.458+0100] {processor.py:826} INFO - Processing file /home/opeyemi/.local/lib/python3.10/site-packages/airflow/example_dags/example_kubernetes_executor.py for tasks to queue
[2023-06-21T01:32:13.460+0100] {logging_mixin.py:149} INFO - [2023-06-21T01:32:13.460+0100] {dagbag.py:541} INFO - Filling up the DagBag from /home/opeyemi/.local/lib/python3.10/site-packages/airflow/example_dags/example_kubernetes_executor.py
[2023-06-21T01:32:13.470+0100] {logging_mixin.py:149} INFO - [2023-06-21T01:32:13.469+0100] {example_kubernetes_executor.py:41} WARNING - The example_kubernetes_executor example DAG requires the kubernetes provider. Please install it with: pip install apache-airflow[cncf.kubernetes]
[2023-06-21T01:32:13.470+0100] {processor.py:838} WARNING - No viable dags retrieved from /home/opeyemi/.local/lib/python3.10/site-packages/airflow/example_dags/example_kubernetes_executor.py
[2023-06-21T01:32:13.505+0100] {processor.py:179} INFO - Processing /home/opeyemi/.local/lib/python3.10/site-packages/airflow/example_dags/example_kubernetes_executor.py took 0.070 seconds
[2023-06-21T01:33:10.929+0100] {processor.py:157} INFO - Started process (PID=22057) to work on /home/opeyemi/.local/lib/python3.10/site-packages/airflow/example_dags/example_kubernetes_executor.py
[2023-06-21T01:33:10.946+0100] {processor.py:826} INFO - Processing file /home/opeyemi/.local/lib/python3.10/site-packages/airflow/example_dags/example_kubernetes_executor.py for tasks to queue
[2023-06-21T01:33:10.949+0100] {logging_mixin.py:149} INFO - [2023-06-21T01:33:10.949+0100] {dagbag.py:541} INFO - Filling up the DagBag from /home/opeyemi/.local/lib/python3.10/site-packages/airflow/example_dags/example_kubernetes_executor.py
[2023-06-21T01:33:10.963+0100] {logging_mixin.py:149} INFO - [2023-06-21T01:33:10.962+0100] {example_kubernetes_executor.py:41} WARNING - The example_kubernetes_executor example DAG requires the kubernetes provider. Please install it with: pip install apache-airflow[cncf.kubernetes]
[2023-06-21T01:33:10.964+0100] {processor.py:838} WARNING - No viable dags retrieved from /home/opeyemi/.local/lib/python3.10/site-packages/airflow/example_dags/example_kubernetes_executor.py
[2023-06-21T01:33:11.031+0100] {processor.py:179} INFO - Processing /home/opeyemi/.local/lib/python3.10/site-packages/airflow/example_dags/example_kubernetes_executor.py took 0.122 seconds
[2023-06-21T01:34:04.836+0100] {processor.py:157} INFO - Started process (PID=22202) to work on /home/opeyemi/.local/lib/python3.10/site-packages/airflow/example_dags/example_kubernetes_executor.py
[2023-06-21T01:34:04.845+0100] {processor.py:826} INFO - Processing file /home/opeyemi/.local/lib/python3.10/site-packages/airflow/example_dags/example_kubernetes_executor.py for tasks to queue
[2023-06-21T01:34:04.847+0100] {logging_mixin.py:149} INFO - [2023-06-21T01:34:04.847+0100] {dagbag.py:541} INFO - Filling up the DagBag from /home/opeyemi/.local/lib/python3.10/site-packages/airflow/example_dags/example_kubernetes_executor.py
[2023-06-21T01:34:04.857+0100] {logging_mixin.py:149} INFO - [2023-06-21T01:34:04.856+0100] {example_kubernetes_executor.py:41} WARNING - The example_kubernetes_executor example DAG requires the kubernetes provider. Please install it with: pip install apache-airflow[cncf.kubernetes]
[2023-06-21T01:34:04.858+0100] {processor.py:838} WARNING - No viable dags retrieved from /home/opeyemi/.local/lib/python3.10/site-packages/airflow/example_dags/example_kubernetes_executor.py
[2023-06-21T01:34:04.903+0100] {processor.py:179} INFO - Processing /home/opeyemi/.local/lib/python3.10/site-packages/airflow/example_dags/example_kubernetes_executor.py took 0.078 seconds
[2023-06-21T01:34:56.885+0100] {processor.py:157} INFO - Started process (PID=22443) to work on /home/opeyemi/.local/lib/python3.10/site-packages/airflow/example_dags/example_kubernetes_executor.py
[2023-06-21T01:34:56.961+0100] {processor.py:826} INFO - Processing file /home/opeyemi/.local/lib/python3.10/site-packages/airflow/example_dags/example_kubernetes_executor.py for tasks to queue
[2023-06-21T01:34:56.965+0100] {logging_mixin.py:149} INFO - [2023-06-21T01:34:56.964+0100] {dagbag.py:541} INFO - Filling up the DagBag from /home/opeyemi/.local/lib/python3.10/site-packages/airflow/example_dags/example_kubernetes_executor.py
[2023-06-21T01:34:56.984+0100] {logging_mixin.py:149} INFO - [2023-06-21T01:34:56.983+0100] {example_kubernetes_executor.py:41} WARNING - The example_kubernetes_executor example DAG requires the kubernetes provider. Please install it with: pip install apache-airflow[cncf.kubernetes]
[2023-06-21T01:34:56.985+0100] {processor.py:838} WARNING - No viable dags retrieved from /home/opeyemi/.local/lib/python3.10/site-packages/airflow/example_dags/example_kubernetes_executor.py
[2023-06-21T01:34:57.046+0100] {processor.py:179} INFO - Processing /home/opeyemi/.local/lib/python3.10/site-packages/airflow/example_dags/example_kubernetes_executor.py took 0.182 seconds
[2023-06-21T01:35:52.029+0100] {processor.py:157} INFO - Started process (PID=22634) to work on /home/opeyemi/.local/lib/python3.10/site-packages/airflow/example_dags/example_kubernetes_executor.py
[2023-06-21T01:35:52.035+0100] {processor.py:826} INFO - Processing file /home/opeyemi/.local/lib/python3.10/site-packages/airflow/example_dags/example_kubernetes_executor.py for tasks to queue
[2023-06-21T01:35:52.039+0100] {logging_mixin.py:149} INFO - [2023-06-21T01:35:52.038+0100] {dagbag.py:541} INFO - Filling up the DagBag from /home/opeyemi/.local/lib/python3.10/site-packages/airflow/example_dags/example_kubernetes_executor.py
[2023-06-21T01:35:52.051+0100] {logging_mixin.py:149} INFO - [2023-06-21T01:35:52.051+0100] {example_kubernetes_executor.py:41} WARNING - The example_kubernetes_executor example DAG requires the kubernetes provider. Please install it with: pip install apache-airflow[cncf.kubernetes]
[2023-06-21T01:35:52.052+0100] {processor.py:838} WARNING - No viable dags retrieved from /home/opeyemi/.local/lib/python3.10/site-packages/airflow/example_dags/example_kubernetes_executor.py
[2023-06-21T01:35:52.099+0100] {processor.py:179} INFO - Processing /home/opeyemi/.local/lib/python3.10/site-packages/airflow/example_dags/example_kubernetes_executor.py took 0.082 seconds
[2023-06-21T01:36:47.167+0100] {processor.py:157} INFO - Started process (PID=22759) to work on /home/opeyemi/.local/lib/python3.10/site-packages/airflow/example_dags/example_kubernetes_executor.py
[2023-06-21T01:36:47.169+0100] {processor.py:826} INFO - Processing file /home/opeyemi/.local/lib/python3.10/site-packages/airflow/example_dags/example_kubernetes_executor.py for tasks to queue
[2023-06-21T01:36:47.170+0100] {logging_mixin.py:149} INFO - [2023-06-21T01:36:47.169+0100] {dagbag.py:541} INFO - Filling up the DagBag from /home/opeyemi/.local/lib/python3.10/site-packages/airflow/example_dags/example_kubernetes_executor.py
[2023-06-21T01:36:47.174+0100] {logging_mixin.py:149} INFO - [2023-06-21T01:36:47.173+0100] {example_kubernetes_executor.py:41} WARNING - The example_kubernetes_executor example DAG requires the kubernetes provider. Please install it with: pip install apache-airflow[cncf.kubernetes]
[2023-06-21T01:36:47.174+0100] {processor.py:838} WARNING - No viable dags retrieved from /home/opeyemi/.local/lib/python3.10/site-packages/airflow/example_dags/example_kubernetes_executor.py
[2023-06-21T01:36:47.194+0100] {processor.py:179} INFO - Processing /home/opeyemi/.local/lib/python3.10/site-packages/airflow/example_dags/example_kubernetes_executor.py took 0.031 seconds
[2023-06-21T01:37:44.032+0100] {processor.py:157} INFO - Started process (PID=23058) to work on /home/opeyemi/.local/lib/python3.10/site-packages/airflow/example_dags/example_kubernetes_executor.py
[2023-06-21T01:37:44.036+0100] {processor.py:826} INFO - Processing file /home/opeyemi/.local/lib/python3.10/site-packages/airflow/example_dags/example_kubernetes_executor.py for tasks to queue
[2023-06-21T01:37:44.038+0100] {logging_mixin.py:149} INFO - [2023-06-21T01:37:44.038+0100] {dagbag.py:541} INFO - Filling up the DagBag from /home/opeyemi/.local/lib/python3.10/site-packages/airflow/example_dags/example_kubernetes_executor.py
[2023-06-21T01:37:44.049+0100] {logging_mixin.py:149} INFO - [2023-06-21T01:37:44.048+0100] {example_kubernetes_executor.py:41} WARNING - The example_kubernetes_executor example DAG requires the kubernetes provider. Please install it with: pip install apache-airflow[cncf.kubernetes]
[2023-06-21T01:37:44.050+0100] {processor.py:838} WARNING - No viable dags retrieved from /home/opeyemi/.local/lib/python3.10/site-packages/airflow/example_dags/example_kubernetes_executor.py
[2023-06-21T01:37:44.090+0100] {processor.py:179} INFO - Processing /home/opeyemi/.local/lib/python3.10/site-packages/airflow/example_dags/example_kubernetes_executor.py took 0.082 seconds
[2023-06-21T01:38:41.349+0100] {processor.py:157} INFO - Started process (PID=23271) to work on /home/opeyemi/.local/lib/python3.10/site-packages/airflow/example_dags/example_kubernetes_executor.py
[2023-06-21T01:38:41.352+0100] {processor.py:826} INFO - Processing file /home/opeyemi/.local/lib/python3.10/site-packages/airflow/example_dags/example_kubernetes_executor.py for tasks to queue
[2023-06-21T01:38:41.354+0100] {logging_mixin.py:149} INFO - [2023-06-21T01:38:41.354+0100] {dagbag.py:541} INFO - Filling up the DagBag from /home/opeyemi/.local/lib/python3.10/site-packages/airflow/example_dags/example_kubernetes_executor.py
[2023-06-21T01:38:41.363+0100] {logging_mixin.py:149} INFO - [2023-06-21T01:38:41.363+0100] {example_kubernetes_executor.py:41} WARNING - The example_kubernetes_executor example DAG requires the kubernetes provider. Please install it with: pip install apache-airflow[cncf.kubernetes]
[2023-06-21T01:38:41.364+0100] {processor.py:838} WARNING - No viable dags retrieved from /home/opeyemi/.local/lib/python3.10/site-packages/airflow/example_dags/example_kubernetes_executor.py
[2023-06-21T01:38:41.404+0100] {processor.py:179} INFO - Processing /home/opeyemi/.local/lib/python3.10/site-packages/airflow/example_dags/example_kubernetes_executor.py took 0.067 seconds
[2023-06-21T01:39:35.362+0100] {processor.py:157} INFO - Started process (PID=23318) to work on /home/opeyemi/.local/lib/python3.10/site-packages/airflow/example_dags/example_kubernetes_executor.py
[2023-06-21T01:39:35.368+0100] {processor.py:826} INFO - Processing file /home/opeyemi/.local/lib/python3.10/site-packages/airflow/example_dags/example_kubernetes_executor.py for tasks to queue
[2023-06-21T01:39:35.371+0100] {logging_mixin.py:149} INFO - [2023-06-21T01:39:35.371+0100] {dagbag.py:541} INFO - Filling up the DagBag from /home/opeyemi/.local/lib/python3.10/site-packages/airflow/example_dags/example_kubernetes_executor.py
[2023-06-21T01:39:35.382+0100] {logging_mixin.py:149} INFO - [2023-06-21T01:39:35.382+0100] {example_kubernetes_executor.py:41} WARNING - The example_kubernetes_executor example DAG requires the kubernetes provider. Please install it with: pip install apache-airflow[cncf.kubernetes]
[2023-06-21T01:39:35.383+0100] {processor.py:838} WARNING - No viable dags retrieved from /home/opeyemi/.local/lib/python3.10/site-packages/airflow/example_dags/example_kubernetes_executor.py
[2023-06-21T01:39:35.438+0100] {processor.py:179} INFO - Processing /home/opeyemi/.local/lib/python3.10/site-packages/airflow/example_dags/example_kubernetes_executor.py took 0.093 seconds
[2023-06-21T01:40:25.800+0100] {processor.py:157} INFO - Started process (PID=23373) to work on /home/opeyemi/.local/lib/python3.10/site-packages/airflow/example_dags/example_kubernetes_executor.py
[2023-06-21T01:40:25.803+0100] {processor.py:826} INFO - Processing file /home/opeyemi/.local/lib/python3.10/site-packages/airflow/example_dags/example_kubernetes_executor.py for tasks to queue
[2023-06-21T01:40:25.804+0100] {logging_mixin.py:149} INFO - [2023-06-21T01:40:25.804+0100] {dagbag.py:541} INFO - Filling up the DagBag from /home/opeyemi/.local/lib/python3.10/site-packages/airflow/example_dags/example_kubernetes_executor.py
[2023-06-21T01:40:25.811+0100] {logging_mixin.py:149} INFO - [2023-06-21T01:40:25.810+0100] {example_kubernetes_executor.py:41} WARNING - The example_kubernetes_executor example DAG requires the kubernetes provider. Please install it with: pip install apache-airflow[cncf.kubernetes]
[2023-06-21T01:40:25.811+0100] {processor.py:838} WARNING - No viable dags retrieved from /home/opeyemi/.local/lib/python3.10/site-packages/airflow/example_dags/example_kubernetes_executor.py
[2023-06-21T01:40:25.837+0100] {processor.py:179} INFO - Processing /home/opeyemi/.local/lib/python3.10/site-packages/airflow/example_dags/example_kubernetes_executor.py took 0.044 seconds
