[2023-06-21T01:00:36.971+0100] {processor.py:157} INFO - Started process (PID=20544) to work on /home/opeyemi/.local/lib/python3.10/site-packages/airflow/example_dags/example_short_circuit_operator.py
[2023-06-21T01:00:36.975+0100] {processor.py:826} INFO - Processing file /home/opeyemi/.local/lib/python3.10/site-packages/airflow/example_dags/example_short_circuit_operator.py for tasks to queue
[2023-06-21T01:00:36.979+0100] {logging_mixin.py:149} INFO - [2023-06-21T01:00:36.978+0100] {dagbag.py:541} INFO - Filling up the DagBag from /home/opeyemi/.local/lib/python3.10/site-packages/airflow/example_dags/example_short_circuit_operator.py
[2023-06-21T01:00:37.025+0100] {processor.py:836} INFO - DAG(s) dict_keys(['example_short_circuit_operator']) retrieved from /home/opeyemi/.local/lib/python3.10/site-packages/airflow/example_dags/example_short_circuit_operator.py
[2023-06-21T01:00:37.126+0100] {logging_mixin.py:149} INFO - [2023-06-21T01:00:37.125+0100] {dag.py:2726} INFO - Sync 1 DAGs
[2023-06-21T01:00:37.165+0100] {logging_mixin.py:149} INFO - [2023-06-21T01:00:37.165+0100] {dag.py:3486} INFO - Setting next_dagrun for example_short_circuit_operator to 2023-06-20T00:00:37.165246+00:00, run_after=2023-06-21T00:00:37.165246+00:00
[2023-06-21T01:00:37.621+0100] {processor.py:179} INFO - Processing /home/opeyemi/.local/lib/python3.10/site-packages/airflow/example_dags/example_short_circuit_operator.py took 0.663 seconds
[2023-06-21T01:01:47.400+0100] {processor.py:157} INFO - Started process (PID=20584) to work on /home/opeyemi/.local/lib/python3.10/site-packages/airflow/example_dags/example_short_circuit_operator.py
[2023-06-21T01:01:47.438+0100] {processor.py:826} INFO - Processing file /home/opeyemi/.local/lib/python3.10/site-packages/airflow/example_dags/example_short_circuit_operator.py for tasks to queue
[2023-06-21T01:01:47.440+0100] {logging_mixin.py:149} INFO - [2023-06-21T01:01:47.440+0100] {dagbag.py:541} INFO - Filling up the DagBag from /home/opeyemi/.local/lib/python3.10/site-packages/airflow/example_dags/example_short_circuit_operator.py
[2023-06-21T01:01:47.455+0100] {processor.py:836} INFO - DAG(s) dict_keys(['example_short_circuit_operator']) retrieved from /home/opeyemi/.local/lib/python3.10/site-packages/airflow/example_dags/example_short_circuit_operator.py
[2023-06-21T01:01:47.496+0100] {logging_mixin.py:149} INFO - [2023-06-21T01:01:47.496+0100] {dag.py:2726} INFO - Sync 1 DAGs
[2023-06-21T01:01:47.533+0100] {logging_mixin.py:149} INFO - [2023-06-21T01:01:47.533+0100] {dag.py:3486} INFO - Setting next_dagrun for example_short_circuit_operator to 2023-06-20T00:01:47.533333+00:00, run_after=2023-06-21T00:01:47.533333+00:00
[2023-06-21T01:01:47.913+0100] {processor.py:179} INFO - Processing /home/opeyemi/.local/lib/python3.10/site-packages/airflow/example_dags/example_short_circuit_operator.py took 0.534 seconds
[2023-06-21T01:02:55.499+0100] {processor.py:157} INFO - Started process (PID=20627) to work on /home/opeyemi/.local/lib/python3.10/site-packages/airflow/example_dags/example_short_circuit_operator.py
[2023-06-21T01:02:55.618+0100] {processor.py:826} INFO - Processing file /home/opeyemi/.local/lib/python3.10/site-packages/airflow/example_dags/example_short_circuit_operator.py for tasks to queue
[2023-06-21T01:02:55.621+0100] {logging_mixin.py:149} INFO - [2023-06-21T01:02:55.621+0100] {dagbag.py:541} INFO - Filling up the DagBag from /home/opeyemi/.local/lib/python3.10/site-packages/airflow/example_dags/example_short_circuit_operator.py
[2023-06-21T01:02:55.650+0100] {processor.py:836} INFO - DAG(s) dict_keys(['example_short_circuit_operator']) retrieved from /home/opeyemi/.local/lib/python3.10/site-packages/airflow/example_dags/example_short_circuit_operator.py
[2023-06-21T01:02:55.726+0100] {logging_mixin.py:149} INFO - [2023-06-21T01:02:55.725+0100] {dag.py:2726} INFO - Sync 1 DAGs
[2023-06-21T01:02:55.813+0100] {logging_mixin.py:149} INFO - [2023-06-21T01:02:55.812+0100] {dag.py:3486} INFO - Setting next_dagrun for example_short_circuit_operator to 2023-06-20T00:02:55.811835+00:00, run_after=2023-06-21T00:02:55.811835+00:00
[2023-06-21T01:02:55.918+0100] {processor.py:179} INFO - Processing /home/opeyemi/.local/lib/python3.10/site-packages/airflow/example_dags/example_short_circuit_operator.py took 0.431 seconds
[2023-06-21T01:04:09.761+0100] {processor.py:157} INFO - Started process (PID=20664) to work on /home/opeyemi/.local/lib/python3.10/site-packages/airflow/example_dags/example_short_circuit_operator.py
[2023-06-21T01:04:09.823+0100] {processor.py:826} INFO - Processing file /home/opeyemi/.local/lib/python3.10/site-packages/airflow/example_dags/example_short_circuit_operator.py for tasks to queue
[2023-06-21T01:04:09.824+0100] {logging_mixin.py:149} INFO - [2023-06-21T01:04:09.824+0100] {dagbag.py:541} INFO - Filling up the DagBag from /home/opeyemi/.local/lib/python3.10/site-packages/airflow/example_dags/example_short_circuit_operator.py
[2023-06-21T01:04:09.858+0100] {processor.py:836} INFO - DAG(s) dict_keys(['example_short_circuit_operator']) retrieved from /home/opeyemi/.local/lib/python3.10/site-packages/airflow/example_dags/example_short_circuit_operator.py
[2023-06-21T01:04:09.943+0100] {logging_mixin.py:149} INFO - [2023-06-21T01:04:09.943+0100] {dag.py:2726} INFO - Sync 1 DAGs
[2023-06-21T01:04:09.989+0100] {logging_mixin.py:149} INFO - [2023-06-21T01:04:09.988+0100] {dag.py:3486} INFO - Setting next_dagrun for example_short_circuit_operator to 2023-06-20T00:04:09.988608+00:00, run_after=2023-06-21T00:04:09.988608+00:00
[2023-06-21T01:04:10.310+0100] {processor.py:179} INFO - Processing /home/opeyemi/.local/lib/python3.10/site-packages/airflow/example_dags/example_short_circuit_operator.py took 0.553 seconds
[2023-06-21T01:05:37.662+0100] {processor.py:157} INFO - Started process (PID=20700) to work on /home/opeyemi/.local/lib/python3.10/site-packages/airflow/example_dags/example_short_circuit_operator.py
[2023-06-21T01:05:37.747+0100] {processor.py:826} INFO - Processing file /home/opeyemi/.local/lib/python3.10/site-packages/airflow/example_dags/example_short_circuit_operator.py for tasks to queue
[2023-06-21T01:05:37.750+0100] {logging_mixin.py:149} INFO - [2023-06-21T01:05:37.749+0100] {dagbag.py:541} INFO - Filling up the DagBag from /home/opeyemi/.local/lib/python3.10/site-packages/airflow/example_dags/example_short_circuit_operator.py
[2023-06-21T01:05:37.809+0100] {processor.py:836} INFO - DAG(s) dict_keys(['example_short_circuit_operator']) retrieved from /home/opeyemi/.local/lib/python3.10/site-packages/airflow/example_dags/example_short_circuit_operator.py
[2023-06-21T01:05:37.951+0100] {logging_mixin.py:149} INFO - [2023-06-21T01:05:37.949+0100] {dag.py:2726} INFO - Sync 1 DAGs
[2023-06-21T01:05:38.018+0100] {logging_mixin.py:149} INFO - [2023-06-21T01:05:38.018+0100] {dag.py:3486} INFO - Setting next_dagrun for example_short_circuit_operator to 2023-06-20T00:05:38.018567+00:00, run_after=2023-06-21T00:05:38.018567+00:00
[2023-06-21T01:05:38.630+0100] {processor.py:179} INFO - Processing /home/opeyemi/.local/lib/python3.10/site-packages/airflow/example_dags/example_short_circuit_operator.py took 0.971 seconds
[2023-06-21T01:06:40.662+0100] {processor.py:157} INFO - Started process (PID=20735) to work on /home/opeyemi/.local/lib/python3.10/site-packages/airflow/example_dags/example_short_circuit_operator.py
[2023-06-21T01:06:40.691+0100] {processor.py:826} INFO - Processing file /home/opeyemi/.local/lib/python3.10/site-packages/airflow/example_dags/example_short_circuit_operator.py for tasks to queue
[2023-06-21T01:06:40.694+0100] {logging_mixin.py:149} INFO - [2023-06-21T01:06:40.694+0100] {dagbag.py:541} INFO - Filling up the DagBag from /home/opeyemi/.local/lib/python3.10/site-packages/airflow/example_dags/example_short_circuit_operator.py
[2023-06-21T01:06:40.748+0100] {processor.py:836} INFO - DAG(s) dict_keys(['example_short_circuit_operator']) retrieved from /home/opeyemi/.local/lib/python3.10/site-packages/airflow/example_dags/example_short_circuit_operator.py
[2023-06-21T01:06:40.872+0100] {logging_mixin.py:149} INFO - [2023-06-21T01:06:40.871+0100] {dag.py:2726} INFO - Sync 1 DAGs
[2023-06-21T01:06:40.943+0100] {logging_mixin.py:149} INFO - [2023-06-21T01:06:40.942+0100] {dag.py:3486} INFO - Setting next_dagrun for example_short_circuit_operator to 2023-06-20T00:06:40.942371+00:00, run_after=2023-06-21T00:06:40.942371+00:00
[2023-06-21T01:06:41.233+0100] {processor.py:179} INFO - Processing /home/opeyemi/.local/lib/python3.10/site-packages/airflow/example_dags/example_short_circuit_operator.py took 0.581 seconds
[2023-06-21T01:07:59.791+0100] {processor.py:157} INFO - Started process (PID=20768) to work on /home/opeyemi/.local/lib/python3.10/site-packages/airflow/example_dags/example_short_circuit_operator.py
[2023-06-21T01:07:59.858+0100] {processor.py:826} INFO - Processing file /home/opeyemi/.local/lib/python3.10/site-packages/airflow/example_dags/example_short_circuit_operator.py for tasks to queue
[2023-06-21T01:07:59.861+0100] {logging_mixin.py:149} INFO - [2023-06-21T01:07:59.860+0100] {dagbag.py:541} INFO - Filling up the DagBag from /home/opeyemi/.local/lib/python3.10/site-packages/airflow/example_dags/example_short_circuit_operator.py
[2023-06-21T01:07:59.907+0100] {processor.py:836} INFO - DAG(s) dict_keys(['example_short_circuit_operator']) retrieved from /home/opeyemi/.local/lib/python3.10/site-packages/airflow/example_dags/example_short_circuit_operator.py
[2023-06-21T01:07:59.994+0100] {logging_mixin.py:149} INFO - [2023-06-21T01:07:59.993+0100] {dag.py:2726} INFO - Sync 1 DAGs
[2023-06-21T01:08:00.109+0100] {logging_mixin.py:149} INFO - [2023-06-21T01:08:00.109+0100] {dag.py:3486} INFO - Setting next_dagrun for example_short_circuit_operator to 2023-06-20T00:08:00.108438+00:00, run_after=2023-06-21T00:08:00.108438+00:00
[2023-06-21T01:08:00.469+0100] {processor.py:179} INFO - Processing /home/opeyemi/.local/lib/python3.10/site-packages/airflow/example_dags/example_short_circuit_operator.py took 0.691 seconds
[2023-06-21T01:08:50.172+0100] {processor.py:157} INFO - Started process (PID=20820) to work on /home/opeyemi/.local/lib/python3.10/site-packages/airflow/example_dags/example_short_circuit_operator.py
[2023-06-21T01:08:50.182+0100] {processor.py:826} INFO - Processing file /home/opeyemi/.local/lib/python3.10/site-packages/airflow/example_dags/example_short_circuit_operator.py for tasks to queue
[2023-06-21T01:08:50.186+0100] {logging_mixin.py:149} INFO - [2023-06-21T01:08:50.185+0100] {dagbag.py:541} INFO - Filling up the DagBag from /home/opeyemi/.local/lib/python3.10/site-packages/airflow/example_dags/example_short_circuit_operator.py
[2023-06-21T01:08:50.249+0100] {processor.py:836} INFO - DAG(s) dict_keys(['example_short_circuit_operator']) retrieved from /home/opeyemi/.local/lib/python3.10/site-packages/airflow/example_dags/example_short_circuit_operator.py
[2023-06-21T01:08:50.393+0100] {logging_mixin.py:149} INFO - [2023-06-21T01:08:50.392+0100] {dag.py:2726} INFO - Sync 1 DAGs
[2023-06-21T01:08:50.422+0100] {logging_mixin.py:149} INFO - [2023-06-21T01:08:50.422+0100] {dag.py:3486} INFO - Setting next_dagrun for example_short_circuit_operator to 2023-06-20T00:08:50.422104+00:00, run_after=2023-06-21T00:08:50.422104+00:00
[2023-06-21T01:08:50.685+0100] {processor.py:179} INFO - Processing /home/opeyemi/.local/lib/python3.10/site-packages/airflow/example_dags/example_short_circuit_operator.py took 0.529 seconds
[2023-06-21T01:09:49.908+0100] {processor.py:157} INFO - Started process (PID=20847) to work on /home/opeyemi/.local/lib/python3.10/site-packages/airflow/example_dags/example_short_circuit_operator.py
[2023-06-21T01:09:49.947+0100] {processor.py:826} INFO - Processing file /home/opeyemi/.local/lib/python3.10/site-packages/airflow/example_dags/example_short_circuit_operator.py for tasks to queue
[2023-06-21T01:09:49.950+0100] {logging_mixin.py:149} INFO - [2023-06-21T01:09:49.949+0100] {dagbag.py:541} INFO - Filling up the DagBag from /home/opeyemi/.local/lib/python3.10/site-packages/airflow/example_dags/example_short_circuit_operator.py
[2023-06-21T01:09:49.980+0100] {processor.py:836} INFO - DAG(s) dict_keys(['example_short_circuit_operator']) retrieved from /home/opeyemi/.local/lib/python3.10/site-packages/airflow/example_dags/example_short_circuit_operator.py
[2023-06-21T01:09:50.052+0100] {logging_mixin.py:149} INFO - [2023-06-21T01:09:50.051+0100] {dag.py:2726} INFO - Sync 1 DAGs
[2023-06-21T01:09:50.112+0100] {logging_mixin.py:149} INFO - [2023-06-21T01:09:50.112+0100] {dag.py:3486} INFO - Setting next_dagrun for example_short_circuit_operator to 2023-06-20T00:09:50.111934+00:00, run_after=2023-06-21T00:09:50.111934+00:00
[2023-06-21T01:09:50.626+0100] {processor.py:179} INFO - Processing /home/opeyemi/.local/lib/python3.10/site-packages/airflow/example_dags/example_short_circuit_operator.py took 0.728 seconds
[2023-06-21T01:10:44.240+0100] {processor.py:157} INFO - Started process (PID=20887) to work on /home/opeyemi/.local/lib/python3.10/site-packages/airflow/example_dags/example_short_circuit_operator.py
[2023-06-21T01:10:44.696+0100] {processor.py:826} INFO - Processing file /home/opeyemi/.local/lib/python3.10/site-packages/airflow/example_dags/example_short_circuit_operator.py for tasks to queue
[2023-06-21T01:10:44.698+0100] {logging_mixin.py:149} INFO - [2023-06-21T01:10:44.698+0100] {dagbag.py:541} INFO - Filling up the DagBag from /home/opeyemi/.local/lib/python3.10/site-packages/airflow/example_dags/example_short_circuit_operator.py
[2023-06-21T01:10:44.726+0100] {processor.py:836} INFO - DAG(s) dict_keys(['example_short_circuit_operator']) retrieved from /home/opeyemi/.local/lib/python3.10/site-packages/airflow/example_dags/example_short_circuit_operator.py
[2023-06-21T01:10:44.806+0100] {logging_mixin.py:149} INFO - [2023-06-21T01:10:44.806+0100] {dag.py:2726} INFO - Sync 1 DAGs
[2023-06-21T01:10:44.876+0100] {logging_mixin.py:149} INFO - [2023-06-21T01:10:44.875+0100] {dag.py:3486} INFO - Setting next_dagrun for example_short_circuit_operator to 2023-06-20T00:10:44.875302+00:00, run_after=2023-06-21T00:10:44.875302+00:00
[2023-06-21T01:11:02.774+0100] {processor.py:179} INFO - Processing /home/opeyemi/.local/lib/python3.10/site-packages/airflow/example_dags/example_short_circuit_operator.py took 18.546 seconds
[2023-06-21T01:13:10.461+0100] {processor.py:157} INFO - Started process (PID=20974) to work on /home/opeyemi/.local/lib/python3.10/site-packages/airflow/example_dags/example_short_circuit_operator.py
[2023-06-21T01:13:10.467+0100] {processor.py:826} INFO - Processing file /home/opeyemi/.local/lib/python3.10/site-packages/airflow/example_dags/example_short_circuit_operator.py for tasks to queue
[2023-06-21T01:13:10.470+0100] {logging_mixin.py:149} INFO - [2023-06-21T01:13:10.470+0100] {dagbag.py:541} INFO - Filling up the DagBag from /home/opeyemi/.local/lib/python3.10/site-packages/airflow/example_dags/example_short_circuit_operator.py
[2023-06-21T01:13:10.509+0100] {processor.py:836} INFO - DAG(s) dict_keys(['example_short_circuit_operator']) retrieved from /home/opeyemi/.local/lib/python3.10/site-packages/airflow/example_dags/example_short_circuit_operator.py
[2023-06-21T01:13:10.541+0100] {logging_mixin.py:149} INFO - [2023-06-21T01:13:10.541+0100] {dag.py:2726} INFO - Sync 1 DAGs
[2023-06-21T01:13:10.563+0100] {logging_mixin.py:149} INFO - [2023-06-21T01:13:10.563+0100] {dag.py:3486} INFO - Setting next_dagrun for example_short_circuit_operator to 2023-06-20T00:13:10.563355+00:00, run_after=2023-06-21T00:13:10.563355+00:00
[2023-06-21T01:13:10.880+0100] {processor.py:179} INFO - Processing /home/opeyemi/.local/lib/python3.10/site-packages/airflow/example_dags/example_short_circuit_operator.py took 0.432 seconds
[2023-06-21T01:14:30.611+0100] {processor.py:157} INFO - Started process (PID=21012) to work on /home/opeyemi/.local/lib/python3.10/site-packages/airflow/example_dags/example_short_circuit_operator.py
[2023-06-21T01:14:30.706+0100] {processor.py:826} INFO - Processing file /home/opeyemi/.local/lib/python3.10/site-packages/airflow/example_dags/example_short_circuit_operator.py for tasks to queue
[2023-06-21T01:14:30.708+0100] {logging_mixin.py:149} INFO - [2023-06-21T01:14:30.707+0100] {dagbag.py:541} INFO - Filling up the DagBag from /home/opeyemi/.local/lib/python3.10/site-packages/airflow/example_dags/example_short_circuit_operator.py
[2023-06-21T01:14:30.731+0100] {processor.py:836} INFO - DAG(s) dict_keys(['example_short_circuit_operator']) retrieved from /home/opeyemi/.local/lib/python3.10/site-packages/airflow/example_dags/example_short_circuit_operator.py
[2023-06-21T01:14:30.831+0100] {logging_mixin.py:149} INFO - [2023-06-21T01:14:30.831+0100] {dag.py:2726} INFO - Sync 1 DAGs
[2023-06-21T01:14:30.879+0100] {logging_mixin.py:149} INFO - [2023-06-21T01:14:30.879+0100] {dag.py:3486} INFO - Setting next_dagrun for example_short_circuit_operator to 2023-06-20T00:14:30.878854+00:00, run_after=2023-06-21T00:14:30.878854+00:00
[2023-06-21T01:14:31.074+0100] {processor.py:179} INFO - Processing /home/opeyemi/.local/lib/python3.10/site-packages/airflow/example_dags/example_short_circuit_operator.py took 0.477 seconds
[2023-06-21T01:15:27.942+0100] {processor.py:157} INFO - Started process (PID=21042) to work on /home/opeyemi/.local/lib/python3.10/site-packages/airflow/example_dags/example_short_circuit_operator.py
[2023-06-21T01:15:28.027+0100] {processor.py:826} INFO - Processing file /home/opeyemi/.local/lib/python3.10/site-packages/airflow/example_dags/example_short_circuit_operator.py for tasks to queue
[2023-06-21T01:15:28.037+0100] {logging_mixin.py:149} INFO - [2023-06-21T01:15:28.036+0100] {dagbag.py:541} INFO - Filling up the DagBag from /home/opeyemi/.local/lib/python3.10/site-packages/airflow/example_dags/example_short_circuit_operator.py
[2023-06-21T01:15:28.107+0100] {processor.py:836} INFO - DAG(s) dict_keys(['example_short_circuit_operator']) retrieved from /home/opeyemi/.local/lib/python3.10/site-packages/airflow/example_dags/example_short_circuit_operator.py
[2023-06-21T01:15:28.227+0100] {logging_mixin.py:149} INFO - [2023-06-21T01:15:28.227+0100] {dag.py:2726} INFO - Sync 1 DAGs
[2023-06-21T01:15:28.281+0100] {logging_mixin.py:149} INFO - [2023-06-21T01:15:28.281+0100] {dag.py:3486} INFO - Setting next_dagrun for example_short_circuit_operator to 2023-06-20T00:15:28.281171+00:00, run_after=2023-06-21T00:15:28.281171+00:00
[2023-06-21T01:15:28.497+0100] {processor.py:179} INFO - Processing /home/opeyemi/.local/lib/python3.10/site-packages/airflow/example_dags/example_short_circuit_operator.py took 0.571 seconds
[2023-06-21T01:17:01.920+0100] {processor.py:157} INFO - Started process (PID=21085) to work on /home/opeyemi/.local/lib/python3.10/site-packages/airflow/example_dags/example_short_circuit_operator.py
[2023-06-21T01:17:01.948+0100] {processor.py:826} INFO - Processing file /home/opeyemi/.local/lib/python3.10/site-packages/airflow/example_dags/example_short_circuit_operator.py for tasks to queue
[2023-06-21T01:17:01.953+0100] {logging_mixin.py:149} INFO - [2023-06-21T01:17:01.952+0100] {dagbag.py:541} INFO - Filling up the DagBag from /home/opeyemi/.local/lib/python3.10/site-packages/airflow/example_dags/example_short_circuit_operator.py
[2023-06-21T01:17:02.024+0100] {processor.py:836} INFO - DAG(s) dict_keys(['example_short_circuit_operator']) retrieved from /home/opeyemi/.local/lib/python3.10/site-packages/airflow/example_dags/example_short_circuit_operator.py
[2023-06-21T01:17:02.142+0100] {logging_mixin.py:149} INFO - [2023-06-21T01:17:02.141+0100] {dag.py:2726} INFO - Sync 1 DAGs
[2023-06-21T01:17:02.172+0100] {logging_mixin.py:149} INFO - [2023-06-21T01:17:02.172+0100] {dag.py:3486} INFO - Setting next_dagrun for example_short_circuit_operator to 2023-06-20T00:17:02.172061+00:00, run_after=2023-06-21T00:17:02.172061+00:00
[2023-06-21T01:17:02.439+0100] {processor.py:179} INFO - Processing /home/opeyemi/.local/lib/python3.10/site-packages/airflow/example_dags/example_short_circuit_operator.py took 0.533 seconds
[2023-06-21T01:18:14.345+0100] {processor.py:157} INFO - Started process (PID=21142) to work on /home/opeyemi/.local/lib/python3.10/site-packages/airflow/example_dags/example_short_circuit_operator.py
[2023-06-21T01:18:14.431+0100] {processor.py:826} INFO - Processing file /home/opeyemi/.local/lib/python3.10/site-packages/airflow/example_dags/example_short_circuit_operator.py for tasks to queue
[2023-06-21T01:18:14.434+0100] {logging_mixin.py:149} INFO - [2023-06-21T01:18:14.433+0100] {dagbag.py:541} INFO - Filling up the DagBag from /home/opeyemi/.local/lib/python3.10/site-packages/airflow/example_dags/example_short_circuit_operator.py
[2023-06-21T01:18:14.457+0100] {processor.py:836} INFO - DAG(s) dict_keys(['example_short_circuit_operator']) retrieved from /home/opeyemi/.local/lib/python3.10/site-packages/airflow/example_dags/example_short_circuit_operator.py
[2023-06-21T01:18:14.524+0100] {logging_mixin.py:149} INFO - [2023-06-21T01:18:14.524+0100] {dag.py:2726} INFO - Sync 1 DAGs
[2023-06-21T01:18:14.583+0100] {logging_mixin.py:149} INFO - [2023-06-21T01:18:14.582+0100] {dag.py:3486} INFO - Setting next_dagrun for example_short_circuit_operator to 2023-06-20T00:18:14.582013+00:00, run_after=2023-06-21T00:18:14.582013+00:00
[2023-06-21T01:18:14.740+0100] {processor.py:179} INFO - Processing /home/opeyemi/.local/lib/python3.10/site-packages/airflow/example_dags/example_short_circuit_operator.py took 0.408 seconds
[2023-06-21T01:19:31.475+0100] {processor.py:157} INFO - Started process (PID=21201) to work on /home/opeyemi/.local/lib/python3.10/site-packages/airflow/example_dags/example_short_circuit_operator.py
[2023-06-21T01:19:31.541+0100] {processor.py:826} INFO - Processing file /home/opeyemi/.local/lib/python3.10/site-packages/airflow/example_dags/example_short_circuit_operator.py for tasks to queue
[2023-06-21T01:19:31.542+0100] {logging_mixin.py:149} INFO - [2023-06-21T01:19:31.542+0100] {dagbag.py:541} INFO - Filling up the DagBag from /home/opeyemi/.local/lib/python3.10/site-packages/airflow/example_dags/example_short_circuit_operator.py
[2023-06-21T01:19:31.572+0100] {processor.py:836} INFO - DAG(s) dict_keys(['example_short_circuit_operator']) retrieved from /home/opeyemi/.local/lib/python3.10/site-packages/airflow/example_dags/example_short_circuit_operator.py
[2023-06-21T01:19:31.624+0100] {logging_mixin.py:149} INFO - [2023-06-21T01:19:31.624+0100] {dag.py:2726} INFO - Sync 1 DAGs
[2023-06-21T01:19:31.670+0100] {logging_mixin.py:149} INFO - [2023-06-21T01:19:31.669+0100] {dag.py:3486} INFO - Setting next_dagrun for example_short_circuit_operator to 2023-06-20T00:19:31.669038+00:00, run_after=2023-06-21T00:19:31.669038+00:00
[2023-06-21T01:19:31.792+0100] {processor.py:179} INFO - Processing /home/opeyemi/.local/lib/python3.10/site-packages/airflow/example_dags/example_short_circuit_operator.py took 0.326 seconds
[2023-06-21T01:21:26.777+0100] {processor.py:157} INFO - Started process (PID=21261) to work on /home/opeyemi/.local/lib/python3.10/site-packages/airflow/example_dags/example_short_circuit_operator.py
[2023-06-21T01:21:26.801+0100] {processor.py:826} INFO - Processing file /home/opeyemi/.local/lib/python3.10/site-packages/airflow/example_dags/example_short_circuit_operator.py for tasks to queue
[2023-06-21T01:21:26.803+0100] {logging_mixin.py:149} INFO - [2023-06-21T01:21:26.803+0100] {dagbag.py:541} INFO - Filling up the DagBag from /home/opeyemi/.local/lib/python3.10/site-packages/airflow/example_dags/example_short_circuit_operator.py
[2023-06-21T01:21:26.832+0100] {processor.py:836} INFO - DAG(s) dict_keys(['example_short_circuit_operator']) retrieved from /home/opeyemi/.local/lib/python3.10/site-packages/airflow/example_dags/example_short_circuit_operator.py
[2023-06-21T01:21:26.897+0100] {logging_mixin.py:149} INFO - [2023-06-21T01:21:26.897+0100] {dag.py:2726} INFO - Sync 1 DAGs
[2023-06-21T01:21:26.920+0100] {logging_mixin.py:149} INFO - [2023-06-21T01:21:26.920+0100] {dag.py:3486} INFO - Setting next_dagrun for example_short_circuit_operator to 2023-06-20T00:21:26.920363+00:00, run_after=2023-06-21T00:21:26.920363+00:00
[2023-06-21T01:21:27.419+0100] {processor.py:179} INFO - Processing /home/opeyemi/.local/lib/python3.10/site-packages/airflow/example_dags/example_short_circuit_operator.py took 0.654 seconds
[2023-06-21T01:22:42.854+0100] {processor.py:157} INFO - Started process (PID=21306) to work on /home/opeyemi/.local/lib/python3.10/site-packages/airflow/example_dags/example_short_circuit_operator.py
[2023-06-21T01:22:42.864+0100] {processor.py:826} INFO - Processing file /home/opeyemi/.local/lib/python3.10/site-packages/airflow/example_dags/example_short_circuit_operator.py for tasks to queue
[2023-06-21T01:22:42.865+0100] {logging_mixin.py:149} INFO - [2023-06-21T01:22:42.865+0100] {dagbag.py:541} INFO - Filling up the DagBag from /home/opeyemi/.local/lib/python3.10/site-packages/airflow/example_dags/example_short_circuit_operator.py
[2023-06-21T01:22:42.886+0100] {processor.py:836} INFO - DAG(s) dict_keys(['example_short_circuit_operator']) retrieved from /home/opeyemi/.local/lib/python3.10/site-packages/airflow/example_dags/example_short_circuit_operator.py
[2023-06-21T01:22:42.958+0100] {logging_mixin.py:149} INFO - [2023-06-21T01:22:42.957+0100] {dag.py:2726} INFO - Sync 1 DAGs
[2023-06-21T01:22:43.017+0100] {logging_mixin.py:149} INFO - [2023-06-21T01:22:43.017+0100] {dag.py:3486} INFO - Setting next_dagrun for example_short_circuit_operator to 2023-06-20T00:22:43.016678+00:00, run_after=2023-06-21T00:22:43.016678+00:00
[2023-06-21T01:22:43.422+0100] {processor.py:179} INFO - Processing /home/opeyemi/.local/lib/python3.10/site-packages/airflow/example_dags/example_short_circuit_operator.py took 0.578 seconds
[2023-06-21T01:23:27.559+0100] {processor.py:157} INFO - Started process (PID=21340) to work on /home/opeyemi/.local/lib/python3.10/site-packages/airflow/example_dags/example_short_circuit_operator.py
[2023-06-21T01:23:27.922+0100] {processor.py:826} INFO - Processing file /home/opeyemi/.local/lib/python3.10/site-packages/airflow/example_dags/example_short_circuit_operator.py for tasks to queue
[2023-06-21T01:23:27.926+0100] {logging_mixin.py:149} INFO - [2023-06-21T01:23:27.925+0100] {dagbag.py:541} INFO - Filling up the DagBag from /home/opeyemi/.local/lib/python3.10/site-packages/airflow/example_dags/example_short_circuit_operator.py
[2023-06-21T01:23:27.970+0100] {processor.py:836} INFO - DAG(s) dict_keys(['example_short_circuit_operator']) retrieved from /home/opeyemi/.local/lib/python3.10/site-packages/airflow/example_dags/example_short_circuit_operator.py
[2023-06-21T01:23:28.008+0100] {logging_mixin.py:149} INFO - [2023-06-21T01:23:28.007+0100] {dag.py:2726} INFO - Sync 1 DAGs
[2023-06-21T01:23:28.049+0100] {logging_mixin.py:149} INFO - [2023-06-21T01:23:28.048+0100] {dag.py:3486} INFO - Setting next_dagrun for example_short_circuit_operator to 2023-06-20T00:23:28.048742+00:00, run_after=2023-06-21T00:23:28.048742+00:00
[2023-06-21T01:23:43.050+0100] {processor.py:179} INFO - Processing /home/opeyemi/.local/lib/python3.10/site-packages/airflow/example_dags/example_short_circuit_operator.py took 15.501 seconds
[2023-06-21T01:24:56.361+0100] {processor.py:157} INFO - Started process (PID=21543) to work on /home/opeyemi/.local/lib/python3.10/site-packages/airflow/example_dags/example_short_circuit_operator.py
[2023-06-21T01:24:56.376+0100] {processor.py:826} INFO - Processing file /home/opeyemi/.local/lib/python3.10/site-packages/airflow/example_dags/example_short_circuit_operator.py for tasks to queue
[2023-06-21T01:24:56.378+0100] {logging_mixin.py:149} INFO - [2023-06-21T01:24:56.378+0100] {dagbag.py:541} INFO - Filling up the DagBag from /home/opeyemi/.local/lib/python3.10/site-packages/airflow/example_dags/example_short_circuit_operator.py
[2023-06-21T01:24:56.399+0100] {processor.py:836} INFO - DAG(s) dict_keys(['example_short_circuit_operator']) retrieved from /home/opeyemi/.local/lib/python3.10/site-packages/airflow/example_dags/example_short_circuit_operator.py
[2023-06-21T01:24:56.430+0100] {logging_mixin.py:149} INFO - [2023-06-21T01:24:56.430+0100] {dag.py:2726} INFO - Sync 1 DAGs
[2023-06-21T01:24:56.458+0100] {logging_mixin.py:149} INFO - [2023-06-21T01:24:56.457+0100] {dag.py:3486} INFO - Setting next_dagrun for example_short_circuit_operator to 2023-06-20T00:24:56.457660+00:00, run_after=2023-06-21T00:24:56.457660+00:00
[2023-06-21T01:24:56.514+0100] {processor.py:179} INFO - Processing /home/opeyemi/.local/lib/python3.10/site-packages/airflow/example_dags/example_short_circuit_operator.py took 0.169 seconds
[2023-06-21T01:26:05.535+0100] {processor.py:157} INFO - Started process (PID=21672) to work on /home/opeyemi/.local/lib/python3.10/site-packages/airflow/example_dags/example_short_circuit_operator.py
[2023-06-21T01:26:05.537+0100] {processor.py:826} INFO - Processing file /home/opeyemi/.local/lib/python3.10/site-packages/airflow/example_dags/example_short_circuit_operator.py for tasks to queue
[2023-06-21T01:26:05.538+0100] {logging_mixin.py:149} INFO - [2023-06-21T01:26:05.538+0100] {dagbag.py:541} INFO - Filling up the DagBag from /home/opeyemi/.local/lib/python3.10/site-packages/airflow/example_dags/example_short_circuit_operator.py
[2023-06-21T01:26:05.547+0100] {processor.py:836} INFO - DAG(s) dict_keys(['example_short_circuit_operator']) retrieved from /home/opeyemi/.local/lib/python3.10/site-packages/airflow/example_dags/example_short_circuit_operator.py
[2023-06-21T01:26:05.573+0100] {logging_mixin.py:149} INFO - [2023-06-21T01:26:05.573+0100] {dag.py:2726} INFO - Sync 1 DAGs
[2023-06-21T01:26:05.598+0100] {logging_mixin.py:149} INFO - [2023-06-21T01:26:05.598+0100] {dag.py:3486} INFO - Setting next_dagrun for example_short_circuit_operator to 2023-06-20T00:26:05.598434+00:00, run_after=2023-06-21T00:26:05.598434+00:00
[2023-06-21T01:26:05.654+0100] {processor.py:179} INFO - Processing /home/opeyemi/.local/lib/python3.10/site-packages/airflow/example_dags/example_short_circuit_operator.py took 0.122 seconds
[2023-06-21T01:26:55.672+0100] {processor.py:157} INFO - Started process (PID=21703) to work on /home/opeyemi/.local/lib/python3.10/site-packages/airflow/example_dags/example_short_circuit_operator.py
[2023-06-21T01:26:55.675+0100] {processor.py:826} INFO - Processing file /home/opeyemi/.local/lib/python3.10/site-packages/airflow/example_dags/example_short_circuit_operator.py for tasks to queue
[2023-06-21T01:26:55.676+0100] {logging_mixin.py:149} INFO - [2023-06-21T01:26:55.675+0100] {dagbag.py:541} INFO - Filling up the DagBag from /home/opeyemi/.local/lib/python3.10/site-packages/airflow/example_dags/example_short_circuit_operator.py
[2023-06-21T01:26:55.718+0100] {processor.py:836} INFO - DAG(s) dict_keys(['example_short_circuit_operator']) retrieved from /home/opeyemi/.local/lib/python3.10/site-packages/airflow/example_dags/example_short_circuit_operator.py
[2023-06-21T01:26:55.800+0100] {logging_mixin.py:149} INFO - [2023-06-21T01:26:55.799+0100] {dag.py:2726} INFO - Sync 1 DAGs
[2023-06-21T01:26:55.853+0100] {logging_mixin.py:149} INFO - [2023-06-21T01:26:55.853+0100] {dag.py:3486} INFO - Setting next_dagrun for example_short_circuit_operator to 2023-06-20T00:26:55.853061+00:00, run_after=2023-06-21T00:26:55.853061+00:00
[2023-06-21T01:26:55.944+0100] {processor.py:179} INFO - Processing /home/opeyemi/.local/lib/python3.10/site-packages/airflow/example_dags/example_short_circuit_operator.py took 0.286 seconds
[2023-06-21T01:27:48.505+0100] {processor.py:157} INFO - Started process (PID=21738) to work on /home/opeyemi/.local/lib/python3.10/site-packages/airflow/example_dags/example_short_circuit_operator.py
[2023-06-21T01:27:48.511+0100] {processor.py:826} INFO - Processing file /home/opeyemi/.local/lib/python3.10/site-packages/airflow/example_dags/example_short_circuit_operator.py for tasks to queue
[2023-06-21T01:27:48.513+0100] {logging_mixin.py:149} INFO - [2023-06-21T01:27:48.513+0100] {dagbag.py:541} INFO - Filling up the DagBag from /home/opeyemi/.local/lib/python3.10/site-packages/airflow/example_dags/example_short_circuit_operator.py
[2023-06-21T01:27:48.540+0100] {processor.py:836} INFO - DAG(s) dict_keys(['example_short_circuit_operator']) retrieved from /home/opeyemi/.local/lib/python3.10/site-packages/airflow/example_dags/example_short_circuit_operator.py
[2023-06-21T01:27:48.602+0100] {logging_mixin.py:149} INFO - [2023-06-21T01:27:48.602+0100] {dag.py:2726} INFO - Sync 1 DAGs
[2023-06-21T01:27:48.637+0100] {logging_mixin.py:149} INFO - [2023-06-21T01:27:48.636+0100] {dag.py:3486} INFO - Setting next_dagrun for example_short_circuit_operator to 2023-06-20T00:27:48.636562+00:00, run_after=2023-06-21T00:27:48.636562+00:00
[2023-06-21T01:27:48.973+0100] {processor.py:179} INFO - Processing /home/opeyemi/.local/lib/python3.10/site-packages/airflow/example_dags/example_short_circuit_operator.py took 0.477 seconds
[2023-06-21T01:28:42.665+0100] {processor.py:157} INFO - Started process (PID=21817) to work on /home/opeyemi/.local/lib/python3.10/site-packages/airflow/example_dags/example_short_circuit_operator.py
[2023-06-21T01:28:42.673+0100] {processor.py:826} INFO - Processing file /home/opeyemi/.local/lib/python3.10/site-packages/airflow/example_dags/example_short_circuit_operator.py for tasks to queue
[2023-06-21T01:28:42.675+0100] {logging_mixin.py:149} INFO - [2023-06-21T01:28:42.675+0100] {dagbag.py:541} INFO - Filling up the DagBag from /home/opeyemi/.local/lib/python3.10/site-packages/airflow/example_dags/example_short_circuit_operator.py
[2023-06-21T01:28:42.698+0100] {processor.py:836} INFO - DAG(s) dict_keys(['example_short_circuit_operator']) retrieved from /home/opeyemi/.local/lib/python3.10/site-packages/airflow/example_dags/example_short_circuit_operator.py
[2023-06-21T01:28:42.752+0100] {logging_mixin.py:149} INFO - [2023-06-21T01:28:42.752+0100] {dag.py:2726} INFO - Sync 1 DAGs
[2023-06-21T01:28:42.799+0100] {logging_mixin.py:149} INFO - [2023-06-21T01:28:42.799+0100] {dag.py:3486} INFO - Setting next_dagrun for example_short_circuit_operator to 2023-06-20T00:28:42.799142+00:00, run_after=2023-06-21T00:28:42.799142+00:00
[2023-06-21T01:28:42.857+0100] {processor.py:179} INFO - Processing /home/opeyemi/.local/lib/python3.10/site-packages/airflow/example_dags/example_short_circuit_operator.py took 0.203 seconds
[2023-06-21T01:29:40.723+0100] {processor.py:157} INFO - Started process (PID=21867) to work on /home/opeyemi/.local/lib/python3.10/site-packages/airflow/example_dags/example_short_circuit_operator.py
[2023-06-21T01:29:40.736+0100] {processor.py:826} INFO - Processing file /home/opeyemi/.local/lib/python3.10/site-packages/airflow/example_dags/example_short_circuit_operator.py for tasks to queue
[2023-06-21T01:29:40.738+0100] {logging_mixin.py:149} INFO - [2023-06-21T01:29:40.737+0100] {dagbag.py:541} INFO - Filling up the DagBag from /home/opeyemi/.local/lib/python3.10/site-packages/airflow/example_dags/example_short_circuit_operator.py
[2023-06-21T01:29:40.764+0100] {processor.py:836} INFO - DAG(s) dict_keys(['example_short_circuit_operator']) retrieved from /home/opeyemi/.local/lib/python3.10/site-packages/airflow/example_dags/example_short_circuit_operator.py
[2023-06-21T01:29:40.834+0100] {logging_mixin.py:149} INFO - [2023-06-21T01:29:40.834+0100] {dag.py:2726} INFO - Sync 1 DAGs
[2023-06-21T01:29:40.892+0100] {logging_mixin.py:149} INFO - [2023-06-21T01:29:40.892+0100] {dag.py:3486} INFO - Setting next_dagrun for example_short_circuit_operator to 2023-06-20T00:29:40.891422+00:00, run_after=2023-06-21T00:29:40.891422+00:00
[2023-06-21T01:29:40.957+0100] {processor.py:179} INFO - Processing /home/opeyemi/.local/lib/python3.10/site-packages/airflow/example_dags/example_short_circuit_operator.py took 0.244 seconds
[2023-06-21T01:30:35.316+0100] {processor.py:157} INFO - Started process (PID=21916) to work on /home/opeyemi/.local/lib/python3.10/site-packages/airflow/example_dags/example_short_circuit_operator.py
[2023-06-21T01:30:35.322+0100] {processor.py:826} INFO - Processing file /home/opeyemi/.local/lib/python3.10/site-packages/airflow/example_dags/example_short_circuit_operator.py for tasks to queue
[2023-06-21T01:30:35.325+0100] {logging_mixin.py:149} INFO - [2023-06-21T01:30:35.324+0100] {dagbag.py:541} INFO - Filling up the DagBag from /home/opeyemi/.local/lib/python3.10/site-packages/airflow/example_dags/example_short_circuit_operator.py
[2023-06-21T01:30:35.355+0100] {processor.py:836} INFO - DAG(s) dict_keys(['example_short_circuit_operator']) retrieved from /home/opeyemi/.local/lib/python3.10/site-packages/airflow/example_dags/example_short_circuit_operator.py
[2023-06-21T01:30:35.428+0100] {logging_mixin.py:149} INFO - [2023-06-21T01:30:35.428+0100] {dag.py:2726} INFO - Sync 1 DAGs
[2023-06-21T01:30:35.472+0100] {logging_mixin.py:149} INFO - [2023-06-21T01:30:35.472+0100] {dag.py:3486} INFO - Setting next_dagrun for example_short_circuit_operator to 2023-06-20T00:30:35.471951+00:00, run_after=2023-06-21T00:30:35.471951+00:00
[2023-06-21T01:30:35.541+0100] {processor.py:179} INFO - Processing /home/opeyemi/.local/lib/python3.10/site-packages/airflow/example_dags/example_short_circuit_operator.py took 0.237 seconds
[2023-06-21T01:31:40.460+0100] {processor.py:157} INFO - Started process (PID=21969) to work on /home/opeyemi/.local/lib/python3.10/site-packages/airflow/example_dags/example_short_circuit_operator.py
[2023-06-21T01:31:40.472+0100] {processor.py:826} INFO - Processing file /home/opeyemi/.local/lib/python3.10/site-packages/airflow/example_dags/example_short_circuit_operator.py for tasks to queue
[2023-06-21T01:31:40.474+0100] {logging_mixin.py:149} INFO - [2023-06-21T01:31:40.474+0100] {dagbag.py:541} INFO - Filling up the DagBag from /home/opeyemi/.local/lib/python3.10/site-packages/airflow/example_dags/example_short_circuit_operator.py
[2023-06-21T01:31:40.500+0100] {processor.py:836} INFO - DAG(s) dict_keys(['example_short_circuit_operator']) retrieved from /home/opeyemi/.local/lib/python3.10/site-packages/airflow/example_dags/example_short_circuit_operator.py
[2023-06-21T01:31:40.568+0100] {logging_mixin.py:149} INFO - [2023-06-21T01:31:40.568+0100] {dag.py:2726} INFO - Sync 1 DAGs
[2023-06-21T01:31:40.632+0100] {logging_mixin.py:149} INFO - [2023-06-21T01:31:40.632+0100] {dag.py:3486} INFO - Setting next_dagrun for example_short_circuit_operator to 2023-06-20T00:31:40.631457+00:00, run_after=2023-06-21T00:31:40.631457+00:00
[2023-06-21T01:31:40.751+0100] {processor.py:179} INFO - Processing /home/opeyemi/.local/lib/python3.10/site-packages/airflow/example_dags/example_short_circuit_operator.py took 0.302 seconds
[2023-06-21T01:32:37.416+0100] {processor.py:157} INFO - Started process (PID=22018) to work on /home/opeyemi/.local/lib/python3.10/site-packages/airflow/example_dags/example_short_circuit_operator.py
[2023-06-21T01:32:37.435+0100] {processor.py:826} INFO - Processing file /home/opeyemi/.local/lib/python3.10/site-packages/airflow/example_dags/example_short_circuit_operator.py for tasks to queue
[2023-06-21T01:32:37.441+0100] {logging_mixin.py:149} INFO - [2023-06-21T01:32:37.441+0100] {dagbag.py:541} INFO - Filling up the DagBag from /home/opeyemi/.local/lib/python3.10/site-packages/airflow/example_dags/example_short_circuit_operator.py
[2023-06-21T01:32:37.477+0100] {processor.py:836} INFO - DAG(s) dict_keys(['example_short_circuit_operator']) retrieved from /home/opeyemi/.local/lib/python3.10/site-packages/airflow/example_dags/example_short_circuit_operator.py
[2023-06-21T01:32:37.550+0100] {logging_mixin.py:149} INFO - [2023-06-21T01:32:37.549+0100] {dag.py:2726} INFO - Sync 1 DAGs
[2023-06-21T01:32:37.583+0100] {logging_mixin.py:149} INFO - [2023-06-21T01:32:37.583+0100] {dag.py:3486} INFO - Setting next_dagrun for example_short_circuit_operator to 2023-06-20T00:32:37.582880+00:00, run_after=2023-06-21T00:32:37.582880+00:00
[2023-06-21T01:32:37.639+0100] {processor.py:179} INFO - Processing /home/opeyemi/.local/lib/python3.10/site-packages/airflow/example_dags/example_short_circuit_operator.py took 0.244 seconds
[2023-06-21T01:33:34.137+0100] {processor.py:157} INFO - Started process (PID=22119) to work on /home/opeyemi/.local/lib/python3.10/site-packages/airflow/example_dags/example_short_circuit_operator.py
[2023-06-21T01:33:34.158+0100] {processor.py:826} INFO - Processing file /home/opeyemi/.local/lib/python3.10/site-packages/airflow/example_dags/example_short_circuit_operator.py for tasks to queue
[2023-06-21T01:33:34.159+0100] {logging_mixin.py:149} INFO - [2023-06-21T01:33:34.159+0100] {dagbag.py:541} INFO - Filling up the DagBag from /home/opeyemi/.local/lib/python3.10/site-packages/airflow/example_dags/example_short_circuit_operator.py
[2023-06-21T01:33:34.180+0100] {processor.py:836} INFO - DAG(s) dict_keys(['example_short_circuit_operator']) retrieved from /home/opeyemi/.local/lib/python3.10/site-packages/airflow/example_dags/example_short_circuit_operator.py
[2023-06-21T01:33:34.248+0100] {logging_mixin.py:149} INFO - [2023-06-21T01:33:34.248+0100] {dag.py:2726} INFO - Sync 1 DAGs
[2023-06-21T01:33:34.298+0100] {logging_mixin.py:149} INFO - [2023-06-21T01:33:34.298+0100] {dag.py:3486} INFO - Setting next_dagrun for example_short_circuit_operator to 2023-06-20T00:33:34.298201+00:00, run_after=2023-06-21T00:33:34.298201+00:00
[2023-06-21T01:33:34.375+0100] {processor.py:179} INFO - Processing /home/opeyemi/.local/lib/python3.10/site-packages/airflow/example_dags/example_short_circuit_operator.py took 0.245 seconds
[2023-06-21T01:34:27.499+0100] {processor.py:157} INFO - Started process (PID=22290) to work on /home/opeyemi/.local/lib/python3.10/site-packages/airflow/example_dags/example_short_circuit_operator.py
[2023-06-21T01:34:27.504+0100] {processor.py:826} INFO - Processing file /home/opeyemi/.local/lib/python3.10/site-packages/airflow/example_dags/example_short_circuit_operator.py for tasks to queue
[2023-06-21T01:34:27.505+0100] {logging_mixin.py:149} INFO - [2023-06-21T01:34:27.505+0100] {dagbag.py:541} INFO - Filling up the DagBag from /home/opeyemi/.local/lib/python3.10/site-packages/airflow/example_dags/example_short_circuit_operator.py
[2023-06-21T01:34:27.535+0100] {processor.py:836} INFO - DAG(s) dict_keys(['example_short_circuit_operator']) retrieved from /home/opeyemi/.local/lib/python3.10/site-packages/airflow/example_dags/example_short_circuit_operator.py
[2023-06-21T01:34:27.598+0100] {logging_mixin.py:149} INFO - [2023-06-21T01:34:27.598+0100] {dag.py:2726} INFO - Sync 1 DAGs
[2023-06-21T01:34:27.642+0100] {logging_mixin.py:149} INFO - [2023-06-21T01:34:27.642+0100] {dag.py:3486} INFO - Setting next_dagrun for example_short_circuit_operator to 2023-06-20T00:34:27.642128+00:00, run_after=2023-06-21T00:34:27.642128+00:00
[2023-06-21T01:34:27.715+0100] {processor.py:179} INFO - Processing /home/opeyemi/.local/lib/python3.10/site-packages/airflow/example_dags/example_short_circuit_operator.py took 0.226 seconds
[2023-06-21T01:35:20.582+0100] {processor.py:157} INFO - Started process (PID=22497) to work on /home/opeyemi/.local/lib/python3.10/site-packages/airflow/example_dags/example_short_circuit_operator.py
[2023-06-21T01:35:20.587+0100] {processor.py:826} INFO - Processing file /home/opeyemi/.local/lib/python3.10/site-packages/airflow/example_dags/example_short_circuit_operator.py for tasks to queue
[2023-06-21T01:35:20.589+0100] {logging_mixin.py:149} INFO - [2023-06-21T01:35:20.589+0100] {dagbag.py:541} INFO - Filling up the DagBag from /home/opeyemi/.local/lib/python3.10/site-packages/airflow/example_dags/example_short_circuit_operator.py
[2023-06-21T01:35:20.623+0100] {processor.py:836} INFO - DAG(s) dict_keys(['example_short_circuit_operator']) retrieved from /home/opeyemi/.local/lib/python3.10/site-packages/airflow/example_dags/example_short_circuit_operator.py
[2023-06-21T01:35:20.720+0100] {logging_mixin.py:149} INFO - [2023-06-21T01:35:20.720+0100] {dag.py:2726} INFO - Sync 1 DAGs
[2023-06-21T01:35:20.776+0100] {logging_mixin.py:149} INFO - [2023-06-21T01:35:20.776+0100] {dag.py:3486} INFO - Setting next_dagrun for example_short_circuit_operator to 2023-06-20T00:35:20.776026+00:00, run_after=2023-06-21T00:35:20.776026+00:00
[2023-06-21T01:35:20.831+0100] {processor.py:179} INFO - Processing /home/opeyemi/.local/lib/python3.10/site-packages/airflow/example_dags/example_short_circuit_operator.py took 0.265 seconds
[2023-06-21T01:36:16.533+0100] {processor.py:157} INFO - Started process (PID=22726) to work on /home/opeyemi/.local/lib/python3.10/site-packages/airflow/example_dags/example_short_circuit_operator.py
[2023-06-21T01:36:16.537+0100] {processor.py:826} INFO - Processing file /home/opeyemi/.local/lib/python3.10/site-packages/airflow/example_dags/example_short_circuit_operator.py for tasks to queue
[2023-06-21T01:36:16.540+0100] {logging_mixin.py:149} INFO - [2023-06-21T01:36:16.539+0100] {dagbag.py:541} INFO - Filling up the DagBag from /home/opeyemi/.local/lib/python3.10/site-packages/airflow/example_dags/example_short_circuit_operator.py
[2023-06-21T01:36:16.566+0100] {processor.py:836} INFO - DAG(s) dict_keys(['example_short_circuit_operator']) retrieved from /home/opeyemi/.local/lib/python3.10/site-packages/airflow/example_dags/example_short_circuit_operator.py
[2023-06-21T01:36:16.623+0100] {logging_mixin.py:149} INFO - [2023-06-21T01:36:16.623+0100] {dag.py:2726} INFO - Sync 1 DAGs
[2023-06-21T01:36:16.669+0100] {logging_mixin.py:149} INFO - [2023-06-21T01:36:16.668+0100] {dag.py:3486} INFO - Setting next_dagrun for example_short_circuit_operator to 2023-06-20T00:36:16.668425+00:00, run_after=2023-06-21T00:36:16.668425+00:00
[2023-06-21T01:36:16.717+0100] {processor.py:179} INFO - Processing /home/opeyemi/.local/lib/python3.10/site-packages/airflow/example_dags/example_short_circuit_operator.py took 0.194 seconds
[2023-06-21T01:37:10.554+0100] {processor.py:157} INFO - Started process (PID=22819) to work on /home/opeyemi/.local/lib/python3.10/site-packages/airflow/example_dags/example_short_circuit_operator.py
[2023-06-21T01:37:10.562+0100] {processor.py:826} INFO - Processing file /home/opeyemi/.local/lib/python3.10/site-packages/airflow/example_dags/example_short_circuit_operator.py for tasks to queue
[2023-06-21T01:37:10.564+0100] {logging_mixin.py:149} INFO - [2023-06-21T01:37:10.563+0100] {dagbag.py:541} INFO - Filling up the DagBag from /home/opeyemi/.local/lib/python3.10/site-packages/airflow/example_dags/example_short_circuit_operator.py
[2023-06-21T01:37:10.603+0100] {processor.py:836} INFO - DAG(s) dict_keys(['example_short_circuit_operator']) retrieved from /home/opeyemi/.local/lib/python3.10/site-packages/airflow/example_dags/example_short_circuit_operator.py
[2023-06-21T01:37:10.663+0100] {logging_mixin.py:149} INFO - [2023-06-21T01:37:10.663+0100] {dag.py:2726} INFO - Sync 1 DAGs
[2023-06-21T01:37:10.695+0100] {logging_mixin.py:149} INFO - [2023-06-21T01:37:10.694+0100] {dag.py:3486} INFO - Setting next_dagrun for example_short_circuit_operator to 2023-06-20T00:37:10.694377+00:00, run_after=2023-06-21T00:37:10.694377+00:00
[2023-06-21T01:37:10.731+0100] {processor.py:179} INFO - Processing /home/opeyemi/.local/lib/python3.10/site-packages/airflow/example_dags/example_short_circuit_operator.py took 0.185 seconds
[2023-06-21T01:38:09.310+0100] {processor.py:157} INFO - Started process (PID=23133) to work on /home/opeyemi/.local/lib/python3.10/site-packages/airflow/example_dags/example_short_circuit_operator.py
[2023-06-21T01:38:09.314+0100] {processor.py:826} INFO - Processing file /home/opeyemi/.local/lib/python3.10/site-packages/airflow/example_dags/example_short_circuit_operator.py for tasks to queue
[2023-06-21T01:38:09.316+0100] {logging_mixin.py:149} INFO - [2023-06-21T01:38:09.316+0100] {dagbag.py:541} INFO - Filling up the DagBag from /home/opeyemi/.local/lib/python3.10/site-packages/airflow/example_dags/example_short_circuit_operator.py
[2023-06-21T01:38:09.336+0100] {processor.py:836} INFO - DAG(s) dict_keys(['example_short_circuit_operator']) retrieved from /home/opeyemi/.local/lib/python3.10/site-packages/airflow/example_dags/example_short_circuit_operator.py
[2023-06-21T01:38:09.438+0100] {logging_mixin.py:149} INFO - [2023-06-21T01:38:09.437+0100] {dag.py:2726} INFO - Sync 1 DAGs
[2023-06-21T01:38:09.502+0100] {logging_mixin.py:149} INFO - [2023-06-21T01:38:09.501+0100] {dag.py:3486} INFO - Setting next_dagrun for example_short_circuit_operator to 2023-06-20T00:38:09.501446+00:00, run_after=2023-06-21T00:38:09.501446+00:00
[2023-06-21T01:38:09.556+0100] {processor.py:179} INFO - Processing /home/opeyemi/.local/lib/python3.10/site-packages/airflow/example_dags/example_short_circuit_operator.py took 0.254 seconds
[2023-06-21T01:39:05.189+0100] {processor.py:157} INFO - Started process (PID=23291) to work on /home/opeyemi/.local/lib/python3.10/site-packages/airflow/example_dags/example_short_circuit_operator.py
[2023-06-21T01:39:05.197+0100] {processor.py:826} INFO - Processing file /home/opeyemi/.local/lib/python3.10/site-packages/airflow/example_dags/example_short_circuit_operator.py for tasks to queue
[2023-06-21T01:39:05.201+0100] {logging_mixin.py:149} INFO - [2023-06-21T01:39:05.200+0100] {dagbag.py:541} INFO - Filling up the DagBag from /home/opeyemi/.local/lib/python3.10/site-packages/airflow/example_dags/example_short_circuit_operator.py
[2023-06-21T01:39:05.227+0100] {processor.py:836} INFO - DAG(s) dict_keys(['example_short_circuit_operator']) retrieved from /home/opeyemi/.local/lib/python3.10/site-packages/airflow/example_dags/example_short_circuit_operator.py
[2023-06-21T01:39:05.283+0100] {logging_mixin.py:149} INFO - [2023-06-21T01:39:05.283+0100] {dag.py:2726} INFO - Sync 1 DAGs
[2023-06-21T01:39:05.318+0100] {logging_mixin.py:149} INFO - [2023-06-21T01:39:05.318+0100] {dag.py:3486} INFO - Setting next_dagrun for example_short_circuit_operator to 2023-06-20T00:39:05.318402+00:00, run_after=2023-06-21T00:39:05.318402+00:00
[2023-06-21T01:39:05.360+0100] {processor.py:179} INFO - Processing /home/opeyemi/.local/lib/python3.10/site-packages/airflow/example_dags/example_short_circuit_operator.py took 0.179 seconds
[2023-06-21T01:39:58.183+0100] {processor.py:157} INFO - Started process (PID=23347) to work on /home/opeyemi/.local/lib/python3.10/site-packages/airflow/example_dags/example_short_circuit_operator.py
[2023-06-21T01:39:58.187+0100] {processor.py:826} INFO - Processing file /home/opeyemi/.local/lib/python3.10/site-packages/airflow/example_dags/example_short_circuit_operator.py for tasks to queue
[2023-06-21T01:39:58.189+0100] {logging_mixin.py:149} INFO - [2023-06-21T01:39:58.188+0100] {dagbag.py:541} INFO - Filling up the DagBag from /home/opeyemi/.local/lib/python3.10/site-packages/airflow/example_dags/example_short_circuit_operator.py
[2023-06-21T01:39:58.216+0100] {processor.py:836} INFO - DAG(s) dict_keys(['example_short_circuit_operator']) retrieved from /home/opeyemi/.local/lib/python3.10/site-packages/airflow/example_dags/example_short_circuit_operator.py
[2023-06-21T01:39:58.279+0100] {logging_mixin.py:149} INFO - [2023-06-21T01:39:58.278+0100] {dag.py:2726} INFO - Sync 1 DAGs
[2023-06-21T01:39:58.304+0100] {logging_mixin.py:149} INFO - [2023-06-21T01:39:58.304+0100] {dag.py:3486} INFO - Setting next_dagrun for example_short_circuit_operator to 2023-06-20T00:39:58.304569+00:00, run_after=2023-06-21T00:39:58.304569+00:00
[2023-06-21T01:39:58.343+0100] {processor.py:179} INFO - Processing /home/opeyemi/.local/lib/python3.10/site-packages/airflow/example_dags/example_short_circuit_operator.py took 0.170 seconds
[2023-06-21T01:40:48.706+0100] {processor.py:157} INFO - Started process (PID=23397) to work on /home/opeyemi/.local/lib/python3.10/site-packages/airflow/example_dags/example_short_circuit_operator.py
[2023-06-21T01:40:48.711+0100] {processor.py:826} INFO - Processing file /home/opeyemi/.local/lib/python3.10/site-packages/airflow/example_dags/example_short_circuit_operator.py for tasks to queue
[2023-06-21T01:40:48.714+0100] {logging_mixin.py:149} INFO - [2023-06-21T01:40:48.713+0100] {dagbag.py:541} INFO - Filling up the DagBag from /home/opeyemi/.local/lib/python3.10/site-packages/airflow/example_dags/example_short_circuit_operator.py
[2023-06-21T01:40:48.742+0100] {processor.py:836} INFO - DAG(s) dict_keys(['example_short_circuit_operator']) retrieved from /home/opeyemi/.local/lib/python3.10/site-packages/airflow/example_dags/example_short_circuit_operator.py
[2023-06-21T01:40:48.847+0100] {logging_mixin.py:149} INFO - [2023-06-21T01:40:48.847+0100] {dag.py:2726} INFO - Sync 1 DAGs
[2023-06-21T01:40:48.924+0100] {logging_mixin.py:149} INFO - [2023-06-21T01:40:48.923+0100] {dag.py:3486} INFO - Setting next_dagrun for example_short_circuit_operator to 2023-06-20T00:40:48.923194+00:00, run_after=2023-06-21T00:40:48.923194+00:00
[2023-06-21T01:40:49.002+0100] {processor.py:179} INFO - Processing /home/opeyemi/.local/lib/python3.10/site-packages/airflow/example_dags/example_short_circuit_operator.py took 0.305 seconds
