[2023-06-21T01:00:15.893+0100] {processor.py:157} INFO - Started process (PID=20526) to work on /home/opeyemi/.local/lib/python3.10/site-packages/airflow/example_dags/example_local_kubernetes_executor.py
[2023-06-21T01:00:15.897+0100] {processor.py:826} INFO - Processing file /home/opeyemi/.local/lib/python3.10/site-packages/airflow/example_dags/example_local_kubernetes_executor.py for tasks to queue
[2023-06-21T01:00:15.900+0100] {logging_mixin.py:149} INFO - [2023-06-21T01:00:15.899+0100] {dagbag.py:541} INFO - Filling up the DagBag from /home/opeyemi/.local/lib/python3.10/site-packages/airflow/example_dags/example_local_kubernetes_executor.py
[2023-06-21T01:00:15.914+0100] {logging_mixin.py:149} INFO - [2023-06-21T01:00:15.912+0100] {example_local_kubernetes_executor.py:39} WARNING - Could not import DAGs in example_local_kubernetes_executor.py
Traceback (most recent call last):
  File "/home/opeyemi/.local/lib/python3.10/site-packages/airflow/example_dags/example_local_kubernetes_executor.py", line 37, in <module>
    from kubernetes.client import models as k8s
ModuleNotFoundError: No module named 'kubernetes'
[2023-06-21T01:00:15.915+0100] {logging_mixin.py:149} INFO - [2023-06-21T01:00:15.915+0100] {example_local_kubernetes_executor.py:40} WARNING - Install Kubernetes dependencies with: pip install apache-airflow[cncf.kubernetes]
[2023-06-21T01:00:15.916+0100] {processor.py:838} WARNING - No viable dags retrieved from /home/opeyemi/.local/lib/python3.10/site-packages/airflow/example_dags/example_local_kubernetes_executor.py
[2023-06-21T01:00:15.986+0100] {processor.py:179} INFO - Processing /home/opeyemi/.local/lib/python3.10/site-packages/airflow/example_dags/example_local_kubernetes_executor.py took 0.107 seconds
[2023-06-21T01:02:32.283+0100] {processor.py:157} INFO - Started process (PID=20604) to work on /home/opeyemi/.local/lib/python3.10/site-packages/airflow/example_dags/example_local_kubernetes_executor.py
[2023-06-21T01:02:32.361+0100] {processor.py:826} INFO - Processing file /home/opeyemi/.local/lib/python3.10/site-packages/airflow/example_dags/example_local_kubernetes_executor.py for tasks to queue
[2023-06-21T01:02:32.363+0100] {logging_mixin.py:149} INFO - [2023-06-21T01:02:32.362+0100] {dagbag.py:541} INFO - Filling up the DagBag from /home/opeyemi/.local/lib/python3.10/site-packages/airflow/example_dags/example_local_kubernetes_executor.py
[2023-06-21T01:02:32.368+0100] {logging_mixin.py:149} INFO - [2023-06-21T01:02:32.367+0100] {example_local_kubernetes_executor.py:39} WARNING - Could not import DAGs in example_local_kubernetes_executor.py
Traceback (most recent call last):
  File "/home/opeyemi/.local/lib/python3.10/site-packages/airflow/example_dags/example_local_kubernetes_executor.py", line 37, in <module>
    from kubernetes.client import models as k8s
ModuleNotFoundError: No module named 'kubernetes'
[2023-06-21T01:02:32.368+0100] {logging_mixin.py:149} INFO - [2023-06-21T01:02:32.368+0100] {example_local_kubernetes_executor.py:40} WARNING - Install Kubernetes dependencies with: pip install apache-airflow[cncf.kubernetes]
[2023-06-21T01:02:32.369+0100] {processor.py:838} WARNING - No viable dags retrieved from /home/opeyemi/.local/lib/python3.10/site-packages/airflow/example_dags/example_local_kubernetes_executor.py
[2023-06-21T01:02:32.397+0100] {processor.py:179} INFO - Processing /home/opeyemi/.local/lib/python3.10/site-packages/airflow/example_dags/example_local_kubernetes_executor.py took 0.126 seconds
[2023-06-21T01:05:15.315+0100] {processor.py:157} INFO - Started process (PID=20682) to work on /home/opeyemi/.local/lib/python3.10/site-packages/airflow/example_dags/example_local_kubernetes_executor.py
[2023-06-21T01:05:15.388+0100] {processor.py:826} INFO - Processing file /home/opeyemi/.local/lib/python3.10/site-packages/airflow/example_dags/example_local_kubernetes_executor.py for tasks to queue
[2023-06-21T01:05:15.392+0100] {logging_mixin.py:149} INFO - [2023-06-21T01:05:15.391+0100] {dagbag.py:541} INFO - Filling up the DagBag from /home/opeyemi/.local/lib/python3.10/site-packages/airflow/example_dags/example_local_kubernetes_executor.py
[2023-06-21T01:05:15.405+0100] {logging_mixin.py:149} INFO - [2023-06-21T01:05:15.403+0100] {example_local_kubernetes_executor.py:39} WARNING - Could not import DAGs in example_local_kubernetes_executor.py
Traceback (most recent call last):
  File "/home/opeyemi/.local/lib/python3.10/site-packages/airflow/example_dags/example_local_kubernetes_executor.py", line 37, in <module>
    from kubernetes.client import models as k8s
ModuleNotFoundError: No module named 'kubernetes'
[2023-06-21T01:05:15.405+0100] {logging_mixin.py:149} INFO - [2023-06-21T01:05:15.405+0100] {example_local_kubernetes_executor.py:40} WARNING - Install Kubernetes dependencies with: pip install apache-airflow[cncf.kubernetes]
[2023-06-21T01:05:15.406+0100] {processor.py:838} WARNING - No viable dags retrieved from /home/opeyemi/.local/lib/python3.10/site-packages/airflow/example_dags/example_local_kubernetes_executor.py
[2023-06-21T01:05:15.464+0100] {processor.py:179} INFO - Processing /home/opeyemi/.local/lib/python3.10/site-packages/airflow/example_dags/example_local_kubernetes_executor.py took 0.161 seconds
[2023-06-21T01:07:32.886+0100] {processor.py:157} INFO - Started process (PID=20750) to work on /home/opeyemi/.local/lib/python3.10/site-packages/airflow/example_dags/example_local_kubernetes_executor.py
[2023-06-21T01:07:32.928+0100] {processor.py:826} INFO - Processing file /home/opeyemi/.local/lib/python3.10/site-packages/airflow/example_dags/example_local_kubernetes_executor.py for tasks to queue
[2023-06-21T01:07:32.931+0100] {logging_mixin.py:149} INFO - [2023-06-21T01:07:32.931+0100] {dagbag.py:541} INFO - Filling up the DagBag from /home/opeyemi/.local/lib/python3.10/site-packages/airflow/example_dags/example_local_kubernetes_executor.py
[2023-06-21T01:07:32.947+0100] {logging_mixin.py:149} INFO - [2023-06-21T01:07:32.943+0100] {example_local_kubernetes_executor.py:39} WARNING - Could not import DAGs in example_local_kubernetes_executor.py
Traceback (most recent call last):
  File "/home/opeyemi/.local/lib/python3.10/site-packages/airflow/example_dags/example_local_kubernetes_executor.py", line 37, in <module>
    from kubernetes.client import models as k8s
ModuleNotFoundError: No module named 'kubernetes'
[2023-06-21T01:07:32.948+0100] {logging_mixin.py:149} INFO - [2023-06-21T01:07:32.948+0100] {example_local_kubernetes_executor.py:40} WARNING - Install Kubernetes dependencies with: pip install apache-airflow[cncf.kubernetes]
[2023-06-21T01:07:32.949+0100] {processor.py:838} WARNING - No viable dags retrieved from /home/opeyemi/.local/lib/python3.10/site-packages/airflow/example_dags/example_local_kubernetes_executor.py
[2023-06-21T01:07:33.010+0100] {processor.py:179} INFO - Processing /home/opeyemi/.local/lib/python3.10/site-packages/airflow/example_dags/example_local_kubernetes_executor.py took 0.137 seconds
[2023-06-21T01:09:28.590+0100] {processor.py:157} INFO - Started process (PID=20829) to work on /home/opeyemi/.local/lib/python3.10/site-packages/airflow/example_dags/example_local_kubernetes_executor.py
[2023-06-21T01:09:28.591+0100] {processor.py:826} INFO - Processing file /home/opeyemi/.local/lib/python3.10/site-packages/airflow/example_dags/example_local_kubernetes_executor.py for tasks to queue
[2023-06-21T01:09:28.592+0100] {logging_mixin.py:149} INFO - [2023-06-21T01:09:28.592+0100] {dagbag.py:541} INFO - Filling up the DagBag from /home/opeyemi/.local/lib/python3.10/site-packages/airflow/example_dags/example_local_kubernetes_executor.py
[2023-06-21T01:09:28.596+0100] {logging_mixin.py:149} INFO - [2023-06-21T01:09:28.595+0100] {example_local_kubernetes_executor.py:39} WARNING - Could not import DAGs in example_local_kubernetes_executor.py
Traceback (most recent call last):
  File "/home/opeyemi/.local/lib/python3.10/site-packages/airflow/example_dags/example_local_kubernetes_executor.py", line 37, in <module>
    from kubernetes.client import models as k8s
ModuleNotFoundError: No module named 'kubernetes'
[2023-06-21T01:09:28.596+0100] {logging_mixin.py:149} INFO - [2023-06-21T01:09:28.596+0100] {example_local_kubernetes_executor.py:40} WARNING - Install Kubernetes dependencies with: pip install apache-airflow[cncf.kubernetes]
[2023-06-21T01:09:28.596+0100] {processor.py:838} WARNING - No viable dags retrieved from /home/opeyemi/.local/lib/python3.10/site-packages/airflow/example_dags/example_local_kubernetes_executor.py
[2023-06-21T01:09:28.612+0100] {processor.py:179} INFO - Processing /home/opeyemi/.local/lib/python3.10/site-packages/airflow/example_dags/example_local_kubernetes_executor.py took 0.028 seconds
[2023-06-21T01:11:24.723+0100] {processor.py:157} INFO - Started process (PID=20896) to work on /home/opeyemi/.local/lib/python3.10/site-packages/airflow/example_dags/example_local_kubernetes_executor.py
[2023-06-21T01:11:24.729+0100] {processor.py:826} INFO - Processing file /home/opeyemi/.local/lib/python3.10/site-packages/airflow/example_dags/example_local_kubernetes_executor.py for tasks to queue
[2023-06-21T01:11:24.731+0100] {logging_mixin.py:149} INFO - [2023-06-21T01:11:24.731+0100] {dagbag.py:541} INFO - Filling up the DagBag from /home/opeyemi/.local/lib/python3.10/site-packages/airflow/example_dags/example_local_kubernetes_executor.py
[2023-06-21T01:11:24.740+0100] {logging_mixin.py:149} INFO - [2023-06-21T01:11:24.739+0100] {example_local_kubernetes_executor.py:39} WARNING - Could not import DAGs in example_local_kubernetes_executor.py
Traceback (most recent call last):
  File "/home/opeyemi/.local/lib/python3.10/site-packages/airflow/example_dags/example_local_kubernetes_executor.py", line 37, in <module>
    from kubernetes.client import models as k8s
ModuleNotFoundError: No module named 'kubernetes'
[2023-06-21T01:11:24.741+0100] {logging_mixin.py:149} INFO - [2023-06-21T01:11:24.741+0100] {example_local_kubernetes_executor.py:40} WARNING - Install Kubernetes dependencies with: pip install apache-airflow[cncf.kubernetes]
[2023-06-21T01:11:24.742+0100] {processor.py:838} WARNING - No viable dags retrieved from /home/opeyemi/.local/lib/python3.10/site-packages/airflow/example_dags/example_local_kubernetes_executor.py
[2023-06-21T01:11:24.777+0100] {processor.py:179} INFO - Processing /home/opeyemi/.local/lib/python3.10/site-packages/airflow/example_dags/example_local_kubernetes_executor.py took 0.064 seconds
[2023-06-21T01:13:38.467+0100] {processor.py:157} INFO - Started process (PID=20992) to work on /home/opeyemi/.local/lib/python3.10/site-packages/airflow/example_dags/example_local_kubernetes_executor.py
[2023-06-21T01:13:38.572+0100] {processor.py:826} INFO - Processing file /home/opeyemi/.local/lib/python3.10/site-packages/airflow/example_dags/example_local_kubernetes_executor.py for tasks to queue
[2023-06-21T01:13:38.574+0100] {logging_mixin.py:149} INFO - [2023-06-21T01:13:38.573+0100] {dagbag.py:541} INFO - Filling up the DagBag from /home/opeyemi/.local/lib/python3.10/site-packages/airflow/example_dags/example_local_kubernetes_executor.py
[2023-06-21T01:13:38.583+0100] {logging_mixin.py:149} INFO - [2023-06-21T01:13:38.582+0100] {example_local_kubernetes_executor.py:39} WARNING - Could not import DAGs in example_local_kubernetes_executor.py
Traceback (most recent call last):
  File "/home/opeyemi/.local/lib/python3.10/site-packages/airflow/example_dags/example_local_kubernetes_executor.py", line 37, in <module>
    from kubernetes.client import models as k8s
ModuleNotFoundError: No module named 'kubernetes'
[2023-06-21T01:13:38.584+0100] {logging_mixin.py:149} INFO - [2023-06-21T01:13:38.584+0100] {example_local_kubernetes_executor.py:40} WARNING - Install Kubernetes dependencies with: pip install apache-airflow[cncf.kubernetes]
[2023-06-21T01:13:38.584+0100] {processor.py:838} WARNING - No viable dags retrieved from /home/opeyemi/.local/lib/python3.10/site-packages/airflow/example_dags/example_local_kubernetes_executor.py
[2023-06-21T01:13:38.631+0100] {processor.py:179} INFO - Processing /home/opeyemi/.local/lib/python3.10/site-packages/airflow/example_dags/example_local_kubernetes_executor.py took 0.178 seconds
[2023-06-21T01:16:31.633+0100] {processor.py:157} INFO - Started process (PID=21061) to work on /home/opeyemi/.local/lib/python3.10/site-packages/airflow/example_dags/example_local_kubernetes_executor.py
[2023-06-21T01:16:31.670+0100] {processor.py:826} INFO - Processing file /home/opeyemi/.local/lib/python3.10/site-packages/airflow/example_dags/example_local_kubernetes_executor.py for tasks to queue
[2023-06-21T01:16:31.671+0100] {logging_mixin.py:149} INFO - [2023-06-21T01:16:31.671+0100] {dagbag.py:541} INFO - Filling up the DagBag from /home/opeyemi/.local/lib/python3.10/site-packages/airflow/example_dags/example_local_kubernetes_executor.py
[2023-06-21T01:16:31.678+0100] {logging_mixin.py:149} INFO - [2023-06-21T01:16:31.676+0100] {example_local_kubernetes_executor.py:39} WARNING - Could not import DAGs in example_local_kubernetes_executor.py
Traceback (most recent call last):
  File "/home/opeyemi/.local/lib/python3.10/site-packages/airflow/example_dags/example_local_kubernetes_executor.py", line 37, in <module>
    from kubernetes.client import models as k8s
ModuleNotFoundError: No module named 'kubernetes'
[2023-06-21T01:16:31.679+0100] {logging_mixin.py:149} INFO - [2023-06-21T01:16:31.678+0100] {example_local_kubernetes_executor.py:40} WARNING - Install Kubernetes dependencies with: pip install apache-airflow[cncf.kubernetes]
[2023-06-21T01:16:31.679+0100] {processor.py:838} WARNING - No viable dags retrieved from /home/opeyemi/.local/lib/python3.10/site-packages/airflow/example_dags/example_local_kubernetes_executor.py
[2023-06-21T01:16:31.702+0100] {processor.py:179} INFO - Processing /home/opeyemi/.local/lib/python3.10/site-packages/airflow/example_dags/example_local_kubernetes_executor.py took 0.077 seconds
[2023-06-21T01:17:48.135+0100] {processor.py:157} INFO - Started process (PID=21120) to work on /home/opeyemi/.local/lib/python3.10/site-packages/airflow/example_dags/example_local_kubernetes_executor.py
[2023-06-21T01:17:48.140+0100] {processor.py:826} INFO - Processing file /home/opeyemi/.local/lib/python3.10/site-packages/airflow/example_dags/example_local_kubernetes_executor.py for tasks to queue
[2023-06-21T01:17:48.141+0100] {logging_mixin.py:149} INFO - [2023-06-21T01:17:48.141+0100] {dagbag.py:541} INFO - Filling up the DagBag from /home/opeyemi/.local/lib/python3.10/site-packages/airflow/example_dags/example_local_kubernetes_executor.py
[2023-06-21T01:17:48.148+0100] {logging_mixin.py:149} INFO - [2023-06-21T01:17:48.147+0100] {example_local_kubernetes_executor.py:39} WARNING - Could not import DAGs in example_local_kubernetes_executor.py
Traceback (most recent call last):
  File "/home/opeyemi/.local/lib/python3.10/site-packages/airflow/example_dags/example_local_kubernetes_executor.py", line 37, in <module>
    from kubernetes.client import models as k8s
ModuleNotFoundError: No module named 'kubernetes'
[2023-06-21T01:17:48.149+0100] {logging_mixin.py:149} INFO - [2023-06-21T01:17:48.149+0100] {example_local_kubernetes_executor.py:40} WARNING - Install Kubernetes dependencies with: pip install apache-airflow[cncf.kubernetes]
[2023-06-21T01:17:48.150+0100] {processor.py:838} WARNING - No viable dags retrieved from /home/opeyemi/.local/lib/python3.10/site-packages/airflow/example_dags/example_local_kubernetes_executor.py
[2023-06-21T01:17:48.181+0100] {processor.py:179} INFO - Processing /home/opeyemi/.local/lib/python3.10/site-packages/airflow/example_dags/example_local_kubernetes_executor.py took 0.052 seconds
[2023-06-21T01:19:05.232+0100] {processor.py:157} INFO - Started process (PID=21179) to work on /home/opeyemi/.local/lib/python3.10/site-packages/airflow/example_dags/example_local_kubernetes_executor.py
[2023-06-21T01:19:05.272+0100] {processor.py:826} INFO - Processing file /home/opeyemi/.local/lib/python3.10/site-packages/airflow/example_dags/example_local_kubernetes_executor.py for tasks to queue
[2023-06-21T01:19:05.275+0100] {logging_mixin.py:149} INFO - [2023-06-21T01:19:05.275+0100] {dagbag.py:541} INFO - Filling up the DagBag from /home/opeyemi/.local/lib/python3.10/site-packages/airflow/example_dags/example_local_kubernetes_executor.py
[2023-06-21T01:19:05.306+0100] {logging_mixin.py:149} INFO - [2023-06-21T01:19:05.295+0100] {example_local_kubernetes_executor.py:39} WARNING - Could not import DAGs in example_local_kubernetes_executor.py
Traceback (most recent call last):
  File "/home/opeyemi/.local/lib/python3.10/site-packages/airflow/example_dags/example_local_kubernetes_executor.py", line 37, in <module>
    from kubernetes.client import models as k8s
ModuleNotFoundError: No module named 'kubernetes'
[2023-06-21T01:19:05.308+0100] {logging_mixin.py:149} INFO - [2023-06-21T01:19:05.307+0100] {example_local_kubernetes_executor.py:40} WARNING - Install Kubernetes dependencies with: pip install apache-airflow[cncf.kubernetes]
[2023-06-21T01:19:05.309+0100] {processor.py:838} WARNING - No viable dags retrieved from /home/opeyemi/.local/lib/python3.10/site-packages/airflow/example_dags/example_local_kubernetes_executor.py
[2023-06-21T01:19:05.387+0100] {processor.py:179} INFO - Processing /home/opeyemi/.local/lib/python3.10/site-packages/airflow/example_dags/example_local_kubernetes_executor.py took 0.165 seconds
[2023-06-21T01:20:33.875+0100] {processor.py:157} INFO - Started process (PID=21237) to work on /home/opeyemi/.local/lib/python3.10/site-packages/airflow/example_dags/example_local_kubernetes_executor.py
[2023-06-21T01:20:33.884+0100] {processor.py:826} INFO - Processing file /home/opeyemi/.local/lib/python3.10/site-packages/airflow/example_dags/example_local_kubernetes_executor.py for tasks to queue
[2023-06-21T01:20:33.885+0100] {logging_mixin.py:149} INFO - [2023-06-21T01:20:33.885+0100] {dagbag.py:541} INFO - Filling up the DagBag from /home/opeyemi/.local/lib/python3.10/site-packages/airflow/example_dags/example_local_kubernetes_executor.py
[2023-06-21T01:20:33.890+0100] {logging_mixin.py:149} INFO - [2023-06-21T01:20:33.890+0100] {example_local_kubernetes_executor.py:39} WARNING - Could not import DAGs in example_local_kubernetes_executor.py
Traceback (most recent call last):
  File "/home/opeyemi/.local/lib/python3.10/site-packages/airflow/example_dags/example_local_kubernetes_executor.py", line 37, in <module>
    from kubernetes.client import models as k8s
ModuleNotFoundError: No module named 'kubernetes'
[2023-06-21T01:20:33.891+0100] {logging_mixin.py:149} INFO - [2023-06-21T01:20:33.891+0100] {example_local_kubernetes_executor.py:40} WARNING - Install Kubernetes dependencies with: pip install apache-airflow[cncf.kubernetes]
[2023-06-21T01:20:33.891+0100] {processor.py:838} WARNING - No viable dags retrieved from /home/opeyemi/.local/lib/python3.10/site-packages/airflow/example_dags/example_local_kubernetes_executor.py
[2023-06-21T01:20:33.942+0100] {processor.py:179} INFO - Processing /home/opeyemi/.local/lib/python3.10/site-packages/airflow/example_dags/example_local_kubernetes_executor.py took 0.073 seconds
[2023-06-21T01:22:03.259+0100] {processor.py:157} INFO - Started process (PID=21280) to work on /home/opeyemi/.local/lib/python3.10/site-packages/airflow/example_dags/example_local_kubernetes_executor.py
[2023-06-21T01:22:03.265+0100] {processor.py:826} INFO - Processing file /home/opeyemi/.local/lib/python3.10/site-packages/airflow/example_dags/example_local_kubernetes_executor.py for tasks to queue
[2023-06-21T01:22:03.267+0100] {logging_mixin.py:149} INFO - [2023-06-21T01:22:03.267+0100] {dagbag.py:541} INFO - Filling up the DagBag from /home/opeyemi/.local/lib/python3.10/site-packages/airflow/example_dags/example_local_kubernetes_executor.py
[2023-06-21T01:22:03.276+0100] {logging_mixin.py:149} INFO - [2023-06-21T01:22:03.275+0100] {example_local_kubernetes_executor.py:39} WARNING - Could not import DAGs in example_local_kubernetes_executor.py
Traceback (most recent call last):
  File "/home/opeyemi/.local/lib/python3.10/site-packages/airflow/example_dags/example_local_kubernetes_executor.py", line 37, in <module>
    from kubernetes.client import models as k8s
ModuleNotFoundError: No module named 'kubernetes'
[2023-06-21T01:22:03.276+0100] {logging_mixin.py:149} INFO - [2023-06-21T01:22:03.276+0100] {example_local_kubernetes_executor.py:40} WARNING - Install Kubernetes dependencies with: pip install apache-airflow[cncf.kubernetes]
[2023-06-21T01:22:03.276+0100] {processor.py:838} WARNING - No viable dags retrieved from /home/opeyemi/.local/lib/python3.10/site-packages/airflow/example_dags/example_local_kubernetes_executor.py
[2023-06-21T01:22:03.301+0100] {processor.py:179} INFO - Processing /home/opeyemi/.local/lib/python3.10/site-packages/airflow/example_dags/example_local_kubernetes_executor.py took 0.053 seconds
[2023-06-21T01:23:48.072+0100] {processor.py:157} INFO - Started process (PID=21343) to work on /home/opeyemi/.local/lib/python3.10/site-packages/airflow/example_dags/example_local_kubernetes_executor.py
[2023-06-21T01:23:48.079+0100] {processor.py:826} INFO - Processing file /home/opeyemi/.local/lib/python3.10/site-packages/airflow/example_dags/example_local_kubernetes_executor.py for tasks to queue
[2023-06-21T01:23:48.080+0100] {logging_mixin.py:149} INFO - [2023-06-21T01:23:48.080+0100] {dagbag.py:541} INFO - Filling up the DagBag from /home/opeyemi/.local/lib/python3.10/site-packages/airflow/example_dags/example_local_kubernetes_executor.py
[2023-06-21T01:23:48.084+0100] {logging_mixin.py:149} INFO - [2023-06-21T01:23:48.084+0100] {example_local_kubernetes_executor.py:39} WARNING - Could not import DAGs in example_local_kubernetes_executor.py
Traceback (most recent call last):
  File "/home/opeyemi/.local/lib/python3.10/site-packages/airflow/example_dags/example_local_kubernetes_executor.py", line 37, in <module>
    from kubernetes.client import models as k8s
ModuleNotFoundError: No module named 'kubernetes'
[2023-06-21T01:23:48.085+0100] {logging_mixin.py:149} INFO - [2023-06-21T01:23:48.085+0100] {example_local_kubernetes_executor.py:40} WARNING - Install Kubernetes dependencies with: pip install apache-airflow[cncf.kubernetes]
[2023-06-21T01:23:48.085+0100] {processor.py:838} WARNING - No viable dags retrieved from /home/opeyemi/.local/lib/python3.10/site-packages/airflow/example_dags/example_local_kubernetes_executor.py
[2023-06-21T01:23:48.100+0100] {processor.py:179} INFO - Processing /home/opeyemi/.local/lib/python3.10/site-packages/airflow/example_dags/example_local_kubernetes_executor.py took 0.032 seconds
[2023-06-21T01:25:00.235+0100] {processor.py:157} INFO - Started process (PID=21576) to work on /home/opeyemi/.local/lib/python3.10/site-packages/airflow/example_dags/example_local_kubernetes_executor.py
[2023-06-21T01:25:00.249+0100] {processor.py:826} INFO - Processing file /home/opeyemi/.local/lib/python3.10/site-packages/airflow/example_dags/example_local_kubernetes_executor.py for tasks to queue
[2023-06-21T01:25:00.252+0100] {logging_mixin.py:149} INFO - [2023-06-21T01:25:00.252+0100] {dagbag.py:541} INFO - Filling up the DagBag from /home/opeyemi/.local/lib/python3.10/site-packages/airflow/example_dags/example_local_kubernetes_executor.py
[2023-06-21T01:25:00.264+0100] {logging_mixin.py:149} INFO - [2023-06-21T01:25:00.262+0100] {example_local_kubernetes_executor.py:39} WARNING - Could not import DAGs in example_local_kubernetes_executor.py
Traceback (most recent call last):
  File "/home/opeyemi/.local/lib/python3.10/site-packages/airflow/example_dags/example_local_kubernetes_executor.py", line 37, in <module>
    from kubernetes.client import models as k8s
ModuleNotFoundError: No module named 'kubernetes'
[2023-06-21T01:25:00.265+0100] {logging_mixin.py:149} INFO - [2023-06-21T01:25:00.264+0100] {example_local_kubernetes_executor.py:40} WARNING - Install Kubernetes dependencies with: pip install apache-airflow[cncf.kubernetes]
[2023-06-21T01:25:00.266+0100] {processor.py:838} WARNING - No viable dags retrieved from /home/opeyemi/.local/lib/python3.10/site-packages/airflow/example_dags/example_local_kubernetes_executor.py
[2023-06-21T01:25:00.305+0100] {processor.py:179} INFO - Processing /home/opeyemi/.local/lib/python3.10/site-packages/airflow/example_dags/example_local_kubernetes_executor.py took 0.094 seconds
[2023-06-21T01:26:12.742+0100] {processor.py:157} INFO - Started process (PID=21677) to work on /home/opeyemi/.local/lib/python3.10/site-packages/airflow/example_dags/example_local_kubernetes_executor.py
[2023-06-21T01:26:12.755+0100] {processor.py:826} INFO - Processing file /home/opeyemi/.local/lib/python3.10/site-packages/airflow/example_dags/example_local_kubernetes_executor.py for tasks to queue
[2023-06-21T01:26:12.758+0100] {logging_mixin.py:149} INFO - [2023-06-21T01:26:12.757+0100] {dagbag.py:541} INFO - Filling up the DagBag from /home/opeyemi/.local/lib/python3.10/site-packages/airflow/example_dags/example_local_kubernetes_executor.py
[2023-06-21T01:26:12.770+0100] {logging_mixin.py:149} INFO - [2023-06-21T01:26:12.768+0100] {example_local_kubernetes_executor.py:39} WARNING - Could not import DAGs in example_local_kubernetes_executor.py
Traceback (most recent call last):
  File "/home/opeyemi/.local/lib/python3.10/site-packages/airflow/example_dags/example_local_kubernetes_executor.py", line 37, in <module>
    from kubernetes.client import models as k8s
ModuleNotFoundError: No module named 'kubernetes'
[2023-06-21T01:26:12.772+0100] {logging_mixin.py:149} INFO - [2023-06-21T01:26:12.771+0100] {example_local_kubernetes_executor.py:40} WARNING - Install Kubernetes dependencies with: pip install apache-airflow[cncf.kubernetes]
[2023-06-21T01:26:12.772+0100] {processor.py:838} WARNING - No viable dags retrieved from /home/opeyemi/.local/lib/python3.10/site-packages/airflow/example_dags/example_local_kubernetes_executor.py
[2023-06-21T01:26:12.806+0100] {processor.py:179} INFO - Processing /home/opeyemi/.local/lib/python3.10/site-packages/airflow/example_dags/example_local_kubernetes_executor.py took 0.071 seconds
[2023-06-21T01:28:05.904+0100] {processor.py:157} INFO - Started process (PID=21785) to work on /home/opeyemi/.local/lib/python3.10/site-packages/airflow/example_dags/example_local_kubernetes_executor.py
[2023-06-21T01:28:05.994+0100] {processor.py:826} INFO - Processing file /home/opeyemi/.local/lib/python3.10/site-packages/airflow/example_dags/example_local_kubernetes_executor.py for tasks to queue
[2023-06-21T01:28:05.996+0100] {logging_mixin.py:149} INFO - [2023-06-21T01:28:05.996+0100] {dagbag.py:541} INFO - Filling up the DagBag from /home/opeyemi/.local/lib/python3.10/site-packages/airflow/example_dags/example_local_kubernetes_executor.py
[2023-06-21T01:28:06.003+0100] {logging_mixin.py:149} INFO - [2023-06-21T01:28:06.002+0100] {example_local_kubernetes_executor.py:39} WARNING - Could not import DAGs in example_local_kubernetes_executor.py
Traceback (most recent call last):
  File "/home/opeyemi/.local/lib/python3.10/site-packages/airflow/example_dags/example_local_kubernetes_executor.py", line 37, in <module>
    from kubernetes.client import models as k8s
ModuleNotFoundError: No module named 'kubernetes'
[2023-06-21T01:28:06.004+0100] {logging_mixin.py:149} INFO - [2023-06-21T01:28:06.004+0100] {example_local_kubernetes_executor.py:40} WARNING - Install Kubernetes dependencies with: pip install apache-airflow[cncf.kubernetes]
[2023-06-21T01:28:06.005+0100] {processor.py:838} WARNING - No viable dags retrieved from /home/opeyemi/.local/lib/python3.10/site-packages/airflow/example_dags/example_local_kubernetes_executor.py
[2023-06-21T01:28:06.035+0100] {processor.py:179} INFO - Processing /home/opeyemi/.local/lib/python3.10/site-packages/airflow/example_dags/example_local_kubernetes_executor.py took 0.144 seconds
[2023-06-21T01:29:19.773+0100] {processor.py:157} INFO - Started process (PID=21849) to work on /home/opeyemi/.local/lib/python3.10/site-packages/airflow/example_dags/example_local_kubernetes_executor.py
[2023-06-21T01:29:19.848+0100] {processor.py:826} INFO - Processing file /home/opeyemi/.local/lib/python3.10/site-packages/airflow/example_dags/example_local_kubernetes_executor.py for tasks to queue
[2023-06-21T01:29:19.850+0100] {logging_mixin.py:149} INFO - [2023-06-21T01:29:19.850+0100] {dagbag.py:541} INFO - Filling up the DagBag from /home/opeyemi/.local/lib/python3.10/site-packages/airflow/example_dags/example_local_kubernetes_executor.py
[2023-06-21T01:29:19.867+0100] {logging_mixin.py:149} INFO - [2023-06-21T01:29:19.857+0100] {example_local_kubernetes_executor.py:39} WARNING - Could not import DAGs in example_local_kubernetes_executor.py
Traceback (most recent call last):
  File "/home/opeyemi/.local/lib/python3.10/site-packages/airflow/example_dags/example_local_kubernetes_executor.py", line 37, in <module>
    from kubernetes.client import models as k8s
ModuleNotFoundError: No module named 'kubernetes'
[2023-06-21T01:29:19.868+0100] {logging_mixin.py:149} INFO - [2023-06-21T01:29:19.867+0100] {example_local_kubernetes_executor.py:40} WARNING - Install Kubernetes dependencies with: pip install apache-airflow[cncf.kubernetes]
[2023-06-21T01:29:19.868+0100] {processor.py:838} WARNING - No viable dags retrieved from /home/opeyemi/.local/lib/python3.10/site-packages/airflow/example_dags/example_local_kubernetes_executor.py
[2023-06-21T01:29:19.912+0100] {processor.py:179} INFO - Processing /home/opeyemi/.local/lib/python3.10/site-packages/airflow/example_dags/example_local_kubernetes_executor.py took 0.150 seconds
[2023-06-21T01:30:16.647+0100] {processor.py:157} INFO - Started process (PID=21900) to work on /home/opeyemi/.local/lib/python3.10/site-packages/airflow/example_dags/example_local_kubernetes_executor.py
[2023-06-21T01:30:16.665+0100] {processor.py:826} INFO - Processing file /home/opeyemi/.local/lib/python3.10/site-packages/airflow/example_dags/example_local_kubernetes_executor.py for tasks to queue
[2023-06-21T01:30:16.667+0100] {logging_mixin.py:149} INFO - [2023-06-21T01:30:16.666+0100] {dagbag.py:541} INFO - Filling up the DagBag from /home/opeyemi/.local/lib/python3.10/site-packages/airflow/example_dags/example_local_kubernetes_executor.py
[2023-06-21T01:30:16.675+0100] {logging_mixin.py:149} INFO - [2023-06-21T01:30:16.674+0100] {example_local_kubernetes_executor.py:39} WARNING - Could not import DAGs in example_local_kubernetes_executor.py
Traceback (most recent call last):
  File "/home/opeyemi/.local/lib/python3.10/site-packages/airflow/example_dags/example_local_kubernetes_executor.py", line 37, in <module>
    from kubernetes.client import models as k8s
ModuleNotFoundError: No module named 'kubernetes'
[2023-06-21T01:30:16.676+0100] {logging_mixin.py:149} INFO - [2023-06-21T01:30:16.675+0100] {example_local_kubernetes_executor.py:40} WARNING - Install Kubernetes dependencies with: pip install apache-airflow[cncf.kubernetes]
[2023-06-21T01:30:16.676+0100] {processor.py:838} WARNING - No viable dags retrieved from /home/opeyemi/.local/lib/python3.10/site-packages/airflow/example_dags/example_local_kubernetes_executor.py
[2023-06-21T01:30:16.720+0100] {processor.py:179} INFO - Processing /home/opeyemi/.local/lib/python3.10/site-packages/airflow/example_dags/example_local_kubernetes_executor.py took 0.104 seconds
[2023-06-21T01:31:16.681+0100] {processor.py:157} INFO - Started process (PID=21947) to work on /home/opeyemi/.local/lib/python3.10/site-packages/airflow/example_dags/example_local_kubernetes_executor.py
[2023-06-21T01:31:16.690+0100] {processor.py:826} INFO - Processing file /home/opeyemi/.local/lib/python3.10/site-packages/airflow/example_dags/example_local_kubernetes_executor.py for tasks to queue
[2023-06-21T01:31:16.693+0100] {logging_mixin.py:149} INFO - [2023-06-21T01:31:16.692+0100] {dagbag.py:541} INFO - Filling up the DagBag from /home/opeyemi/.local/lib/python3.10/site-packages/airflow/example_dags/example_local_kubernetes_executor.py
[2023-06-21T01:31:16.702+0100] {logging_mixin.py:149} INFO - [2023-06-21T01:31:16.701+0100] {example_local_kubernetes_executor.py:39} WARNING - Could not import DAGs in example_local_kubernetes_executor.py
Traceback (most recent call last):
  File "/home/opeyemi/.local/lib/python3.10/site-packages/airflow/example_dags/example_local_kubernetes_executor.py", line 37, in <module>
    from kubernetes.client import models as k8s
ModuleNotFoundError: No module named 'kubernetes'
[2023-06-21T01:31:16.703+0100] {logging_mixin.py:149} INFO - [2023-06-21T01:31:16.703+0100] {example_local_kubernetes_executor.py:40} WARNING - Install Kubernetes dependencies with: pip install apache-airflow[cncf.kubernetes]
[2023-06-21T01:31:16.703+0100] {processor.py:838} WARNING - No viable dags retrieved from /home/opeyemi/.local/lib/python3.10/site-packages/airflow/example_dags/example_local_kubernetes_executor.py
[2023-06-21T01:31:16.742+0100] {processor.py:179} INFO - Processing /home/opeyemi/.local/lib/python3.10/site-packages/airflow/example_dags/example_local_kubernetes_executor.py took 0.073 seconds
[2023-06-21T01:32:17.368+0100] {processor.py:157} INFO - Started process (PID=22001) to work on /home/opeyemi/.local/lib/python3.10/site-packages/airflow/example_dags/example_local_kubernetes_executor.py
[2023-06-21T01:32:17.378+0100] {processor.py:826} INFO - Processing file /home/opeyemi/.local/lib/python3.10/site-packages/airflow/example_dags/example_local_kubernetes_executor.py for tasks to queue
[2023-06-21T01:32:17.380+0100] {logging_mixin.py:149} INFO - [2023-06-21T01:32:17.379+0100] {dagbag.py:541} INFO - Filling up the DagBag from /home/opeyemi/.local/lib/python3.10/site-packages/airflow/example_dags/example_local_kubernetes_executor.py
[2023-06-21T01:32:17.385+0100] {logging_mixin.py:149} INFO - [2023-06-21T01:32:17.384+0100] {example_local_kubernetes_executor.py:39} WARNING - Could not import DAGs in example_local_kubernetes_executor.py
Traceback (most recent call last):
  File "/home/opeyemi/.local/lib/python3.10/site-packages/airflow/example_dags/example_local_kubernetes_executor.py", line 37, in <module>
    from kubernetes.client import models as k8s
ModuleNotFoundError: No module named 'kubernetes'
[2023-06-21T01:32:17.386+0100] {logging_mixin.py:149} INFO - [2023-06-21T01:32:17.385+0100] {example_local_kubernetes_executor.py:40} WARNING - Install Kubernetes dependencies with: pip install apache-airflow[cncf.kubernetes]
[2023-06-21T01:32:17.386+0100] {processor.py:838} WARNING - No viable dags retrieved from /home/opeyemi/.local/lib/python3.10/site-packages/airflow/example_dags/example_local_kubernetes_executor.py
[2023-06-21T01:32:17.401+0100] {processor.py:179} INFO - Processing /home/opeyemi/.local/lib/python3.10/site-packages/airflow/example_dags/example_local_kubernetes_executor.py took 0.044 seconds
[2023-06-21T01:33:14.922+0100] {processor.py:157} INFO - Started process (PID=22060) to work on /home/opeyemi/.local/lib/python3.10/site-packages/airflow/example_dags/example_local_kubernetes_executor.py
[2023-06-21T01:33:14.933+0100] {processor.py:826} INFO - Processing file /home/opeyemi/.local/lib/python3.10/site-packages/airflow/example_dags/example_local_kubernetes_executor.py for tasks to queue
[2023-06-21T01:33:14.935+0100] {logging_mixin.py:149} INFO - [2023-06-21T01:33:14.935+0100] {dagbag.py:541} INFO - Filling up the DagBag from /home/opeyemi/.local/lib/python3.10/site-packages/airflow/example_dags/example_local_kubernetes_executor.py
[2023-06-21T01:33:14.947+0100] {logging_mixin.py:149} INFO - [2023-06-21T01:33:14.944+0100] {example_local_kubernetes_executor.py:39} WARNING - Could not import DAGs in example_local_kubernetes_executor.py
Traceback (most recent call last):
  File "/home/opeyemi/.local/lib/python3.10/site-packages/airflow/example_dags/example_local_kubernetes_executor.py", line 37, in <module>
    from kubernetes.client import models as k8s
ModuleNotFoundError: No module named 'kubernetes'
[2023-06-21T01:33:14.950+0100] {logging_mixin.py:149} INFO - [2023-06-21T01:33:14.948+0100] {example_local_kubernetes_executor.py:40} WARNING - Install Kubernetes dependencies with: pip install apache-airflow[cncf.kubernetes]
[2023-06-21T01:33:14.951+0100] {processor.py:838} WARNING - No viable dags retrieved from /home/opeyemi/.local/lib/python3.10/site-packages/airflow/example_dags/example_local_kubernetes_executor.py
[2023-06-21T01:33:15.013+0100] {processor.py:179} INFO - Processing /home/opeyemi/.local/lib/python3.10/site-packages/airflow/example_dags/example_local_kubernetes_executor.py took 0.104 seconds
[2023-06-21T01:34:08.425+0100] {processor.py:157} INFO - Started process (PID=22238) to work on /home/opeyemi/.local/lib/python3.10/site-packages/airflow/example_dags/example_local_kubernetes_executor.py
[2023-06-21T01:34:08.430+0100] {processor.py:826} INFO - Processing file /home/opeyemi/.local/lib/python3.10/site-packages/airflow/example_dags/example_local_kubernetes_executor.py for tasks to queue
[2023-06-21T01:34:08.432+0100] {logging_mixin.py:149} INFO - [2023-06-21T01:34:08.432+0100] {dagbag.py:541} INFO - Filling up the DagBag from /home/opeyemi/.local/lib/python3.10/site-packages/airflow/example_dags/example_local_kubernetes_executor.py
[2023-06-21T01:34:08.441+0100] {logging_mixin.py:149} INFO - [2023-06-21T01:34:08.439+0100] {example_local_kubernetes_executor.py:39} WARNING - Could not import DAGs in example_local_kubernetes_executor.py
Traceback (most recent call last):
  File "/home/opeyemi/.local/lib/python3.10/site-packages/airflow/example_dags/example_local_kubernetes_executor.py", line 37, in <module>
    from kubernetes.client import models as k8s
ModuleNotFoundError: No module named 'kubernetes'
[2023-06-21T01:34:08.441+0100] {logging_mixin.py:149} INFO - [2023-06-21T01:34:08.441+0100] {example_local_kubernetes_executor.py:40} WARNING - Install Kubernetes dependencies with: pip install apache-airflow[cncf.kubernetes]
[2023-06-21T01:34:08.442+0100] {processor.py:838} WARNING - No viable dags retrieved from /home/opeyemi/.local/lib/python3.10/site-packages/airflow/example_dags/example_local_kubernetes_executor.py
[2023-06-21T01:34:08.484+0100] {processor.py:179} INFO - Processing /home/opeyemi/.local/lib/python3.10/site-packages/airflow/example_dags/example_local_kubernetes_executor.py took 0.070 seconds
[2023-06-21T01:35:00.694+0100] {processor.py:157} INFO - Started process (PID=22446) to work on /home/opeyemi/.local/lib/python3.10/site-packages/airflow/example_dags/example_local_kubernetes_executor.py
[2023-06-21T01:35:00.696+0100] {processor.py:826} INFO - Processing file /home/opeyemi/.local/lib/python3.10/site-packages/airflow/example_dags/example_local_kubernetes_executor.py for tasks to queue
[2023-06-21T01:35:00.697+0100] {logging_mixin.py:149} INFO - [2023-06-21T01:35:00.696+0100] {dagbag.py:541} INFO - Filling up the DagBag from /home/opeyemi/.local/lib/python3.10/site-packages/airflow/example_dags/example_local_kubernetes_executor.py
[2023-06-21T01:35:00.702+0100] {logging_mixin.py:149} INFO - [2023-06-21T01:35:00.701+0100] {example_local_kubernetes_executor.py:39} WARNING - Could not import DAGs in example_local_kubernetes_executor.py
Traceback (most recent call last):
  File "/home/opeyemi/.local/lib/python3.10/site-packages/airflow/example_dags/example_local_kubernetes_executor.py", line 37, in <module>
    from kubernetes.client import models as k8s
ModuleNotFoundError: No module named 'kubernetes'
[2023-06-21T01:35:00.703+0100] {logging_mixin.py:149} INFO - [2023-06-21T01:35:00.702+0100] {example_local_kubernetes_executor.py:40} WARNING - Install Kubernetes dependencies with: pip install apache-airflow[cncf.kubernetes]
[2023-06-21T01:35:00.703+0100] {processor.py:838} WARNING - No viable dags retrieved from /home/opeyemi/.local/lib/python3.10/site-packages/airflow/example_dags/example_local_kubernetes_executor.py
[2023-06-21T01:35:00.716+0100] {processor.py:179} INFO - Processing /home/opeyemi/.local/lib/python3.10/site-packages/airflow/example_dags/example_local_kubernetes_executor.py took 0.026 seconds
[2023-06-21T01:35:55.380+0100] {processor.py:157} INFO - Started process (PID=22655) to work on /home/opeyemi/.local/lib/python3.10/site-packages/airflow/example_dags/example_local_kubernetes_executor.py
[2023-06-21T01:35:55.383+0100] {processor.py:826} INFO - Processing file /home/opeyemi/.local/lib/python3.10/site-packages/airflow/example_dags/example_local_kubernetes_executor.py for tasks to queue
[2023-06-21T01:35:55.385+0100] {logging_mixin.py:149} INFO - [2023-06-21T01:35:55.384+0100] {dagbag.py:541} INFO - Filling up the DagBag from /home/opeyemi/.local/lib/python3.10/site-packages/airflow/example_dags/example_local_kubernetes_executor.py
[2023-06-21T01:35:55.393+0100] {logging_mixin.py:149} INFO - [2023-06-21T01:35:55.391+0100] {example_local_kubernetes_executor.py:39} WARNING - Could not import DAGs in example_local_kubernetes_executor.py
Traceback (most recent call last):
  File "/home/opeyemi/.local/lib/python3.10/site-packages/airflow/example_dags/example_local_kubernetes_executor.py", line 37, in <module>
    from kubernetes.client import models as k8s
ModuleNotFoundError: No module named 'kubernetes'
[2023-06-21T01:35:55.393+0100] {logging_mixin.py:149} INFO - [2023-06-21T01:35:55.393+0100] {example_local_kubernetes_executor.py:40} WARNING - Install Kubernetes dependencies with: pip install apache-airflow[cncf.kubernetes]
[2023-06-21T01:35:55.394+0100] {processor.py:838} WARNING - No viable dags retrieved from /home/opeyemi/.local/lib/python3.10/site-packages/airflow/example_dags/example_local_kubernetes_executor.py
[2023-06-21T01:35:55.424+0100] {processor.py:179} INFO - Processing /home/opeyemi/.local/lib/python3.10/site-packages/airflow/example_dags/example_local_kubernetes_executor.py took 0.054 seconds
[2023-06-21T01:36:50.759+0100] {processor.py:157} INFO - Started process (PID=22767) to work on /home/opeyemi/.local/lib/python3.10/site-packages/airflow/example_dags/example_local_kubernetes_executor.py
[2023-06-21T01:36:50.762+0100] {processor.py:826} INFO - Processing file /home/opeyemi/.local/lib/python3.10/site-packages/airflow/example_dags/example_local_kubernetes_executor.py for tasks to queue
[2023-06-21T01:36:50.764+0100] {logging_mixin.py:149} INFO - [2023-06-21T01:36:50.764+0100] {dagbag.py:541} INFO - Filling up the DagBag from /home/opeyemi/.local/lib/python3.10/site-packages/airflow/example_dags/example_local_kubernetes_executor.py
[2023-06-21T01:36:50.773+0100] {logging_mixin.py:149} INFO - [2023-06-21T01:36:50.771+0100] {example_local_kubernetes_executor.py:39} WARNING - Could not import DAGs in example_local_kubernetes_executor.py
Traceback (most recent call last):
  File "/home/opeyemi/.local/lib/python3.10/site-packages/airflow/example_dags/example_local_kubernetes_executor.py", line 37, in <module>
    from kubernetes.client import models as k8s
ModuleNotFoundError: No module named 'kubernetes'
[2023-06-21T01:36:50.773+0100] {logging_mixin.py:149} INFO - [2023-06-21T01:36:50.773+0100] {example_local_kubernetes_executor.py:40} WARNING - Install Kubernetes dependencies with: pip install apache-airflow[cncf.kubernetes]
[2023-06-21T01:36:50.774+0100] {processor.py:838} WARNING - No viable dags retrieved from /home/opeyemi/.local/lib/python3.10/site-packages/airflow/example_dags/example_local_kubernetes_executor.py
[2023-06-21T01:36:50.807+0100] {processor.py:179} INFO - Processing /home/opeyemi/.local/lib/python3.10/site-packages/airflow/example_dags/example_local_kubernetes_executor.py took 0.059 seconds
[2023-06-21T01:37:47.673+0100] {processor.py:157} INFO - Started process (PID=23076) to work on /home/opeyemi/.local/lib/python3.10/site-packages/airflow/example_dags/example_local_kubernetes_executor.py
[2023-06-21T01:37:47.687+0100] {processor.py:826} INFO - Processing file /home/opeyemi/.local/lib/python3.10/site-packages/airflow/example_dags/example_local_kubernetes_executor.py for tasks to queue
[2023-06-21T01:37:47.691+0100] {logging_mixin.py:149} INFO - [2023-06-21T01:37:47.690+0100] {dagbag.py:541} INFO - Filling up the DagBag from /home/opeyemi/.local/lib/python3.10/site-packages/airflow/example_dags/example_local_kubernetes_executor.py
[2023-06-21T01:37:47.704+0100] {logging_mixin.py:149} INFO - [2023-06-21T01:37:47.701+0100] {example_local_kubernetes_executor.py:39} WARNING - Could not import DAGs in example_local_kubernetes_executor.py
Traceback (most recent call last):
  File "/home/opeyemi/.local/lib/python3.10/site-packages/airflow/example_dags/example_local_kubernetes_executor.py", line 37, in <module>
    from kubernetes.client import models as k8s
ModuleNotFoundError: No module named 'kubernetes'
[2023-06-21T01:37:47.705+0100] {logging_mixin.py:149} INFO - [2023-06-21T01:37:47.704+0100] {example_local_kubernetes_executor.py:40} WARNING - Install Kubernetes dependencies with: pip install apache-airflow[cncf.kubernetes]
[2023-06-21T01:37:47.706+0100] {processor.py:838} WARNING - No viable dags retrieved from /home/opeyemi/.local/lib/python3.10/site-packages/airflow/example_dags/example_local_kubernetes_executor.py
[2023-06-21T01:37:47.745+0100] {processor.py:179} INFO - Processing /home/opeyemi/.local/lib/python3.10/site-packages/airflow/example_dags/example_local_kubernetes_executor.py took 0.087 seconds
[2023-06-21T01:38:44.533+0100] {processor.py:157} INFO - Started process (PID=23274) to work on /home/opeyemi/.local/lib/python3.10/site-packages/airflow/example_dags/example_local_kubernetes_executor.py
[2023-06-21T01:38:44.537+0100] {processor.py:826} INFO - Processing file /home/opeyemi/.local/lib/python3.10/site-packages/airflow/example_dags/example_local_kubernetes_executor.py for tasks to queue
[2023-06-21T01:38:44.539+0100] {logging_mixin.py:149} INFO - [2023-06-21T01:38:44.539+0100] {dagbag.py:541} INFO - Filling up the DagBag from /home/opeyemi/.local/lib/python3.10/site-packages/airflow/example_dags/example_local_kubernetes_executor.py
[2023-06-21T01:38:44.548+0100] {logging_mixin.py:149} INFO - [2023-06-21T01:38:44.546+0100] {example_local_kubernetes_executor.py:39} WARNING - Could not import DAGs in example_local_kubernetes_executor.py
Traceback (most recent call last):
  File "/home/opeyemi/.local/lib/python3.10/site-packages/airflow/example_dags/example_local_kubernetes_executor.py", line 37, in <module>
    from kubernetes.client import models as k8s
ModuleNotFoundError: No module named 'kubernetes'
[2023-06-21T01:38:44.549+0100] {logging_mixin.py:149} INFO - [2023-06-21T01:38:44.548+0100] {example_local_kubernetes_executor.py:40} WARNING - Install Kubernetes dependencies with: pip install apache-airflow[cncf.kubernetes]
[2023-06-21T01:38:44.549+0100] {processor.py:838} WARNING - No viable dags retrieved from /home/opeyemi/.local/lib/python3.10/site-packages/airflow/example_dags/example_local_kubernetes_executor.py
[2023-06-21T01:38:44.591+0100] {processor.py:179} INFO - Processing /home/opeyemi/.local/lib/python3.10/site-packages/airflow/example_dags/example_local_kubernetes_executor.py took 0.068 seconds
[2023-06-21T01:39:38.463+0100] {processor.py:157} INFO - Started process (PID=23321) to work on /home/opeyemi/.local/lib/python3.10/site-packages/airflow/example_dags/example_local_kubernetes_executor.py
[2023-06-21T01:39:38.467+0100] {processor.py:826} INFO - Processing file /home/opeyemi/.local/lib/python3.10/site-packages/airflow/example_dags/example_local_kubernetes_executor.py for tasks to queue
[2023-06-21T01:39:38.468+0100] {logging_mixin.py:149} INFO - [2023-06-21T01:39:38.468+0100] {dagbag.py:541} INFO - Filling up the DagBag from /home/opeyemi/.local/lib/python3.10/site-packages/airflow/example_dags/example_local_kubernetes_executor.py
[2023-06-21T01:39:38.475+0100] {logging_mixin.py:149} INFO - [2023-06-21T01:39:38.474+0100] {example_local_kubernetes_executor.py:39} WARNING - Could not import DAGs in example_local_kubernetes_executor.py
Traceback (most recent call last):
  File "/home/opeyemi/.local/lib/python3.10/site-packages/airflow/example_dags/example_local_kubernetes_executor.py", line 37, in <module>
    from kubernetes.client import models as k8s
ModuleNotFoundError: No module named 'kubernetes'
[2023-06-21T01:39:38.476+0100] {logging_mixin.py:149} INFO - [2023-06-21T01:39:38.476+0100] {example_local_kubernetes_executor.py:40} WARNING - Install Kubernetes dependencies with: pip install apache-airflow[cncf.kubernetes]
[2023-06-21T01:39:38.476+0100] {processor.py:838} WARNING - No viable dags retrieved from /home/opeyemi/.local/lib/python3.10/site-packages/airflow/example_dags/example_local_kubernetes_executor.py
[2023-06-21T01:39:38.503+0100] {processor.py:179} INFO - Processing /home/opeyemi/.local/lib/python3.10/site-packages/airflow/example_dags/example_local_kubernetes_executor.py took 0.049 seconds
[2023-06-21T01:40:31.145+0100] {processor.py:157} INFO - Started process (PID=23377) to work on /home/opeyemi/.local/lib/python3.10/site-packages/airflow/example_dags/example_local_kubernetes_executor.py
[2023-06-21T01:40:31.149+0100] {processor.py:826} INFO - Processing file /home/opeyemi/.local/lib/python3.10/site-packages/airflow/example_dags/example_local_kubernetes_executor.py for tasks to queue
[2023-06-21T01:40:31.150+0100] {logging_mixin.py:149} INFO - [2023-06-21T01:40:31.150+0100] {dagbag.py:541} INFO - Filling up the DagBag from /home/opeyemi/.local/lib/python3.10/site-packages/airflow/example_dags/example_local_kubernetes_executor.py
[2023-06-21T01:40:31.160+0100] {logging_mixin.py:149} INFO - [2023-06-21T01:40:31.158+0100] {example_local_kubernetes_executor.py:39} WARNING - Could not import DAGs in example_local_kubernetes_executor.py
Traceback (most recent call last):
  File "/home/opeyemi/.local/lib/python3.10/site-packages/airflow/example_dags/example_local_kubernetes_executor.py", line 37, in <module>
    from kubernetes.client import models as k8s
ModuleNotFoundError: No module named 'kubernetes'
[2023-06-21T01:40:31.161+0100] {logging_mixin.py:149} INFO - [2023-06-21T01:40:31.160+0100] {example_local_kubernetes_executor.py:40} WARNING - Install Kubernetes dependencies with: pip install apache-airflow[cncf.kubernetes]
[2023-06-21T01:40:31.161+0100] {processor.py:838} WARNING - No viable dags retrieved from /home/opeyemi/.local/lib/python3.10/site-packages/airflow/example_dags/example_local_kubernetes_executor.py
[2023-06-21T01:40:31.198+0100] {processor.py:179} INFO - Processing /home/opeyemi/.local/lib/python3.10/site-packages/airflow/example_dags/example_local_kubernetes_executor.py took 0.064 seconds
