[2023-06-21T01:01:15.112+0100] {processor.py:157} INFO - Started process (PID=20564) to work on /home/opeyemi/.local/lib/python3.10/site-packages/airflow/example_dags/example_dynamic_task_mapping.py
[2023-06-21T01:01:15.126+0100] {processor.py:826} INFO - Processing file /home/opeyemi/.local/lib/python3.10/site-packages/airflow/example_dags/example_dynamic_task_mapping.py for tasks to queue
[2023-06-21T01:01:15.139+0100] {logging_mixin.py:149} INFO - [2023-06-21T01:01:15.138+0100] {dagbag.py:541} INFO - Filling up the DagBag from /home/opeyemi/.local/lib/python3.10/site-packages/airflow/example_dags/example_dynamic_task_mapping.py
[2023-06-21T01:01:15.203+0100] {processor.py:836} INFO - DAG(s) dict_keys(['example_dynamic_task_mapping']) retrieved from /home/opeyemi/.local/lib/python3.10/site-packages/airflow/example_dags/example_dynamic_task_mapping.py
[2023-06-21T01:01:15.246+0100] {logging_mixin.py:149} INFO - [2023-06-21T01:01:15.245+0100] {dag.py:2726} INFO - Sync 1 DAGs
[2023-06-21T01:01:15.282+0100] {logging_mixin.py:149} INFO - [2023-06-21T01:01:15.281+0100] {dag.py:3486} INFO - Setting next_dagrun for example_dynamic_task_mapping to 2022-03-04T00:00:00+00:00, run_after=2022-03-05T00:00:00+00:00
[2023-06-21T01:01:15.386+0100] {processor.py:179} INFO - Processing /home/opeyemi/.local/lib/python3.10/site-packages/airflow/example_dags/example_dynamic_task_mapping.py took 0.312 seconds
[2023-06-21T01:03:44.438+0100] {processor.py:157} INFO - Started process (PID=20645) to work on /home/opeyemi/.local/lib/python3.10/site-packages/airflow/example_dags/example_dynamic_task_mapping.py
[2023-06-21T01:03:44.561+0100] {processor.py:826} INFO - Processing file /home/opeyemi/.local/lib/python3.10/site-packages/airflow/example_dags/example_dynamic_task_mapping.py for tasks to queue
[2023-06-21T01:03:44.563+0100] {logging_mixin.py:149} INFO - [2023-06-21T01:03:44.562+0100] {dagbag.py:541} INFO - Filling up the DagBag from /home/opeyemi/.local/lib/python3.10/site-packages/airflow/example_dags/example_dynamic_task_mapping.py
[2023-06-21T01:03:44.586+0100] {processor.py:836} INFO - DAG(s) dict_keys(['example_dynamic_task_mapping']) retrieved from /home/opeyemi/.local/lib/python3.10/site-packages/airflow/example_dags/example_dynamic_task_mapping.py
[2023-06-21T01:03:44.610+0100] {logging_mixin.py:149} INFO - [2023-06-21T01:03:44.610+0100] {dag.py:2726} INFO - Sync 1 DAGs
[2023-06-21T01:03:44.639+0100] {logging_mixin.py:149} INFO - [2023-06-21T01:03:44.639+0100] {dag.py:3486} INFO - Setting next_dagrun for example_dynamic_task_mapping to 2022-03-04T00:00:00+00:00, run_after=2022-03-05T00:00:00+00:00
[2023-06-21T01:03:44.819+0100] {processor.py:179} INFO - Processing /home/opeyemi/.local/lib/python3.10/site-packages/airflow/example_dags/example_dynamic_task_mapping.py took 0.395 seconds
[2023-06-21T01:06:13.596+0100] {processor.py:157} INFO - Started process (PID=20716) to work on /home/opeyemi/.local/lib/python3.10/site-packages/airflow/example_dags/example_dynamic_task_mapping.py
[2023-06-21T01:06:13.689+0100] {processor.py:826} INFO - Processing file /home/opeyemi/.local/lib/python3.10/site-packages/airflow/example_dags/example_dynamic_task_mapping.py for tasks to queue
[2023-06-21T01:06:13.694+0100] {logging_mixin.py:149} INFO - [2023-06-21T01:06:13.693+0100] {dagbag.py:541} INFO - Filling up the DagBag from /home/opeyemi/.local/lib/python3.10/site-packages/airflow/example_dags/example_dynamic_task_mapping.py
[2023-06-21T01:06:13.805+0100] {processor.py:836} INFO - DAG(s) dict_keys(['example_dynamic_task_mapping']) retrieved from /home/opeyemi/.local/lib/python3.10/site-packages/airflow/example_dags/example_dynamic_task_mapping.py
[2023-06-21T01:06:13.933+0100] {logging_mixin.py:149} INFO - [2023-06-21T01:06:13.933+0100] {dag.py:2726} INFO - Sync 1 DAGs
[2023-06-21T01:06:13.971+0100] {logging_mixin.py:149} INFO - [2023-06-21T01:06:13.971+0100] {dag.py:3486} INFO - Setting next_dagrun for example_dynamic_task_mapping to 2022-03-04T00:00:00+00:00, run_after=2022-03-05T00:00:00+00:00
[2023-06-21T01:06:14.093+0100] {processor.py:179} INFO - Processing /home/opeyemi/.local/lib/python3.10/site-packages/airflow/example_dags/example_dynamic_task_mapping.py took 0.501 seconds
[2023-06-21T01:08:29.218+0100] {processor.py:157} INFO - Started process (PID=20801) to work on /home/opeyemi/.local/lib/python3.10/site-packages/airflow/example_dags/example_dynamic_task_mapping.py
[2023-06-21T01:08:29.317+0100] {processor.py:826} INFO - Processing file /home/opeyemi/.local/lib/python3.10/site-packages/airflow/example_dags/example_dynamic_task_mapping.py for tasks to queue
[2023-06-21T01:08:29.319+0100] {logging_mixin.py:149} INFO - [2023-06-21T01:08:29.319+0100] {dagbag.py:541} INFO - Filling up the DagBag from /home/opeyemi/.local/lib/python3.10/site-packages/airflow/example_dags/example_dynamic_task_mapping.py
[2023-06-21T01:08:29.343+0100] {processor.py:836} INFO - DAG(s) dict_keys(['example_dynamic_task_mapping']) retrieved from /home/opeyemi/.local/lib/python3.10/site-packages/airflow/example_dags/example_dynamic_task_mapping.py
[2023-06-21T01:08:29.391+0100] {logging_mixin.py:149} INFO - [2023-06-21T01:08:29.391+0100] {dag.py:2726} INFO - Sync 1 DAGs
[2023-06-21T01:08:29.445+0100] {logging_mixin.py:149} INFO - [2023-06-21T01:08:29.444+0100] {dag.py:3486} INFO - Setting next_dagrun for example_dynamic_task_mapping to 2022-03-04T00:00:00+00:00, run_after=2022-03-05T00:00:00+00:00
[2023-06-21T01:08:29.504+0100] {processor.py:179} INFO - Processing /home/opeyemi/.local/lib/python3.10/site-packages/airflow/example_dags/example_dynamic_task_mapping.py took 0.294 seconds
[2023-06-21T01:10:20.092+0100] {processor.py:157} INFO - Started process (PID=20868) to work on /home/opeyemi/.local/lib/python3.10/site-packages/airflow/example_dags/example_dynamic_task_mapping.py
[2023-06-21T01:10:20.096+0100] {processor.py:826} INFO - Processing file /home/opeyemi/.local/lib/python3.10/site-packages/airflow/example_dags/example_dynamic_task_mapping.py for tasks to queue
[2023-06-21T01:10:20.107+0100] {logging_mixin.py:149} INFO - [2023-06-21T01:10:20.098+0100] {dagbag.py:541} INFO - Filling up the DagBag from /home/opeyemi/.local/lib/python3.10/site-packages/airflow/example_dags/example_dynamic_task_mapping.py
[2023-06-21T01:10:20.128+0100] {processor.py:836} INFO - DAG(s) dict_keys(['example_dynamic_task_mapping']) retrieved from /home/opeyemi/.local/lib/python3.10/site-packages/airflow/example_dags/example_dynamic_task_mapping.py
[2023-06-21T01:10:20.196+0100] {logging_mixin.py:149} INFO - [2023-06-21T01:10:20.196+0100] {dag.py:2726} INFO - Sync 1 DAGs
[2023-06-21T01:10:20.260+0100] {logging_mixin.py:149} INFO - [2023-06-21T01:10:20.259+0100] {dag.py:3486} INFO - Setting next_dagrun for example_dynamic_task_mapping to 2022-03-04T00:00:00+00:00, run_after=2022-03-05T00:00:00+00:00
[2023-06-21T01:10:20.349+0100] {processor.py:179} INFO - Processing /home/opeyemi/.local/lib/python3.10/site-packages/airflow/example_dags/example_dynamic_task_mapping.py took 0.290 seconds
[2023-06-21T01:12:45.545+0100] {processor.py:157} INFO - Started process (PID=20955) to work on /home/opeyemi/.local/lib/python3.10/site-packages/airflow/example_dags/example_dynamic_task_mapping.py
[2023-06-21T01:12:45.593+0100] {processor.py:826} INFO - Processing file /home/opeyemi/.local/lib/python3.10/site-packages/airflow/example_dags/example_dynamic_task_mapping.py for tasks to queue
[2023-06-21T01:12:45.596+0100] {logging_mixin.py:149} INFO - [2023-06-21T01:12:45.595+0100] {dagbag.py:541} INFO - Filling up the DagBag from /home/opeyemi/.local/lib/python3.10/site-packages/airflow/example_dags/example_dynamic_task_mapping.py
[2023-06-21T01:12:45.622+0100] {processor.py:836} INFO - DAG(s) dict_keys(['example_dynamic_task_mapping']) retrieved from /home/opeyemi/.local/lib/python3.10/site-packages/airflow/example_dags/example_dynamic_task_mapping.py
[2023-06-21T01:12:45.677+0100] {logging_mixin.py:149} INFO - [2023-06-21T01:12:45.676+0100] {dag.py:2726} INFO - Sync 1 DAGs
[2023-06-21T01:12:45.736+0100] {logging_mixin.py:149} INFO - [2023-06-21T01:12:45.736+0100] {dag.py:3486} INFO - Setting next_dagrun for example_dynamic_task_mapping to 2022-03-04T00:00:00+00:00, run_after=2022-03-05T00:00:00+00:00
[2023-06-21T01:12:46.157+0100] {processor.py:179} INFO - Processing /home/opeyemi/.local/lib/python3.10/site-packages/airflow/example_dags/example_dynamic_task_mapping.py took 0.622 seconds
[2023-06-21T01:14:45.248+0100] {processor.py:157} INFO - Started process (PID=21023) to work on /home/opeyemi/.local/lib/python3.10/site-packages/airflow/example_dags/example_dynamic_task_mapping.py
[2023-06-21T01:14:45.255+0100] {processor.py:826} INFO - Processing file /home/opeyemi/.local/lib/python3.10/site-packages/airflow/example_dags/example_dynamic_task_mapping.py for tasks to queue
[2023-06-21T01:14:45.260+0100] {logging_mixin.py:149} INFO - [2023-06-21T01:14:45.257+0100] {dagbag.py:541} INFO - Filling up the DagBag from /home/opeyemi/.local/lib/python3.10/site-packages/airflow/example_dags/example_dynamic_task_mapping.py
[2023-06-21T01:14:45.289+0100] {processor.py:836} INFO - DAG(s) dict_keys(['example_dynamic_task_mapping']) retrieved from /home/opeyemi/.local/lib/python3.10/site-packages/airflow/example_dags/example_dynamic_task_mapping.py
[2023-06-21T01:14:45.327+0100] {logging_mixin.py:149} INFO - [2023-06-21T01:14:45.327+0100] {dag.py:2726} INFO - Sync 1 DAGs
[2023-06-21T01:14:45.372+0100] {logging_mixin.py:149} INFO - [2023-06-21T01:14:45.372+0100] {dag.py:3486} INFO - Setting next_dagrun for example_dynamic_task_mapping to 2022-03-04T00:00:00+00:00, run_after=2022-03-05T00:00:00+00:00
[2023-06-21T01:14:45.487+0100] {processor.py:179} INFO - Processing /home/opeyemi/.local/lib/python3.10/site-packages/airflow/example_dags/example_dynamic_task_mapping.py took 0.260 seconds
[2023-06-21T01:17:19.350+0100] {processor.py:157} INFO - Started process (PID=21097) to work on /home/opeyemi/.local/lib/python3.10/site-packages/airflow/example_dags/example_dynamic_task_mapping.py
[2023-06-21T01:17:19.369+0100] {processor.py:826} INFO - Processing file /home/opeyemi/.local/lib/python3.10/site-packages/airflow/example_dags/example_dynamic_task_mapping.py for tasks to queue
[2023-06-21T01:17:19.372+0100] {logging_mixin.py:149} INFO - [2023-06-21T01:17:19.371+0100] {dagbag.py:541} INFO - Filling up the DagBag from /home/opeyemi/.local/lib/python3.10/site-packages/airflow/example_dags/example_dynamic_task_mapping.py
[2023-06-21T01:17:19.397+0100] {processor.py:836} INFO - DAG(s) dict_keys(['example_dynamic_task_mapping']) retrieved from /home/opeyemi/.local/lib/python3.10/site-packages/airflow/example_dags/example_dynamic_task_mapping.py
[2023-06-21T01:17:19.434+0100] {logging_mixin.py:149} INFO - [2023-06-21T01:17:19.434+0100] {dag.py:2726} INFO - Sync 1 DAGs
[2023-06-21T01:17:19.471+0100] {logging_mixin.py:149} INFO - [2023-06-21T01:17:19.471+0100] {dag.py:3486} INFO - Setting next_dagrun for example_dynamic_task_mapping to 2022-03-04T00:00:00+00:00, run_after=2022-03-05T00:00:00+00:00
[2023-06-21T01:17:19.598+0100] {processor.py:179} INFO - Processing /home/opeyemi/.local/lib/python3.10/site-packages/airflow/example_dags/example_dynamic_task_mapping.py took 0.270 seconds
[2023-06-21T01:18:32.856+0100] {processor.py:157} INFO - Started process (PID=21154) to work on /home/opeyemi/.local/lib/python3.10/site-packages/airflow/example_dags/example_dynamic_task_mapping.py
[2023-06-21T01:18:32.954+0100] {processor.py:826} INFO - Processing file /home/opeyemi/.local/lib/python3.10/site-packages/airflow/example_dags/example_dynamic_task_mapping.py for tasks to queue
[2023-06-21T01:18:32.956+0100] {logging_mixin.py:149} INFO - [2023-06-21T01:18:32.956+0100] {dagbag.py:541} INFO - Filling up the DagBag from /home/opeyemi/.local/lib/python3.10/site-packages/airflow/example_dags/example_dynamic_task_mapping.py
[2023-06-21T01:18:33.037+0100] {processor.py:836} INFO - DAG(s) dict_keys(['example_dynamic_task_mapping']) retrieved from /home/opeyemi/.local/lib/python3.10/site-packages/airflow/example_dags/example_dynamic_task_mapping.py
[2023-06-21T01:18:33.112+0100] {logging_mixin.py:149} INFO - [2023-06-21T01:18:33.112+0100] {dag.py:2726} INFO - Sync 1 DAGs
[2023-06-21T01:18:33.197+0100] {logging_mixin.py:149} INFO - [2023-06-21T01:18:33.196+0100] {dag.py:3486} INFO - Setting next_dagrun for example_dynamic_task_mapping to 2022-03-04T00:00:00+00:00, run_after=2022-03-05T00:00:00+00:00
[2023-06-21T01:18:33.555+0100] {processor.py:179} INFO - Processing /home/opeyemi/.local/lib/python3.10/site-packages/airflow/example_dags/example_dynamic_task_mapping.py took 0.717 seconds
[2023-06-21T01:19:48.152+0100] {processor.py:157} INFO - Started process (PID=21213) to work on /home/opeyemi/.local/lib/python3.10/site-packages/airflow/example_dags/example_dynamic_task_mapping.py
[2023-06-21T01:19:48.190+0100] {processor.py:826} INFO - Processing file /home/opeyemi/.local/lib/python3.10/site-packages/airflow/example_dags/example_dynamic_task_mapping.py for tasks to queue
[2023-06-21T01:19:48.191+0100] {logging_mixin.py:149} INFO - [2023-06-21T01:19:48.191+0100] {dagbag.py:541} INFO - Filling up the DagBag from /home/opeyemi/.local/lib/python3.10/site-packages/airflow/example_dags/example_dynamic_task_mapping.py
[2023-06-21T01:19:48.203+0100] {processor.py:836} INFO - DAG(s) dict_keys(['example_dynamic_task_mapping']) retrieved from /home/opeyemi/.local/lib/python3.10/site-packages/airflow/example_dags/example_dynamic_task_mapping.py
[2023-06-21T01:19:48.229+0100] {logging_mixin.py:149} INFO - [2023-06-21T01:19:48.228+0100] {dag.py:2726} INFO - Sync 1 DAGs
[2023-06-21T01:19:48.254+0100] {logging_mixin.py:149} INFO - [2023-06-21T01:19:48.254+0100] {dag.py:3486} INFO - Setting next_dagrun for example_dynamic_task_mapping to 2022-03-04T00:00:00+00:00, run_after=2022-03-05T00:00:00+00:00
[2023-06-21T01:19:48.760+0100] {processor.py:179} INFO - Processing /home/opeyemi/.local/lib/python3.10/site-packages/airflow/example_dags/example_dynamic_task_mapping.py took 0.618 seconds
[2023-06-21T01:22:22.208+0100] {processor.py:157} INFO - Started process (PID=21287) to work on /home/opeyemi/.local/lib/python3.10/site-packages/airflow/example_dags/example_dynamic_task_mapping.py
[2023-06-21T01:22:22.255+0100] {processor.py:826} INFO - Processing file /home/opeyemi/.local/lib/python3.10/site-packages/airflow/example_dags/example_dynamic_task_mapping.py for tasks to queue
[2023-06-21T01:22:22.258+0100] {logging_mixin.py:149} INFO - [2023-06-21T01:22:22.258+0100] {dagbag.py:541} INFO - Filling up the DagBag from /home/opeyemi/.local/lib/python3.10/site-packages/airflow/example_dags/example_dynamic_task_mapping.py
[2023-06-21T01:22:22.299+0100] {processor.py:836} INFO - DAG(s) dict_keys(['example_dynamic_task_mapping']) retrieved from /home/opeyemi/.local/lib/python3.10/site-packages/airflow/example_dags/example_dynamic_task_mapping.py
[2023-06-21T01:22:22.356+0100] {logging_mixin.py:149} INFO - [2023-06-21T01:22:22.356+0100] {dag.py:2726} INFO - Sync 1 DAGs
[2023-06-21T01:22:22.394+0100] {logging_mixin.py:149} INFO - [2023-06-21T01:22:22.394+0100] {dag.py:3486} INFO - Setting next_dagrun for example_dynamic_task_mapping to 2022-03-04T00:00:00+00:00, run_after=2022-03-05T00:00:00+00:00
[2023-06-21T01:22:22.549+0100] {processor.py:179} INFO - Processing /home/opeyemi/.local/lib/python3.10/site-packages/airflow/example_dags/example_dynamic_task_mapping.py took 0.354 seconds
[2023-06-21T01:23:57.420+0100] {processor.py:157} INFO - Started process (PID=21350) to work on /home/opeyemi/.local/lib/python3.10/site-packages/airflow/example_dags/example_dynamic_task_mapping.py
[2023-06-21T01:23:57.497+0100] {processor.py:826} INFO - Processing file /home/opeyemi/.local/lib/python3.10/site-packages/airflow/example_dags/example_dynamic_task_mapping.py for tasks to queue
[2023-06-21T01:23:57.499+0100] {logging_mixin.py:149} INFO - [2023-06-21T01:23:57.498+0100] {dagbag.py:541} INFO - Filling up the DagBag from /home/opeyemi/.local/lib/python3.10/site-packages/airflow/example_dags/example_dynamic_task_mapping.py
[2023-06-21T01:23:57.519+0100] {processor.py:836} INFO - DAG(s) dict_keys(['example_dynamic_task_mapping']) retrieved from /home/opeyemi/.local/lib/python3.10/site-packages/airflow/example_dags/example_dynamic_task_mapping.py
[2023-06-21T01:23:57.573+0100] {logging_mixin.py:149} INFO - [2023-06-21T01:23:57.573+0100] {dag.py:2726} INFO - Sync 1 DAGs
[2023-06-21T01:23:57.619+0100] {logging_mixin.py:149} INFO - [2023-06-21T01:23:57.619+0100] {dag.py:3486} INFO - Setting next_dagrun for example_dynamic_task_mapping to 2022-03-04T00:00:00+00:00, run_after=2022-03-05T00:00:00+00:00
[2023-06-21T01:23:57.813+0100] {processor.py:179} INFO - Processing /home/opeyemi/.local/lib/python3.10/site-packages/airflow/example_dags/example_dynamic_task_mapping.py took 0.407 seconds
[2023-06-21T01:25:08.875+0100] {processor.py:157} INFO - Started process (PID=21586) to work on /home/opeyemi/.local/lib/python3.10/site-packages/airflow/example_dags/example_dynamic_task_mapping.py
[2023-06-21T01:25:08.882+0100] {processor.py:826} INFO - Processing file /home/opeyemi/.local/lib/python3.10/site-packages/airflow/example_dags/example_dynamic_task_mapping.py for tasks to queue
[2023-06-21T01:25:08.891+0100] {logging_mixin.py:149} INFO - [2023-06-21T01:25:08.884+0100] {dagbag.py:541} INFO - Filling up the DagBag from /home/opeyemi/.local/lib/python3.10/site-packages/airflow/example_dags/example_dynamic_task_mapping.py
[2023-06-21T01:25:08.963+0100] {processor.py:836} INFO - DAG(s) dict_keys(['example_dynamic_task_mapping']) retrieved from /home/opeyemi/.local/lib/python3.10/site-packages/airflow/example_dags/example_dynamic_task_mapping.py
[2023-06-21T01:25:09.044+0100] {logging_mixin.py:149} INFO - [2023-06-21T01:25:09.043+0100] {dag.py:2726} INFO - Sync 1 DAGs
[2023-06-21T01:25:09.111+0100] {logging_mixin.py:149} INFO - [2023-06-21T01:25:09.111+0100] {dag.py:3486} INFO - Setting next_dagrun for example_dynamic_task_mapping to 2022-03-04T00:00:00+00:00, run_after=2022-03-05T00:00:00+00:00
[2023-06-21T01:25:09.221+0100] {processor.py:179} INFO - Processing /home/opeyemi/.local/lib/python3.10/site-packages/airflow/example_dags/example_dynamic_task_mapping.py took 0.365 seconds
[2023-06-21T01:26:25.304+0100] {processor.py:157} INFO - Started process (PID=21684) to work on /home/opeyemi/.local/lib/python3.10/site-packages/airflow/example_dags/example_dynamic_task_mapping.py
[2023-06-21T01:26:25.533+0100] {processor.py:826} INFO - Processing file /home/opeyemi/.local/lib/python3.10/site-packages/airflow/example_dags/example_dynamic_task_mapping.py for tasks to queue
[2023-06-21T01:26:25.536+0100] {logging_mixin.py:149} INFO - [2023-06-21T01:26:25.535+0100] {dagbag.py:541} INFO - Filling up the DagBag from /home/opeyemi/.local/lib/python3.10/site-packages/airflow/example_dags/example_dynamic_task_mapping.py
[2023-06-21T01:26:25.585+0100] {processor.py:836} INFO - DAG(s) dict_keys(['example_dynamic_task_mapping']) retrieved from /home/opeyemi/.local/lib/python3.10/site-packages/airflow/example_dags/example_dynamic_task_mapping.py
[2023-06-21T01:26:25.725+0100] {logging_mixin.py:149} INFO - [2023-06-21T01:26:25.725+0100] {dag.py:2726} INFO - Sync 1 DAGs
[2023-06-21T01:26:25.767+0100] {logging_mixin.py:149} INFO - [2023-06-21T01:26:25.767+0100] {dag.py:3486} INFO - Setting next_dagrun for example_dynamic_task_mapping to 2022-03-04T00:00:00+00:00, run_after=2022-03-05T00:00:00+00:00
[2023-06-21T01:26:26.114+0100] {processor.py:179} INFO - Processing /home/opeyemi/.local/lib/python3.10/site-packages/airflow/example_dags/example_dynamic_task_mapping.py took 0.815 seconds
[2023-06-21T01:28:20.958+0100] {processor.py:157} INFO - Started process (PID=21798) to work on /home/opeyemi/.local/lib/python3.10/site-packages/airflow/example_dags/example_dynamic_task_mapping.py
[2023-06-21T01:28:20.964+0100] {processor.py:826} INFO - Processing file /home/opeyemi/.local/lib/python3.10/site-packages/airflow/example_dags/example_dynamic_task_mapping.py for tasks to queue
[2023-06-21T01:28:20.966+0100] {logging_mixin.py:149} INFO - [2023-06-21T01:28:20.966+0100] {dagbag.py:541} INFO - Filling up the DagBag from /home/opeyemi/.local/lib/python3.10/site-packages/airflow/example_dags/example_dynamic_task_mapping.py
[2023-06-21T01:28:20.990+0100] {processor.py:836} INFO - DAG(s) dict_keys(['example_dynamic_task_mapping']) retrieved from /home/opeyemi/.local/lib/python3.10/site-packages/airflow/example_dags/example_dynamic_task_mapping.py
[2023-06-21T01:28:21.050+0100] {logging_mixin.py:149} INFO - [2023-06-21T01:28:21.049+0100] {dag.py:2726} INFO - Sync 1 DAGs
[2023-06-21T01:28:21.113+0100] {logging_mixin.py:149} INFO - [2023-06-21T01:28:21.113+0100] {dag.py:3486} INFO - Setting next_dagrun for example_dynamic_task_mapping to 2022-03-04T00:00:00+00:00, run_after=2022-03-05T00:00:00+00:00
[2023-06-21T01:28:21.189+0100] {processor.py:179} INFO - Processing /home/opeyemi/.local/lib/python3.10/site-packages/airflow/example_dags/example_dynamic_task_mapping.py took 0.242 seconds
[2023-06-21T01:29:28.772+0100] {processor.py:157} INFO - Started process (PID=21856) to work on /home/opeyemi/.local/lib/python3.10/site-packages/airflow/example_dags/example_dynamic_task_mapping.py
[2023-06-21T01:29:28.786+0100] {processor.py:826} INFO - Processing file /home/opeyemi/.local/lib/python3.10/site-packages/airflow/example_dags/example_dynamic_task_mapping.py for tasks to queue
[2023-06-21T01:29:28.787+0100] {logging_mixin.py:149} INFO - [2023-06-21T01:29:28.787+0100] {dagbag.py:541} INFO - Filling up the DagBag from /home/opeyemi/.local/lib/python3.10/site-packages/airflow/example_dags/example_dynamic_task_mapping.py
[2023-06-21T01:29:28.808+0100] {processor.py:836} INFO - DAG(s) dict_keys(['example_dynamic_task_mapping']) retrieved from /home/opeyemi/.local/lib/python3.10/site-packages/airflow/example_dags/example_dynamic_task_mapping.py
[2023-06-21T01:29:28.888+0100] {logging_mixin.py:149} INFO - [2023-06-21T01:29:28.888+0100] {dag.py:2726} INFO - Sync 1 DAGs
[2023-06-21T01:29:29.000+0100] {logging_mixin.py:149} INFO - [2023-06-21T01:29:29.000+0100] {dag.py:3486} INFO - Setting next_dagrun for example_dynamic_task_mapping to 2022-03-04T00:00:00+00:00, run_after=2022-03-05T00:00:00+00:00
[2023-06-21T01:29:29.054+0100] {processor.py:179} INFO - Processing /home/opeyemi/.local/lib/python3.10/site-packages/airflow/example_dags/example_dynamic_task_mapping.py took 0.290 seconds
[2023-06-21T01:30:24.339+0100] {processor.py:157} INFO - Started process (PID=21907) to work on /home/opeyemi/.local/lib/python3.10/site-packages/airflow/example_dags/example_dynamic_task_mapping.py
[2023-06-21T01:30:24.353+0100] {processor.py:826} INFO - Processing file /home/opeyemi/.local/lib/python3.10/site-packages/airflow/example_dags/example_dynamic_task_mapping.py for tasks to queue
[2023-06-21T01:30:24.355+0100] {logging_mixin.py:149} INFO - [2023-06-21T01:30:24.355+0100] {dagbag.py:541} INFO - Filling up the DagBag from /home/opeyemi/.local/lib/python3.10/site-packages/airflow/example_dags/example_dynamic_task_mapping.py
[2023-06-21T01:30:24.376+0100] {processor.py:836} INFO - DAG(s) dict_keys(['example_dynamic_task_mapping']) retrieved from /home/opeyemi/.local/lib/python3.10/site-packages/airflow/example_dags/example_dynamic_task_mapping.py
[2023-06-21T01:30:24.434+0100] {logging_mixin.py:149} INFO - [2023-06-21T01:30:24.434+0100] {dag.py:2726} INFO - Sync 1 DAGs
[2023-06-21T01:30:24.480+0100] {logging_mixin.py:149} INFO - [2023-06-21T01:30:24.479+0100] {dag.py:3486} INFO - Setting next_dagrun for example_dynamic_task_mapping to 2022-03-04T00:00:00+00:00, run_after=2022-03-05T00:00:00+00:00
[2023-06-21T01:30:24.541+0100] {processor.py:179} INFO - Processing /home/opeyemi/.local/lib/python3.10/site-packages/airflow/example_dags/example_dynamic_task_mapping.py took 0.211 seconds
[2023-06-21T01:31:24.237+0100] {processor.py:157} INFO - Started process (PID=21954) to work on /home/opeyemi/.local/lib/python3.10/site-packages/airflow/example_dags/example_dynamic_task_mapping.py
[2023-06-21T01:31:24.251+0100] {processor.py:826} INFO - Processing file /home/opeyemi/.local/lib/python3.10/site-packages/airflow/example_dags/example_dynamic_task_mapping.py for tasks to queue
[2023-06-21T01:31:24.254+0100] {logging_mixin.py:149} INFO - [2023-06-21T01:31:24.253+0100] {dagbag.py:541} INFO - Filling up the DagBag from /home/opeyemi/.local/lib/python3.10/site-packages/airflow/example_dags/example_dynamic_task_mapping.py
[2023-06-21T01:31:24.280+0100] {processor.py:836} INFO - DAG(s) dict_keys(['example_dynamic_task_mapping']) retrieved from /home/opeyemi/.local/lib/python3.10/site-packages/airflow/example_dags/example_dynamic_task_mapping.py
[2023-06-21T01:31:24.323+0100] {logging_mixin.py:149} INFO - [2023-06-21T01:31:24.323+0100] {dag.py:2726} INFO - Sync 1 DAGs
[2023-06-21T01:31:24.372+0100] {logging_mixin.py:149} INFO - [2023-06-21T01:31:24.372+0100] {dag.py:3486} INFO - Setting next_dagrun for example_dynamic_task_mapping to 2022-03-04T00:00:00+00:00, run_after=2022-03-05T00:00:00+00:00
[2023-06-21T01:31:24.437+0100] {processor.py:179} INFO - Processing /home/opeyemi/.local/lib/python3.10/site-packages/airflow/example_dags/example_dynamic_task_mapping.py took 0.211 seconds
[2023-06-21T01:32:26.504+0100] {processor.py:157} INFO - Started process (PID=22008) to work on /home/opeyemi/.local/lib/python3.10/site-packages/airflow/example_dags/example_dynamic_task_mapping.py
[2023-06-21T01:32:26.518+0100] {processor.py:826} INFO - Processing file /home/opeyemi/.local/lib/python3.10/site-packages/airflow/example_dags/example_dynamic_task_mapping.py for tasks to queue
[2023-06-21T01:32:26.520+0100] {logging_mixin.py:149} INFO - [2023-06-21T01:32:26.520+0100] {dagbag.py:541} INFO - Filling up the DagBag from /home/opeyemi/.local/lib/python3.10/site-packages/airflow/example_dags/example_dynamic_task_mapping.py
[2023-06-21T01:32:26.544+0100] {processor.py:836} INFO - DAG(s) dict_keys(['example_dynamic_task_mapping']) retrieved from /home/opeyemi/.local/lib/python3.10/site-packages/airflow/example_dags/example_dynamic_task_mapping.py
[2023-06-21T01:32:26.611+0100] {logging_mixin.py:149} INFO - [2023-06-21T01:32:26.610+0100] {dag.py:2726} INFO - Sync 1 DAGs
[2023-06-21T01:32:26.661+0100] {logging_mixin.py:149} INFO - [2023-06-21T01:32:26.660+0100] {dag.py:3486} INFO - Setting next_dagrun for example_dynamic_task_mapping to 2022-03-04T00:00:00+00:00, run_after=2022-03-05T00:00:00+00:00
[2023-06-21T01:32:26.713+0100] {processor.py:179} INFO - Processing /home/opeyemi/.local/lib/python3.10/site-packages/airflow/example_dags/example_dynamic_task_mapping.py took 0.220 seconds
[2023-06-21T01:33:23.326+0100] {processor.py:157} INFO - Started process (PID=22081) to work on /home/opeyemi/.local/lib/python3.10/site-packages/airflow/example_dags/example_dynamic_task_mapping.py
[2023-06-21T01:33:23.342+0100] {processor.py:826} INFO - Processing file /home/opeyemi/.local/lib/python3.10/site-packages/airflow/example_dags/example_dynamic_task_mapping.py for tasks to queue
[2023-06-21T01:33:23.343+0100] {logging_mixin.py:149} INFO - [2023-06-21T01:33:23.343+0100] {dagbag.py:541} INFO - Filling up the DagBag from /home/opeyemi/.local/lib/python3.10/site-packages/airflow/example_dags/example_dynamic_task_mapping.py
[2023-06-21T01:33:23.353+0100] {processor.py:836} INFO - DAG(s) dict_keys(['example_dynamic_task_mapping']) retrieved from /home/opeyemi/.local/lib/python3.10/site-packages/airflow/example_dags/example_dynamic_task_mapping.py
[2023-06-21T01:33:23.385+0100] {logging_mixin.py:149} INFO - [2023-06-21T01:33:23.385+0100] {dag.py:2726} INFO - Sync 1 DAGs
[2023-06-21T01:33:23.422+0100] {logging_mixin.py:149} INFO - [2023-06-21T01:33:23.422+0100] {dag.py:3486} INFO - Setting next_dagrun for example_dynamic_task_mapping to 2022-03-04T00:00:00+00:00, run_after=2022-03-05T00:00:00+00:00
[2023-06-21T01:33:23.460+0100] {processor.py:179} INFO - Processing /home/opeyemi/.local/lib/python3.10/site-packages/airflow/example_dags/example_dynamic_task_mapping.py took 0.138 seconds
[2023-06-21T01:34:17.049+0100] {processor.py:157} INFO - Started process (PID=22274) to work on /home/opeyemi/.local/lib/python3.10/site-packages/airflow/example_dags/example_dynamic_task_mapping.py
[2023-06-21T01:34:17.055+0100] {processor.py:826} INFO - Processing file /home/opeyemi/.local/lib/python3.10/site-packages/airflow/example_dags/example_dynamic_task_mapping.py for tasks to queue
[2023-06-21T01:34:17.056+0100] {logging_mixin.py:149} INFO - [2023-06-21T01:34:17.056+0100] {dagbag.py:541} INFO - Filling up the DagBag from /home/opeyemi/.local/lib/python3.10/site-packages/airflow/example_dags/example_dynamic_task_mapping.py
[2023-06-21T01:34:17.067+0100] {processor.py:836} INFO - DAG(s) dict_keys(['example_dynamic_task_mapping']) retrieved from /home/opeyemi/.local/lib/python3.10/site-packages/airflow/example_dags/example_dynamic_task_mapping.py
[2023-06-21T01:34:17.102+0100] {logging_mixin.py:149} INFO - [2023-06-21T01:34:17.102+0100] {dag.py:2726} INFO - Sync 1 DAGs
[2023-06-21T01:34:17.167+0100] {logging_mixin.py:149} INFO - [2023-06-21T01:34:17.166+0100] {dag.py:3486} INFO - Setting next_dagrun for example_dynamic_task_mapping to 2022-03-04T00:00:00+00:00, run_after=2022-03-05T00:00:00+00:00
[2023-06-21T01:34:17.321+0100] {processor.py:179} INFO - Processing /home/opeyemi/.local/lib/python3.10/site-packages/airflow/example_dags/example_dynamic_task_mapping.py took 0.279 seconds
[2023-06-21T01:35:10.055+0100] {processor.py:157} INFO - Started process (PID=22471) to work on /home/opeyemi/.local/lib/python3.10/site-packages/airflow/example_dags/example_dynamic_task_mapping.py
[2023-06-21T01:35:10.059+0100] {processor.py:826} INFO - Processing file /home/opeyemi/.local/lib/python3.10/site-packages/airflow/example_dags/example_dynamic_task_mapping.py for tasks to queue
[2023-06-21T01:35:10.062+0100] {logging_mixin.py:149} INFO - [2023-06-21T01:35:10.061+0100] {dagbag.py:541} INFO - Filling up the DagBag from /home/opeyemi/.local/lib/python3.10/site-packages/airflow/example_dags/example_dynamic_task_mapping.py
[2023-06-21T01:35:10.086+0100] {processor.py:836} INFO - DAG(s) dict_keys(['example_dynamic_task_mapping']) retrieved from /home/opeyemi/.local/lib/python3.10/site-packages/airflow/example_dags/example_dynamic_task_mapping.py
[2023-06-21T01:35:10.144+0100] {logging_mixin.py:149} INFO - [2023-06-21T01:35:10.144+0100] {dag.py:2726} INFO - Sync 1 DAGs
[2023-06-21T01:35:10.192+0100] {logging_mixin.py:149} INFO - [2023-06-21T01:35:10.192+0100] {dag.py:3486} INFO - Setting next_dagrun for example_dynamic_task_mapping to 2022-03-04T00:00:00+00:00, run_after=2022-03-05T00:00:00+00:00
[2023-06-21T01:35:10.234+0100] {processor.py:179} INFO - Processing /home/opeyemi/.local/lib/python3.10/site-packages/airflow/example_dags/example_dynamic_task_mapping.py took 0.190 seconds
[2023-06-21T01:36:03.619+0100] {processor.py:157} INFO - Started process (PID=22698) to work on /home/opeyemi/.local/lib/python3.10/site-packages/airflow/example_dags/example_dynamic_task_mapping.py
[2023-06-21T01:36:03.626+0100] {processor.py:826} INFO - Processing file /home/opeyemi/.local/lib/python3.10/site-packages/airflow/example_dags/example_dynamic_task_mapping.py for tasks to queue
[2023-06-21T01:36:03.632+0100] {logging_mixin.py:149} INFO - [2023-06-21T01:36:03.630+0100] {dagbag.py:541} INFO - Filling up the DagBag from /home/opeyemi/.local/lib/python3.10/site-packages/airflow/example_dags/example_dynamic_task_mapping.py
[2023-06-21T01:36:03.689+0100] {processor.py:836} INFO - DAG(s) dict_keys(['example_dynamic_task_mapping']) retrieved from /home/opeyemi/.local/lib/python3.10/site-packages/airflow/example_dags/example_dynamic_task_mapping.py
[2023-06-21T01:36:03.745+0100] {logging_mixin.py:149} INFO - [2023-06-21T01:36:03.745+0100] {dag.py:2726} INFO - Sync 1 DAGs
[2023-06-21T01:36:03.818+0100] {logging_mixin.py:149} INFO - [2023-06-21T01:36:03.818+0100] {dag.py:3486} INFO - Setting next_dagrun for example_dynamic_task_mapping to 2022-03-04T00:00:00+00:00, run_after=2022-03-05T00:00:00+00:00
[2023-06-21T01:36:03.903+0100] {processor.py:179} INFO - Processing /home/opeyemi/.local/lib/python3.10/site-packages/airflow/example_dags/example_dynamic_task_mapping.py took 0.310 seconds
[2023-06-21T01:36:59.071+0100] {processor.py:157} INFO - Started process (PID=22774) to work on /home/opeyemi/.local/lib/python3.10/site-packages/airflow/example_dags/example_dynamic_task_mapping.py
[2023-06-21T01:36:59.104+0100] {processor.py:826} INFO - Processing file /home/opeyemi/.local/lib/python3.10/site-packages/airflow/example_dags/example_dynamic_task_mapping.py for tasks to queue
[2023-06-21T01:36:59.108+0100] {logging_mixin.py:149} INFO - [2023-06-21T01:36:59.107+0100] {dagbag.py:541} INFO - Filling up the DagBag from /home/opeyemi/.local/lib/python3.10/site-packages/airflow/example_dags/example_dynamic_task_mapping.py
[2023-06-21T01:36:59.150+0100] {processor.py:836} INFO - DAG(s) dict_keys(['example_dynamic_task_mapping']) retrieved from /home/opeyemi/.local/lib/python3.10/site-packages/airflow/example_dags/example_dynamic_task_mapping.py
[2023-06-21T01:36:59.202+0100] {logging_mixin.py:149} INFO - [2023-06-21T01:36:59.202+0100] {dag.py:2726} INFO - Sync 1 DAGs
[2023-06-21T01:36:59.240+0100] {logging_mixin.py:149} INFO - [2023-06-21T01:36:59.239+0100] {dag.py:3486} INFO - Setting next_dagrun for example_dynamic_task_mapping to 2022-03-04T00:00:00+00:00, run_after=2022-03-05T00:00:00+00:00
[2023-06-21T01:36:59.287+0100] {processor.py:179} INFO - Processing /home/opeyemi/.local/lib/python3.10/site-packages/airflow/example_dags/example_dynamic_task_mapping.py took 0.236 seconds
[2023-06-21T01:37:55.582+0100] {processor.py:157} INFO - Started process (PID=23096) to work on /home/opeyemi/.local/lib/python3.10/site-packages/airflow/example_dags/example_dynamic_task_mapping.py
[2023-06-21T01:37:55.585+0100] {processor.py:826} INFO - Processing file /home/opeyemi/.local/lib/python3.10/site-packages/airflow/example_dags/example_dynamic_task_mapping.py for tasks to queue
[2023-06-21T01:37:55.587+0100] {logging_mixin.py:149} INFO - [2023-06-21T01:37:55.587+0100] {dagbag.py:541} INFO - Filling up the DagBag from /home/opeyemi/.local/lib/python3.10/site-packages/airflow/example_dags/example_dynamic_task_mapping.py
[2023-06-21T01:37:55.606+0100] {processor.py:836} INFO - DAG(s) dict_keys(['example_dynamic_task_mapping']) retrieved from /home/opeyemi/.local/lib/python3.10/site-packages/airflow/example_dags/example_dynamic_task_mapping.py
[2023-06-21T01:37:55.653+0100] {logging_mixin.py:149} INFO - [2023-06-21T01:37:55.653+0100] {dag.py:2726} INFO - Sync 1 DAGs
[2023-06-21T01:37:55.725+0100] {logging_mixin.py:149} INFO - [2023-06-21T01:37:55.725+0100] {dag.py:3486} INFO - Setting next_dagrun for example_dynamic_task_mapping to 2022-03-04T00:00:00+00:00, run_after=2022-03-05T00:00:00+00:00
[2023-06-21T01:37:55.810+0100] {processor.py:179} INFO - Processing /home/opeyemi/.local/lib/python3.10/site-packages/airflow/example_dags/example_dynamic_task_mapping.py took 0.239 seconds
[2023-06-21T01:38:51.591+0100] {processor.py:157} INFO - Started process (PID=23281) to work on /home/opeyemi/.local/lib/python3.10/site-packages/airflow/example_dags/example_dynamic_task_mapping.py
[2023-06-21T01:38:51.595+0100] {processor.py:826} INFO - Processing file /home/opeyemi/.local/lib/python3.10/site-packages/airflow/example_dags/example_dynamic_task_mapping.py for tasks to queue
[2023-06-21T01:38:51.597+0100] {logging_mixin.py:149} INFO - [2023-06-21T01:38:51.597+0100] {dagbag.py:541} INFO - Filling up the DagBag from /home/opeyemi/.local/lib/python3.10/site-packages/airflow/example_dags/example_dynamic_task_mapping.py
[2023-06-21T01:38:51.622+0100] {processor.py:836} INFO - DAG(s) dict_keys(['example_dynamic_task_mapping']) retrieved from /home/opeyemi/.local/lib/python3.10/site-packages/airflow/example_dags/example_dynamic_task_mapping.py
[2023-06-21T01:38:51.687+0100] {logging_mixin.py:149} INFO - [2023-06-21T01:38:51.686+0100] {dag.py:2726} INFO - Sync 1 DAGs
[2023-06-21T01:38:51.749+0100] {logging_mixin.py:149} INFO - [2023-06-21T01:38:51.748+0100] {dag.py:3486} INFO - Setting next_dagrun for example_dynamic_task_mapping to 2022-03-04T00:00:00+00:00, run_after=2022-03-05T00:00:00+00:00
[2023-06-21T01:38:51.794+0100] {processor.py:179} INFO - Processing /home/opeyemi/.local/lib/python3.10/site-packages/airflow/example_dags/example_dynamic_task_mapping.py took 0.214 seconds
[2023-06-21T01:39:46.242+0100] {processor.py:157} INFO - Started process (PID=23328) to work on /home/opeyemi/.local/lib/python3.10/site-packages/airflow/example_dags/example_dynamic_task_mapping.py
[2023-06-21T01:39:46.246+0100] {processor.py:826} INFO - Processing file /home/opeyemi/.local/lib/python3.10/site-packages/airflow/example_dags/example_dynamic_task_mapping.py for tasks to queue
[2023-06-21T01:39:46.248+0100] {logging_mixin.py:149} INFO - [2023-06-21T01:39:46.248+0100] {dagbag.py:541} INFO - Filling up the DagBag from /home/opeyemi/.local/lib/python3.10/site-packages/airflow/example_dags/example_dynamic_task_mapping.py
[2023-06-21T01:39:46.287+0100] {processor.py:836} INFO - DAG(s) dict_keys(['example_dynamic_task_mapping']) retrieved from /home/opeyemi/.local/lib/python3.10/site-packages/airflow/example_dags/example_dynamic_task_mapping.py
[2023-06-21T01:39:46.366+0100] {logging_mixin.py:149} INFO - [2023-06-21T01:39:46.366+0100] {dag.py:2726} INFO - Sync 1 DAGs
[2023-06-21T01:39:46.415+0100] {logging_mixin.py:149} INFO - [2023-06-21T01:39:46.415+0100] {dag.py:3486} INFO - Setting next_dagrun for example_dynamic_task_mapping to 2022-03-04T00:00:00+00:00, run_after=2022-03-05T00:00:00+00:00
[2023-06-21T01:39:46.484+0100] {processor.py:179} INFO - Processing /home/opeyemi/.local/lib/python3.10/site-packages/airflow/example_dags/example_dynamic_task_mapping.py took 0.257 seconds
[2023-06-21T01:40:40.130+0100] {processor.py:157} INFO - Started process (PID=23390) to work on /home/opeyemi/.local/lib/python3.10/site-packages/airflow/example_dags/example_dynamic_task_mapping.py
[2023-06-21T01:40:40.135+0100] {processor.py:826} INFO - Processing file /home/opeyemi/.local/lib/python3.10/site-packages/airflow/example_dags/example_dynamic_task_mapping.py for tasks to queue
[2023-06-21T01:40:40.137+0100] {logging_mixin.py:149} INFO - [2023-06-21T01:40:40.136+0100] {dagbag.py:541} INFO - Filling up the DagBag from /home/opeyemi/.local/lib/python3.10/site-packages/airflow/example_dags/example_dynamic_task_mapping.py
[2023-06-21T01:40:40.154+0100] {processor.py:836} INFO - DAG(s) dict_keys(['example_dynamic_task_mapping']) retrieved from /home/opeyemi/.local/lib/python3.10/site-packages/airflow/example_dags/example_dynamic_task_mapping.py
[2023-06-21T01:40:40.197+0100] {logging_mixin.py:149} INFO - [2023-06-21T01:40:40.197+0100] {dag.py:2726} INFO - Sync 1 DAGs
[2023-06-21T01:40:40.246+0100] {logging_mixin.py:149} INFO - [2023-06-21T01:40:40.246+0100] {dag.py:3486} INFO - Setting next_dagrun for example_dynamic_task_mapping to 2022-03-04T00:00:00+00:00, run_after=2022-03-05T00:00:00+00:00
[2023-06-21T01:40:40.301+0100] {processor.py:179} INFO - Processing /home/opeyemi/.local/lib/python3.10/site-packages/airflow/example_dags/example_dynamic_task_mapping.py took 0.182 seconds
