[2023-06-21T01:01:19.594+0100] {processor.py:157} INFO - Started process (PID=20567) to work on /home/opeyemi/.local/lib/python3.10/site-packages/airflow/example_dags/example_branch_datetime_operator.py
[2023-06-21T01:01:19.597+0100] {processor.py:826} INFO - Processing file /home/opeyemi/.local/lib/python3.10/site-packages/airflow/example_dags/example_branch_datetime_operator.py for tasks to queue
[2023-06-21T01:01:19.599+0100] {logging_mixin.py:149} INFO - [2023-06-21T01:01:19.598+0100] {dagbag.py:541} INFO - Filling up the DagBag from /home/opeyemi/.local/lib/python3.10/site-packages/airflow/example_dags/example_branch_datetime_operator.py
[2023-06-21T01:01:19.635+0100] {processor.py:836} INFO - DAG(s) dict_keys(['example_branch_datetime_operator_3', 'example_branch_datetime_operator_2', 'example_branch_datetime_operator']) retrieved from /home/opeyemi/.local/lib/python3.10/site-packages/airflow/example_dags/example_branch_datetime_operator.py
[2023-06-21T01:01:22.456+0100] {logging_mixin.py:149} INFO - [2023-06-21T01:01:22.456+0100] {dag.py:2726} INFO - Sync 3 DAGs
[2023-06-21T01:01:23.780+0100] {logging_mixin.py:149} INFO - [2023-06-21T01:01:23.779+0100] {dag.py:3486} INFO - Setting next_dagrun for example_branch_datetime_operator to 2023-06-20T00:00:00+00:00, run_after=2023-06-21T00:00:00+00:00
[2023-06-21T01:01:24.956+0100] {logging_mixin.py:149} INFO - [2023-06-21T01:01:24.956+0100] {dag.py:3486} INFO - Setting next_dagrun for example_branch_datetime_operator_2 to 2023-06-20T00:00:00+00:00, run_after=2023-06-21T00:00:00+00:00
[2023-06-21T01:01:24.961+0100] {logging_mixin.py:149} INFO - [2023-06-21T01:01:24.961+0100] {dag.py:3486} INFO - Setting next_dagrun for example_branch_datetime_operator_3 to 2023-06-20T00:00:00+00:00, run_after=2023-06-21T00:00:00+00:00
[2023-06-21T01:01:25.307+0100] {processor.py:179} INFO - Processing /home/opeyemi/.local/lib/python3.10/site-packages/airflow/example_dags/example_branch_datetime_operator.py took 5.731 seconds
[2023-06-21T01:03:49.412+0100] {processor.py:157} INFO - Started process (PID=20648) to work on /home/opeyemi/.local/lib/python3.10/site-packages/airflow/example_dags/example_branch_datetime_operator.py
[2023-06-21T01:03:49.428+0100] {processor.py:826} INFO - Processing file /home/opeyemi/.local/lib/python3.10/site-packages/airflow/example_dags/example_branch_datetime_operator.py for tasks to queue
[2023-06-21T01:03:49.429+0100] {logging_mixin.py:149} INFO - [2023-06-21T01:03:49.429+0100] {dagbag.py:541} INFO - Filling up the DagBag from /home/opeyemi/.local/lib/python3.10/site-packages/airflow/example_dags/example_branch_datetime_operator.py
[2023-06-21T01:03:49.455+0100] {processor.py:836} INFO - DAG(s) dict_keys(['example_branch_datetime_operator_2', 'example_branch_datetime_operator_3', 'example_branch_datetime_operator']) retrieved from /home/opeyemi/.local/lib/python3.10/site-packages/airflow/example_dags/example_branch_datetime_operator.py
[2023-06-21T01:03:49.512+0100] {logging_mixin.py:149} INFO - [2023-06-21T01:03:49.512+0100] {dag.py:2726} INFO - Sync 3 DAGs
[2023-06-21T01:03:49.536+0100] {logging_mixin.py:149} INFO - [2023-06-21T01:03:49.536+0100] {dag.py:3486} INFO - Setting next_dagrun for example_branch_datetime_operator to 2023-06-20T00:00:00+00:00, run_after=2023-06-21T00:00:00+00:00
[2023-06-21T01:03:49.541+0100] {logging_mixin.py:149} INFO - [2023-06-21T01:03:49.541+0100] {dag.py:3486} INFO - Setting next_dagrun for example_branch_datetime_operator_2 to 2023-06-20T00:00:00+00:00, run_after=2023-06-21T00:00:00+00:00
[2023-06-21T01:03:49.543+0100] {logging_mixin.py:149} INFO - [2023-06-21T01:03:49.543+0100] {dag.py:3486} INFO - Setting next_dagrun for example_branch_datetime_operator_3 to 2023-06-20T00:00:00+00:00, run_after=2023-06-21T00:00:00+00:00
[2023-06-21T01:03:49.832+0100] {processor.py:179} INFO - Processing /home/opeyemi/.local/lib/python3.10/site-packages/airflow/example_dags/example_branch_datetime_operator.py took 0.431 seconds
[2023-06-21T01:06:17.959+0100] {processor.py:157} INFO - Started process (PID=20719) to work on /home/opeyemi/.local/lib/python3.10/site-packages/airflow/example_dags/example_branch_datetime_operator.py
[2023-06-21T01:06:18.053+0100] {processor.py:826} INFO - Processing file /home/opeyemi/.local/lib/python3.10/site-packages/airflow/example_dags/example_branch_datetime_operator.py for tasks to queue
[2023-06-21T01:06:18.054+0100] {logging_mixin.py:149} INFO - [2023-06-21T01:06:18.053+0100] {dagbag.py:541} INFO - Filling up the DagBag from /home/opeyemi/.local/lib/python3.10/site-packages/airflow/example_dags/example_branch_datetime_operator.py
[2023-06-21T01:06:18.091+0100] {processor.py:836} INFO - DAG(s) dict_keys(['example_branch_datetime_operator', 'example_branch_datetime_operator_3', 'example_branch_datetime_operator_2']) retrieved from /home/opeyemi/.local/lib/python3.10/site-packages/airflow/example_dags/example_branch_datetime_operator.py
[2023-06-21T01:06:18.187+0100] {logging_mixin.py:149} INFO - [2023-06-21T01:06:18.187+0100] {dag.py:2726} INFO - Sync 3 DAGs
[2023-06-21T01:06:18.238+0100] {logging_mixin.py:149} INFO - [2023-06-21T01:06:18.238+0100] {dag.py:3486} INFO - Setting next_dagrun for example_branch_datetime_operator to 2023-06-20T00:00:00+00:00, run_after=2023-06-21T00:00:00+00:00
[2023-06-21T01:06:18.259+0100] {logging_mixin.py:149} INFO - [2023-06-21T01:06:18.259+0100] {dag.py:3486} INFO - Setting next_dagrun for example_branch_datetime_operator_2 to 2023-06-20T00:00:00+00:00, run_after=2023-06-21T00:00:00+00:00
[2023-06-21T01:06:18.265+0100] {logging_mixin.py:149} INFO - [2023-06-21T01:06:18.265+0100] {dag.py:3486} INFO - Setting next_dagrun for example_branch_datetime_operator_3 to 2023-06-20T00:00:00+00:00, run_after=2023-06-21T00:00:00+00:00
[2023-06-21T01:06:18.780+0100] {processor.py:179} INFO - Processing /home/opeyemi/.local/lib/python3.10/site-packages/airflow/example_dags/example_branch_datetime_operator.py took 0.836 seconds
[2023-06-21T01:08:33.382+0100] {processor.py:157} INFO - Started process (PID=20804) to work on /home/opeyemi/.local/lib/python3.10/site-packages/airflow/example_dags/example_branch_datetime_operator.py
[2023-06-21T01:08:33.385+0100] {processor.py:826} INFO - Processing file /home/opeyemi/.local/lib/python3.10/site-packages/airflow/example_dags/example_branch_datetime_operator.py for tasks to queue
[2023-06-21T01:08:33.386+0100] {logging_mixin.py:149} INFO - [2023-06-21T01:08:33.386+0100] {dagbag.py:541} INFO - Filling up the DagBag from /home/opeyemi/.local/lib/python3.10/site-packages/airflow/example_dags/example_branch_datetime_operator.py
[2023-06-21T01:08:33.404+0100] {processor.py:836} INFO - DAG(s) dict_keys(['example_branch_datetime_operator', 'example_branch_datetime_operator_3', 'example_branch_datetime_operator_2']) retrieved from /home/opeyemi/.local/lib/python3.10/site-packages/airflow/example_dags/example_branch_datetime_operator.py
[2023-06-21T01:08:33.441+0100] {logging_mixin.py:149} INFO - [2023-06-21T01:08:33.441+0100] {dag.py:2726} INFO - Sync 3 DAGs
[2023-06-21T01:08:33.473+0100] {logging_mixin.py:149} INFO - [2023-06-21T01:08:33.472+0100] {dag.py:3486} INFO - Setting next_dagrun for example_branch_datetime_operator to 2023-06-20T00:00:00+00:00, run_after=2023-06-21T00:00:00+00:00
[2023-06-21T01:08:33.482+0100] {logging_mixin.py:149} INFO - [2023-06-21T01:08:33.481+0100] {dag.py:3486} INFO - Setting next_dagrun for example_branch_datetime_operator_2 to 2023-06-20T00:00:00+00:00, run_after=2023-06-21T00:00:00+00:00
[2023-06-21T01:08:33.487+0100] {logging_mixin.py:149} INFO - [2023-06-21T01:08:33.487+0100] {dag.py:3486} INFO - Setting next_dagrun for example_branch_datetime_operator_3 to 2023-06-20T00:00:00+00:00, run_after=2023-06-21T00:00:00+00:00
[2023-06-21T01:08:33.686+0100] {processor.py:179} INFO - Processing /home/opeyemi/.local/lib/python3.10/site-packages/airflow/example_dags/example_branch_datetime_operator.py took 0.309 seconds
[2023-06-21T01:10:24.011+0100] {processor.py:157} INFO - Started process (PID=20871) to work on /home/opeyemi/.local/lib/python3.10/site-packages/airflow/example_dags/example_branch_datetime_operator.py
[2023-06-21T01:10:24.095+0100] {processor.py:826} INFO - Processing file /home/opeyemi/.local/lib/python3.10/site-packages/airflow/example_dags/example_branch_datetime_operator.py for tasks to queue
[2023-06-21T01:10:24.096+0100] {logging_mixin.py:149} INFO - [2023-06-21T01:10:24.096+0100] {dagbag.py:541} INFO - Filling up the DagBag from /home/opeyemi/.local/lib/python3.10/site-packages/airflow/example_dags/example_branch_datetime_operator.py
[2023-06-21T01:10:24.120+0100] {processor.py:836} INFO - DAG(s) dict_keys(['example_branch_datetime_operator_3', 'example_branch_datetime_operator', 'example_branch_datetime_operator_2']) retrieved from /home/opeyemi/.local/lib/python3.10/site-packages/airflow/example_dags/example_branch_datetime_operator.py
[2023-06-21T01:10:24.177+0100] {logging_mixin.py:149} INFO - [2023-06-21T01:10:24.176+0100] {dag.py:2726} INFO - Sync 3 DAGs
[2023-06-21T01:10:24.208+0100] {logging_mixin.py:149} INFO - [2023-06-21T01:10:24.208+0100] {dag.py:3486} INFO - Setting next_dagrun for example_branch_datetime_operator to 2023-06-20T00:00:00+00:00, run_after=2023-06-21T00:00:00+00:00
[2023-06-21T01:10:24.213+0100] {logging_mixin.py:149} INFO - [2023-06-21T01:10:24.213+0100] {dag.py:3486} INFO - Setting next_dagrun for example_branch_datetime_operator_2 to 2023-06-20T00:00:00+00:00, run_after=2023-06-21T00:00:00+00:00
[2023-06-21T01:10:24.216+0100] {logging_mixin.py:149} INFO - [2023-06-21T01:10:24.216+0100] {dag.py:3486} INFO - Setting next_dagrun for example_branch_datetime_operator_3 to 2023-06-20T00:00:00+00:00, run_after=2023-06-21T00:00:00+00:00
[2023-06-21T01:10:24.265+0100] {processor.py:179} INFO - Processing /home/opeyemi/.local/lib/python3.10/site-packages/airflow/example_dags/example_branch_datetime_operator.py took 0.268 seconds
[2023-06-21T01:12:50.577+0100] {processor.py:157} INFO - Started process (PID=20958) to work on /home/opeyemi/.local/lib/python3.10/site-packages/airflow/example_dags/example_branch_datetime_operator.py
[2023-06-21T01:12:50.620+0100] {processor.py:826} INFO - Processing file /home/opeyemi/.local/lib/python3.10/site-packages/airflow/example_dags/example_branch_datetime_operator.py for tasks to queue
[2023-06-21T01:12:50.622+0100] {logging_mixin.py:149} INFO - [2023-06-21T01:12:50.622+0100] {dagbag.py:541} INFO - Filling up the DagBag from /home/opeyemi/.local/lib/python3.10/site-packages/airflow/example_dags/example_branch_datetime_operator.py
[2023-06-21T01:12:50.658+0100] {processor.py:836} INFO - DAG(s) dict_keys(['example_branch_datetime_operator_2', 'example_branch_datetime_operator', 'example_branch_datetime_operator_3']) retrieved from /home/opeyemi/.local/lib/python3.10/site-packages/airflow/example_dags/example_branch_datetime_operator.py
[2023-06-21T01:12:50.753+0100] {logging_mixin.py:149} INFO - [2023-06-21T01:12:50.752+0100] {dag.py:2726} INFO - Sync 3 DAGs
[2023-06-21T01:12:50.898+0100] {logging_mixin.py:149} INFO - [2023-06-21T01:12:50.897+0100] {dag.py:3486} INFO - Setting next_dagrun for example_branch_datetime_operator to 2023-06-20T00:00:00+00:00, run_after=2023-06-21T00:00:00+00:00
[2023-06-21T01:12:50.904+0100] {logging_mixin.py:149} INFO - [2023-06-21T01:12:50.904+0100] {dag.py:3486} INFO - Setting next_dagrun for example_branch_datetime_operator_2 to 2023-06-20T00:00:00+00:00, run_after=2023-06-21T00:00:00+00:00
[2023-06-21T01:12:50.907+0100] {logging_mixin.py:149} INFO - [2023-06-21T01:12:50.907+0100] {dag.py:3486} INFO - Setting next_dagrun for example_branch_datetime_operator_3 to 2023-06-20T00:00:00+00:00, run_after=2023-06-21T00:00:00+00:00
[2023-06-21T01:12:51.079+0100] {processor.py:179} INFO - Processing /home/opeyemi/.local/lib/python3.10/site-packages/airflow/example_dags/example_branch_datetime_operator.py took 0.512 seconds
[2023-06-21T01:14:50.460+0100] {processor.py:157} INFO - Started process (PID=21026) to work on /home/opeyemi/.local/lib/python3.10/site-packages/airflow/example_dags/example_branch_datetime_operator.py
[2023-06-21T01:14:50.515+0100] {processor.py:826} INFO - Processing file /home/opeyemi/.local/lib/python3.10/site-packages/airflow/example_dags/example_branch_datetime_operator.py for tasks to queue
[2023-06-21T01:14:50.517+0100] {logging_mixin.py:149} INFO - [2023-06-21T01:14:50.517+0100] {dagbag.py:541} INFO - Filling up the DagBag from /home/opeyemi/.local/lib/python3.10/site-packages/airflow/example_dags/example_branch_datetime_operator.py
[2023-06-21T01:14:50.563+0100] {processor.py:836} INFO - DAG(s) dict_keys(['example_branch_datetime_operator_3', 'example_branch_datetime_operator_2', 'example_branch_datetime_operator']) retrieved from /home/opeyemi/.local/lib/python3.10/site-packages/airflow/example_dags/example_branch_datetime_operator.py
[2023-06-21T01:14:50.649+0100] {logging_mixin.py:149} INFO - [2023-06-21T01:14:50.649+0100] {dag.py:2726} INFO - Sync 3 DAGs
[2023-06-21T01:14:50.716+0100] {logging_mixin.py:149} INFO - [2023-06-21T01:14:50.715+0100] {dag.py:3486} INFO - Setting next_dagrun for example_branch_datetime_operator to 2023-06-20T00:00:00+00:00, run_after=2023-06-21T00:00:00+00:00
[2023-06-21T01:14:50.730+0100] {logging_mixin.py:149} INFO - [2023-06-21T01:14:50.730+0100] {dag.py:3486} INFO - Setting next_dagrun for example_branch_datetime_operator_2 to 2023-06-20T00:00:00+00:00, run_after=2023-06-21T00:00:00+00:00
[2023-06-21T01:14:50.736+0100] {logging_mixin.py:149} INFO - [2023-06-21T01:14:50.735+0100] {dag.py:3486} INFO - Setting next_dagrun for example_branch_datetime_operator_3 to 2023-06-20T00:00:00+00:00, run_after=2023-06-21T00:00:00+00:00
[2023-06-21T01:14:50.983+0100] {processor.py:179} INFO - Processing /home/opeyemi/.local/lib/python3.10/site-packages/airflow/example_dags/example_branch_datetime_operator.py took 0.529 seconds
[2023-06-21T01:17:23.552+0100] {processor.py:157} INFO - Started process (PID=21100) to work on /home/opeyemi/.local/lib/python3.10/site-packages/airflow/example_dags/example_branch_datetime_operator.py
[2023-06-21T01:17:23.557+0100] {processor.py:826} INFO - Processing file /home/opeyemi/.local/lib/python3.10/site-packages/airflow/example_dags/example_branch_datetime_operator.py for tasks to queue
[2023-06-21T01:17:23.561+0100] {logging_mixin.py:149} INFO - [2023-06-21T01:17:23.560+0100] {dagbag.py:541} INFO - Filling up the DagBag from /home/opeyemi/.local/lib/python3.10/site-packages/airflow/example_dags/example_branch_datetime_operator.py
[2023-06-21T01:17:23.645+0100] {processor.py:836} INFO - DAG(s) dict_keys(['example_branch_datetime_operator_2', 'example_branch_datetime_operator_3', 'example_branch_datetime_operator']) retrieved from /home/opeyemi/.local/lib/python3.10/site-packages/airflow/example_dags/example_branch_datetime_operator.py
[2023-06-21T01:17:23.733+0100] {logging_mixin.py:149} INFO - [2023-06-21T01:17:23.732+0100] {dag.py:2726} INFO - Sync 3 DAGs
[2023-06-21T01:17:23.766+0100] {logging_mixin.py:149} INFO - [2023-06-21T01:17:23.766+0100] {dag.py:3486} INFO - Setting next_dagrun for example_branch_datetime_operator to 2023-06-20T00:00:00+00:00, run_after=2023-06-21T00:00:00+00:00
[2023-06-21T01:17:23.772+0100] {logging_mixin.py:149} INFO - [2023-06-21T01:17:23.772+0100] {dag.py:3486} INFO - Setting next_dagrun for example_branch_datetime_operator_2 to 2023-06-20T00:00:00+00:00, run_after=2023-06-21T00:00:00+00:00
[2023-06-21T01:17:23.775+0100] {logging_mixin.py:149} INFO - [2023-06-21T01:17:23.775+0100] {dag.py:3486} INFO - Setting next_dagrun for example_branch_datetime_operator_3 to 2023-06-20T00:00:00+00:00, run_after=2023-06-21T00:00:00+00:00
[2023-06-21T01:17:23.814+0100] {processor.py:179} INFO - Processing /home/opeyemi/.local/lib/python3.10/site-packages/airflow/example_dags/example_branch_datetime_operator.py took 0.276 seconds
[2023-06-21T01:18:37.701+0100] {processor.py:157} INFO - Started process (PID=21157) to work on /home/opeyemi/.local/lib/python3.10/site-packages/airflow/example_dags/example_branch_datetime_operator.py
[2023-06-21T01:18:37.704+0100] {processor.py:826} INFO - Processing file /home/opeyemi/.local/lib/python3.10/site-packages/airflow/example_dags/example_branch_datetime_operator.py for tasks to queue
[2023-06-21T01:18:37.705+0100] {logging_mixin.py:149} INFO - [2023-06-21T01:18:37.705+0100] {dagbag.py:541} INFO - Filling up the DagBag from /home/opeyemi/.local/lib/python3.10/site-packages/airflow/example_dags/example_branch_datetime_operator.py
[2023-06-21T01:18:37.734+0100] {processor.py:836} INFO - DAG(s) dict_keys(['example_branch_datetime_operator_2', 'example_branch_datetime_operator_3', 'example_branch_datetime_operator']) retrieved from /home/opeyemi/.local/lib/python3.10/site-packages/airflow/example_dags/example_branch_datetime_operator.py
[2023-06-21T01:18:37.822+0100] {logging_mixin.py:149} INFO - [2023-06-21T01:18:37.822+0100] {dag.py:2726} INFO - Sync 3 DAGs
[2023-06-21T01:18:37.893+0100] {logging_mixin.py:149} INFO - [2023-06-21T01:18:37.893+0100] {dag.py:3486} INFO - Setting next_dagrun for example_branch_datetime_operator to 2023-06-20T00:00:00+00:00, run_after=2023-06-21T00:00:00+00:00
[2023-06-21T01:18:37.909+0100] {logging_mixin.py:149} INFO - [2023-06-21T01:18:37.908+0100] {dag.py:3486} INFO - Setting next_dagrun for example_branch_datetime_operator_2 to 2023-06-20T00:00:00+00:00, run_after=2023-06-21T00:00:00+00:00
[2023-06-21T01:18:37.914+0100] {logging_mixin.py:149} INFO - [2023-06-21T01:18:37.913+0100] {dag.py:3486} INFO - Setting next_dagrun for example_branch_datetime_operator_3 to 2023-06-20T00:00:00+00:00, run_after=2023-06-21T00:00:00+00:00
[2023-06-21T01:18:38.141+0100] {processor.py:179} INFO - Processing /home/opeyemi/.local/lib/python3.10/site-packages/airflow/example_dags/example_branch_datetime_operator.py took 0.447 seconds
[2023-06-21T01:19:52.684+0100] {processor.py:157} INFO - Started process (PID=21216) to work on /home/opeyemi/.local/lib/python3.10/site-packages/airflow/example_dags/example_branch_datetime_operator.py
[2023-06-21T01:19:52.739+0100] {processor.py:826} INFO - Processing file /home/opeyemi/.local/lib/python3.10/site-packages/airflow/example_dags/example_branch_datetime_operator.py for tasks to queue
[2023-06-21T01:19:52.743+0100] {logging_mixin.py:149} INFO - [2023-06-21T01:19:52.742+0100] {dagbag.py:541} INFO - Filling up the DagBag from /home/opeyemi/.local/lib/python3.10/site-packages/airflow/example_dags/example_branch_datetime_operator.py
[2023-06-21T01:19:52.788+0100] {processor.py:836} INFO - DAG(s) dict_keys(['example_branch_datetime_operator_2', 'example_branch_datetime_operator_3', 'example_branch_datetime_operator']) retrieved from /home/opeyemi/.local/lib/python3.10/site-packages/airflow/example_dags/example_branch_datetime_operator.py
[2023-06-21T01:19:52.826+0100] {logging_mixin.py:149} INFO - [2023-06-21T01:19:52.826+0100] {dag.py:2726} INFO - Sync 3 DAGs
[2023-06-21T01:19:52.851+0100] {logging_mixin.py:149} INFO - [2023-06-21T01:19:52.851+0100] {dag.py:3486} INFO - Setting next_dagrun for example_branch_datetime_operator to 2023-06-20T00:00:00+00:00, run_after=2023-06-21T00:00:00+00:00
[2023-06-21T01:19:52.855+0100] {logging_mixin.py:149} INFO - [2023-06-21T01:19:52.855+0100] {dag.py:3486} INFO - Setting next_dagrun for example_branch_datetime_operator_2 to 2023-06-20T00:00:00+00:00, run_after=2023-06-21T00:00:00+00:00
[2023-06-21T01:19:52.858+0100] {logging_mixin.py:149} INFO - [2023-06-21T01:19:52.858+0100] {dag.py:3486} INFO - Setting next_dagrun for example_branch_datetime_operator_3 to 2023-06-20T00:00:00+00:00, run_after=2023-06-21T00:00:00+00:00
[2023-06-21T01:19:52.896+0100] {processor.py:179} INFO - Processing /home/opeyemi/.local/lib/python3.10/site-packages/airflow/example_dags/example_branch_datetime_operator.py took 0.216 seconds
[2023-06-21T01:22:27.088+0100] {processor.py:157} INFO - Started process (PID=21290) to work on /home/opeyemi/.local/lib/python3.10/site-packages/airflow/example_dags/example_branch_datetime_operator.py
[2023-06-21T01:22:27.141+0100] {processor.py:826} INFO - Processing file /home/opeyemi/.local/lib/python3.10/site-packages/airflow/example_dags/example_branch_datetime_operator.py for tasks to queue
[2023-06-21T01:22:27.146+0100] {logging_mixin.py:149} INFO - [2023-06-21T01:22:27.145+0100] {dagbag.py:541} INFO - Filling up the DagBag from /home/opeyemi/.local/lib/python3.10/site-packages/airflow/example_dags/example_branch_datetime_operator.py
[2023-06-21T01:22:27.175+0100] {processor.py:836} INFO - DAG(s) dict_keys(['example_branch_datetime_operator_2', 'example_branch_datetime_operator', 'example_branch_datetime_operator_3']) retrieved from /home/opeyemi/.local/lib/python3.10/site-packages/airflow/example_dags/example_branch_datetime_operator.py
[2023-06-21T01:22:27.220+0100] {logging_mixin.py:149} INFO - [2023-06-21T01:22:27.220+0100] {dag.py:2726} INFO - Sync 3 DAGs
[2023-06-21T01:22:27.252+0100] {logging_mixin.py:149} INFO - [2023-06-21T01:22:27.252+0100] {dag.py:3486} INFO - Setting next_dagrun for example_branch_datetime_operator to 2023-06-20T00:00:00+00:00, run_after=2023-06-21T00:00:00+00:00
[2023-06-21T01:22:27.259+0100] {logging_mixin.py:149} INFO - [2023-06-21T01:22:27.258+0100] {dag.py:3486} INFO - Setting next_dagrun for example_branch_datetime_operator_2 to 2023-06-20T00:00:00+00:00, run_after=2023-06-21T00:00:00+00:00
[2023-06-21T01:22:27.263+0100] {logging_mixin.py:149} INFO - [2023-06-21T01:22:27.263+0100] {dag.py:3486} INFO - Setting next_dagrun for example_branch_datetime_operator_3 to 2023-06-20T00:00:00+00:00, run_after=2023-06-21T00:00:00+00:00
[2023-06-21T01:22:27.340+0100] {processor.py:179} INFO - Processing /home/opeyemi/.local/lib/python3.10/site-packages/airflow/example_dags/example_branch_datetime_operator.py took 0.263 seconds
[2023-06-21T01:24:01.271+0100] {processor.py:157} INFO - Started process (PID=21353) to work on /home/opeyemi/.local/lib/python3.10/site-packages/airflow/example_dags/example_branch_datetime_operator.py
[2023-06-21T01:24:01.283+0100] {processor.py:826} INFO - Processing file /home/opeyemi/.local/lib/python3.10/site-packages/airflow/example_dags/example_branch_datetime_operator.py for tasks to queue
[2023-06-21T01:24:01.285+0100] {logging_mixin.py:149} INFO - [2023-06-21T01:24:01.284+0100] {dagbag.py:541} INFO - Filling up the DagBag from /home/opeyemi/.local/lib/python3.10/site-packages/airflow/example_dags/example_branch_datetime_operator.py
[2023-06-21T01:24:01.320+0100] {processor.py:836} INFO - DAG(s) dict_keys(['example_branch_datetime_operator', 'example_branch_datetime_operator_2', 'example_branch_datetime_operator_3']) retrieved from /home/opeyemi/.local/lib/python3.10/site-packages/airflow/example_dags/example_branch_datetime_operator.py
[2023-06-21T01:24:01.431+0100] {logging_mixin.py:149} INFO - [2023-06-21T01:24:01.431+0100] {dag.py:2726} INFO - Sync 3 DAGs
[2023-06-21T01:24:01.490+0100] {logging_mixin.py:149} INFO - [2023-06-21T01:24:01.490+0100] {dag.py:3486} INFO - Setting next_dagrun for example_branch_datetime_operator to 2023-06-20T00:00:00+00:00, run_after=2023-06-21T00:00:00+00:00
[2023-06-21T01:24:01.510+0100] {logging_mixin.py:149} INFO - [2023-06-21T01:24:01.509+0100] {dag.py:3486} INFO - Setting next_dagrun for example_branch_datetime_operator_2 to 2023-06-20T00:00:00+00:00, run_after=2023-06-21T00:00:00+00:00
[2023-06-21T01:24:01.525+0100] {logging_mixin.py:149} INFO - [2023-06-21T01:24:01.524+0100] {dag.py:3486} INFO - Setting next_dagrun for example_branch_datetime_operator_3 to 2023-06-20T00:00:00+00:00, run_after=2023-06-21T00:00:00+00:00
[2023-06-21T01:24:01.591+0100] {processor.py:179} INFO - Processing /home/opeyemi/.local/lib/python3.10/site-packages/airflow/example_dags/example_branch_datetime_operator.py took 0.328 seconds
[2023-06-21T01:25:13.021+0100] {processor.py:157} INFO - Started process (PID=21589) to work on /home/opeyemi/.local/lib/python3.10/site-packages/airflow/example_dags/example_branch_datetime_operator.py
[2023-06-21T01:25:13.048+0100] {processor.py:826} INFO - Processing file /home/opeyemi/.local/lib/python3.10/site-packages/airflow/example_dags/example_branch_datetime_operator.py for tasks to queue
[2023-06-21T01:25:13.049+0100] {logging_mixin.py:149} INFO - [2023-06-21T01:25:13.049+0100] {dagbag.py:541} INFO - Filling up the DagBag from /home/opeyemi/.local/lib/python3.10/site-packages/airflow/example_dags/example_branch_datetime_operator.py
[2023-06-21T01:25:13.076+0100] {processor.py:836} INFO - DAG(s) dict_keys(['example_branch_datetime_operator_3', 'example_branch_datetime_operator', 'example_branch_datetime_operator_2']) retrieved from /home/opeyemi/.local/lib/python3.10/site-packages/airflow/example_dags/example_branch_datetime_operator.py
[2023-06-21T01:25:13.133+0100] {logging_mixin.py:149} INFO - [2023-06-21T01:25:13.133+0100] {dag.py:2726} INFO - Sync 3 DAGs
[2023-06-21T01:25:13.185+0100] {logging_mixin.py:149} INFO - [2023-06-21T01:25:13.185+0100] {dag.py:3486} INFO - Setting next_dagrun for example_branch_datetime_operator to 2023-06-20T00:00:00+00:00, run_after=2023-06-21T00:00:00+00:00
[2023-06-21T01:25:13.196+0100] {logging_mixin.py:149} INFO - [2023-06-21T01:25:13.196+0100] {dag.py:3486} INFO - Setting next_dagrun for example_branch_datetime_operator_2 to 2023-06-20T00:00:00+00:00, run_after=2023-06-21T00:00:00+00:00
[2023-06-21T01:25:13.201+0100] {logging_mixin.py:149} INFO - [2023-06-21T01:25:13.200+0100] {dag.py:3486} INFO - Setting next_dagrun for example_branch_datetime_operator_3 to 2023-06-20T00:00:00+00:00, run_after=2023-06-21T00:00:00+00:00
[2023-06-21T01:25:13.295+0100] {processor.py:179} INFO - Processing /home/opeyemi/.local/lib/python3.10/site-packages/airflow/example_dags/example_branch_datetime_operator.py took 0.281 seconds
[2023-06-21T01:26:30.552+0100] {processor.py:157} INFO - Started process (PID=21687) to work on /home/opeyemi/.local/lib/python3.10/site-packages/airflow/example_dags/example_branch_datetime_operator.py
[2023-06-21T01:26:30.580+0100] {processor.py:826} INFO - Processing file /home/opeyemi/.local/lib/python3.10/site-packages/airflow/example_dags/example_branch_datetime_operator.py for tasks to queue
[2023-06-21T01:26:30.583+0100] {logging_mixin.py:149} INFO - [2023-06-21T01:26:30.582+0100] {dagbag.py:541} INFO - Filling up the DagBag from /home/opeyemi/.local/lib/python3.10/site-packages/airflow/example_dags/example_branch_datetime_operator.py
[2023-06-21T01:26:30.611+0100] {processor.py:836} INFO - DAG(s) dict_keys(['example_branch_datetime_operator_2', 'example_branch_datetime_operator', 'example_branch_datetime_operator_3']) retrieved from /home/opeyemi/.local/lib/python3.10/site-packages/airflow/example_dags/example_branch_datetime_operator.py
[2023-06-21T01:26:30.650+0100] {logging_mixin.py:149} INFO - [2023-06-21T01:26:30.650+0100] {dag.py:2726} INFO - Sync 3 DAGs
[2023-06-21T01:26:30.685+0100] {logging_mixin.py:149} INFO - [2023-06-21T01:26:30.684+0100] {dag.py:3486} INFO - Setting next_dagrun for example_branch_datetime_operator to 2023-06-20T00:00:00+00:00, run_after=2023-06-21T00:00:00+00:00
[2023-06-21T01:26:30.697+0100] {logging_mixin.py:149} INFO - [2023-06-21T01:26:30.697+0100] {dag.py:3486} INFO - Setting next_dagrun for example_branch_datetime_operator_2 to 2023-06-20T00:00:00+00:00, run_after=2023-06-21T00:00:00+00:00
[2023-06-21T01:26:30.700+0100] {logging_mixin.py:149} INFO - [2023-06-21T01:26:30.700+0100] {dag.py:3486} INFO - Setting next_dagrun for example_branch_datetime_operator_3 to 2023-06-20T00:00:00+00:00, run_after=2023-06-21T00:00:00+00:00
[2023-06-21T01:26:30.915+0100] {processor.py:179} INFO - Processing /home/opeyemi/.local/lib/python3.10/site-packages/airflow/example_dags/example_branch_datetime_operator.py took 0.375 seconds
[2023-06-21T01:28:24.943+0100] {processor.py:157} INFO - Started process (PID=21801) to work on /home/opeyemi/.local/lib/python3.10/site-packages/airflow/example_dags/example_branch_datetime_operator.py
[2023-06-21T01:28:24.966+0100] {processor.py:826} INFO - Processing file /home/opeyemi/.local/lib/python3.10/site-packages/airflow/example_dags/example_branch_datetime_operator.py for tasks to queue
[2023-06-21T01:28:24.968+0100] {logging_mixin.py:149} INFO - [2023-06-21T01:28:24.967+0100] {dagbag.py:541} INFO - Filling up the DagBag from /home/opeyemi/.local/lib/python3.10/site-packages/airflow/example_dags/example_branch_datetime_operator.py
[2023-06-21T01:28:24.995+0100] {processor.py:836} INFO - DAG(s) dict_keys(['example_branch_datetime_operator_2', 'example_branch_datetime_operator_3', 'example_branch_datetime_operator']) retrieved from /home/opeyemi/.local/lib/python3.10/site-packages/airflow/example_dags/example_branch_datetime_operator.py
[2023-06-21T01:28:25.084+0100] {logging_mixin.py:149} INFO - [2023-06-21T01:28:25.083+0100] {dag.py:2726} INFO - Sync 3 DAGs
[2023-06-21T01:28:25.153+0100] {logging_mixin.py:149} INFO - [2023-06-21T01:28:25.153+0100] {dag.py:3486} INFO - Setting next_dagrun for example_branch_datetime_operator to 2023-06-20T00:00:00+00:00, run_after=2023-06-21T00:00:00+00:00
[2023-06-21T01:28:25.168+0100] {logging_mixin.py:149} INFO - [2023-06-21T01:28:25.168+0100] {dag.py:3486} INFO - Setting next_dagrun for example_branch_datetime_operator_2 to 2023-06-20T00:00:00+00:00, run_after=2023-06-21T00:00:00+00:00
[2023-06-21T01:28:25.176+0100] {logging_mixin.py:149} INFO - [2023-06-21T01:28:25.175+0100] {dag.py:3486} INFO - Setting next_dagrun for example_branch_datetime_operator_3 to 2023-06-20T00:00:00+00:00, run_after=2023-06-21T00:00:00+00:00
[2023-06-21T01:28:25.271+0100] {processor.py:179} INFO - Processing /home/opeyemi/.local/lib/python3.10/site-packages/airflow/example_dags/example_branch_datetime_operator.py took 0.338 seconds
[2023-06-21T01:29:32.472+0100] {processor.py:157} INFO - Started process (PID=21859) to work on /home/opeyemi/.local/lib/python3.10/site-packages/airflow/example_dags/example_branch_datetime_operator.py
[2023-06-21T01:29:32.477+0100] {processor.py:826} INFO - Processing file /home/opeyemi/.local/lib/python3.10/site-packages/airflow/example_dags/example_branch_datetime_operator.py for tasks to queue
[2023-06-21T01:29:32.478+0100] {logging_mixin.py:149} INFO - [2023-06-21T01:29:32.478+0100] {dagbag.py:541} INFO - Filling up the DagBag from /home/opeyemi/.local/lib/python3.10/site-packages/airflow/example_dags/example_branch_datetime_operator.py
[2023-06-21T01:29:32.492+0100] {processor.py:836} INFO - DAG(s) dict_keys(['example_branch_datetime_operator_3', 'example_branch_datetime_operator_2', 'example_branch_datetime_operator']) retrieved from /home/opeyemi/.local/lib/python3.10/site-packages/airflow/example_dags/example_branch_datetime_operator.py
[2023-06-21T01:29:32.530+0100] {logging_mixin.py:149} INFO - [2023-06-21T01:29:32.530+0100] {dag.py:2726} INFO - Sync 3 DAGs
[2023-06-21T01:29:32.551+0100] {logging_mixin.py:149} INFO - [2023-06-21T01:29:32.551+0100] {dag.py:3486} INFO - Setting next_dagrun for example_branch_datetime_operator to 2023-06-20T00:00:00+00:00, run_after=2023-06-21T00:00:00+00:00
[2023-06-21T01:29:32.556+0100] {logging_mixin.py:149} INFO - [2023-06-21T01:29:32.556+0100] {dag.py:3486} INFO - Setting next_dagrun for example_branch_datetime_operator_2 to 2023-06-20T00:00:00+00:00, run_after=2023-06-21T00:00:00+00:00
[2023-06-21T01:29:32.558+0100] {logging_mixin.py:149} INFO - [2023-06-21T01:29:32.558+0100] {dag.py:3486} INFO - Setting next_dagrun for example_branch_datetime_operator_3 to 2023-06-20T00:00:00+00:00, run_after=2023-06-21T00:00:00+00:00
[2023-06-21T01:29:32.603+0100] {processor.py:179} INFO - Processing /home/opeyemi/.local/lib/python3.10/site-packages/airflow/example_dags/example_branch_datetime_operator.py took 0.134 seconds
[2023-06-21T01:30:28.343+0100] {processor.py:157} INFO - Started process (PID=21910) to work on /home/opeyemi/.local/lib/python3.10/site-packages/airflow/example_dags/example_branch_datetime_operator.py
[2023-06-21T01:30:28.356+0100] {processor.py:826} INFO - Processing file /home/opeyemi/.local/lib/python3.10/site-packages/airflow/example_dags/example_branch_datetime_operator.py for tasks to queue
[2023-06-21T01:30:28.359+0100] {logging_mixin.py:149} INFO - [2023-06-21T01:30:28.358+0100] {dagbag.py:541} INFO - Filling up the DagBag from /home/opeyemi/.local/lib/python3.10/site-packages/airflow/example_dags/example_branch_datetime_operator.py
[2023-06-21T01:30:28.383+0100] {processor.py:836} INFO - DAG(s) dict_keys(['example_branch_datetime_operator_3', 'example_branch_datetime_operator_2', 'example_branch_datetime_operator']) retrieved from /home/opeyemi/.local/lib/python3.10/site-packages/airflow/example_dags/example_branch_datetime_operator.py
[2023-06-21T01:30:28.489+0100] {logging_mixin.py:149} INFO - [2023-06-21T01:30:28.489+0100] {dag.py:2726} INFO - Sync 3 DAGs
[2023-06-21T01:30:28.559+0100] {logging_mixin.py:149} INFO - [2023-06-21T01:30:28.558+0100] {dag.py:3486} INFO - Setting next_dagrun for example_branch_datetime_operator to 2023-06-20T00:00:00+00:00, run_after=2023-06-21T00:00:00+00:00
[2023-06-21T01:30:28.570+0100] {logging_mixin.py:149} INFO - [2023-06-21T01:30:28.570+0100] {dag.py:3486} INFO - Setting next_dagrun for example_branch_datetime_operator_2 to 2023-06-20T00:00:00+00:00, run_after=2023-06-21T00:00:00+00:00
[2023-06-21T01:30:28.577+0100] {logging_mixin.py:149} INFO - [2023-06-21T01:30:28.577+0100] {dag.py:3486} INFO - Setting next_dagrun for example_branch_datetime_operator_3 to 2023-06-20T00:00:00+00:00, run_after=2023-06-21T00:00:00+00:00
[2023-06-21T01:30:28.678+0100] {processor.py:179} INFO - Processing /home/opeyemi/.local/lib/python3.10/site-packages/airflow/example_dags/example_branch_datetime_operator.py took 0.344 seconds
[2023-06-21T01:31:28.233+0100] {processor.py:157} INFO - Started process (PID=21957) to work on /home/opeyemi/.local/lib/python3.10/site-packages/airflow/example_dags/example_branch_datetime_operator.py
[2023-06-21T01:31:28.245+0100] {processor.py:826} INFO - Processing file /home/opeyemi/.local/lib/python3.10/site-packages/airflow/example_dags/example_branch_datetime_operator.py for tasks to queue
[2023-06-21T01:31:28.248+0100] {logging_mixin.py:149} INFO - [2023-06-21T01:31:28.247+0100] {dagbag.py:541} INFO - Filling up the DagBag from /home/opeyemi/.local/lib/python3.10/site-packages/airflow/example_dags/example_branch_datetime_operator.py
[2023-06-21T01:31:28.274+0100] {processor.py:836} INFO - DAG(s) dict_keys(['example_branch_datetime_operator', 'example_branch_datetime_operator_3', 'example_branch_datetime_operator_2']) retrieved from /home/opeyemi/.local/lib/python3.10/site-packages/airflow/example_dags/example_branch_datetime_operator.py
[2023-06-21T01:31:28.342+0100] {logging_mixin.py:149} INFO - [2023-06-21T01:31:28.342+0100] {dag.py:2726} INFO - Sync 3 DAGs
[2023-06-21T01:31:28.388+0100] {logging_mixin.py:149} INFO - [2023-06-21T01:31:28.387+0100] {dag.py:3486} INFO - Setting next_dagrun for example_branch_datetime_operator to 2023-06-20T00:00:00+00:00, run_after=2023-06-21T00:00:00+00:00
[2023-06-21T01:31:28.395+0100] {logging_mixin.py:149} INFO - [2023-06-21T01:31:28.395+0100] {dag.py:3486} INFO - Setting next_dagrun for example_branch_datetime_operator_2 to 2023-06-20T00:00:00+00:00, run_after=2023-06-21T00:00:00+00:00
[2023-06-21T01:31:28.400+0100] {logging_mixin.py:149} INFO - [2023-06-21T01:31:28.400+0100] {dag.py:3486} INFO - Setting next_dagrun for example_branch_datetime_operator_3 to 2023-06-20T00:00:00+00:00, run_after=2023-06-21T00:00:00+00:00
[2023-06-21T01:31:28.465+0100] {processor.py:179} INFO - Processing /home/opeyemi/.local/lib/python3.10/site-packages/airflow/example_dags/example_branch_datetime_operator.py took 0.241 seconds
[2023-06-21T01:32:30.685+0100] {processor.py:157} INFO - Started process (PID=22011) to work on /home/opeyemi/.local/lib/python3.10/site-packages/airflow/example_dags/example_branch_datetime_operator.py
[2023-06-21T01:32:30.696+0100] {processor.py:826} INFO - Processing file /home/opeyemi/.local/lib/python3.10/site-packages/airflow/example_dags/example_branch_datetime_operator.py for tasks to queue
[2023-06-21T01:32:30.698+0100] {logging_mixin.py:149} INFO - [2023-06-21T01:32:30.698+0100] {dagbag.py:541} INFO - Filling up the DagBag from /home/opeyemi/.local/lib/python3.10/site-packages/airflow/example_dags/example_branch_datetime_operator.py
[2023-06-21T01:32:30.728+0100] {processor.py:836} INFO - DAG(s) dict_keys(['example_branch_datetime_operator_2', 'example_branch_datetime_operator_3', 'example_branch_datetime_operator']) retrieved from /home/opeyemi/.local/lib/python3.10/site-packages/airflow/example_dags/example_branch_datetime_operator.py
[2023-06-21T01:32:30.815+0100] {logging_mixin.py:149} INFO - [2023-06-21T01:32:30.815+0100] {dag.py:2726} INFO - Sync 3 DAGs
[2023-06-21T01:32:30.866+0100] {logging_mixin.py:149} INFO - [2023-06-21T01:32:30.866+0100] {dag.py:3486} INFO - Setting next_dagrun for example_branch_datetime_operator to 2023-06-20T00:00:00+00:00, run_after=2023-06-21T00:00:00+00:00
[2023-06-21T01:32:30.872+0100] {logging_mixin.py:149} INFO - [2023-06-21T01:32:30.872+0100] {dag.py:3486} INFO - Setting next_dagrun for example_branch_datetime_operator_2 to 2023-06-20T00:00:00+00:00, run_after=2023-06-21T00:00:00+00:00
[2023-06-21T01:32:30.874+0100] {logging_mixin.py:149} INFO - [2023-06-21T01:32:30.874+0100] {dag.py:3486} INFO - Setting next_dagrun for example_branch_datetime_operator_3 to 2023-06-20T00:00:00+00:00, run_after=2023-06-21T00:00:00+00:00
[2023-06-21T01:32:30.910+0100] {processor.py:179} INFO - Processing /home/opeyemi/.local/lib/python3.10/site-packages/airflow/example_dags/example_branch_datetime_operator.py took 0.237 seconds
[2023-06-21T01:33:27.358+0100] {processor.py:157} INFO - Started process (PID=22087) to work on /home/opeyemi/.local/lib/python3.10/site-packages/airflow/example_dags/example_branch_datetime_operator.py
[2023-06-21T01:33:27.377+0100] {processor.py:826} INFO - Processing file /home/opeyemi/.local/lib/python3.10/site-packages/airflow/example_dags/example_branch_datetime_operator.py for tasks to queue
[2023-06-21T01:33:27.379+0100] {logging_mixin.py:149} INFO - [2023-06-21T01:33:27.379+0100] {dagbag.py:541} INFO - Filling up the DagBag from /home/opeyemi/.local/lib/python3.10/site-packages/airflow/example_dags/example_branch_datetime_operator.py
[2023-06-21T01:33:27.401+0100] {processor.py:836} INFO - DAG(s) dict_keys(['example_branch_datetime_operator_3', 'example_branch_datetime_operator_2', 'example_branch_datetime_operator']) retrieved from /home/opeyemi/.local/lib/python3.10/site-packages/airflow/example_dags/example_branch_datetime_operator.py
[2023-06-21T01:33:27.449+0100] {logging_mixin.py:149} INFO - [2023-06-21T01:33:27.448+0100] {dag.py:2726} INFO - Sync 3 DAGs
[2023-06-21T01:33:27.498+0100] {logging_mixin.py:149} INFO - [2023-06-21T01:33:27.497+0100] {dag.py:3486} INFO - Setting next_dagrun for example_branch_datetime_operator to 2023-06-20T00:00:00+00:00, run_after=2023-06-21T00:00:00+00:00
[2023-06-21T01:33:27.510+0100] {logging_mixin.py:149} INFO - [2023-06-21T01:33:27.510+0100] {dag.py:3486} INFO - Setting next_dagrun for example_branch_datetime_operator_2 to 2023-06-20T00:00:00+00:00, run_after=2023-06-21T00:00:00+00:00
[2023-06-21T01:33:27.515+0100] {logging_mixin.py:149} INFO - [2023-06-21T01:33:27.515+0100] {dag.py:3486} INFO - Setting next_dagrun for example_branch_datetime_operator_3 to 2023-06-20T00:00:00+00:00, run_after=2023-06-21T00:00:00+00:00
[2023-06-21T01:33:27.573+0100] {processor.py:179} INFO - Processing /home/opeyemi/.local/lib/python3.10/site-packages/airflow/example_dags/example_branch_datetime_operator.py took 0.229 seconds
[2023-06-21T01:34:45.367+0100] {processor.py:157} INFO - Started process (PID=22377) to work on /home/opeyemi/.local/lib/python3.10/site-packages/airflow/example_dags/example_branch_datetime_operator.py
[2023-06-21T01:34:45.371+0100] {processor.py:826} INFO - Processing file /home/opeyemi/.local/lib/python3.10/site-packages/airflow/example_dags/example_branch_datetime_operator.py for tasks to queue
[2023-06-21T01:34:45.373+0100] {logging_mixin.py:149} INFO - [2023-06-21T01:34:45.373+0100] {dagbag.py:541} INFO - Filling up the DagBag from /home/opeyemi/.local/lib/python3.10/site-packages/airflow/example_dags/example_branch_datetime_operator.py
[2023-06-21T01:34:45.402+0100] {processor.py:836} INFO - DAG(s) dict_keys(['example_branch_datetime_operator_3', 'example_branch_datetime_operator', 'example_branch_datetime_operator_2']) retrieved from /home/opeyemi/.local/lib/python3.10/site-packages/airflow/example_dags/example_branch_datetime_operator.py
[2023-06-21T01:34:45.458+0100] {logging_mixin.py:149} INFO - [2023-06-21T01:34:45.458+0100] {dag.py:2726} INFO - Sync 3 DAGs
[2023-06-21T01:34:45.480+0100] {logging_mixin.py:149} INFO - [2023-06-21T01:34:45.480+0100] {dag.py:3486} INFO - Setting next_dagrun for example_branch_datetime_operator to 2023-06-20T00:00:00+00:00, run_after=2023-06-21T00:00:00+00:00
[2023-06-21T01:34:45.484+0100] {logging_mixin.py:149} INFO - [2023-06-21T01:34:45.484+0100] {dag.py:3486} INFO - Setting next_dagrun for example_branch_datetime_operator_2 to 2023-06-20T00:00:00+00:00, run_after=2023-06-21T00:00:00+00:00
[2023-06-21T01:34:45.487+0100] {logging_mixin.py:149} INFO - [2023-06-21T01:34:45.486+0100] {dag.py:3486} INFO - Setting next_dagrun for example_branch_datetime_operator_3 to 2023-06-20T00:00:00+00:00, run_after=2023-06-21T00:00:00+00:00
[2023-06-21T01:34:45.530+0100] {processor.py:179} INFO - Processing /home/opeyemi/.local/lib/python3.10/site-packages/airflow/example_dags/example_branch_datetime_operator.py took 0.173 seconds
[2023-06-21T01:36:05.133+0100] {processor.py:157} INFO - Started process (PID=22710) to work on /home/opeyemi/.local/lib/python3.10/site-packages/airflow/example_dags/example_branch_datetime_operator.py
[2023-06-21T01:36:05.146+0100] {processor.py:826} INFO - Processing file /home/opeyemi/.local/lib/python3.10/site-packages/airflow/example_dags/example_branch_datetime_operator.py for tasks to queue
[2023-06-21T01:36:05.149+0100] {logging_mixin.py:149} INFO - [2023-06-21T01:36:05.148+0100] {dagbag.py:541} INFO - Filling up the DagBag from /home/opeyemi/.local/lib/python3.10/site-packages/airflow/example_dags/example_branch_datetime_operator.py
[2023-06-21T01:36:05.196+0100] {processor.py:836} INFO - DAG(s) dict_keys(['example_branch_datetime_operator', 'example_branch_datetime_operator_2', 'example_branch_datetime_operator_3']) retrieved from /home/opeyemi/.local/lib/python3.10/site-packages/airflow/example_dags/example_branch_datetime_operator.py
[2023-06-21T01:36:05.353+0100] {logging_mixin.py:149} INFO - [2023-06-21T01:36:05.352+0100] {dag.py:2726} INFO - Sync 3 DAGs
[2023-06-21T01:36:05.498+0100] {logging_mixin.py:149} INFO - [2023-06-21T01:36:05.497+0100] {dag.py:3486} INFO - Setting next_dagrun for example_branch_datetime_operator to 2023-06-20T00:00:00+00:00, run_after=2023-06-21T00:00:00+00:00
[2023-06-21T01:36:05.516+0100] {logging_mixin.py:149} INFO - [2023-06-21T01:36:05.515+0100] {dag.py:3486} INFO - Setting next_dagrun for example_branch_datetime_operator_2 to 2023-06-20T00:00:00+00:00, run_after=2023-06-21T00:00:00+00:00
[2023-06-21T01:36:05.521+0100] {logging_mixin.py:149} INFO - [2023-06-21T01:36:05.521+0100] {dag.py:3486} INFO - Setting next_dagrun for example_branch_datetime_operator_3 to 2023-06-20T00:00:00+00:00, run_after=2023-06-21T00:00:00+00:00
[2023-06-21T01:36:05.561+0100] {processor.py:179} INFO - Processing /home/opeyemi/.local/lib/python3.10/site-packages/airflow/example_dags/example_branch_datetime_operator.py took 0.444 seconds
[2023-06-21T01:36:59.990+0100] {processor.py:157} INFO - Started process (PID=22775) to work on /home/opeyemi/.local/lib/python3.10/site-packages/airflow/example_dags/example_branch_datetime_operator.py
[2023-06-21T01:36:59.995+0100] {processor.py:826} INFO - Processing file /home/opeyemi/.local/lib/python3.10/site-packages/airflow/example_dags/example_branch_datetime_operator.py for tasks to queue
[2023-06-21T01:36:59.999+0100] {logging_mixin.py:149} INFO - [2023-06-21T01:36:59.999+0100] {dagbag.py:541} INFO - Filling up the DagBag from /home/opeyemi/.local/lib/python3.10/site-packages/airflow/example_dags/example_branch_datetime_operator.py
[2023-06-21T01:37:00.045+0100] {processor.py:836} INFO - DAG(s) dict_keys(['example_branch_datetime_operator_2', 'example_branch_datetime_operator_3', 'example_branch_datetime_operator']) retrieved from /home/opeyemi/.local/lib/python3.10/site-packages/airflow/example_dags/example_branch_datetime_operator.py
[2023-06-21T01:37:00.147+0100] {logging_mixin.py:149} INFO - [2023-06-21T01:37:00.146+0100] {dag.py:2726} INFO - Sync 3 DAGs
[2023-06-21T01:37:00.227+0100] {logging_mixin.py:149} INFO - [2023-06-21T01:37:00.226+0100] {dag.py:3486} INFO - Setting next_dagrun for example_branch_datetime_operator to 2023-06-20T00:00:00+00:00, run_after=2023-06-21T00:00:00+00:00
[2023-06-21T01:37:00.247+0100] {logging_mixin.py:149} INFO - [2023-06-21T01:37:00.247+0100] {dag.py:3486} INFO - Setting next_dagrun for example_branch_datetime_operator_2 to 2023-06-20T00:00:00+00:00, run_after=2023-06-21T00:00:00+00:00
[2023-06-21T01:37:00.257+0100] {logging_mixin.py:149} INFO - [2023-06-21T01:37:00.256+0100] {dag.py:3486} INFO - Setting next_dagrun for example_branch_datetime_operator_3 to 2023-06-20T00:00:00+00:00, run_after=2023-06-21T00:00:00+00:00
[2023-06-21T01:37:00.326+0100] {processor.py:179} INFO - Processing /home/opeyemi/.local/lib/python3.10/site-packages/airflow/example_dags/example_branch_datetime_operator.py took 0.349 seconds
[2023-06-21T01:37:58.496+0100] {processor.py:157} INFO - Started process (PID=23112) to work on /home/opeyemi/.local/lib/python3.10/site-packages/airflow/example_dags/example_branch_datetime_operator.py
[2023-06-21T01:37:58.500+0100] {processor.py:826} INFO - Processing file /home/opeyemi/.local/lib/python3.10/site-packages/airflow/example_dags/example_branch_datetime_operator.py for tasks to queue
[2023-06-21T01:37:58.503+0100] {logging_mixin.py:149} INFO - [2023-06-21T01:37:58.502+0100] {dagbag.py:541} INFO - Filling up the DagBag from /home/opeyemi/.local/lib/python3.10/site-packages/airflow/example_dags/example_branch_datetime_operator.py
[2023-06-21T01:37:58.531+0100] {processor.py:836} INFO - DAG(s) dict_keys(['example_branch_datetime_operator_3', 'example_branch_datetime_operator_2', 'example_branch_datetime_operator']) retrieved from /home/opeyemi/.local/lib/python3.10/site-packages/airflow/example_dags/example_branch_datetime_operator.py
[2023-06-21T01:37:58.620+0100] {logging_mixin.py:149} INFO - [2023-06-21T01:37:58.620+0100] {dag.py:2726} INFO - Sync 3 DAGs
[2023-06-21T01:37:58.684+0100] {logging_mixin.py:149} INFO - [2023-06-21T01:37:58.684+0100] {dag.py:3486} INFO - Setting next_dagrun for example_branch_datetime_operator to 2023-06-20T00:00:00+00:00, run_after=2023-06-21T00:00:00+00:00
[2023-06-21T01:37:58.695+0100] {logging_mixin.py:149} INFO - [2023-06-21T01:37:58.695+0100] {dag.py:3486} INFO - Setting next_dagrun for example_branch_datetime_operator_2 to 2023-06-20T00:00:00+00:00, run_after=2023-06-21T00:00:00+00:00
[2023-06-21T01:37:58.700+0100] {logging_mixin.py:149} INFO - [2023-06-21T01:37:58.700+0100] {dag.py:3486} INFO - Setting next_dagrun for example_branch_datetime_operator_3 to 2023-06-20T00:00:00+00:00, run_after=2023-06-21T00:00:00+00:00
[2023-06-21T01:37:58.786+0100] {processor.py:179} INFO - Processing /home/opeyemi/.local/lib/python3.10/site-packages/airflow/example_dags/example_branch_datetime_operator.py took 0.298 seconds
[2023-06-21T01:38:54.330+0100] {processor.py:157} INFO - Started process (PID=23283) to work on /home/opeyemi/.local/lib/python3.10/site-packages/airflow/example_dags/example_branch_datetime_operator.py
[2023-06-21T01:38:54.339+0100] {processor.py:826} INFO - Processing file /home/opeyemi/.local/lib/python3.10/site-packages/airflow/example_dags/example_branch_datetime_operator.py for tasks to queue
[2023-06-21T01:38:54.343+0100] {logging_mixin.py:149} INFO - [2023-06-21T01:38:54.342+0100] {dagbag.py:541} INFO - Filling up the DagBag from /home/opeyemi/.local/lib/python3.10/site-packages/airflow/example_dags/example_branch_datetime_operator.py
[2023-06-21T01:38:54.358+0100] {processor.py:836} INFO - DAG(s) dict_keys(['example_branch_datetime_operator_2', 'example_branch_datetime_operator_3', 'example_branch_datetime_operator']) retrieved from /home/opeyemi/.local/lib/python3.10/site-packages/airflow/example_dags/example_branch_datetime_operator.py
[2023-06-21T01:38:54.413+0100] {logging_mixin.py:149} INFO - [2023-06-21T01:38:54.413+0100] {dag.py:2726} INFO - Sync 3 DAGs
[2023-06-21T01:38:54.464+0100] {logging_mixin.py:149} INFO - [2023-06-21T01:38:54.463+0100] {dag.py:3486} INFO - Setting next_dagrun for example_branch_datetime_operator to 2023-06-20T00:00:00+00:00, run_after=2023-06-21T00:00:00+00:00
[2023-06-21T01:38:54.471+0100] {logging_mixin.py:149} INFO - [2023-06-21T01:38:54.470+0100] {dag.py:3486} INFO - Setting next_dagrun for example_branch_datetime_operator_2 to 2023-06-20T00:00:00+00:00, run_after=2023-06-21T00:00:00+00:00
[2023-06-21T01:38:54.475+0100] {logging_mixin.py:149} INFO - [2023-06-21T01:38:54.475+0100] {dag.py:3486} INFO - Setting next_dagrun for example_branch_datetime_operator_3 to 2023-06-20T00:00:00+00:00, run_after=2023-06-21T00:00:00+00:00
[2023-06-21T01:38:54.512+0100] {processor.py:179} INFO - Processing /home/opeyemi/.local/lib/python3.10/site-packages/airflow/example_dags/example_branch_datetime_operator.py took 0.189 seconds
[2023-06-21T01:39:48.642+0100] {processor.py:157} INFO - Started process (PID=23339) to work on /home/opeyemi/.local/lib/python3.10/site-packages/airflow/example_dags/example_branch_datetime_operator.py
[2023-06-21T01:39:48.646+0100] {processor.py:826} INFO - Processing file /home/opeyemi/.local/lib/python3.10/site-packages/airflow/example_dags/example_branch_datetime_operator.py for tasks to queue
[2023-06-21T01:39:48.647+0100] {logging_mixin.py:149} INFO - [2023-06-21T01:39:48.647+0100] {dagbag.py:541} INFO - Filling up the DagBag from /home/opeyemi/.local/lib/python3.10/site-packages/airflow/example_dags/example_branch_datetime_operator.py
[2023-06-21T01:39:48.668+0100] {processor.py:836} INFO - DAG(s) dict_keys(['example_branch_datetime_operator_3', 'example_branch_datetime_operator_2', 'example_branch_datetime_operator']) retrieved from /home/opeyemi/.local/lib/python3.10/site-packages/airflow/example_dags/example_branch_datetime_operator.py
[2023-06-21T01:39:48.720+0100] {logging_mixin.py:149} INFO - [2023-06-21T01:39:48.720+0100] {dag.py:2726} INFO - Sync 3 DAGs
[2023-06-21T01:39:48.769+0100] {logging_mixin.py:149} INFO - [2023-06-21T01:39:48.769+0100] {dag.py:3486} INFO - Setting next_dagrun for example_branch_datetime_operator to 2023-06-20T00:00:00+00:00, run_after=2023-06-21T00:00:00+00:00
[2023-06-21T01:39:48.778+0100] {logging_mixin.py:149} INFO - [2023-06-21T01:39:48.777+0100] {dag.py:3486} INFO - Setting next_dagrun for example_branch_datetime_operator_2 to 2023-06-20T00:00:00+00:00, run_after=2023-06-21T00:00:00+00:00
[2023-06-21T01:39:48.783+0100] {logging_mixin.py:149} INFO - [2023-06-21T01:39:48.782+0100] {dag.py:3486} INFO - Setting next_dagrun for example_branch_datetime_operator_3 to 2023-06-20T00:00:00+00:00, run_after=2023-06-21T00:00:00+00:00
[2023-06-21T01:39:48.829+0100] {processor.py:179} INFO - Processing /home/opeyemi/.local/lib/python3.10/site-packages/airflow/example_dags/example_branch_datetime_operator.py took 0.195 seconds
[2023-06-21T01:41:08.941+0100] {processor.py:157} INFO - Started process (PID=23412) to work on /home/opeyemi/.local/lib/python3.10/site-packages/airflow/example_dags/example_branch_datetime_operator.py
[2023-06-21T01:41:08.954+0100] {processor.py:826} INFO - Processing file /home/opeyemi/.local/lib/python3.10/site-packages/airflow/example_dags/example_branch_datetime_operator.py for tasks to queue
[2023-06-21T01:41:08.956+0100] {logging_mixin.py:149} INFO - [2023-06-21T01:41:08.956+0100] {dagbag.py:541} INFO - Filling up the DagBag from /home/opeyemi/.local/lib/python3.10/site-packages/airflow/example_dags/example_branch_datetime_operator.py
[2023-06-21T01:41:08.986+0100] {processor.py:836} INFO - DAG(s) dict_keys(['example_branch_datetime_operator', 'example_branch_datetime_operator_2', 'example_branch_datetime_operator_3']) retrieved from /home/opeyemi/.local/lib/python3.10/site-packages/airflow/example_dags/example_branch_datetime_operator.py
[2023-06-21T01:41:09.033+0100] {logging_mixin.py:149} INFO - [2023-06-21T01:41:09.032+0100] {dag.py:2726} INFO - Sync 3 DAGs
[2023-06-21T01:41:09.073+0100] {logging_mixin.py:149} INFO - [2023-06-21T01:41:09.073+0100] {dag.py:3486} INFO - Setting next_dagrun for example_branch_datetime_operator to 2023-06-20T00:00:00+00:00, run_after=2023-06-21T00:00:00+00:00
[2023-06-21T01:41:09.083+0100] {logging_mixin.py:149} INFO - [2023-06-21T01:41:09.083+0100] {dag.py:3486} INFO - Setting next_dagrun for example_branch_datetime_operator_2 to 2023-06-20T00:00:00+00:00, run_after=2023-06-21T00:00:00+00:00
[2023-06-21T01:41:09.087+0100] {logging_mixin.py:149} INFO - [2023-06-21T01:41:09.087+0100] {dag.py:3486} INFO - Setting next_dagrun for example_branch_datetime_operator_3 to 2023-06-20T00:00:00+00:00, run_after=2023-06-21T00:00:00+00:00
[2023-06-21T01:41:09.152+0100] {processor.py:179} INFO - Processing /home/opeyemi/.local/lib/python3.10/site-packages/airflow/example_dags/example_branch_datetime_operator.py took 0.232 seconds
