[2023-06-21T01:01:26.623+0100] {processor.py:157} INFO - Started process (PID=20568) to work on /home/opeyemi/.local/lib/python3.10/site-packages/airflow/example_dags/example_branch_day_of_week_operator.py
[2023-06-21T01:01:26.626+0100] {processor.py:826} INFO - Processing file /home/opeyemi/.local/lib/python3.10/site-packages/airflow/example_dags/example_branch_day_of_week_operator.py for tasks to queue
[2023-06-21T01:01:26.628+0100] {logging_mixin.py:149} INFO - [2023-06-21T01:01:26.627+0100] {dagbag.py:541} INFO - Filling up the DagBag from /home/opeyemi/.local/lib/python3.10/site-packages/airflow/example_dags/example_branch_day_of_week_operator.py
[2023-06-21T01:01:26.651+0100] {processor.py:836} INFO - DAG(s) dict_keys(['example_weekday_branch_operator']) retrieved from /home/opeyemi/.local/lib/python3.10/site-packages/airflow/example_dags/example_branch_day_of_week_operator.py
[2023-06-21T01:01:26.718+0100] {logging_mixin.py:149} INFO - [2023-06-21T01:01:26.718+0100] {dag.py:2726} INFO - Sync 1 DAGs
[2023-06-21T01:01:26.773+0100] {logging_mixin.py:149} INFO - [2023-06-21T01:01:26.773+0100] {dag.py:3486} INFO - Setting next_dagrun for example_weekday_branch_operator to 2023-06-20T00:00:00+00:00, run_after=2023-06-21T00:00:00+00:00
[2023-06-21T01:01:27.501+0100] {processor.py:179} INFO - Processing /home/opeyemi/.local/lib/python3.10/site-packages/airflow/example_dags/example_branch_day_of_week_operator.py took 0.888 seconds
[2023-06-21T01:03:51.069+0100] {processor.py:157} INFO - Started process (PID=20649) to work on /home/opeyemi/.local/lib/python3.10/site-packages/airflow/example_dags/example_branch_day_of_week_operator.py
[2023-06-21T01:03:51.072+0100] {processor.py:826} INFO - Processing file /home/opeyemi/.local/lib/python3.10/site-packages/airflow/example_dags/example_branch_day_of_week_operator.py for tasks to queue
[2023-06-21T01:03:51.074+0100] {logging_mixin.py:149} INFO - [2023-06-21T01:03:51.073+0100] {dagbag.py:541} INFO - Filling up the DagBag from /home/opeyemi/.local/lib/python3.10/site-packages/airflow/example_dags/example_branch_day_of_week_operator.py
[2023-06-21T01:03:51.101+0100] {processor.py:836} INFO - DAG(s) dict_keys(['example_weekday_branch_operator']) retrieved from /home/opeyemi/.local/lib/python3.10/site-packages/airflow/example_dags/example_branch_day_of_week_operator.py
[2023-06-21T01:03:51.167+0100] {logging_mixin.py:149} INFO - [2023-06-21T01:03:51.166+0100] {dag.py:2726} INFO - Sync 1 DAGs
[2023-06-21T01:03:51.225+0100] {logging_mixin.py:149} INFO - [2023-06-21T01:03:51.225+0100] {dag.py:3486} INFO - Setting next_dagrun for example_weekday_branch_operator to 2023-06-20T00:00:00+00:00, run_after=2023-06-21T00:00:00+00:00
[2023-06-21T01:03:51.445+0100] {processor.py:179} INFO - Processing /home/opeyemi/.local/lib/python3.10/site-packages/airflow/example_dags/example_branch_day_of_week_operator.py took 0.388 seconds
[2023-06-21T01:06:20.005+0100] {processor.py:157} INFO - Started process (PID=20720) to work on /home/opeyemi/.local/lib/python3.10/site-packages/airflow/example_dags/example_branch_day_of_week_operator.py
[2023-06-21T01:06:20.025+0100] {processor.py:826} INFO - Processing file /home/opeyemi/.local/lib/python3.10/site-packages/airflow/example_dags/example_branch_day_of_week_operator.py for tasks to queue
[2023-06-21T01:06:20.027+0100] {logging_mixin.py:149} INFO - [2023-06-21T01:06:20.027+0100] {dagbag.py:541} INFO - Filling up the DagBag from /home/opeyemi/.local/lib/python3.10/site-packages/airflow/example_dags/example_branch_day_of_week_operator.py
[2023-06-21T01:06:20.053+0100] {processor.py:836} INFO - DAG(s) dict_keys(['example_weekday_branch_operator']) retrieved from /home/opeyemi/.local/lib/python3.10/site-packages/airflow/example_dags/example_branch_day_of_week_operator.py
[2023-06-21T01:06:20.084+0100] {logging_mixin.py:149} INFO - [2023-06-21T01:06:20.084+0100] {dag.py:2726} INFO - Sync 1 DAGs
[2023-06-21T01:06:20.114+0100] {logging_mixin.py:149} INFO - [2023-06-21T01:06:20.114+0100] {dag.py:3486} INFO - Setting next_dagrun for example_weekday_branch_operator to 2023-06-20T00:00:00+00:00, run_after=2023-06-21T00:00:00+00:00
[2023-06-21T01:06:20.715+0100] {processor.py:179} INFO - Processing /home/opeyemi/.local/lib/python3.10/site-packages/airflow/example_dags/example_branch_day_of_week_operator.py took 0.737 seconds
[2023-06-21T01:08:34.856+0100] {processor.py:157} INFO - Started process (PID=20805) to work on /home/opeyemi/.local/lib/python3.10/site-packages/airflow/example_dags/example_branch_day_of_week_operator.py
[2023-06-21T01:08:34.860+0100] {processor.py:826} INFO - Processing file /home/opeyemi/.local/lib/python3.10/site-packages/airflow/example_dags/example_branch_day_of_week_operator.py for tasks to queue
[2023-06-21T01:08:34.861+0100] {logging_mixin.py:149} INFO - [2023-06-21T01:08:34.861+0100] {dagbag.py:541} INFO - Filling up the DagBag from /home/opeyemi/.local/lib/python3.10/site-packages/airflow/example_dags/example_branch_day_of_week_operator.py
[2023-06-21T01:08:34.881+0100] {processor.py:836} INFO - DAG(s) dict_keys(['example_weekday_branch_operator']) retrieved from /home/opeyemi/.local/lib/python3.10/site-packages/airflow/example_dags/example_branch_day_of_week_operator.py
[2023-06-21T01:08:34.937+0100] {logging_mixin.py:149} INFO - [2023-06-21T01:08:34.936+0100] {dag.py:2726} INFO - Sync 1 DAGs
[2023-06-21T01:08:34.991+0100] {logging_mixin.py:149} INFO - [2023-06-21T01:08:34.990+0100] {dag.py:3486} INFO - Setting next_dagrun for example_weekday_branch_operator to 2023-06-20T00:00:00+00:00, run_after=2023-06-21T00:00:00+00:00
[2023-06-21T01:08:35.124+0100] {processor.py:179} INFO - Processing /home/opeyemi/.local/lib/python3.10/site-packages/airflow/example_dags/example_branch_day_of_week_operator.py took 0.277 seconds
[2023-06-21T01:10:24.720+0100] {processor.py:157} INFO - Started process (PID=20872) to work on /home/opeyemi/.local/lib/python3.10/site-packages/airflow/example_dags/example_branch_day_of_week_operator.py
[2023-06-21T01:10:24.753+0100] {processor.py:826} INFO - Processing file /home/opeyemi/.local/lib/python3.10/site-packages/airflow/example_dags/example_branch_day_of_week_operator.py for tasks to queue
[2023-06-21T01:10:24.756+0100] {logging_mixin.py:149} INFO - [2023-06-21T01:10:24.755+0100] {dagbag.py:541} INFO - Filling up the DagBag from /home/opeyemi/.local/lib/python3.10/site-packages/airflow/example_dags/example_branch_day_of_week_operator.py
[2023-06-21T01:10:24.780+0100] {processor.py:836} INFO - DAG(s) dict_keys(['example_weekday_branch_operator']) retrieved from /home/opeyemi/.local/lib/python3.10/site-packages/airflow/example_dags/example_branch_day_of_week_operator.py
[2023-06-21T01:10:24.839+0100] {logging_mixin.py:149} INFO - [2023-06-21T01:10:24.838+0100] {dag.py:2726} INFO - Sync 1 DAGs
[2023-06-21T01:10:24.897+0100] {logging_mixin.py:149} INFO - [2023-06-21T01:10:24.896+0100] {dag.py:3486} INFO - Setting next_dagrun for example_weekday_branch_operator to 2023-06-20T00:00:00+00:00, run_after=2023-06-21T00:00:00+00:00
[2023-06-21T01:10:25.117+0100] {processor.py:179} INFO - Processing /home/opeyemi/.local/lib/python3.10/site-packages/airflow/example_dags/example_branch_day_of_week_operator.py took 0.404 seconds
[2023-06-21T01:12:51.639+0100] {processor.py:157} INFO - Started process (PID=20959) to work on /home/opeyemi/.local/lib/python3.10/site-packages/airflow/example_dags/example_branch_day_of_week_operator.py
[2023-06-21T01:12:51.716+0100] {processor.py:826} INFO - Processing file /home/opeyemi/.local/lib/python3.10/site-packages/airflow/example_dags/example_branch_day_of_week_operator.py for tasks to queue
[2023-06-21T01:12:51.721+0100] {logging_mixin.py:149} INFO - [2023-06-21T01:12:51.719+0100] {dagbag.py:541} INFO - Filling up the DagBag from /home/opeyemi/.local/lib/python3.10/site-packages/airflow/example_dags/example_branch_day_of_week_operator.py
[2023-06-21T01:12:51.753+0100] {processor.py:836} INFO - DAG(s) dict_keys(['example_weekday_branch_operator']) retrieved from /home/opeyemi/.local/lib/python3.10/site-packages/airflow/example_dags/example_branch_day_of_week_operator.py
[2023-06-21T01:12:51.828+0100] {logging_mixin.py:149} INFO - [2023-06-21T01:12:51.828+0100] {dag.py:2726} INFO - Sync 1 DAGs
[2023-06-21T01:12:51.867+0100] {logging_mixin.py:149} INFO - [2023-06-21T01:12:51.867+0100] {dag.py:3486} INFO - Setting next_dagrun for example_weekday_branch_operator to 2023-06-20T00:00:00+00:00, run_after=2023-06-21T00:00:00+00:00
[2023-06-21T01:12:52.174+0100] {processor.py:179} INFO - Processing /home/opeyemi/.local/lib/python3.10/site-packages/airflow/example_dags/example_branch_day_of_week_operator.py took 0.543 seconds
[2023-06-21T01:14:52.174+0100] {processor.py:157} INFO - Started process (PID=21027) to work on /home/opeyemi/.local/lib/python3.10/site-packages/airflow/example_dags/example_branch_day_of_week_operator.py
[2023-06-21T01:14:53.580+0100] {processor.py:826} INFO - Processing file /home/opeyemi/.local/lib/python3.10/site-packages/airflow/example_dags/example_branch_day_of_week_operator.py for tasks to queue
[2023-06-21T01:14:53.583+0100] {logging_mixin.py:149} INFO - [2023-06-21T01:14:53.583+0100] {dagbag.py:541} INFO - Filling up the DagBag from /home/opeyemi/.local/lib/python3.10/site-packages/airflow/example_dags/example_branch_day_of_week_operator.py
[2023-06-21T01:14:53.607+0100] {processor.py:836} INFO - DAG(s) dict_keys(['example_weekday_branch_operator']) retrieved from /home/opeyemi/.local/lib/python3.10/site-packages/airflow/example_dags/example_branch_day_of_week_operator.py
[2023-06-21T01:14:53.677+0100] {logging_mixin.py:149} INFO - [2023-06-21T01:14:53.677+0100] {dag.py:2726} INFO - Sync 1 DAGs
[2023-06-21T01:14:53.746+0100] {logging_mixin.py:149} INFO - [2023-06-21T01:14:53.745+0100] {dag.py:3486} INFO - Setting next_dagrun for example_weekday_branch_operator to 2023-06-20T00:00:00+00:00, run_after=2023-06-21T00:00:00+00:00
[2023-06-21T01:15:12.218+0100] {processor.py:179} INFO - Processing /home/opeyemi/.local/lib/python3.10/site-packages/airflow/example_dags/example_branch_day_of_week_operator.py took 20.052 seconds
[2023-06-21T01:17:24.609+0100] {processor.py:157} INFO - Started process (PID=21101) to work on /home/opeyemi/.local/lib/python3.10/site-packages/airflow/example_dags/example_branch_day_of_week_operator.py
[2023-06-21T01:17:24.643+0100] {processor.py:826} INFO - Processing file /home/opeyemi/.local/lib/python3.10/site-packages/airflow/example_dags/example_branch_day_of_week_operator.py for tasks to queue
[2023-06-21T01:17:24.646+0100] {logging_mixin.py:149} INFO - [2023-06-21T01:17:24.645+0100] {dagbag.py:541} INFO - Filling up the DagBag from /home/opeyemi/.local/lib/python3.10/site-packages/airflow/example_dags/example_branch_day_of_week_operator.py
[2023-06-21T01:17:24.693+0100] {processor.py:836} INFO - DAG(s) dict_keys(['example_weekday_branch_operator']) retrieved from /home/opeyemi/.local/lib/python3.10/site-packages/airflow/example_dags/example_branch_day_of_week_operator.py
[2023-06-21T01:17:24.744+0100] {logging_mixin.py:149} INFO - [2023-06-21T01:17:24.743+0100] {dag.py:2726} INFO - Sync 1 DAGs
[2023-06-21T01:17:24.778+0100] {logging_mixin.py:149} INFO - [2023-06-21T01:17:24.778+0100] {dag.py:3486} INFO - Setting next_dagrun for example_weekday_branch_operator to 2023-06-20T00:00:00+00:00, run_after=2023-06-21T00:00:00+00:00
[2023-06-21T01:17:24.823+0100] {processor.py:179} INFO - Processing /home/opeyemi/.local/lib/python3.10/site-packages/airflow/example_dags/example_branch_day_of_week_operator.py took 0.239 seconds
[2023-06-21T01:18:38.831+0100] {processor.py:157} INFO - Started process (PID=21158) to work on /home/opeyemi/.local/lib/python3.10/site-packages/airflow/example_dags/example_branch_day_of_week_operator.py
[2023-06-21T01:18:38.870+0100] {processor.py:826} INFO - Processing file /home/opeyemi/.local/lib/python3.10/site-packages/airflow/example_dags/example_branch_day_of_week_operator.py for tasks to queue
[2023-06-21T01:18:38.871+0100] {logging_mixin.py:149} INFO - [2023-06-21T01:18:38.871+0100] {dagbag.py:541} INFO - Filling up the DagBag from /home/opeyemi/.local/lib/python3.10/site-packages/airflow/example_dags/example_branch_day_of_week_operator.py
[2023-06-21T01:18:38.894+0100] {processor.py:836} INFO - DAG(s) dict_keys(['example_weekday_branch_operator']) retrieved from /home/opeyemi/.local/lib/python3.10/site-packages/airflow/example_dags/example_branch_day_of_week_operator.py
[2023-06-21T01:18:38.957+0100] {logging_mixin.py:149} INFO - [2023-06-21T01:18:38.956+0100] {dag.py:2726} INFO - Sync 1 DAGs
[2023-06-21T01:18:39.046+0100] {logging_mixin.py:149} INFO - [2023-06-21T01:18:39.046+0100] {dag.py:3486} INFO - Setting next_dagrun for example_weekday_branch_operator to 2023-06-20T00:00:00+00:00, run_after=2023-06-21T00:00:00+00:00
[2023-06-21T01:18:39.136+0100] {processor.py:179} INFO - Processing /home/opeyemi/.local/lib/python3.10/site-packages/airflow/example_dags/example_branch_day_of_week_operator.py took 0.324 seconds
[2023-06-21T01:19:54.169+0100] {processor.py:157} INFO - Started process (PID=21217) to work on /home/opeyemi/.local/lib/python3.10/site-packages/airflow/example_dags/example_branch_day_of_week_operator.py
[2023-06-21T01:19:54.182+0100] {processor.py:826} INFO - Processing file /home/opeyemi/.local/lib/python3.10/site-packages/airflow/example_dags/example_branch_day_of_week_operator.py for tasks to queue
[2023-06-21T01:19:54.186+0100] {logging_mixin.py:149} INFO - [2023-06-21T01:19:54.185+0100] {dagbag.py:541} INFO - Filling up the DagBag from /home/opeyemi/.local/lib/python3.10/site-packages/airflow/example_dags/example_branch_day_of_week_operator.py
[2023-06-21T01:19:54.217+0100] {processor.py:836} INFO - DAG(s) dict_keys(['example_weekday_branch_operator']) retrieved from /home/opeyemi/.local/lib/python3.10/site-packages/airflow/example_dags/example_branch_day_of_week_operator.py
[2023-06-21T01:19:54.309+0100] {logging_mixin.py:149} INFO - [2023-06-21T01:19:54.308+0100] {dag.py:2726} INFO - Sync 1 DAGs
[2023-06-21T01:19:54.414+0100] {logging_mixin.py:149} INFO - [2023-06-21T01:19:54.414+0100] {dag.py:3486} INFO - Setting next_dagrun for example_weekday_branch_operator to 2023-06-20T00:00:00+00:00, run_after=2023-06-21T00:00:00+00:00
[2023-06-21T01:19:54.588+0100] {processor.py:179} INFO - Processing /home/opeyemi/.local/lib/python3.10/site-packages/airflow/example_dags/example_branch_day_of_week_operator.py took 0.433 seconds
[2023-06-21T01:22:27.677+0100] {processor.py:157} INFO - Started process (PID=21291) to work on /home/opeyemi/.local/lib/python3.10/site-packages/airflow/example_dags/example_branch_day_of_week_operator.py
[2023-06-21T01:22:27.771+0100] {processor.py:826} INFO - Processing file /home/opeyemi/.local/lib/python3.10/site-packages/airflow/example_dags/example_branch_day_of_week_operator.py for tasks to queue
[2023-06-21T01:22:27.773+0100] {logging_mixin.py:149} INFO - [2023-06-21T01:22:27.773+0100] {dagbag.py:541} INFO - Filling up the DagBag from /home/opeyemi/.local/lib/python3.10/site-packages/airflow/example_dags/example_branch_day_of_week_operator.py
[2023-06-21T01:22:27.795+0100] {processor.py:836} INFO - DAG(s) dict_keys(['example_weekday_branch_operator']) retrieved from /home/opeyemi/.local/lib/python3.10/site-packages/airflow/example_dags/example_branch_day_of_week_operator.py
[2023-06-21T01:22:27.847+0100] {logging_mixin.py:149} INFO - [2023-06-21T01:22:27.847+0100] {dag.py:2726} INFO - Sync 1 DAGs
[2023-06-21T01:22:27.903+0100] {logging_mixin.py:149} INFO - [2023-06-21T01:22:27.903+0100] {dag.py:3486} INFO - Setting next_dagrun for example_weekday_branch_operator to 2023-06-20T00:00:00+00:00, run_after=2023-06-21T00:00:00+00:00
[2023-06-21T01:22:28.474+0100] {processor.py:179} INFO - Processing /home/opeyemi/.local/lib/python3.10/site-packages/airflow/example_dags/example_branch_day_of_week_operator.py took 0.804 seconds
[2023-06-21T01:24:02.726+0100] {processor.py:157} INFO - Started process (PID=21354) to work on /home/opeyemi/.local/lib/python3.10/site-packages/airflow/example_dags/example_branch_day_of_week_operator.py
[2023-06-21T01:24:02.834+0100] {processor.py:826} INFO - Processing file /home/opeyemi/.local/lib/python3.10/site-packages/airflow/example_dags/example_branch_day_of_week_operator.py for tasks to queue
[2023-06-21T01:24:02.836+0100] {logging_mixin.py:149} INFO - [2023-06-21T01:24:02.836+0100] {dagbag.py:541} INFO - Filling up the DagBag from /home/opeyemi/.local/lib/python3.10/site-packages/airflow/example_dags/example_branch_day_of_week_operator.py
[2023-06-21T01:24:02.902+0100] {processor.py:836} INFO - DAG(s) dict_keys(['example_weekday_branch_operator']) retrieved from /home/opeyemi/.local/lib/python3.10/site-packages/airflow/example_dags/example_branch_day_of_week_operator.py
[2023-06-21T01:24:02.992+0100] {logging_mixin.py:149} INFO - [2023-06-21T01:24:02.992+0100] {dag.py:2726} INFO - Sync 1 DAGs
[2023-06-21T01:24:03.085+0100] {logging_mixin.py:149} INFO - [2023-06-21T01:24:03.085+0100] {dag.py:3486} INFO - Setting next_dagrun for example_weekday_branch_operator to 2023-06-20T00:00:00+00:00, run_after=2023-06-21T00:00:00+00:00
[2023-06-21T01:24:03.257+0100] {processor.py:179} INFO - Processing /home/opeyemi/.local/lib/python3.10/site-packages/airflow/example_dags/example_branch_day_of_week_operator.py took 0.537 seconds
[2023-06-21T01:25:14.392+0100] {processor.py:157} INFO - Started process (PID=21590) to work on /home/opeyemi/.local/lib/python3.10/site-packages/airflow/example_dags/example_branch_day_of_week_operator.py
[2023-06-21T01:25:14.399+0100] {processor.py:826} INFO - Processing file /home/opeyemi/.local/lib/python3.10/site-packages/airflow/example_dags/example_branch_day_of_week_operator.py for tasks to queue
[2023-06-21T01:25:14.401+0100] {logging_mixin.py:149} INFO - [2023-06-21T01:25:14.401+0100] {dagbag.py:541} INFO - Filling up the DagBag from /home/opeyemi/.local/lib/python3.10/site-packages/airflow/example_dags/example_branch_day_of_week_operator.py
[2023-06-21T01:25:14.420+0100] {processor.py:836} INFO - DAG(s) dict_keys(['example_weekday_branch_operator']) retrieved from /home/opeyemi/.local/lib/python3.10/site-packages/airflow/example_dags/example_branch_day_of_week_operator.py
[2023-06-21T01:25:14.486+0100] {logging_mixin.py:149} INFO - [2023-06-21T01:25:14.486+0100] {dag.py:2726} INFO - Sync 1 DAGs
[2023-06-21T01:25:14.555+0100] {logging_mixin.py:149} INFO - [2023-06-21T01:25:14.555+0100] {dag.py:3486} INFO - Setting next_dagrun for example_weekday_branch_operator to 2023-06-20T00:00:00+00:00, run_after=2023-06-21T00:00:00+00:00
[2023-06-21T01:25:14.616+0100] {processor.py:179} INFO - Processing /home/opeyemi/.local/lib/python3.10/site-packages/airflow/example_dags/example_branch_day_of_week_operator.py took 0.231 seconds
[2023-06-21T01:26:32.059+0100] {processor.py:157} INFO - Started process (PID=21688) to work on /home/opeyemi/.local/lib/python3.10/site-packages/airflow/example_dags/example_branch_day_of_week_operator.py
[2023-06-21T01:26:32.116+0100] {processor.py:826} INFO - Processing file /home/opeyemi/.local/lib/python3.10/site-packages/airflow/example_dags/example_branch_day_of_week_operator.py for tasks to queue
[2023-06-21T01:26:32.119+0100] {logging_mixin.py:149} INFO - [2023-06-21T01:26:32.118+0100] {dagbag.py:541} INFO - Filling up the DagBag from /home/opeyemi/.local/lib/python3.10/site-packages/airflow/example_dags/example_branch_day_of_week_operator.py
[2023-06-21T01:26:32.174+0100] {processor.py:836} INFO - DAG(s) dict_keys(['example_weekday_branch_operator']) retrieved from /home/opeyemi/.local/lib/python3.10/site-packages/airflow/example_dags/example_branch_day_of_week_operator.py
[2023-06-21T01:26:32.270+0100] {logging_mixin.py:149} INFO - [2023-06-21T01:26:32.270+0100] {dag.py:2726} INFO - Sync 1 DAGs
[2023-06-21T01:26:32.328+0100] {logging_mixin.py:149} INFO - [2023-06-21T01:26:32.328+0100] {dag.py:3486} INFO - Setting next_dagrun for example_weekday_branch_operator to 2023-06-20T00:00:00+00:00, run_after=2023-06-21T00:00:00+00:00
[2023-06-21T01:26:32.705+0100] {processor.py:179} INFO - Processing /home/opeyemi/.local/lib/python3.10/site-packages/airflow/example_dags/example_branch_day_of_week_operator.py took 0.658 seconds
[2023-06-21T01:28:26.528+0100] {processor.py:157} INFO - Started process (PID=21802) to work on /home/opeyemi/.local/lib/python3.10/site-packages/airflow/example_dags/example_branch_day_of_week_operator.py
[2023-06-21T01:28:26.539+0100] {processor.py:826} INFO - Processing file /home/opeyemi/.local/lib/python3.10/site-packages/airflow/example_dags/example_branch_day_of_week_operator.py for tasks to queue
[2023-06-21T01:28:26.542+0100] {logging_mixin.py:149} INFO - [2023-06-21T01:28:26.541+0100] {dagbag.py:541} INFO - Filling up the DagBag from /home/opeyemi/.local/lib/python3.10/site-packages/airflow/example_dags/example_branch_day_of_week_operator.py
[2023-06-21T01:28:26.573+0100] {processor.py:836} INFO - DAG(s) dict_keys(['example_weekday_branch_operator']) retrieved from /home/opeyemi/.local/lib/python3.10/site-packages/airflow/example_dags/example_branch_day_of_week_operator.py
[2023-06-21T01:28:26.675+0100] {logging_mixin.py:149} INFO - [2023-06-21T01:28:26.675+0100] {dag.py:2726} INFO - Sync 1 DAGs
[2023-06-21T01:28:26.758+0100] {logging_mixin.py:149} INFO - [2023-06-21T01:28:26.757+0100] {dag.py:3486} INFO - Setting next_dagrun for example_weekday_branch_operator to 2023-06-20T00:00:00+00:00, run_after=2023-06-21T00:00:00+00:00
[2023-06-21T01:28:26.857+0100] {processor.py:179} INFO - Processing /home/opeyemi/.local/lib/python3.10/site-packages/airflow/example_dags/example_branch_day_of_week_operator.py took 0.343 seconds
[2023-06-21T01:29:33.762+0100] {processor.py:157} INFO - Started process (PID=21860) to work on /home/opeyemi/.local/lib/python3.10/site-packages/airflow/example_dags/example_branch_day_of_week_operator.py
[2023-06-21T01:29:33.776+0100] {processor.py:826} INFO - Processing file /home/opeyemi/.local/lib/python3.10/site-packages/airflow/example_dags/example_branch_day_of_week_operator.py for tasks to queue
[2023-06-21T01:29:33.779+0100] {logging_mixin.py:149} INFO - [2023-06-21T01:29:33.778+0100] {dagbag.py:541} INFO - Filling up the DagBag from /home/opeyemi/.local/lib/python3.10/site-packages/airflow/example_dags/example_branch_day_of_week_operator.py
[2023-06-21T01:29:33.817+0100] {processor.py:836} INFO - DAG(s) dict_keys(['example_weekday_branch_operator']) retrieved from /home/opeyemi/.local/lib/python3.10/site-packages/airflow/example_dags/example_branch_day_of_week_operator.py
[2023-06-21T01:29:33.882+0100] {logging_mixin.py:149} INFO - [2023-06-21T01:29:33.881+0100] {dag.py:2726} INFO - Sync 1 DAGs
[2023-06-21T01:29:33.911+0100] {logging_mixin.py:149} INFO - [2023-06-21T01:29:33.910+0100] {dag.py:3486} INFO - Setting next_dagrun for example_weekday_branch_operator to 2023-06-20T00:00:00+00:00, run_after=2023-06-21T00:00:00+00:00
[2023-06-21T01:29:33.962+0100] {processor.py:179} INFO - Processing /home/opeyemi/.local/lib/python3.10/site-packages/airflow/example_dags/example_branch_day_of_week_operator.py took 0.211 seconds
[2023-06-21T01:30:56.694+0100] {processor.py:157} INFO - Started process (PID=21932) to work on /home/opeyemi/.local/lib/python3.10/site-packages/airflow/example_dags/example_branch_day_of_week_operator.py
[2023-06-21T01:30:56.709+0100] {processor.py:826} INFO - Processing file /home/opeyemi/.local/lib/python3.10/site-packages/airflow/example_dags/example_branch_day_of_week_operator.py for tasks to queue
[2023-06-21T01:30:56.711+0100] {logging_mixin.py:149} INFO - [2023-06-21T01:30:56.710+0100] {dagbag.py:541} INFO - Filling up the DagBag from /home/opeyemi/.local/lib/python3.10/site-packages/airflow/example_dags/example_branch_day_of_week_operator.py
[2023-06-21T01:30:56.735+0100] {processor.py:836} INFO - DAG(s) dict_keys(['example_weekday_branch_operator']) retrieved from /home/opeyemi/.local/lib/python3.10/site-packages/airflow/example_dags/example_branch_day_of_week_operator.py
[2023-06-21T01:30:56.805+0100] {logging_mixin.py:149} INFO - [2023-06-21T01:30:56.805+0100] {dag.py:2726} INFO - Sync 1 DAGs
[2023-06-21T01:30:56.863+0100] {logging_mixin.py:149} INFO - [2023-06-21T01:30:56.863+0100] {dag.py:3486} INFO - Setting next_dagrun for example_weekday_branch_operator to 2023-06-20T00:00:00+00:00, run_after=2023-06-21T00:00:00+00:00
[2023-06-21T01:30:56.934+0100] {processor.py:179} INFO - Processing /home/opeyemi/.local/lib/python3.10/site-packages/airflow/example_dags/example_branch_day_of_week_operator.py took 0.250 seconds
[2023-06-21T01:32:00.109+0100] {processor.py:157} INFO - Started process (PID=21985) to work on /home/opeyemi/.local/lib/python3.10/site-packages/airflow/example_dags/example_branch_day_of_week_operator.py
[2023-06-21T01:32:00.118+0100] {processor.py:826} INFO - Processing file /home/opeyemi/.local/lib/python3.10/site-packages/airflow/example_dags/example_branch_day_of_week_operator.py for tasks to queue
[2023-06-21T01:32:00.120+0100] {logging_mixin.py:149} INFO - [2023-06-21T01:32:00.120+0100] {dagbag.py:541} INFO - Filling up the DagBag from /home/opeyemi/.local/lib/python3.10/site-packages/airflow/example_dags/example_branch_day_of_week_operator.py
[2023-06-21T01:32:00.143+0100] {processor.py:836} INFO - DAG(s) dict_keys(['example_weekday_branch_operator']) retrieved from /home/opeyemi/.local/lib/python3.10/site-packages/airflow/example_dags/example_branch_day_of_week_operator.py
[2023-06-21T01:32:00.214+0100] {logging_mixin.py:149} INFO - [2023-06-21T01:32:00.213+0100] {dag.py:2726} INFO - Sync 1 DAGs
[2023-06-21T01:32:00.286+0100] {logging_mixin.py:149} INFO - [2023-06-21T01:32:00.286+0100] {dag.py:3486} INFO - Setting next_dagrun for example_weekday_branch_operator to 2023-06-20T00:00:00+00:00, run_after=2023-06-21T00:00:00+00:00
[2023-06-21T01:32:00.365+0100] {processor.py:179} INFO - Processing /home/opeyemi/.local/lib/python3.10/site-packages/airflow/example_dags/example_branch_day_of_week_operator.py took 0.267 seconds
[2023-06-21T01:32:57.537+0100] {processor.py:157} INFO - Started process (PID=22044) to work on /home/opeyemi/.local/lib/python3.10/site-packages/airflow/example_dags/example_branch_day_of_week_operator.py
[2023-06-21T01:32:57.541+0100] {processor.py:826} INFO - Processing file /home/opeyemi/.local/lib/python3.10/site-packages/airflow/example_dags/example_branch_day_of_week_operator.py for tasks to queue
[2023-06-21T01:32:57.547+0100] {logging_mixin.py:149} INFO - [2023-06-21T01:32:57.546+0100] {dagbag.py:541} INFO - Filling up the DagBag from /home/opeyemi/.local/lib/python3.10/site-packages/airflow/example_dags/example_branch_day_of_week_operator.py
[2023-06-21T01:32:57.565+0100] {processor.py:836} INFO - DAG(s) dict_keys(['example_weekday_branch_operator']) retrieved from /home/opeyemi/.local/lib/python3.10/site-packages/airflow/example_dags/example_branch_day_of_week_operator.py
[2023-06-21T01:32:57.616+0100] {logging_mixin.py:149} INFO - [2023-06-21T01:32:57.616+0100] {dag.py:2726} INFO - Sync 1 DAGs
[2023-06-21T01:32:57.690+0100] {logging_mixin.py:149} INFO - [2023-06-21T01:32:57.689+0100] {dag.py:3486} INFO - Setting next_dagrun for example_weekday_branch_operator to 2023-06-20T00:00:00+00:00, run_after=2023-06-21T00:00:00+00:00
[2023-06-21T01:32:57.766+0100] {processor.py:179} INFO - Processing /home/opeyemi/.local/lib/python3.10/site-packages/airflow/example_dags/example_branch_day_of_week_operator.py took 0.236 seconds
[2023-06-21T01:33:53.972+0100] {processor.py:157} INFO - Started process (PID=22190) to work on /home/opeyemi/.local/lib/python3.10/site-packages/airflow/example_dags/example_branch_day_of_week_operator.py
[2023-06-21T01:33:53.978+0100] {processor.py:826} INFO - Processing file /home/opeyemi/.local/lib/python3.10/site-packages/airflow/example_dags/example_branch_day_of_week_operator.py for tasks to queue
[2023-06-21T01:33:53.981+0100] {logging_mixin.py:149} INFO - [2023-06-21T01:33:53.981+0100] {dagbag.py:541} INFO - Filling up the DagBag from /home/opeyemi/.local/lib/python3.10/site-packages/airflow/example_dags/example_branch_day_of_week_operator.py
[2023-06-21T01:33:54.014+0100] {processor.py:836} INFO - DAG(s) dict_keys(['example_weekday_branch_operator']) retrieved from /home/opeyemi/.local/lib/python3.10/site-packages/airflow/example_dags/example_branch_day_of_week_operator.py
[2023-06-21T01:33:54.111+0100] {logging_mixin.py:149} INFO - [2023-06-21T01:33:54.110+0100] {dag.py:2726} INFO - Sync 1 DAGs
[2023-06-21T01:33:54.197+0100] {logging_mixin.py:149} INFO - [2023-06-21T01:33:54.196+0100] {dag.py:3486} INFO - Setting next_dagrun for example_weekday_branch_operator to 2023-06-20T00:00:00+00:00, run_after=2023-06-21T00:00:00+00:00
[2023-06-21T01:33:54.246+0100] {processor.py:179} INFO - Processing /home/opeyemi/.local/lib/python3.10/site-packages/airflow/example_dags/example_branch_day_of_week_operator.py took 0.285 seconds
[2023-06-21T01:35:12.193+0100] {processor.py:157} INFO - Started process (PID=22491) to work on /home/opeyemi/.local/lib/python3.10/site-packages/airflow/example_dags/example_branch_day_of_week_operator.py
[2023-06-21T01:35:12.202+0100] {processor.py:826} INFO - Processing file /home/opeyemi/.local/lib/python3.10/site-packages/airflow/example_dags/example_branch_day_of_week_operator.py for tasks to queue
[2023-06-21T01:35:12.204+0100] {logging_mixin.py:149} INFO - [2023-06-21T01:35:12.203+0100] {dagbag.py:541} INFO - Filling up the DagBag from /home/opeyemi/.local/lib/python3.10/site-packages/airflow/example_dags/example_branch_day_of_week_operator.py
[2023-06-21T01:35:12.231+0100] {processor.py:836} INFO - DAG(s) dict_keys(['example_weekday_branch_operator']) retrieved from /home/opeyemi/.local/lib/python3.10/site-packages/airflow/example_dags/example_branch_day_of_week_operator.py
[2023-06-21T01:35:12.341+0100] {logging_mixin.py:149} INFO - [2023-06-21T01:35:12.341+0100] {dag.py:2726} INFO - Sync 1 DAGs
[2023-06-21T01:35:12.407+0100] {logging_mixin.py:149} INFO - [2023-06-21T01:35:12.406+0100] {dag.py:3486} INFO - Setting next_dagrun for example_weekday_branch_operator to 2023-06-20T00:00:00+00:00, run_after=2023-06-21T00:00:00+00:00
[2023-06-21T01:35:12.480+0100] {processor.py:179} INFO - Processing /home/opeyemi/.local/lib/python3.10/site-packages/airflow/example_dags/example_branch_day_of_week_operator.py took 0.299 seconds
[2023-06-21T01:36:08.629+0100] {processor.py:157} INFO - Started process (PID=22720) to work on /home/opeyemi/.local/lib/python3.10/site-packages/airflow/example_dags/example_branch_day_of_week_operator.py
[2023-06-21T01:36:08.633+0100] {processor.py:826} INFO - Processing file /home/opeyemi/.local/lib/python3.10/site-packages/airflow/example_dags/example_branch_day_of_week_operator.py for tasks to queue
[2023-06-21T01:36:08.634+0100] {logging_mixin.py:149} INFO - [2023-06-21T01:36:08.634+0100] {dagbag.py:541} INFO - Filling up the DagBag from /home/opeyemi/.local/lib/python3.10/site-packages/airflow/example_dags/example_branch_day_of_week_operator.py
[2023-06-21T01:36:08.644+0100] {processor.py:836} INFO - DAG(s) dict_keys(['example_weekday_branch_operator']) retrieved from /home/opeyemi/.local/lib/python3.10/site-packages/airflow/example_dags/example_branch_day_of_week_operator.py
[2023-06-21T01:36:08.669+0100] {logging_mixin.py:149} INFO - [2023-06-21T01:36:08.669+0100] {dag.py:2726} INFO - Sync 1 DAGs
[2023-06-21T01:36:08.691+0100] {logging_mixin.py:149} INFO - [2023-06-21T01:36:08.691+0100] {dag.py:3486} INFO - Setting next_dagrun for example_weekday_branch_operator to 2023-06-20T00:00:00+00:00, run_after=2023-06-21T00:00:00+00:00
[2023-06-21T01:36:08.747+0100] {processor.py:179} INFO - Processing /home/opeyemi/.local/lib/python3.10/site-packages/airflow/example_dags/example_branch_day_of_week_operator.py took 0.123 seconds
[2023-06-21T01:37:33.485+0100] {processor.py:157} INFO - Started process (PID=23037) to work on /home/opeyemi/.local/lib/python3.10/site-packages/airflow/example_dags/example_branch_day_of_week_operator.py
[2023-06-21T01:37:33.490+0100] {processor.py:826} INFO - Processing file /home/opeyemi/.local/lib/python3.10/site-packages/airflow/example_dags/example_branch_day_of_week_operator.py for tasks to queue
[2023-06-21T01:37:33.497+0100] {logging_mixin.py:149} INFO - [2023-06-21T01:37:33.492+0100] {dagbag.py:541} INFO - Filling up the DagBag from /home/opeyemi/.local/lib/python3.10/site-packages/airflow/example_dags/example_branch_day_of_week_operator.py
[2023-06-21T01:37:33.521+0100] {processor.py:836} INFO - DAG(s) dict_keys(['example_weekday_branch_operator']) retrieved from /home/opeyemi/.local/lib/python3.10/site-packages/airflow/example_dags/example_branch_day_of_week_operator.py
[2023-06-21T01:37:33.565+0100] {logging_mixin.py:149} INFO - [2023-06-21T01:37:33.565+0100] {dag.py:2726} INFO - Sync 1 DAGs
[2023-06-21T01:37:33.619+0100] {logging_mixin.py:149} INFO - [2023-06-21T01:37:33.619+0100] {dag.py:3486} INFO - Setting next_dagrun for example_weekday_branch_operator to 2023-06-20T00:00:00+00:00, run_after=2023-06-21T00:00:00+00:00
[2023-06-21T01:37:33.679+0100] {processor.py:179} INFO - Processing /home/opeyemi/.local/lib/python3.10/site-packages/airflow/example_dags/example_branch_day_of_week_operator.py took 0.215 seconds
[2023-06-21T01:38:30.622+0100] {processor.py:157} INFO - Started process (PID=23259) to work on /home/opeyemi/.local/lib/python3.10/site-packages/airflow/example_dags/example_branch_day_of_week_operator.py
[2023-06-21T01:38:30.626+0100] {processor.py:826} INFO - Processing file /home/opeyemi/.local/lib/python3.10/site-packages/airflow/example_dags/example_branch_day_of_week_operator.py for tasks to queue
[2023-06-21T01:38:30.629+0100] {logging_mixin.py:149} INFO - [2023-06-21T01:38:30.629+0100] {dagbag.py:541} INFO - Filling up the DagBag from /home/opeyemi/.local/lib/python3.10/site-packages/airflow/example_dags/example_branch_day_of_week_operator.py
[2023-06-21T01:38:30.653+0100] {processor.py:836} INFO - DAG(s) dict_keys(['example_weekday_branch_operator']) retrieved from /home/opeyemi/.local/lib/python3.10/site-packages/airflow/example_dags/example_branch_day_of_week_operator.py
[2023-06-21T01:38:30.739+0100] {logging_mixin.py:149} INFO - [2023-06-21T01:38:30.738+0100] {dag.py:2726} INFO - Sync 1 DAGs
[2023-06-21T01:38:30.891+0100] {logging_mixin.py:149} INFO - [2023-06-21T01:38:30.891+0100] {dag.py:3486} INFO - Setting next_dagrun for example_weekday_branch_operator to 2023-06-20T00:00:00+00:00, run_after=2023-06-21T00:00:00+00:00
[2023-06-21T01:38:30.962+0100] {processor.py:179} INFO - Processing /home/opeyemi/.local/lib/python3.10/site-packages/airflow/example_dags/example_branch_day_of_week_operator.py took 0.351 seconds
[2023-06-21T01:39:50.578+0100] {processor.py:157} INFO - Started process (PID=23341) to work on /home/opeyemi/.local/lib/python3.10/site-packages/airflow/example_dags/example_branch_day_of_week_operator.py
[2023-06-21T01:39:50.581+0100] {processor.py:826} INFO - Processing file /home/opeyemi/.local/lib/python3.10/site-packages/airflow/example_dags/example_branch_day_of_week_operator.py for tasks to queue
[2023-06-21T01:39:50.584+0100] {logging_mixin.py:149} INFO - [2023-06-21T01:39:50.583+0100] {dagbag.py:541} INFO - Filling up the DagBag from /home/opeyemi/.local/lib/python3.10/site-packages/airflow/example_dags/example_branch_day_of_week_operator.py
[2023-06-21T01:39:50.606+0100] {processor.py:836} INFO - DAG(s) dict_keys(['example_weekday_branch_operator']) retrieved from /home/opeyemi/.local/lib/python3.10/site-packages/airflow/example_dags/example_branch_day_of_week_operator.py
[2023-06-21T01:39:50.661+0100] {logging_mixin.py:149} INFO - [2023-06-21T01:39:50.661+0100] {dag.py:2726} INFO - Sync 1 DAGs
[2023-06-21T01:39:50.693+0100] {logging_mixin.py:149} INFO - [2023-06-21T01:39:50.693+0100] {dag.py:3486} INFO - Setting next_dagrun for example_weekday_branch_operator to 2023-06-20T00:00:00+00:00, run_after=2023-06-21T00:00:00+00:00
[2023-06-21T01:39:50.723+0100] {processor.py:179} INFO - Processing /home/opeyemi/.local/lib/python3.10/site-packages/airflow/example_dags/example_branch_day_of_week_operator.py took 0.153 seconds
[2023-06-21T01:41:11.133+0100] {processor.py:157} INFO - Started process (PID=23414) to work on /home/opeyemi/.local/lib/python3.10/site-packages/airflow/example_dags/example_branch_day_of_week_operator.py
[2023-06-21T01:41:11.136+0100] {processor.py:826} INFO - Processing file /home/opeyemi/.local/lib/python3.10/site-packages/airflow/example_dags/example_branch_day_of_week_operator.py for tasks to queue
[2023-06-21T01:41:11.137+0100] {logging_mixin.py:149} INFO - [2023-06-21T01:41:11.137+0100] {dagbag.py:541} INFO - Filling up the DagBag from /home/opeyemi/.local/lib/python3.10/site-packages/airflow/example_dags/example_branch_day_of_week_operator.py
[2023-06-21T01:41:11.155+0100] {processor.py:836} INFO - DAG(s) dict_keys(['example_weekday_branch_operator']) retrieved from /home/opeyemi/.local/lib/python3.10/site-packages/airflow/example_dags/example_branch_day_of_week_operator.py
[2023-06-21T01:41:11.213+0100] {logging_mixin.py:149} INFO - [2023-06-21T01:41:11.213+0100] {dag.py:2726} INFO - Sync 1 DAGs
[2023-06-21T01:41:11.270+0100] {logging_mixin.py:149} INFO - [2023-06-21T01:41:11.269+0100] {dag.py:3486} INFO - Setting next_dagrun for example_weekday_branch_operator to 2023-06-20T00:00:00+00:00, run_after=2023-06-21T00:00:00+00:00
[2023-06-21T01:41:11.616+0100] {processor.py:179} INFO - Processing /home/opeyemi/.local/lib/python3.10/site-packages/airflow/example_dags/example_branch_day_of_week_operator.py took 0.439 seconds
