[2023-06-21T01:01:16.597+0100] {processor.py:157} INFO - Started process (PID=20565) to work on /home/opeyemi/.local/lib/python3.10/site-packages/airflow/example_dags/example_complex.py
[2023-06-21T01:01:16.602+0100] {processor.py:826} INFO - Processing file /home/opeyemi/.local/lib/python3.10/site-packages/airflow/example_dags/example_complex.py for tasks to queue
[2023-06-21T01:01:16.606+0100] {logging_mixin.py:149} INFO - [2023-06-21T01:01:16.605+0100] {dagbag.py:541} INFO - Filling up the DagBag from /home/opeyemi/.local/lib/python3.10/site-packages/airflow/example_dags/example_complex.py
[2023-06-21T01:01:16.693+0100] {processor.py:836} INFO - DAG(s) dict_keys(['example_complex']) retrieved from /home/opeyemi/.local/lib/python3.10/site-packages/airflow/example_dags/example_complex.py
[2023-06-21T01:01:16.814+0100] {logging_mixin.py:149} INFO - [2023-06-21T01:01:16.814+0100] {dag.py:2726} INFO - Sync 1 DAGs
[2023-06-21T01:01:16.837+0100] {logging_mixin.py:149} INFO - [2023-06-21T01:01:16.837+0100] {dag.py:3486} INFO - Setting next_dagrun for example_complex to None, run_after=None
[2023-06-21T01:01:16.997+0100] {processor.py:179} INFO - Processing /home/opeyemi/.local/lib/python3.10/site-packages/airflow/example_dags/example_complex.py took 0.414 seconds
[2023-06-21T01:03:45.958+0100] {processor.py:157} INFO - Started process (PID=20646) to work on /home/opeyemi/.local/lib/python3.10/site-packages/airflow/example_dags/example_complex.py
[2023-06-21T01:03:45.961+0100] {processor.py:826} INFO - Processing file /home/opeyemi/.local/lib/python3.10/site-packages/airflow/example_dags/example_complex.py for tasks to queue
[2023-06-21T01:03:45.962+0100] {logging_mixin.py:149} INFO - [2023-06-21T01:03:45.962+0100] {dagbag.py:541} INFO - Filling up the DagBag from /home/opeyemi/.local/lib/python3.10/site-packages/airflow/example_dags/example_complex.py
[2023-06-21T01:03:46.009+0100] {processor.py:836} INFO - DAG(s) dict_keys(['example_complex']) retrieved from /home/opeyemi/.local/lib/python3.10/site-packages/airflow/example_dags/example_complex.py
[2023-06-21T01:03:46.164+0100] {logging_mixin.py:149} INFO - [2023-06-21T01:03:46.163+0100] {dag.py:2726} INFO - Sync 1 DAGs
[2023-06-21T01:03:46.273+0100] {logging_mixin.py:149} INFO - [2023-06-21T01:03:46.273+0100] {dag.py:3486} INFO - Setting next_dagrun for example_complex to None, run_after=None
[2023-06-21T01:03:46.475+0100] {processor.py:179} INFO - Processing /home/opeyemi/.local/lib/python3.10/site-packages/airflow/example_dags/example_complex.py took 0.531 seconds
[2023-06-21T01:06:14.285+0100] {processor.py:157} INFO - Started process (PID=20717) to work on /home/opeyemi/.local/lib/python3.10/site-packages/airflow/example_dags/example_complex.py
[2023-06-21T01:06:14.295+0100] {processor.py:826} INFO - Processing file /home/opeyemi/.local/lib/python3.10/site-packages/airflow/example_dags/example_complex.py for tasks to queue
[2023-06-21T01:06:14.297+0100] {logging_mixin.py:149} INFO - [2023-06-21T01:06:14.297+0100] {dagbag.py:541} INFO - Filling up the DagBag from /home/opeyemi/.local/lib/python3.10/site-packages/airflow/example_dags/example_complex.py
[2023-06-21T01:06:14.349+0100] {processor.py:836} INFO - DAG(s) dict_keys(['example_complex']) retrieved from /home/opeyemi/.local/lib/python3.10/site-packages/airflow/example_dags/example_complex.py
[2023-06-21T01:06:14.386+0100] {logging_mixin.py:149} INFO - [2023-06-21T01:06:14.386+0100] {dag.py:2726} INFO - Sync 1 DAGs
[2023-06-21T01:06:14.409+0100] {logging_mixin.py:149} INFO - [2023-06-21T01:06:14.409+0100] {dag.py:3486} INFO - Setting next_dagrun for example_complex to None, run_after=None
[2023-06-21T01:06:14.767+0100] {processor.py:179} INFO - Processing /home/opeyemi/.local/lib/python3.10/site-packages/airflow/example_dags/example_complex.py took 0.488 seconds
[2023-06-21T01:08:30.665+0100] {processor.py:157} INFO - Started process (PID=20802) to work on /home/opeyemi/.local/lib/python3.10/site-packages/airflow/example_dags/example_complex.py
[2023-06-21T01:08:30.720+0100] {processor.py:826} INFO - Processing file /home/opeyemi/.local/lib/python3.10/site-packages/airflow/example_dags/example_complex.py for tasks to queue
[2023-06-21T01:08:30.721+0100] {logging_mixin.py:149} INFO - [2023-06-21T01:08:30.721+0100] {dagbag.py:541} INFO - Filling up the DagBag from /home/opeyemi/.local/lib/python3.10/site-packages/airflow/example_dags/example_complex.py
[2023-06-21T01:08:30.734+0100] {processor.py:836} INFO - DAG(s) dict_keys(['example_complex']) retrieved from /home/opeyemi/.local/lib/python3.10/site-packages/airflow/example_dags/example_complex.py
[2023-06-21T01:08:30.779+0100] {logging_mixin.py:149} INFO - [2023-06-21T01:08:30.778+0100] {dag.py:2726} INFO - Sync 1 DAGs
[2023-06-21T01:08:30.804+0100] {logging_mixin.py:149} INFO - [2023-06-21T01:08:30.804+0100] {dag.py:3486} INFO - Setting next_dagrun for example_complex to None, run_after=None
[2023-06-21T01:08:30.880+0100] {processor.py:179} INFO - Processing /home/opeyemi/.local/lib/python3.10/site-packages/airflow/example_dags/example_complex.py took 0.219 seconds
[2023-06-21T01:10:21.523+0100] {processor.py:157} INFO - Started process (PID=20869) to work on /home/opeyemi/.local/lib/python3.10/site-packages/airflow/example_dags/example_complex.py
[2023-06-21T01:10:21.525+0100] {processor.py:826} INFO - Processing file /home/opeyemi/.local/lib/python3.10/site-packages/airflow/example_dags/example_complex.py for tasks to queue
[2023-06-21T01:10:21.528+0100] {logging_mixin.py:149} INFO - [2023-06-21T01:10:21.528+0100] {dagbag.py:541} INFO - Filling up the DagBag from /home/opeyemi/.local/lib/python3.10/site-packages/airflow/example_dags/example_complex.py
[2023-06-21T01:10:21.555+0100] {processor.py:836} INFO - DAG(s) dict_keys(['example_complex']) retrieved from /home/opeyemi/.local/lib/python3.10/site-packages/airflow/example_dags/example_complex.py
[2023-06-21T01:10:21.617+0100] {logging_mixin.py:149} INFO - [2023-06-21T01:10:21.617+0100] {dag.py:2726} INFO - Sync 1 DAGs
[2023-06-21T01:10:21.652+0100] {logging_mixin.py:149} INFO - [2023-06-21T01:10:21.652+0100] {dag.py:3486} INFO - Setting next_dagrun for example_complex to None, run_after=None
[2023-06-21T01:10:21.714+0100] {processor.py:179} INFO - Processing /home/opeyemi/.local/lib/python3.10/site-packages/airflow/example_dags/example_complex.py took 0.195 seconds
[2023-06-21T01:12:47.650+0100] {processor.py:157} INFO - Started process (PID=20956) to work on /home/opeyemi/.local/lib/python3.10/site-packages/airflow/example_dags/example_complex.py
[2023-06-21T01:12:47.673+0100] {processor.py:826} INFO - Processing file /home/opeyemi/.local/lib/python3.10/site-packages/airflow/example_dags/example_complex.py for tasks to queue
[2023-06-21T01:12:47.675+0100] {logging_mixin.py:149} INFO - [2023-06-21T01:12:47.674+0100] {dagbag.py:541} INFO - Filling up the DagBag from /home/opeyemi/.local/lib/python3.10/site-packages/airflow/example_dags/example_complex.py
[2023-06-21T01:12:47.725+0100] {processor.py:836} INFO - DAG(s) dict_keys(['example_complex']) retrieved from /home/opeyemi/.local/lib/python3.10/site-packages/airflow/example_dags/example_complex.py
[2023-06-21T01:12:47.832+0100] {logging_mixin.py:149} INFO - [2023-06-21T01:12:47.831+0100] {dag.py:2726} INFO - Sync 1 DAGs
[2023-06-21T01:12:47.896+0100] {logging_mixin.py:149} INFO - [2023-06-21T01:12:47.896+0100] {dag.py:3486} INFO - Setting next_dagrun for example_complex to None, run_after=None
[2023-06-21T01:12:48.363+0100] {processor.py:179} INFO - Processing /home/opeyemi/.local/lib/python3.10/site-packages/airflow/example_dags/example_complex.py took 0.713 seconds
[2023-06-21T01:14:46.611+0100] {processor.py:157} INFO - Started process (PID=21024) to work on /home/opeyemi/.local/lib/python3.10/site-packages/airflow/example_dags/example_complex.py
[2023-06-21T01:14:47.400+0100] {processor.py:826} INFO - Processing file /home/opeyemi/.local/lib/python3.10/site-packages/airflow/example_dags/example_complex.py for tasks to queue
[2023-06-21T01:14:47.401+0100] {logging_mixin.py:149} INFO - [2023-06-21T01:14:47.401+0100] {dagbag.py:541} INFO - Filling up the DagBag from /home/opeyemi/.local/lib/python3.10/site-packages/airflow/example_dags/example_complex.py
[2023-06-21T01:14:47.446+0100] {processor.py:836} INFO - DAG(s) dict_keys(['example_complex']) retrieved from /home/opeyemi/.local/lib/python3.10/site-packages/airflow/example_dags/example_complex.py
[2023-06-21T01:14:47.588+0100] {logging_mixin.py:149} INFO - [2023-06-21T01:14:47.587+0100] {dag.py:2726} INFO - Sync 1 DAGs
[2023-06-21T01:14:47.673+0100] {logging_mixin.py:149} INFO - [2023-06-21T01:14:47.673+0100] {dag.py:3486} INFO - Setting next_dagrun for example_complex to None, run_after=None
[2023-06-21T01:14:47.858+0100] {processor.py:179} INFO - Processing /home/opeyemi/.local/lib/python3.10/site-packages/airflow/example_dags/example_complex.py took 1.252 seconds
[2023-06-21T01:17:20.758+0100] {processor.py:157} INFO - Started process (PID=21098) to work on /home/opeyemi/.local/lib/python3.10/site-packages/airflow/example_dags/example_complex.py
[2023-06-21T01:17:20.823+0100] {processor.py:826} INFO - Processing file /home/opeyemi/.local/lib/python3.10/site-packages/airflow/example_dags/example_complex.py for tasks to queue
[2023-06-21T01:17:20.826+0100] {logging_mixin.py:149} INFO - [2023-06-21T01:17:20.825+0100] {dagbag.py:541} INFO - Filling up the DagBag from /home/opeyemi/.local/lib/python3.10/site-packages/airflow/example_dags/example_complex.py
[2023-06-21T01:17:20.901+0100] {processor.py:836} INFO - DAG(s) dict_keys(['example_complex']) retrieved from /home/opeyemi/.local/lib/python3.10/site-packages/airflow/example_dags/example_complex.py
[2023-06-21T01:17:21.081+0100] {logging_mixin.py:149} INFO - [2023-06-21T01:17:21.080+0100] {dag.py:2726} INFO - Sync 1 DAGs
[2023-06-21T01:17:21.224+0100] {logging_mixin.py:149} INFO - [2023-06-21T01:17:21.224+0100] {dag.py:3486} INFO - Setting next_dagrun for example_complex to None, run_after=None
[2023-06-21T01:17:21.511+0100] {processor.py:179} INFO - Processing /home/opeyemi/.local/lib/python3.10/site-packages/airflow/example_dags/example_complex.py took 0.765 seconds
[2023-06-21T01:18:34.861+0100] {processor.py:157} INFO - Started process (PID=21155) to work on /home/opeyemi/.local/lib/python3.10/site-packages/airflow/example_dags/example_complex.py
[2023-06-21T01:18:34.892+0100] {processor.py:826} INFO - Processing file /home/opeyemi/.local/lib/python3.10/site-packages/airflow/example_dags/example_complex.py for tasks to queue
[2023-06-21T01:18:34.895+0100] {logging_mixin.py:149} INFO - [2023-06-21T01:18:34.894+0100] {dagbag.py:541} INFO - Filling up the DagBag from /home/opeyemi/.local/lib/python3.10/site-packages/airflow/example_dags/example_complex.py
[2023-06-21T01:18:35.009+0100] {processor.py:836} INFO - DAG(s) dict_keys(['example_complex']) retrieved from /home/opeyemi/.local/lib/python3.10/site-packages/airflow/example_dags/example_complex.py
[2023-06-21T01:18:35.116+0100] {logging_mixin.py:149} INFO - [2023-06-21T01:18:35.115+0100] {dag.py:2726} INFO - Sync 1 DAGs
[2023-06-21T01:18:35.143+0100] {logging_mixin.py:149} INFO - [2023-06-21T01:18:35.143+0100] {dag.py:3486} INFO - Setting next_dagrun for example_complex to None, run_after=None
[2023-06-21T01:18:35.352+0100] {processor.py:179} INFO - Processing /home/opeyemi/.local/lib/python3.10/site-packages/airflow/example_dags/example_complex.py took 0.505 seconds
[2023-06-21T01:19:50.254+0100] {processor.py:157} INFO - Started process (PID=21214) to work on /home/opeyemi/.local/lib/python3.10/site-packages/airflow/example_dags/example_complex.py
[2023-06-21T01:19:50.345+0100] {processor.py:826} INFO - Processing file /home/opeyemi/.local/lib/python3.10/site-packages/airflow/example_dags/example_complex.py for tasks to queue
[2023-06-21T01:19:50.347+0100] {logging_mixin.py:149} INFO - [2023-06-21T01:19:50.346+0100] {dagbag.py:541} INFO - Filling up the DagBag from /home/opeyemi/.local/lib/python3.10/site-packages/airflow/example_dags/example_complex.py
[2023-06-21T01:19:50.366+0100] {processor.py:836} INFO - DAG(s) dict_keys(['example_complex']) retrieved from /home/opeyemi/.local/lib/python3.10/site-packages/airflow/example_dags/example_complex.py
[2023-06-21T01:19:50.447+0100] {logging_mixin.py:149} INFO - [2023-06-21T01:19:50.447+0100] {dag.py:2726} INFO - Sync 1 DAGs
[2023-06-21T01:19:50.506+0100] {logging_mixin.py:149} INFO - [2023-06-21T01:19:50.506+0100] {dag.py:3486} INFO - Setting next_dagrun for example_complex to None, run_after=None
[2023-06-21T01:19:50.615+0100] {processor.py:179} INFO - Processing /home/opeyemi/.local/lib/python3.10/site-packages/airflow/example_dags/example_complex.py took 0.374 seconds
[2023-06-21T01:22:23.676+0100] {processor.py:157} INFO - Started process (PID=21288) to work on /home/opeyemi/.local/lib/python3.10/site-packages/airflow/example_dags/example_complex.py
[2023-06-21T01:22:23.743+0100] {processor.py:826} INFO - Processing file /home/opeyemi/.local/lib/python3.10/site-packages/airflow/example_dags/example_complex.py for tasks to queue
[2023-06-21T01:22:23.746+0100] {logging_mixin.py:149} INFO - [2023-06-21T01:22:23.745+0100] {dagbag.py:541} INFO - Filling up the DagBag from /home/opeyemi/.local/lib/python3.10/site-packages/airflow/example_dags/example_complex.py
[2023-06-21T01:22:23.814+0100] {processor.py:836} INFO - DAG(s) dict_keys(['example_complex']) retrieved from /home/opeyemi/.local/lib/python3.10/site-packages/airflow/example_dags/example_complex.py
[2023-06-21T01:22:23.949+0100] {logging_mixin.py:149} INFO - [2023-06-21T01:22:23.948+0100] {dag.py:2726} INFO - Sync 1 DAGs
[2023-06-21T01:22:24.052+0100] {logging_mixin.py:149} INFO - [2023-06-21T01:22:24.051+0100] {dag.py:3486} INFO - Setting next_dagrun for example_complex to None, run_after=None
[2023-06-21T01:22:24.167+0100] {processor.py:179} INFO - Processing /home/opeyemi/.local/lib/python3.10/site-packages/airflow/example_dags/example_complex.py took 0.499 seconds
[2023-06-21T01:23:58.627+0100] {processor.py:157} INFO - Started process (PID=21351) to work on /home/opeyemi/.local/lib/python3.10/site-packages/airflow/example_dags/example_complex.py
[2023-06-21T01:23:58.695+0100] {processor.py:826} INFO - Processing file /home/opeyemi/.local/lib/python3.10/site-packages/airflow/example_dags/example_complex.py for tasks to queue
[2023-06-21T01:23:58.696+0100] {logging_mixin.py:149} INFO - [2023-06-21T01:23:58.696+0100] {dagbag.py:541} INFO - Filling up the DagBag from /home/opeyemi/.local/lib/python3.10/site-packages/airflow/example_dags/example_complex.py
[2023-06-21T01:23:58.751+0100] {processor.py:836} INFO - DAG(s) dict_keys(['example_complex']) retrieved from /home/opeyemi/.local/lib/python3.10/site-packages/airflow/example_dags/example_complex.py
[2023-06-21T01:23:58.875+0100] {logging_mixin.py:149} INFO - [2023-06-21T01:23:58.875+0100] {dag.py:2726} INFO - Sync 1 DAGs
[2023-06-21T01:23:58.943+0100] {logging_mixin.py:149} INFO - [2023-06-21T01:23:58.943+0100] {dag.py:3486} INFO - Setting next_dagrun for example_complex to None, run_after=None
[2023-06-21T01:23:59.002+0100] {processor.py:179} INFO - Processing /home/opeyemi/.local/lib/python3.10/site-packages/airflow/example_dags/example_complex.py took 0.381 seconds
[2023-06-21T01:25:10.387+0100] {processor.py:157} INFO - Started process (PID=21587) to work on /home/opeyemi/.local/lib/python3.10/site-packages/airflow/example_dags/example_complex.py
[2023-06-21T01:25:10.400+0100] {processor.py:826} INFO - Processing file /home/opeyemi/.local/lib/python3.10/site-packages/airflow/example_dags/example_complex.py for tasks to queue
[2023-06-21T01:25:10.402+0100] {logging_mixin.py:149} INFO - [2023-06-21T01:25:10.401+0100] {dagbag.py:541} INFO - Filling up the DagBag from /home/opeyemi/.local/lib/python3.10/site-packages/airflow/example_dags/example_complex.py
[2023-06-21T01:25:10.448+0100] {processor.py:836} INFO - DAG(s) dict_keys(['example_complex']) retrieved from /home/opeyemi/.local/lib/python3.10/site-packages/airflow/example_dags/example_complex.py
[2023-06-21T01:25:10.519+0100] {logging_mixin.py:149} INFO - [2023-06-21T01:25:10.519+0100] {dag.py:2726} INFO - Sync 1 DAGs
[2023-06-21T01:25:10.548+0100] {logging_mixin.py:149} INFO - [2023-06-21T01:25:10.548+0100] {dag.py:3486} INFO - Setting next_dagrun for example_complex to None, run_after=None
[2023-06-21T01:25:10.609+0100] {processor.py:179} INFO - Processing /home/opeyemi/.local/lib/python3.10/site-packages/airflow/example_dags/example_complex.py took 0.241 seconds
[2023-06-21T01:26:27.312+0100] {processor.py:157} INFO - Started process (PID=21685) to work on /home/opeyemi/.local/lib/python3.10/site-packages/airflow/example_dags/example_complex.py
[2023-06-21T01:26:27.456+0100] {processor.py:826} INFO - Processing file /home/opeyemi/.local/lib/python3.10/site-packages/airflow/example_dags/example_complex.py for tasks to queue
[2023-06-21T01:26:27.458+0100] {logging_mixin.py:149} INFO - [2023-06-21T01:26:27.457+0100] {dagbag.py:541} INFO - Filling up the DagBag from /home/opeyemi/.local/lib/python3.10/site-packages/airflow/example_dags/example_complex.py
[2023-06-21T01:26:27.507+0100] {processor.py:836} INFO - DAG(s) dict_keys(['example_complex']) retrieved from /home/opeyemi/.local/lib/python3.10/site-packages/airflow/example_dags/example_complex.py
[2023-06-21T01:26:27.596+0100] {logging_mixin.py:149} INFO - [2023-06-21T01:26:27.595+0100] {dag.py:2726} INFO - Sync 1 DAGs
[2023-06-21T01:26:27.674+0100] {logging_mixin.py:149} INFO - [2023-06-21T01:26:27.674+0100] {dag.py:3486} INFO - Setting next_dagrun for example_complex to None, run_after=None
[2023-06-21T01:26:27.774+0100] {processor.py:179} INFO - Processing /home/opeyemi/.local/lib/python3.10/site-packages/airflow/example_dags/example_complex.py took 0.475 seconds
[2023-06-21T01:28:22.370+0100] {processor.py:157} INFO - Started process (PID=21799) to work on /home/opeyemi/.local/lib/python3.10/site-packages/airflow/example_dags/example_complex.py
[2023-06-21T01:28:22.383+0100] {processor.py:826} INFO - Processing file /home/opeyemi/.local/lib/python3.10/site-packages/airflow/example_dags/example_complex.py for tasks to queue
[2023-06-21T01:28:22.385+0100] {logging_mixin.py:149} INFO - [2023-06-21T01:28:22.384+0100] {dagbag.py:541} INFO - Filling up the DagBag from /home/opeyemi/.local/lib/python3.10/site-packages/airflow/example_dags/example_complex.py
[2023-06-21T01:28:22.416+0100] {processor.py:836} INFO - DAG(s) dict_keys(['example_complex']) retrieved from /home/opeyemi/.local/lib/python3.10/site-packages/airflow/example_dags/example_complex.py
[2023-06-21T01:28:22.493+0100] {logging_mixin.py:149} INFO - [2023-06-21T01:28:22.490+0100] {dag.py:2726} INFO - Sync 1 DAGs
[2023-06-21T01:28:22.531+0100] {logging_mixin.py:149} INFO - [2023-06-21T01:28:22.530+0100] {dag.py:3486} INFO - Setting next_dagrun for example_complex to None, run_after=None
[2023-06-21T01:28:22.586+0100] {processor.py:179} INFO - Processing /home/opeyemi/.local/lib/python3.10/site-packages/airflow/example_dags/example_complex.py took 0.221 seconds
[2023-06-21T01:29:29.711+0100] {processor.py:157} INFO - Started process (PID=21857) to work on /home/opeyemi/.local/lib/python3.10/site-packages/airflow/example_dags/example_complex.py
[2023-06-21T01:29:29.723+0100] {processor.py:826} INFO - Processing file /home/opeyemi/.local/lib/python3.10/site-packages/airflow/example_dags/example_complex.py for tasks to queue
[2023-06-21T01:29:29.725+0100] {logging_mixin.py:149} INFO - [2023-06-21T01:29:29.725+0100] {dagbag.py:541} INFO - Filling up the DagBag from /home/opeyemi/.local/lib/python3.10/site-packages/airflow/example_dags/example_complex.py
[2023-06-21T01:29:29.758+0100] {processor.py:836} INFO - DAG(s) dict_keys(['example_complex']) retrieved from /home/opeyemi/.local/lib/python3.10/site-packages/airflow/example_dags/example_complex.py
[2023-06-21T01:29:29.833+0100] {logging_mixin.py:149} INFO - [2023-06-21T01:29:29.832+0100] {dag.py:2726} INFO - Sync 1 DAGs
[2023-06-21T01:29:29.855+0100] {logging_mixin.py:149} INFO - [2023-06-21T01:29:29.855+0100] {dag.py:3486} INFO - Setting next_dagrun for example_complex to None, run_after=None
[2023-06-21T01:29:29.907+0100] {processor.py:179} INFO - Processing /home/opeyemi/.local/lib/python3.10/site-packages/airflow/example_dags/example_complex.py took 0.206 seconds
[2023-06-21T01:30:25.701+0100] {processor.py:157} INFO - Started process (PID=21908) to work on /home/opeyemi/.local/lib/python3.10/site-packages/airflow/example_dags/example_complex.py
[2023-06-21T01:30:25.707+0100] {processor.py:826} INFO - Processing file /home/opeyemi/.local/lib/python3.10/site-packages/airflow/example_dags/example_complex.py for tasks to queue
[2023-06-21T01:30:25.708+0100] {logging_mixin.py:149} INFO - [2023-06-21T01:30:25.708+0100] {dagbag.py:541} INFO - Filling up the DagBag from /home/opeyemi/.local/lib/python3.10/site-packages/airflow/example_dags/example_complex.py
[2023-06-21T01:30:25.729+0100] {processor.py:836} INFO - DAG(s) dict_keys(['example_complex']) retrieved from /home/opeyemi/.local/lib/python3.10/site-packages/airflow/example_dags/example_complex.py
[2023-06-21T01:30:25.784+0100] {logging_mixin.py:149} INFO - [2023-06-21T01:30:25.784+0100] {dag.py:2726} INFO - Sync 1 DAGs
[2023-06-21T01:30:25.826+0100] {logging_mixin.py:149} INFO - [2023-06-21T01:30:25.825+0100] {dag.py:3486} INFO - Setting next_dagrun for example_complex to None, run_after=None
[2023-06-21T01:30:25.943+0100] {processor.py:179} INFO - Processing /home/opeyemi/.local/lib/python3.10/site-packages/airflow/example_dags/example_complex.py took 0.247 seconds
[2023-06-21T01:31:25.694+0100] {processor.py:157} INFO - Started process (PID=21955) to work on /home/opeyemi/.local/lib/python3.10/site-packages/airflow/example_dags/example_complex.py
[2023-06-21T01:31:25.720+0100] {processor.py:826} INFO - Processing file /home/opeyemi/.local/lib/python3.10/site-packages/airflow/example_dags/example_complex.py for tasks to queue
[2023-06-21T01:31:25.722+0100] {logging_mixin.py:149} INFO - [2023-06-21T01:31:25.721+0100] {dagbag.py:541} INFO - Filling up the DagBag from /home/opeyemi/.local/lib/python3.10/site-packages/airflow/example_dags/example_complex.py
[2023-06-21T01:31:25.755+0100] {processor.py:836} INFO - DAG(s) dict_keys(['example_complex']) retrieved from /home/opeyemi/.local/lib/python3.10/site-packages/airflow/example_dags/example_complex.py
[2023-06-21T01:31:25.836+0100] {logging_mixin.py:149} INFO - [2023-06-21T01:31:25.836+0100] {dag.py:2726} INFO - Sync 1 DAGs
[2023-06-21T01:31:25.955+0100] {logging_mixin.py:149} INFO - [2023-06-21T01:31:25.954+0100] {dag.py:3486} INFO - Setting next_dagrun for example_complex to None, run_after=None
[2023-06-21T01:31:26.010+0100] {processor.py:179} INFO - Processing /home/opeyemi/.local/lib/python3.10/site-packages/airflow/example_dags/example_complex.py took 0.325 seconds
[2023-06-21T01:32:27.905+0100] {processor.py:157} INFO - Started process (PID=22009) to work on /home/opeyemi/.local/lib/python3.10/site-packages/airflow/example_dags/example_complex.py
[2023-06-21T01:32:27.914+0100] {processor.py:826} INFO - Processing file /home/opeyemi/.local/lib/python3.10/site-packages/airflow/example_dags/example_complex.py for tasks to queue
[2023-06-21T01:32:27.916+0100] {logging_mixin.py:149} INFO - [2023-06-21T01:32:27.915+0100] {dagbag.py:541} INFO - Filling up the DagBag from /home/opeyemi/.local/lib/python3.10/site-packages/airflow/example_dags/example_complex.py
[2023-06-21T01:32:27.949+0100] {processor.py:836} INFO - DAG(s) dict_keys(['example_complex']) retrieved from /home/opeyemi/.local/lib/python3.10/site-packages/airflow/example_dags/example_complex.py
[2023-06-21T01:32:28.012+0100] {logging_mixin.py:149} INFO - [2023-06-21T01:32:28.012+0100] {dag.py:2726} INFO - Sync 1 DAGs
[2023-06-21T01:32:28.032+0100] {logging_mixin.py:149} INFO - [2023-06-21T01:32:28.032+0100] {dag.py:3486} INFO - Setting next_dagrun for example_complex to None, run_after=None
[2023-06-21T01:32:28.095+0100] {processor.py:179} INFO - Processing /home/opeyemi/.local/lib/python3.10/site-packages/airflow/example_dags/example_complex.py took 0.203 seconds
[2023-06-21T01:33:24.639+0100] {processor.py:157} INFO - Started process (PID=22085) to work on /home/opeyemi/.local/lib/python3.10/site-packages/airflow/example_dags/example_complex.py
[2023-06-21T01:33:24.656+0100] {processor.py:826} INFO - Processing file /home/opeyemi/.local/lib/python3.10/site-packages/airflow/example_dags/example_complex.py for tasks to queue
[2023-06-21T01:33:24.658+0100] {logging_mixin.py:149} INFO - [2023-06-21T01:33:24.657+0100] {dagbag.py:541} INFO - Filling up the DagBag from /home/opeyemi/.local/lib/python3.10/site-packages/airflow/example_dags/example_complex.py
[2023-06-21T01:33:24.689+0100] {processor.py:836} INFO - DAG(s) dict_keys(['example_complex']) retrieved from /home/opeyemi/.local/lib/python3.10/site-packages/airflow/example_dags/example_complex.py
[2023-06-21T01:33:24.770+0100] {logging_mixin.py:149} INFO - [2023-06-21T01:33:24.770+0100] {dag.py:2726} INFO - Sync 1 DAGs
[2023-06-21T01:33:24.819+0100] {logging_mixin.py:149} INFO - [2023-06-21T01:33:24.819+0100] {dag.py:3486} INFO - Setting next_dagrun for example_complex to None, run_after=None
[2023-06-21T01:33:24.876+0100] {processor.py:179} INFO - Processing /home/opeyemi/.local/lib/python3.10/site-packages/airflow/example_dags/example_complex.py took 0.249 seconds
[2023-06-21T01:34:18.423+0100] {processor.py:157} INFO - Started process (PID=22282) to work on /home/opeyemi/.local/lib/python3.10/site-packages/airflow/example_dags/example_complex.py
[2023-06-21T01:34:18.431+0100] {processor.py:826} INFO - Processing file /home/opeyemi/.local/lib/python3.10/site-packages/airflow/example_dags/example_complex.py for tasks to queue
[2023-06-21T01:34:18.433+0100] {logging_mixin.py:149} INFO - [2023-06-21T01:34:18.433+0100] {dagbag.py:541} INFO - Filling up the DagBag from /home/opeyemi/.local/lib/python3.10/site-packages/airflow/example_dags/example_complex.py
[2023-06-21T01:34:18.459+0100] {processor.py:836} INFO - DAG(s) dict_keys(['example_complex']) retrieved from /home/opeyemi/.local/lib/python3.10/site-packages/airflow/example_dags/example_complex.py
[2023-06-21T01:34:18.531+0100] {logging_mixin.py:149} INFO - [2023-06-21T01:34:18.531+0100] {dag.py:2726} INFO - Sync 1 DAGs
[2023-06-21T01:34:18.578+0100] {logging_mixin.py:149} INFO - [2023-06-21T01:34:18.577+0100] {dag.py:3486} INFO - Setting next_dagrun for example_complex to None, run_after=None
[2023-06-21T01:34:18.685+0100] {processor.py:179} INFO - Processing /home/opeyemi/.local/lib/python3.10/site-packages/airflow/example_dags/example_complex.py took 0.271 seconds
[2023-06-21T01:35:39.231+0100] {processor.py:157} INFO - Started process (PID=22512) to work on /home/opeyemi/.local/lib/python3.10/site-packages/airflow/example_dags/example_complex.py
[2023-06-21T01:35:39.234+0100] {processor.py:826} INFO - Processing file /home/opeyemi/.local/lib/python3.10/site-packages/airflow/example_dags/example_complex.py for tasks to queue
[2023-06-21T01:35:39.237+0100] {logging_mixin.py:149} INFO - [2023-06-21T01:35:39.236+0100] {dagbag.py:541} INFO - Filling up the DagBag from /home/opeyemi/.local/lib/python3.10/site-packages/airflow/example_dags/example_complex.py
[2023-06-21T01:35:39.285+0100] {processor.py:836} INFO - DAG(s) dict_keys(['example_complex']) retrieved from /home/opeyemi/.local/lib/python3.10/site-packages/airflow/example_dags/example_complex.py
[2023-06-21T01:35:39.357+0100] {logging_mixin.py:149} INFO - [2023-06-21T01:35:39.357+0100] {dag.py:2726} INFO - Sync 1 DAGs
[2023-06-21T01:35:39.383+0100] {logging_mixin.py:149} INFO - [2023-06-21T01:35:39.383+0100] {dag.py:3486} INFO - Setting next_dagrun for example_complex to None, run_after=None
[2023-06-21T01:35:39.417+0100] {processor.py:179} INFO - Processing /home/opeyemi/.local/lib/python3.10/site-packages/airflow/example_dags/example_complex.py took 0.195 seconds
[2023-06-21T01:36:35.570+0100] {processor.py:157} INFO - Started process (PID=22742) to work on /home/opeyemi/.local/lib/python3.10/site-packages/airflow/example_dags/example_complex.py
[2023-06-21T01:36:35.574+0100] {processor.py:826} INFO - Processing file /home/opeyemi/.local/lib/python3.10/site-packages/airflow/example_dags/example_complex.py for tasks to queue
[2023-06-21T01:36:35.575+0100] {logging_mixin.py:149} INFO - [2023-06-21T01:36:35.575+0100] {dagbag.py:541} INFO - Filling up the DagBag from /home/opeyemi/.local/lib/python3.10/site-packages/airflow/example_dags/example_complex.py
[2023-06-21T01:36:35.639+0100] {processor.py:836} INFO - DAG(s) dict_keys(['example_complex']) retrieved from /home/opeyemi/.local/lib/python3.10/site-packages/airflow/example_dags/example_complex.py
[2023-06-21T01:36:35.677+0100] {logging_mixin.py:149} INFO - [2023-06-21T01:36:35.677+0100] {dag.py:2726} INFO - Sync 1 DAGs
[2023-06-21T01:36:35.697+0100] {logging_mixin.py:149} INFO - [2023-06-21T01:36:35.696+0100] {dag.py:3486} INFO - Setting next_dagrun for example_complex to None, run_after=None
[2023-06-21T01:36:35.739+0100] {processor.py:179} INFO - Processing /home/opeyemi/.local/lib/python3.10/site-packages/airflow/example_dags/example_complex.py took 0.179 seconds
[2023-06-21T01:37:31.861+0100] {processor.py:157} INFO - Started process (PID=23024) to work on /home/opeyemi/.local/lib/python3.10/site-packages/airflow/example_dags/example_complex.py
[2023-06-21T01:37:31.866+0100] {processor.py:826} INFO - Processing file /home/opeyemi/.local/lib/python3.10/site-packages/airflow/example_dags/example_complex.py for tasks to queue
[2023-06-21T01:37:31.868+0100] {logging_mixin.py:149} INFO - [2023-06-21T01:37:31.867+0100] {dagbag.py:541} INFO - Filling up the DagBag from /home/opeyemi/.local/lib/python3.10/site-packages/airflow/example_dags/example_complex.py
[2023-06-21T01:37:31.898+0100] {processor.py:836} INFO - DAG(s) dict_keys(['example_complex']) retrieved from /home/opeyemi/.local/lib/python3.10/site-packages/airflow/example_dags/example_complex.py
[2023-06-21T01:37:32.010+0100] {logging_mixin.py:149} INFO - [2023-06-21T01:37:32.010+0100] {dag.py:2726} INFO - Sync 1 DAGs
[2023-06-21T01:37:32.104+0100] {logging_mixin.py:149} INFO - [2023-06-21T01:37:32.103+0100] {dag.py:3486} INFO - Setting next_dagrun for example_complex to None, run_after=None
[2023-06-21T01:37:32.234+0100] {processor.py:179} INFO - Processing /home/opeyemi/.local/lib/python3.10/site-packages/airflow/example_dags/example_complex.py took 0.385 seconds
[2023-06-21T01:38:29.423+0100] {processor.py:157} INFO - Started process (PID=23258) to work on /home/opeyemi/.local/lib/python3.10/site-packages/airflow/example_dags/example_complex.py
[2023-06-21T01:38:29.427+0100] {processor.py:826} INFO - Processing file /home/opeyemi/.local/lib/python3.10/site-packages/airflow/example_dags/example_complex.py for tasks to queue
[2023-06-21T01:38:29.429+0100] {logging_mixin.py:149} INFO - [2023-06-21T01:38:29.428+0100] {dagbag.py:541} INFO - Filling up the DagBag from /home/opeyemi/.local/lib/python3.10/site-packages/airflow/example_dags/example_complex.py
[2023-06-21T01:38:29.445+0100] {processor.py:836} INFO - DAG(s) dict_keys(['example_complex']) retrieved from /home/opeyemi/.local/lib/python3.10/site-packages/airflow/example_dags/example_complex.py
[2023-06-21T01:38:29.523+0100] {logging_mixin.py:149} INFO - [2023-06-21T01:38:29.523+0100] {dag.py:2726} INFO - Sync 1 DAGs
[2023-06-21T01:38:29.560+0100] {logging_mixin.py:149} INFO - [2023-06-21T01:38:29.560+0100] {dag.py:3486} INFO - Setting next_dagrun for example_complex to None, run_after=None
[2023-06-21T01:38:29.635+0100] {processor.py:179} INFO - Processing /home/opeyemi/.local/lib/python3.10/site-packages/airflow/example_dags/example_complex.py took 0.215 seconds
[2023-06-21T01:39:24.547+0100] {processor.py:157} INFO - Started process (PID=23306) to work on /home/opeyemi/.local/lib/python3.10/site-packages/airflow/example_dags/example_complex.py
[2023-06-21T01:39:24.551+0100] {processor.py:826} INFO - Processing file /home/opeyemi/.local/lib/python3.10/site-packages/airflow/example_dags/example_complex.py for tasks to queue
[2023-06-21T01:39:24.552+0100] {logging_mixin.py:149} INFO - [2023-06-21T01:39:24.552+0100] {dagbag.py:541} INFO - Filling up the DagBag from /home/opeyemi/.local/lib/python3.10/site-packages/airflow/example_dags/example_complex.py
[2023-06-21T01:39:24.581+0100] {processor.py:836} INFO - DAG(s) dict_keys(['example_complex']) retrieved from /home/opeyemi/.local/lib/python3.10/site-packages/airflow/example_dags/example_complex.py
[2023-06-21T01:39:24.653+0100] {logging_mixin.py:149} INFO - [2023-06-21T01:39:24.653+0100] {dag.py:2726} INFO - Sync 1 DAGs
[2023-06-21T01:39:24.680+0100] {logging_mixin.py:149} INFO - [2023-06-21T01:39:24.679+0100] {dag.py:3486} INFO - Setting next_dagrun for example_complex to None, run_after=None
[2023-06-21T01:39:24.729+0100] {processor.py:179} INFO - Processing /home/opeyemi/.local/lib/python3.10/site-packages/airflow/example_dags/example_complex.py took 0.192 seconds
[2023-06-21T01:40:41.411+0100] {processor.py:157} INFO - Started process (PID=23391) to work on /home/opeyemi/.local/lib/python3.10/site-packages/airflow/example_dags/example_complex.py
[2023-06-21T01:40:41.414+0100] {processor.py:826} INFO - Processing file /home/opeyemi/.local/lib/python3.10/site-packages/airflow/example_dags/example_complex.py for tasks to queue
[2023-06-21T01:40:41.415+0100] {logging_mixin.py:149} INFO - [2023-06-21T01:40:41.415+0100] {dagbag.py:541} INFO - Filling up the DagBag from /home/opeyemi/.local/lib/python3.10/site-packages/airflow/example_dags/example_complex.py
[2023-06-21T01:40:41.439+0100] {processor.py:836} INFO - DAG(s) dict_keys(['example_complex']) retrieved from /home/opeyemi/.local/lib/python3.10/site-packages/airflow/example_dags/example_complex.py
[2023-06-21T01:40:41.500+0100] {logging_mixin.py:149} INFO - [2023-06-21T01:40:41.500+0100] {dag.py:2726} INFO - Sync 1 DAGs
[2023-06-21T01:40:41.540+0100] {logging_mixin.py:149} INFO - [2023-06-21T01:40:41.539+0100] {dag.py:3486} INFO - Setting next_dagrun for example_complex to None, run_after=None
[2023-06-21T01:40:41.590+0100] {processor.py:179} INFO - Processing /home/opeyemi/.local/lib/python3.10/site-packages/airflow/example_dags/example_complex.py took 0.187 seconds
