[2023-06-21T01:00:49.469+0100] {processor.py:157} INFO - Started process (PID=20549) to work on /home/opeyemi/.local/lib/python3.10/site-packages/airflow/example_dags/tutorial_taskflow_api_virtualenv.py
[2023-06-21T01:00:49.470+0100] {processor.py:826} INFO - Processing file /home/opeyemi/.local/lib/python3.10/site-packages/airflow/example_dags/tutorial_taskflow_api_virtualenv.py for tasks to queue
[2023-06-21T01:00:49.471+0100] {logging_mixin.py:149} INFO - [2023-06-21T01:00:49.471+0100] {dagbag.py:541} INFO - Filling up the DagBag from /home/opeyemi/.local/lib/python3.10/site-packages/airflow/example_dags/tutorial_taskflow_api_virtualenv.py
[2023-06-21T01:00:49.542+0100] {logging_mixin.py:149} INFO - [2023-06-21T01:00:49.542+0100] {tutorial_taskflow_api_virtualenv.py:29} WARNING - The tutorial_taskflow_api_virtualenv example DAG requires virtualenv, please install it.
[2023-06-21T01:00:49.543+0100] {processor.py:838} WARNING - No viable dags retrieved from /home/opeyemi/.local/lib/python3.10/site-packages/airflow/example_dags/tutorial_taskflow_api_virtualenv.py
[2023-06-21T01:00:49.568+0100] {processor.py:179} INFO - Processing /home/opeyemi/.local/lib/python3.10/site-packages/airflow/example_dags/tutorial_taskflow_api_virtualenv.py took 0.102 seconds
[2023-06-21T01:01:55.627+0100] {processor.py:157} INFO - Started process (PID=20589) to work on /home/opeyemi/.local/lib/python3.10/site-packages/airflow/example_dags/tutorial_taskflow_api_virtualenv.py
[2023-06-21T01:01:55.670+0100] {processor.py:826} INFO - Processing file /home/opeyemi/.local/lib/python3.10/site-packages/airflow/example_dags/tutorial_taskflow_api_virtualenv.py for tasks to queue
[2023-06-21T01:01:55.672+0100] {logging_mixin.py:149} INFO - [2023-06-21T01:01:55.671+0100] {dagbag.py:541} INFO - Filling up the DagBag from /home/opeyemi/.local/lib/python3.10/site-packages/airflow/example_dags/tutorial_taskflow_api_virtualenv.py
[2023-06-21T01:01:55.909+0100] {logging_mixin.py:149} INFO - [2023-06-21T01:01:55.908+0100] {tutorial_taskflow_api_virtualenv.py:29} WARNING - The tutorial_taskflow_api_virtualenv example DAG requires virtualenv, please install it.
[2023-06-21T01:01:55.910+0100] {processor.py:838} WARNING - No viable dags retrieved from /home/opeyemi/.local/lib/python3.10/site-packages/airflow/example_dags/tutorial_taskflow_api_virtualenv.py
[2023-06-21T01:01:55.953+0100] {processor.py:179} INFO - Processing /home/opeyemi/.local/lib/python3.10/site-packages/airflow/example_dags/tutorial_taskflow_api_virtualenv.py took 0.330 seconds
[2023-06-21T01:03:17.447+0100] {processor.py:157} INFO - Started process (PID=20632) to work on /home/opeyemi/.local/lib/python3.10/site-packages/airflow/example_dags/tutorial_taskflow_api_virtualenv.py
[2023-06-21T01:03:17.550+0100] {processor.py:826} INFO - Processing file /home/opeyemi/.local/lib/python3.10/site-packages/airflow/example_dags/tutorial_taskflow_api_virtualenv.py for tasks to queue
[2023-06-21T01:03:17.553+0100] {logging_mixin.py:149} INFO - [2023-06-21T01:03:17.552+0100] {dagbag.py:541} INFO - Filling up the DagBag from /home/opeyemi/.local/lib/python3.10/site-packages/airflow/example_dags/tutorial_taskflow_api_virtualenv.py
[2023-06-21T01:03:17.657+0100] {logging_mixin.py:149} INFO - [2023-06-21T01:03:17.656+0100] {tutorial_taskflow_api_virtualenv.py:29} WARNING - The tutorial_taskflow_api_virtualenv example DAG requires virtualenv, please install it.
[2023-06-21T01:03:17.658+0100] {processor.py:838} WARNING - No viable dags retrieved from /home/opeyemi/.local/lib/python3.10/site-packages/airflow/example_dags/tutorial_taskflow_api_virtualenv.py
[2023-06-21T01:03:17.690+0100] {processor.py:179} INFO - Processing /home/opeyemi/.local/lib/python3.10/site-packages/airflow/example_dags/tutorial_taskflow_api_virtualenv.py took 0.251 seconds
[2023-06-21T01:04:16.964+0100] {processor.py:157} INFO - Started process (PID=20669) to work on /home/opeyemi/.local/lib/python3.10/site-packages/airflow/example_dags/tutorial_taskflow_api_virtualenv.py
[2023-06-21T01:04:17.064+0100] {processor.py:826} INFO - Processing file /home/opeyemi/.local/lib/python3.10/site-packages/airflow/example_dags/tutorial_taskflow_api_virtualenv.py for tasks to queue
[2023-06-21T01:04:17.065+0100] {logging_mixin.py:149} INFO - [2023-06-21T01:04:17.065+0100] {dagbag.py:541} INFO - Filling up the DagBag from /home/opeyemi/.local/lib/python3.10/site-packages/airflow/example_dags/tutorial_taskflow_api_virtualenv.py
[2023-06-21T01:04:17.834+0100] {logging_mixin.py:149} INFO - [2023-06-21T01:04:17.833+0100] {tutorial_taskflow_api_virtualenv.py:29} WARNING - The tutorial_taskflow_api_virtualenv example DAG requires virtualenv, please install it.
[2023-06-21T01:04:17.834+0100] {processor.py:838} WARNING - No viable dags retrieved from /home/opeyemi/.local/lib/python3.10/site-packages/airflow/example_dags/tutorial_taskflow_api_virtualenv.py
[2023-06-21T01:04:17.883+0100] {processor.py:179} INFO - Processing /home/opeyemi/.local/lib/python3.10/site-packages/airflow/example_dags/tutorial_taskflow_api_virtualenv.py took 0.932 seconds
[2023-06-21T01:05:45.482+0100] {processor.py:157} INFO - Started process (PID=20705) to work on /home/opeyemi/.local/lib/python3.10/site-packages/airflow/example_dags/tutorial_taskflow_api_virtualenv.py
[2023-06-21T01:05:45.487+0100] {processor.py:826} INFO - Processing file /home/opeyemi/.local/lib/python3.10/site-packages/airflow/example_dags/tutorial_taskflow_api_virtualenv.py for tasks to queue
[2023-06-21T01:05:45.495+0100] {logging_mixin.py:149} INFO - [2023-06-21T01:05:45.494+0100] {dagbag.py:541} INFO - Filling up the DagBag from /home/opeyemi/.local/lib/python3.10/site-packages/airflow/example_dags/tutorial_taskflow_api_virtualenv.py
[2023-06-21T01:05:45.658+0100] {logging_mixin.py:149} INFO - [2023-06-21T01:05:45.658+0100] {tutorial_taskflow_api_virtualenv.py:29} WARNING - The tutorial_taskflow_api_virtualenv example DAG requires virtualenv, please install it.
[2023-06-21T01:05:45.659+0100] {processor.py:838} WARNING - No viable dags retrieved from /home/opeyemi/.local/lib/python3.10/site-packages/airflow/example_dags/tutorial_taskflow_api_virtualenv.py
[2023-06-21T01:05:45.692+0100] {processor.py:179} INFO - Processing /home/opeyemi/.local/lib/python3.10/site-packages/airflow/example_dags/tutorial_taskflow_api_virtualenv.py took 0.225 seconds
[2023-06-21T01:06:47.107+0100] {processor.py:157} INFO - Started process (PID=20740) to work on /home/opeyemi/.local/lib/python3.10/site-packages/airflow/example_dags/tutorial_taskflow_api_virtualenv.py
[2023-06-21T01:06:47.195+0100] {processor.py:826} INFO - Processing file /home/opeyemi/.local/lib/python3.10/site-packages/airflow/example_dags/tutorial_taskflow_api_virtualenv.py for tasks to queue
[2023-06-21T01:06:47.197+0100] {logging_mixin.py:149} INFO - [2023-06-21T01:06:47.197+0100] {dagbag.py:541} INFO - Filling up the DagBag from /home/opeyemi/.local/lib/python3.10/site-packages/airflow/example_dags/tutorial_taskflow_api_virtualenv.py
[2023-06-21T01:06:47.371+0100] {logging_mixin.py:149} INFO - [2023-06-21T01:06:47.371+0100] {tutorial_taskflow_api_virtualenv.py:29} WARNING - The tutorial_taskflow_api_virtualenv example DAG requires virtualenv, please install it.
[2023-06-21T01:06:47.372+0100] {processor.py:838} WARNING - No viable dags retrieved from /home/opeyemi/.local/lib/python3.10/site-packages/airflow/example_dags/tutorial_taskflow_api_virtualenv.py
[2023-06-21T01:06:47.411+0100] {processor.py:179} INFO - Processing /home/opeyemi/.local/lib/python3.10/site-packages/airflow/example_dags/tutorial_taskflow_api_virtualenv.py took 0.312 seconds
[2023-06-21T01:08:08.742+0100] {processor.py:157} INFO - Started process (PID=20773) to work on /home/opeyemi/.local/lib/python3.10/site-packages/airflow/example_dags/tutorial_taskflow_api_virtualenv.py
[2023-06-21T01:08:08.804+0100] {processor.py:826} INFO - Processing file /home/opeyemi/.local/lib/python3.10/site-packages/airflow/example_dags/tutorial_taskflow_api_virtualenv.py for tasks to queue
[2023-06-21T01:08:08.807+0100] {logging_mixin.py:149} INFO - [2023-06-21T01:08:08.806+0100] {dagbag.py:541} INFO - Filling up the DagBag from /home/opeyemi/.local/lib/python3.10/site-packages/airflow/example_dags/tutorial_taskflow_api_virtualenv.py
[2023-06-21T01:08:08.972+0100] {logging_mixin.py:149} INFO - [2023-06-21T01:08:08.972+0100] {tutorial_taskflow_api_virtualenv.py:29} WARNING - The tutorial_taskflow_api_virtualenv example DAG requires virtualenv, please install it.
[2023-06-21T01:08:08.973+0100] {processor.py:838} WARNING - No viable dags retrieved from /home/opeyemi/.local/lib/python3.10/site-packages/airflow/example_dags/tutorial_taskflow_api_virtualenv.py
[2023-06-21T01:08:09.022+0100] {processor.py:179} INFO - Processing /home/opeyemi/.local/lib/python3.10/site-packages/airflow/example_dags/tutorial_taskflow_api_virtualenv.py took 0.290 seconds
[2023-06-21T01:09:57.732+0100] {processor.py:157} INFO - Started process (PID=20852) to work on /home/opeyemi/.local/lib/python3.10/site-packages/airflow/example_dags/tutorial_taskflow_api_virtualenv.py
[2023-06-21T01:09:57.868+0100] {processor.py:826} INFO - Processing file /home/opeyemi/.local/lib/python3.10/site-packages/airflow/example_dags/tutorial_taskflow_api_virtualenv.py for tasks to queue
[2023-06-21T01:09:57.871+0100] {logging_mixin.py:149} INFO - [2023-06-21T01:09:57.870+0100] {dagbag.py:541} INFO - Filling up the DagBag from /home/opeyemi/.local/lib/python3.10/site-packages/airflow/example_dags/tutorial_taskflow_api_virtualenv.py
[2023-06-21T01:09:57.949+0100] {logging_mixin.py:149} INFO - [2023-06-21T01:09:57.949+0100] {tutorial_taskflow_api_virtualenv.py:29} WARNING - The tutorial_taskflow_api_virtualenv example DAG requires virtualenv, please install it.
[2023-06-21T01:09:57.949+0100] {processor.py:838} WARNING - No viable dags retrieved from /home/opeyemi/.local/lib/python3.10/site-packages/airflow/example_dags/tutorial_taskflow_api_virtualenv.py
[2023-06-21T01:09:57.970+0100] {processor.py:179} INFO - Processing /home/opeyemi/.local/lib/python3.10/site-packages/airflow/example_dags/tutorial_taskflow_api_virtualenv.py took 0.248 seconds
[2023-06-21T01:11:44.877+0100] {processor.py:157} INFO - Started process (PID=20919) to work on /home/opeyemi/.local/lib/python3.10/site-packages/airflow/example_dags/tutorial_taskflow_api_virtualenv.py
[2023-06-21T01:11:44.932+0100] {processor.py:826} INFO - Processing file /home/opeyemi/.local/lib/python3.10/site-packages/airflow/example_dags/tutorial_taskflow_api_virtualenv.py for tasks to queue
[2023-06-21T01:11:44.936+0100] {logging_mixin.py:149} INFO - [2023-06-21T01:11:44.935+0100] {dagbag.py:541} INFO - Filling up the DagBag from /home/opeyemi/.local/lib/python3.10/site-packages/airflow/example_dags/tutorial_taskflow_api_virtualenv.py
[2023-06-21T01:11:45.095+0100] {logging_mixin.py:149} INFO - [2023-06-21T01:11:45.094+0100] {tutorial_taskflow_api_virtualenv.py:29} WARNING - The tutorial_taskflow_api_virtualenv example DAG requires virtualenv, please install it.
[2023-06-21T01:11:45.096+0100] {processor.py:838} WARNING - No viable dags retrieved from /home/opeyemi/.local/lib/python3.10/site-packages/airflow/example_dags/tutorial_taskflow_api_virtualenv.py
[2023-06-21T01:11:45.136+0100] {processor.py:179} INFO - Processing /home/opeyemi/.local/lib/python3.10/site-packages/airflow/example_dags/tutorial_taskflow_api_virtualenv.py took 0.271 seconds
[2023-06-21T01:13:18.865+0100] {processor.py:157} INFO - Started process (PID=20979) to work on /home/opeyemi/.local/lib/python3.10/site-packages/airflow/example_dags/tutorial_taskflow_api_virtualenv.py
[2023-06-21T01:13:18.875+0100] {processor.py:826} INFO - Processing file /home/opeyemi/.local/lib/python3.10/site-packages/airflow/example_dags/tutorial_taskflow_api_virtualenv.py for tasks to queue
[2023-06-21T01:13:18.877+0100] {logging_mixin.py:149} INFO - [2023-06-21T01:13:18.877+0100] {dagbag.py:541} INFO - Filling up the DagBag from /home/opeyemi/.local/lib/python3.10/site-packages/airflow/example_dags/tutorial_taskflow_api_virtualenv.py
[2023-06-21T01:13:19.026+0100] {logging_mixin.py:149} INFO - [2023-06-21T01:13:19.026+0100] {tutorial_taskflow_api_virtualenv.py:29} WARNING - The tutorial_taskflow_api_virtualenv example DAG requires virtualenv, please install it.
[2023-06-21T01:13:19.027+0100] {processor.py:838} WARNING - No viable dags retrieved from /home/opeyemi/.local/lib/python3.10/site-packages/airflow/example_dags/tutorial_taskflow_api_virtualenv.py
[2023-06-21T01:13:19.053+0100] {processor.py:179} INFO - Processing /home/opeyemi/.local/lib/python3.10/site-packages/airflow/example_dags/tutorial_taskflow_api_virtualenv.py took 0.198 seconds
[2023-06-21T01:15:35.504+0100] {processor.py:157} INFO - Started process (PID=21047) to work on /home/opeyemi/.local/lib/python3.10/site-packages/airflow/example_dags/tutorial_taskflow_api_virtualenv.py
[2023-06-21T01:15:35.588+0100] {processor.py:826} INFO - Processing file /home/opeyemi/.local/lib/python3.10/site-packages/airflow/example_dags/tutorial_taskflow_api_virtualenv.py for tasks to queue
[2023-06-21T01:15:35.590+0100] {logging_mixin.py:149} INFO - [2023-06-21T01:15:35.590+0100] {dagbag.py:541} INFO - Filling up the DagBag from /home/opeyemi/.local/lib/python3.10/site-packages/airflow/example_dags/tutorial_taskflow_api_virtualenv.py
[2023-06-21T01:15:35.694+0100] {logging_mixin.py:149} INFO - [2023-06-21T01:15:35.693+0100] {tutorial_taskflow_api_virtualenv.py:29} WARNING - The tutorial_taskflow_api_virtualenv example DAG requires virtualenv, please install it.
[2023-06-21T01:15:35.694+0100] {processor.py:838} WARNING - No viable dags retrieved from /home/opeyemi/.local/lib/python3.10/site-packages/airflow/example_dags/tutorial_taskflow_api_virtualenv.py
[2023-06-21T01:15:35.732+0100] {processor.py:179} INFO - Processing /home/opeyemi/.local/lib/python3.10/site-packages/airflow/example_dags/tutorial_taskflow_api_virtualenv.py took 0.235 seconds
[2023-06-21T01:17:09.472+0100] {processor.py:157} INFO - Started process (PID=21090) to work on /home/opeyemi/.local/lib/python3.10/site-packages/airflow/example_dags/tutorial_taskflow_api_virtualenv.py
[2023-06-21T01:17:09.491+0100] {processor.py:826} INFO - Processing file /home/opeyemi/.local/lib/python3.10/site-packages/airflow/example_dags/tutorial_taskflow_api_virtualenv.py for tasks to queue
[2023-06-21T01:17:09.493+0100] {logging_mixin.py:149} INFO - [2023-06-21T01:17:09.492+0100] {dagbag.py:541} INFO - Filling up the DagBag from /home/opeyemi/.local/lib/python3.10/site-packages/airflow/example_dags/tutorial_taskflow_api_virtualenv.py
[2023-06-21T01:17:09.570+0100] {logging_mixin.py:149} INFO - [2023-06-21T01:17:09.570+0100] {tutorial_taskflow_api_virtualenv.py:29} WARNING - The tutorial_taskflow_api_virtualenv example DAG requires virtualenv, please install it.
[2023-06-21T01:17:09.570+0100] {processor.py:838} WARNING - No viable dags retrieved from /home/opeyemi/.local/lib/python3.10/site-packages/airflow/example_dags/tutorial_taskflow_api_virtualenv.py
[2023-06-21T01:17:09.604+0100] {processor.py:179} INFO - Processing /home/opeyemi/.local/lib/python3.10/site-packages/airflow/example_dags/tutorial_taskflow_api_virtualenv.py took 0.137 seconds
[2023-06-21T01:18:22.063+0100] {processor.py:157} INFO - Started process (PID=21147) to work on /home/opeyemi/.local/lib/python3.10/site-packages/airflow/example_dags/tutorial_taskflow_api_virtualenv.py
[2023-06-21T01:18:22.188+0100] {processor.py:826} INFO - Processing file /home/opeyemi/.local/lib/python3.10/site-packages/airflow/example_dags/tutorial_taskflow_api_virtualenv.py for tasks to queue
[2023-06-21T01:18:22.192+0100] {logging_mixin.py:149} INFO - [2023-06-21T01:18:22.191+0100] {dagbag.py:541} INFO - Filling up the DagBag from /home/opeyemi/.local/lib/python3.10/site-packages/airflow/example_dags/tutorial_taskflow_api_virtualenv.py
[2023-06-21T01:18:22.415+0100] {logging_mixin.py:149} INFO - [2023-06-21T01:18:22.414+0100] {tutorial_taskflow_api_virtualenv.py:29} WARNING - The tutorial_taskflow_api_virtualenv example DAG requires virtualenv, please install it.
[2023-06-21T01:18:22.415+0100] {processor.py:838} WARNING - No viable dags retrieved from /home/opeyemi/.local/lib/python3.10/site-packages/airflow/example_dags/tutorial_taskflow_api_virtualenv.py
[2023-06-21T01:18:22.435+0100] {processor.py:179} INFO - Processing /home/opeyemi/.local/lib/python3.10/site-packages/airflow/example_dags/tutorial_taskflow_api_virtualenv.py took 0.379 seconds
[2023-06-21T01:19:38.359+0100] {processor.py:157} INFO - Started process (PID=21206) to work on /home/opeyemi/.local/lib/python3.10/site-packages/airflow/example_dags/tutorial_taskflow_api_virtualenv.py
[2023-06-21T01:19:38.412+0100] {processor.py:826} INFO - Processing file /home/opeyemi/.local/lib/python3.10/site-packages/airflow/example_dags/tutorial_taskflow_api_virtualenv.py for tasks to queue
[2023-06-21T01:19:38.414+0100] {logging_mixin.py:149} INFO - [2023-06-21T01:19:38.413+0100] {dagbag.py:541} INFO - Filling up the DagBag from /home/opeyemi/.local/lib/python3.10/site-packages/airflow/example_dags/tutorial_taskflow_api_virtualenv.py
[2023-06-21T01:19:38.476+0100] {logging_mixin.py:149} INFO - [2023-06-21T01:19:38.476+0100] {tutorial_taskflow_api_virtualenv.py:29} WARNING - The tutorial_taskflow_api_virtualenv example DAG requires virtualenv, please install it.
[2023-06-21T01:19:38.477+0100] {processor.py:838} WARNING - No viable dags retrieved from /home/opeyemi/.local/lib/python3.10/site-packages/airflow/example_dags/tutorial_taskflow_api_virtualenv.py
[2023-06-21T01:19:38.494+0100] {processor.py:179} INFO - Processing /home/opeyemi/.local/lib/python3.10/site-packages/airflow/example_dags/tutorial_taskflow_api_virtualenv.py took 0.150 seconds
[2023-06-21T01:21:33.510+0100] {processor.py:157} INFO - Started process (PID=21266) to work on /home/opeyemi/.local/lib/python3.10/site-packages/airflow/example_dags/tutorial_taskflow_api_virtualenv.py
[2023-06-21T01:21:33.556+0100] {processor.py:826} INFO - Processing file /home/opeyemi/.local/lib/python3.10/site-packages/airflow/example_dags/tutorial_taskflow_api_virtualenv.py for tasks to queue
[2023-06-21T01:21:33.560+0100] {logging_mixin.py:149} INFO - [2023-06-21T01:21:33.560+0100] {dagbag.py:541} INFO - Filling up the DagBag from /home/opeyemi/.local/lib/python3.10/site-packages/airflow/example_dags/tutorial_taskflow_api_virtualenv.py
[2023-06-21T01:21:33.644+0100] {logging_mixin.py:149} INFO - [2023-06-21T01:21:33.644+0100] {tutorial_taskflow_api_virtualenv.py:29} WARNING - The tutorial_taskflow_api_virtualenv example DAG requires virtualenv, please install it.
[2023-06-21T01:21:33.645+0100] {processor.py:838} WARNING - No viable dags retrieved from /home/opeyemi/.local/lib/python3.10/site-packages/airflow/example_dags/tutorial_taskflow_api_virtualenv.py
[2023-06-21T01:21:33.672+0100] {processor.py:179} INFO - Processing /home/opeyemi/.local/lib/python3.10/site-packages/airflow/example_dags/tutorial_taskflow_api_virtualenv.py took 0.173 seconds
[2023-06-21T01:22:49.791+0100] {processor.py:157} INFO - Started process (PID=21311) to work on /home/opeyemi/.local/lib/python3.10/site-packages/airflow/example_dags/tutorial_taskflow_api_virtualenv.py
[2023-06-21T01:22:49.839+0100] {processor.py:826} INFO - Processing file /home/opeyemi/.local/lib/python3.10/site-packages/airflow/example_dags/tutorial_taskflow_api_virtualenv.py for tasks to queue
[2023-06-21T01:22:49.841+0100] {logging_mixin.py:149} INFO - [2023-06-21T01:22:49.840+0100] {dagbag.py:541} INFO - Filling up the DagBag from /home/opeyemi/.local/lib/python3.10/site-packages/airflow/example_dags/tutorial_taskflow_api_virtualenv.py
[2023-06-21T01:22:49.964+0100] {logging_mixin.py:149} INFO - [2023-06-21T01:22:49.963+0100] {tutorial_taskflow_api_virtualenv.py:29} WARNING - The tutorial_taskflow_api_virtualenv example DAG requires virtualenv, please install it.
[2023-06-21T01:22:49.965+0100] {processor.py:838} WARNING - No viable dags retrieved from /home/opeyemi/.local/lib/python3.10/site-packages/airflow/example_dags/tutorial_taskflow_api_virtualenv.py
[2023-06-21T01:22:49.999+0100] {processor.py:179} INFO - Processing /home/opeyemi/.local/lib/python3.10/site-packages/airflow/example_dags/tutorial_taskflow_api_virtualenv.py took 0.218 seconds
[2023-06-21T01:24:26.587+0100] {processor.py:157} INFO - Started process (PID=21418) to work on /home/opeyemi/.local/lib/python3.10/site-packages/airflow/example_dags/tutorial_taskflow_api_virtualenv.py
[2023-06-21T01:24:26.650+0100] {processor.py:826} INFO - Processing file /home/opeyemi/.local/lib/python3.10/site-packages/airflow/example_dags/tutorial_taskflow_api_virtualenv.py for tasks to queue
[2023-06-21T01:24:26.652+0100] {logging_mixin.py:149} INFO - [2023-06-21T01:24:26.652+0100] {dagbag.py:541} INFO - Filling up the DagBag from /home/opeyemi/.local/lib/python3.10/site-packages/airflow/example_dags/tutorial_taskflow_api_virtualenv.py
[2023-06-21T01:24:26.835+0100] {logging_mixin.py:149} INFO - [2023-06-21T01:24:26.835+0100] {tutorial_taskflow_api_virtualenv.py:29} WARNING - The tutorial_taskflow_api_virtualenv example DAG requires virtualenv, please install it.
[2023-06-21T01:24:26.835+0100] {processor.py:838} WARNING - No viable dags retrieved from /home/opeyemi/.local/lib/python3.10/site-packages/airflow/example_dags/tutorial_taskflow_api_virtualenv.py
[2023-06-21T01:24:26.849+0100] {processor.py:179} INFO - Processing /home/opeyemi/.local/lib/python3.10/site-packages/airflow/example_dags/tutorial_taskflow_api_virtualenv.py took 0.280 seconds
[2023-06-21T01:25:25.092+0100] {processor.py:157} INFO - Started process (PID=21631) to work on /home/opeyemi/.local/lib/python3.10/site-packages/airflow/example_dags/tutorial_taskflow_api_virtualenv.py
[2023-06-21T01:25:25.114+0100] {processor.py:826} INFO - Processing file /home/opeyemi/.local/lib/python3.10/site-packages/airflow/example_dags/tutorial_taskflow_api_virtualenv.py for tasks to queue
[2023-06-21T01:25:25.115+0100] {logging_mixin.py:149} INFO - [2023-06-21T01:25:25.115+0100] {dagbag.py:541} INFO - Filling up the DagBag from /home/opeyemi/.local/lib/python3.10/site-packages/airflow/example_dags/tutorial_taskflow_api_virtualenv.py
[2023-06-21T01:25:25.217+0100] {logging_mixin.py:149} INFO - [2023-06-21T01:25:25.217+0100] {tutorial_taskflow_api_virtualenv.py:29} WARNING - The tutorial_taskflow_api_virtualenv example DAG requires virtualenv, please install it.
[2023-06-21T01:25:25.218+0100] {processor.py:838} WARNING - No viable dags retrieved from /home/opeyemi/.local/lib/python3.10/site-packages/airflow/example_dags/tutorial_taskflow_api_virtualenv.py
[2023-06-21T01:25:25.234+0100] {processor.py:179} INFO - Processing /home/opeyemi/.local/lib/python3.10/site-packages/airflow/example_dags/tutorial_taskflow_api_virtualenv.py took 0.150 seconds
[2023-06-21T01:26:59.736+0100] {processor.py:157} INFO - Started process (PID=21706) to work on /home/opeyemi/.local/lib/python3.10/site-packages/airflow/example_dags/tutorial_taskflow_api_virtualenv.py
[2023-06-21T01:26:59.746+0100] {processor.py:826} INFO - Processing file /home/opeyemi/.local/lib/python3.10/site-packages/airflow/example_dags/tutorial_taskflow_api_virtualenv.py for tasks to queue
[2023-06-21T01:26:59.747+0100] {logging_mixin.py:149} INFO - [2023-06-21T01:26:59.747+0100] {dagbag.py:541} INFO - Filling up the DagBag from /home/opeyemi/.local/lib/python3.10/site-packages/airflow/example_dags/tutorial_taskflow_api_virtualenv.py
[2023-06-21T01:26:59.932+0100] {logging_mixin.py:149} INFO - [2023-06-21T01:26:59.931+0100] {tutorial_taskflow_api_virtualenv.py:29} WARNING - The tutorial_taskflow_api_virtualenv example DAG requires virtualenv, please install it.
[2023-06-21T01:26:59.932+0100] {processor.py:838} WARNING - No viable dags retrieved from /home/opeyemi/.local/lib/python3.10/site-packages/airflow/example_dags/tutorial_taskflow_api_virtualenv.py
[2023-06-21T01:26:59.966+0100] {processor.py:179} INFO - Processing /home/opeyemi/.local/lib/python3.10/site-packages/airflow/example_dags/tutorial_taskflow_api_virtualenv.py took 0.234 seconds
[2023-06-21T01:27:58.609+0100] {processor.py:157} INFO - Started process (PID=21750) to work on /home/opeyemi/.local/lib/python3.10/site-packages/airflow/example_dags/tutorial_taskflow_api_virtualenv.py
[2023-06-21T01:27:58.765+0100] {processor.py:826} INFO - Processing file /home/opeyemi/.local/lib/python3.10/site-packages/airflow/example_dags/tutorial_taskflow_api_virtualenv.py for tasks to queue
[2023-06-21T01:27:58.768+0100] {logging_mixin.py:149} INFO - [2023-06-21T01:27:58.767+0100] {dagbag.py:541} INFO - Filling up the DagBag from /home/opeyemi/.local/lib/python3.10/site-packages/airflow/example_dags/tutorial_taskflow_api_virtualenv.py
[2023-06-21T01:27:58.967+0100] {logging_mixin.py:149} INFO - [2023-06-21T01:27:58.966+0100] {tutorial_taskflow_api_virtualenv.py:29} WARNING - The tutorial_taskflow_api_virtualenv example DAG requires virtualenv, please install it.
[2023-06-21T01:27:58.967+0100] {processor.py:838} WARNING - No viable dags retrieved from /home/opeyemi/.local/lib/python3.10/site-packages/airflow/example_dags/tutorial_taskflow_api_virtualenv.py
[2023-06-21T01:27:58.990+0100] {processor.py:179} INFO - Processing /home/opeyemi/.local/lib/python3.10/site-packages/airflow/example_dags/tutorial_taskflow_api_virtualenv.py took 0.388 seconds
[2023-06-21T01:28:48.843+0100] {processor.py:157} INFO - Started process (PID=21822) to work on /home/opeyemi/.local/lib/python3.10/site-packages/airflow/example_dags/tutorial_taskflow_api_virtualenv.py
[2023-06-21T01:28:48.853+0100] {processor.py:826} INFO - Processing file /home/opeyemi/.local/lib/python3.10/site-packages/airflow/example_dags/tutorial_taskflow_api_virtualenv.py for tasks to queue
[2023-06-21T01:28:48.856+0100] {logging_mixin.py:149} INFO - [2023-06-21T01:28:48.855+0100] {dagbag.py:541} INFO - Filling up the DagBag from /home/opeyemi/.local/lib/python3.10/site-packages/airflow/example_dags/tutorial_taskflow_api_virtualenv.py
[2023-06-21T01:28:49.007+0100] {logging_mixin.py:149} INFO - [2023-06-21T01:28:49.006+0100] {tutorial_taskflow_api_virtualenv.py:29} WARNING - The tutorial_taskflow_api_virtualenv example DAG requires virtualenv, please install it.
[2023-06-21T01:28:49.008+0100] {processor.py:838} WARNING - No viable dags retrieved from /home/opeyemi/.local/lib/python3.10/site-packages/airflow/example_dags/tutorial_taskflow_api_virtualenv.py
[2023-06-21T01:28:49.042+0100] {processor.py:179} INFO - Processing /home/opeyemi/.local/lib/python3.10/site-packages/airflow/example_dags/tutorial_taskflow_api_virtualenv.py took 0.213 seconds
[2023-06-21T01:29:46.807+0100] {processor.py:157} INFO - Started process (PID=21872) to work on /home/opeyemi/.local/lib/python3.10/site-packages/airflow/example_dags/tutorial_taskflow_api_virtualenv.py
[2023-06-21T01:29:46.813+0100] {processor.py:826} INFO - Processing file /home/opeyemi/.local/lib/python3.10/site-packages/airflow/example_dags/tutorial_taskflow_api_virtualenv.py for tasks to queue
[2023-06-21T01:29:46.815+0100] {logging_mixin.py:149} INFO - [2023-06-21T01:29:46.815+0100] {dagbag.py:541} INFO - Filling up the DagBag from /home/opeyemi/.local/lib/python3.10/site-packages/airflow/example_dags/tutorial_taskflow_api_virtualenv.py
[2023-06-21T01:29:46.925+0100] {logging_mixin.py:149} INFO - [2023-06-21T01:29:46.924+0100] {tutorial_taskflow_api_virtualenv.py:29} WARNING - The tutorial_taskflow_api_virtualenv example DAG requires virtualenv, please install it.
[2023-06-21T01:29:46.926+0100] {processor.py:838} WARNING - No viable dags retrieved from /home/opeyemi/.local/lib/python3.10/site-packages/airflow/example_dags/tutorial_taskflow_api_virtualenv.py
[2023-06-21T01:29:46.966+0100] {processor.py:179} INFO - Processing /home/opeyemi/.local/lib/python3.10/site-packages/airflow/example_dags/tutorial_taskflow_api_virtualenv.py took 0.168 seconds
[2023-06-21T01:30:42.126+0100] {processor.py:157} INFO - Started process (PID=21921) to work on /home/opeyemi/.local/lib/python3.10/site-packages/airflow/example_dags/tutorial_taskflow_api_virtualenv.py
[2023-06-21T01:30:42.141+0100] {processor.py:826} INFO - Processing file /home/opeyemi/.local/lib/python3.10/site-packages/airflow/example_dags/tutorial_taskflow_api_virtualenv.py for tasks to queue
[2023-06-21T01:30:42.144+0100] {logging_mixin.py:149} INFO - [2023-06-21T01:30:42.143+0100] {dagbag.py:541} INFO - Filling up the DagBag from /home/opeyemi/.local/lib/python3.10/site-packages/airflow/example_dags/tutorial_taskflow_api_virtualenv.py
[2023-06-21T01:30:42.278+0100] {logging_mixin.py:149} INFO - [2023-06-21T01:30:42.278+0100] {tutorial_taskflow_api_virtualenv.py:29} WARNING - The tutorial_taskflow_api_virtualenv example DAG requires virtualenv, please install it.
[2023-06-21T01:30:42.279+0100] {processor.py:838} WARNING - No viable dags retrieved from /home/opeyemi/.local/lib/python3.10/site-packages/airflow/example_dags/tutorial_taskflow_api_virtualenv.py
[2023-06-21T01:30:42.309+0100] {processor.py:179} INFO - Processing /home/opeyemi/.local/lib/python3.10/site-packages/airflow/example_dags/tutorial_taskflow_api_virtualenv.py took 0.197 seconds
[2023-06-21T01:31:46.528+0100] {processor.py:157} INFO - Started process (PID=21974) to work on /home/opeyemi/.local/lib/python3.10/site-packages/airflow/example_dags/tutorial_taskflow_api_virtualenv.py
[2023-06-21T01:31:46.535+0100] {processor.py:826} INFO - Processing file /home/opeyemi/.local/lib/python3.10/site-packages/airflow/example_dags/tutorial_taskflow_api_virtualenv.py for tasks to queue
[2023-06-21T01:31:46.538+0100] {logging_mixin.py:149} INFO - [2023-06-21T01:31:46.537+0100] {dagbag.py:541} INFO - Filling up the DagBag from /home/opeyemi/.local/lib/python3.10/site-packages/airflow/example_dags/tutorial_taskflow_api_virtualenv.py
[2023-06-21T01:31:46.651+0100] {logging_mixin.py:149} INFO - [2023-06-21T01:31:46.651+0100] {tutorial_taskflow_api_virtualenv.py:29} WARNING - The tutorial_taskflow_api_virtualenv example DAG requires virtualenv, please install it.
[2023-06-21T01:31:46.652+0100] {processor.py:838} WARNING - No viable dags retrieved from /home/opeyemi/.local/lib/python3.10/site-packages/airflow/example_dags/tutorial_taskflow_api_virtualenv.py
[2023-06-21T01:31:46.684+0100] {processor.py:179} INFO - Processing /home/opeyemi/.local/lib/python3.10/site-packages/airflow/example_dags/tutorial_taskflow_api_virtualenv.py took 0.168 seconds
[2023-06-21T01:32:44.056+0100] {processor.py:157} INFO - Started process (PID=22028) to work on /home/opeyemi/.local/lib/python3.10/site-packages/airflow/example_dags/tutorial_taskflow_api_virtualenv.py
[2023-06-21T01:32:44.066+0100] {processor.py:826} INFO - Processing file /home/opeyemi/.local/lib/python3.10/site-packages/airflow/example_dags/tutorial_taskflow_api_virtualenv.py for tasks to queue
[2023-06-21T01:32:44.067+0100] {logging_mixin.py:149} INFO - [2023-06-21T01:32:44.067+0100] {dagbag.py:541} INFO - Filling up the DagBag from /home/opeyemi/.local/lib/python3.10/site-packages/airflow/example_dags/tutorial_taskflow_api_virtualenv.py
[2023-06-21T01:32:44.139+0100] {logging_mixin.py:149} INFO - [2023-06-21T01:32:44.139+0100] {tutorial_taskflow_api_virtualenv.py:29} WARNING - The tutorial_taskflow_api_virtualenv example DAG requires virtualenv, please install it.
[2023-06-21T01:32:44.140+0100] {processor.py:838} WARNING - No viable dags retrieved from /home/opeyemi/.local/lib/python3.10/site-packages/airflow/example_dags/tutorial_taskflow_api_virtualenv.py
[2023-06-21T01:32:44.160+0100] {processor.py:179} INFO - Processing /home/opeyemi/.local/lib/python3.10/site-packages/airflow/example_dags/tutorial_taskflow_api_virtualenv.py took 0.110 seconds
[2023-06-21T01:33:39.111+0100] {processor.py:157} INFO - Started process (PID=22124) to work on /home/opeyemi/.local/lib/python3.10/site-packages/airflow/example_dags/tutorial_taskflow_api_virtualenv.py
[2023-06-21T01:33:39.126+0100] {processor.py:826} INFO - Processing file /home/opeyemi/.local/lib/python3.10/site-packages/airflow/example_dags/tutorial_taskflow_api_virtualenv.py for tasks to queue
[2023-06-21T01:33:39.128+0100] {logging_mixin.py:149} INFO - [2023-06-21T01:33:39.128+0100] {dagbag.py:541} INFO - Filling up the DagBag from /home/opeyemi/.local/lib/python3.10/site-packages/airflow/example_dags/tutorial_taskflow_api_virtualenv.py
[2023-06-21T01:33:39.247+0100] {logging_mixin.py:149} INFO - [2023-06-21T01:33:39.247+0100] {tutorial_taskflow_api_virtualenv.py:29} WARNING - The tutorial_taskflow_api_virtualenv example DAG requires virtualenv, please install it.
[2023-06-21T01:33:39.249+0100] {processor.py:838} WARNING - No viable dags retrieved from /home/opeyemi/.local/lib/python3.10/site-packages/airflow/example_dags/tutorial_taskflow_api_virtualenv.py
[2023-06-21T01:33:39.333+0100] {processor.py:179} INFO - Processing /home/opeyemi/.local/lib/python3.10/site-packages/airflow/example_dags/tutorial_taskflow_api_virtualenv.py took 0.232 seconds
[2023-06-21T01:34:33.080+0100] {processor.py:157} INFO - Started process (PID=22313) to work on /home/opeyemi/.local/lib/python3.10/site-packages/airflow/example_dags/tutorial_taskflow_api_virtualenv.py
[2023-06-21T01:34:33.098+0100] {processor.py:826} INFO - Processing file /home/opeyemi/.local/lib/python3.10/site-packages/airflow/example_dags/tutorial_taskflow_api_virtualenv.py for tasks to queue
[2023-06-21T01:34:33.106+0100] {logging_mixin.py:149} INFO - [2023-06-21T01:34:33.105+0100] {dagbag.py:541} INFO - Filling up the DagBag from /home/opeyemi/.local/lib/python3.10/site-packages/airflow/example_dags/tutorial_taskflow_api_virtualenv.py
[2023-06-21T01:34:33.254+0100] {logging_mixin.py:149} INFO - [2023-06-21T01:34:33.254+0100] {tutorial_taskflow_api_virtualenv.py:29} WARNING - The tutorial_taskflow_api_virtualenv example DAG requires virtualenv, please install it.
[2023-06-21T01:34:33.255+0100] {processor.py:838} WARNING - No viable dags retrieved from /home/opeyemi/.local/lib/python3.10/site-packages/airflow/example_dags/tutorial_taskflow_api_virtualenv.py
[2023-06-21T01:34:33.288+0100] {processor.py:179} INFO - Processing /home/opeyemi/.local/lib/python3.10/site-packages/airflow/example_dags/tutorial_taskflow_api_virtualenv.py took 0.215 seconds
[2023-06-21T01:35:26.218+0100] {processor.py:157} INFO - Started process (PID=22502) to work on /home/opeyemi/.local/lib/python3.10/site-packages/airflow/example_dags/tutorial_taskflow_api_virtualenv.py
[2023-06-21T01:35:26.222+0100] {processor.py:826} INFO - Processing file /home/opeyemi/.local/lib/python3.10/site-packages/airflow/example_dags/tutorial_taskflow_api_virtualenv.py for tasks to queue
[2023-06-21T01:35:26.224+0100] {logging_mixin.py:149} INFO - [2023-06-21T01:35:26.224+0100] {dagbag.py:541} INFO - Filling up the DagBag from /home/opeyemi/.local/lib/python3.10/site-packages/airflow/example_dags/tutorial_taskflow_api_virtualenv.py
[2023-06-21T01:35:26.342+0100] {logging_mixin.py:149} INFO - [2023-06-21T01:35:26.342+0100] {tutorial_taskflow_api_virtualenv.py:29} WARNING - The tutorial_taskflow_api_virtualenv example DAG requires virtualenv, please install it.
[2023-06-21T01:35:26.343+0100] {processor.py:838} WARNING - No viable dags retrieved from /home/opeyemi/.local/lib/python3.10/site-packages/airflow/example_dags/tutorial_taskflow_api_virtualenv.py
[2023-06-21T01:35:26.373+0100] {processor.py:179} INFO - Processing /home/opeyemi/.local/lib/python3.10/site-packages/airflow/example_dags/tutorial_taskflow_api_virtualenv.py took 0.165 seconds
[2023-06-21T01:36:22.526+0100] {processor.py:157} INFO - Started process (PID=22732) to work on /home/opeyemi/.local/lib/python3.10/site-packages/airflow/example_dags/tutorial_taskflow_api_virtualenv.py
[2023-06-21T01:36:22.529+0100] {processor.py:826} INFO - Processing file /home/opeyemi/.local/lib/python3.10/site-packages/airflow/example_dags/tutorial_taskflow_api_virtualenv.py for tasks to queue
[2023-06-21T01:36:22.531+0100] {logging_mixin.py:149} INFO - [2023-06-21T01:36:22.530+0100] {dagbag.py:541} INFO - Filling up the DagBag from /home/opeyemi/.local/lib/python3.10/site-packages/airflow/example_dags/tutorial_taskflow_api_virtualenv.py
[2023-06-21T01:36:22.615+0100] {logging_mixin.py:149} INFO - [2023-06-21T01:36:22.614+0100] {tutorial_taskflow_api_virtualenv.py:29} WARNING - The tutorial_taskflow_api_virtualenv example DAG requires virtualenv, please install it.
[2023-06-21T01:36:22.615+0100] {processor.py:838} WARNING - No viable dags retrieved from /home/opeyemi/.local/lib/python3.10/site-packages/airflow/example_dags/tutorial_taskflow_api_virtualenv.py
[2023-06-21T01:36:22.635+0100] {processor.py:179} INFO - Processing /home/opeyemi/.local/lib/python3.10/site-packages/airflow/example_dags/tutorial_taskflow_api_virtualenv.py took 0.115 seconds
[2023-06-21T01:37:18.909+0100] {processor.py:157} INFO - Started process (PID=22866) to work on /home/opeyemi/.local/lib/python3.10/site-packages/airflow/example_dags/tutorial_taskflow_api_virtualenv.py
[2023-06-21T01:37:18.917+0100] {processor.py:826} INFO - Processing file /home/opeyemi/.local/lib/python3.10/site-packages/airflow/example_dags/tutorial_taskflow_api_virtualenv.py for tasks to queue
[2023-06-21T01:37:18.918+0100] {logging_mixin.py:149} INFO - [2023-06-21T01:37:18.918+0100] {dagbag.py:541} INFO - Filling up the DagBag from /home/opeyemi/.local/lib/python3.10/site-packages/airflow/example_dags/tutorial_taskflow_api_virtualenv.py
[2023-06-21T01:37:19.076+0100] {logging_mixin.py:149} INFO - [2023-06-21T01:37:19.076+0100] {tutorial_taskflow_api_virtualenv.py:29} WARNING - The tutorial_taskflow_api_virtualenv example DAG requires virtualenv, please install it.
[2023-06-21T01:37:19.077+0100] {processor.py:838} WARNING - No viable dags retrieved from /home/opeyemi/.local/lib/python3.10/site-packages/airflow/example_dags/tutorial_taskflow_api_virtualenv.py
[2023-06-21T01:37:19.101+0100] {processor.py:179} INFO - Processing /home/opeyemi/.local/lib/python3.10/site-packages/airflow/example_dags/tutorial_taskflow_api_virtualenv.py took 0.197 seconds
[2023-06-21T01:38:16.020+0100] {processor.py:157} INFO - Started process (PID=23192) to work on /home/opeyemi/.local/lib/python3.10/site-packages/airflow/example_dags/tutorial_taskflow_api_virtualenv.py
[2023-06-21T01:38:16.026+0100] {processor.py:826} INFO - Processing file /home/opeyemi/.local/lib/python3.10/site-packages/airflow/example_dags/tutorial_taskflow_api_virtualenv.py for tasks to queue
[2023-06-21T01:38:16.029+0100] {logging_mixin.py:149} INFO - [2023-06-21T01:38:16.028+0100] {dagbag.py:541} INFO - Filling up the DagBag from /home/opeyemi/.local/lib/python3.10/site-packages/airflow/example_dags/tutorial_taskflow_api_virtualenv.py
[2023-06-21T01:38:16.181+0100] {logging_mixin.py:149} INFO - [2023-06-21T01:38:16.180+0100] {tutorial_taskflow_api_virtualenv.py:29} WARNING - The tutorial_taskflow_api_virtualenv example DAG requires virtualenv, please install it.
[2023-06-21T01:38:16.182+0100] {processor.py:838} WARNING - No viable dags retrieved from /home/opeyemi/.local/lib/python3.10/site-packages/airflow/example_dags/tutorial_taskflow_api_virtualenv.py
[2023-06-21T01:38:16.221+0100] {processor.py:179} INFO - Processing /home/opeyemi/.local/lib/python3.10/site-packages/airflow/example_dags/tutorial_taskflow_api_virtualenv.py took 0.217 seconds
[2023-06-21T01:39:11.511+0100] {processor.py:157} INFO - Started process (PID=23296) to work on /home/opeyemi/.local/lib/python3.10/site-packages/airflow/example_dags/tutorial_taskflow_api_virtualenv.py
[2023-06-21T01:39:11.515+0100] {processor.py:826} INFO - Processing file /home/opeyemi/.local/lib/python3.10/site-packages/airflow/example_dags/tutorial_taskflow_api_virtualenv.py for tasks to queue
[2023-06-21T01:39:11.517+0100] {logging_mixin.py:149} INFO - [2023-06-21T01:39:11.517+0100] {dagbag.py:541} INFO - Filling up the DagBag from /home/opeyemi/.local/lib/python3.10/site-packages/airflow/example_dags/tutorial_taskflow_api_virtualenv.py
[2023-06-21T01:39:11.637+0100] {logging_mixin.py:149} INFO - [2023-06-21T01:39:11.636+0100] {tutorial_taskflow_api_virtualenv.py:29} WARNING - The tutorial_taskflow_api_virtualenv example DAG requires virtualenv, please install it.
[2023-06-21T01:39:11.638+0100] {processor.py:838} WARNING - No viable dags retrieved from /home/opeyemi/.local/lib/python3.10/site-packages/airflow/example_dags/tutorial_taskflow_api_virtualenv.py
[2023-06-21T01:39:11.671+0100] {processor.py:179} INFO - Processing /home/opeyemi/.local/lib/python3.10/site-packages/airflow/example_dags/tutorial_taskflow_api_virtualenv.py took 0.170 seconds
[2023-06-21T01:40:03.685+0100] {processor.py:157} INFO - Started process (PID=23352) to work on /home/opeyemi/.local/lib/python3.10/site-packages/airflow/example_dags/tutorial_taskflow_api_virtualenv.py
[2023-06-21T01:40:03.696+0100] {processor.py:826} INFO - Processing file /home/opeyemi/.local/lib/python3.10/site-packages/airflow/example_dags/tutorial_taskflow_api_virtualenv.py for tasks to queue
[2023-06-21T01:40:03.699+0100] {logging_mixin.py:149} INFO - [2023-06-21T01:40:03.698+0100] {dagbag.py:541} INFO - Filling up the DagBag from /home/opeyemi/.local/lib/python3.10/site-packages/airflow/example_dags/tutorial_taskflow_api_virtualenv.py
[2023-06-21T01:40:03.889+0100] {logging_mixin.py:149} INFO - [2023-06-21T01:40:03.888+0100] {tutorial_taskflow_api_virtualenv.py:29} WARNING - The tutorial_taskflow_api_virtualenv example DAG requires virtualenv, please install it.
[2023-06-21T01:40:03.889+0100] {processor.py:838} WARNING - No viable dags retrieved from /home/opeyemi/.local/lib/python3.10/site-packages/airflow/example_dags/tutorial_taskflow_api_virtualenv.py
[2023-06-21T01:40:03.915+0100] {processor.py:179} INFO - Processing /home/opeyemi/.local/lib/python3.10/site-packages/airflow/example_dags/tutorial_taskflow_api_virtualenv.py took 0.245 seconds
[2023-06-21T01:40:55.467+0100] {processor.py:157} INFO - Started process (PID=23402) to work on /home/opeyemi/.local/lib/python3.10/site-packages/airflow/example_dags/tutorial_taskflow_api_virtualenv.py
[2023-06-21T01:40:55.485+0100] {processor.py:826} INFO - Processing file /home/opeyemi/.local/lib/python3.10/site-packages/airflow/example_dags/tutorial_taskflow_api_virtualenv.py for tasks to queue
[2023-06-21T01:40:55.488+0100] {logging_mixin.py:149} INFO - [2023-06-21T01:40:55.487+0100] {dagbag.py:541} INFO - Filling up the DagBag from /home/opeyemi/.local/lib/python3.10/site-packages/airflow/example_dags/tutorial_taskflow_api_virtualenv.py
[2023-06-21T01:40:55.622+0100] {logging_mixin.py:149} INFO - [2023-06-21T01:40:55.622+0100] {tutorial_taskflow_api_virtualenv.py:29} WARNING - The tutorial_taskflow_api_virtualenv example DAG requires virtualenv, please install it.
[2023-06-21T01:40:55.623+0100] {processor.py:838} WARNING - No viable dags retrieved from /home/opeyemi/.local/lib/python3.10/site-packages/airflow/example_dags/tutorial_taskflow_api_virtualenv.py
[2023-06-21T01:40:55.635+0100] {processor.py:179} INFO - Processing /home/opeyemi/.local/lib/python3.10/site-packages/airflow/example_dags/tutorial_taskflow_api_virtualenv.py took 0.185 seconds
