[2023-06-21T01:00:08.011+0100] {processor.py:157} INFO - Started process (PID=20521) to work on /home/opeyemi/.local/lib/python3.10/site-packages/airflow/example_dags/tutorial_taskflow_api.py
[2023-06-21T01:00:08.013+0100] {processor.py:826} INFO - Processing file /home/opeyemi/.local/lib/python3.10/site-packages/airflow/example_dags/tutorial_taskflow_api.py for tasks to queue
[2023-06-21T01:00:08.015+0100] {logging_mixin.py:149} INFO - [2023-06-21T01:00:08.015+0100] {dagbag.py:541} INFO - Filling up the DagBag from /home/opeyemi/.local/lib/python3.10/site-packages/airflow/example_dags/tutorial_taskflow_api.py
[2023-06-21T01:00:08.037+0100] {processor.py:836} INFO - DAG(s) dict_keys(['tutorial_taskflow_api']) retrieved from /home/opeyemi/.local/lib/python3.10/site-packages/airflow/example_dags/tutorial_taskflow_api.py
[2023-06-21T01:00:08.067+0100] {logging_mixin.py:149} INFO - [2023-06-21T01:00:08.067+0100] {dag.py:2726} INFO - Sync 1 DAGs
[2023-06-21T01:00:08.105+0100] {logging_mixin.py:149} INFO - [2023-06-21T01:00:08.105+0100] {dag.py:3486} INFO - Setting next_dagrun for tutorial_taskflow_api to None, run_after=None
[2023-06-21T01:00:08.208+0100] {processor.py:179} INFO - Processing /home/opeyemi/.local/lib/python3.10/site-packages/airflow/example_dags/tutorial_taskflow_api.py took 0.240 seconds
[2023-06-21T01:02:16.580+0100] {processor.py:157} INFO - Started process (PID=20599) to work on /home/opeyemi/.local/lib/python3.10/site-packages/airflow/example_dags/tutorial_taskflow_api.py
[2023-06-21T01:02:16.610+0100] {processor.py:826} INFO - Processing file /home/opeyemi/.local/lib/python3.10/site-packages/airflow/example_dags/tutorial_taskflow_api.py for tasks to queue
[2023-06-21T01:02:16.614+0100] {logging_mixin.py:149} INFO - [2023-06-21T01:02:16.613+0100] {dagbag.py:541} INFO - Filling up the DagBag from /home/opeyemi/.local/lib/python3.10/site-packages/airflow/example_dags/tutorial_taskflow_api.py
[2023-06-21T01:02:16.670+0100] {processor.py:836} INFO - DAG(s) dict_keys(['tutorial_taskflow_api']) retrieved from /home/opeyemi/.local/lib/python3.10/site-packages/airflow/example_dags/tutorial_taskflow_api.py
[2023-06-21T01:02:19.421+0100] {logging_mixin.py:149} INFO - [2023-06-21T01:02:19.420+0100] {dag.py:2726} INFO - Sync 1 DAGs
[2023-06-21T01:02:20.699+0100] {logging_mixin.py:149} INFO - [2023-06-21T01:02:20.690+0100] {dag.py:3486} INFO - Setting next_dagrun for tutorial_taskflow_api to None, run_after=None
[2023-06-21T01:02:23.021+0100] {processor.py:179} INFO - Processing /home/opeyemi/.local/lib/python3.10/site-packages/airflow/example_dags/tutorial_taskflow_api.py took 6.477 seconds
[2023-06-21T01:05:08.026+0100] {processor.py:157} INFO - Started process (PID=20677) to work on /home/opeyemi/.local/lib/python3.10/site-packages/airflow/example_dags/tutorial_taskflow_api.py
[2023-06-21T01:05:08.029+0100] {processor.py:826} INFO - Processing file /home/opeyemi/.local/lib/python3.10/site-packages/airflow/example_dags/tutorial_taskflow_api.py for tasks to queue
[2023-06-21T01:05:08.037+0100] {logging_mixin.py:149} INFO - [2023-06-21T01:05:08.037+0100] {dagbag.py:541} INFO - Filling up the DagBag from /home/opeyemi/.local/lib/python3.10/site-packages/airflow/example_dags/tutorial_taskflow_api.py
[2023-06-21T01:05:08.056+0100] {processor.py:836} INFO - DAG(s) dict_keys(['tutorial_taskflow_api']) retrieved from /home/opeyemi/.local/lib/python3.10/site-packages/airflow/example_dags/tutorial_taskflow_api.py
[2023-06-21T01:05:08.138+0100] {logging_mixin.py:149} INFO - [2023-06-21T01:05:08.138+0100] {dag.py:2726} INFO - Sync 1 DAGs
[2023-06-21T01:05:08.250+0100] {logging_mixin.py:149} INFO - [2023-06-21T01:05:08.250+0100] {dag.py:3486} INFO - Setting next_dagrun for tutorial_taskflow_api to None, run_after=None
[2023-06-21T01:05:08.379+0100] {processor.py:179} INFO - Processing /home/opeyemi/.local/lib/python3.10/site-packages/airflow/example_dags/tutorial_taskflow_api.py took 0.358 seconds
[2023-06-21T01:07:25.404+0100] {processor.py:157} INFO - Started process (PID=20745) to work on /home/opeyemi/.local/lib/python3.10/site-packages/airflow/example_dags/tutorial_taskflow_api.py
[2023-06-21T01:07:25.444+0100] {processor.py:826} INFO - Processing file /home/opeyemi/.local/lib/python3.10/site-packages/airflow/example_dags/tutorial_taskflow_api.py for tasks to queue
[2023-06-21T01:07:25.445+0100] {logging_mixin.py:149} INFO - [2023-06-21T01:07:25.445+0100] {dagbag.py:541} INFO - Filling up the DagBag from /home/opeyemi/.local/lib/python3.10/site-packages/airflow/example_dags/tutorial_taskflow_api.py
[2023-06-21T01:07:25.454+0100] {processor.py:836} INFO - DAG(s) dict_keys(['tutorial_taskflow_api']) retrieved from /home/opeyemi/.local/lib/python3.10/site-packages/airflow/example_dags/tutorial_taskflow_api.py
[2023-06-21T01:07:25.486+0100] {logging_mixin.py:149} INFO - [2023-06-21T01:07:25.485+0100] {dag.py:2726} INFO - Sync 1 DAGs
[2023-06-21T01:07:25.509+0100] {logging_mixin.py:149} INFO - [2023-06-21T01:07:25.509+0100] {dag.py:3486} INFO - Setting next_dagrun for tutorial_taskflow_api to None, run_after=None
[2023-06-21T01:07:25.607+0100] {processor.py:179} INFO - Processing /home/opeyemi/.local/lib/python3.10/site-packages/airflow/example_dags/tutorial_taskflow_api.py took 0.208 seconds
[2023-06-21T01:08:57.039+0100] {processor.py:157} INFO - Started process (PID=20824) to work on /home/opeyemi/.local/lib/python3.10/site-packages/airflow/example_dags/tutorial_taskflow_api.py
[2023-06-21T01:08:57.057+0100] {processor.py:826} INFO - Processing file /home/opeyemi/.local/lib/python3.10/site-packages/airflow/example_dags/tutorial_taskflow_api.py for tasks to queue
[2023-06-21T01:08:57.058+0100] {logging_mixin.py:149} INFO - [2023-06-21T01:08:57.058+0100] {dagbag.py:541} INFO - Filling up the DagBag from /home/opeyemi/.local/lib/python3.10/site-packages/airflow/example_dags/tutorial_taskflow_api.py
[2023-06-21T01:08:57.083+0100] {processor.py:836} INFO - DAG(s) dict_keys(['tutorial_taskflow_api']) retrieved from /home/opeyemi/.local/lib/python3.10/site-packages/airflow/example_dags/tutorial_taskflow_api.py
[2023-06-21T01:08:57.152+0100] {logging_mixin.py:149} INFO - [2023-06-21T01:08:57.152+0100] {dag.py:2726} INFO - Sync 1 DAGs
[2023-06-21T01:08:57.223+0100] {logging_mixin.py:149} INFO - [2023-06-21T01:08:57.223+0100] {dag.py:3486} INFO - Setting next_dagrun for tutorial_taskflow_api to None, run_after=None
[2023-06-21T01:08:59.633+0100] {processor.py:179} INFO - Processing /home/opeyemi/.local/lib/python3.10/site-packages/airflow/example_dags/tutorial_taskflow_api.py took 2.603 seconds
[2023-06-21T01:10:11.186+0100] {processor.py:157} INFO - Started process (PID=20861) to work on /home/opeyemi/.local/lib/python3.10/site-packages/airflow/example_dags/tutorial_taskflow_api.py
[2023-06-21T01:10:11.281+0100] {processor.py:826} INFO - Processing file /home/opeyemi/.local/lib/python3.10/site-packages/airflow/example_dags/tutorial_taskflow_api.py for tasks to queue
[2023-06-21T01:10:11.284+0100] {logging_mixin.py:149} INFO - [2023-06-21T01:10:11.283+0100] {dagbag.py:541} INFO - Filling up the DagBag from /home/opeyemi/.local/lib/python3.10/site-packages/airflow/example_dags/tutorial_taskflow_api.py
[2023-06-21T01:10:11.354+0100] {processor.py:836} INFO - DAG(s) dict_keys(['tutorial_taskflow_api']) retrieved from /home/opeyemi/.local/lib/python3.10/site-packages/airflow/example_dags/tutorial_taskflow_api.py
[2023-06-21T01:10:11.471+0100] {logging_mixin.py:149} INFO - [2023-06-21T01:10:11.471+0100] {dag.py:2726} INFO - Sync 1 DAGs
[2023-06-21T01:10:11.497+0100] {logging_mixin.py:149} INFO - [2023-06-21T01:10:11.496+0100] {dag.py:3486} INFO - Setting next_dagrun for tutorial_taskflow_api to None, run_after=None
[2023-06-21T01:10:11.569+0100] {processor.py:179} INFO - Processing /home/opeyemi/.local/lib/python3.10/site-packages/airflow/example_dags/tutorial_taskflow_api.py took 0.396 seconds
[2023-06-21T01:12:09.501+0100] {processor.py:157} INFO - Started process (PID=20936) to work on /home/opeyemi/.local/lib/python3.10/site-packages/airflow/example_dags/tutorial_taskflow_api.py
[2023-06-21T01:12:09.508+0100] {processor.py:826} INFO - Processing file /home/opeyemi/.local/lib/python3.10/site-packages/airflow/example_dags/tutorial_taskflow_api.py for tasks to queue
[2023-06-21T01:12:09.511+0100] {logging_mixin.py:149} INFO - [2023-06-21T01:12:09.510+0100] {dagbag.py:541} INFO - Filling up the DagBag from /home/opeyemi/.local/lib/python3.10/site-packages/airflow/example_dags/tutorial_taskflow_api.py
[2023-06-21T01:12:09.537+0100] {processor.py:836} INFO - DAG(s) dict_keys(['tutorial_taskflow_api']) retrieved from /home/opeyemi/.local/lib/python3.10/site-packages/airflow/example_dags/tutorial_taskflow_api.py
[2023-06-21T01:12:09.606+0100] {logging_mixin.py:149} INFO - [2023-06-21T01:12:09.605+0100] {dag.py:2726} INFO - Sync 1 DAGs
[2023-06-21T01:12:09.663+0100] {logging_mixin.py:149} INFO - [2023-06-21T01:12:09.663+0100] {dag.py:3486} INFO - Setting next_dagrun for tutorial_taskflow_api to None, run_after=None
[2023-06-21T01:12:35.315+0100] {processor.py:179} INFO - Processing /home/opeyemi/.local/lib/python3.10/site-packages/airflow/example_dags/tutorial_taskflow_api.py took 25.829 seconds
[2023-06-21T01:14:35.956+0100] {processor.py:157} INFO - Started process (PID=21016) to work on /home/opeyemi/.local/lib/python3.10/site-packages/airflow/example_dags/tutorial_taskflow_api.py
[2023-06-21T01:14:35.998+0100] {processor.py:826} INFO - Processing file /home/opeyemi/.local/lib/python3.10/site-packages/airflow/example_dags/tutorial_taskflow_api.py for tasks to queue
[2023-06-21T01:14:35.999+0100] {logging_mixin.py:149} INFO - [2023-06-21T01:14:35.999+0100] {dagbag.py:541} INFO - Filling up the DagBag from /home/opeyemi/.local/lib/python3.10/site-packages/airflow/example_dags/tutorial_taskflow_api.py
[2023-06-21T01:14:36.020+0100] {processor.py:836} INFO - DAG(s) dict_keys(['tutorial_taskflow_api']) retrieved from /home/opeyemi/.local/lib/python3.10/site-packages/airflow/example_dags/tutorial_taskflow_api.py
[2023-06-21T01:14:36.067+0100] {logging_mixin.py:149} INFO - [2023-06-21T01:14:36.066+0100] {dag.py:2726} INFO - Sync 1 DAGs
[2023-06-21T01:14:36.095+0100] {logging_mixin.py:149} INFO - [2023-06-21T01:14:36.094+0100] {dag.py:3486} INFO - Setting next_dagrun for tutorial_taskflow_api to None, run_after=None
[2023-06-21T01:14:36.186+0100] {processor.py:179} INFO - Processing /home/opeyemi/.local/lib/python3.10/site-packages/airflow/example_dags/tutorial_taskflow_api.py took 0.244 seconds
[2023-06-21T01:16:25.284+0100] {processor.py:157} INFO - Started process (PID=21056) to work on /home/opeyemi/.local/lib/python3.10/site-packages/airflow/example_dags/tutorial_taskflow_api.py
[2023-06-21T01:16:25.288+0100] {processor.py:826} INFO - Processing file /home/opeyemi/.local/lib/python3.10/site-packages/airflow/example_dags/tutorial_taskflow_api.py for tasks to queue
[2023-06-21T01:16:25.290+0100] {logging_mixin.py:149} INFO - [2023-06-21T01:16:25.290+0100] {dagbag.py:541} INFO - Filling up the DagBag from /home/opeyemi/.local/lib/python3.10/site-packages/airflow/example_dags/tutorial_taskflow_api.py
[2023-06-21T01:16:25.316+0100] {processor.py:836} INFO - DAG(s) dict_keys(['tutorial_taskflow_api']) retrieved from /home/opeyemi/.local/lib/python3.10/site-packages/airflow/example_dags/tutorial_taskflow_api.py
[2023-06-21T01:16:25.402+0100] {logging_mixin.py:149} INFO - [2023-06-21T01:16:25.401+0100] {dag.py:2726} INFO - Sync 1 DAGs
[2023-06-21T01:16:25.492+0100] {logging_mixin.py:149} INFO - [2023-06-21T01:16:25.491+0100] {dag.py:3486} INFO - Setting next_dagrun for tutorial_taskflow_api to None, run_after=None
[2023-06-21T01:16:25.607+0100] {processor.py:179} INFO - Processing /home/opeyemi/.local/lib/python3.10/site-packages/airflow/example_dags/tutorial_taskflow_api.py took 0.335 seconds
[2023-06-21T01:17:40.418+0100] {processor.py:157} INFO - Started process (PID=21115) to work on /home/opeyemi/.local/lib/python3.10/site-packages/airflow/example_dags/tutorial_taskflow_api.py
[2023-06-21T01:17:40.535+0100] {processor.py:826} INFO - Processing file /home/opeyemi/.local/lib/python3.10/site-packages/airflow/example_dags/tutorial_taskflow_api.py for tasks to queue
[2023-06-21T01:17:40.539+0100] {logging_mixin.py:149} INFO - [2023-06-21T01:17:40.538+0100] {dagbag.py:541} INFO - Filling up the DagBag from /home/opeyemi/.local/lib/python3.10/site-packages/airflow/example_dags/tutorial_taskflow_api.py
[2023-06-21T01:17:40.559+0100] {processor.py:836} INFO - DAG(s) dict_keys(['tutorial_taskflow_api']) retrieved from /home/opeyemi/.local/lib/python3.10/site-packages/airflow/example_dags/tutorial_taskflow_api.py
[2023-06-21T01:17:40.622+0100] {logging_mixin.py:149} INFO - [2023-06-21T01:17:40.621+0100] {dag.py:2726} INFO - Sync 1 DAGs
[2023-06-21T01:17:40.668+0100] {logging_mixin.py:149} INFO - [2023-06-21T01:17:40.668+0100] {dag.py:3486} INFO - Setting next_dagrun for tutorial_taskflow_api to None, run_after=None
[2023-06-21T01:17:40.709+0100] {processor.py:179} INFO - Processing /home/opeyemi/.local/lib/python3.10/site-packages/airflow/example_dags/tutorial_taskflow_api.py took 0.302 seconds
[2023-06-21T01:18:56.399+0100] {processor.py:157} INFO - Started process (PID=21174) to work on /home/opeyemi/.local/lib/python3.10/site-packages/airflow/example_dags/tutorial_taskflow_api.py
[2023-06-21T01:18:56.418+0100] {processor.py:826} INFO - Processing file /home/opeyemi/.local/lib/python3.10/site-packages/airflow/example_dags/tutorial_taskflow_api.py for tasks to queue
[2023-06-21T01:18:56.419+0100] {logging_mixin.py:149} INFO - [2023-06-21T01:18:56.419+0100] {dagbag.py:541} INFO - Filling up the DagBag from /home/opeyemi/.local/lib/python3.10/site-packages/airflow/example_dags/tutorial_taskflow_api.py
[2023-06-21T01:18:56.430+0100] {processor.py:836} INFO - DAG(s) dict_keys(['tutorial_taskflow_api']) retrieved from /home/opeyemi/.local/lib/python3.10/site-packages/airflow/example_dags/tutorial_taskflow_api.py
[2023-06-21T01:18:56.463+0100] {logging_mixin.py:149} INFO - [2023-06-21T01:18:56.462+0100] {dag.py:2726} INFO - Sync 1 DAGs
[2023-06-21T01:18:56.506+0100] {logging_mixin.py:149} INFO - [2023-06-21T01:18:56.505+0100] {dag.py:3486} INFO - Setting next_dagrun for tutorial_taskflow_api to None, run_after=None
[2023-06-21T01:18:56.605+0100] {processor.py:179} INFO - Processing /home/opeyemi/.local/lib/python3.10/site-packages/airflow/example_dags/tutorial_taskflow_api.py took 0.213 seconds
[2023-06-21T01:20:13.412+0100] {processor.py:157} INFO - Started process (PID=21232) to work on /home/opeyemi/.local/lib/python3.10/site-packages/airflow/example_dags/tutorial_taskflow_api.py
[2023-06-21T01:20:13.538+0100] {processor.py:826} INFO - Processing file /home/opeyemi/.local/lib/python3.10/site-packages/airflow/example_dags/tutorial_taskflow_api.py for tasks to queue
[2023-06-21T01:20:13.539+0100] {logging_mixin.py:149} INFO - [2023-06-21T01:20:13.538+0100] {dagbag.py:541} INFO - Filling up the DagBag from /home/opeyemi/.local/lib/python3.10/site-packages/airflow/example_dags/tutorial_taskflow_api.py
[2023-06-21T01:20:13.547+0100] {processor.py:836} INFO - DAG(s) dict_keys(['tutorial_taskflow_api']) retrieved from /home/opeyemi/.local/lib/python3.10/site-packages/airflow/example_dags/tutorial_taskflow_api.py
[2023-06-21T01:20:13.574+0100] {logging_mixin.py:149} INFO - [2023-06-21T01:20:13.574+0100] {dag.py:2726} INFO - Sync 1 DAGs
[2023-06-21T01:20:13.604+0100] {logging_mixin.py:149} INFO - [2023-06-21T01:20:13.604+0100] {dag.py:3486} INFO - Setting next_dagrun for tutorial_taskflow_api to None, run_after=None
[2023-06-21T01:20:13.896+0100] {processor.py:179} INFO - Processing /home/opeyemi/.local/lib/python3.10/site-packages/airflow/example_dags/tutorial_taskflow_api.py took 0.516 seconds
[2023-06-21T01:21:56.057+0100] {processor.py:157} INFO - Started process (PID=21275) to work on /home/opeyemi/.local/lib/python3.10/site-packages/airflow/example_dags/tutorial_taskflow_api.py
[2023-06-21T01:21:56.088+0100] {processor.py:826} INFO - Processing file /home/opeyemi/.local/lib/python3.10/site-packages/airflow/example_dags/tutorial_taskflow_api.py for tasks to queue
[2023-06-21T01:21:56.090+0100] {logging_mixin.py:149} INFO - [2023-06-21T01:21:56.090+0100] {dagbag.py:541} INFO - Filling up the DagBag from /home/opeyemi/.local/lib/python3.10/site-packages/airflow/example_dags/tutorial_taskflow_api.py
[2023-06-21T01:21:56.120+0100] {processor.py:836} INFO - DAG(s) dict_keys(['tutorial_taskflow_api']) retrieved from /home/opeyemi/.local/lib/python3.10/site-packages/airflow/example_dags/tutorial_taskflow_api.py
[2023-06-21T01:21:56.198+0100] {logging_mixin.py:149} INFO - [2023-06-21T01:21:56.198+0100] {dag.py:2726} INFO - Sync 1 DAGs
[2023-06-21T01:21:56.269+0100] {logging_mixin.py:149} INFO - [2023-06-21T01:21:56.269+0100] {dag.py:3486} INFO - Setting next_dagrun for tutorial_taskflow_api to None, run_after=None
[2023-06-21T01:21:56.551+0100] {processor.py:179} INFO - Processing /home/opeyemi/.local/lib/python3.10/site-packages/airflow/example_dags/tutorial_taskflow_api.py took 0.505 seconds
[2023-06-21T01:23:03.106+0100] {processor.py:157} INFO - Started process (PID=21320) to work on /home/opeyemi/.local/lib/python3.10/site-packages/airflow/example_dags/tutorial_taskflow_api.py
[2023-06-21T01:23:03.231+0100] {processor.py:826} INFO - Processing file /home/opeyemi/.local/lib/python3.10/site-packages/airflow/example_dags/tutorial_taskflow_api.py for tasks to queue
[2023-06-21T01:23:03.233+0100] {logging_mixin.py:149} INFO - [2023-06-21T01:23:03.232+0100] {dagbag.py:541} INFO - Filling up the DagBag from /home/opeyemi/.local/lib/python3.10/site-packages/airflow/example_dags/tutorial_taskflow_api.py
[2023-06-21T01:23:03.253+0100] {processor.py:836} INFO - DAG(s) dict_keys(['tutorial_taskflow_api']) retrieved from /home/opeyemi/.local/lib/python3.10/site-packages/airflow/example_dags/tutorial_taskflow_api.py
[2023-06-21T01:23:03.333+0100] {logging_mixin.py:149} INFO - [2023-06-21T01:23:03.333+0100] {dag.py:2726} INFO - Sync 1 DAGs
[2023-06-21T01:23:03.436+0100] {logging_mixin.py:149} INFO - [2023-06-21T01:23:03.436+0100] {dag.py:3486} INFO - Setting next_dagrun for tutorial_taskflow_api to None, run_after=None
[2023-06-21T01:23:04.536+0100] {processor.py:179} INFO - Processing /home/opeyemi/.local/lib/python3.10/site-packages/airflow/example_dags/tutorial_taskflow_api.py took 1.444 seconds
[2023-06-21T01:24:38.572+0100] {processor.py:157} INFO - Started process (PID=21468) to work on /home/opeyemi/.local/lib/python3.10/site-packages/airflow/example_dags/tutorial_taskflow_api.py
[2023-06-21T01:24:38.581+0100] {processor.py:826} INFO - Processing file /home/opeyemi/.local/lib/python3.10/site-packages/airflow/example_dags/tutorial_taskflow_api.py for tasks to queue
[2023-06-21T01:24:38.584+0100] {logging_mixin.py:149} INFO - [2023-06-21T01:24:38.583+0100] {dagbag.py:541} INFO - Filling up the DagBag from /home/opeyemi/.local/lib/python3.10/site-packages/airflow/example_dags/tutorial_taskflow_api.py
[2023-06-21T01:24:38.606+0100] {processor.py:836} INFO - DAG(s) dict_keys(['tutorial_taskflow_api']) retrieved from /home/opeyemi/.local/lib/python3.10/site-packages/airflow/example_dags/tutorial_taskflow_api.py
[2023-06-21T01:24:38.676+0100] {logging_mixin.py:149} INFO - [2023-06-21T01:24:38.676+0100] {dag.py:2726} INFO - Sync 1 DAGs
[2023-06-21T01:24:38.744+0100] {logging_mixin.py:149} INFO - [2023-06-21T01:24:38.744+0100] {dag.py:3486} INFO - Setting next_dagrun for tutorial_taskflow_api to None, run_after=None
[2023-06-21T01:24:38.838+0100] {processor.py:179} INFO - Processing /home/opeyemi/.local/lib/python3.10/site-packages/airflow/example_dags/tutorial_taskflow_api.py took 0.278 seconds
[2023-06-21T01:25:42.063+0100] {processor.py:157} INFO - Started process (PID=21652) to work on /home/opeyemi/.local/lib/python3.10/site-packages/airflow/example_dags/tutorial_taskflow_api.py
[2023-06-21T01:25:42.507+0100] {processor.py:826} INFO - Processing file /home/opeyemi/.local/lib/python3.10/site-packages/airflow/example_dags/tutorial_taskflow_api.py for tasks to queue
[2023-06-21T01:25:42.511+0100] {logging_mixin.py:149} INFO - [2023-06-21T01:25:42.510+0100] {dagbag.py:541} INFO - Filling up the DagBag from /home/opeyemi/.local/lib/python3.10/site-packages/airflow/example_dags/tutorial_taskflow_api.py
[2023-06-21T01:25:42.567+0100] {processor.py:836} INFO - DAG(s) dict_keys(['tutorial_taskflow_api']) retrieved from /home/opeyemi/.local/lib/python3.10/site-packages/airflow/example_dags/tutorial_taskflow_api.py
[2023-06-21T01:25:42.722+0100] {logging_mixin.py:149} INFO - [2023-06-21T01:25:42.722+0100] {dag.py:2726} INFO - Sync 1 DAGs
[2023-06-21T01:25:42.756+0100] {logging_mixin.py:149} INFO - [2023-06-21T01:25:42.756+0100] {dag.py:3486} INFO - Setting next_dagrun for tutorial_taskflow_api to None, run_after=None
[2023-06-21T01:25:42.810+0100] {processor.py:179} INFO - Processing /home/opeyemi/.local/lib/python3.10/site-packages/airflow/example_dags/tutorial_taskflow_api.py took 0.755 seconds
[2023-06-21T01:27:16.716+0100] {processor.py:157} INFO - Started process (PID=21715) to work on /home/opeyemi/.local/lib/python3.10/site-packages/airflow/example_dags/tutorial_taskflow_api.py
[2023-06-21T01:27:16.926+0100] {processor.py:826} INFO - Processing file /home/opeyemi/.local/lib/python3.10/site-packages/airflow/example_dags/tutorial_taskflow_api.py for tasks to queue
[2023-06-21T01:27:16.930+0100] {logging_mixin.py:149} INFO - [2023-06-21T01:27:16.930+0100] {dagbag.py:541} INFO - Filling up the DagBag from /home/opeyemi/.local/lib/python3.10/site-packages/airflow/example_dags/tutorial_taskflow_api.py
[2023-06-21T01:27:17.012+0100] {processor.py:836} INFO - DAG(s) dict_keys(['tutorial_taskflow_api']) retrieved from /home/opeyemi/.local/lib/python3.10/site-packages/airflow/example_dags/tutorial_taskflow_api.py
[2023-06-21T01:27:17.143+0100] {logging_mixin.py:149} INFO - [2023-06-21T01:27:17.143+0100] {dag.py:2726} INFO - Sync 1 DAGs
[2023-06-21T01:27:17.179+0100] {logging_mixin.py:149} INFO - [2023-06-21T01:27:17.179+0100] {dag.py:3486} INFO - Setting next_dagrun for tutorial_taskflow_api to None, run_after=None
[2023-06-21T01:27:17.225+0100] {processor.py:179} INFO - Processing /home/opeyemi/.local/lib/python3.10/site-packages/airflow/example_dags/tutorial_taskflow_api.py took 0.518 seconds
[2023-06-21T01:28:57.832+0100] {processor.py:157} INFO - Started process (PID=21829) to work on /home/opeyemi/.local/lib/python3.10/site-packages/airflow/example_dags/tutorial_taskflow_api.py
[2023-06-21T01:28:57.840+0100] {processor.py:826} INFO - Processing file /home/opeyemi/.local/lib/python3.10/site-packages/airflow/example_dags/tutorial_taskflow_api.py for tasks to queue
[2023-06-21T01:28:57.841+0100] {logging_mixin.py:149} INFO - [2023-06-21T01:28:57.841+0100] {dagbag.py:541} INFO - Filling up the DagBag from /home/opeyemi/.local/lib/python3.10/site-packages/airflow/example_dags/tutorial_taskflow_api.py
[2023-06-21T01:28:57.856+0100] {processor.py:836} INFO - DAG(s) dict_keys(['tutorial_taskflow_api']) retrieved from /home/opeyemi/.local/lib/python3.10/site-packages/airflow/example_dags/tutorial_taskflow_api.py
[2023-06-21T01:28:57.911+0100] {logging_mixin.py:149} INFO - [2023-06-21T01:28:57.910+0100] {dag.py:2726} INFO - Sync 1 DAGs
[2023-06-21T01:28:57.957+0100] {logging_mixin.py:149} INFO - [2023-06-21T01:28:57.956+0100] {dag.py:3486} INFO - Setting next_dagrun for tutorial_taskflow_api to None, run_after=None
[2023-06-21T01:28:58.025+0100] {processor.py:179} INFO - Processing /home/opeyemi/.local/lib/python3.10/site-packages/airflow/example_dags/tutorial_taskflow_api.py took 0.202 seconds
[2023-06-21T01:29:55.593+0100] {processor.py:157} INFO - Started process (PID=21880) to work on /home/opeyemi/.local/lib/python3.10/site-packages/airflow/example_dags/tutorial_taskflow_api.py
[2023-06-21T01:29:55.598+0100] {processor.py:826} INFO - Processing file /home/opeyemi/.local/lib/python3.10/site-packages/airflow/example_dags/tutorial_taskflow_api.py for tasks to queue
[2023-06-21T01:29:55.600+0100] {logging_mixin.py:149} INFO - [2023-06-21T01:29:55.600+0100] {dagbag.py:541} INFO - Filling up the DagBag from /home/opeyemi/.local/lib/python3.10/site-packages/airflow/example_dags/tutorial_taskflow_api.py
[2023-06-21T01:29:55.615+0100] {processor.py:836} INFO - DAG(s) dict_keys(['tutorial_taskflow_api']) retrieved from /home/opeyemi/.local/lib/python3.10/site-packages/airflow/example_dags/tutorial_taskflow_api.py
[2023-06-21T01:29:55.666+0100] {logging_mixin.py:149} INFO - [2023-06-21T01:29:55.666+0100] {dag.py:2726} INFO - Sync 1 DAGs
[2023-06-21T01:29:55.713+0100] {logging_mixin.py:149} INFO - [2023-06-21T01:29:55.713+0100] {dag.py:3486} INFO - Setting next_dagrun for tutorial_taskflow_api to None, run_after=None
[2023-06-21T01:29:55.831+0100] {processor.py:179} INFO - Processing /home/opeyemi/.local/lib/python3.10/site-packages/airflow/example_dags/tutorial_taskflow_api.py took 0.246 seconds
[2023-06-21T01:30:51.106+0100] {processor.py:157} INFO - Started process (PID=21928) to work on /home/opeyemi/.local/lib/python3.10/site-packages/airflow/example_dags/tutorial_taskflow_api.py
[2023-06-21T01:30:51.112+0100] {processor.py:826} INFO - Processing file /home/opeyemi/.local/lib/python3.10/site-packages/airflow/example_dags/tutorial_taskflow_api.py for tasks to queue
[2023-06-21T01:30:51.115+0100] {logging_mixin.py:149} INFO - [2023-06-21T01:30:51.114+0100] {dagbag.py:541} INFO - Filling up the DagBag from /home/opeyemi/.local/lib/python3.10/site-packages/airflow/example_dags/tutorial_taskflow_api.py
[2023-06-21T01:30:51.134+0100] {processor.py:836} INFO - DAG(s) dict_keys(['tutorial_taskflow_api']) retrieved from /home/opeyemi/.local/lib/python3.10/site-packages/airflow/example_dags/tutorial_taskflow_api.py
[2023-06-21T01:30:51.215+0100] {logging_mixin.py:149} INFO - [2023-06-21T01:30:51.214+0100] {dag.py:2726} INFO - Sync 1 DAGs
[2023-06-21T01:30:51.286+0100] {logging_mixin.py:149} INFO - [2023-06-21T01:30:51.286+0100] {dag.py:3486} INFO - Setting next_dagrun for tutorial_taskflow_api to None, run_after=None
[2023-06-21T01:30:51.376+0100] {processor.py:179} INFO - Processing /home/opeyemi/.local/lib/python3.10/site-packages/airflow/example_dags/tutorial_taskflow_api.py took 0.280 seconds
[2023-06-21T01:31:54.712+0100] {processor.py:157} INFO - Started process (PID=21981) to work on /home/opeyemi/.local/lib/python3.10/site-packages/airflow/example_dags/tutorial_taskflow_api.py
[2023-06-21T01:31:54.715+0100] {processor.py:826} INFO - Processing file /home/opeyemi/.local/lib/python3.10/site-packages/airflow/example_dags/tutorial_taskflow_api.py for tasks to queue
[2023-06-21T01:31:54.716+0100] {logging_mixin.py:149} INFO - [2023-06-21T01:31:54.716+0100] {dagbag.py:541} INFO - Filling up the DagBag from /home/opeyemi/.local/lib/python3.10/site-packages/airflow/example_dags/tutorial_taskflow_api.py
[2023-06-21T01:31:54.731+0100] {processor.py:836} INFO - DAG(s) dict_keys(['tutorial_taskflow_api']) retrieved from /home/opeyemi/.local/lib/python3.10/site-packages/airflow/example_dags/tutorial_taskflow_api.py
[2023-06-21T01:31:54.786+0100] {logging_mixin.py:149} INFO - [2023-06-21T01:31:54.786+0100] {dag.py:2726} INFO - Sync 1 DAGs
[2023-06-21T01:31:54.836+0100] {logging_mixin.py:149} INFO - [2023-06-21T01:31:54.835+0100] {dag.py:3486} INFO - Setting next_dagrun for tutorial_taskflow_api to None, run_after=None
[2023-06-21T01:31:54.902+0100] {processor.py:179} INFO - Processing /home/opeyemi/.local/lib/python3.10/site-packages/airflow/example_dags/tutorial_taskflow_api.py took 0.198 seconds
[2023-06-21T01:32:51.913+0100] {processor.py:157} INFO - Started process (PID=22040) to work on /home/opeyemi/.local/lib/python3.10/site-packages/airflow/example_dags/tutorial_taskflow_api.py
[2023-06-21T01:32:51.918+0100] {processor.py:826} INFO - Processing file /home/opeyemi/.local/lib/python3.10/site-packages/airflow/example_dags/tutorial_taskflow_api.py for tasks to queue
[2023-06-21T01:32:51.920+0100] {logging_mixin.py:149} INFO - [2023-06-21T01:32:51.920+0100] {dagbag.py:541} INFO - Filling up the DagBag from /home/opeyemi/.local/lib/python3.10/site-packages/airflow/example_dags/tutorial_taskflow_api.py
[2023-06-21T01:32:51.939+0100] {processor.py:836} INFO - DAG(s) dict_keys(['tutorial_taskflow_api']) retrieved from /home/opeyemi/.local/lib/python3.10/site-packages/airflow/example_dags/tutorial_taskflow_api.py
[2023-06-21T01:32:52.038+0100] {logging_mixin.py:149} INFO - [2023-06-21T01:32:52.037+0100] {dag.py:2726} INFO - Sync 1 DAGs
[2023-06-21T01:32:52.171+0100] {logging_mixin.py:149} INFO - [2023-06-21T01:32:52.171+0100] {dag.py:3486} INFO - Setting next_dagrun for tutorial_taskflow_api to None, run_after=None
[2023-06-21T01:32:52.230+0100] {processor.py:179} INFO - Processing /home/opeyemi/.local/lib/python3.10/site-packages/airflow/example_dags/tutorial_taskflow_api.py took 0.327 seconds
[2023-06-21T01:33:48.118+0100] {processor.py:157} INFO - Started process (PID=22182) to work on /home/opeyemi/.local/lib/python3.10/site-packages/airflow/example_dags/tutorial_taskflow_api.py
[2023-06-21T01:33:48.128+0100] {processor.py:826} INFO - Processing file /home/opeyemi/.local/lib/python3.10/site-packages/airflow/example_dags/tutorial_taskflow_api.py for tasks to queue
[2023-06-21T01:33:48.130+0100] {logging_mixin.py:149} INFO - [2023-06-21T01:33:48.130+0100] {dagbag.py:541} INFO - Filling up the DagBag from /home/opeyemi/.local/lib/python3.10/site-packages/airflow/example_dags/tutorial_taskflow_api.py
[2023-06-21T01:33:48.151+0100] {processor.py:836} INFO - DAG(s) dict_keys(['tutorial_taskflow_api']) retrieved from /home/opeyemi/.local/lib/python3.10/site-packages/airflow/example_dags/tutorial_taskflow_api.py
[2023-06-21T01:33:48.212+0100] {logging_mixin.py:149} INFO - [2023-06-21T01:33:48.212+0100] {dag.py:2726} INFO - Sync 1 DAGs
[2023-06-21T01:33:48.274+0100] {logging_mixin.py:149} INFO - [2023-06-21T01:33:48.274+0100] {dag.py:3486} INFO - Setting next_dagrun for tutorial_taskflow_api to None, run_after=None
[2023-06-21T01:33:48.322+0100] {processor.py:179} INFO - Processing /home/opeyemi/.local/lib/python3.10/site-packages/airflow/example_dags/tutorial_taskflow_api.py took 0.214 seconds
[2023-06-21T01:34:41.192+0100] {processor.py:157} INFO - Started process (PID=22367) to work on /home/opeyemi/.local/lib/python3.10/site-packages/airflow/example_dags/tutorial_taskflow_api.py
[2023-06-21T01:34:41.196+0100] {processor.py:826} INFO - Processing file /home/opeyemi/.local/lib/python3.10/site-packages/airflow/example_dags/tutorial_taskflow_api.py for tasks to queue
[2023-06-21T01:34:41.198+0100] {logging_mixin.py:149} INFO - [2023-06-21T01:34:41.197+0100] {dagbag.py:541} INFO - Filling up the DagBag from /home/opeyemi/.local/lib/python3.10/site-packages/airflow/example_dags/tutorial_taskflow_api.py
[2023-06-21T01:34:41.223+0100] {processor.py:836} INFO - DAG(s) dict_keys(['tutorial_taskflow_api']) retrieved from /home/opeyemi/.local/lib/python3.10/site-packages/airflow/example_dags/tutorial_taskflow_api.py
[2023-06-21T01:34:41.291+0100] {logging_mixin.py:149} INFO - [2023-06-21T01:34:41.291+0100] {dag.py:2726} INFO - Sync 1 DAGs
[2023-06-21T01:34:41.338+0100] {logging_mixin.py:149} INFO - [2023-06-21T01:34:41.337+0100] {dag.py:3486} INFO - Setting next_dagrun for tutorial_taskflow_api to None, run_after=None
[2023-06-21T01:34:41.398+0100] {processor.py:179} INFO - Processing /home/opeyemi/.local/lib/python3.10/site-packages/airflow/example_dags/tutorial_taskflow_api.py took 0.217 seconds
[2023-06-21T01:35:35.472+0100] {processor.py:157} INFO - Started process (PID=22509) to work on /home/opeyemi/.local/lib/python3.10/site-packages/airflow/example_dags/tutorial_taskflow_api.py
[2023-06-21T01:35:35.476+0100] {processor.py:826} INFO - Processing file /home/opeyemi/.local/lib/python3.10/site-packages/airflow/example_dags/tutorial_taskflow_api.py for tasks to queue
[2023-06-21T01:35:35.478+0100] {logging_mixin.py:149} INFO - [2023-06-21T01:35:35.477+0100] {dagbag.py:541} INFO - Filling up the DagBag from /home/opeyemi/.local/lib/python3.10/site-packages/airflow/example_dags/tutorial_taskflow_api.py
[2023-06-21T01:35:35.496+0100] {processor.py:836} INFO - DAG(s) dict_keys(['tutorial_taskflow_api']) retrieved from /home/opeyemi/.local/lib/python3.10/site-packages/airflow/example_dags/tutorial_taskflow_api.py
[2023-06-21T01:35:35.565+0100] {logging_mixin.py:149} INFO - [2023-06-21T01:35:35.565+0100] {dag.py:2726} INFO - Sync 1 DAGs
[2023-06-21T01:35:35.643+0100] {logging_mixin.py:149} INFO - [2023-06-21T01:35:35.642+0100] {dag.py:3486} INFO - Setting next_dagrun for tutorial_taskflow_api to None, run_after=None
[2023-06-21T01:35:35.738+0100] {processor.py:179} INFO - Processing /home/opeyemi/.local/lib/python3.10/site-packages/airflow/example_dags/tutorial_taskflow_api.py took 0.275 seconds
[2023-06-21T01:36:31.604+0100] {processor.py:157} INFO - Started process (PID=22739) to work on /home/opeyemi/.local/lib/python3.10/site-packages/airflow/example_dags/tutorial_taskflow_api.py
[2023-06-21T01:36:31.608+0100] {processor.py:826} INFO - Processing file /home/opeyemi/.local/lib/python3.10/site-packages/airflow/example_dags/tutorial_taskflow_api.py for tasks to queue
[2023-06-21T01:36:31.610+0100] {logging_mixin.py:149} INFO - [2023-06-21T01:36:31.609+0100] {dagbag.py:541} INFO - Filling up the DagBag from /home/opeyemi/.local/lib/python3.10/site-packages/airflow/example_dags/tutorial_taskflow_api.py
[2023-06-21T01:36:31.629+0100] {processor.py:836} INFO - DAG(s) dict_keys(['tutorial_taskflow_api']) retrieved from /home/opeyemi/.local/lib/python3.10/site-packages/airflow/example_dags/tutorial_taskflow_api.py
[2023-06-21T01:36:31.689+0100] {logging_mixin.py:149} INFO - [2023-06-21T01:36:31.689+0100] {dag.py:2726} INFO - Sync 1 DAGs
[2023-06-21T01:36:31.722+0100] {logging_mixin.py:149} INFO - [2023-06-21T01:36:31.721+0100] {dag.py:3486} INFO - Setting next_dagrun for tutorial_taskflow_api to None, run_after=None
[2023-06-21T01:36:32.094+0100] {processor.py:179} INFO - Processing /home/opeyemi/.local/lib/python3.10/site-packages/airflow/example_dags/tutorial_taskflow_api.py took 0.500 seconds
[2023-06-21T01:37:27.850+0100] {processor.py:157} INFO - Started process (PID=23018) to work on /home/opeyemi/.local/lib/python3.10/site-packages/airflow/example_dags/tutorial_taskflow_api.py
[2023-06-21T01:37:27.853+0100] {processor.py:826} INFO - Processing file /home/opeyemi/.local/lib/python3.10/site-packages/airflow/example_dags/tutorial_taskflow_api.py for tasks to queue
[2023-06-21T01:37:27.855+0100] {logging_mixin.py:149} INFO - [2023-06-21T01:37:27.855+0100] {dagbag.py:541} INFO - Filling up the DagBag from /home/opeyemi/.local/lib/python3.10/site-packages/airflow/example_dags/tutorial_taskflow_api.py
[2023-06-21T01:37:27.881+0100] {processor.py:836} INFO - DAG(s) dict_keys(['tutorial_taskflow_api']) retrieved from /home/opeyemi/.local/lib/python3.10/site-packages/airflow/example_dags/tutorial_taskflow_api.py
[2023-06-21T01:37:27.942+0100] {logging_mixin.py:149} INFO - [2023-06-21T01:37:27.942+0100] {dag.py:2726} INFO - Sync 1 DAGs
[2023-06-21T01:37:28.008+0100] {logging_mixin.py:149} INFO - [2023-06-21T01:37:28.008+0100] {dag.py:3486} INFO - Setting next_dagrun for tutorial_taskflow_api to None, run_after=None
[2023-06-21T01:37:28.071+0100] {processor.py:179} INFO - Processing /home/opeyemi/.local/lib/python3.10/site-packages/airflow/example_dags/tutorial_taskflow_api.py took 0.228 seconds
[2023-06-21T01:38:25.314+0100] {processor.py:157} INFO - Started process (PID=23255) to work on /home/opeyemi/.local/lib/python3.10/site-packages/airflow/example_dags/tutorial_taskflow_api.py
[2023-06-21T01:38:25.317+0100] {processor.py:826} INFO - Processing file /home/opeyemi/.local/lib/python3.10/site-packages/airflow/example_dags/tutorial_taskflow_api.py for tasks to queue
[2023-06-21T01:38:25.319+0100] {logging_mixin.py:149} INFO - [2023-06-21T01:38:25.318+0100] {dagbag.py:541} INFO - Filling up the DagBag from /home/opeyemi/.local/lib/python3.10/site-packages/airflow/example_dags/tutorial_taskflow_api.py
[2023-06-21T01:38:25.334+0100] {processor.py:836} INFO - DAG(s) dict_keys(['tutorial_taskflow_api']) retrieved from /home/opeyemi/.local/lib/python3.10/site-packages/airflow/example_dags/tutorial_taskflow_api.py
[2023-06-21T01:38:25.384+0100] {logging_mixin.py:149} INFO - [2023-06-21T01:38:25.384+0100] {dag.py:2726} INFO - Sync 1 DAGs
[2023-06-21T01:38:25.432+0100] {logging_mixin.py:149} INFO - [2023-06-21T01:38:25.431+0100] {dag.py:3486} INFO - Setting next_dagrun for tutorial_taskflow_api to None, run_after=None
[2023-06-21T01:38:25.485+0100] {processor.py:179} INFO - Processing /home/opeyemi/.local/lib/python3.10/site-packages/airflow/example_dags/tutorial_taskflow_api.py took 0.179 seconds
[2023-06-21T01:39:20.614+0100] {processor.py:157} INFO - Started process (PID=23303) to work on /home/opeyemi/.local/lib/python3.10/site-packages/airflow/example_dags/tutorial_taskflow_api.py
[2023-06-21T01:39:20.616+0100] {processor.py:826} INFO - Processing file /home/opeyemi/.local/lib/python3.10/site-packages/airflow/example_dags/tutorial_taskflow_api.py for tasks to queue
[2023-06-21T01:39:20.617+0100] {logging_mixin.py:149} INFO - [2023-06-21T01:39:20.617+0100] {dagbag.py:541} INFO - Filling up the DagBag from /home/opeyemi/.local/lib/python3.10/site-packages/airflow/example_dags/tutorial_taskflow_api.py
[2023-06-21T01:39:20.629+0100] {processor.py:836} INFO - DAG(s) dict_keys(['tutorial_taskflow_api']) retrieved from /home/opeyemi/.local/lib/python3.10/site-packages/airflow/example_dags/tutorial_taskflow_api.py
[2023-06-21T01:39:20.664+0100] {logging_mixin.py:149} INFO - [2023-06-21T01:39:20.664+0100] {dag.py:2726} INFO - Sync 1 DAGs
[2023-06-21T01:39:20.701+0100] {logging_mixin.py:149} INFO - [2023-06-21T01:39:20.701+0100] {dag.py:3486} INFO - Setting next_dagrun for tutorial_taskflow_api to None, run_after=None
[2023-06-21T01:39:20.756+0100] {processor.py:179} INFO - Processing /home/opeyemi/.local/lib/python3.10/site-packages/airflow/example_dags/tutorial_taskflow_api.py took 0.150 seconds
[2023-06-21T01:40:13.191+0100] {processor.py:157} INFO - Started process (PID=23359) to work on /home/opeyemi/.local/lib/python3.10/site-packages/airflow/example_dags/tutorial_taskflow_api.py
[2023-06-21T01:40:13.194+0100] {processor.py:826} INFO - Processing file /home/opeyemi/.local/lib/python3.10/site-packages/airflow/example_dags/tutorial_taskflow_api.py for tasks to queue
[2023-06-21T01:40:13.196+0100] {logging_mixin.py:149} INFO - [2023-06-21T01:40:13.195+0100] {dagbag.py:541} INFO - Filling up the DagBag from /home/opeyemi/.local/lib/python3.10/site-packages/airflow/example_dags/tutorial_taskflow_api.py
[2023-06-21T01:40:13.211+0100] {processor.py:836} INFO - DAG(s) dict_keys(['tutorial_taskflow_api']) retrieved from /home/opeyemi/.local/lib/python3.10/site-packages/airflow/example_dags/tutorial_taskflow_api.py
[2023-06-21T01:40:13.270+0100] {logging_mixin.py:149} INFO - [2023-06-21T01:40:13.269+0100] {dag.py:2726} INFO - Sync 1 DAGs
[2023-06-21T01:40:13.312+0100] {logging_mixin.py:149} INFO - [2023-06-21T01:40:13.311+0100] {dag.py:3486} INFO - Setting next_dagrun for tutorial_taskflow_api to None, run_after=None
[2023-06-21T01:40:13.345+0100] {processor.py:179} INFO - Processing /home/opeyemi/.local/lib/python3.10/site-packages/airflow/example_dags/tutorial_taskflow_api.py took 0.163 seconds
[2023-06-21T01:41:05.126+0100] {processor.py:157} INFO - Started process (PID=23409) to work on /home/opeyemi/.local/lib/python3.10/site-packages/airflow/example_dags/tutorial_taskflow_api.py
[2023-06-21T01:41:05.132+0100] {processor.py:826} INFO - Processing file /home/opeyemi/.local/lib/python3.10/site-packages/airflow/example_dags/tutorial_taskflow_api.py for tasks to queue
[2023-06-21T01:41:05.136+0100] {logging_mixin.py:149} INFO - [2023-06-21T01:41:05.135+0100] {dagbag.py:541} INFO - Filling up the DagBag from /home/opeyemi/.local/lib/python3.10/site-packages/airflow/example_dags/tutorial_taskflow_api.py
[2023-06-21T01:41:05.159+0100] {processor.py:836} INFO - DAG(s) dict_keys(['tutorial_taskflow_api']) retrieved from /home/opeyemi/.local/lib/python3.10/site-packages/airflow/example_dags/tutorial_taskflow_api.py
[2023-06-21T01:41:05.332+0100] {logging_mixin.py:149} INFO - [2023-06-21T01:41:05.331+0100] {dag.py:2726} INFO - Sync 1 DAGs
[2023-06-21T01:41:05.433+0100] {logging_mixin.py:149} INFO - [2023-06-21T01:41:05.432+0100] {dag.py:3486} INFO - Setting next_dagrun for tutorial_taskflow_api to None, run_after=None
[2023-06-21T01:41:05.510+0100] {processor.py:179} INFO - Processing /home/opeyemi/.local/lib/python3.10/site-packages/airflow/example_dags/tutorial_taskflow_api.py took 0.400 seconds
